        <html><head></head><body>
        <h1>Report for clearsilver on toolchain
            <a href="index.html">vanilla</a>
        </h1>
        <p>Return code: 0</p>
        <p>Time to run: 00:03:20</p>
        <p>Log output:</p>
        <code><pre><docker run --rm -v /tuscan_data --volumes-from tuscan_data -v /sources --volumes-from sources -v /var/cache/pacman/pkg --volumes-from pkg_cache_vanilla -v logs:/logs make_package_container --sources-directory /sources --shared-directory /tuscan_data clearsilver
:: Synchronizing package databases...
downloading repo.db...
downloading core.db...
downloading extra.db...
downloading community.db...
Found 2030 packages in cache
Found permanent source directory in /sources/clearsilver
===> sudo -u tuscan  makepkg --noextract --syncdeps --skipinteg --skippgpcheck --skipchecksums --noconfirm --nocolor --log --noprogressbar --nocheck
==> Making package: clearsilver 0.10.5-18 (Sat Nov 14 05:51:09 UTC 2015)
==> Checking runtime dependencies...
==> Installing missing dependencies...
:: There are 2 providers available for java-runtime:
:: Repository extra
   1) jre7-openjdk  2) jre8-openjdk

Enter a number (default=1): 
resolving dependencies...
looking for conflicting packages...

Packages (32) avahi-0.6.32rc-1  hicolor-icon-theme-0.15-1  java-runtime-common-2-2  jre7-openjdk-headless-7.u91_2.6.2-1  kbproto-1.0.7-1  lcms2-2.7-1  libcups-2.1.0-1  libdaemon-0.14-3  libice-1.0.9-1  libjpeg-turbo-1.4.2-1  libpng-1.6.18-1  libsm-1.2.2-2  libtiff-4.0.6-1  libx11-1.6.3-1  libxau-1.0.8-2  libxcb-1.11.1-1  libxdmcp-1.1.2-1  libxext-1.3.3-1  libxmu-1.1.2-1  libxt-1.1.5-1  libyaml-0.1.6-1  nspr-4.10.10-1  nss-3.20.1-1  sqlite-3.9.2-1  xcb-proto-1.11-2  xdg-utils-1.1.1-1  xextproto-7.3.0-1  xorg-xset-1.2.3-1  xproto-7.0.28-1  jre7-openjdk-7.u91_2.6.2-1  python2-2.7.10-2  ruby-2.2.3-1

Total Installed Size:  210.23 MiB

:: Proceed with installation? [Y/n] 
checking keyring...
checking package integrity...
loading package files...
checking for file conflicts...
checking available disk space...
installing sqlite...
installing python2...
Optional dependencies for python2
    tk: for IDLE
    python2-setuptools
    python2-pip
installing libyaml...
installing ruby...
The default location of gem installs is $HOME/.gem/ruby
Add the following line to your PATH if you plan to install using gem
$(ruby -rubygems -e "puts Gem.user_dir")/bin
If you want to install to the system wide location, you must either:
edit /etc/gemrc or run gem with the --no-user-install flag.
Optional dependencies for ruby
    ruby-docs: Ruby documentation
    tk: for Ruby/TK
installing java-runtime-common...
For the complete set of Java binaries to be available in your PATH,
you need to re-login or source /etc/profile.d/jre.sh
Please note that this package does not support forcing JAVA_HOME as former package java-common did
installing libjpeg-turbo...
installing libtiff...
Optional dependencies for libtiff
    freeglut: for using tiffgt
installing lcms2...
installing nspr...
installing nss...
installing libpng...
installing libdaemon...
installing avahi...
Optional dependencies for avahi
    gtk3: avahi-discover-standalone, bshell, bssh, bvnc
    gtk2: gtk2 bindings
    qt4: qt4 bindings
    pygtk: avahi-bookmarks, avahi-discover
    python2-twisted: avahi-bookmarks
    mono: mono bindings
    python2-dbus: avahi-discover
    nss-mdns: NSS support for mDNS
installing libcups...
installing jre7-openjdk-headless...
Optional dependencies for jre7-openjdk-headless
    fontconfig: needed for Java Mauve support - libmawt.so
    java-rhino: for some JavaScript support
installing xcb-proto...
installing xproto...
installing libxdmcp...
installing libxau...
installing libxcb...
installing kbproto...
installing libx11...
installing xextproto...
installing libxext...
installing libice...
installing libsm...
installing libxt...
installing libxmu...
installing xorg-xset...
installing xdg-utils...
Optional dependencies for xdg-utils
    kdebase-runtime: for KDE4 support in xdg-open
    kde-cli-tools: for KDE Plasma5 support in xdg-open
    libgnome: for GNOME support in xdg-open
    exo: for Xfce support in xdg-open
    xorg-xprop: for Xfce support in xdg-open
    pcmanfm: for LXDE support in xdg-open
    perl-file-mimeinfo: for generic support in xdg-open
installing hicolor-icon-theme...
installing jre7-openjdk...
when you use a non-reparenting window manager,
set _JAVA_AWT_WM_NONREPARENTING=1 in /etc/profile.d/jre.sh
Optional dependencies for jre7-openjdk
    icedtea-web: web browser plugin + Java Web Start
    alsa-lib: for basic sound support
    giflib: for gif format support
    libpulse: for advanced sound support
    gtk2: for the Gtk+ look and feel - desktop usage
    libxtst: linked in xawt/libmawt.so - desktop usage
==> Checking buildtime dependencies...
==> Installing missing dependencies...
:: There are 4 providers available for java-environment:
:: Repository repo
   1) jdk7-openjdk  2) jdk8-openjdk
:: Repository extra
   3) jdk7-openjdk  4) jdk8-openjdk

Enter a number (default=1): 
resolving dependencies...
looking for conflicting packages...

Packages (2) java-environment-common-2-2  jdk7-openjdk-7.u91_2.6.2-1

Total Installed Size:  19.48 MiB

:: Proceed with installation? [Y/n] 
checking keyring...
checking package integrity...
loading package files...
checking for file conflicts...
checking available disk space...
installing java-environment-common...
installing jdk7-openjdk...
==> WARNING: Using existing $srcdir/ tree
==> Starting build()...
configure: WARNING: If you wanted to set the --build type, don't use --host.
    If a cross compiler is detected then cross compile mode will be used.
checking for x86_64-unknown-linux-gcc... no
checking for gcc... gcc
checking for C compiler default output file name... a.out
checking whether the C compiler works... yes
checking whether we are cross compiling... no
checking for suffix of executables... 
checking for suffix of object files... o
checking whether we are using the GNU C compiler... yes
checking whether gcc accepts -g... yes
checking for gcc option to accept ANSI C... none needed
checking how to run the C preprocessor... gcc -E
checking whether ln -s works... yes
checking for ar... ar
checking for x86_64-unknown-linux-ranlib... no
checking for ranlib... ranlib
checking whether make sets $(MAKE)... yes
checking for a BSD-compatible install... /usr/bin/install -c
checking for Neotonic Paths... not found
checking for dirent.h that defines DIR... yes
checking for library containing opendir... none required
checking for egrep... grep -E
checking for ANSI C header files... yes
checking for sys/wait.h that is POSIX.1 compatible... yes
checking for sys/types.h... yes
checking for sys/stat.h... yes
checking for stdlib.h... yes
checking for string.h... yes
checking for memory.h... yes
checking for strings.h... yes
checking for inttypes.h... yes
checking for stdint.h... yes
checking for unistd.h... yes
checking fcntl.h usability... yes
checking fcntl.h presence... yes
checking for fcntl.h... yes
checking stdarg.h usability... yes
checking stdarg.h presence... yes
checking for stdarg.h... yes
checking varargs.h usability... no
checking varargs.h presence... no
checking for varargs.h... no
checking limits.h usability... yes
checking limits.h presence... yes
checking for limits.h... yes
checking for strings.h... (cached) yes
checking sys/ioctl.h usability... yes
checking sys/ioctl.h presence... yes
checking for sys/ioctl.h... yes
checking sys/time.h usability... yes
checking sys/time.h presence... yes
checking for sys/time.h... yes
checking for unistd.h... (cached) yes
checking features.h usability... yes
checking features.h presence... yes
checking for features.h... yes
checking for an ANSI C-conforming const... yes
checking for mode_t... yes
checking for off_t... yes
checking for pid_t... yes
checking for size_t... yes
checking whether time.h and sys/time.h may both be included... yes
checking whether struct tm is in sys/time.h or time.h... time.h
checking for struct tm.tm_zone... yes
checking return type of signal handlers... void
checking for strftime... yes
checking for vprintf... yes
checking for _doprnt... no
checking for wait3 that fills in rusage... yes
checking for gettimeofday... yes
checking for mktime... yes
checking for putenv... yes
checking for strerror... yes
checking for strspn... yes
checking for strtod... yes
checking for strtol... yes
checking for strtoul... yes
checking for random... yes
checking for rand... yes
checking for drand48... yes
checking for lockf... yes
checking pthread.h usability... yes
checking pthread.h presence... yes
checking for pthread.h... yes
checking build system type... x86_64-unknown-linux-gnu
checking host system type... x86_64-unknown-linux-gnu
checking for snprintf... yes
checking for vsnprintf... yes
checking for localtime_r... yes
checking whether localtime_r is declared... yes
checking for gmtime_r... yes
checking whether gmtime_r is declared... yes
checking for strtok_r... yes
checking whether strtok_r is declared... yes
checking for mkstemp... yes
checking for regexec... yes
checking for deflate in -lz... yes
checking for apache apxs... not found
checking for python includes... found /usr/include/python2.7
checking for perl >= 5.006... found /usr/bin/perl
checking for ruby... found /usr/bin/ruby
checking for j2sdk path... not found
Disabling csharp module
configure: creating ./config.status
config.status: creating rules.mk
config.status: creating cs_config.h
*******************************************
** Building Dependencies 
** OSNAME: Linux
** (done) 
make[1]: Entering directory '/tmp/clearsilver/src/clearsilver-0.10.5/util'
*******************************************
** Building Dependencies 
** OSNAME: Linux
** (done) 
make[1]: Leaving directory '/tmp/clearsilver/src/clearsilver-0.10.5/util'
make[1]: Entering directory '/tmp/clearsilver/src/clearsilver-0.10.5/cs'
*******************************************
** Building Dependencies 
** OSNAME: Linux
** (done) 
make[1]: Leaving directory '/tmp/clearsilver/src/clearsilver-0.10.5/cs'
make[1]: Entering directory '/tmp/clearsilver/src/clearsilver-0.10.5/cgi'
*******************************************
** Building Dependencies 
** OSNAME: Linux
** (done) 
make[1]: Leaving directory '/tmp/clearsilver/src/clearsilver-0.10.5/cgi'
make[1]: Entering directory '/tmp/clearsilver/src/clearsilver-0.10.5/python'
*******************************************
** Building Dependencies 
** OSNAME: Linux
** (done) 
make[1]: Leaving directory '/tmp/clearsilver/src/clearsilver-0.10.5/python'
make[1]: Entering directory '/tmp/clearsilver/src/clearsilver-0.10.5/ruby'
*******************************************
** Building Dependencies 
** OSNAME: Linux
** (done) 
make[1]: Leaving directory '/tmp/clearsilver/src/clearsilver-0.10.5/ruby'
make[1]: Entering directory '/tmp/clearsilver/src/clearsilver-0.10.5/util'
gcc -g -O2 -Wall -I..  -fPIC -o neo_err.o -c neo_err.c
gcc -g -O2 -Wall -I..  -fPIC -o neo_files.o -c neo_files.c
gcc -g -O2 -Wall -I..  -fPIC -o neo_misc.o -c neo_misc.c
gcc -g -O2 -Wall -I..  -fPIC -o neo_rand.o -c neo_rand.c
gcc -g -O2 -Wall -I..  -fPIC -o ulist.o -c ulist.c
gcc -g -O2 -Wall -I..  -fPIC -o neo_hdf.o -c neo_hdf.c
gcc -g -O2 -Wall -I..  -fPIC -o neo_str.o -c neo_str.c
gcc -g -O2 -Wall -I..  -fPIC -o neo_date.o -c neo_date.c
gcc -g -O2 -Wall -I..  -fPIC -o wildmat.o -c wildmat.c
gcc -g -O2 -Wall -I..  -fPIC -o neo_hash.o -c neo_hash.c
gcc -g -O2 -Wall -I..  -fPIC -o ulocks.o -c ulocks.c
gcc -g -O2 -Wall -I..  -fPIC -o rcfs.o -c rcfs.c
gcc -g -O2 -Wall -I..  -fPIC -o skiplist.o -c skiplist.c
gcc -g -O2 -Wall -I..  -fPIC -o dict.o -c dict.c
gcc -g -O2 -Wall -I..  -fPIC -o filter.o -c filter.c
gcc -g -O2 -Wall -I..  -fPIC -o neo_net.o -c neo_net.c
gcc -g -O2 -Wall -I..  -fPIC -o neo_server.o -c neo_server.c
ar cr ../libs/libneo_utl.a neo_err.o neo_files.o neo_misc.o neo_rand.o ulist.o neo_hdf.o neo_str.o neo_date.o wildmat.o neo_hash.o ulocks.o rcfs.o skiplist.o dict.o filter.o neo_net.o neo_server.o 
ranlib ../libs/libneo_utl.a
make[1]: Leaving directory '/tmp/clearsilver/src/clearsilver-0.10.5/util'
make[1]: Entering directory '/tmp/clearsilver/src/clearsilver-0.10.5/cs'
gcc -g -O2 -Wall -I..  -fPIC -o csparse.o -c csparse.c
ar cr ../libs/libneo_cs.a csparse.o
ranlib ../libs/libneo_cs.a
gcc -g -O2 -Wall -I..  -fPIC -o cstest.o -c cstest.c
gcc -o cstest cstest.o -L../libs/  -lz -lneo_cs -lneo_utl  # -lefence
gcc -g -O2 -Wall -I..  -fPIC -o cs.o -c cs.c
gcc -o cs cs.o -L../libs/  -lz -lneo_cs -lneo_utl  # -lefence
Running cs regression tests
Passed
make[1]: Leaving directory '/tmp/clearsilver/src/clearsilver-0.10.5/cs'
make[1]: Entering directory '/tmp/clearsilver/src/clearsilver-0.10.5/cgi'
gcc -g -O2 -Wall -I..  -fPIC -o cgiwrap.o -c cgiwrap.c
gcc -g -O2 -Wall -I..  -fPIC -o cgi.o -c cgi.c
cgi.c: In function 'cgi_debug_init':
cgi.c:1393:13: warning: variable 'k' set but not used [-Wunused-but-set-variable]
   char *v, *k;
             ^
gcc -g -O2 -Wall -I..  -fPIC -o html.o -c html.c
gcc -g -O2 -Wall -I..  -fPIC -o date.o -c date.c
gcc -g -O2 -Wall -I..  -fPIC -o rfc2388.o -c rfc2388.c
ar cr ../libs/libneo_cgi.a cgiwrap.o cgi.o html.o date.o rfc2388.o
ranlib ../libs/libneo_cgi.a
gcc -g -O2 -Wall -I..  -fPIC -o static.o -c static.c
gcc -o cs_static.cgi static.o -L../libs/  -lneo_cgi -lneo_cs -lneo_utl  -lz
gcc -shared -fPIC -o cs_static.cso static.o -L../libs/  -lneo_cgi -lneo_cs -lneo_utl  -lz
gcc -g -O2 -Wall -I..  -fPIC -o cgi_cstest.o -c cgi_cstest.c
gcc -o cgi_cstest cgi_cstest.o -L../libs/  -lneo_cgi -lneo_cs -lneo_utl  -lz
make[1]: Leaving directory '/tmp/clearsilver/src/clearsilver-0.10.5/cgi'
make[1]: Entering directory '/tmp/clearsilver/src/clearsilver-0.10.5/python'
rm -f neo_cgi.so
CC="gcc" LDSHARED="gcc -shared -fPIC" /usr/bin/python2 setup.py build_ext --inplace
adding lib_path $(LIB_DIR)
adding lib z
Overriding setup's CC from gcc -pthread to gcc
running build_ext
building 'neo_cgi' extension
creating build
creating build/temp.linux-x86_64-2.7
gcc -fno-strict-aliasing -march=x86-64 -mtune=generic -O2 -pipe -fstack-protector-strong --param=ssp-buffer-size=4 -DNDEBUG -march=x86-64 -mtune=generic -O2 -pipe -fstack-protector-strong --param=ssp-buffer-size=4 -fPIC -I../ -I/usr/include/python2.7 -c neo_cgi.c -o build/temp.linux-x86_64-2.7/neo_cgi.o
gcc -fno-strict-aliasing -march=x86-64 -mtune=generic -O2 -pipe -fstack-protector-strong --param=ssp-buffer-size=4 -DNDEBUG -march=x86-64 -mtune=generic -O2 -pipe -fstack-protector-strong --param=ssp-buffer-size=4 -fPIC -I../ -I/usr/include/python2.7 -c neo_cs.c -o build/temp.linux-x86_64-2.7/neo_cs.o
gcc -fno-strict-aliasing -march=x86-64 -mtune=generic -O2 -pipe -fstack-protector-strong --param=ssp-buffer-size=4 -DNDEBUG -march=x86-64 -mtune=generic -O2 -pipe -fstack-protector-strong --param=ssp-buffer-size=4 -fPIC -I../ -I/usr/include/python2.7 -c neo_util.c -o build/temp.linux-x86_64-2.7/neo_util.o
gcc -shared -fPIC build/temp.linux-x86_64-2.7/neo_cgi.o build/temp.linux-x86_64-2.7/neo_cs.o build/temp.linux-x86_64-2.7/neo_util.o -L../libs/ -L../libs -L/usr/lib -lneo_cgi -lneo_cs -lneo_utl -lz -lpython2.7 -o /tmp/clearsilver/src/clearsilver-0.10.5/python/neo_cgi.so
make[1]: Leaving directory '/tmp/clearsilver/src/clearsilver-0.10.5/python'
Checking if your kit is complete...
Looks good
Warning: -L../libs changed to -L/tmp/clearsilver/src/clearsilver-0.10.5/perl/../libs
Generating a Unix-style Makefile
Writing Makefile for ClearSilver
Writing MYMETA.yml and MYMETA.json
make[1]: Entering directory '/tmp/clearsilver/src/clearsilver-0.10.5/perl'
cp ClearSilver.pm blib/lib/ClearSilver.pm
Running Mkbootstrap for ClearSilver ()
chmod 644 "ClearSilver.bs"
"/usr/bin/perl" "/usr/share/perl5/core_perl/ExtUtils/xsubpp"  -typemap "/usr/share/perl5/core_perl/ExtUtils/typemap" -typemap "typemap"  ClearSilver.xs > ClearSilver.xsc && mv ClearSilver.xsc ClearSilver.c
Please specify prototyping behavior for ClearSilver.xs (see perlxs manual)
cc -c  -I../ -D_REENTRANT -D_GNU_SOURCE -fwrapv -fno-strict-aliasing -pipe -fstack-protector-strong -I/usr/local/include -D_LARGEFILE_SOURCE -D_FILE_OFFSET_BITS=64 -march=x86-64 -mtune=generic -O2 -pipe -fstack-protector-strong --param=ssp-buffer-size=4   -DVERSION=\"0.01\" -DXS_VERSION=\"0.01\" -fPIC "-I/usr/lib/perl5/core_perl/CORE"   ClearSilver.c
rm -f blib/arch/auto/ClearSilver/ClearSilver.so
LD_RUN_PATH="/usr/lib" cc  -shared -Wl,-O1,--sort-common,--as-needed,-z,relro -L/usr/local/lib -fstack-protector-strong ClearSilver.o  -o blib/arch/auto/ClearSilver/ClearSilver.so 	\
   -L/tmp/clearsilver/src/clearsilver-0.10.5/perl/../libs -lneo_cgi -lneo_cs -lneo_utl -lz  	\

chmod 755 blib/arch/auto/ClearSilver/ClearSilver.so
"/usr/bin/perl" -MExtUtils::Command::MM -e 'cp_nonempty' -- ClearSilver.bs blib/arch/auto/ClearSilver/ClearSilver.bs 644
Manifying 1 pod document
make[1]: Leaving directory '/tmp/clearsilver/src/clearsilver-0.10.5/perl'
make[1]: Entering directory '/tmp/clearsilver/src/clearsilver-0.10.5/ruby'
/usr/bin/ruby install.rb config -- --with-hdf-include=../../.. --with-hdf-lib=../../../libs --make-prog=make
install.rb: entering config phase...
---> lib
<--- lib
---> ext
---> ext/hdf
/usr/bin/ruby /tmp/clearsilver/src/clearsilver-0.10.5/ruby/ext/hdf/extconf.rb --with-hdf-include=../../.. --with-hdf-lib=../../../libs --make-prog=make
checking for deflate() in -lz... yes
checking for ClearSilver.h... yes
checking for hdf_init() in -lneo_utl... yes
checking for cs_init() in -lneo_cs... yes
checking for cgi_register_strfuncs() in -lneo_cgi... yes
creating Makefile
<--- ext/hdf
<--- ext
install.rb: config done.
/usr/bin/ruby install.rb setup 
install.rb: entering setup phase...
---> lib
<--- lib
---> ext
---> ext/hdf
make
make[2]: Entering directory '/tmp/clearsilver/src/clearsilver-0.10.5/ruby/ext/hdf'
compiling neo_cs.c
compiling neo_util.c
linking shared-object hdf.so
make[2]: Leaving directory '/tmp/clearsilver/src/clearsilver-0.10.5/ruby/ext/hdf'
<--- ext/hdf
<--- ext
install.rb: setup done.
Running ruby test
Passed ruby test
make[1]: Leaving directory '/tmp/clearsilver/src/clearsilver-0.10.5/ruby'
==> Entering fakeroot environment...
==> Starting package()...
make[1]: Entering directory '/tmp/clearsilver/src/clearsilver-0.10.5/util'
make[1]: Nothing to be done for 'everything'.
make[1]: Leaving directory '/tmp/clearsilver/src/clearsilver-0.10.5/util'
make[1]: Entering directory '/tmp/clearsilver/src/clearsilver-0.10.5/cs'
make[1]: Nothing to be done for 'everything'.
make[1]: Leaving directory '/tmp/clearsilver/src/clearsilver-0.10.5/cs'
make[1]: Entering directory '/tmp/clearsilver/src/clearsilver-0.10.5/cgi'
make[1]: Nothing to be done for 'everything'.
make[1]: Leaving directory '/tmp/clearsilver/src/clearsilver-0.10.5/cgi'
make[1]: Entering directory '/tmp/clearsilver/src/clearsilver-0.10.5/python'
make[1]: Nothing to be done for 'everything'.
make[1]: Leaving directory '/tmp/clearsilver/src/clearsilver-0.10.5/python'
make[1]: Entering directory '/tmp/clearsilver/src/clearsilver-0.10.5/perl'
Running Mkbootstrap for ClearSilver ()
chmod 644 "ClearSilver.bs"
Manifying 1 pod document
make[1]: Leaving directory '/tmp/clearsilver/src/clearsilver-0.10.5/perl'
make[1]: Entering directory '/tmp/clearsilver/src/clearsilver-0.10.5/ruby'
Running ruby test
Passed ruby test
make[1]: Leaving directory '/tmp/clearsilver/src/clearsilver-0.10.5/ruby'
./mkinstalldirs /tmp/clearsilver/pkg/clearsilver/usr/include/ClearSilver
mkdir /tmp/clearsilver/pkg/clearsilver/usr
mkdir /tmp/clearsilver/pkg/clearsilver/usr/include
mkdir /tmp/clearsilver/pkg/clearsilver/usr/include/ClearSilver
./mkinstalldirs /tmp/clearsilver/pkg/clearsilver/usr/bin
mkdir /tmp/clearsilver/pkg/clearsilver/usr/bin
./mkinstalldirs /tmp/clearsilver/pkg/clearsilver/usr/lib
mkdir /tmp/clearsilver/pkg/clearsilver/usr/lib
./mkinstalldirs /tmp/clearsilver/pkg/clearsilver/usr/man/man3
mkdir /tmp/clearsilver/pkg/clearsilver/usr/man
mkdir /tmp/clearsilver/pkg/clearsilver/usr/man/man3
/usr/bin/install -c -m 644 ClearSilver.h /tmp/clearsilver/pkg/clearsilver/usr/include/ClearSilver/
/usr/bin/install -c -m 644 cs_config.h /tmp/clearsilver/pkg/clearsilver/usr/include/ClearSilver/
/usr/bin/install -c -m 644 man/man3/*.3 /tmp/clearsilver/pkg/clearsilver/usr/man/man3/
make[1]: Entering directory '/tmp/clearsilver/src/clearsilver-0.10.5/util'
../mkinstalldirs /tmp/clearsilver/pkg/clearsilver/usr/include/ClearSilver/util
mkdir /tmp/clearsilver/pkg/clearsilver/usr/include/ClearSilver/util
/usr/bin/install -c -m 644 neo_err.h neo_files.h neo_misc.h neo_rand.h ulist.h neo_hdf.h neo_str.h neo_date.h wildmat.h neo_hash.h ulocks.h rcfs.h skiplist.h dict.h filter.h neo_net.h neo_server.h /tmp/clearsilver/pkg/clearsilver/usr/include/ClearSilver/util
/usr/bin/install -c -m 644 ../libs/libneo_utl.a /tmp/clearsilver/pkg/clearsilver/usr/lib
make[1]: Leaving directory '/tmp/clearsilver/src/clearsilver-0.10.5/util'
make[1]: Entering directory '/tmp/clearsilver/src/clearsilver-0.10.5/cs'
../mkinstalldirs /tmp/clearsilver/pkg/clearsilver/usr/include/ClearSilver/cs
mkdir /tmp/clearsilver/pkg/clearsilver/usr/include/ClearSilver/cs
/usr/bin/install -c -m 644 cs.h /tmp/clearsilver/pkg/clearsilver/usr/include/ClearSilver/cs
/usr/bin/install -c -m 644 ../libs/libneo_cs.a /tmp/clearsilver/pkg/clearsilver/usr/lib
/usr/bin/install -c cstest /tmp/clearsilver/pkg/clearsilver/usr/bin
/usr/bin/install -c cs /tmp/clearsilver/pkg/clearsilver/usr/bin
make[1]: Leaving directory '/tmp/clearsilver/src/clearsilver-0.10.5/cs'
make[1]: Entering directory '/tmp/clearsilver/src/clearsilver-0.10.5/cgi'
../mkinstalldirs /tmp/clearsilver/pkg/clearsilver/usr/include/ClearSilver/cgi
mkdir /tmp/clearsilver/pkg/clearsilver/usr/include/ClearSilver/cgi
/usr/bin/install -c -m 644 cgi.h /tmp/clearsilver/pkg/clearsilver/usr/include/ClearSilver/cgi
/usr/bin/install -c -m 644 cgiwrap.h /tmp/clearsilver/pkg/clearsilver/usr/include/ClearSilver/cgi
/usr/bin/install -c -m 644 date.h /tmp/clearsilver/pkg/clearsilver/usr/include/ClearSilver/cgi
/usr/bin/install -c -m 644 html.h /tmp/clearsilver/pkg/clearsilver/usr/include/ClearSilver/cgi
/usr/bin/install -c -m 644 ../libs/libneo_cgi.a /tmp/clearsilver/pkg/clearsilver/usr/lib
/usr/bin/install -c cs_static.cgi /tmp/clearsilver/pkg/clearsilver/usr/bin
make[1]: Leaving directory '/tmp/clearsilver/src/clearsilver-0.10.5/cgi'
make[1]: Entering directory '/tmp/clearsilver/src/clearsilver-0.10.5/python'
../mkinstalldirs /tmp/clearsilver/pkg/clearsilver/usr/lib/python2.7/site-packages
mkdir /tmp/clearsilver/pkg/clearsilver/usr/lib/python2.7
mkdir /tmp/clearsilver/pkg/clearsilver/usr/lib/python2.7/site-packages
/usr/bin/install -c neo_cgi.so /tmp/clearsilver/pkg/clearsilver/usr/lib/python2.7/site-packages
make[1]: Leaving directory '/tmp/clearsilver/src/clearsilver-0.10.5/python'
make[1]: Entering directory '/tmp/clearsilver/src/clearsilver-0.10.5/perl'
Manifying 1 pod document
Files found in blib/arch: installing files in blib/lib into architecture dependent library tree
Installing /tmp/clearsilver/pkg/clearsilver/usr/lib/perl5/vendor_perl/auto/ClearSilver/ClearSilver.so
Installing /tmp/clearsilver/pkg/clearsilver/usr/lib/perl5/vendor_perl/ClearSilver.pm
Installing /tmp/clearsilver/pkg/clearsilver/usr/share/man/man3/ClearSilver.3pm
Appending installation info to /tmp/clearsilver/pkg/clearsilver/usr/lib/perl5/core_perl/perllocal.pod
make[1]: Leaving directory '/tmp/clearsilver/src/clearsilver-0.10.5/perl'
make[1]: Entering directory '/tmp/clearsilver/src/clearsilver-0.10.5/ruby'
Running ruby test
Passed ruby test
/usr/bin/ruby install.rb install --prefix=/sources/clearsilver/pkg/clearsilver
install.rb: entering install phase...
---> lib
mkdir -p /sources/clearsilver/pkg/clearsilver/usr/lib/ruby/vendor_ruby/2.2.0/
install neo.rb /usr/lib/ruby/vendor_ruby/2.2.0/
<--- lib
---> ext
---> ext/hdf
mkdir -p /sources/clearsilver/pkg/clearsilver/usr/lib/ruby/vendor_ruby/2.2.0/x86_64-linux/.
install hdf.so /usr/lib/ruby/vendor_ruby/2.2.0/x86_64-linux/.
<--- ext/hdf
<--- ext
install.rb: install done.
make[1]: Leaving directory '/tmp/clearsilver/src/clearsilver-0.10.5/ruby'
==> Tidying install...
  -> Removing doc files...
  -> Purging unwanted files...
  -> Removing empty directories...
==> Creating package "clearsilver"...
  -> Generating .PKGINFO file...
  -> Generating .MTREE file...
  -> Compressing package...
==> Leaving fakeroot environment.
==> Finished making: clearsilver 0.10.5-18 (Sat Nov 14 05:53:47 UTC 2015)
===> Printing config.logs
found log at /tmp/clearsilver/src/clearsilver-0.10.5/config.log
____
File /tmp/clearsilver/src/clearsilver-0.10.5/config.log
This file contains any messages produced by compilers while
running configure, to aid debugging if configure makes a mistake.

It was created by configure, which was
generated by GNU Autoconf 2.59.  Invocation command line was

  $ ./configure --host x86_64-unknown-linux --disable-csharp --prefix=/usr --with-python=/usr/bin/python2

## --------- ##
## Platform. ##
## --------- ##

hostname = 5ab4ba71c3d5
uname -m = x86_64
uname -r = 3.13.0-66-generic
uname -s = Linux
uname -v = #108-Ubuntu SMP Wed Oct 7 15:20:27 UTC 2015

/usr/bin/uname -p = unknown
/bin/uname -X     = unknown

/bin/arch              = unknown
/usr/bin/arch -k       = unknown
/usr/convex/getsysinfo = unknown
hostinfo               = unknown
/bin/machine           = unknown
/usr/bin/oslevel       = unknown
/bin/universe          = unknown

PATH: /usr/local/sbin
PATH: /usr/local/bin
PATH: /usr/bin
PATH: /usr/lib/jvm/default/bin
PATH: /usr/bin/site_perl
PATH: /usr/bin/vendor_perl
PATH: /usr/bin/core_perl


## ----------- ##
## Core tests. ##
## ----------- ##

configure:1326: checking for x86_64-unknown-linux-gcc
configure:1355: result: no
configure:1364: checking for gcc
configure:1380: found /usr/bin/gcc
configure:1390: result: gcc
configure:1634: checking for C compiler version
configure:1637: gcc --version </dev/null >&5
gcc (GCC) 5.2.0
Copyright (C) 2015 Free Software Foundation, Inc.
This is free software; see the source for copying conditions.  There is NO
warranty; not even for MERCHANTABILITY or FITNESS FOR A PARTICULAR PURPOSE.

configure:1640: $? = 0
configure:1642: gcc -v </dev/null >&5
Using built-in specs.
COLLECT_GCC=gcc
COLLECT_LTO_WRAPPER=/usr/lib/gcc/x86_64-unknown-linux-gnu/5.2.0/lto-wrapper
Target: x86_64-unknown-linux-gnu
Configured with: /build/gcc/src/gcc-5.2.0/configure --prefix=/usr --libdir=/usr/lib --libexecdir=/usr/lib --mandir=/usr/share/man --infodir=/usr/share/info --with-bugurl=https://bugs.archlinux.org/ --enable-languages=c,c++,ada,fortran,go,lto,objc,obj-c++ --enable-shared --enable-threads=posix --enable-libmpx --with-system-zlib --with-isl --enable-__cxa_atexit --disable-libunwind-exceptions --enable-clocale=gnu --disable-libstdcxx-pch --disable-libssp --enable-gnu-unique-object --enable-linker-build-id --enable-lto --enable-plugin --enable-install-libiberty --with-linker-hash-style=gnu --enable-gnu-indirect-function --disable-multilib --disable-werror --enable-checking=release --with-default-libstdcxx-abi=gcc4-compatible
Thread model: posix
gcc version 5.2.0 (GCC) 
configure:1645: $? = 0
configure:1647: gcc -V </dev/null >&5
gcc: error: unrecognized command line option '-V'
gcc: fatal error: no input files
compilation terminated.
configure:1650: $? = 1
configure:1673: checking for C compiler default output file name
configure:1676: gcc    conftest.c  >&5
configure:1679: $? = 0
configure:1725: result: a.out
configure:1730: checking whether the C compiler works
configure:1736: ./a.out
configure:1739: $? = 0
configure:1756: result: yes
configure:1763: checking whether we are cross compiling
configure:1765: result: no
configure:1768: checking for suffix of executables
configure:1770: gcc -o conftest    conftest.c  >&5
configure:1773: $? = 0
configure:1798: result: 
configure:1804: checking for suffix of object files
configure:1825: gcc -c   conftest.c >&5
configure:1828: $? = 0
configure:1850: result: o
configure:1854: checking whether we are using the GNU C compiler
configure:1878: gcc -c   conftest.c >&5
configure:1884: $? = 0
configure:1887: test -z 			 || test ! -s conftest.err
configure:1890: $? = 0
configure:1893: test -s conftest.o
configure:1896: $? = 0
configure:1909: result: yes
configure:1915: checking whether gcc accepts -g
configure:1936: gcc -c -g  conftest.c >&5
configure:1942: $? = 0
configure:1945: test -z 			 || test ! -s conftest.err
configure:1948: $? = 0
configure:1951: test -s conftest.o
configure:1954: $? = 0
configure:1965: result: yes
configure:1982: checking for gcc option to accept ANSI C
configure:2052: gcc  -c -g -O2  conftest.c >&5
configure:2058: $? = 0
configure:2061: test -z 			 || test ! -s conftest.err
configure:2064: $? = 0
configure:2067: test -s conftest.o
configure:2070: $? = 0
configure:2088: result: none needed
configure:2106: gcc -c -g -O2  conftest.c >&5
conftest.c:2:3: error: unknown type name 'choke'
   choke me
   ^
conftest.c:2:3: error: expected '=', ',', ';', 'asm' or '__attribute__' at end of input
configure:2112: $? = 1
configure: failed program was:
| #ifndef __cplusplus
|   choke me
| #endif
configure:2247: checking how to run the C preprocessor
configure:2282: gcc -E  conftest.c
configure:2288: $? = 0
configure:2320: gcc -E  conftest.c
conftest.c:9:28: fatal error: ac_nonexistent.h: No such file or directory
compilation terminated.
configure:2326: $? = 1
configure: failed program was:
| /* confdefs.h.  */
| 
| #define PACKAGE_NAME ""
| #define PACKAGE_TARNAME ""
| #define PACKAGE_VERSION ""
| #define PACKAGE_STRING ""
| #define PACKAGE_BUGREPORT ""
| /* end confdefs.h.  */
| #include <ac_nonexistent.h>
configure:2365: result: gcc -E
configure:2389: gcc -E  conftest.c
configure:2395: $? = 0
configure:2427: gcc -E  conftest.c
conftest.c:9:28: fatal error: ac_nonexistent.h: No such file or directory
compilation terminated.
configure:2433: $? = 1
configure: failed program was:
| /* confdefs.h.  */
| 
| #define PACKAGE_NAME ""
| #define PACKAGE_TARNAME ""
| #define PACKAGE_VERSION ""
| #define PACKAGE_STRING ""
| #define PACKAGE_BUGREPORT ""
| /* end confdefs.h.  */
| #include <ac_nonexistent.h>
configure:2476: checking whether ln -s works
configure:2480: result: yes
configure:2491: checking for ar
configure:2507: found /usr/bin/ar
configure:2517: result: ar
configure:2531: checking for x86_64-unknown-linux-ranlib
configure:2560: result: no
configure:2569: checking for ranlib
configure:2585: found /usr/bin/ranlib
configure:2596: result: ranlib
configure:2609: checking whether make sets $(MAKE)
configure:2629: result: yes
configure:2676: checking for a BSD-compatible install
configure:2731: result: /usr/bin/install -c
configure:2743: checking for Neotonic Paths
configure:2751: result: not found
configure:2764: checking for dirent.h that defines DIR
configure:2788: gcc -c -g -O2  conftest.c >&5
configure:2794: $? = 0
configure:2797: test -z 			 || test ! -s conftest.err
configure:2800: $? = 0
configure:2803: test -s conftest.o
configure:2806: $? = 0
configure:2817: result: yes
configure:2830: checking for library containing opendir
configure:2860: gcc -o conftest -g -O2   conftest.c  >&5
configure:2866: $? = 0
configure:2869: test -z 			 || test ! -s conftest.err
configure:2872: $? = 0
configure:2875: test -s conftest
configure:2878: $? = 0
configure:2947: result: none required
configure:3082: checking for egrep
configure:3092: result: grep -E
configure:3097: checking for ANSI C header files
configure:3122: gcc -c -g -O2  conftest.c >&5
configure:3128: $? = 0
configure:3131: test -z 			 || test ! -s conftest.err
configure:3134: $? = 0
configure:3137: test -s conftest.o
configure:3140: $? = 0
configure:3229: gcc -o conftest -g -O2   conftest.c  >&5
conftest.c: In function 'main':
conftest.c:27:7: warning: implicit declaration of function 'exit' [-Wimplicit-function-declaration]
       exit(2);
       ^
conftest.c:27:7: warning: incompatible implicit declaration of built-in function 'exit'
conftest.c:27:7: note: include '<stdlib.h>' or provide a declaration of 'exit'
conftest.c:28:3: warning: incompatible implicit declaration of built-in function 'exit'
   exit (0);
   ^
conftest.c:28:3: note: include '<stdlib.h>' or provide a declaration of 'exit'
configure:3232: $? = 0
configure:3234: ./conftest
configure:3237: $? = 0
configure:3252: result: yes
configure:3262: checking for sys/wait.h that is POSIX.1 compatible
configure:3293: gcc -c -g -O2  conftest.c >&5
configure:3299: $? = 0
configure:3302: test -z 			 || test ! -s conftest.err
configure:3305: $? = 0
configure:3308: test -s conftest.o
configure:3311: $? = 0
configure:3322: result: yes
configure:3346: checking for sys/types.h
configure:3362: gcc -c -g -O2  conftest.c >&5
configure:3368: $? = 0
configure:3371: test -z 			 || test ! -s conftest.err
configure:3374: $? = 0
configure:3377: test -s conftest.o
configure:3380: $? = 0
configure:3391: result: yes
configure:3346: checking for sys/stat.h
configure:3362: gcc -c -g -O2  conftest.c >&5
configure:3368: $? = 0
configure:3371: test -z 			 || test ! -s conftest.err
configure:3374: $? = 0
configure:3377: test -s conftest.o
configure:3380: $? = 0
configure:3391: result: yes
configure:3346: checking for stdlib.h
configure:3362: gcc -c -g -O2  conftest.c >&5
configure:3368: $? = 0
configure:3371: test -z 			 || test ! -s conftest.err
configure:3374: $? = 0
configure:3377: test -s conftest.o
configure:3380: $? = 0
configure:3391: result: yes
configure:3346: checking for string.h
configure:3362: gcc -c -g -O2  conftest.c >&5
configure:3368: $? = 0
configure:3371: test -z 			 || test ! -s conftest.err
configure:3374: $? = 0
configure:3377: test -s conftest.o
configure:3380: $? = 0
configure:3391: result: yes
configure:3346: checking for memory.h
configure:3362: gcc -c -g -O2  conftest.c >&5
configure:3368: $? = 0
configure:3371: test -z 			 || test ! -s conftest.err
configure:3374: $? = 0
configure:3377: test -s conftest.o
configure:3380: $? = 0
configure:3391: result: yes
configure:3346: checking for strings.h
configure:3362: gcc -c -g -O2  conftest.c >&5
configure:3368: $? = 0
configure:3371: test -z 			 || test ! -s conftest.err
configure:3374: $? = 0
configure:3377: test -s conftest.o
configure:3380: $? = 0
configure:3391: result: yes
configure:3346: checking for inttypes.h
configure:3362: gcc -c -g -O2  conftest.c >&5
configure:3368: $? = 0
configure:3371: test -z 			 || test ! -s conftest.err
configure:3374: $? = 0
configure:3377: test -s conftest.o
configure:3380: $? = 0
configure:3391: result: yes
configure:3346: checking for stdint.h
configure:3362: gcc -c -g -O2  conftest.c >&5
configure:3368: $? = 0
configure:3371: test -z 			 || test ! -s conftest.err
configure:3374: $? = 0
configure:3377: test -s conftest.o
configure:3380: $? = 0
configure:3391: result: yes
configure:3346: checking for unistd.h
configure:3362: gcc -c -g -O2  conftest.c >&5
configure:3368: $? = 0
configure:3371: test -z 			 || test ! -s conftest.err
configure:3374: $? = 0
configure:3377: test -s conftest.o
configure:3380: $? = 0
configure:3391: result: yes
configure:3425: checking fcntl.h usability
configure:3437: gcc -c -g -O2  conftest.c >&5
configure:3443: $? = 0
configure:3446: test -z 			 || test ! -s conftest.err
configure:3449: $? = 0
configure:3452: test -s conftest.o
configure:3455: $? = 0
configure:3465: result: yes
configure:3469: checking fcntl.h presence
configure:3479: gcc -E  conftest.c
configure:3485: $? = 0
configure:3505: result: yes
configure:3540: checking for fcntl.h
configure:3547: result: yes
configure:3425: checking stdarg.h usability
configure:3437: gcc -c -g -O2  conftest.c >&5
configure:3443: $? = 0
configure:3446: test -z 			 || test ! -s conftest.err
configure:3449: $? = 0
configure:3452: test -s conftest.o
configure:3455: $? = 0
configure:3465: result: yes
configure:3469: checking stdarg.h presence
configure:3479: gcc -E  conftest.c
configure:3485: $? = 0
configure:3505: result: yes
configure:3540: checking for stdarg.h
configure:3547: result: yes
configure:3425: checking varargs.h usability
configure:3437: gcc -c -g -O2  conftest.c >&5
In file included from conftest.c:57:0:
/usr/lib/gcc/x86_64-unknown-linux-gnu/5.2.0/include/varargs.h:4:2: error: #error "GCC no longer implements <varargs.h>."
 #error "GCC no longer implements <varargs.h>."
  ^
/usr/lib/gcc/x86_64-unknown-linux-gnu/5.2.0/include/varargs.h:5:2: error: #error "Revise your code to use <stdarg.h>."
 #error "Revise your code to use <stdarg.h>."
  ^
configure:3443: $? = 1
configure: failed program was:
| /* confdefs.h.  */
| 
| #define PACKAGE_NAME ""
| #define PACKAGE_TARNAME ""
| #define PACKAGE_VERSION ""
| #define PACKAGE_STRING ""
| #define PACKAGE_BUGREPORT ""
| #define HAVE_DIRENT_H 1
| #define STDC_HEADERS 1
| #define HAVE_SYS_WAIT_H 1
| #define HAVE_SYS_TYPES_H 1
| #define HAVE_SYS_STAT_H 1
| #define HAVE_STDLIB_H 1
| #define HAVE_STRING_H 1
| #define HAVE_MEMORY_H 1
| #define HAVE_STRINGS_H 1
| #define HAVE_INTTYPES_H 1
| #define HAVE_STDINT_H 1
| #define HAVE_UNISTD_H 1
| #define HAVE_FCNTL_H 1
| #define HAVE_STDARG_H 1
| /* end confdefs.h.  */
| #include <stdio.h>
| #if HAVE_SYS_TYPES_H
| # include <sys/types.h>
| #endif
| #if HAVE_SYS_STAT_H
| # include <sys/stat.h>
| #endif
| #if STDC_HEADERS
| # include <stdlib.h>
| # include <stddef.h>
| #else
| # if HAVE_STDLIB_H
| #  include <stdlib.h>
| # endif
| #endif
| #if HAVE_STRING_H
| # if !STDC_HEADERS && HAVE_MEMORY_H
| #  include <memory.h>
| # endif
| # include <string.h>
| #endif
| #if HAVE_STRINGS_H
| # include <strings.h>
| #endif
| #if HAVE_INTTYPES_H
| # include <inttypes.h>
| #else
| # if HAVE_STDINT_H
| #  include <stdint.h>
| # endif
| #endif
| #if HAVE_UNISTD_H
| # include <unistd.h>
| #endif
| #include <varargs.h>
configure:3465: result: no
configure:3469: checking varargs.h presence
configure:3479: gcc -E  conftest.c
In file included from conftest.c:23:0:
/usr/lib/gcc/x86_64-unknown-linux-gnu/5.2.0/include/varargs.h:4:2: error: #error "GCC no longer implements <varargs.h>."
 #error "GCC no longer implements <varargs.h>."
  ^
/usr/lib/gcc/x86_64-unknown-linux-gnu/5.2.0/include/varargs.h:5:2: error: #error "Revise your code to use <stdarg.h>."
 #error "Revise your code to use <stdarg.h>."
  ^
configure:3485: $? = 1
configure: failed program was:
| /* confdefs.h.  */
| 
| #define PACKAGE_NAME ""
| #define PACKAGE_TARNAME ""
| #define PACKAGE_VERSION ""
| #define PACKAGE_STRING ""
| #define PACKAGE_BUGREPORT ""
| #define HAVE_DIRENT_H 1
| #define STDC_HEADERS 1
| #define HAVE_SYS_WAIT_H 1
| #define HAVE_SYS_TYPES_H 1
| #define HAVE_SYS_STAT_H 1
| #define HAVE_STDLIB_H 1
| #define HAVE_STRING_H 1
| #define HAVE_MEMORY_H 1
| #define HAVE_STRINGS_H 1
| #define HAVE_INTTYPES_H 1
| #define HAVE_STDINT_H 1
| #define HAVE_UNISTD_H 1
| #define HAVE_FCNTL_H 1
| #define HAVE_STDARG_H 1
| /* end confdefs.h.  */
| #include <varargs.h>
configure:3505: result: no
configure:3540: checking for varargs.h
configure:3547: result: no
configure:3425: checking limits.h usability
configure:3437: gcc -c -g -O2  conftest.c >&5
configure:3443: $? = 0
configure:3446: test -z 			 || test ! -s conftest.err
configure:3449: $? = 0
configure:3452: test -s conftest.o
configure:3455: $? = 0
configure:3465: result: yes
configure:3469: checking limits.h presence
configure:3479: gcc -E  conftest.c
configure:3485: $? = 0
configure:3505: result: yes
configure:3540: checking for limits.h
configure:3547: result: yes
configure:3416: checking for strings.h
configure:3421: result: yes
configure:3425: checking sys/ioctl.h usability
configure:3437: gcc -c -g -O2  conftest.c >&5
configure:3443: $? = 0
configure:3446: test -z 			 || test ! -s conftest.err
configure:3449: $? = 0
configure:3452: test -s conftest.o
configure:3455: $? = 0
configure:3465: result: yes
configure:3469: checking sys/ioctl.h presence
configure:3479: gcc -E  conftest.c
configure:3485: $? = 0
configure:3505: result: yes
configure:3540: checking for sys/ioctl.h
configure:3547: result: yes
configure:3425: checking sys/time.h usability
configure:3437: gcc -c -g -O2  conftest.c >&5
configure:3443: $? = 0
configure:3446: test -z 			 || test ! -s conftest.err
configure:3449: $? = 0
configure:3452: test -s conftest.o
configure:3455: $? = 0
configure:3465: result: yes
configure:3469: checking sys/time.h presence
configure:3479: gcc -E  conftest.c
configure:3485: $? = 0
configure:3505: result: yes
configure:3540: checking for sys/time.h
configure:3547: result: yes
configure:3416: checking for unistd.h
configure:3421: result: yes
configure:3425: checking features.h usability
configure:3437: gcc -c -g -O2  conftest.c >&5
configure:3443: $? = 0
configure:3446: test -z 			 || test ! -s conftest.err
configure:3449: $? = 0
configure:3452: test -s conftest.o
configure:3455: $? = 0
configure:3465: result: yes
configure:3469: checking features.h presence
configure:3479: gcc -E  conftest.c
configure:3485: $? = 0
configure:3505: result: yes
configure:3540: checking for features.h
configure:3547: result: yes
configure:3561: checking for an ANSI C-conforming const
configure:3628: gcc -c -g -O2  conftest.c >&5
configure:3634: $? = 0
configure:3637: test -z 			 || test ! -s conftest.err
configure:3640: $? = 0
configure:3643: test -s conftest.o
configure:3646: $? = 0
configure:3657: result: yes
configure:3667: checking for mode_t
configure:3691: gcc -c -g -O2  conftest.c >&5
configure:3697: $? = 0
configure:3700: test -z 			 || test ! -s conftest.err
configure:3703: $? = 0
configure:3706: test -s conftest.o
configure:3709: $? = 0
configure:3720: result: yes
configure:3732: checking for off_t
configure:3756: gcc -c -g -O2  conftest.c >&5
configure:3762: $? = 0
configure:3765: test -z 			 || test ! -s conftest.err
configure:3768: $? = 0
configure:3771: test -s conftest.o
configure:3774: $? = 0
configure:3785: result: yes
configure:3797: checking for pid_t
configure:3821: gcc -c -g -O2  conftest.c >&5
configure:3827: $? = 0
configure:3830: test -z 			 || test ! -s conftest.err
configure:3833: $? = 0
configure:3836: test -s conftest.o
configure:3839: $? = 0
configure:3850: result: yes
configure:3862: checking for size_t
configure:3886: gcc -c -g -O2  conftest.c >&5
configure:3892: $? = 0
configure:3895: test -z 			 || test ! -s conftest.err
configure:3898: $? = 0
configure:3901: test -s conftest.o
configure:3904: $? = 0
configure:3915: result: yes
configure:3927: checking whether time.h and sys/time.h may both be included
configure:3952: gcc -c -g -O2  conftest.c >&5
configure:3958: $? = 0
configure:3961: test -z 			 || test ! -s conftest.err
configure:3964: $? = 0
configure:3967: test -s conftest.o
configure:3970: $? = 0
configure:3981: result: yes
configure:3991: checking whether struct tm is in sys/time.h or time.h
configure:4014: gcc -c -g -O2  conftest.c >&5
configure:4020: $? = 0
configure:4023: test -z 			 || test ! -s conftest.err
configure:4026: $? = 0
configure:4029: test -s conftest.o
configure:4032: $? = 0
configure:4043: result: time.h
configure:4053: checking for struct tm.tm_zone
configure:4079: gcc -c -g -O2  conftest.c >&5
configure:4085: $? = 0
configure:4088: test -z 			 || test ! -s conftest.err
configure:4091: $? = 0
configure:4094: test -s conftest.o
configure:4097: $? = 0
configure:4156: result: yes
configure:4241: checking return type of signal handlers
configure:4272: gcc -c -g -O2  conftest.c >&5
configure:4278: $? = 0
configure:4281: test -z 			 || test ! -s conftest.err
configure:4284: $? = 0
configure:4287: test -s conftest.o
configure:4290: $? = 0
configure:4301: result: void
configure:4313: checking for strftime
configure:4370: gcc -o conftest -g -O2   conftest.c  >&5
conftest.c:57:6: warning: conflicting types for built-in function 'strftime'
 char strftime ();
      ^
configure:4376: $? = 0
configure:4379: test -z 			 || test ! -s conftest.err
configure:4382: $? = 0
configure:4385: test -s conftest
configure:4388: $? = 0
configure:4400: result: yes
configure:4487: checking for vprintf
configure:4544: gcc -o conftest -g -O2   conftest.c  >&5
conftest.c:58:6: warning: conflicting types for built-in function 'vprintf'
 char vprintf ();
      ^
configure:4550: $? = 0
configure:4553: test -z 			 || test ! -s conftest.err
configure:4556: $? = 0
configure:4559: test -s conftest
configure:4562: $? = 0
configure:4574: result: yes
configure:4581: checking for _doprnt
configure:4638: gcc -o conftest -g -O2   conftest.c  >&5
/tmp/ccUBPW44.o:(.data+0x0): undefined reference to `_doprnt'
/tmp/ccUBPW44.o: In function `main':
/tmp/clearsilver/src/clearsilver-0.10.5/conftest.c:74: undefined reference to `_doprnt'
collect2: error: ld returned 1 exit status
configure:4644: $? = 1
configure: failed program was:
| /* confdefs.h.  */
| 
| #define PACKAGE_NAME ""
| #define PACKAGE_TARNAME ""
| #define PACKAGE_VERSION ""
| #define PACKAGE_STRING ""
| #define PACKAGE_BUGREPORT ""
| #define HAVE_DIRENT_H 1
| #define STDC_HEADERS 1
| #define HAVE_SYS_WAIT_H 1
| #define HAVE_SYS_TYPES_H 1
| #define HAVE_SYS_STAT_H 1
| #define HAVE_STDLIB_H 1
| #define HAVE_STRING_H 1
| #define HAVE_MEMORY_H 1
| #define HAVE_STRINGS_H 1
| #define HAVE_INTTYPES_H 1
| #define HAVE_STDINT_H 1
| #define HAVE_UNISTD_H 1
| #define HAVE_FCNTL_H 1
| #define HAVE_STDARG_H 1
| #define HAVE_LIMITS_H 1
| #define HAVE_STRINGS_H 1
| #define HAVE_SYS_IOCTL_H 1
| #define HAVE_SYS_TIME_H 1
| #define HAVE_UNISTD_H 1
| #define HAVE_FEATURES_H 1
| #define TIME_WITH_SYS_TIME 1
| #define HAVE_STRUCT_TM_TM_ZONE 1
| #define HAVE_TM_ZONE 1
| #define RETSIGTYPE void
| #define HAVE_STRFTIME 1
| #define HAVE_VPRINTF 1
| /* end confdefs.h.  */
| /* Define _doprnt to an innocuous variant, in case <limits.h> declares _doprnt.
|    For example, HP-UX 11i <limits.h> declares gettimeofday.  */
| #define _doprnt innocuous__doprnt
| 
| /* System header to define __stub macros and hopefully few prototypes,
|     which can conflict with char _doprnt (); below.
|     Prefer <limits.h> to <assert.h> if __STDC__ is defined, since
|     <limits.h> exists even on freestanding compilers.  */
| 
| #ifdef __STDC__
| # include <limits.h>
| #else
| # include <assert.h>
| #endif
| 
| #undef _doprnt
| 
| /* Override any gcc2 internal prototype to avoid an error.  */
| #ifdef __cplusplus
| extern "C"
| {
| #endif
| /* We use char because int might match the return type of a gcc2
|    builtin and then its argument prototype would still apply.  */
| char _doprnt ();
| /* The GNU C library defines this for functions which it implements
|     to always fail with ENOSYS.  Some functions are actually named
|     something starting with __ and the normal name is an alias.  */
| #if defined (__stub__doprnt) || defined (__stub____doprnt)
| choke me
| #else
| char (*f) () = _doprnt;
| #endif
| #ifdef __cplusplus
| }
| #endif
| 
| int
| main ()
| {
| return f != _doprnt;
|   ;
|   return 0;
| }
configure:4668: result: no
configure:4682: checking for wait3 that fills in rusage
configure:4733: gcc -o conftest -g -O2   conftest.c  >&5
conftest.c: In function 'main':
conftest.c:53:11: warning: implicit declaration of function 'fork' [-Wimplicit-function-declaration]
   switch (fork ())
           ^
conftest.c:56:7: warning: implicit declaration of function 'sleep' [-Wimplicit-function-declaration]
       sleep(1); /* Give up the CPU.  */
       ^
conftest.c:57:7: warning: implicit declaration of function '_exit' [-Wimplicit-function-declaration]
       _exit(0);
       ^
conftest.c:57:7: warning: incompatible implicit declaration of built-in function '_exit'
conftest.c:63:7: warning: implicit declaration of function 'wait3' [-Wimplicit-function-declaration]
       wait3(&i, 0, &r);
       ^
conftest.c:66:7: warning: implicit declaration of function 'exit' [-Wimplicit-function-declaration]
       exit (r.ru_nvcsw == 0 && r.ru_majflt == 0 && r.ru_minflt == 0
       ^
conftest.c:66:7: warning: incompatible implicit declaration of built-in function 'exit'
conftest.c:66:7: note: include '<stdlib.h>' or provide a declaration of 'exit'
configure:4736: $? = 0
configure:4738: ./conftest
configure:4741: $? = 0
configure:4755: result: yes
configure:4776: checking for gettimeofday
configure:4833: gcc -o conftest -g -O2   conftest.c  >&5
configure:4839: $? = 0
configure:4842: test -z 			 || test ! -s conftest.err
configure:4845: $? = 0
configure:4848: test -s conftest
configure:4851: $? = 0
configure:4863: result: yes
configure:4776: checking for mktime
configure:4833: gcc -o conftest -g -O2   conftest.c  >&5
configure:4839: $? = 0
configure:4842: test -z 			 || test ! -s conftest.err
configure:4845: $? = 0
configure:4848: test -s conftest
configure:4851: $? = 0
configure:4863: result: yes
configure:4776: checking for putenv
configure:4833: gcc -o conftest -g -O2   conftest.c  >&5
configure:4839: $? = 0
configure:4842: test -z 			 || test ! -s conftest.err
configure:4845: $? = 0
configure:4848: test -s conftest
configure:4851: $? = 0
configure:4863: result: yes
configure:4776: checking for strerror
configure:4833: gcc -o conftest -g -O2   conftest.c  >&5
configure:4839: $? = 0
configure:4842: test -z 			 || test ! -s conftest.err
configure:4845: $? = 0
configure:4848: test -s conftest
configure:4851: $? = 0
configure:4863: result: yes
configure:4776: checking for strspn
configure:4833: gcc -o conftest -g -O2   conftest.c  >&5
conftest.c:64:6: warning: conflicting types for built-in function 'strspn'
 char strspn ();
      ^
configure:4839: $? = 0
configure:4842: test -z 			 || test ! -s conftest.err
configure:4845: $? = 0
configure:4848: test -s conftest
configure:4851: $? = 0
configure:4863: result: yes
configure:4776: checking for strtod
configure:4833: gcc -o conftest -g -O2   conftest.c  >&5
configure:4839: $? = 0
configure:4842: test -z 			 || test ! -s conftest.err
configure:4845: $? = 0
configure:4848: test -s conftest
configure:4851: $? = 0
configure:4863: result: yes
configure:4776: checking for strtol
configure:4833: gcc -o conftest -g -O2   conftest.c  >&5
configure:4839: $? = 0
configure:4842: test -z 			 || test ! -s conftest.err
configure:4845: $? = 0
configure:4848: test -s conftest
configure:4851: $? = 0
configure:4863: result: yes
configure:4776: checking for strtoul
configure:4833: gcc -o conftest -g -O2   conftest.c  >&5
configure:4839: $? = 0
configure:4842: test -z 			 || test ! -s conftest.err
configure:4845: $? = 0
configure:4848: test -s conftest
configure:4851: $? = 0
configure:4863: result: yes
configure:4879: checking for random
configure:4936: gcc -o conftest -g -O2   conftest.c  >&5
configure:4942: $? = 0
configure:4945: test -z 			 || test ! -s conftest.err
configure:4948: $? = 0
configure:4951: test -s conftest
configure:4954: $? = 0
configure:4966: result: yes
configure:4879: checking for rand
configure:4936: gcc -o conftest -g -O2   conftest.c  >&5
configure:4942: $? = 0
configure:4945: test -z 			 || test ! -s conftest.err
configure:4948: $? = 0
configure:4951: test -s conftest
configure:4954: $? = 0
configure:4966: result: yes
configure:4879: checking for drand48
configure:4936: gcc -o conftest -g -O2   conftest.c  >&5
configure:4942: $? = 0
configure:4945: test -z 			 || test ! -s conftest.err
configure:4948: $? = 0
configure:4951: test -s conftest
configure:4954: $? = 0
configure:4966: result: yes
configure:5121: checking for lockf
configure:5178: gcc -o conftest -g -O2   conftest.c  >&5
configure:5184: $? = 0
configure:5187: test -z 			 || test ! -s conftest.err
configure:5190: $? = 0
configure:5193: test -s conftest
configure:5196: $? = 0
configure:5208: result: yes
configure:5229: checking pthread.h usability
configure:5241: gcc -c -g -O2  conftest.c >&5
configure:5247: $? = 0
configure:5250: test -z 			 || test ! -s conftest.err
configure:5253: $? = 0
configure:5256: test -s conftest.o
configure:5259: $? = 0
configure:5269: result: yes
configure:5273: checking pthread.h presence
configure:5283: gcc -E  conftest.c
configure:5289: $? = 0
configure:5309: result: yes
configure:5344: checking for pthread.h
configure:5351: result: yes
configure:5377: checking build system type
configure:5395: result: x86_64-unknown-linux-gnu
configure:5403: checking host system type
configure:5417: result: x86_64-unknown-linux-gnu
configure:5439: checking for snprintf
configure:5496: gcc -o conftest -g -O2   conftest.c  >&5
conftest.c:73:6: warning: conflicting types for built-in function 'snprintf'
 char snprintf ();
      ^
configure:5502: $? = 0
configure:5505: test -z 			 || test ! -s conftest.err
configure:5508: $? = 0
configure:5511: test -s conftest
configure:5514: $? = 0
configure:5526: result: yes
configure:5537: checking for vsnprintf
configure:5594: gcc -o conftest -g -O2   conftest.c  >&5
conftest.c:74:6: warning: conflicting types for built-in function 'vsnprintf'
 char vsnprintf ();
      ^
configure:5600: $? = 0
configure:5603: test -z 			 || test ! -s conftest.err
configure:5606: $? = 0
configure:5609: test -s conftest
configure:5612: $? = 0
configure:5624: result: yes
configure:5646: checking for localtime_r
configure:5703: gcc -o conftest -g -O2   conftest.c  >&5
configure:5709: $? = 0
configure:5712: test -z 			 || test ! -s conftest.err
configure:5715: $? = 0
configure:5718: test -s conftest
configure:5721: $? = 0
configure:5733: result: yes
configure:5740: checking whether localtime_r is declared
configure:5758: result: yes
configure:5803: checking for gmtime_r
configure:5860: gcc -o conftest -g -O2   conftest.c  >&5
configure:5866: $? = 0
configure:5869: test -z 			 || test ! -s conftest.err
configure:5872: $? = 0
configure:5875: test -s conftest
configure:5878: $? = 0
configure:5890: result: yes
configure:5897: checking whether gmtime_r is declared
configure:5915: result: yes
configure:5960: checking for strtok_r
configure:6017: gcc -o conftest -g -O2   conftest.c  >&5
configure:6023: $? = 0
configure:6026: test -z 			 || test ! -s conftest.err
configure:6029: $? = 0
configure:6032: test -s conftest
configure:6035: $? = 0
configure:6047: result: yes
configure:6054: checking whether strtok_r is declared
configure:6072: result: yes
configure:6113: checking for mkstemp
configure:6170: gcc -o conftest -g -O2   conftest.c  >&5
configure:6176: $? = 0
configure:6179: test -z 			 || test ! -s conftest.err
configure:6182: $? = 0
configure:6185: test -s conftest
configure:6188: $? = 0
configure:6200: result: yes
configure:6219: checking for regexec
configure:6276: gcc -o conftest -g -O2   conftest.c  >&5
configure:6282: $? = 0
configure:6285: test -z 			 || test ! -s conftest.err
configure:6288: $? = 0
configure:6291: test -s conftest
configure:6294: $? = 0
configure:6306: result: yes
configure:6323: checking for deflate in -lz
configure:6353: gcc -o conftest -g -O2   conftest.c -lz   >&5
configure:6359: $? = 0
configure:6362: test -z 			 || test ! -s conftest.err
configure:6365: $? = 0
configure:6368: test -s conftest
configure:6371: $? = 0
configure:6384: result: yes
configure:6443: checking for apache apxs
configure:6470: result: not found
configure:6512: checking for python includes
configure:6574: result: found /usr/include/python2.7
configure:6606: checking for perl >= 5.006
configure:6628: result: found /usr/bin/perl
configure:6655: checking for ruby
configure:6674: result: found /usr/bin/ruby
configure:6701: checking for j2sdk path
configure:6734: result: not found
configure:6864: result: Disabling csharp module
configure:7271: creating ./config.status

## ---------------------- ##
## Running config.status. ##
## ---------------------- ##

This file was extended by config.status, which was
generated by GNU Autoconf 2.59.  Invocation command line was

  CONFIG_FILES    = 
  CONFIG_HEADERS  = 
  CONFIG_LINKS    = 
  CONFIG_COMMANDS = 
  $ ./config.status 

on 5ab4ba71c3d5

config.status:716: creating rules.mk
config.status:782: creating cs_config.h

## ---------------- ##
## Cache variables. ##
## ---------------- ##

ac_cv_build=x86_64-unknown-linux-gnu
ac_cv_build_alias=x86_64-unknown-linux-gnu
ac_cv_c_compiler_gnu=yes
ac_cv_c_const=yes
ac_cv_env_CC_set=
ac_cv_env_CC_value=
ac_cv_env_CFLAGS_set=
ac_cv_env_CFLAGS_value=
ac_cv_env_CPPFLAGS_set=
ac_cv_env_CPPFLAGS_value=
ac_cv_env_CPP_set=
ac_cv_env_CPP_value=
ac_cv_env_LDFLAGS_set=
ac_cv_env_LDFLAGS_value=
ac_cv_env_build_alias_set=
ac_cv_env_build_alias_value=
ac_cv_env_host_alias_set=set
ac_cv_env_host_alias_value=x86_64-unknown-linux
ac_cv_env_target_alias_set=
ac_cv_env_target_alias_value=
ac_cv_exeext=
ac_cv_func__doprnt=no
ac_cv_func_drand48=yes
ac_cv_func_gettimeofday=yes
ac_cv_func_gmtime_r=yes
ac_cv_func_localtime_r=yes
ac_cv_func_lockf=yes
ac_cv_func_mkstemp=yes
ac_cv_func_mktime=yes
ac_cv_func_putenv=yes
ac_cv_func_rand=yes
ac_cv_func_random=yes
ac_cv_func_regexec=yes
ac_cv_func_snprintf=yes
ac_cv_func_strerror=yes
ac_cv_func_strftime=yes
ac_cv_func_strspn=yes
ac_cv_func_strtod=yes
ac_cv_func_strtok_r=yes
ac_cv_func_strtol=yes
ac_cv_func_strtoul=yes
ac_cv_func_vprintf=yes
ac_cv_func_vsnprintf=yes
ac_cv_func_wait3_rusage=yes
ac_cv_header_dirent_dirent_h=yes
ac_cv_header_fcntl_h=yes
ac_cv_header_features_h=yes
ac_cv_header_inttypes_h=yes
ac_cv_header_limits_h=yes
ac_cv_header_memory_h=yes
ac_cv_header_pthread_h=yes
ac_cv_header_stdarg_h=yes
ac_cv_header_stdc=yes
ac_cv_header_stdint_h=yes
ac_cv_header_stdlib_h=yes
ac_cv_header_string_h=yes
ac_cv_header_strings_h=yes
ac_cv_header_sys_ioctl_h=yes
ac_cv_header_sys_stat_h=yes
ac_cv_header_sys_time_h=yes
ac_cv_header_sys_types_h=yes
ac_cv_header_sys_wait_h=yes
ac_cv_header_time=yes
ac_cv_header_unistd_h=yes
ac_cv_header_varargs_h=no
ac_cv_host=x86_64-unknown-linux-gnu
ac_cv_host_alias=x86_64-unknown-linux
ac_cv_lib_z_deflate=yes
ac_cv_member_struct_tm_tm_zone=yes
ac_cv_objext=o
ac_cv_path_install='/usr/bin/install -c'
ac_cv_prog_AR=ar
ac_cv_prog_CPP='gcc -E'
ac_cv_prog_ac_ct_CC=gcc
ac_cv_prog_ac_ct_RANLIB=ranlib
ac_cv_prog_cc_g=yes
ac_cv_prog_cc_stdc=
ac_cv_prog_egrep='grep -E'
ac_cv_prog_make_make_set=yes
ac_cv_search_opendir='none required'
ac_cv_struct_tm=time.h
ac_cv_type_mode_t=yes
ac_cv_type_off_t=yes
ac_cv_type_pid_t=yes
ac_cv_type_signal=void
ac_cv_type_size_t=yes
cs_cv_apache=yes
cs_cv_apache_path=
cs_cv_compression=yes
cs_cv_csharp=no
cs_cv_csharp_path=no
cs_cv_java=yes
cs_cv_java_path=no
cs_cv_missing=no
cs_cv_need_reentrant=no
cs_cv_perl=yes
cs_cv_perl_path=no
cs_cv_pthread=yes
cs_cv_python=yes
cs_cv_python_path=/usr/bin/python2
cs_cv_regex=yes
cs_cv_ruby=yes
cs_cv_ruby_path=no
cs_cv_snprintf=no
cs_cv_wdb=no

## ----------------- ##
## Output variables. ##
## ----------------- ##

APXS_PATH=''
AR='ar'
BUILD_WRAPPERS=' python perl ruby'
CC='gcc'
CFLAGS='-g -O2'
CPP='gcc -E'
CPPFLAGS=''
CSHARP_PATH=''
DEFS='-DHAVE_CONFIG_H'
ECHO_C=''
ECHO_N='-n'
ECHO_T=''
EGREP='grep -E'
EXEEXT=''
EXTRA_UTL_OBJS=''
EXTRA_UTL_SRC=' ulocks.c rcfs.c skiplist.c dict.c filter.c neo_net.c neo_server.c'
INSTALL_DATA='${INSTALL} -m 644'
INSTALL_PROGRAM='${INSTALL}'
INSTALL_SCRIPT='${INSTALL}'
JAVA_INCLUDE_PATH=''
JAVA_PATH=''
LDFLAGS=''
LIBOBJS=''
LIBS=' -lz'
LN_S='ln -s'
LTLIBOBJS=''
OBJEXT='o'
PACKAGE_BUGREPORT=''
PACKAGE_NAME=''
PACKAGE_STRING=''
PACKAGE_TARNAME=''
PACKAGE_VERSION=''
PATH_SEPARATOR=':'
PERL='/usr/bin/perl'
PYTHON='/usr/bin/python2'
PYTHON_INC='-I/usr/include/python2.7'
PYTHON_LIB='-L/usr/lib/python2.7/config -lpython2.7'
PYTHON_SITE='/usr/lib/python2.7/site-packages'
RANLIB='ranlib'
RUBY='/usr/bin/ruby'
SET_MAKE=''
SHELL='/bin/sh'
USE_MINGW32=''
_ACJNI_JAVAC=''
ac_ct_CC='gcc'
ac_ct_RANLIB='ranlib'
bindir='${exec_prefix}/bin'
build='x86_64-unknown-linux-gnu'
build_alias=''
build_cpu='x86_64'
build_os='linux-gnu'
build_vendor='unknown'
datadir='${prefix}/share'
exec_prefix='${prefix}'
host='x86_64-unknown-linux-gnu'
host_alias='x86_64-unknown-linux'
host_cpu='x86_64'
host_os='linux-gnu'
host_vendor='unknown'
includedir='${prefix}/include'
infodir='${prefix}/info'
libdir='${exec_prefix}/lib'
libexecdir='${exec_prefix}/libexec'
localstatedir='${prefix}/var'
mandir='${prefix}/man'
oldincludedir='/usr/include'
prefix='/usr'
program_transform_name='s,x,x,'
sbindir='${exec_prefix}/sbin'
sharedstatedir='${prefix}/com'
sysconfdir='${prefix}/etc'
target_alias=''

## ----------- ##
## confdefs.h. ##
## ----------- ##

#define HAVE_DIRENT_H 1
#define HAVE_DRAND48 1
#define HAVE_FCNTL_H 1
#define HAVE_FEATURES_H 1
#define HAVE_GETTIMEOFDAY 1
#define HAVE_GMTIME_R 1
#define HAVE_GMTIME_R 1
#define HAVE_INTTYPES_H 1
#define HAVE_LIMITS_H 1
#define HAVE_LOCALTIME_R 1
#define HAVE_LOCALTIME_R 1
#define HAVE_LOCKF 1
#define HAVE_MEMORY_H 1
#define HAVE_MKSTEMP 1
#define HAVE_MKTIME 1
#define HAVE_PTHREADS 1
#define HAVE_PUTENV 1
#define HAVE_RAND 1
#define HAVE_RANDOM 1
#define HAVE_REGEX 1
#define HAVE_SNPRINTF 1
#define HAVE_STDARG_H 1
#define HAVE_STDINT_H 1
#define HAVE_STDLIB_H 1
#define HAVE_STRERROR 1
#define HAVE_STRFTIME 1
#define HAVE_STRINGS_H 1
#define HAVE_STRINGS_H 1
#define HAVE_STRING_H 1
#define HAVE_STRSPN 1
#define HAVE_STRTOD 1
#define HAVE_STRTOK_R 1
#define HAVE_STRTOK_R 1
#define HAVE_STRTOL 1
#define HAVE_STRTOUL 1
#define HAVE_STRUCT_TM_TM_ZONE 1
#define HAVE_SYS_IOCTL_H 1
#define HAVE_SYS_STAT_H 1
#define HAVE_SYS_TIME_H 1
#define HAVE_SYS_TYPES_H 1
#define HAVE_SYS_WAIT_H 1
#define HAVE_TM_ZONE 1
#define HAVE_UNISTD_H 1
#define HAVE_UNISTD_H 1
#define HAVE_VPRINTF 1
#define HAVE_VSNPRINTF 1
#define HAVE_WAIT3 1
#define HTML_COMPRESSION 1
#define PACKAGE_BUGREPORT ""
#define PACKAGE_NAME ""
#define PACKAGE_STRING ""
#define PACKAGE_TARNAME ""
#define PACKAGE_VERSION ""
#define RETSIGTYPE void
#define STDC_HEADERS 1
#define TIME_WITH_SYS_TIME 1

configure: exit 0

===> Finished printing config.logs></pre></code>
        </body></html>
