        <html><head></head><body>
        <h1>Report for ctemplate on toolchain
            <a href="index.html">vanilla</a>
        </h1>
        <p>Return code: 0</p>
        <p>Time to run: 00:03:42</p>
        <p>Log output:</p>
        <code><pre><docker run --rm -v /tuscan_data --volumes-from tuscan_data -v /sources --volumes-from sources -v /var/cache/pacman/pkg --volumes-from pkg_cache_vanilla -v logs:/logs make_package_container --sources-directory /sources --shared-directory /tuscan_data ctemplate
:: Synchronizing package databases...
downloading repo.db...
downloading core.db...
downloading extra.db...
downloading community.db...
Found 3148 packages in cache
Found permanent source directory in /sources/ctemplate
===> sudo -u tuscan  makepkg --noextract --syncdeps --skipinteg --skippgpcheck --skipchecksums --noconfirm --nocolor --log --noprogressbar --nocheck
==> Making package: ctemplate 2.3-2 (Sat Nov 14 12:20:16 UTC 2015)
==> Checking runtime dependencies...
==> Checking buildtime dependencies...
==> Installing missing dependencies...
resolving dependencies...
looking for conflicting packages...

Packages (6) apr-1.5.2-1  apr-util-1.5.4-1  serf-1.3.8-1  sqlite-3.9.2-1  python2-2.7.10-2  subversion-1.9.2-1

Total Installed Size:  111.59 MiB

:: Proceed with installation? [Y/n] 
checking keyring...
checking package integrity...
loading package files...
checking for file conflicts...
checking available disk space...
installing sqlite...
installing apr...
installing apr-util...
Optional dependencies for apr-util
    gdbm: enable gdbm support [installed]
    libldap: enable ldap support [installed]
    unixodbc: enable odbc support
    libmariadbclient: enable mysql/mariadb support
    postgresql-libs: enable postgres support
    db: enable berkley db support [installed]
    sqlite: enable sqlite support [installed]
    nss: enable nss crypto support
    openssl: enable openssl crypto support [installed]
installing serf...
installing subversion...
Optional dependencies for subversion
    libgnome-keyring: for GNOME Keyring for auth credentials
    kdebase-runtime: for KWallet for auth credentials
    bash-completion: for svn bash completion
    python2: for some hook scripts [pending]
    java-environment: for Java support
    ruby: for some hook scripts
installing python2...
Optional dependencies for python2
    tk: for IDLE
    python2-setuptools
    python2-pip
==> WARNING: Using existing $srcdir/ tree
==> Starting build()...
checking whether make supports nested variables... yes
checking build system type... x86_64-unknown-linux-gnu
checking host system type... x86_64-unknown-linux-gnu
checking for a BSD-compatible install... /usr/bin/install -c
checking whether build environment is sane... yes
checking for x86_64-unknown-linux-strip... no
checking for strip... strip
checking for a thread-safe mkdir -p... /usr/bin/mkdir -p
checking for gawk... gawk
checking whether make sets $(MAKE)... yes
checking for x86_64-unknown-linux-g++... no
checking for x86_64-unknown-linux-c++... no
checking for x86_64-unknown-linux-gpp... no
checking for x86_64-unknown-linux-aCC... no
checking for x86_64-unknown-linux-CC... no
checking for x86_64-unknown-linux-cxx... no
checking for x86_64-unknown-linux-cc++... no
checking for x86_64-unknown-linux-cl.exe... no
checking for x86_64-unknown-linux-FCC... no
checking for x86_64-unknown-linux-KCC... no
checking for x86_64-unknown-linux-RCC... no
checking for x86_64-unknown-linux-xlC_r... no
checking for x86_64-unknown-linux-xlC... no
checking for g++... g++
checking whether the C++ compiler works... yes
checking for C++ compiler default output file name... a.out
checking for suffix of executables... 
checking whether we are cross compiling... no
checking for suffix of object files... o
checking whether we are using the GNU C++ compiler... yes
checking whether g++ accepts -g... yes
checking for style of include used by make... GNU
checking dependency style of g++... gcc3
checking for x86_64-unknown-linux-gcc... no
checking for gcc... gcc
checking whether we are using the GNU C compiler... yes
checking whether gcc accepts -g... yes
checking for gcc option to accept ISO C89... none needed
checking dependency style of gcc... gcc3
checking whether gcc and cc understand -c and -o together... yes
checking how to run the C preprocessor... gcc -E
checking for a sed that does not truncate output... /usr/bin/sed
checking for grep that handles long lines and -e... /usr/bin/grep
checking for egrep... /usr/bin/grep -E
checking for fgrep... /usr/bin/grep -F
checking for ld used by gcc... /usr/bin/ld
checking if the linker (/usr/bin/ld) is GNU ld... yes
checking for BSD- or MS-compatible name lister (nm)... /usr/bin/nm -B
checking the name lister (/usr/bin/nm -B) interface... BSD nm
checking whether ln -s works... yes
checking the maximum length of command line arguments... 1572864
checking whether the shell understands some XSI constructs... yes
checking whether the shell understands "+="... yes
checking for /usr/bin/ld option to reload object files... -r
checking for x86_64-unknown-linux-objdump... no
checking for objdump... objdump
checking how to recognize dependent libraries... pass_all
checking for x86_64-unknown-linux-ar... no
checking for ar... ar
checking for x86_64-unknown-linux-strip... strip
checking for x86_64-unknown-linux-ranlib... no
checking for ranlib... ranlib
checking command to parse /usr/bin/nm -B output from gcc object... ok
checking for ANSI C header files... yes
checking for sys/types.h... yes
checking for sys/stat.h... yes
checking for stdlib.h... yes
checking for string.h... yes
checking for memory.h... yes
checking for strings.h... yes
checking for inttypes.h... yes
checking for stdint.h... yes
checking for unistd.h... yes
checking for dlfcn.h... yes
checking whether we are using the GNU C++ compiler... (cached) yes
checking whether g++ accepts -g... (cached) yes
checking dependency style of g++... (cached) gcc3
checking how to run the C++ preprocessor... g++ -E
checking for objdir... .libs
checking if gcc supports -fno-rtti -fno-exceptions... no
checking for gcc option to produce PIC... -fPIC -DPIC
checking if gcc PIC flag -fPIC -DPIC works... yes
checking if gcc static flag -static works... yes
checking if gcc supports -c -o file.o... yes
checking if gcc supports -c -o file.o... (cached) yes
checking whether the gcc linker (/usr/bin/ld -m elf_x86_64) supports shared libraries... yes
checking whether -lc should be explicitly linked in... no
checking dynamic linker characteristics... GNU/Linux ld.so
checking how to hardcode library paths into programs... immediate
checking whether stripping libraries is possible... yes
checking if libtool supports shared libraries... yes
checking whether to build shared libraries... yes
checking whether to build static libraries... yes
checking for ld used by g++... /usr/bin/ld -m elf_x86_64
checking if the linker (/usr/bin/ld -m elf_x86_64) is GNU ld... yes
checking whether the g++ linker (/usr/bin/ld -m elf_x86_64) supports shared libraries... yes
checking for g++ option to produce PIC... -fPIC -DPIC
checking if g++ PIC flag -fPIC -DPIC works... yes
checking if g++ static flag -static works... yes
checking if g++ supports -c -o file.o... yes
checking if g++ supports -c -o file.o... (cached) yes
checking whether the g++ linker (/usr/bin/ld -m elf_x86_64) supports shared libraries... yes
checking dynamic linker characteristics... GNU/Linux ld.so
checking how to hardcode library paths into programs... immediate
checking whether ln -s works... yes
checking for __attribute__... yes
checking for ANSI C header files... (cached) yes
checking printf format code for printing a size_t and ssize_t... l
checking for getopt_long... yes
checking for getopt... yes
checking getopt.h usability... yes
checking getopt.h presence... yes
checking for getopt.h... yes
checking utime.h usability... yes
checking utime.h presence... yes
checking for utime.h... yes
checking for uint32_t... yes
checking for u_int32_t... yes
checking for __int32... no
checking for uint64_t... yes
checking for u_int64_t... yes
checking for __int64... no
checking for dirent.h that defines DIR... yes
checking for library containing opendir... none required
checking byteswap.h usability... yes
checking byteswap.h presence... yes
checking for byteswap.h... yes
checking libkern/OSByteOrder.h usability... no
checking libkern/OSByteOrder.h presence... no
checking for libkern/OSByteOrder.h... no
checking sys/byteorder.h usability... no
checking sys/byteorder.h presence... no
checking for sys/byteorder.h... no
checking endian.h usability... yes
checking endian.h presence... yes
checking for endian.h... yes
checking machine/endian.h usability... no
checking machine/endian.h presence... no
checking for machine/endian.h... no
checking sys/endian.h usability... no
checking sys/endian.h presence... no
checking for sys/endian.h... no
checking sys/isa_defs.h usability... no
checking sys/isa_defs.h presence... no
checking for sys/isa_defs.h... no
checking for the pthreads library -lpthreads... no
checking whether pthreads work without any flags... no
checking whether pthreads work with -Kthread... no
checking whether pthreads work with -kthread... no
checking for the pthreads library -llthread... no
checking whether pthreads work with -pthread... yes
checking for joinable pthread attribute... PTHREAD_CREATE_JOINABLE
checking if more special flags are required for pthreads... no
checking whether to check for GCC pthread/shared inconsistencies... yes
checking whether -pthread is sufficient with -shared... yes
checking whether what we have so far is sufficient with -nostdlib... no
checking whether -lpthread saves the day... yes
checking support for pthread_rwlock_* functions... yes
checking whether first argument to InterlockedExchange omits volatile... yes
checking whether the compiler implements namespaces... yes
checking what namespace STL code is in... std
checking the location of hash_map... <tr1/unordered_map>
configure: creating ./config.status
config.status: creating Makefile
config.status: creating src/ctemplate/template_string.h
config.status: creating src/ctemplate/template_enums.h
config.status: creating src/ctemplate/template.h
config.status: creating src/ctemplate/template_cache.h
config.status: creating src/ctemplate/template_modifiers.h
config.status: creating src/ctemplate/template_emitter.h
config.status: creating src/ctemplate/template_annotator.h
config.status: creating src/ctemplate/template_dictionary.h
config.status: creating src/ctemplate/template_pathops.h
config.status: creating src/ctemplate/template_namelist.h
config.status: creating src/ctemplate/find_ptr.h
config.status: creating src/ctemplate/per_expand_data.h
config.status: creating src/ctemplate/str_ref.h
config.status: creating src/ctemplate/template_dictionary_interface.h
config.status: creating src/config.h
config.status: executing depfiles commands
config.status: executing libtool commands
 cd . && /bin/sh /tmp/ctemplate/src/ctemplate-2.3/missing --run automake-1.11 --gnu
/tmp/ctemplate/src/ctemplate-2.3/missing: line 54: automake-1.11: command not found
WARNING: `automake-1.11' is missing on your system.  You should only need it if
         you modified `Makefile.am', `acinclude.m4' or `configure.ac'.
         You might want to install the `Automake' and `Perl' packages.
         Grab them from any GNU archive site.
CDPATH="${ZSH_VERSION+.}:" && cd . && /bin/sh /tmp/ctemplate/src/ctemplate-2.3/missing --run autoconf
configure.ac:53: warning: AC_LANG_CONFTEST: no AC_LANG_SOURCE call detected in body
../../lib/autoconf/lang.m4:193: AC_LANG_CONFTEST is expanded from...
../../lib/autoconf/general.m4:2661: _AC_LINK_IFELSE is expanded from...
../../lib/autoconf/general.m4:2678: AC_LINK_IFELSE is expanded from...
m4/libtool.m4:1022: _LT_SYS_MODULE_PATH_AIX is expanded from...
m4/libtool.m4:4170: _LT_LINKER_SHLIBS is expanded from...
m4/libtool.m4:5253: _LT_LANG_C_CONFIG is expanded from...
m4/libtool.m4:138: _LT_SETUP is expanded from...
m4/libtool.m4:67: LT_INIT is expanded from...
m4/libtool.m4:102: AC_PROG_LIBTOOL is expanded from...
configure.ac:53: the top level
configure.ac:53: warning: AC_LANG_CONFTEST: no AC_LANG_SOURCE call detected in body
../../lib/autoconf/lang.m4:193: AC_LANG_CONFTEST is expanded from...
../../lib/autoconf/general.m4:2661: _AC_LINK_IFELSE is expanded from...
../../lib/autoconf/general.m4:2678: AC_LINK_IFELSE is expanded from...
m4/libtool.m4:4170: _LT_LINKER_SHLIBS is expanded from...
m4/libtool.m4:5253: _LT_LANG_C_CONFIG is expanded from...
m4/libtool.m4:138: _LT_SETUP is expanded from...
m4/libtool.m4:67: LT_INIT is expanded from...
m4/libtool.m4:102: AC_PROG_LIBTOOL is expanded from...
configure.ac:53: the top level
configure.ac:53: warning: AC_LANG_CONFTEST: no AC_LANG_SOURCE call detected in body
../../lib/autoconf/lang.m4:193: AC_LANG_CONFTEST is expanded from...
../../lib/autoconf/general.m4:2661: _AC_LINK_IFELSE is expanded from...
../../lib/autoconf/general.m4:2678: AC_LINK_IFELSE is expanded from...
m4/libtool.m4:1022: _LT_SYS_MODULE_PATH_AIX is expanded from...
m4/libtool.m4:5360: _LT_LANG_CXX_CONFIG is expanded from...
m4/libtool.m4:785: _LT_LANG is expanded from...
m4/libtool.m4:768: LT_LANG is expanded from...
m4/libtool.m4:796: _LT_LANG_DEFAULT_CONFIG is expanded from...
m4/libtool.m4:138: _LT_SETUP is expanded from...
m4/libtool.m4:67: LT_INIT is expanded from...
m4/libtool.m4:102: AC_PROG_LIBTOOL is expanded from...
configure.ac:53: the top level
/bin/sh ./config.status --recheck
running CONFIG_SHELL=/bin/sh /bin/sh ./configure --host x86_64-unknown-linux --prefix=/usr host_alias=x86_64-unknown-linux --no-create --no-recursion
checking whether make supports nested variables... yes
checking build system type... x86_64-unknown-linux-gnu
checking host system type... x86_64-unknown-linux-gnu
checking for a BSD-compatible install... /usr/bin/install -c
checking whether build environment is sane... yes
checking for x86_64-unknown-linux-strip... no
checking for strip... strip
checking for a thread-safe mkdir -p... /usr/bin/mkdir -p
checking for gawk... gawk
checking whether make sets $(MAKE)... yes
checking for x86_64-unknown-linux-g++... no
checking for x86_64-unknown-linux-c++... no
checking for x86_64-unknown-linux-gpp... no
checking for x86_64-unknown-linux-aCC... no
checking for x86_64-unknown-linux-CC... no
checking for x86_64-unknown-linux-cxx... no
checking for x86_64-unknown-linux-cc++... no
checking for x86_64-unknown-linux-cl.exe... no
checking for x86_64-unknown-linux-FCC... no
checking for x86_64-unknown-linux-KCC... no
checking for x86_64-unknown-linux-RCC... no
checking for x86_64-unknown-linux-xlC_r... no
checking for x86_64-unknown-linux-xlC... no
checking for g++... g++
checking whether the C++ compiler works... yes
checking for C++ compiler default output file name... a.out
checking for suffix of executables... 
checking whether we are cross compiling... no
checking for suffix of object files... o
checking whether we are using the GNU C++ compiler... yes
checking whether g++ accepts -g... yes
checking for style of include used by make... GNU
checking dependency style of g++... gcc3
checking for x86_64-unknown-linux-gcc... no
checking for gcc... gcc
checking whether we are using the GNU C compiler... yes
checking whether gcc accepts -g... yes
checking for gcc option to accept ISO C89... none needed
checking dependency style of gcc... gcc3
checking whether gcc and cc understand -c and -o together... yes
checking how to run the C preprocessor... gcc -E
checking for a sed that does not truncate output... /usr/bin/sed
checking for grep that handles long lines and -e... /usr/bin/grep
checking for egrep... /usr/bin/grep -E
checking for fgrep... /usr/bin/grep -F
checking for ld used by gcc... /usr/bin/ld
checking if the linker (/usr/bin/ld) is GNU ld... yes
checking for BSD- or MS-compatible name lister (nm)... /usr/bin/nm -B
checking the name lister (/usr/bin/nm -B) interface... BSD nm
checking whether ln -s works... yes
checking the maximum length of command line arguments... 1572864
checking whether the shell understands some XSI constructs... yes
checking whether the shell understands "+="... yes
checking for /usr/bin/ld option to reload object files... -r
checking for x86_64-unknown-linux-objdump... no
checking for objdump... objdump
checking how to recognize dependent libraries... pass_all
checking for x86_64-unknown-linux-ar... no
checking for ar... ar
checking for x86_64-unknown-linux-strip... strip
checking for x86_64-unknown-linux-ranlib... no
checking for ranlib... ranlib
checking command to parse /usr/bin/nm -B output from gcc object... ok
checking for ANSI C header files... yes
checking for sys/types.h... yes
checking for sys/stat.h... yes
checking for stdlib.h... yes
checking for string.h... yes
checking for memory.h... yes
checking for strings.h... yes
checking for inttypes.h... yes
checking for stdint.h... yes
checking for unistd.h... yes
checking for dlfcn.h... yes
checking whether we are using the GNU C++ compiler... (cached) yes
checking whether g++ accepts -g... (cached) yes
checking dependency style of g++... (cached) gcc3
checking how to run the C++ preprocessor... g++ -E
checking for objdir... .libs
checking if gcc supports -fno-rtti -fno-exceptions... no
checking for gcc option to produce PIC... -fPIC -DPIC
checking if gcc PIC flag -fPIC -DPIC works... yes
checking if gcc static flag -static works... yes
checking if gcc supports -c -o file.o... yes
checking if gcc supports -c -o file.o... (cached) yes
checking whether the gcc linker (/usr/bin/ld -m elf_x86_64) supports shared libraries... yes
checking whether -lc should be explicitly linked in... no
checking dynamic linker characteristics... GNU/Linux ld.so
checking how to hardcode library paths into programs... immediate
checking whether stripping libraries is possible... yes
checking if libtool supports shared libraries... yes
checking whether to build shared libraries... yes
checking whether to build static libraries... yes
checking for ld used by g++... /usr/bin/ld -m elf_x86_64
checking if the linker (/usr/bin/ld -m elf_x86_64) is GNU ld... yes
checking whether the g++ linker (/usr/bin/ld -m elf_x86_64) supports shared libraries... yes
checking for g++ option to produce PIC... -fPIC -DPIC
checking if g++ PIC flag -fPIC -DPIC works... yes
checking if g++ static flag -static works... yes
checking if g++ supports -c -o file.o... yes
checking if g++ supports -c -o file.o... (cached) yes
checking whether the g++ linker (/usr/bin/ld -m elf_x86_64) supports shared libraries... yes
checking dynamic linker characteristics... GNU/Linux ld.so
checking how to hardcode library paths into programs... immediate
checking whether ln -s works... yes
checking for __attribute__... yes
checking for ANSI C header files... (cached) yes
checking printf format code for printing a size_t and ssize_t... l
checking for getopt_long... yes
checking for getopt... yes
checking getopt.h usability... yes
checking getopt.h presence... yes
checking for getopt.h... yes
checking utime.h usability... yes
checking utime.h presence... yes
checking for utime.h... yes
checking for uint32_t... yes
checking for u_int32_t... yes
checking for __int32... no
checking for uint64_t... yes
checking for u_int64_t... yes
checking for __int64... no
checking for dirent.h that defines DIR... yes
checking for library containing opendir... none required
checking byteswap.h usability... yes
checking byteswap.h presence... yes
checking for byteswap.h... yes
checking libkern/OSByteOrder.h usability... no
checking libkern/OSByteOrder.h presence... no
checking for libkern/OSByteOrder.h... no
checking sys/byteorder.h usability... no
checking sys/byteorder.h presence... no
checking for sys/byteorder.h... no
checking endian.h usability... yes
checking endian.h presence... yes
checking for endian.h... yes
checking machine/endian.h usability... no
checking machine/endian.h presence... no
checking for machine/endian.h... no
checking sys/endian.h usability... no
checking sys/endian.h presence... no
checking for sys/endian.h... no
checking sys/isa_defs.h usability... no
checking sys/isa_defs.h presence... no
checking for sys/isa_defs.h... no
checking for the pthreads library -lpthreads... no
checking whether pthreads work without any flags... no
checking whether pthreads work with -Kthread... no
checking whether pthreads work with -kthread... no
checking for the pthreads library -llthread... no
checking whether pthreads work with -pthread... yes
checking for joinable pthread attribute... PTHREAD_CREATE_JOINABLE
checking if more special flags are required for pthreads... no
checking whether to check for GCC pthread/shared inconsistencies... yes
checking whether -pthread is sufficient with -shared... yes
checking whether what we have so far is sufficient with -nostdlib... no
checking whether -lpthread saves the day... yes
checking support for pthread_rwlock_* functions... yes
checking whether first argument to InterlockedExchange omits volatile... yes
checking whether the compiler implements namespaces... yes
checking what namespace STL code is in... std
checking the location of hash_map... <tr1/unordered_map>
configure: creating ./config.status
 /bin/sh ./config.status
config.status: creating Makefile
config.status: creating src/ctemplate/template_string.h
config.status: creating src/ctemplate/template_enums.h
config.status: creating src/ctemplate/template.h
config.status: creating src/ctemplate/template_cache.h
config.status: creating src/ctemplate/template_modifiers.h
config.status: creating src/ctemplate/template_emitter.h
config.status: creating src/ctemplate/template_annotator.h
config.status: creating src/ctemplate/template_dictionary.h
config.status: creating src/ctemplate/template_pathops.h
config.status: creating src/ctemplate/template_namelist.h
config.status: creating src/ctemplate/find_ptr.h
config.status: creating src/ctemplate/per_expand_data.h
config.status: creating src/ctemplate/str_ref.h
config.status: creating src/ctemplate/template_dictionary_interface.h
config.status: creating src/config.h
config.status: src/config.h is unchanged
config.status: executing depfiles commands
config.status: executing libtool commands
./src/htmlparser/generate_fsm.py ./src/htmlparser/htmlparser_fsm.config > src/htmlparser/htmlparser_fsm.h
./src/htmlparser/generate_fsm.py ./src/htmlparser/jsparser_fsm.config > src/htmlparser/jsparser_fsm.h
./src/htmlparser/generate_fsm.py ./src/tests/statemachine_test_fsm.config > src/tests/statemachine_test_fsm.h
ln -s src/htmlparser/statemachine.cc statemachine.c
make  all-am
make[1]: Entering directory '/tmp/ctemplate/src/ctemplate-2.3'
  CXX    libctemplate_la-arena.lo
  CXX    libctemplate_la-per_expand_data.lo
  CXX    libctemplate_la-template.lo
  CXX    libctemplate_la-template_annotator.lo
  CXX    libctemplate_la-template_cache.lo
  CXX    libctemplate_la-template_dictionary.lo
  CXX    libctemplate_la-template_modifiers.lo
  CXX    libctemplate_la-template_namelist.lo
  CXX    libctemplate_la-template_pathops.lo
  CXX    libctemplate_la-template_string.lo
  CXX    libctemplate_la-htmlparser.lo
  CXX    libctemplate_la-jsparser.lo
  CXX    libctemplate_la-statemachine.lo
  CXXLD  libctemplate.la
ar: `u' modifier ignored since `D' is the default (see `U')
  CXX    libctemplate_nothreads_la-arena.lo
  CXX    libctemplate_nothreads_la-per_expand_data.lo
  CXX    libctemplate_nothreads_la-template.lo
  CXX    libctemplate_nothreads_la-template_annotator.lo
  CXX    libctemplate_nothreads_la-template_cache.lo
  CXX    libctemplate_nothreads_la-template_dictionary.lo
  CXX    libctemplate_nothreads_la-template_modifiers.lo
  CXX    libctemplate_nothreads_la-template_namelist.lo
  CXX    libctemplate_nothreads_la-template_pathops.lo
  CXX    libctemplate_nothreads_la-template_string.lo
  CXX    libctemplate_nothreads_la-htmlparser.lo
  CXX    libctemplate_nothreads_la-jsparser.lo
  CXX    libctemplate_nothreads_la-statemachine.lo
  CXXLD  libctemplate_nothreads.la
ar: `u' modifier ignored since `D' is the default (see `U')
  CXX    libctemplate_debug_la-arena.lo
  CXX    libctemplate_debug_la-per_expand_data.lo
  CXX    libctemplate_debug_la-template.lo
  CXX    libctemplate_debug_la-template_annotator.lo
  CXX    libctemplate_debug_la-template_cache.lo
  CXX    libctemplate_debug_la-template_dictionary.lo
  CXX    libctemplate_debug_la-template_modifiers.lo
  CXX    libctemplate_debug_la-template_namelist.lo
  CXX    libctemplate_debug_la-template_pathops.lo
  CXX    libctemplate_debug_la-template_string.lo
  CXX    libctemplate_debug_la-htmlparser.lo
  CXX    libctemplate_debug_la-jsparser.lo
  CXX    libctemplate_debug_la-statemachine.lo
  CXXLD  libctemplate_debug.la
libtool: link: warning: `-version-info/-version-number' is ignored for convenience libraries
ar: `u' modifier ignored since `D' is the default (see `U')
  CXX    libctemplate_nothreads_debug_la-arena.lo
  CXX    libctemplate_nothreads_debug_la-per_expand_data.lo
  CXX    libctemplate_nothreads_debug_la-template.lo
  CXX    libctemplate_nothreads_debug_la-template_annotator.lo
  CXX    libctemplate_nothreads_debug_la-template_cache.lo
  CXX    libctemplate_nothreads_debug_la-template_dictionary.lo
  CXX    libctemplate_nothreads_debug_la-template_modifiers.lo
  CXX    libctemplate_nothreads_debug_la-template_namelist.lo
  CXX    libctemplate_nothreads_debug_la-template_pathops.lo
  CXX    libctemplate_nothreads_debug_la-template_string.lo
  CXX    libctemplate_nothreads_debug_la-htmlparser.lo
  CXX    libctemplate_nothreads_debug_la-jsparser.lo
  CXX    libctemplate_nothreads_debug_la-statemachine.lo
  CXXLD  libctemplate_nothreads_debug.la
libtool: link: warning: `-version-info/-version-number' is ignored for convenience libraries
ar: `u' modifier ignored since `D' is the default (see `U')
  CXX    libctemplate_testing_la-template_test_util.lo
  CXXLD  libctemplate_testing.la
libtool: link: warning: `-version-info/-version-number' is ignored for convenience libraries
ar: `u' modifier ignored since `D' is the default (see `U')
  CXX    libctemplate_testing_nothreads_la-template_test_util.lo
  CXXLD  libctemplate_testing_nothreads.la
libtool: link: warning: `-version-info/-version-number' is ignored for convenience libraries
ar: `u' modifier ignored since `D' is the default (see `U')
  CXX    make_tpl_varnames_h.o
  CXXLD  make_tpl_varnames_h
  CXX    diff_tpl_auto_escape.o
  CXXLD  diff_tpl_auto_escape
  CXX    compile_test-compile_test.o
  CXXLD  compile_test
  CXX    compile_nothreads_test-compile_test.o
  CXXLD  compile_nothreads_test
  CXX    template_test_util_test-template_dictionary.o
  CXX    template_test_util_test-template_test_util_test.o
  CXXLD  template_test_util_test
  CXX    template_test_util_nothreads_test-template_dictionary.o
  CXX    template_test_util_nothreads_test-template_test_util_test.o
  CXXLD  template_test_util_nothreads_test
  CXX    template_dictionary_unittest-template_dictionary_unittest.o
  CXXLD  template_dictionary_unittest
  CXX    template_dictionary_nothreads_unittest-template_dictionary_unittest.o
  CXXLD  template_dictionary_nothreads_unittest
  CXX    template_modifiers_unittest-template_modifiers_unittest.o
  CXXLD  template_modifiers_unittest
  CXX    template_modifiers_nothreads_unittest-template_modifiers_unittest.o
  CXXLD  template_modifiers_nothreads_unittest
  CXX    template_setglobals_unittest-template_setglobals_unittest.o
  CXXLD  template_setglobals_unittest
  CXX    template_setglobals_nothreads_unittest-template_setglobals_unittest.o
  CXXLD  template_setglobals_nothreads_unittest
  CXX    template_cache_test-template_cache_test.o
  CXXLD  template_cache_test
  CXX    template_cache_nothreads_test-template_cache_test.o
  CXXLD  template_cache_nothreads_test
  CXX    template_unittest-template_unittest.o
src/tests/template_unittest.cc:140:6: warning: 'bool {anonymous}::StreqExcept(const char*, const char*, const char*)' defined but not used [-Wunused-function]
 bool StreqExcept(const char* a, const char* b, const char* except) {
      ^
  CXXLD  template_unittest
  CXX    template_nothreads_unittest-template_unittest.o
src/tests/template_unittest.cc:140:6: warning: 'bool {anonymous}::StreqExcept(const char*, const char*, const char*)' defined but not used [-Wunused-function]
 bool StreqExcept(const char* a, const char* b, const char* except) {
      ^
src/tests/template_unittest.cc:167:6: warning: 'bool {anonymous}::IntEqVerbose(int, int)' defined but not used [-Wunused-function]
 bool IntEqVerbose(int a, int b) {
      ^
  CXXLD  template_nothreads_unittest
  CXX    template_regtest-template_regtest.o
In file included from ./src/ctemplate/template.h:51:0,
                 from src/tests/template_regtest.cc:67:
src/tests/template_regtest.cc:133:26: warning: 'VALID1_FN' defined but not used [-Wunused-variable]
 RegisterTemplateFilename(VALID1_FN, "template_unittest_test_valid1.in");
                          ^
./src/ctemplate/template_namelist.h:67:21: note: in definition of macro 'RegisterTemplateFilename'
   const char* const var = ::ctemplate::TemplateNamelist::RegisterTemplate(name);
                     ^
src/tests/template_regtest.cc:135:26: warning: 'INVALID2_FN' defined but not used [-Wunused-variable]
 RegisterTemplateFilename(INVALID2_FN, "template_unittest_test_invalid2.in");
                          ^
./src/ctemplate/template_namelist.h:67:21: note: in definition of macro 'RegisterTemplateFilename'
   const char* const var = ::ctemplate::TemplateNamelist::RegisterTemplate(name);
                     ^
src/tests/template_regtest.cc:136:26: warning: 'NONEXISTENT_FN' defined but not used [-Wunused-variable]
 RegisterTemplateFilename(NONEXISTENT_FN, "nonexistent__file.tpl");
                          ^
./src/ctemplate/template_namelist.h:67:21: note: in definition of macro 'RegisterTemplateFilename'
   const char* const var = ::ctemplate::TemplateNamelist::RegisterTemplate(name);
                     ^
  CXXLD  template_regtest
  CXX    template_nothreads_regtest-template_regtest.o
In file included from ./src/ctemplate/template.h:51:0,
                 from src/tests/template_regtest.cc:67:
src/tests/template_regtest.cc:133:26: warning: 'VALID1_FN' defined but not used [-Wunused-variable]
 RegisterTemplateFilename(VALID1_FN, "template_unittest_test_valid1.in");
                          ^
./src/ctemplate/template_namelist.h:67:21: note: in definition of macro 'RegisterTemplateFilename'
   const char* const var = ::ctemplate::TemplateNamelist::RegisterTemplate(name);
                     ^
src/tests/template_regtest.cc:135:26: warning: 'INVALID2_FN' defined but not used [-Wunused-variable]
 RegisterTemplateFilename(INVALID2_FN, "template_unittest_test_invalid2.in");
                          ^
./src/ctemplate/template_namelist.h:67:21: note: in definition of macro 'RegisterTemplateFilename'
   const char* const var = ::ctemplate::TemplateNamelist::RegisterTemplate(name);
                     ^
src/tests/template_regtest.cc:136:26: warning: 'NONEXISTENT_FN' defined but not used [-Wunused-variable]
 RegisterTemplateFilename(NONEXISTENT_FN, "nonexistent__file.tpl");
                          ^
./src/ctemplate/template_namelist.h:67:21: note: in definition of macro 'RegisterTemplateFilename'
   const char* const var = ::ctemplate::TemplateNamelist::RegisterTemplate(name);
                     ^
  CXXLD  template_nothreads_regtest
  CXX    htmlparser_test-htmlparser_cpp_test.o
  CXXLD  htmlparser_test
  CXX    htmlparser_nothreads_test-htmlparser_cpp_test.o
  CXXLD  htmlparser_nothreads_test
  CC     statemachine_test-statemachine_test.o
  CC     statemachine_test-statemachine.o
  CCLD   statemachine_test
  CC     generate_fsm_c_test.o
  CCLD   generate_fsm_c_test
echo 'prefix=/usr' > "libctemplate.pc".tmp
echo 'exec_prefix='`echo '/usr' | sed 's@^/usr@${prefix}@'` >> "libctemplate.pc".tmp
echo 'libdir='`echo '/usr/lib' | sed 's@^/usr@${exec_prefix}@'` >> "libctemplate.pc".tmp
echo 'includedir='`echo '/usr/include' | sed 's@^/usr@${prefix}@'` >> "libctemplate.pc".tmp
echo '' >> "libctemplate.pc".tmp
echo 'Name: ctemplate' >> "libctemplate.pc".tmp
echo 'Version: 2.3' >> "libctemplate.pc".tmp
grep '^Summary:' ./packages/rpm/rpm.spec | sed s/^Summary:/Description:/ | head -n1 >> "libctemplate.pc".tmp
grep '^URL: ' ./packages/rpm/rpm.spec >> "libctemplate.pc".tmp
echo 'Requires:' >> "libctemplate.pc".tmp
echo 'Libs: -L${libdir} -lctemplate' >> "libctemplate.pc".tmp
echo 'Libs.private: -pthread -lpthread' >> "libctemplate.pc".tmp
echo 'Cflags: -I${includedir}' >> "libctemplate.pc".tmp
mv -f "libctemplate.pc".tmp "libctemplate.pc"
grep -v Libs.private libctemplate.pc | sed s/-lctemplate/-lctemplate_nothreads/ > "libctemplate_nothreads.pc"
make[1]: Leaving directory '/tmp/ctemplate/src/ctemplate-2.3'
==> Entering fakeroot environment...
==> Starting package()...
make  install-am
make[1]: Entering directory '/tmp/ctemplate/src/ctemplate-2.3'
(CDPATH="${ZSH_VERSION+.}:" && cd . && /bin/sh /tmp/ctemplate/src/ctemplate-2.3/missing --run autoheader)
configure.ac:53: warning: AC_LANG_CONFTEST: no AC_LANG_SOURCE call detected in body
../../lib/autoconf/lang.m4:193: AC_LANG_CONFTEST is expanded from...
../../lib/autoconf/general.m4:2661: _AC_LINK_IFELSE is expanded from...
../../lib/autoconf/general.m4:2678: AC_LINK_IFELSE is expanded from...
m4/libtool.m4:1022: _LT_SYS_MODULE_PATH_AIX is expanded from...
m4/libtool.m4:4170: _LT_LINKER_SHLIBS is expanded from...
m4/libtool.m4:5253: _LT_LANG_C_CONFIG is expanded from...
m4/libtool.m4:138: _LT_SETUP is expanded from...
m4/libtool.m4:67: LT_INIT is expanded from...
m4/libtool.m4:102: AC_PROG_LIBTOOL is expanded from...
configure.ac:53: the top level
configure.ac:53: warning: AC_LANG_CONFTEST: no AC_LANG_SOURCE call detected in body
../../lib/autoconf/lang.m4:193: AC_LANG_CONFTEST is expanded from...
../../lib/autoconf/general.m4:2661: _AC_LINK_IFELSE is expanded from...
../../lib/autoconf/general.m4:2678: AC_LINK_IFELSE is expanded from...
m4/libtool.m4:4170: _LT_LINKER_SHLIBS is expanded from...
m4/libtool.m4:5253: _LT_LANG_C_CONFIG is expanded from...
m4/libtool.m4:138: _LT_SETUP is expanded from...
m4/libtool.m4:67: LT_INIT is expanded from...
m4/libtool.m4:102: AC_PROG_LIBTOOL is expanded from...
configure.ac:53: the top level
configure.ac:53: warning: AC_LANG_CONFTEST: no AC_LANG_SOURCE call detected in body
../../lib/autoconf/lang.m4:193: AC_LANG_CONFTEST is expanded from...
../../lib/autoconf/general.m4:2661: _AC_LINK_IFELSE is expanded from...
../../lib/autoconf/general.m4:2678: AC_LINK_IFELSE is expanded from...
m4/libtool.m4:1022: _LT_SYS_MODULE_PATH_AIX is expanded from...
m4/libtool.m4:5360: _LT_LANG_CXX_CONFIG is expanded from...
m4/libtool.m4:785: _LT_LANG is expanded from...
m4/libtool.m4:768: LT_LANG is expanded from...
m4/libtool.m4:796: _LT_LANG_DEFAULT_CONFIG is expanded from...
m4/libtool.m4:138: _LT_SETUP is expanded from...
m4/libtool.m4:67: LT_INIT is expanded from...
m4/libtool.m4:102: AC_PROG_LIBTOOL is expanded from...
configure.ac:53: the top level
rm -f src/stamp-h1
touch src/config.h.in
cd . && /bin/sh ./config.status src/config.h
config.status: creating src/config.h
config.status: src/config.h is unchanged
make[2]: Entering directory '/tmp/ctemplate/src/ctemplate-2.3'
 /usr/bin/mkdir -p '/tmp/ctemplate/pkg/ctemplate/usr/lib'
 /bin/sh ./libtool   --mode=install /usr/bin/install -c   libctemplate.la libctemplate_nothreads.la '/tmp/ctemplate/pkg/ctemplate/usr/lib'
libtool: install: /usr/bin/install -c .libs/libctemplate.so.3.0.0 /tmp/ctemplate/pkg/ctemplate/usr/lib/libctemplate.so.3.0.0
libtool: install: (cd /tmp/ctemplate/pkg/ctemplate/usr/lib && { ln -s -f libctemplate.so.3.0.0 libctemplate.so.3 || { rm -f libctemplate.so.3 && ln -s libctemplate.so.3.0.0 libctemplate.so.3; }; })
libtool: install: (cd /tmp/ctemplate/pkg/ctemplate/usr/lib && { ln -s -f libctemplate.so.3.0.0 libctemplate.so || { rm -f libctemplate.so && ln -s libctemplate.so.3.0.0 libctemplate.so; }; })
libtool: install: /usr/bin/install -c .libs/libctemplate.lai /tmp/ctemplate/pkg/ctemplate/usr/lib/libctemplate.la
libtool: install: /usr/bin/install -c .libs/libctemplate_nothreads.so.3.0.0 /tmp/ctemplate/pkg/ctemplate/usr/lib/libctemplate_nothreads.so.3.0.0
libtool: install: (cd /tmp/ctemplate/pkg/ctemplate/usr/lib && { ln -s -f libctemplate_nothreads.so.3.0.0 libctemplate_nothreads.so.3 || { rm -f libctemplate_nothreads.so.3 && ln -s libctemplate_nothreads.so.3.0.0 libctemplate_nothreads.so.3; }; })
libtool: install: (cd /tmp/ctemplate/pkg/ctemplate/usr/lib && { ln -s -f libctemplate_nothreads.so.3.0.0 libctemplate_nothreads.so || { rm -f libctemplate_nothreads.so && ln -s libctemplate_nothreads.so.3.0.0 libctemplate_nothreads.so; }; })
libtool: install: /usr/bin/install -c .libs/libctemplate_nothreads.lai /tmp/ctemplate/pkg/ctemplate/usr/lib/libctemplate_nothreads.la
libtool: install: /usr/bin/install -c .libs/libctemplate.a /tmp/ctemplate/pkg/ctemplate/usr/lib/libctemplate.a
libtool: install: chmod 644 /tmp/ctemplate/pkg/ctemplate/usr/lib/libctemplate.a
libtool: install: ranlib /tmp/ctemplate/pkg/ctemplate/usr/lib/libctemplate.a
libtool: install: /usr/bin/install -c .libs/libctemplate_nothreads.a /tmp/ctemplate/pkg/ctemplate/usr/lib/libctemplate_nothreads.a
libtool: install: chmod 644 /tmp/ctemplate/pkg/ctemplate/usr/lib/libctemplate_nothreads.a
libtool: install: ranlib /tmp/ctemplate/pkg/ctemplate/usr/lib/libctemplate_nothreads.a
libtool: install: warning: remember to run `libtool --finish /usr/lib'
 /usr/bin/mkdir -p '/tmp/ctemplate/pkg/ctemplate/usr/bin'
  /bin/sh ./libtool   --mode=install /usr/bin/install -c make_tpl_varnames_h diff_tpl_auto_escape '/tmp/ctemplate/pkg/ctemplate/usr/bin'
libtool: install: warning: `libctemplate_nothreads.la' has not been installed in `/usr/lib'
libtool: install: /usr/bin/install -c .libs/make_tpl_varnames_h /tmp/ctemplate/pkg/ctemplate/usr/bin/make_tpl_varnames_h
libtool: install: warning: `libctemplate_nothreads.la' has not been installed in `/usr/lib'
libtool: install: /usr/bin/install -c .libs/diff_tpl_auto_escape /tmp/ctemplate/pkg/ctemplate/usr/bin/diff_tpl_auto_escape
 /usr/bin/mkdir -p '/tmp/ctemplate/pkg/ctemplate/usr/bin'
 /usr/bin/install -c src/template-converter '/tmp/ctemplate/pkg/ctemplate/usr/bin'
 /usr/bin/mkdir -p '/tmp/ctemplate/pkg/ctemplate/usr/share/doc/ctemplate-2.3'
 /usr/bin/install -c -m 644 AUTHORS COPYING ChangeLog INSTALL NEWS README README_windows.txt doc/designstyle.css doc/index.html doc/howto.html doc/guide.html doc/reference.html doc/tips.html doc/example.html doc/auto_escape.html doc/xss_resources.html '/tmp/ctemplate/pkg/ctemplate/usr/share/doc/ctemplate-2.3'
 /usr/bin/mkdir -p '/tmp/ctemplate/pkg/ctemplate/usr/include/ctemplate'
 /usr/bin/install -c -m 644 src/ctemplate/template.h src/ctemplate/template_cache.h src/ctemplate/template_string.h src/ctemplate/template_enums.h src/ctemplate/template_pathops.h src/ctemplate/template_modifiers.h src/ctemplate/template_dictionary.h src/ctemplate/template_dictionary_interface.h src/ctemplate/template_annotator.h src/ctemplate/template_emitter.h src/ctemplate/template_namelist.h src/ctemplate/per_expand_data.h src/ctemplate/str_ref.h '/tmp/ctemplate/pkg/ctemplate/usr/include/ctemplate'
 /usr/bin/mkdir -p '/tmp/ctemplate/pkg/ctemplate/usr/lib/pkgconfig'
 /usr/bin/install -c -m 644 libctemplate.pc libctemplate_nothreads.pc '/tmp/ctemplate/pkg/ctemplate/usr/lib/pkgconfig'
make[2]: Leaving directory '/tmp/ctemplate/src/ctemplate-2.3'
make[1]: Leaving directory '/tmp/ctemplate/src/ctemplate-2.3'
==> Tidying install...
  -> Removing doc files...
  -> Purging unwanted files...
==> Creating package "ctemplate"...
  -> Generating .PKGINFO file...
  -> Generating .MTREE file...
  -> Compressing package...
==> Leaving fakeroot environment.
==> Finished making: ctemplate 2.3-2 (Sat Nov 14 12:23:49 UTC 2015)
===> Printing config.logs
found log at /tmp/ctemplate/src/ctemplate-2.3/config.log
____
File /tmp/ctemplate/src/ctemplate-2.3/config.log
This file contains any messages produced by compilers while
running configure, to aid debugging if configure makes a mistake.

It was created by ctemplate configure 2.3, which was
generated by GNU Autoconf 2.69.  Invocation command line was

  $ ./configure --host x86_64-unknown-linux --prefix=/usr host_alias=x86_64-unknown-linux --no-create --no-recursion

## --------- ##
## Platform. ##
## --------- ##

hostname = 15b47e383955
uname -m = x86_64
uname -r = 3.13.0-66-generic
uname -s = Linux
uname -v = #108-Ubuntu SMP Wed Oct 7 15:20:27 UTC 2015

/usr/bin/uname -p = unknown
/bin/uname -X     = unknown

/bin/arch              = unknown
/usr/bin/arch -k       = unknown
/usr/convex/getsysinfo = unknown
/usr/bin/hostinfo      = unknown
/bin/machine           = unknown
/usr/bin/oslevel       = unknown
/bin/universe          = unknown

PATH: /usr/local/sbin
PATH: /usr/local/bin
PATH: /usr/bin
PATH: /usr/bin/site_perl
PATH: /usr/bin/vendor_perl
PATH: /usr/bin/core_perl


## ----------- ##
## Core tests. ##
## ----------- ##

configure:2567: checking whether make supports nested variables
configure:2584: result: yes
configure:2637: checking build system type
configure:2651: result: x86_64-unknown-linux-gnu
configure:2671: checking host system type
configure:2684: result: x86_64-unknown-linux-gnu
configure:2720: checking for a BSD-compatible install
configure:2788: result: /usr/bin/install -c
configure:2799: checking whether build environment is sane
configure:2849: result: yes
configure:2898: checking for x86_64-unknown-linux-strip
configure:2928: result: no
configure:2938: checking for strip
configure:2954: found /usr/bin/strip
configure:2965: result: strip
configure:2990: checking for a thread-safe mkdir -p
configure:3029: result: /usr/bin/mkdir -p
configure:3042: checking for gawk
configure:3058: found /usr/bin/gawk
configure:3069: result: gawk
configure:3080: checking whether make sets $(MAKE)
configure:3102: result: yes
configure:3200: checking for x86_64-unknown-linux-g++
configure:3230: result: no
configure:3200: checking for x86_64-unknown-linux-c++
configure:3230: result: no
configure:3200: checking for x86_64-unknown-linux-gpp
configure:3230: result: no
configure:3200: checking for x86_64-unknown-linux-aCC
configure:3230: result: no
configure:3200: checking for x86_64-unknown-linux-CC
configure:3230: result: no
configure:3200: checking for x86_64-unknown-linux-cxx
configure:3230: result: no
configure:3200: checking for x86_64-unknown-linux-cc++
configure:3230: result: no
configure:3200: checking for x86_64-unknown-linux-cl.exe
configure:3230: result: no
configure:3200: checking for x86_64-unknown-linux-FCC
configure:3230: result: no
configure:3200: checking for x86_64-unknown-linux-KCC
configure:3230: result: no
configure:3200: checking for x86_64-unknown-linux-RCC
configure:3230: result: no
configure:3200: checking for x86_64-unknown-linux-xlC_r
configure:3230: result: no
configure:3200: checking for x86_64-unknown-linux-xlC
configure:3230: result: no
configure:3244: checking for g++
configure:3260: found /usr/bin/g++
configure:3271: result: g++
configure:3298: checking for C++ compiler version
configure:3307: g++ --version >&5
g++ (GCC) 5.2.0
Copyright (C) 2015 Free Software Foundation, Inc.
This is free software; see the source for copying conditions.  There is NO
warranty; not even for MERCHANTABILITY or FITNESS FOR A PARTICULAR PURPOSE.

configure:3318: $? = 0
configure:3307: g++ -v >&5
Using built-in specs.
COLLECT_GCC=g++
COLLECT_LTO_WRAPPER=/usr/lib/gcc/x86_64-unknown-linux-gnu/5.2.0/lto-wrapper
Target: x86_64-unknown-linux-gnu
Configured with: /build/gcc/src/gcc-5.2.0/configure --prefix=/usr --libdir=/usr/lib --libexecdir=/usr/lib --mandir=/usr/share/man --infodir=/usr/share/info --with-bugurl=https://bugs.archlinux.org/ --enable-languages=c,c++,ada,fortran,go,lto,objc,obj-c++ --enable-shared --enable-threads=posix --enable-libmpx --with-system-zlib --with-isl --enable-__cxa_atexit --disable-libunwind-exceptions --enable-clocale=gnu --disable-libstdcxx-pch --disable-libssp --enable-gnu-unique-object --enable-linker-build-id --enable-lto --enable-plugin --enable-install-libiberty --with-linker-hash-style=gnu --enable-gnu-indirect-function --disable-multilib --disable-werror --enable-checking=release --with-default-libstdcxx-abi=gcc4-compatible
Thread model: posix
gcc version 5.2.0 (GCC) 
configure:3318: $? = 0
configure:3307: g++ -V >&5
g++: error: unrecognized command line option '-V'
g++: fatal error: no input files
compilation terminated.
configure:3318: $? = 1
configure:3307: g++ -qversion >&5
g++: error: unrecognized command line option '-qversion'
g++: fatal error: no input files
compilation terminated.
configure:3318: $? = 1
configure:3338: checking whether the C++ compiler works
configure:3360: g++    conftest.cpp  >&5
configure:3364: $? = 0
configure:3412: result: yes
configure:3415: checking for C++ compiler default output file name
configure:3417: result: a.out
configure:3423: checking for suffix of executables
configure:3430: g++ -o conftest    conftest.cpp  >&5
configure:3434: $? = 0
configure:3456: result: 
configure:3478: checking whether we are cross compiling
configure:3486: g++ -o conftest    conftest.cpp  >&5
configure:3490: $? = 0
configure:3497: ./conftest
configure:3501: $? = 0
configure:3516: result: no
configure:3521: checking for suffix of object files
configure:3543: g++ -c   conftest.cpp >&5
configure:3547: $? = 0
configure:3568: result: o
configure:3572: checking whether we are using the GNU C++ compiler
configure:3591: g++ -c   conftest.cpp >&5
configure:3591: $? = 0
configure:3600: result: yes
configure:3609: checking whether g++ accepts -g
configure:3629: g++ -c -g  conftest.cpp >&5
configure:3629: $? = 0
configure:3670: result: yes
configure:3704: checking for style of include used by make
configure:3732: result: GNU
configure:3758: checking dependency style of g++
configure:3869: result: gcc3
configure:3892: checking for x86_64-unknown-linux-gcc
configure:3922: result: no
configure:3932: checking for gcc
configure:3948: found /usr/bin/gcc
configure:3959: result: gcc
configure:4188: checking for C compiler version
configure:4197: gcc --version >&5
gcc (GCC) 5.2.0
Copyright (C) 2015 Free Software Foundation, Inc.
This is free software; see the source for copying conditions.  There is NO
warranty; not even for MERCHANTABILITY or FITNESS FOR A PARTICULAR PURPOSE.

configure:4208: $? = 0
configure:4197: gcc -v >&5
Using built-in specs.
COLLECT_GCC=gcc
COLLECT_LTO_WRAPPER=/usr/lib/gcc/x86_64-unknown-linux-gnu/5.2.0/lto-wrapper
Target: x86_64-unknown-linux-gnu
Configured with: /build/gcc/src/gcc-5.2.0/configure --prefix=/usr --libdir=/usr/lib --libexecdir=/usr/lib --mandir=/usr/share/man --infodir=/usr/share/info --with-bugurl=https://bugs.archlinux.org/ --enable-languages=c,c++,ada,fortran,go,lto,objc,obj-c++ --enable-shared --enable-threads=posix --enable-libmpx --with-system-zlib --with-isl --enable-__cxa_atexit --disable-libunwind-exceptions --enable-clocale=gnu --disable-libstdcxx-pch --disable-libssp --enable-gnu-unique-object --enable-linker-build-id --enable-lto --enable-plugin --enable-install-libiberty --with-linker-hash-style=gnu --enable-gnu-indirect-function --disable-multilib --disable-werror --enable-checking=release --with-default-libstdcxx-abi=gcc4-compatible
Thread model: posix
gcc version 5.2.0 (GCC) 
configure:4208: $? = 0
configure:4197: gcc -V >&5
gcc: error: unrecognized command line option '-V'
gcc: fatal error: no input files
compilation terminated.
configure:4208: $? = 1
configure:4197: gcc -qversion >&5
gcc: error: unrecognized command line option '-qversion'
gcc: fatal error: no input files
compilation terminated.
configure:4208: $? = 1
configure:4212: checking whether we are using the GNU C compiler
configure:4231: gcc -c   conftest.c >&5
configure:4231: $? = 0
configure:4240: result: yes
configure:4249: checking whether gcc accepts -g
configure:4269: gcc -c -g  conftest.c >&5
configure:4269: $? = 0
configure:4310: result: yes
configure:4327: checking for gcc option to accept ISO C89
configure:4390: gcc  -c -g -O2  conftest.c >&5
configure:4390: $? = 0
configure:4403: result: none needed
configure:4425: checking dependency style of gcc
configure:4536: result: gcc3
configure:4552: checking whether gcc and cc understand -c and -o together
configure:4583: gcc -c conftest.c -o conftest2.o >&5
configure:4587: $? = 0
configure:4593: gcc -c conftest.c -o conftest2.o >&5
configure:4597: $? = 0
configure:4608: cc -c conftest.c >&5
configure:4612: $? = 0
configure:4620: cc -c conftest.c -o conftest2.o >&5
configure:4624: $? = 0
configure:4630: cc -c conftest.c -o conftest2.o >&5
configure:4634: $? = 0
configure:4652: result: yes
configure:4682: checking how to run the C preprocessor
configure:4713: gcc -E  conftest.c
configure:4713: $? = 0
configure:4727: gcc -E  conftest.c
conftest.c:11:28: fatal error: ac_nonexistent.h: No such file or directory
compilation terminated.
configure:4727: $? = 1
configure: failed program was:
| /* confdefs.h */
| #define PACKAGE_NAME "ctemplate"
| #define PACKAGE_TARNAME "ctemplate"
| #define PACKAGE_VERSION "2.3"
| #define PACKAGE_STRING "ctemplate 2.3"
| #define PACKAGE_BUGREPORT "google-ctemplate@googlegroups.com"
| #define PACKAGE_URL ""
| #define PACKAGE "ctemplate"
| #define VERSION "2.3"
| /* end confdefs.h.  */
| #include <ac_nonexistent.h>
configure:4752: result: gcc -E
configure:4772: gcc -E  conftest.c
configure:4772: $? = 0
configure:4786: gcc -E  conftest.c
conftest.c:11:28: fatal error: ac_nonexistent.h: No such file or directory
compilation terminated.
configure:4786: $? = 1
configure: failed program was:
| /* confdefs.h */
| #define PACKAGE_NAME "ctemplate"
| #define PACKAGE_TARNAME "ctemplate"
| #define PACKAGE_VERSION "2.3"
| #define PACKAGE_STRING "ctemplate 2.3"
| #define PACKAGE_BUGREPORT "google-ctemplate@googlegroups.com"
| #define PACKAGE_URL ""
| #define PACKAGE "ctemplate"
| #define VERSION "2.3"
| /* end confdefs.h.  */
| #include <ac_nonexistent.h>
configure:4932: checking for a sed that does not truncate output
configure:4996: result: /usr/bin/sed
configure:5014: checking for grep that handles long lines and -e
configure:5072: result: /usr/bin/grep
configure:5077: checking for egrep
configure:5139: result: /usr/bin/grep -E
configure:5144: checking for fgrep
configure:5206: result: /usr/bin/grep -F
configure:5241: checking for ld used by gcc
configure:5308: result: /usr/bin/ld
configure:5315: checking if the linker (/usr/bin/ld) is GNU ld
configure:5330: result: yes
configure:5342: checking for BSD- or MS-compatible name lister (nm)
configure:5391: result: /usr/bin/nm -B
configure:5509: checking the name lister (/usr/bin/nm -B) interface
configure:5516: gcc -c -g -O2  conftest.c >&5
configure:5519: /usr/bin/nm -B "conftest.o"
configure:5522: output
0000000000000000 B some_variable
configure:5529: result: BSD nm
configure:5532: checking whether ln -s works
configure:5536: result: yes
configure:5544: checking the maximum length of command line arguments
configure:5664: result: 1572864
configure:5681: checking whether the shell understands some XSI constructs
configure:5691: result: yes
configure:5695: checking whether the shell understands "+="
configure:5701: result: yes
configure:5736: checking for /usr/bin/ld option to reload object files
configure:5743: result: -r
configure:5772: checking for x86_64-unknown-linux-objdump
configure:5802: result: no
configure:5812: checking for objdump
configure:5828: found /usr/bin/objdump
configure:5839: result: objdump
configure:5871: checking how to recognize dependent libraries
configure:6067: result: pass_all
configure:6087: checking for x86_64-unknown-linux-ar
configure:6117: result: no
configure:6127: checking for ar
configure:6143: found /usr/bin/ar
configure:6154: result: ar
configure:6192: checking for x86_64-unknown-linux-strip
configure:6219: result: strip
configure:6291: checking for x86_64-unknown-linux-ranlib
configure:6321: result: no
configure:6331: checking for ranlib
configure:6347: found /usr/bin/ranlib
configure:6358: result: ranlib
configure:6448: checking command to parse /usr/bin/nm -B output from gcc object
configure:6566: gcc -c -g -O2  conftest.c >&5
configure:6569: $? = 0
configure:6573: /usr/bin/nm -B conftest.o \| sed -n -e 's/^.*[	 ]\([ABCDGIRSTW][ABCDGIRSTW]*\)[	 ][	 ]*\([_A-Za-z][_A-Za-z0-9]*\)$/\1 \2 \2/p' \> conftest.nm
configure:6576: $? = 0
configure:6630: gcc -o conftest -g -O2   conftest.c conftstm.o >&5
configure:6633: $? = 0
configure:6671: result: ok
configure:6767: gcc -c -g -O2  conftest.c >&5
configure:6770: $? = 0
configure:7476: checking for ANSI C header files
configure:7496: gcc -c -g -O2  conftest.c >&5
configure:7496: $? = 0
configure:7569: gcc -o conftest -g -O2   conftest.c  >&5
configure:7569: $? = 0
configure:7569: ./conftest
configure:7569: $? = 0
configure:7580: result: yes
configure:7593: checking for sys/types.h
configure:7593: gcc -c -g -O2  conftest.c >&5
configure:7593: $? = 0
configure:7593: result: yes
configure:7593: checking for sys/stat.h
configure:7593: gcc -c -g -O2  conftest.c >&5
configure:7593: $? = 0
configure:7593: result: yes
configure:7593: checking for stdlib.h
configure:7593: gcc -c -g -O2  conftest.c >&5
configure:7593: $? = 0
configure:7593: result: yes
configure:7593: checking for string.h
configure:7593: gcc -c -g -O2  conftest.c >&5
configure:7593: $? = 0
configure:7593: result: yes
configure:7593: checking for memory.h
configure:7593: gcc -c -g -O2  conftest.c >&5
configure:7593: $? = 0
configure:7593: result: yes
configure:7593: checking for strings.h
configure:7593: gcc -c -g -O2  conftest.c >&5
configure:7593: $? = 0
configure:7593: result: yes
configure:7593: checking for inttypes.h
configure:7593: gcc -c -g -O2  conftest.c >&5
configure:7593: $? = 0
configure:7593: result: yes
configure:7593: checking for stdint.h
configure:7593: gcc -c -g -O2  conftest.c >&5
configure:7593: $? = 0
configure:7593: result: yes
configure:7593: checking for unistd.h
configure:7593: gcc -c -g -O2  conftest.c >&5
configure:7593: $? = 0
configure:7593: result: yes
configure:7607: checking for dlfcn.h
configure:7607: gcc -c -g -O2  conftest.c >&5
configure:7607: $? = 0
configure:7607: result: yes
configure:7732: checking for C++ compiler version
configure:7741: g++ --version >&5
g++ (GCC) 5.2.0
Copyright (C) 2015 Free Software Foundation, Inc.
This is free software; see the source for copying conditions.  There is NO
warranty; not even for MERCHANTABILITY or FITNESS FOR A PARTICULAR PURPOSE.

configure:7752: $? = 0
configure:7741: g++ -v >&5
Using built-in specs.
COLLECT_GCC=g++
COLLECT_LTO_WRAPPER=/usr/lib/gcc/x86_64-unknown-linux-gnu/5.2.0/lto-wrapper
Target: x86_64-unknown-linux-gnu
Configured with: /build/gcc/src/gcc-5.2.0/configure --prefix=/usr --libdir=/usr/lib --libexecdir=/usr/lib --mandir=/usr/share/man --infodir=/usr/share/info --with-bugurl=https://bugs.archlinux.org/ --enable-languages=c,c++,ada,fortran,go,lto,objc,obj-c++ --enable-shared --enable-threads=posix --enable-libmpx --with-system-zlib --with-isl --enable-__cxa_atexit --disable-libunwind-exceptions --enable-clocale=gnu --disable-libstdcxx-pch --disable-libssp --enable-gnu-unique-object --enable-linker-build-id --enable-lto --enable-plugin --enable-install-libiberty --with-linker-hash-style=gnu --enable-gnu-indirect-function --disable-multilib --disable-werror --enable-checking=release --with-default-libstdcxx-abi=gcc4-compatible
Thread model: posix
gcc version 5.2.0 (GCC) 
configure:7752: $? = 0
configure:7741: g++ -V >&5
g++: error: unrecognized command line option '-V'
g++: fatal error: no input files
compilation terminated.
configure:7752: $? = 1
configure:7741: g++ -qversion >&5
g++: error: unrecognized command line option '-qversion'
g++: fatal error: no input files
compilation terminated.
configure:7752: $? = 1
configure:7756: checking whether we are using the GNU C++ compiler
configure:7784: result: yes
configure:7793: checking whether g++ accepts -g
configure:7854: result: yes
configure:7879: checking dependency style of g++
configure:7990: result: gcc3
configure:8013: checking how to run the C++ preprocessor
configure:8040: g++ -E  conftest.cpp
configure:8040: $? = 0
configure:8054: g++ -E  conftest.cpp
conftest.cpp:22:28: fatal error: ac_nonexistent.h: No such file or directory
compilation terminated.
configure:8054: $? = 1
configure: failed program was:
| /* confdefs.h */
| #define PACKAGE_NAME "ctemplate"
| #define PACKAGE_TARNAME "ctemplate"
| #define PACKAGE_VERSION "2.3"
| #define PACKAGE_STRING "ctemplate 2.3"
| #define PACKAGE_BUGREPORT "google-ctemplate@googlegroups.com"
| #define PACKAGE_URL ""
| #define PACKAGE "ctemplate"
| #define VERSION "2.3"
| #define STDC_HEADERS 1
| #define HAVE_SYS_TYPES_H 1
| #define HAVE_SYS_STAT_H 1
| #define HAVE_STDLIB_H 1
| #define HAVE_STRING_H 1
| #define HAVE_MEMORY_H 1
| #define HAVE_STRINGS_H 1
| #define HAVE_INTTYPES_H 1
| #define HAVE_STDINT_H 1
| #define HAVE_UNISTD_H 1
| #define HAVE_DLFCN_H 1
| /* end confdefs.h.  */
| #include <ac_nonexistent.h>
configure:8079: result: g++ -E
configure:8099: g++ -E  conftest.cpp
configure:8099: $? = 0
configure:8113: g++ -E  conftest.cpp
conftest.cpp:22:28: fatal error: ac_nonexistent.h: No such file or directory
compilation terminated.
configure:8113: $? = 1
configure: failed program was:
| /* confdefs.h */
| #define PACKAGE_NAME "ctemplate"
| #define PACKAGE_TARNAME "ctemplate"
| #define PACKAGE_VERSION "2.3"
| #define PACKAGE_STRING "ctemplate 2.3"
| #define PACKAGE_BUGREPORT "google-ctemplate@googlegroups.com"
| #define PACKAGE_URL ""
| #define PACKAGE "ctemplate"
| #define VERSION "2.3"
| #define STDC_HEADERS 1
| #define HAVE_SYS_TYPES_H 1
| #define HAVE_SYS_STAT_H 1
| #define HAVE_STDLIB_H 1
| #define HAVE_STRING_H 1
| #define HAVE_MEMORY_H 1
| #define HAVE_STRINGS_H 1
| #define HAVE_INTTYPES_H 1
| #define HAVE_STDINT_H 1
| #define HAVE_UNISTD_H 1
| #define HAVE_DLFCN_H 1
| /* end confdefs.h.  */
| #include <ac_nonexistent.h>
configure:8290: checking for objdir
configure:8305: result: .libs
configure:8601: checking if gcc supports -fno-rtti -fno-exceptions
configure:8619: gcc -c -g -O2  -fno-rtti -fno-exceptions conftest.c >&5
cc1: warning: command line option '-fno-rtti' is valid for C++/ObjC++ but not for C
configure:8623: $? = 0
configure:8636: result: no
configure:8656: checking for gcc option to produce PIC
configure:8928: result: -fPIC -DPIC
configure:8940: checking if gcc PIC flag -fPIC -DPIC works
configure:8958: gcc -c -g -O2  -fPIC -DPIC -DPIC conftest.c >&5
configure:8962: $? = 0
configure:8975: result: yes
configure:8999: checking if gcc static flag -static works
configure:9027: result: yes
configure:9042: checking if gcc supports -c -o file.o
configure:9063: gcc -c -g -O2  -o out/conftest2.o conftest.c >&5
configure:9067: $? = 0
configure:9089: result: yes
configure:9097: checking if gcc supports -c -o file.o
configure:9144: result: yes
configure:9177: checking whether the gcc linker (/usr/bin/ld -m elf_x86_64) supports shared libraries
configure:10168: result: yes
configure:10205: checking whether -lc should be explicitly linked in
configure:10210: gcc -c -g -O2  conftest.c >&5
configure:10213: $? = 0
configure:10228: gcc -shared conftest.o  -v -Wl,-soname -Wl,conftest -o conftest 2\>\&1 \| /usr/bin/grep  -lc  \>/dev/null 2\>\&1
configure:10231: $? = 0
configure:10243: result: no
configure:10407: checking dynamic linker characteristics
configure:10840: gcc -o conftest -g -O2   -Wl,-rpath -Wl,/foo conftest.c  >&5
configure:10840: $? = 0
configure:11070: result: GNU/Linux ld.so
configure:11172: checking how to hardcode library paths into programs
configure:11197: result: immediate
configure:11717: checking whether stripping libraries is possible
configure:11722: result: yes
configure:11757: checking if libtool supports shared libraries
configure:11759: result: yes
configure:11762: checking whether to build shared libraries
configure:11783: result: yes
configure:11786: checking whether to build static libraries
configure:11790: result: yes
configure:11940: checking for ld used by g++
configure:12007: result: /usr/bin/ld -m elf_x86_64
configure:12014: checking if the linker (/usr/bin/ld -m elf_x86_64) is GNU ld
configure:12029: result: yes
configure:12084: checking whether the g++ linker (/usr/bin/ld -m elf_x86_64) supports shared libraries
configure:12997: result: yes
configure:13025: g++ -c -g -O2  conftest.cpp >&5
configure:13028: $? = 0
configure:13210: checking for g++ option to produce PIC
configure:13527: result: -fPIC -DPIC
configure:13536: checking if g++ PIC flag -fPIC -DPIC works
configure:13554: g++ -c -g -O2  -fPIC -DPIC -DPIC conftest.cpp >&5
configure:13558: $? = 0
configure:13571: result: yes
configure:13592: checking if g++ static flag -static works
configure:13620: result: yes
configure:13632: checking if g++ supports -c -o file.o
configure:13653: g++ -c -g -O2  -o out/conftest2.o conftest.cpp >&5
configure:13657: $? = 0
configure:13679: result: yes
configure:13684: checking if g++ supports -c -o file.o
configure:13731: result: yes
configure:13761: checking whether the g++ linker (/usr/bin/ld -m elf_x86_64) supports shared libraries
configure:13790: result: yes
configure:13927: checking dynamic linker characteristics
configure:14308: g++ -o conftest -g -O2   -Wl,-rpath -Wl,/foo conftest.cpp  >&5
configure:14308: $? = 0
configure:14538: result: GNU/Linux ld.so
configure:14589: checking how to hardcode library paths into programs
configure:14614: result: immediate
configure:14675: checking whether ln -s works
configure:14679: result: yes
configure:14688: checking for __attribute__
configure:14707: gcc -c -g -O2  conftest.c >&5
configure:14707: $? = 0
configure:14721: result: yes
configure:14726: checking for ANSI C header files
configure:14830: result: yes
configure:14840: checking printf format code for printing a size_t and ssize_t
configure:14856: gcc -c -g -O2  conftest.c >&5
conftest.c: In function 'main':
conftest.c:29:49: error: invalid operands to binary - (have 'unsigned int *' and 'size_t * {aka long unsigned int *}')
 unsigned int v1 = 0; size_t v2 = 0; return (&v1 - &v2)
                                                 ^
configure:14856: $? = 1
configure: failed program was:
| /* confdefs.h */
| #define PACKAGE_NAME "ctemplate"
| #define PACKAGE_TARNAME "ctemplate"
| #define PACKAGE_VERSION "2.3"
| #define PACKAGE_STRING "ctemplate 2.3"
| #define PACKAGE_BUGREPORT "google-ctemplate@googlegroups.com"
| #define PACKAGE_URL ""
| #define PACKAGE "ctemplate"
| #define VERSION "2.3"
| #define STDC_HEADERS 1
| #define HAVE_SYS_TYPES_H 1
| #define HAVE_SYS_STAT_H 1
| #define HAVE_STDLIB_H 1
| #define HAVE_STRING_H 1
| #define HAVE_MEMORY_H 1
| #define HAVE_STRINGS_H 1
| #define HAVE_INTTYPES_H 1
| #define HAVE_STDINT_H 1
| #define HAVE_UNISTD_H 1
| #define HAVE_DLFCN_H 1
| #define LT_OBJDIR ".libs/"
| #define HAVE___ATTRIBUTE__ 1
| #define STDC_HEADERS 1
| /* end confdefs.h.  */
| #include <stddef.h>
| int
| main ()
| {
| unsigned int v1 = 0; size_t v2 = 0; return (&v1 - &v2)
|   ;
|   return 0;
| }
configure:14871: gcc -c -g -O2  conftest.c >&5
configure:14871: $? = 0
configure:14886: gcc -c -g -O2  conftest.c >&5
conftest.c: In function 'main':
conftest.c:29:55: error: invalid operands to binary - (have 'long long unsigned int *' and 'size_t * {aka long unsigned int *}')
 unsigned long long v1 = 0; size_t v2 = 0; return (&v1 - &v2)
                                                       ^
configure:14886: $? = 1
configure: failed program was:
| /* confdefs.h */
| #define PACKAGE_NAME "ctemplate"
| #define PACKAGE_TARNAME "ctemplate"
| #define PACKAGE_VERSION "2.3"
| #define PACKAGE_STRING "ctemplate 2.3"
| #define PACKAGE_BUGREPORT "google-ctemplate@googlegroups.com"
| #define PACKAGE_URL ""
| #define PACKAGE "ctemplate"
| #define VERSION "2.3"
| #define STDC_HEADERS 1
| #define HAVE_SYS_TYPES_H 1
| #define HAVE_SYS_STAT_H 1
| #define HAVE_STDLIB_H 1
| #define HAVE_STRING_H 1
| #define HAVE_MEMORY_H 1
| #define HAVE_STRINGS_H 1
| #define HAVE_INTTYPES_H 1
| #define HAVE_STDINT_H 1
| #define HAVE_UNISTD_H 1
| #define HAVE_DLFCN_H 1
| #define LT_OBJDIR ".libs/"
| #define HAVE___ATTRIBUTE__ 1
| #define STDC_HEADERS 1
| /* end confdefs.h.  */
| #include <stddef.h>
| int
| main ()
| {
| unsigned long long v1 = 0; size_t v2 = 0; return (&v1 - &v2)
|   ;
|   return 0;
| }
configure:14892: result: l
configure:14918: checking for getopt_long
configure:14918: gcc -o conftest -g -O2   conftest.c  >&5
configure:14918: $? = 0
configure:14918: result: yes
configure:14918: checking for getopt
configure:14918: gcc -o conftest -g -O2   conftest.c  >&5
configure:14918: $? = 0
configure:14918: result: yes
configure:14929: checking getopt.h usability
configure:14929: gcc -c -g -O2  conftest.c >&5
configure:14929: $? = 0
configure:14929: result: yes
configure:14929: checking getopt.h presence
configure:14929: gcc -E  conftest.c
configure:14929: $? = 0
configure:14929: result: yes
configure:14929: checking for getopt.h
configure:14929: result: yes
configure:14941: checking utime.h usability
configure:14941: gcc -c -g -O2  conftest.c >&5
configure:14941: $? = 0
configure:14941: result: yes
configure:14941: checking utime.h presence
configure:14941: gcc -E  conftest.c
configure:14941: $? = 0
configure:14941: result: yes
configure:14941: checking for utime.h
configure:14941: result: yes
configure:14954: checking for uint32_t
configure:14954: gcc -c -g -O2  conftest.c >&5
configure:14954: $? = 0
configure:14954: gcc -c -g -O2  conftest.c >&5
conftest.c: In function 'main':
conftest.c:68:23: error: expected expression before ')' token
 if (sizeof ((uint32_t)))
                       ^
configure:14954: $? = 1
configure: failed program was:
| /* confdefs.h */
| #define PACKAGE_NAME "ctemplate"
| #define PACKAGE_TARNAME "ctemplate"
| #define PACKAGE_VERSION "2.3"
| #define PACKAGE_STRING "ctemplate 2.3"
| #define PACKAGE_BUGREPORT "google-ctemplate@googlegroups.com"
| #define PACKAGE_URL ""
| #define PACKAGE "ctemplate"
| #define VERSION "2.3"
| #define STDC_HEADERS 1
| #define HAVE_SYS_TYPES_H 1
| #define HAVE_SYS_STAT_H 1
| #define HAVE_STDLIB_H 1
| #define HAVE_STRING_H 1
| #define HAVE_MEMORY_H 1
| #define HAVE_STRINGS_H 1
| #define HAVE_INTTYPES_H 1
| #define HAVE_STDINT_H 1
| #define HAVE_UNISTD_H 1
| #define HAVE_DLFCN_H 1
| #define LT_OBJDIR ".libs/"
| #define HAVE___ATTRIBUTE__ 1
| #define STDC_HEADERS 1
| #define PRIuS "lu"
| #define PRIxS "lx"
| #define PRIdS "ld"
| #define HAVE_GETOPT_LONG 1
| #define HAVE_GETOPT 1
| #define HAVE_GETOPT_H 1
| #define HAVE_UTIME_H 1
| /* end confdefs.h.  */
| #include <stdio.h>
| #ifdef HAVE_SYS_TYPES_H
| # include <sys/types.h>
| #endif
| #ifdef HAVE_SYS_STAT_H
| # include <sys/stat.h>
| #endif
| #ifdef STDC_HEADERS
| # include <stdlib.h>
| # include <stddef.h>
| #else
| # ifdef HAVE_STDLIB_H
| #  include <stdlib.h>
| # endif
| #endif
| #ifdef HAVE_STRING_H
| # if !defined STDC_HEADERS && defined HAVE_MEMORY_H
| #  include <memory.h>
| # endif
| # include <string.h>
| #endif
| #ifdef HAVE_STRINGS_H
| # include <strings.h>
| #endif
| #ifdef HAVE_INTTYPES_H
| # include <inttypes.h>
| #endif
| #ifdef HAVE_STDINT_H
| # include <stdint.h>
| #endif
| #ifdef HAVE_UNISTD_H
| # include <unistd.h>
| #endif
| int
| main ()
| {
| if (sizeof ((uint32_t)))
| 	    return 0;
|   ;
|   return 0;
| }
configure:14954: result: yes
configure:14964: checking for u_int32_t
configure:14964: gcc -c -g -O2  conftest.c >&5
configure:14964: $? = 0
configure:14964: gcc -c -g -O2  conftest.c >&5
conftest.c: In function 'main':
conftest.c:69:24: error: expected expression before ')' token
 if (sizeof ((u_int32_t)))
                        ^
configure:14964: $? = 1
configure: failed program was:
| /* confdefs.h */
| #define PACKAGE_NAME "ctemplate"
| #define PACKAGE_TARNAME "ctemplate"
| #define PACKAGE_VERSION "2.3"
| #define PACKAGE_STRING "ctemplate 2.3"
| #define PACKAGE_BUGREPORT "google-ctemplate@googlegroups.com"
| #define PACKAGE_URL ""
| #define PACKAGE "ctemplate"
| #define VERSION "2.3"
| #define STDC_HEADERS 1
| #define HAVE_SYS_TYPES_H 1
| #define HAVE_SYS_STAT_H 1
| #define HAVE_STDLIB_H 1
| #define HAVE_STRING_H 1
| #define HAVE_MEMORY_H 1
| #define HAVE_STRINGS_H 1
| #define HAVE_INTTYPES_H 1
| #define HAVE_STDINT_H 1
| #define HAVE_UNISTD_H 1
| #define HAVE_DLFCN_H 1
| #define LT_OBJDIR ".libs/"
| #define HAVE___ATTRIBUTE__ 1
| #define STDC_HEADERS 1
| #define PRIuS "lu"
| #define PRIxS "lx"
| #define PRIdS "ld"
| #define HAVE_GETOPT_LONG 1
| #define HAVE_GETOPT 1
| #define HAVE_GETOPT_H 1
| #define HAVE_UTIME_H 1
| #define HAVE_UINT32_T 1
| /* end confdefs.h.  */
| #include <stdio.h>
| #ifdef HAVE_SYS_TYPES_H
| # include <sys/types.h>
| #endif
| #ifdef HAVE_SYS_STAT_H
| # include <sys/stat.h>
| #endif
| #ifdef STDC_HEADERS
| # include <stdlib.h>
| # include <stddef.h>
| #else
| # ifdef HAVE_STDLIB_H
| #  include <stdlib.h>
| # endif
| #endif
| #ifdef HAVE_STRING_H
| # if !defined STDC_HEADERS && defined HAVE_MEMORY_H
| #  include <memory.h>
| # endif
| # include <string.h>
| #endif
| #ifdef HAVE_STRINGS_H
| # include <strings.h>
| #endif
| #ifdef HAVE_INTTYPES_H
| # include <inttypes.h>
| #endif
| #ifdef HAVE_STDINT_H
| # include <stdint.h>
| #endif
| #ifdef HAVE_UNISTD_H
| # include <unistd.h>
| #endif
| int
| main ()
| {
| if (sizeof ((u_int32_t)))
| 	    return 0;
|   ;
|   return 0;
| }
configure:14964: result: yes
configure:14974: checking for __int32
configure:14974: gcc -c -g -O2  conftest.c >&5
conftest.c: In function 'main':
conftest.c:70:13: error: '__int32' undeclared (first use in this function)
 if (sizeof (__int32))
             ^
conftest.c:70:13: note: each undeclared identifier is reported only once for each function it appears in
configure:14974: $? = 1
configure: failed program was:
| /* confdefs.h */
| #define PACKAGE_NAME "ctemplate"
| #define PACKAGE_TARNAME "ctemplate"
| #define PACKAGE_VERSION "2.3"
| #define PACKAGE_STRING "ctemplate 2.3"
| #define PACKAGE_BUGREPORT "google-ctemplate@googlegroups.com"
| #define PACKAGE_URL ""
| #define PACKAGE "ctemplate"
| #define VERSION "2.3"
| #define STDC_HEADERS 1
| #define HAVE_SYS_TYPES_H 1
| #define HAVE_SYS_STAT_H 1
| #define HAVE_STDLIB_H 1
| #define HAVE_STRING_H 1
| #define HAVE_MEMORY_H 1
| #define HAVE_STRINGS_H 1
| #define HAVE_INTTYPES_H 1
| #define HAVE_STDINT_H 1
| #define HAVE_UNISTD_H 1
| #define HAVE_DLFCN_H 1
| #define LT_OBJDIR ".libs/"
| #define HAVE___ATTRIBUTE__ 1
| #define STDC_HEADERS 1
| #define PRIuS "lu"
| #define PRIxS "lx"
| #define PRIdS "ld"
| #define HAVE_GETOPT_LONG 1
| #define HAVE_GETOPT 1
| #define HAVE_GETOPT_H 1
| #define HAVE_UTIME_H 1
| #define HAVE_UINT32_T 1
| #define HAVE_U_INT32_T 1
| /* end confdefs.h.  */
| #include <stdio.h>
| #ifdef HAVE_SYS_TYPES_H
| # include <sys/types.h>
| #endif
| #ifdef HAVE_SYS_STAT_H
| # include <sys/stat.h>
| #endif
| #ifdef STDC_HEADERS
| # include <stdlib.h>
| # include <stddef.h>
| #else
| # ifdef HAVE_STDLIB_H
| #  include <stdlib.h>
| # endif
| #endif
| #ifdef HAVE_STRING_H
| # if !defined STDC_HEADERS && defined HAVE_MEMORY_H
| #  include <memory.h>
| # endif
| # include <string.h>
| #endif
| #ifdef HAVE_STRINGS_H
| # include <strings.h>
| #endif
| #ifdef HAVE_INTTYPES_H
| # include <inttypes.h>
| #endif
| #ifdef HAVE_STDINT_H
| # include <stdint.h>
| #endif
| #ifdef HAVE_UNISTD_H
| # include <unistd.h>
| #endif
| int
| main ()
| {
| if (sizeof (__int32))
| 	 return 0;
|   ;
|   return 0;
| }
configure:14974: result: no
configure:14984: checking for uint64_t
configure:14984: gcc -c -g -O2  conftest.c >&5
configure:14984: $? = 0
configure:14984: gcc -c -g -O2  conftest.c >&5
conftest.c: In function 'main':
conftest.c:70:23: error: expected expression before ')' token
 if (sizeof ((uint64_t)))
                       ^
configure:14984: $? = 1
configure: failed program was:
| /* confdefs.h */
| #define PACKAGE_NAME "ctemplate"
| #define PACKAGE_TARNAME "ctemplate"
| #define PACKAGE_VERSION "2.3"
| #define PACKAGE_STRING "ctemplate 2.3"
| #define PACKAGE_BUGREPORT "google-ctemplate@googlegroups.com"
| #define PACKAGE_URL ""
| #define PACKAGE "ctemplate"
| #define VERSION "2.3"
| #define STDC_HEADERS 1
| #define HAVE_SYS_TYPES_H 1
| #define HAVE_SYS_STAT_H 1
| #define HAVE_STDLIB_H 1
| #define HAVE_STRING_H 1
| #define HAVE_MEMORY_H 1
| #define HAVE_STRINGS_H 1
| #define HAVE_INTTYPES_H 1
| #define HAVE_STDINT_H 1
| #define HAVE_UNISTD_H 1
| #define HAVE_DLFCN_H 1
| #define LT_OBJDIR ".libs/"
| #define HAVE___ATTRIBUTE__ 1
| #define STDC_HEADERS 1
| #define PRIuS "lu"
| #define PRIxS "lx"
| #define PRIdS "ld"
| #define HAVE_GETOPT_LONG 1
| #define HAVE_GETOPT 1
| #define HAVE_GETOPT_H 1
| #define HAVE_UTIME_H 1
| #define HAVE_UINT32_T 1
| #define HAVE_U_INT32_T 1
| /* end confdefs.h.  */
| #include <stdio.h>
| #ifdef HAVE_SYS_TYPES_H
| # include <sys/types.h>
| #endif
| #ifdef HAVE_SYS_STAT_H
| # include <sys/stat.h>
| #endif
| #ifdef STDC_HEADERS
| # include <stdlib.h>
| # include <stddef.h>
| #else
| # ifdef HAVE_STDLIB_H
| #  include <stdlib.h>
| # endif
| #endif
| #ifdef HAVE_STRING_H
| # if !defined STDC_HEADERS && defined HAVE_MEMORY_H
| #  include <memory.h>
| # endif
| # include <string.h>
| #endif
| #ifdef HAVE_STRINGS_H
| # include <strings.h>
| #endif
| #ifdef HAVE_INTTYPES_H
| # include <inttypes.h>
| #endif
| #ifdef HAVE_STDINT_H
| # include <stdint.h>
| #endif
| #ifdef HAVE_UNISTD_H
| # include <unistd.h>
| #endif
| int
| main ()
| {
| if (sizeof ((uint64_t)))
| 	    return 0;
|   ;
|   return 0;
| }
configure:14984: result: yes
configure:14994: checking for u_int64_t
configure:14994: gcc -c -g -O2  conftest.c >&5
configure:14994: $? = 0
configure:14994: gcc -c -g -O2  conftest.c >&5
conftest.c: In function 'main':
conftest.c:71:24: error: expected expression before ')' token
 if (sizeof ((u_int64_t)))
                        ^
configure:14994: $? = 1
configure: failed program was:
| /* confdefs.h */
| #define PACKAGE_NAME "ctemplate"
| #define PACKAGE_TARNAME "ctemplate"
| #define PACKAGE_VERSION "2.3"
| #define PACKAGE_STRING "ctemplate 2.3"
| #define PACKAGE_BUGREPORT "google-ctemplate@googlegroups.com"
| #define PACKAGE_URL ""
| #define PACKAGE "ctemplate"
| #define VERSION "2.3"
| #define STDC_HEADERS 1
| #define HAVE_SYS_TYPES_H 1
| #define HAVE_SYS_STAT_H 1
| #define HAVE_STDLIB_H 1
| #define HAVE_STRING_H 1
| #define HAVE_MEMORY_H 1
| #define HAVE_STRINGS_H 1
| #define HAVE_INTTYPES_H 1
| #define HAVE_STDINT_H 1
| #define HAVE_UNISTD_H 1
| #define HAVE_DLFCN_H 1
| #define LT_OBJDIR ".libs/"
| #define HAVE___ATTRIBUTE__ 1
| #define STDC_HEADERS 1
| #define PRIuS "lu"
| #define PRIxS "lx"
| #define PRIdS "ld"
| #define HAVE_GETOPT_LONG 1
| #define HAVE_GETOPT 1
| #define HAVE_GETOPT_H 1
| #define HAVE_UTIME_H 1
| #define HAVE_UINT32_T 1
| #define HAVE_U_INT32_T 1
| #define HAVE_UINT64_T 1
| /* end confdefs.h.  */
| #include <stdio.h>
| #ifdef HAVE_SYS_TYPES_H
| # include <sys/types.h>
| #endif
| #ifdef HAVE_SYS_STAT_H
| # include <sys/stat.h>
| #endif
| #ifdef STDC_HEADERS
| # include <stdlib.h>
| # include <stddef.h>
| #else
| # ifdef HAVE_STDLIB_H
| #  include <stdlib.h>
| # endif
| #endif
| #ifdef HAVE_STRING_H
| # if !defined STDC_HEADERS && defined HAVE_MEMORY_H
| #  include <memory.h>
| # endif
| # include <string.h>
| #endif
| #ifdef HAVE_STRINGS_H
| # include <strings.h>
| #endif
| #ifdef HAVE_INTTYPES_H
| # include <inttypes.h>
| #endif
| #ifdef HAVE_STDINT_H
| # include <stdint.h>
| #endif
| #ifdef HAVE_UNISTD_H
| # include <unistd.h>
| #endif
| int
| main ()
| {
| if (sizeof ((u_int64_t)))
| 	    return 0;
|   ;
|   return 0;
| }
configure:14994: result: yes
configure:15004: checking for __int64
configure:15004: gcc -c -g -O2  conftest.c >&5
conftest.c: In function 'main':
conftest.c:72:13: error: '__int64' undeclared (first use in this function)
 if (sizeof (__int64))
             ^
conftest.c:72:13: note: each undeclared identifier is reported only once for each function it appears in
configure:15004: $? = 1
configure: failed program was:
| /* confdefs.h */
| #define PACKAGE_NAME "ctemplate"
| #define PACKAGE_TARNAME "ctemplate"
| #define PACKAGE_VERSION "2.3"
| #define PACKAGE_STRING "ctemplate 2.3"
| #define PACKAGE_BUGREPORT "google-ctemplate@googlegroups.com"
| #define PACKAGE_URL ""
| #define PACKAGE "ctemplate"
| #define VERSION "2.3"
| #define STDC_HEADERS 1
| #define HAVE_SYS_TYPES_H 1
| #define HAVE_SYS_STAT_H 1
| #define HAVE_STDLIB_H 1
| #define HAVE_STRING_H 1
| #define HAVE_MEMORY_H 1
| #define HAVE_STRINGS_H 1
| #define HAVE_INTTYPES_H 1
| #define HAVE_STDINT_H 1
| #define HAVE_UNISTD_H 1
| #define HAVE_DLFCN_H 1
| #define LT_OBJDIR ".libs/"
| #define HAVE___ATTRIBUTE__ 1
| #define STDC_HEADERS 1
| #define PRIuS "lu"
| #define PRIxS "lx"
| #define PRIdS "ld"
| #define HAVE_GETOPT_LONG 1
| #define HAVE_GETOPT 1
| #define HAVE_GETOPT_H 1
| #define HAVE_UTIME_H 1
| #define HAVE_UINT32_T 1
| #define HAVE_U_INT32_T 1
| #define HAVE_UINT64_T 1
| #define HAVE_U_INT64_T 1
| /* end confdefs.h.  */
| #include <stdio.h>
| #ifdef HAVE_SYS_TYPES_H
| # include <sys/types.h>
| #endif
| #ifdef HAVE_SYS_STAT_H
| # include <sys/stat.h>
| #endif
| #ifdef STDC_HEADERS
| # include <stdlib.h>
| # include <stddef.h>
| #else
| # ifdef HAVE_STDLIB_H
| #  include <stdlib.h>
| # endif
| #endif
| #ifdef HAVE_STRING_H
| # if !defined STDC_HEADERS && defined HAVE_MEMORY_H
| #  include <memory.h>
| # endif
| # include <string.h>
| #endif
| #ifdef HAVE_STRINGS_H
| # include <strings.h>
| #endif
| #ifdef HAVE_INTTYPES_H
| # include <inttypes.h>
| #endif
| #ifdef HAVE_STDINT_H
| # include <stdint.h>
| #endif
| #ifdef HAVE_UNISTD_H
| # include <unistd.h>
| #endif
| int
| main ()
| {
| if (sizeof (__int64))
| 	 return 0;
|   ;
|   return 0;
| }
configure:15004: result: no
configure:15018: checking for dirent.h that defines DIR
configure:15037: gcc -c -g -O2  conftest.c >&5
configure:15037: $? = 0
configure:15045: result: yes
configure:15058: checking for library containing opendir
configure:15089: gcc -o conftest -g -O2   conftest.c  >&5
configure:15089: $? = 0
configure:15106: result: none required
configure:15178: checking byteswap.h usability
configure:15178: gcc -c -g -O2  conftest.c >&5
configure:15178: $? = 0
configure:15178: result: yes
configure:15178: checking byteswap.h presence
configure:15178: gcc -E  conftest.c
configure:15178: $? = 0
configure:15178: result: yes
configure:15178: checking for byteswap.h
configure:15178: result: yes
configure:15190: checking libkern/OSByteOrder.h usability
configure:15190: gcc -c -g -O2  conftest.c >&5
conftest.c:71:33: fatal error: libkern/OSByteOrder.h: No such file or directory
compilation terminated.
configure:15190: $? = 1
configure: failed program was:
| /* confdefs.h */
| #define PACKAGE_NAME "ctemplate"
| #define PACKAGE_TARNAME "ctemplate"
| #define PACKAGE_VERSION "2.3"
| #define PACKAGE_STRING "ctemplate 2.3"
| #define PACKAGE_BUGREPORT "google-ctemplate@googlegroups.com"
| #define PACKAGE_URL ""
| #define PACKAGE "ctemplate"
| #define VERSION "2.3"
| #define STDC_HEADERS 1
| #define HAVE_SYS_TYPES_H 1
| #define HAVE_SYS_STAT_H 1
| #define HAVE_STDLIB_H 1
| #define HAVE_STRING_H 1
| #define HAVE_MEMORY_H 1
| #define HAVE_STRINGS_H 1
| #define HAVE_INTTYPES_H 1
| #define HAVE_STDINT_H 1
| #define HAVE_UNISTD_H 1
| #define HAVE_DLFCN_H 1
| #define LT_OBJDIR ".libs/"
| #define HAVE___ATTRIBUTE__ 1
| #define STDC_HEADERS 1
| #define PRIuS "lu"
| #define PRIxS "lx"
| #define PRIdS "ld"
| #define HAVE_GETOPT_LONG 1
| #define HAVE_GETOPT 1
| #define HAVE_GETOPT_H 1
| #define HAVE_UTIME_H 1
| #define HAVE_UINT32_T 1
| #define HAVE_U_INT32_T 1
| #define HAVE_UINT64_T 1
| #define HAVE_U_INT64_T 1
| #define HAVE_DIRENT_H 1
| #define HAVE_BYTESWAP_H 1
| /* end confdefs.h.  */
| #include <stdio.h>
| #ifdef HAVE_SYS_TYPES_H
| # include <sys/types.h>
| #endif
| #ifdef HAVE_SYS_STAT_H
| # include <sys/stat.h>
| #endif
| #ifdef STDC_HEADERS
| # include <stdlib.h>
| # include <stddef.h>
| #else
| # ifdef HAVE_STDLIB_H
| #  include <stdlib.h>
| # endif
| #endif
| #ifdef HAVE_STRING_H
| # if !defined STDC_HEADERS && defined HAVE_MEMORY_H
| #  include <memory.h>
| # endif
| # include <string.h>
| #endif
| #ifdef HAVE_STRINGS_H
| # include <strings.h>
| #endif
| #ifdef HAVE_INTTYPES_H
| # include <inttypes.h>
| #endif
| #ifdef HAVE_STDINT_H
| # include <stdint.h>
| #endif
| #ifdef HAVE_UNISTD_H
| # include <unistd.h>
| #endif
| #include <libkern/OSByteOrder.h>
configure:15190: result: no
configure:15190: checking libkern/OSByteOrder.h presence
configure:15190: gcc -E  conftest.c
conftest.c:38:33: fatal error: libkern/OSByteOrder.h: No such file or directory
compilation terminated.
configure:15190: $? = 1
configure: failed program was:
| /* confdefs.h */
| #define PACKAGE_NAME "ctemplate"
| #define PACKAGE_TARNAME "ctemplate"
| #define PACKAGE_VERSION "2.3"
| #define PACKAGE_STRING "ctemplate 2.3"
| #define PACKAGE_BUGREPORT "google-ctemplate@googlegroups.com"
| #define PACKAGE_URL ""
| #define PACKAGE "ctemplate"
| #define VERSION "2.3"
| #define STDC_HEADERS 1
| #define HAVE_SYS_TYPES_H 1
| #define HAVE_SYS_STAT_H 1
| #define HAVE_STDLIB_H 1
| #define HAVE_STRING_H 1
| #define HAVE_MEMORY_H 1
| #define HAVE_STRINGS_H 1
| #define HAVE_INTTYPES_H 1
| #define HAVE_STDINT_H 1
| #define HAVE_UNISTD_H 1
| #define HAVE_DLFCN_H 1
| #define LT_OBJDIR ".libs/"
| #define HAVE___ATTRIBUTE__ 1
| #define STDC_HEADERS 1
| #define PRIuS "lu"
| #define PRIxS "lx"
| #define PRIdS "ld"
| #define HAVE_GETOPT_LONG 1
| #define HAVE_GETOPT 1
| #define HAVE_GETOPT_H 1
| #define HAVE_UTIME_H 1
| #define HAVE_UINT32_T 1
| #define HAVE_U_INT32_T 1
| #define HAVE_UINT64_T 1
| #define HAVE_U_INT64_T 1
| #define HAVE_DIRENT_H 1
| #define HAVE_BYTESWAP_H 1
| /* end confdefs.h.  */
| #include <libkern/OSByteOrder.h>
configure:15190: result: no
configure:15190: checking for libkern/OSByteOrder.h
configure:15190: result: no
configure:15202: checking sys/byteorder.h usability
configure:15202: gcc -c -g -O2  conftest.c >&5
conftest.c:71:27: fatal error: sys/byteorder.h: No such file or directory
compilation terminated.
configure:15202: $? = 1
configure: failed program was:
| /* confdefs.h */
| #define PACKAGE_NAME "ctemplate"
| #define PACKAGE_TARNAME "ctemplate"
| #define PACKAGE_VERSION "2.3"
| #define PACKAGE_STRING "ctemplate 2.3"
| #define PACKAGE_BUGREPORT "google-ctemplate@googlegroups.com"
| #define PACKAGE_URL ""
| #define PACKAGE "ctemplate"
| #define VERSION "2.3"
| #define STDC_HEADERS 1
| #define HAVE_SYS_TYPES_H 1
| #define HAVE_SYS_STAT_H 1
| #define HAVE_STDLIB_H 1
| #define HAVE_STRING_H 1
| #define HAVE_MEMORY_H 1
| #define HAVE_STRINGS_H 1
| #define HAVE_INTTYPES_H 1
| #define HAVE_STDINT_H 1
| #define HAVE_UNISTD_H 1
| #define HAVE_DLFCN_H 1
| #define LT_OBJDIR ".libs/"
| #define HAVE___ATTRIBUTE__ 1
| #define STDC_HEADERS 1
| #define PRIuS "lu"
| #define PRIxS "lx"
| #define PRIdS "ld"
| #define HAVE_GETOPT_LONG 1
| #define HAVE_GETOPT 1
| #define HAVE_GETOPT_H 1
| #define HAVE_UTIME_H 1
| #define HAVE_UINT32_T 1
| #define HAVE_U_INT32_T 1
| #define HAVE_UINT64_T 1
| #define HAVE_U_INT64_T 1
| #define HAVE_DIRENT_H 1
| #define HAVE_BYTESWAP_H 1
| /* end confdefs.h.  */
| #include <stdio.h>
| #ifdef HAVE_SYS_TYPES_H
| # include <sys/types.h>
| #endif
| #ifdef HAVE_SYS_STAT_H
| # include <sys/stat.h>
| #endif
| #ifdef STDC_HEADERS
| # include <stdlib.h>
| # include <stddef.h>
| #else
| # ifdef HAVE_STDLIB_H
| #  include <stdlib.h>
| # endif
| #endif
| #ifdef HAVE_STRING_H
| # if !defined STDC_HEADERS && defined HAVE_MEMORY_H
| #  include <memory.h>
| # endif
| # include <string.h>
| #endif
| #ifdef HAVE_STRINGS_H
| # include <strings.h>
| #endif
| #ifdef HAVE_INTTYPES_H
| # include <inttypes.h>
| #endif
| #ifdef HAVE_STDINT_H
| # include <stdint.h>
| #endif
| #ifdef HAVE_UNISTD_H
| # include <unistd.h>
| #endif
| #include <sys/byteorder.h>
configure:15202: result: no
configure:15202: checking sys/byteorder.h presence
configure:15202: gcc -E  conftest.c
conftest.c:38:27: fatal error: sys/byteorder.h: No such file or directory
compilation terminated.
configure:15202: $? = 1
configure: failed program was:
| /* confdefs.h */
| #define PACKAGE_NAME "ctemplate"
| #define PACKAGE_TARNAME "ctemplate"
| #define PACKAGE_VERSION "2.3"
| #define PACKAGE_STRING "ctemplate 2.3"
| #define PACKAGE_BUGREPORT "google-ctemplate@googlegroups.com"
| #define PACKAGE_URL ""
| #define PACKAGE "ctemplate"
| #define VERSION "2.3"
| #define STDC_HEADERS 1
| #define HAVE_SYS_TYPES_H 1
| #define HAVE_SYS_STAT_H 1
| #define HAVE_STDLIB_H 1
| #define HAVE_STRING_H 1
| #define HAVE_MEMORY_H 1
| #define HAVE_STRINGS_H 1
| #define HAVE_INTTYPES_H 1
| #define HAVE_STDINT_H 1
| #define HAVE_UNISTD_H 1
| #define HAVE_DLFCN_H 1
| #define LT_OBJDIR ".libs/"
| #define HAVE___ATTRIBUTE__ 1
| #define STDC_HEADERS 1
| #define PRIuS "lu"
| #define PRIxS "lx"
| #define PRIdS "ld"
| #define HAVE_GETOPT_LONG 1
| #define HAVE_GETOPT 1
| #define HAVE_GETOPT_H 1
| #define HAVE_UTIME_H 1
| #define HAVE_UINT32_T 1
| #define HAVE_U_INT32_T 1
| #define HAVE_UINT64_T 1
| #define HAVE_U_INT64_T 1
| #define HAVE_DIRENT_H 1
| #define HAVE_BYTESWAP_H 1
| /* end confdefs.h.  */
| #include <sys/byteorder.h>
configure:15202: result: no
configure:15202: checking for sys/byteorder.h
configure:15202: result: no
configure:15214: checking endian.h usability
configure:15214: gcc -c -g -O2  conftest.c >&5
configure:15214: $? = 0
configure:15214: result: yes
configure:15214: checking endian.h presence
configure:15214: gcc -E  conftest.c
configure:15214: $? = 0
configure:15214: result: yes
configure:15214: checking for endian.h
configure:15214: result: yes
configure:15226: checking machine/endian.h usability
configure:15226: gcc -c -g -O2  conftest.c >&5
conftest.c:72:28: fatal error: machine/endian.h: No such file or directory
compilation terminated.
configure:15226: $? = 1
configure: failed program was:
| /* confdefs.h */
| #define PACKAGE_NAME "ctemplate"
| #define PACKAGE_TARNAME "ctemplate"
| #define PACKAGE_VERSION "2.3"
| #define PACKAGE_STRING "ctemplate 2.3"
| #define PACKAGE_BUGREPORT "google-ctemplate@googlegroups.com"
| #define PACKAGE_URL ""
| #define PACKAGE "ctemplate"
| #define VERSION "2.3"
| #define STDC_HEADERS 1
| #define HAVE_SYS_TYPES_H 1
| #define HAVE_SYS_STAT_H 1
| #define HAVE_STDLIB_H 1
| #define HAVE_STRING_H 1
| #define HAVE_MEMORY_H 1
| #define HAVE_STRINGS_H 1
| #define HAVE_INTTYPES_H 1
| #define HAVE_STDINT_H 1
| #define HAVE_UNISTD_H 1
| #define HAVE_DLFCN_H 1
| #define LT_OBJDIR ".libs/"
| #define HAVE___ATTRIBUTE__ 1
| #define STDC_HEADERS 1
| #define PRIuS "lu"
| #define PRIxS "lx"
| #define PRIdS "ld"
| #define HAVE_GETOPT_LONG 1
| #define HAVE_GETOPT 1
| #define HAVE_GETOPT_H 1
| #define HAVE_UTIME_H 1
| #define HAVE_UINT32_T 1
| #define HAVE_U_INT32_T 1
| #define HAVE_UINT64_T 1
| #define HAVE_U_INT64_T 1
| #define HAVE_DIRENT_H 1
| #define HAVE_BYTESWAP_H 1
| #define HAVE_ENDIAN_H 1
| /* end confdefs.h.  */
| #include <stdio.h>
| #ifdef HAVE_SYS_TYPES_H
| # include <sys/types.h>
| #endif
| #ifdef HAVE_SYS_STAT_H
| # include <sys/stat.h>
| #endif
| #ifdef STDC_HEADERS
| # include <stdlib.h>
| # include <stddef.h>
| #else
| # ifdef HAVE_STDLIB_H
| #  include <stdlib.h>
| # endif
| #endif
| #ifdef HAVE_STRING_H
| # if !defined STDC_HEADERS && defined HAVE_MEMORY_H
| #  include <memory.h>
| # endif
| # include <string.h>
| #endif
| #ifdef HAVE_STRINGS_H
| # include <strings.h>
| #endif
| #ifdef HAVE_INTTYPES_H
| # include <inttypes.h>
| #endif
| #ifdef HAVE_STDINT_H
| # include <stdint.h>
| #endif
| #ifdef HAVE_UNISTD_H
| # include <unistd.h>
| #endif
| #include <machine/endian.h>
configure:15226: result: no
configure:15226: checking machine/endian.h presence
configure:15226: gcc -E  conftest.c
conftest.c:39:28: fatal error: machine/endian.h: No such file or directory
compilation terminated.
configure:15226: $? = 1
configure: failed program was:
| /* confdefs.h */
| #define PACKAGE_NAME "ctemplate"
| #define PACKAGE_TARNAME "ctemplate"
| #define PACKAGE_VERSION "2.3"
| #define PACKAGE_STRING "ctemplate 2.3"
| #define PACKAGE_BUGREPORT "google-ctemplate@googlegroups.com"
| #define PACKAGE_URL ""
| #define PACKAGE "ctemplate"
| #define VERSION "2.3"
| #define STDC_HEADERS 1
| #define HAVE_SYS_TYPES_H 1
| #define HAVE_SYS_STAT_H 1
| #define HAVE_STDLIB_H 1
| #define HAVE_STRING_H 1
| #define HAVE_MEMORY_H 1
| #define HAVE_STRINGS_H 1
| #define HAVE_INTTYPES_H 1
| #define HAVE_STDINT_H 1
| #define HAVE_UNISTD_H 1
| #define HAVE_DLFCN_H 1
| #define LT_OBJDIR ".libs/"
| #define HAVE___ATTRIBUTE__ 1
| #define STDC_HEADERS 1
| #define PRIuS "lu"
| #define PRIxS "lx"
| #define PRIdS "ld"
| #define HAVE_GETOPT_LONG 1
| #define HAVE_GETOPT 1
| #define HAVE_GETOPT_H 1
| #define HAVE_UTIME_H 1
| #define HAVE_UINT32_T 1
| #define HAVE_U_INT32_T 1
| #define HAVE_UINT64_T 1
| #define HAVE_U_INT64_T 1
| #define HAVE_DIRENT_H 1
| #define HAVE_BYTESWAP_H 1
| #define HAVE_ENDIAN_H 1
| /* end confdefs.h.  */
| #include <machine/endian.h>
configure:15226: result: no
configure:15226: checking for machine/endian.h
configure:15226: result: no
configure:15238: checking sys/endian.h usability
configure:15238: gcc -c -g -O2  conftest.c >&5
conftest.c:72:24: fatal error: sys/endian.h: No such file or directory
compilation terminated.
configure:15238: $? = 1
configure: failed program was:
| /* confdefs.h */
| #define PACKAGE_NAME "ctemplate"
| #define PACKAGE_TARNAME "ctemplate"
| #define PACKAGE_VERSION "2.3"
| #define PACKAGE_STRING "ctemplate 2.3"
| #define PACKAGE_BUGREPORT "google-ctemplate@googlegroups.com"
| #define PACKAGE_URL ""
| #define PACKAGE "ctemplate"
| #define VERSION "2.3"
| #define STDC_HEADERS 1
| #define HAVE_SYS_TYPES_H 1
| #define HAVE_SYS_STAT_H 1
| #define HAVE_STDLIB_H 1
| #define HAVE_STRING_H 1
| #define HAVE_MEMORY_H 1
| #define HAVE_STRINGS_H 1
| #define HAVE_INTTYPES_H 1
| #define HAVE_STDINT_H 1
| #define HAVE_UNISTD_H 1
| #define HAVE_DLFCN_H 1
| #define LT_OBJDIR ".libs/"
| #define HAVE___ATTRIBUTE__ 1
| #define STDC_HEADERS 1
| #define PRIuS "lu"
| #define PRIxS "lx"
| #define PRIdS "ld"
| #define HAVE_GETOPT_LONG 1
| #define HAVE_GETOPT 1
| #define HAVE_GETOPT_H 1
| #define HAVE_UTIME_H 1
| #define HAVE_UINT32_T 1
| #define HAVE_U_INT32_T 1
| #define HAVE_UINT64_T 1
| #define HAVE_U_INT64_T 1
| #define HAVE_DIRENT_H 1
| #define HAVE_BYTESWAP_H 1
| #define HAVE_ENDIAN_H 1
| /* end confdefs.h.  */
| #include <stdio.h>
| #ifdef HAVE_SYS_TYPES_H
| # include <sys/types.h>
| #endif
| #ifdef HAVE_SYS_STAT_H
| # include <sys/stat.h>
| #endif
| #ifdef STDC_HEADERS
| # include <stdlib.h>
| # include <stddef.h>
| #else
| # ifdef HAVE_STDLIB_H
| #  include <stdlib.h>
| # endif
| #endif
| #ifdef HAVE_STRING_H
| # if !defined STDC_HEADERS && defined HAVE_MEMORY_H
| #  include <memory.h>
| # endif
| # include <string.h>
| #endif
| #ifdef HAVE_STRINGS_H
| # include <strings.h>
| #endif
| #ifdef HAVE_INTTYPES_H
| # include <inttypes.h>
| #endif
| #ifdef HAVE_STDINT_H
| # include <stdint.h>
| #endif
| #ifdef HAVE_UNISTD_H
| # include <unistd.h>
| #endif
| #include <sys/endian.h>
configure:15238: result: no
configure:15238: checking sys/endian.h presence
configure:15238: gcc -E  conftest.c
conftest.c:39:24: fatal error: sys/endian.h: No such file or directory
compilation terminated.
configure:15238: $? = 1
configure: failed program was:
| /* confdefs.h */
| #define PACKAGE_NAME "ctemplate"
| #define PACKAGE_TARNAME "ctemplate"
| #define PACKAGE_VERSION "2.3"
| #define PACKAGE_STRING "ctemplate 2.3"
| #define PACKAGE_BUGREPORT "google-ctemplate@googlegroups.com"
| #define PACKAGE_URL ""
| #define PACKAGE "ctemplate"
| #define VERSION "2.3"
| #define STDC_HEADERS 1
| #define HAVE_SYS_TYPES_H 1
| #define HAVE_SYS_STAT_H 1
| #define HAVE_STDLIB_H 1
| #define HAVE_STRING_H 1
| #define HAVE_MEMORY_H 1
| #define HAVE_STRINGS_H 1
| #define HAVE_INTTYPES_H 1
| #define HAVE_STDINT_H 1
| #define HAVE_UNISTD_H 1
| #define HAVE_DLFCN_H 1
| #define LT_OBJDIR ".libs/"
| #define HAVE___ATTRIBUTE__ 1
| #define STDC_HEADERS 1
| #define PRIuS "lu"
| #define PRIxS "lx"
| #define PRIdS "ld"
| #define HAVE_GETOPT_LONG 1
| #define HAVE_GETOPT 1
| #define HAVE_GETOPT_H 1
| #define HAVE_UTIME_H 1
| #define HAVE_UINT32_T 1
| #define HAVE_U_INT32_T 1
| #define HAVE_UINT64_T 1
| #define HAVE_U_INT64_T 1
| #define HAVE_DIRENT_H 1
| #define HAVE_BYTESWAP_H 1
| #define HAVE_ENDIAN_H 1
| /* end confdefs.h.  */
| #include <sys/endian.h>
configure:15238: result: no
configure:15238: checking for sys/endian.h
configure:15238: result: no
configure:15250: checking sys/isa_defs.h usability
configure:15250: gcc -c -g -O2  conftest.c >&5
conftest.c:72:26: fatal error: sys/isa_defs.h: No such file or directory
compilation terminated.
configure:15250: $? = 1
configure: failed program was:
| /* confdefs.h */
| #define PACKAGE_NAME "ctemplate"
| #define PACKAGE_TARNAME "ctemplate"
| #define PACKAGE_VERSION "2.3"
| #define PACKAGE_STRING "ctemplate 2.3"
| #define PACKAGE_BUGREPORT "google-ctemplate@googlegroups.com"
| #define PACKAGE_URL ""
| #define PACKAGE "ctemplate"
| #define VERSION "2.3"
| #define STDC_HEADERS 1
| #define HAVE_SYS_TYPES_H 1
| #define HAVE_SYS_STAT_H 1
| #define HAVE_STDLIB_H 1
| #define HAVE_STRING_H 1
| #define HAVE_MEMORY_H 1
| #define HAVE_STRINGS_H 1
| #define HAVE_INTTYPES_H 1
| #define HAVE_STDINT_H 1
| #define HAVE_UNISTD_H 1
| #define HAVE_DLFCN_H 1
| #define LT_OBJDIR ".libs/"
| #define HAVE___ATTRIBUTE__ 1
| #define STDC_HEADERS 1
| #define PRIuS "lu"
| #define PRIxS "lx"
| #define PRIdS "ld"
| #define HAVE_GETOPT_LONG 1
| #define HAVE_GETOPT 1
| #define HAVE_GETOPT_H 1
| #define HAVE_UTIME_H 1
| #define HAVE_UINT32_T 1
| #define HAVE_U_INT32_T 1
| #define HAVE_UINT64_T 1
| #define HAVE_U_INT64_T 1
| #define HAVE_DIRENT_H 1
| #define HAVE_BYTESWAP_H 1
| #define HAVE_ENDIAN_H 1
| /* end confdefs.h.  */
| #include <stdio.h>
| #ifdef HAVE_SYS_TYPES_H
| # include <sys/types.h>
| #endif
| #ifdef HAVE_SYS_STAT_H
| # include <sys/stat.h>
| #endif
| #ifdef STDC_HEADERS
| # include <stdlib.h>
| # include <stddef.h>
| #else
| # ifdef HAVE_STDLIB_H
| #  include <stdlib.h>
| # endif
| #endif
| #ifdef HAVE_STRING_H
| # if !defined STDC_HEADERS && defined HAVE_MEMORY_H
| #  include <memory.h>
| # endif
| # include <string.h>
| #endif
| #ifdef HAVE_STRINGS_H
| # include <strings.h>
| #endif
| #ifdef HAVE_INTTYPES_H
| # include <inttypes.h>
| #endif
| #ifdef HAVE_STDINT_H
| # include <stdint.h>
| #endif
| #ifdef HAVE_UNISTD_H
| # include <unistd.h>
| #endif
| #include <sys/isa_defs.h>
configure:15250: result: no
configure:15250: checking sys/isa_defs.h presence
configure:15250: gcc -E  conftest.c
conftest.c:39:26: fatal error: sys/isa_defs.h: No such file or directory
compilation terminated.
configure:15250: $? = 1
configure: failed program was:
| /* confdefs.h */
| #define PACKAGE_NAME "ctemplate"
| #define PACKAGE_TARNAME "ctemplate"
| #define PACKAGE_VERSION "2.3"
| #define PACKAGE_STRING "ctemplate 2.3"
| #define PACKAGE_BUGREPORT "google-ctemplate@googlegroups.com"
| #define PACKAGE_URL ""
| #define PACKAGE "ctemplate"
| #define VERSION "2.3"
| #define STDC_HEADERS 1
| #define HAVE_SYS_TYPES_H 1
| #define HAVE_SYS_STAT_H 1
| #define HAVE_STDLIB_H 1
| #define HAVE_STRING_H 1
| #define HAVE_MEMORY_H 1
| #define HAVE_STRINGS_H 1
| #define HAVE_INTTYPES_H 1
| #define HAVE_STDINT_H 1
| #define HAVE_UNISTD_H 1
| #define HAVE_DLFCN_H 1
| #define LT_OBJDIR ".libs/"
| #define HAVE___ATTRIBUTE__ 1
| #define STDC_HEADERS 1
| #define PRIuS "lu"
| #define PRIxS "lx"
| #define PRIdS "ld"
| #define HAVE_GETOPT_LONG 1
| #define HAVE_GETOPT 1
| #define HAVE_GETOPT_H 1
| #define HAVE_UTIME_H 1
| #define HAVE_UINT32_T 1
| #define HAVE_U_INT32_T 1
| #define HAVE_UINT64_T 1
| #define HAVE_U_INT64_T 1
| #define HAVE_DIRENT_H 1
| #define HAVE_BYTESWAP_H 1
| #define HAVE_ENDIAN_H 1
| /* end confdefs.h.  */
| #include <sys/isa_defs.h>
configure:15250: result: no
configure:15250: checking for sys/isa_defs.h
configure:15250: result: no
configure:15427: checking for the pthreads library -lpthreads
configure:15460: gcc -o conftest -g -O2    conftest.c -lpthreads  >&5
/usr/bin/ld: cannot find -lpthreads
collect2: error: ld returned 1 exit status
configure:15460: $? = 1
configure: failed program was:
| /* confdefs.h */
| #define PACKAGE_NAME "ctemplate"
| #define PACKAGE_TARNAME "ctemplate"
| #define PACKAGE_VERSION "2.3"
| #define PACKAGE_STRING "ctemplate 2.3"
| #define PACKAGE_BUGREPORT "google-ctemplate@googlegroups.com"
| #define PACKAGE_URL ""
| #define PACKAGE "ctemplate"
| #define VERSION "2.3"
| #define STDC_HEADERS 1
| #define HAVE_SYS_TYPES_H 1
| #define HAVE_SYS_STAT_H 1
| #define HAVE_STDLIB_H 1
| #define HAVE_STRING_H 1
| #define HAVE_MEMORY_H 1
| #define HAVE_STRINGS_H 1
| #define HAVE_INTTYPES_H 1
| #define HAVE_STDINT_H 1
| #define HAVE_UNISTD_H 1
| #define HAVE_DLFCN_H 1
| #define LT_OBJDIR ".libs/"
| #define HAVE___ATTRIBUTE__ 1
| #define STDC_HEADERS 1
| #define PRIuS "lu"
| #define PRIxS "lx"
| #define PRIdS "ld"
| #define HAVE_GETOPT_LONG 1
| #define HAVE_GETOPT 1
| #define HAVE_GETOPT_H 1
| #define HAVE_UTIME_H 1
| #define HAVE_UINT32_T 1
| #define HAVE_U_INT32_T 1
| #define HAVE_UINT64_T 1
| #define HAVE_U_INT64_T 1
| #define HAVE_DIRENT_H 1
| #define HAVE_BYTESWAP_H 1
| #define HAVE_ENDIAN_H 1
| /* end confdefs.h.  */
| #include <pthread.h>
| int
| main ()
| {
| pthread_t th; pthread_join(th, 0);
|                      pthread_attr_init(0); pthread_cleanup_push(0, 0);
|                      pthread_create(0,0,0,0); pthread_cleanup_pop(0);
|   ;
|   return 0;
| }
configure:15469: result: no
configure:15372: checking whether pthreads work without any flags
configure:15460: gcc -o conftest -g -O2    conftest.c   >&5
/tmp/ccyEpjxY.o: In function `main':
/tmp/ctemplate/src/ctemplate-2.3/conftest.c:43: undefined reference to `pthread_join'
/tmp/ctemplate/src/ctemplate-2.3/conftest.c:44: undefined reference to `__pthread_register_cancel'
/tmp/ctemplate/src/ctemplate-2.3/conftest.c:45: undefined reference to `pthread_create'
/tmp/ctemplate/src/ctemplate-2.3/conftest.c:45: undefined reference to `__pthread_unregister_cancel'
collect2: error: ld returned 1 exit status
configure:15460: $? = 1
configure: failed program was:
| /* confdefs.h */
| #define PACKAGE_NAME "ctemplate"
| #define PACKAGE_TARNAME "ctemplate"
| #define PACKAGE_VERSION "2.3"
| #define PACKAGE_STRING "ctemplate 2.3"
| #define PACKAGE_BUGREPORT "google-ctemplate@googlegroups.com"
| #define PACKAGE_URL ""
| #define PACKAGE "ctemplate"
| #define VERSION "2.3"
| #define STDC_HEADERS 1
| #define HAVE_SYS_TYPES_H 1
| #define HAVE_SYS_STAT_H 1
| #define HAVE_STDLIB_H 1
| #define HAVE_STRING_H 1
| #define HAVE_MEMORY_H 1
| #define HAVE_STRINGS_H 1
| #define HAVE_INTTYPES_H 1
| #define HAVE_STDINT_H 1
| #define HAVE_UNISTD_H 1
| #define HAVE_DLFCN_H 1
| #define LT_OBJDIR ".libs/"
| #define HAVE___ATTRIBUTE__ 1
| #define STDC_HEADERS 1
| #define PRIuS "lu"
| #define PRIxS "lx"
| #define PRIdS "ld"
| #define HAVE_GETOPT_LONG 1
| #define HAVE_GETOPT 1
| #define HAVE_GETOPT_H 1
| #define HAVE_UTIME_H 1
| #define HAVE_UINT32_T 1
| #define HAVE_U_INT32_T 1
| #define HAVE_UINT64_T 1
| #define HAVE_U_INT64_T 1
| #define HAVE_DIRENT_H 1
| #define HAVE_BYTESWAP_H 1
| #define HAVE_ENDIAN_H 1
| /* end confdefs.h.  */
| #include <pthread.h>
| int
| main ()
| {
| pthread_t th; pthread_join(th, 0);
|                      pthread_attr_init(0); pthread_cleanup_push(0, 0);
|                      pthread_create(0,0,0,0); pthread_cleanup_pop(0);
|   ;
|   return 0;
| }
configure:15469: result: no
configure:15377: checking whether pthreads work with -Kthread
configure:15460: gcc -o conftest -g -O2 -Kthread   conftest.c   >&5
gcc: error: unrecognized command line option '-Kthread'
configure:15460: $? = 1
configure: failed program was:
| /* confdefs.h */
| #define PACKAGE_NAME "ctemplate"
| #define PACKAGE_TARNAME "ctemplate"
| #define PACKAGE_VERSION "2.3"
| #define PACKAGE_STRING "ctemplate 2.3"
| #define PACKAGE_BUGREPORT "google-ctemplate@googlegroups.com"
| #define PACKAGE_URL ""
| #define PACKAGE "ctemplate"
| #define VERSION "2.3"
| #define STDC_HEADERS 1
| #define HAVE_SYS_TYPES_H 1
| #define HAVE_SYS_STAT_H 1
| #define HAVE_STDLIB_H 1
| #define HAVE_STRING_H 1
| #define HAVE_MEMORY_H 1
| #define HAVE_STRINGS_H 1
| #define HAVE_INTTYPES_H 1
| #define HAVE_STDINT_H 1
| #define HAVE_UNISTD_H 1
| #define HAVE_DLFCN_H 1
| #define LT_OBJDIR ".libs/"
| #define HAVE___ATTRIBUTE__ 1
| #define STDC_HEADERS 1
| #define PRIuS "lu"
| #define PRIxS "lx"
| #define PRIdS "ld"
| #define HAVE_GETOPT_LONG 1
| #define HAVE_GETOPT 1
| #define HAVE_GETOPT_H 1
| #define HAVE_UTIME_H 1
| #define HAVE_UINT32_T 1
| #define HAVE_U_INT32_T 1
| #define HAVE_UINT64_T 1
| #define HAVE_U_INT64_T 1
| #define HAVE_DIRENT_H 1
| #define HAVE_BYTESWAP_H 1
| #define HAVE_ENDIAN_H 1
| /* end confdefs.h.  */
| #include <pthread.h>
| int
| main ()
| {
| pthread_t th; pthread_join(th, 0);
|                      pthread_attr_init(0); pthread_cleanup_push(0, 0);
|                      pthread_create(0,0,0,0); pthread_cleanup_pop(0);
|   ;
|   return 0;
| }
configure:15469: result: no
configure:15377: checking whether pthreads work with -kthread
configure:15460: gcc -o conftest -g -O2 -kthread   conftest.c   >&5
gcc: error: unrecognized command line option '-kthread'
configure:15460: $? = 1
configure: failed program was:
| /* confdefs.h */
| #define PACKAGE_NAME "ctemplate"
| #define PACKAGE_TARNAME "ctemplate"
| #define PACKAGE_VERSION "2.3"
| #define PACKAGE_STRING "ctemplate 2.3"
| #define PACKAGE_BUGREPORT "google-ctemplate@googlegroups.com"
| #define PACKAGE_URL ""
| #define PACKAGE "ctemplate"
| #define VERSION "2.3"
| #define STDC_HEADERS 1
| #define HAVE_SYS_TYPES_H 1
| #define HAVE_SYS_STAT_H 1
| #define HAVE_STDLIB_H 1
| #define HAVE_STRING_H 1
| #define HAVE_MEMORY_H 1
| #define HAVE_STRINGS_H 1
| #define HAVE_INTTYPES_H 1
| #define HAVE_STDINT_H 1
| #define HAVE_UNISTD_H 1
| #define HAVE_DLFCN_H 1
| #define LT_OBJDIR ".libs/"
| #define HAVE___ATTRIBUTE__ 1
| #define STDC_HEADERS 1
| #define PRIuS "lu"
| #define PRIxS "lx"
| #define PRIdS "ld"
| #define HAVE_GETOPT_LONG 1
| #define HAVE_GETOPT 1
| #define HAVE_GETOPT_H 1
| #define HAVE_UTIME_H 1
| #define HAVE_UINT32_T 1
| #define HAVE_U_INT32_T 1
| #define HAVE_UINT64_T 1
| #define HAVE_U_INT64_T 1
| #define HAVE_DIRENT_H 1
| #define HAVE_BYTESWAP_H 1
| #define HAVE_ENDIAN_H 1
| /* end confdefs.h.  */
| #include <pthread.h>
| int
| main ()
| {
| pthread_t th; pthread_join(th, 0);
|                      pthread_attr_init(0); pthread_cleanup_push(0, 0);
|                      pthread_create(0,0,0,0); pthread_cleanup_pop(0);
|   ;
|   return 0;
| }
configure:15469: result: no
configure:15427: checking for the pthreads library -llthread
configure:15460: gcc -o conftest -g -O2    conftest.c -llthread  >&5
/usr/bin/ld: cannot find -llthread
collect2: error: ld returned 1 exit status
configure:15460: $? = 1
configure: failed program was:
| /* confdefs.h */
| #define PACKAGE_NAME "ctemplate"
| #define PACKAGE_TARNAME "ctemplate"
| #define PACKAGE_VERSION "2.3"
| #define PACKAGE_STRING "ctemplate 2.3"
| #define PACKAGE_BUGREPORT "google-ctemplate@googlegroups.com"
| #define PACKAGE_URL ""
| #define PACKAGE "ctemplate"
| #define VERSION "2.3"
| #define STDC_HEADERS 1
| #define HAVE_SYS_TYPES_H 1
| #define HAVE_SYS_STAT_H 1
| #define HAVE_STDLIB_H 1
| #define HAVE_STRING_H 1
| #define HAVE_MEMORY_H 1
| #define HAVE_STRINGS_H 1
| #define HAVE_INTTYPES_H 1
| #define HAVE_STDINT_H 1
| #define HAVE_UNISTD_H 1
| #define HAVE_DLFCN_H 1
| #define LT_OBJDIR ".libs/"
| #define HAVE___ATTRIBUTE__ 1
| #define STDC_HEADERS 1
| #define PRIuS "lu"
| #define PRIxS "lx"
| #define PRIdS "ld"
| #define HAVE_GETOPT_LONG 1
| #define HAVE_GETOPT 1
| #define HAVE_GETOPT_H 1
| #define HAVE_UTIME_H 1
| #define HAVE_UINT32_T 1
| #define HAVE_U_INT32_T 1
| #define HAVE_UINT64_T 1
| #define HAVE_U_INT64_T 1
| #define HAVE_DIRENT_H 1
| #define HAVE_BYTESWAP_H 1
| #define HAVE_ENDIAN_H 1
| /* end confdefs.h.  */
| #include <pthread.h>
| int
| main ()
| {
| pthread_t th; pthread_join(th, 0);
|                      pthread_attr_init(0); pthread_cleanup_push(0, 0);
|                      pthread_create(0,0,0,0); pthread_cleanup_pop(0);
|   ;
|   return 0;
| }
configure:15469: result: no
configure:15377: checking whether pthreads work with -pthread
configure:15460: gcc -o conftest -g -O2 -pthread   conftest.c   >&5
configure:15460: $? = 0
configure:15469: result: yes
configure:15488: checking for joinable pthread attribute
configure:15503: gcc -o conftest -g -O2 -pthread   conftest.c   >&5
configure:15503: $? = 0
configure:15509: result: PTHREAD_CREATE_JOINABLE
configure:15519: checking if more special flags are required for pthreads
configure:15526: result: no
configure:15615: checking whether to check for GCC pthread/shared inconsistencies
configure:15628: gcc -o conftest -shared -fPIC -Wl,-z,defs -g -O2 -pthread   conftest.c   >&5
configure:15628: $? = 0
configure:15640: result: yes
configure:15646: checking whether -pthread is sufficient with -shared
configure:15661: gcc -o conftest -shared -fPIC -Wl,-z,defs -g -O2 -pthread   conftest.c   >&5
configure:15661: $? = 0
configure:15668: result: yes
configure:15756: checking whether what we have so far is sufficient with -nostdlib
configure:15774: gcc -o conftest -nostdlib -shared -fPIC -Wl,-z,defs -g -O2 -pthread   conftest.c   -lc >&5
/tmp/ccdlx8os.o: In function `main':
/tmp/ctemplate/src/ctemplate-2.3/conftest.c:43: undefined reference to `pthread_join'
/tmp/ctemplate/src/ctemplate-2.3/conftest.c:44: undefined reference to `__pthread_register_cancel'
/tmp/ctemplate/src/ctemplate-2.3/conftest.c:45: undefined reference to `pthread_create'
/tmp/ctemplate/src/ctemplate-2.3/conftest.c:45: undefined reference to `__pthread_unregister_cancel'
collect2: error: ld returned 1 exit status
configure:15774: $? = 1
configure: failed program was:
| /* confdefs.h */
| #define PACKAGE_NAME "ctemplate"
| #define PACKAGE_TARNAME "ctemplate"
| #define PACKAGE_VERSION "2.3"
| #define PACKAGE_STRING "ctemplate 2.3"
| #define PACKAGE_BUGREPORT "google-ctemplate@googlegroups.com"
| #define PACKAGE_URL ""
| #define PACKAGE "ctemplate"
| #define VERSION "2.3"
| #define STDC_HEADERS 1
| #define HAVE_SYS_TYPES_H 1
| #define HAVE_SYS_STAT_H 1
| #define HAVE_STDLIB_H 1
| #define HAVE_STRING_H 1
| #define HAVE_MEMORY_H 1
| #define HAVE_STRINGS_H 1
| #define HAVE_INTTYPES_H 1
| #define HAVE_STDINT_H 1
| #define HAVE_UNISTD_H 1
| #define HAVE_DLFCN_H 1
| #define LT_OBJDIR ".libs/"
| #define HAVE___ATTRIBUTE__ 1
| #define STDC_HEADERS 1
| #define PRIuS "lu"
| #define PRIxS "lx"
| #define PRIdS "ld"
| #define HAVE_GETOPT_LONG 1
| #define HAVE_GETOPT 1
| #define HAVE_GETOPT_H 1
| #define HAVE_UTIME_H 1
| #define HAVE_UINT32_T 1
| #define HAVE_U_INT32_T 1
| #define HAVE_UINT64_T 1
| #define HAVE_U_INT64_T 1
| #define HAVE_DIRENT_H 1
| #define HAVE_BYTESWAP_H 1
| #define HAVE_ENDIAN_H 1
| /* end confdefs.h.  */
| #include <pthread.h>
| int
| main ()
| {
| pthread_t th; pthread_join(th, 0);
| 	       pthread_attr_init(0); pthread_cleanup_push(0, 0);
| 	       pthread_create(0,0,0,0); pthread_cleanup_pop(0);
|   ;
|   return 0;
| }
configure:15786: result: no
configure:15791: checking whether -lpthread saves the day
configure:15807: gcc -o conftest -nostdlib -shared -fPIC -Wl,-z,defs -g -O2 -pthread   conftest.c -lpthread   -lc >&5
configure:15807: $? = 0
configure:15816: result: yes
configure:15859: checking support for pthread_rwlock_* functions
configure:15888: gcc -c -g -O2  conftest.c >&5
configure:15888: $? = 0
configure:15902: result: yes
configure:15915: checking whether first argument to InterlockedExchange omits volatile
configure:15938: g++ -c -g -O2  conftest.cpp >&5
conftest.cpp:41:21: fatal error: windows.h: No such file or directory
compilation terminated.
configure:15938: $? = 1
configure: failed program was:
| /* confdefs.h */
| #define PACKAGE_NAME "ctemplate"
| #define PACKAGE_TARNAME "ctemplate"
| #define PACKAGE_VERSION "2.3"
| #define PACKAGE_STRING "ctemplate 2.3"
| #define PACKAGE_BUGREPORT "google-ctemplate@googlegroups.com"
| #define PACKAGE_URL ""
| #define PACKAGE "ctemplate"
| #define VERSION "2.3"
| #define STDC_HEADERS 1
| #define HAVE_SYS_TYPES_H 1
| #define HAVE_SYS_STAT_H 1
| #define HAVE_STDLIB_H 1
| #define HAVE_STRING_H 1
| #define HAVE_MEMORY_H 1
| #define HAVE_STRINGS_H 1
| #define HAVE_INTTYPES_H 1
| #define HAVE_STDINT_H 1
| #define HAVE_UNISTD_H 1
| #define HAVE_DLFCN_H 1
| #define LT_OBJDIR ".libs/"
| #define HAVE___ATTRIBUTE__ 1
| #define STDC_HEADERS 1
| #define PRIuS "lu"
| #define PRIxS "lx"
| #define PRIdS "ld"
| #define HAVE_GETOPT_LONG 1
| #define HAVE_GETOPT 1
| #define HAVE_GETOPT_H 1
| #define HAVE_UTIME_H 1
| #define HAVE_UINT32_T 1
| #define HAVE_U_INT32_T 1
| #define HAVE_UINT64_T 1
| #define HAVE_U_INT64_T 1
| #define HAVE_DIRENT_H 1
| #define HAVE_BYTESWAP_H 1
| #define HAVE_ENDIAN_H 1
| #define HAVE_PTHREAD 1
| #define HAVE_RWLOCK 1
| /* end confdefs.h.  */
| #include <windows.h>
| int
| main ()
| {
| volatile LONG once; InterlockedExchange(&once,  1);
|   ;
|   return 0;
| }
configure:15958: result: yes
configure:15964: checking whether the compiler implements namespaces
configure:15988: g++ -c -g -O2  conftest.cpp >&5
configure:15988: $? = 0
configure:16001: result: yes
configure:16008: checking what namespace STL code is in
configure:16032: g++ -c -g -O2  conftest.cpp >&5
conftest.cpp: In function 'int main()':
conftest.cpp:47:1: error: 'vector' was not declared in this scope
 vector<int> t; return 0;
 ^
conftest.cpp:47:1: note: suggested alternative:
In file included from /usr/include/c++/5.2.0/vector:64:0,
                 from conftest.cpp:43:
/usr/include/c++/5.2.0/bits/stl_vector.h:214:11: note:   'std::vector'
     class vector : protected _Vector_base<_Tp, _Alloc>
           ^
conftest.cpp:47:8: error: expected primary-expression before 'int'
 vector<int> t; return 0;
        ^
configure:16032: $? = 1
configure: failed program was:
| /* confdefs.h */
| #define PACKAGE_NAME "ctemplate"
| #define PACKAGE_TARNAME "ctemplate"
| #define PACKAGE_VERSION "2.3"
| #define PACKAGE_STRING "ctemplate 2.3"
| #define PACKAGE_BUGREPORT "google-ctemplate@googlegroups.com"
| #define PACKAGE_URL ""
| #define PACKAGE "ctemplate"
| #define VERSION "2.3"
| #define STDC_HEADERS 1
| #define HAVE_SYS_TYPES_H 1
| #define HAVE_SYS_STAT_H 1
| #define HAVE_STDLIB_H 1
| #define HAVE_STRING_H 1
| #define HAVE_MEMORY_H 1
| #define HAVE_STRINGS_H 1
| #define HAVE_INTTYPES_H 1
| #define HAVE_STDINT_H 1
| #define HAVE_UNISTD_H 1
| #define HAVE_DLFCN_H 1
| #define LT_OBJDIR ".libs/"
| #define HAVE___ATTRIBUTE__ 1
| #define STDC_HEADERS 1
| #define PRIuS "lu"
| #define PRIxS "lx"
| #define PRIdS "ld"
| #define HAVE_GETOPT_LONG 1
| #define HAVE_GETOPT 1
| #define HAVE_GETOPT_H 1
| #define HAVE_UTIME_H 1
| #define HAVE_UINT32_T 1
| #define HAVE_U_INT32_T 1
| #define HAVE_UINT64_T 1
| #define HAVE_U_INT64_T 1
| #define HAVE_DIRENT_H 1
| #define HAVE_BYTESWAP_H 1
| #define HAVE_ENDIAN_H 1
| #define HAVE_PTHREAD 1
| #define HAVE_RWLOCK 1
| #define INTERLOCKED_EXCHANGE_NONVOLATILE 1
| #define HAVE_NAMESPACES 1
| /* end confdefs.h.  */
| #include <vector>
| int
| main ()
| {
| vector<int> t; return 0;
|   ;
|   return 0;
| }
configure:16047: g++ -c -g -O2  conftest.cpp >&5
configure:16047: $? = 0
configure:16058: result: std
configure:16111: checking the location of hash_map
configure:16137: g++ -c -g -O2  conftest.cpp >&5
configure:16137: $? = 0
configure:16159: g++ -c -g -O2  conftest.cpp >&5
In file included from /usr/include/c++/5.2.0/unordered_map:35:0,
                 from conftest.cpp:47:
/usr/include/c++/5.2.0/bits/c++0x_warning.h:32:2: error: #error This file requires compiler and library support for the ISO C++ 2011 standard. This support is currently experimental, and must be enabled with the -std=c++11 or -std=gnu++11 compiler options.
 #error This file requires compiler and library support for the \
  ^
conftest.cpp: In function 'int main()':
conftest.cpp:51:12: error: 'unordered_map' in namespace 'std' does not name a template type
 const std::unordered_map<int, int> t;
            ^
conftest.cpp:52:33: error: 't' was not declared in this scope
                          return t.find(5) == t.end();
                                 ^
configure:16159: $? = 1
configure: failed program was:
| /* confdefs.h */
| #define PACKAGE_NAME "ctemplate"
| #define PACKAGE_TARNAME "ctemplate"
| #define PACKAGE_VERSION "2.3"
| #define PACKAGE_STRING "ctemplate 2.3"
| #define PACKAGE_BUGREPORT "google-ctemplate@googlegroups.com"
| #define PACKAGE_URL ""
| #define PACKAGE "ctemplate"
| #define VERSION "2.3"
| #define STDC_HEADERS 1
| #define HAVE_SYS_TYPES_H 1
| #define HAVE_SYS_STAT_H 1
| #define HAVE_STDLIB_H 1
| #define HAVE_STRING_H 1
| #define HAVE_MEMORY_H 1
| #define HAVE_STRINGS_H 1
| #define HAVE_INTTYPES_H 1
| #define HAVE_STDINT_H 1
| #define HAVE_UNISTD_H 1
| #define HAVE_DLFCN_H 1
| #define LT_OBJDIR ".libs/"
| #define HAVE___ATTRIBUTE__ 1
| #define STDC_HEADERS 1
| #define PRIuS "lu"
| #define PRIxS "lx"
| #define PRIdS "ld"
| #define HAVE_GETOPT_LONG 1
| #define HAVE_GETOPT 1
| #define HAVE_GETOPT_H 1
| #define HAVE_UTIME_H 1
| #define HAVE_UINT32_T 1
| #define HAVE_U_INT32_T 1
| #define HAVE_UINT64_T 1
| #define HAVE_U_INT64_T 1
| #define HAVE_DIRENT_H 1
| #define HAVE_BYTESWAP_H 1
| #define HAVE_ENDIAN_H 1
| #define HAVE_PTHREAD 1
| #define HAVE_RWLOCK 1
| #define INTERLOCKED_EXCHANGE_NONVOLATILE 1
| #define HAVE_NAMESPACES 1
| #define STL_NAMESPACE std
| #define GOOGLE_NAMESPACE ::ctemplate
| #define _START_GOOGLE_NAMESPACE_ namespace ctemplate {
| #define _END_GOOGLE_NAMESPACE_ }
| /* end confdefs.h.  */
| #include <unordered_map>
| int
| main ()
| {
| const std::unordered_map<int, int> t;
|                          return t.find(5) == t.end();
|   ;
|   return 0;
| }
configure:16159: g++ -c -g -O2  conftest.cpp >&5
In file included from /usr/include/c++/5.2.0/unordered_map:35:0,
                 from conftest.cpp:47:
/usr/include/c++/5.2.0/bits/c++0x_warning.h:32:2: error: #error This file requires compiler and library support for the ISO C++ 2011 standard. This support is currently experimental, and must be enabled with the -std=c++11 or -std=gnu++11 compiler options.
 #error This file requires compiler and library support for the \
  ^
conftest.cpp: In function 'int main()':
conftest.cpp:51:12: error: 'tr1' in namespace 'std' does not name a type
 const std::tr1::unordered_map<int, int> t;
            ^
conftest.cpp:52:33: error: 't' was not declared in this scope
                          return t.find(5) == t.end();
                                 ^
configure:16159: $? = 1
configure: failed program was:
| /* confdefs.h */
| #define PACKAGE_NAME "ctemplate"
| #define PACKAGE_TARNAME "ctemplate"
| #define PACKAGE_VERSION "2.3"
| #define PACKAGE_STRING "ctemplate 2.3"
| #define PACKAGE_BUGREPORT "google-ctemplate@googlegroups.com"
| #define PACKAGE_URL ""
| #define PACKAGE "ctemplate"
| #define VERSION "2.3"
| #define STDC_HEADERS 1
| #define HAVE_SYS_TYPES_H 1
| #define HAVE_SYS_STAT_H 1
| #define HAVE_STDLIB_H 1
| #define HAVE_STRING_H 1
| #define HAVE_MEMORY_H 1
| #define HAVE_STRINGS_H 1
| #define HAVE_INTTYPES_H 1
| #define HAVE_STDINT_H 1
| #define HAVE_UNISTD_H 1
| #define HAVE_DLFCN_H 1
| #define LT_OBJDIR ".libs/"
| #define HAVE___ATTRIBUTE__ 1
| #define STDC_HEADERS 1
| #define PRIuS "lu"
| #define PRIxS "lx"
| #define PRIdS "ld"
| #define HAVE_GETOPT_LONG 1
| #define HAVE_GETOPT 1
| #define HAVE_GETOPT_H 1
| #define HAVE_UTIME_H 1
| #define HAVE_UINT32_T 1
| #define HAVE_U_INT32_T 1
| #define HAVE_UINT64_T 1
| #define HAVE_U_INT64_T 1
| #define HAVE_DIRENT_H 1
| #define HAVE_BYTESWAP_H 1
| #define HAVE_ENDIAN_H 1
| #define HAVE_PTHREAD 1
| #define HAVE_RWLOCK 1
| #define INTERLOCKED_EXCHANGE_NONVOLATILE 1
| #define HAVE_NAMESPACES 1
| #define STL_NAMESPACE std
| #define GOOGLE_NAMESPACE ::ctemplate
| #define _START_GOOGLE_NAMESPACE_ namespace ctemplate {
| #define _END_GOOGLE_NAMESPACE_ }
| /* end confdefs.h.  */
| #include <unordered_map>
| int
| main ()
| {
| const std::tr1::unordered_map<int, int> t;
|                          return t.find(5) == t.end();
|   ;
|   return 0;
| }
configure:16159: g++ -c -g -O2  conftest.cpp >&5
conftest.cpp: In function 'int main()':
conftest.cpp:51:12: error: 'unordered_map' in namespace 'std' does not name a template type
 const std::unordered_map<int, int> t;
            ^
conftest.cpp:52:33: error: 't' was not declared in this scope
                          return t.find(5) == t.end();
                                 ^
configure:16159: $? = 1
configure: failed program was:
| /* confdefs.h */
| #define PACKAGE_NAME "ctemplate"
| #define PACKAGE_TARNAME "ctemplate"
| #define PACKAGE_VERSION "2.3"
| #define PACKAGE_STRING "ctemplate 2.3"
| #define PACKAGE_BUGREPORT "google-ctemplate@googlegroups.com"
| #define PACKAGE_URL ""
| #define PACKAGE "ctemplate"
| #define VERSION "2.3"
| #define STDC_HEADERS 1
| #define HAVE_SYS_TYPES_H 1
| #define HAVE_SYS_STAT_H 1
| #define HAVE_STDLIB_H 1
| #define HAVE_STRING_H 1
| #define HAVE_MEMORY_H 1
| #define HAVE_STRINGS_H 1
| #define HAVE_INTTYPES_H 1
| #define HAVE_STDINT_H 1
| #define HAVE_UNISTD_H 1
| #define HAVE_DLFCN_H 1
| #define LT_OBJDIR ".libs/"
| #define HAVE___ATTRIBUTE__ 1
| #define STDC_HEADERS 1
| #define PRIuS "lu"
| #define PRIxS "lx"
| #define PRIdS "ld"
| #define HAVE_GETOPT_LONG 1
| #define HAVE_GETOPT 1
| #define HAVE_GETOPT_H 1
| #define HAVE_UTIME_H 1
| #define HAVE_UINT32_T 1
| #define HAVE_U_INT32_T 1
| #define HAVE_UINT64_T 1
| #define HAVE_U_INT64_T 1
| #define HAVE_DIRENT_H 1
| #define HAVE_BYTESWAP_H 1
| #define HAVE_ENDIAN_H 1
| #define HAVE_PTHREAD 1
| #define HAVE_RWLOCK 1
| #define INTERLOCKED_EXCHANGE_NONVOLATILE 1
| #define HAVE_NAMESPACES 1
| #define STL_NAMESPACE std
| #define GOOGLE_NAMESPACE ::ctemplate
| #define _START_GOOGLE_NAMESPACE_ namespace ctemplate {
| #define _END_GOOGLE_NAMESPACE_ }
| /* end confdefs.h.  */
| #include <tr1/unordered_map>
| int
| main ()
| {
| const std::unordered_map<int, int> t;
|                          return t.find(5) == t.end();
|   ;
|   return 0;
| }
configure:16159: g++ -c -g -O2  conftest.cpp >&5
configure:16159: $? = 0
configure:16220: result: <tr1/unordered_map>
configure:16304: g++ -o conftest -g -O2   conftest.cpp  >&5
configure:16304: $? = 0
configure:16481: creating ./config.status

## ---------------- ##
## Cache variables. ##
## ---------------- ##

ac_cv___attribute__=yes
ac_cv_build=x86_64-unknown-linux-gnu
ac_cv_c_compiler_gnu=yes
ac_cv_cxx_compiler_gnu=yes
ac_cv_cxx_hash_map='<tr1/unordered_map>'
ac_cv_cxx_hash_map_class=std::tr1::unordered_map
ac_cv_cxx_hash_namespace=std::tr1
ac_cv_cxx_hash_set='<tr1/unordered_set>'
ac_cv_cxx_hash_set_class=std::tr1::unordered_set
ac_cv_cxx_have_unordered_map=yes
ac_cv_cxx_namespaces=yes
ac_cv_cxx_stl_namespace=std
ac_cv_env_CCC_set=
ac_cv_env_CCC_value=
ac_cv_env_CC_set=
ac_cv_env_CC_value=
ac_cv_env_CFLAGS_set=
ac_cv_env_CFLAGS_value=
ac_cv_env_CPPFLAGS_set=
ac_cv_env_CPPFLAGS_value=
ac_cv_env_CPP_set=
ac_cv_env_CPP_value=
ac_cv_env_CXXCPP_set=
ac_cv_env_CXXCPP_value=
ac_cv_env_CXXFLAGS_set=
ac_cv_env_CXXFLAGS_value=
ac_cv_env_CXX_set=
ac_cv_env_CXX_value=
ac_cv_env_LDFLAGS_set=
ac_cv_env_LDFLAGS_value=
ac_cv_env_LIBS_set=
ac_cv_env_LIBS_value=
ac_cv_env_build_alias_set=
ac_cv_env_build_alias_value=
ac_cv_env_host_alias_set=set
ac_cv_env_host_alias_value=x86_64-unknown-linux
ac_cv_env_target_alias_set=
ac_cv_env_target_alias_value=
ac_cv_formatting_prius_prefix=l
ac_cv_func_getopt=yes
ac_cv_func_getopt_long=yes
ac_cv_have_inttypes_h=1
ac_cv_have_stdint_h=1
ac_cv_header_byteswap_h=yes
ac_cv_header_dirent_dirent_h=yes
ac_cv_header_dlfcn_h=yes
ac_cv_header_endian_h=yes
ac_cv_header_getopt_h=yes
ac_cv_header_inttypes_h=yes
ac_cv_header_libkern_OSByteOrder_h=no
ac_cv_header_machine_endian_h=no
ac_cv_header_memory_h=yes
ac_cv_header_stdc=yes
ac_cv_header_stdint_h=yes
ac_cv_header_stdlib_h=yes
ac_cv_header_string_h=yes
ac_cv_header_strings_h=yes
ac_cv_header_sys_byteorder_h=no
ac_cv_header_sys_endian_h=no
ac_cv_header_sys_isa_defs_h=no
ac_cv_header_sys_stat_h=yes
ac_cv_header_sys_types_h=yes
ac_cv_header_unistd_h=yes
ac_cv_header_utime_h=yes
ac_cv_host=x86_64-unknown-linux-gnu
ac_cv_interlocked_exchange_nonvolatile=yes
ac_cv_objext=o
ac_cv_path_EGREP='/usr/bin/grep -E'
ac_cv_path_FGREP='/usr/bin/grep -F'
ac_cv_path_GREP=/usr/bin/grep
ac_cv_path_SED=/usr/bin/sed
ac_cv_path_install='/usr/bin/install -c'
ac_cv_path_mkdir=/usr/bin/mkdir
ac_cv_prius_defined=1
ac_cv_prog_AWK=gawk
ac_cv_prog_CPP='gcc -E'
ac_cv_prog_CXXCPP='g++ -E'
ac_cv_prog_STRIP=strip
ac_cv_prog_ac_ct_AR=ar
ac_cv_prog_ac_ct_CC=gcc
ac_cv_prog_ac_ct_CXX=g++
ac_cv_prog_ac_ct_OBJDUMP=objdump
ac_cv_prog_ac_ct_RANLIB=ranlib
ac_cv_prog_ac_ct_STRIP=strip
ac_cv_prog_cc_c89=
ac_cv_prog_cc_g=yes
ac_cv_prog_cc_gcc_c_o=yes
ac_cv_prog_cxx_g=yes
ac_cv_prog_make_make_set=yes
ac_cv_rwlock=yes
ac_cv_search_opendir='none required'
ac_cv_type___int32=no
ac_cv_type___int64=no
ac_cv_type_u_int32_t=yes
ac_cv_type_u_int64_t=yes
ac_cv_type_uint32_t=yes
ac_cv_type_uint64_t=yes
ac_cv_uint64=u_int64_t
am_cv_CC_dependencies_compiler_type=gcc3
am_cv_CXX_dependencies_compiler_type=gcc3
am_cv_make_support_nested_variables=yes
lt_cv_deplibs_check_method=pass_all
lt_cv_file_magic_cmd='$MAGIC_CMD'
lt_cv_file_magic_test_file=
lt_cv_ld_reload_flag=-r
lt_cv_nm_interface='BSD nm'
lt_cv_objdir=.libs
lt_cv_path_LD=/usr/bin/ld
lt_cv_path_LDCXX='/usr/bin/ld -m elf_x86_64'
lt_cv_path_NM='/usr/bin/nm -B'
lt_cv_prog_compiler_c_o=yes
lt_cv_prog_compiler_c_o_CXX=yes
lt_cv_prog_compiler_pic_works=yes
lt_cv_prog_compiler_pic_works_CXX=yes
lt_cv_prog_compiler_rtti_exceptions=no
lt_cv_prog_compiler_static_works=yes
lt_cv_prog_compiler_static_works_CXX=yes
lt_cv_prog_gnu_ld=yes
lt_cv_prog_gnu_ldcxx=yes
lt_cv_sys_global_symbol_pipe='sed -n -e '\''s/^.*[	 ]\([ABCDGIRSTW][ABCDGIRSTW]*\)[	 ][	 ]*\([_A-Za-z][_A-Za-z0-9]*\)$/\1 \2 \2/p'\'''
lt_cv_sys_global_symbol_to_c_name_address='sed -n -e '\''s/^: \([^ ]*\) $/  {\"\1\", (void *) 0},/p'\'' -e '\''s/^[ABCDGIRSTW]* \([^ ]*\) \([^ ]*\)$/  {"\2", (void *) \&\2},/p'\'''
lt_cv_sys_global_symbol_to_c_name_address_lib_prefix='sed -n -e '\''s/^: \([^ ]*\) $/  {\"\1\", (void *) 0},/p'\'' -e '\''s/^[ABCDGIRSTW]* \([^ ]*\) \(lib[^ ]*\)$/  {"\2", (void *) \&\2},/p'\'' -e '\''s/^[ABCDGIRSTW]* \([^ ]*\) \([^ ]*\)$/  {"lib\2", (void *) \&\2},/p'\'''
lt_cv_sys_global_symbol_to_cdecl='sed -n -e '\''s/^T .* \(.*\)$/extern int \1();/p'\'' -e '\''s/^[ABCDGIRSTW]* .* \(.*\)$/extern char \1;/p'\'''
lt_cv_sys_max_cmd_len=1572864

## ----------------- ##
## Output variables. ##
## ----------------- ##

ACLOCAL='${SHELL} /tmp/ctemplate/src/ctemplate-2.3/missing --run aclocal-1.11'
AMDEPBACKSLASH='\'
AMDEP_FALSE='#'
AMDEP_TRUE=''
AMTAR='$${TAR-tar}'
AM_BACKSLASH='\'
AM_DEFAULT_V='$(AM_DEFAULT_VERBOSITY)'
AM_DEFAULT_VERBOSITY='0'
AM_V='$(V)'
AR='ar'
AUTOCONF='${SHELL} /tmp/ctemplate/src/ctemplate-2.3/missing --run autoconf'
AUTOHEADER='${SHELL} /tmp/ctemplate/src/ctemplate-2.3/missing --run autoheader'
AUTOMAKE='${SHELL} /tmp/ctemplate/src/ctemplate-2.3/missing --run automake-1.11'
AWK='gawk'
CC='gcc'
CCDEPMODE='depmode=gcc3'
CFLAGS='-g -O2'
CPP='gcc -E'
CPPFLAGS=''
CXX='g++'
CXXCPP='g++ -E'
CXXDEPMODE='depmode=gcc3'
CXXFLAGS='-g -O2'
CYGPATH_W='echo'
DEFS='-DHAVE_CONFIG_H'
DEPDIR='.deps'
DSYMUTIL=''
DUMPBIN=''
ECHO_C=''
ECHO_N='-n'
ECHO_T=''
EGREP='/usr/bin/grep -E'
EXEEXT=''
FGREP='/usr/bin/grep -F'
GCC_FALSE='#'
GCC_TRUE=''
GREP='/usr/bin/grep'
INSTALL_DATA='${INSTALL} -m 644'
INSTALL_PROGRAM='${INSTALL}'
INSTALL_SCRIPT='${INSTALL}'
INSTALL_STRIP_PROGRAM='$(install_sh) -c -s'
LD='/usr/bin/ld -m elf_x86_64'
LDFLAGS=''
LIBOBJS=''
LIBS=''
LIBTOOL='$(SHELL) $(top_builddir)/libtool'
LIBTOOL_DEPS='./ltmain.sh'
LIPO=''
LN_S='ln -s'
LTLIBOBJS=''
MAKEINFO='${SHELL} /tmp/ctemplate/src/ctemplate-2.3/missing --run makeinfo'
MINGW_FALSE=''
MINGW_TRUE='#'
MKDIR_P='/usr/bin/mkdir -p'
NM='/usr/bin/nm -B'
NMEDIT=''
OBJDUMP='objdump'
OBJEXT='o'
OTOOL64=''
OTOOL=''
PACKAGE='ctemplate'
PACKAGE_BUGREPORT='google-ctemplate@googlegroups.com'
PACKAGE_NAME='ctemplate'
PACKAGE_STRING='ctemplate 2.3'
PACKAGE_TARNAME='ctemplate'
PACKAGE_URL=''
PACKAGE_VERSION='2.3'
PATH_SEPARATOR=':'
PTHREAD_CC='gcc'
PTHREAD_CFLAGS='-pthread'
PTHREAD_LIBS=' -lpthread'
RANLIB='ranlib'
SED='/usr/bin/sed'
SET_MAKE=''
SHELL='/bin/sh'
SO_VERSION='3:0:0'
STRIP='strip'
VERSION='2.3'
ac_ct_CC='gcc'
ac_ct_CXX='g++'
ac_ct_DUMPBIN=''
ac_cv_cxx_hash_map='<tr1/unordered_map>'
ac_cv_cxx_hash_map_class='std::tr1::unordered_map'
ac_cv_cxx_hash_set='<tr1/unordered_set>'
ac_cv_cxx_hash_set_class='std::tr1::unordered_set'
ac_cv_have_inttypes_h='1'
ac_cv_have_stdint_h='1'
ac_cv_uint64='u_int64_t'
ac_google_attribute='1'
ac_google_end_namespace='}'
ac_google_namespace='::ctemplate'
ac_google_start_namespace='namespace ctemplate {'
ac_have_attribute_weak='1'
ac_htmlparser_namespace='google_ctemplate_streamhtmlparser'
ac_windows_dllexport=''
ac_windows_dllexport_defines=''
acx_pthread_config=''
am__EXEEXT_FALSE=''
am__EXEEXT_TRUE='#'
am__fastdepCC_FALSE='#'
am__fastdepCC_TRUE=''
am__fastdepCXX_FALSE='#'
am__fastdepCXX_TRUE=''
am__include='include'
am__isrc=''
am__leading_dot='.'
am__nodep='_no'
am__quote=''
am__tar='$${TAR-tar} chof - "$$tardir"'
am__untar='$${TAR-tar} xf -'
bindir='${exec_prefix}/bin'
build='x86_64-unknown-linux-gnu'
build_alias=''
build_cpu='x86_64'
build_os='linux-gnu'
build_vendor='unknown'
datadir='${datarootdir}'
datarootdir='${prefix}/share'
docdir='${datarootdir}/doc/${PACKAGE_TARNAME}'
dvidir='${docdir}'
exec_prefix='${prefix}'
host='x86_64-unknown-linux-gnu'
host_alias='x86_64-unknown-linux'
host_cpu='x86_64'
host_os='linux-gnu'
host_vendor='unknown'
htmldir='${docdir}'
includedir='${prefix}/include'
infodir='${datarootdir}/info'
install_sh='${SHELL} /tmp/ctemplate/src/ctemplate-2.3/install-sh'
libdir='${exec_prefix}/lib'
libexecdir='${exec_prefix}/libexec'
localedir='${datarootdir}/locale'
localstatedir='${prefix}/var'
lt_ECHO='echo'
mandir='${datarootdir}/man'
mkdir_p='/usr/bin/mkdir -p'
oldincludedir='/usr/include'
pdfdir='${docdir}'
prefix='/usr'
program_transform_name='s,x,x,'
psdir='${docdir}'
sbindir='${exec_prefix}/sbin'
sharedstatedir='${prefix}/com'
sysconfdir='${prefix}/etc'
target_alias=''

## ----------- ##
## confdefs.h. ##
## ----------- ##

/* confdefs.h */
#define PACKAGE_NAME "ctemplate"
#define PACKAGE_TARNAME "ctemplate"
#define PACKAGE_VERSION "2.3"
#define PACKAGE_STRING "ctemplate 2.3"
#define PACKAGE_BUGREPORT "google-ctemplate@googlegroups.com"
#define PACKAGE_URL ""
#define PACKAGE "ctemplate"
#define VERSION "2.3"
#define STDC_HEADERS 1
#define HAVE_SYS_TYPES_H 1
#define HAVE_SYS_STAT_H 1
#define HAVE_STDLIB_H 1
#define HAVE_STRING_H 1
#define HAVE_MEMORY_H 1
#define HAVE_STRINGS_H 1
#define HAVE_INTTYPES_H 1
#define HAVE_STDINT_H 1
#define HAVE_UNISTD_H 1
#define HAVE_DLFCN_H 1
#define LT_OBJDIR ".libs/"
#define HAVE___ATTRIBUTE__ 1
#define STDC_HEADERS 1
#define PRIuS "lu"
#define PRIxS "lx"
#define PRIdS "ld"
#define HAVE_GETOPT_LONG 1
#define HAVE_GETOPT 1
#define HAVE_GETOPT_H 1
#define HAVE_UTIME_H 1
#define HAVE_UINT32_T 1
#define HAVE_U_INT32_T 1
#define HAVE_UINT64_T 1
#define HAVE_U_INT64_T 1
#define HAVE_DIRENT_H 1
#define HAVE_BYTESWAP_H 1
#define HAVE_ENDIAN_H 1
#define HAVE_PTHREAD 1
#define HAVE_RWLOCK 1
#define INTERLOCKED_EXCHANGE_NONVOLATILE 1
#define HAVE_NAMESPACES 1
#define STL_NAMESPACE std
#define GOOGLE_NAMESPACE ::ctemplate
#define _START_GOOGLE_NAMESPACE_ namespace ctemplate {
#define _END_GOOGLE_NAMESPACE_ }
#define HAVE_HASH_MAP 1
#define HAVE_HASH_SET 1
#define HASH_MAP_H <tr1/unordered_map>
#define HASH_SET_H <tr1/unordered_set>
#define HASH_NAMESPACE std::tr1
#define HAVE_UNORDERED_MAP 1
#define HTMLPARSER_NAMESPACE google_ctemplate_streamhtmlparser

configure: exit 0

## ---------------------- ##
## Running config.status. ##
## ---------------------- ##

This file was extended by ctemplate config.status 2.3, which was
generated by GNU Autoconf 2.69.  Invocation command line was

  CONFIG_FILES    = 
  CONFIG_HEADERS  = 
  CONFIG_LINKS    = 
  CONFIG_COMMANDS = 
  $ ./config.status 

on 15b47e383955

config.status:1196: creating Makefile
config.status:1196: creating src/ctemplate/template_string.h
config.status:1196: creating src/ctemplate/template_enums.h
config.status:1196: creating src/ctemplate/template.h
config.status:1196: creating src/ctemplate/template_cache.h
config.status:1196: creating src/ctemplate/template_modifiers.h
config.status:1196: creating src/ctemplate/template_emitter.h
config.status:1196: creating src/ctemplate/template_annotator.h
config.status:1196: creating src/ctemplate/template_dictionary.h
config.status:1196: creating src/ctemplate/template_pathops.h
config.status:1196: creating src/ctemplate/template_namelist.h
config.status:1196: creating src/ctemplate/find_ptr.h
config.status:1196: creating src/ctemplate/per_expand_data.h
config.status:1196: creating src/ctemplate/str_ref.h
config.status:1196: creating src/ctemplate/template_dictionary_interface.h
config.status:1196: creating src/config.h
config.status:1377: src/config.h is unchanged
config.status:1425: executing depfiles commands
config.status:1425: executing libtool commands

## ---------------------- ##
## Running config.status. ##
## ---------------------- ##

This file was extended by ctemplate config.status 2.3, which was
generated by GNU Autoconf 2.69.  Invocation command line was

  CONFIG_FILES    = 
  CONFIG_HEADERS  = 
  CONFIG_LINKS    = 
  CONFIG_COMMANDS = 
  $ ./config.status src/config.h

on 15b47e383955

config.status:1196: creating src/config.h
config.status:1377: src/config.h is unchanged

===> Finished printing config.logs></pre></code>
        </body></html>
