        <html><head></head><body>
        <h1>Report for exempi on toolchain
            <a href="index.html">vanilla</a>
        </h1>
        <p>Return code: 0</p>
        <p>Time to run: 00:03:42</p>
        <p>Log output:</p>
        <code><pre><docker run --rm -v /tuscan_data --volumes-from tuscan_data -v /sources --volumes-from sources -v /var/cache/pacman/pkg --volumes-from pkg_cache_vanilla -v logs:/logs make_package_container --sources-directory /sources --shared-directory /tuscan_data exempi
:: Synchronizing package databases...
downloading repo.db...
downloading core.db...
downloading extra.db...
downloading community.db...
Found 2812 packages in cache
Found permanent source directory in /sources/exempi
===> sudo -u tuscan  makepkg --noextract --syncdeps --skipinteg --skippgpcheck --skipchecksums --noconfirm --nocolor --log --noprogressbar --nocheck
==> Making package: exempi 2.2.2-1 (Sat Nov 14 08:21:02 UTC 2015)
==> Checking runtime dependencies...
==> Checking buildtime dependencies...
==> Installing missing dependencies...
resolving dependencies...
looking for conflicting packages...

Packages (3) boost-libs-1.59.0-3  icu-56.1-1  boost-1.59.0-3

Total Installed Size:  187.11 MiB

:: Proceed with installation? [Y/n] 
checking keyring...
checking package integrity...
loading package files...
checking for file conflicts...
checking available disk space...
installing icu...
installing boost-libs...
Optional dependencies for boost-libs
    openmpi: for mpi support
installing boost...
Optional dependencies for boost
    python: for python bindings [installed]
    python2: for python2 bindings
    boost-build: to use boost jam for building your project.
==> WARNING: Using existing $srcdir/ tree
==> Starting build()...
checking for a BSD-compatible install... /usr/bin/install -c
checking whether build environment is sane... yes
/tmp/exempi/src/exempi-2.2.2/missing: Unknown `--is-lightweight' option
Try `/tmp/exempi/src/exempi-2.2.2/missing --help' for more information
configure: WARNING: 'missing' script is too old or missing
checking for x86_64-unknown-linux-strip... no
checking for strip... strip
checking for a thread-safe mkdir -p... /usr/bin/mkdir -p
checking for gawk... gawk
checking whether make sets $(MAKE)... yes
checking whether make supports nested variables... yes
checking whether to enable maintainer-specific portions of Makefiles... no
checking whether make supports nested variables... (cached) yes
checking for x86_64-unknown-linux-gcc... no
checking for gcc... gcc
checking whether the C compiler works... yes
checking for C compiler default output file name... a.out
checking for suffix of executables... 
checking whether we are cross compiling... no
checking for suffix of object files... o
checking whether we are using the GNU C compiler... yes
checking whether gcc accepts -g... yes
checking for gcc option to accept ISO C89... none needed
checking for style of include used by make... GNU
checking dependency style of gcc... gcc3
checking for x86_64-unknown-linux-g++... no
checking for x86_64-unknown-linux-c++... no
checking for x86_64-unknown-linux-gpp... no
checking for x86_64-unknown-linux-aCC... no
checking for x86_64-unknown-linux-CC... no
checking for x86_64-unknown-linux-cxx... no
checking for x86_64-unknown-linux-cc++... no
checking for x86_64-unknown-linux-cl.exe... no
checking for x86_64-unknown-linux-FCC... no
checking for x86_64-unknown-linux-KCC... no
checking for x86_64-unknown-linux-RCC... no
checking for x86_64-unknown-linux-xlC_r... no
checking for x86_64-unknown-linux-xlC... no
checking for g++... g++
checking whether we are using the GNU C++ compiler... yes
checking whether g++ accepts -g... yes
checking dependency style of g++... gcc3
checking build system type... x86_64-unknown-linux-gnu
checking host system type... x86_64-unknown-linux-gnu
checking how to print strings... printf
checking for a sed that does not truncate output... /usr/bin/sed
checking for grep that handles long lines and -e... /usr/bin/grep
checking for egrep... /usr/bin/grep -E
checking for fgrep... /usr/bin/grep -F
checking for ld used by gcc... /usr/bin/ld
checking if the linker (/usr/bin/ld) is GNU ld... yes
checking for BSD- or MS-compatible name lister (nm)... /usr/bin/nm -B
checking the name lister (/usr/bin/nm -B) interface... BSD nm
checking whether ln -s works... yes
checking the maximum length of command line arguments... 1572864
checking whether the shell understands some XSI constructs... yes
checking whether the shell understands "+="... yes
checking how to convert x86_64-unknown-linux-gnu file names to x86_64-unknown-linux-gnu format... func_convert_file_noop
checking how to convert x86_64-unknown-linux-gnu file names to toolchain format... func_convert_file_noop
checking for /usr/bin/ld option to reload object files... -r
checking for x86_64-unknown-linux-objdump... no
checking for objdump... objdump
checking how to recognize dependent libraries... pass_all
checking for x86_64-unknown-linux-dlltool... no
checking for dlltool... no
checking how to associate runtime and link libraries... printf %s\n
checking for x86_64-unknown-linux-ar... no
checking for ar... ar
checking for archiver @FILE support... @
checking for x86_64-unknown-linux-strip... strip
checking for x86_64-unknown-linux-ranlib... no
checking for ranlib... ranlib
checking command to parse /usr/bin/nm -B output from gcc object... ok
checking for sysroot... no
checking for x86_64-unknown-linux-mt... no
checking for mt... no
checking if : is a manifest tool... no
checking how to run the C preprocessor... gcc -E
checking for ANSI C header files... yes
checking for sys/types.h... yes
checking for sys/stat.h... yes
checking for stdlib.h... yes
checking for string.h... yes
checking for memory.h... yes
checking for strings.h... yes
checking for inttypes.h... yes
checking for stdint.h... yes
checking for unistd.h... yes
checking for dlfcn.h... yes
checking for objdir... .libs
checking if gcc supports -fno-rtti -fno-exceptions... no
checking for gcc option to produce PIC... -fPIC -DPIC
checking if gcc PIC flag -fPIC -DPIC works... yes
checking if gcc static flag -static works... yes
checking if gcc supports -c -o file.o... yes
checking if gcc supports -c -o file.o... (cached) yes
checking whether the gcc linker (/usr/bin/ld -m elf_x86_64) supports shared libraries... yes
checking whether -lc should be explicitly linked in... no
checking dynamic linker characteristics... GNU/Linux ld.so
checking how to hardcode library paths into programs... immediate
checking whether stripping libraries is possible... yes
checking if libtool supports shared libraries... yes
checking whether to build shared libraries... yes
checking whether to build static libraries... no
checking how to run the C++ preprocessor... g++ -E
checking for ld used by g++... /usr/bin/ld -m elf_x86_64
checking if the linker (/usr/bin/ld -m elf_x86_64) is GNU ld... yes
checking whether the g++ linker (/usr/bin/ld -m elf_x86_64) supports shared libraries... yes
checking for g++ option to produce PIC... -fPIC -DPIC
checking if g++ PIC flag -fPIC -DPIC works... yes
checking if g++ static flag -static works... yes
checking if g++ supports -c -o file.o... yes
checking if g++ supports -c -o file.o... (cached) yes
checking whether the g++ linker (/usr/bin/ld -m elf_x86_64) supports shared libraries... yes
checking dynamic linker characteristics... (cached) GNU/Linux ld.so
checking how to hardcode library paths into programs... immediate
checking whether byte ordering is bigendian... no
checking expat.h usability... yes
checking expat.h presence... yes
checking for expat.h... yes
checking iconv.h usability... yes
checking iconv.h presence... yes
checking for iconv.h... yes
checking zlib.h usability... yes
checking zlib.h presence... yes
checking for zlib.h... yes
checking for iconv declaration... 
         extern size_t iconv (iconv_t cd, char * *inbuf, size_t *inbytesleft, char * *outbuf, size_t *outbytesleft);
checking for thread local storage (TLS) class... __thread
checking whether the linker accepts the -Wl,--retain-symbols-file=_ac_foo.sym flag... yes
checking for Boost headers version >= 1.33.0... /usr/include
checking for Boost's header version... 1_59
checking for the toolset name used by Boost for g++... unknown
configure: WARNING: could not figure out which toolset name to use for g++
checking boost/test/unit_test.hpp usability... yes
checking boost/test/unit_test.hpp presence... yes
checking for boost/test/unit_test.hpp... yes
checking for the Boost unit_test_framework library... yes
checking for valgrind... no
checking valgrind/memcheck.h usability... no
checking valgrind/memcheck.h presence... no
checking for valgrind/memcheck.h... no
configure: WARNING: Valgrind is missing. checks will run without
checking that generated files are newer than configure... done
configure: creating ./config.status
config.status: creating Makefile
config.status: creating third-party/Makefile
config.status: creating third-party/MD5/Makefile
config.status: creating source/Makefile
config.status: creating source/common/Makefile
config.status: creating source/XMPCore/Makefile
config.status: creating source/XMPFiles/Makefile
config.status: creating source/XMPFiles/FileHandlers/Makefile
config.status: creating source/XMPFiles/FormatSupport/Makefile
config.status: creating samples/Makefile
config.status: creating samples/source/Makefile
config.status: creating samples/testfiles/Makefile
config.status: creating build/Makefile
config.status: creating public/Makefile
config.status: creating public/include/Makefile
config.status: creating public/include/client-glue/Makefile
config.status: creating exempi/Makefile
config.status: creating exempi/doc/Makefile
config.status: creating exempi/doc/Doxyfile
config.status: creating exempi/tests/Makefile
config.status: creating exempi/exempi-2.0.pc
config.status: executing depfiles commands
config.status: executing libtool commands

Defines:

   EXEMPI_PLATFORM_DEF  = UNIX_ENV
   CPPFLAGS             = 
   LDFLAGS              = 
   Thread Local Storage = __thread
   Run unit test        = yes

Making all in third-party
make[1]: Entering directory '/tmp/exempi/src/exempi-2.2.2/third-party'
Making all in MD5
make[2]: Entering directory '/tmp/exempi/src/exempi-2.2.2/third-party/MD5'
  CXX      MD5.lo
  CXXLD    libmd5.la
ar: `u' modifier ignored since `D' is the default (see `U')
make[2]: Leaving directory '/tmp/exempi/src/exempi-2.2.2/third-party/MD5'
make[2]: Entering directory '/tmp/exempi/src/exempi-2.2.2/third-party'
make[2]: Nothing to be done for 'all-am'.
make[2]: Leaving directory '/tmp/exempi/src/exempi-2.2.2/third-party'
make[1]: Leaving directory '/tmp/exempi/src/exempi-2.2.2/third-party'
Making all in source
make[1]: Entering directory '/tmp/exempi/src/exempi-2.2.2/source'
Making all in common
make[2]: Entering directory '/tmp/exempi/src/exempi-2.2.2/source/common'
  CXX      UnicodeConversions.lo
  CXX      XML_Node.lo
  CXX      LargeFileAccess.lo
  CXX      XMP_LibUtils.lo
  CXXLD    libxmpcommon.la
ar: `u' modifier ignored since `D' is the default (see `U')
make[2]: Leaving directory '/tmp/exempi/src/exempi-2.2.2/source/common'
Making all in XMPCore
make[2]: Entering directory '/tmp/exempi/src/exempi-2.2.2/source/XMPCore'
  CXX      ExpatAdapter.lo
In file included from XMPCore_Impl.hpp:15:0,
                 from ExpatAdapter.cpp:10:
./../common/XMP_LibUtils.hpp:457:21: warning: 'kTenSpaces' defined but not used [-Wunused-variable]
 static const char * kTenSpaces = "          ";
                     ^
In file included from XMPCore_Impl.hpp:15:0,
                 from ExpatAdapter.cpp:10:
./../common/XMP_LibUtils.hpp:480:21: warning: 'kIndent' defined but not used [-Wunused-variable]
 static const char * kIndent = "   ";
                     ^
  CXX      WXMPIterator.lo
In file included from XMPCore_Impl.hpp:15:0,
                 from WXMPIterator.cpp:14:
./../common/XMP_LibUtils.hpp:457:21: warning: 'kTenSpaces' defined but not used [-Wunused-variable]
 static const char * kTenSpaces = "          ";
                     ^
In file included from XMPCore_Impl.hpp:15:0,
                 from WXMPIterator.cpp:14:
./../common/XMP_LibUtils.hpp:480:21: warning: 'kIndent' defined but not used [-Wunused-variable]
 static const char * kIndent = "   ";
                     ^
  CXX      WXMPUtils.lo
In file included from XMPCore_Impl.hpp:15:0,
                 from WXMPUtils.cpp:16:
./../common/XMP_LibUtils.hpp:457:21: warning: 'kTenSpaces' defined but not used [-Wunused-variable]
 static const char * kTenSpaces = "          ";
                     ^
In file included from XMPCore_Impl.hpp:15:0,
                 from WXMPUtils.cpp:16:
./../common/XMP_LibUtils.hpp:480:21: warning: 'kIndent' defined but not used [-Wunused-variable]
 static const char * kIndent = "   ";
                     ^
  CXX      XMPIterator.lo
XMPIterator.cpp: In constructor 'XMPIterator::XMPIterator(XMP_StringPtr, XMP_StringPtr, XMP_OptionBits)':
XMPIterator.cpp:495:10: warning: variable 'p' set but not used [-Wunused-but-set-variable]
   void * p; p = &schemaNS; p = &propName; p = &options; // Avoid unused param warnings.
          ^
In file included from XMPCore_Impl.hpp:15:0,
                 from XMPIterator.cpp:10:
./../common/XMP_LibUtils.hpp: At global scope:
./../common/XMP_LibUtils.hpp:457:21: warning: 'kTenSpaces' defined but not used [-Wunused-variable]
 static const char * kTenSpaces = "          ";
                     ^
In file included from XMPCore_Impl.hpp:15:0,
                 from XMPIterator.cpp:10:
./../common/XMP_LibUtils.hpp:480:21: warning: 'kIndent' defined but not used [-Wunused-variable]
 static const char * kIndent = "   ";
                     ^
  CXX      XMPMeta-GetSet.lo
XMPMeta-GetSet.cpp: In member function 'void XMPMeta::DeleteLocalizedText(XMP_StringPtr, XMP_StringPtr, XMP_StringPtr, XMP_StringPtr)':
XMPMeta-GetSet.cpp:1035:9: warning: variable 'assocIsXDefault' set but not used [-Wunused-but-set-variable]
  size_t assocIsXDefault = false;
         ^
In file included from XMPCore_Impl.hpp:15:0,
                 from XMPMeta-GetSet.cpp:13:
./../common/XMP_LibUtils.hpp: At global scope:
./../common/XMP_LibUtils.hpp:457:21: warning: 'kTenSpaces' defined but not used [-Wunused-variable]
 static const char * kTenSpaces = "          ";
                     ^
In file included from XMPCore_Impl.hpp:15:0,
                 from XMPMeta-GetSet.cpp:13:
./../common/XMP_LibUtils.hpp:480:21: warning: 'kIndent' defined but not used [-Wunused-variable]
 static const char * kIndent = "   ";
                     ^
  CXX      XMPMeta-Serialize.lo
XMPMeta-Serialize.cpp: In member function 'void XMPMeta::SerializeToBuffer(XMP_VarString*, XMP_OptionBits, XMP_StringLen, XMP_StringPtr, XMP_StringPtr, XMP_Index) const':
XMPMeta-Serialize.cpp:1264:23: warning: variable 'Converter' set but not used [-Wunused-but-set-variable]
    UTF8_to_UTF32_Proc Converter = UTF8_to_UTF32BE;
                       ^
In file included from XMPCore_Impl.hpp:15:0,
                 from XMPMeta-Serialize.cpp:13:
./../common/XMP_LibUtils.hpp: At global scope:
./../common/XMP_LibUtils.hpp:457:21: warning: 'kTenSpaces' defined but not used [-Wunused-variable]
 static const char * kTenSpaces = "          ";
                     ^
In file included from XMPCore_Impl.hpp:15:0,
                 from XMPMeta-Serialize.cpp:13:
./../common/XMP_LibUtils.hpp:480:21: warning: 'kIndent' defined but not used [-Wunused-variable]
 static const char * kIndent = "   ";
                     ^
XMPMeta-Serialize.cpp:46:21: warning: 'kTXMP_SchemaGroup' defined but not used [-Wunused-variable]
 static const char * kTXMP_SchemaGroup = "XMP_SchemaGroup";
                     ^
XMPMeta-Serialize.cpp:61:21: warning: 'kRDF_BagEnd' defined but not used [-Wunused-variable]
 static const char * kRDF_BagEnd       = "</rdf:Bag>";
                     ^
XMPMeta-Serialize.cpp:63:21: warning: 'kRDF_SeqStart' defined but not used [-Wunused-variable]
 static const char * kRDF_SeqStart     = "<rdf:Seq>";
                     ^
XMPMeta-Serialize.cpp:64:21: warning: 'kRDF_SeqEnd' defined but not used [-Wunused-variable]
 static const char * kRDF_SeqEnd       = "</rdf:Seq>";
                     ^
XMPMeta-Serialize.cpp:66:21: warning: 'kRDF_AltStart' defined but not used [-Wunused-variable]
 static const char * kRDF_AltStart     = "<rdf:Alt>";
                     ^
XMPMeta-Serialize.cpp:67:21: warning: 'kRDF_AltEnd' defined but not used [-Wunused-variable]
 static const char * kRDF_AltEnd       = "</rdf:Alt>";
                     ^
XMPMeta-Serialize.cpp:70:21: warning: 'kRDF_ItemEnd' defined but not used [-Wunused-variable]
 static const char * kRDF_ItemEnd      = "</rdf:li>";
                     ^
XMPMeta-Serialize.cpp:73:21: warning: 'kRDF_ValueEnd' defined but not used [-Wunused-variable]
 static const char * kRDF_ValueEnd     = "</rdf:value>";
                     ^
  CXX      XMPUtils-FileInfo.lo
In file included from XMPCore_Impl.hpp:15:0,
                 from XMPUtils-FileInfo.cpp:10:
./../common/XMP_LibUtils.hpp:457:21: warning: 'kTenSpaces' defined but not used [-Wunused-variable]
 static const char * kTenSpaces = "          ";
                     ^
In file included from XMPCore_Impl.hpp:15:0,
                 from XMPUtils-FileInfo.cpp:10:
./../common/XMP_LibUtils.hpp:480:21: warning: 'kIndent' defined but not used [-Wunused-variable]
 static const char * kIndent = "   ";
                     ^
  CXX      ParseRDF.lo
In file included from XMPCore_Impl.hpp:15:0,
                 from ParseRDF.cpp:10:
./../common/XMP_LibUtils.hpp:457:21: warning: 'kTenSpaces' defined but not used [-Wunused-variable]
 static const char * kTenSpaces = "          ";
                     ^
In file included from XMPCore_Impl.hpp:15:0,
                 from ParseRDF.cpp:10:
./../common/XMP_LibUtils.hpp:480:21: warning: 'kIndent' defined but not used [-Wunused-variable]
 static const char * kIndent = "   ";
                     ^
ParseRDF.cpp:329:1: warning: 'bool IsSyntaxTerm(RDFTermKind)' defined but not used [-Wunused-function]
 IsSyntaxTerm ( RDFTermKind term )
 ^
ParseRDF.cpp:361:1: warning: 'bool IsNodeElementName(RDFTermKind)' defined but not used [-Wunused-function]
 IsNodeElementName ( RDFTermKind term )
 ^
ParseRDF.cpp:393:1: warning: 'bool IsPropertyAttributeName(RDFTermKind)' defined but not used [-Wunused-function]
 IsPropertyAttributeName ( RDFTermKind term )
 ^
  CXX      WXMPMeta.lo
In file included from XMPCore_Impl.hpp:15:0,
                 from WXMPMeta.cpp:14:
./../common/XMP_LibUtils.hpp:457:21: warning: 'kTenSpaces' defined but not used [-Wunused-variable]
 static const char * kTenSpaces = "          ";
                     ^
In file included from XMPCore_Impl.hpp:15:0,
                 from WXMPMeta.cpp:14:
./../common/XMP_LibUtils.hpp:480:21: warning: 'kIndent' defined but not used [-Wunused-variable]
 static const char * kIndent = "   ";
                     ^
  CXX      XMPCore_Impl.lo
XMPCore_Impl.cpp: In function 'XMP_Node* FindSchemaNode(XMP_Node*, XMP_StringPtr, bool, XMP_NodePtrPos*)':
XMPCore_Impl.cpp:769:8: warning: unused variable 'found' [-Wunused-variable]
   bool found = XMPMeta::GetNamespacePrefix ( nsURI, &prefixPtr, &prefixLen ); // *** Use map directly?
        ^
In file included from XMPCore_Impl.hpp:15:0,
                 from XMPCore_Impl.cpp:11:
./../common/XMP_LibUtils.hpp: At global scope:
./../common/XMP_LibUtils.hpp:457:21: warning: 'kTenSpaces' defined but not used [-Wunused-variable]
 static const char * kTenSpaces = "          ";
                     ^
In file included from XMPCore_Impl.hpp:15:0,
                 from XMPCore_Impl.cpp:11:
./../common/XMP_LibUtils.hpp:480:21: warning: 'kIndent' defined but not used [-Wunused-variable]
 static const char * kIndent = "   ";
                     ^
  CXX      XMPMeta.lo
XMPMeta.cpp: In static member function 'static bool XMPMeta::Initialize()':
XMPMeta.cpp:811:17: warning: unused variable 'flag' [-Wunused-variable]
  XMP_OptionBits flag = (XMP_OptionBits) (~0UL);
                 ^
XMPMeta.cpp: In static member function 'static void XMPMeta::SetGlobalOptions(XMP_OptionBits)':
XMPMeta.cpp:942:10: warning: variable 'p' set but not used [-Wunused-but-set-variable]
   void * p; p = &options; // Avoid unused param warnings.
          ^
XMPMeta.cpp: In member function 'void XMPMeta::SetObjectOptions(XMP_OptionBits)':
XMPMeta.cpp:1169:10: warning: variable 'p' set but not used [-Wunused-but-set-variable]
   void * p; p = &options; // Avoid unused param warnings.
          ^
In file included from XMPCore_Impl.hpp:15:0,
                 from XMPMeta.cpp:13:
./../common/XMP_LibUtils.hpp: At global scope:
./../common/XMP_LibUtils.hpp:457:21: warning: 'kTenSpaces' defined but not used [-Wunused-variable]
 static const char * kTenSpaces = "          ";
                     ^
  CXX      XMPMeta-Parse.lo
In file included from XMPCore_Impl.hpp:15:0,
                 from XMPMeta-Parse.cpp:13:
./../common/XMP_LibUtils.hpp:457:21: warning: 'kTenSpaces' defined but not used [-Wunused-variable]
 static const char * kTenSpaces = "          ";
                     ^
In file included from XMPCore_Impl.hpp:15:0,
                 from XMPMeta-Parse.cpp:13:
./../common/XMP_LibUtils.hpp:480:21: warning: 'kIndent' defined but not used [-Wunused-variable]
 static const char * kIndent = "   ";
                     ^
  CXX      XMPUtils.lo
XMPUtils.cpp: In function 'size_t MoveLargestProperty(XMPMeta&, XMPMeta*, PropSizeMap&)':
XMPUtils.cpp:534:7: warning: unused variable 'moved' [-Wunused-variable]
  bool moved = MoveOneProperty ( stdXMP, extXMP, schemaURI, propName ); 
       ^
XMPUtils.cpp: In static member function 'static XMP_Int64 XMPUtils::ConvertToInt64(XMP_StringPtr)':
XMPUtils.cpp:1035:57: warning: format '%lld' expects argument of type 'long long int*', but argument 3 has type 'XMP_Int64* {aka long int*}' [-Wformat=]
   count = sscanf ( strValue, "%lld%c", &result, &nextCh );
                                                         ^
XMPUtils.cpp:1037:57: warning: format '%llx' expects argument of type 'long long unsigned int*', but argument 3 has type 'XMP_Int64* {aka long int*}' [-Wformat=]
   count = sscanf ( strValue, "%llx%c", &result, &nextCh );
                                                         ^
XMPUtils.cpp: In static member function 'static void XMPUtils::PackageForJPEG(const XMPMeta&, XMP_VarString*, XMP_VarString*, XMP_VarString*)':
XMPUtils.cpp:1656:15: warning: unused variable 'packetEnd' [-Wunused-variable]
  const char * packetEnd = stdStr->c_str() + stdStr->size() - kTrailerLen;
               ^
In file included from XMPCore_Impl.hpp:15:0,
                 from XMPUtils.cpp:10:
./../common/XMP_LibUtils.hpp: At global scope:
./../common/XMP_LibUtils.hpp:457:21: warning: 'kTenSpaces' defined but not used [-Wunused-variable]
 static const char * kTenSpaces = "          ";
                     ^
In file included from XMPCore_Impl.hpp:15:0,
                 from XMPUtils.cpp:10:
./../common/XMP_LibUtils.hpp:480:21: warning: 'kIndent' defined but not used [-Wunused-variable]
 static const char * kIndent = "   ";
                     ^
  CXXLD    libXMPCore.la
ar: `u' modifier ignored since `D' is the default (see `U')
make[2]: Leaving directory '/tmp/exempi/src/exempi-2.2.2/source/XMPCore'
Making all in XMPFiles
make[2]: Entering directory '/tmp/exempi/src/exempi-2.2.2/source/XMPFiles'
Making all in FileHandlers
make[3]: Entering directory '/tmp/exempi/src/exempi-2.2.2/source/XMPFiles/FileHandlers'
  CXX      ASF_Handler.lo
  CXX      AVCHD_Handler.lo
  CXX      Basic_Handler.lo
  CXX      FLV_Handler.lo
  CXX      GIF_Handler.lo
  CXX      InDesign_Handler.lo
  CXX      JPEG_Handler.lo
  CXX      MP3_Handler.lo
  CXX      MPEG2_Handler.lo
  CXX      MPEG4_Handler.lo
  CXX      P2_Handler.lo
  CXX      PNG_Handler.lo
  CXX      PostScript_Handler.lo
  CXX      PSD_Handler.lo
  CXX      RIFF_Handler.lo
  CXX      Scanner_Handler.lo
  CXX      SonyHDV_Handler.lo
  CXX      SWF_Handler.lo
  CXX      TIFF_Handler.lo
  CXX      Trivial_Handler.lo
  CXX      UCF_Handler.lo
  CXX      XDCAMEX_Handler.lo
  CXX      XDCAM_Handler.lo
  CXXLD    libxmpfilehandlers.la
ar: `u' modifier ignored since `D' is the default (see `U')
make[3]: Leaving directory '/tmp/exempi/src/exempi-2.2.2/source/XMPFiles/FileHandlers'
Making all in FormatSupport
make[3]: Entering directory '/tmp/exempi/src/exempi-2.2.2/source/XMPFiles/FormatSupport'
  CXX      PSIR_FileWriter.lo
  CXX      Reconcile_Impl.lo
  CXX      ReconcileTIFF.lo
  CXX      TIFF_MemoryReader.lo
  CXX      IPTC_Support.lo
  CXX      PSIR_MemoryReader.lo
  CXX      ReconcileIPTC.lo
  CXX      RIFF.lo
  CXX      RIFF_Support.lo
  CXX      TIFF_Support.lo
  CXX      ISOBaseMedia_Support.lo
  CXX      PNG_Support.lo
  CXX      ReconcileLegacy.lo
  CXX      SWF_Support.lo
  CXX      XDCAM_Support.lo
  CXX      TIFF_FileWriter.lo
  CXX      XMPScanner.lo
  CXX      GIF_Support.lo
  CXX      MOOV_Support.lo
  CXX      QuickTime_Support.lo
  CXX      ASF_Support.lo
  CXXLD    libformatsupport.la
ar: `u' modifier ignored since `D' is the default (see `U')
make[3]: Leaving directory '/tmp/exempi/src/exempi-2.2.2/source/XMPFiles/FormatSupport'
make[3]: Entering directory '/tmp/exempi/src/exempi-2.2.2/source/XMPFiles'
  CXX      WXMPFiles.lo
In file included from XMPFiles_Impl.hpp:16:0,
                 from WXMPFiles.cpp:15:
./../common/XMP_LibUtils.hpp:457:21: warning: 'kTenSpaces' defined but not used [-Wunused-variable]
 static const char * kTenSpaces = "          ";
                     ^
In file included from XMPFiles_Impl.hpp:16:0,
                 from WXMPFiles.cpp:15:
./../common/XMP_LibUtils.hpp:480:21: warning: 'kIndent' defined but not used [-Wunused-variable]
 static const char * kIndent = "   ";
                     ^
In file included from WXMPFiles.cpp:15:0:
XMPFiles_Impl.hpp:119:25: warning: 'kUTF8_PacketStart' defined but not used [-Wunused-variable]
 static const XMP_Uns8 * kUTF8_PacketStart = (const XMP_Uns8 *) "<?xpacket begin=";
                         ^
XMPFiles_Impl.hpp:120:25: warning: 'kUTF8_PacketID' defined but not used [-Wunused-variable]
 static const XMP_Uns8 * kUTF8_PacketID    = (const XMP_Uns8 *) "W5M0MpCehiHzreSzNTczkc9d";
                         ^
XMPFiles_Impl.hpp:123:25: warning: 'kUTF8_PacketTrailer' defined but not used [-Wunused-variable]
 static const XMP_Uns8 * kUTF8_PacketTrailer    = (const XMP_Uns8 *) "<?xpacket end=\"w\"?>";
                         ^
  CXX      XMPFiles.lo
XMPFiles.cpp: In member function 'bool XMPFiles::GetFileInfo(const char**, XMP_StringLen*, XMP_OptionBits*, XMP_FileFormat*, XMP_OptionBits*) const':
XMPFiles.cpp:1300:19: warning: unused variable 'handler' [-Wunused-variable]
  XMPFileHandler * handler = this->handler;
                   ^
In file included from XMPFiles_Impl.hpp:16:0,
                 from XMPFiles.cpp:13:
./../common/XMP_LibUtils.hpp: At global scope:
./../common/XMP_LibUtils.hpp:457:21: warning: 'kTenSpaces' defined but not used [-Wunused-variable]
 static const char * kTenSpaces = "          ";
                     ^
In file included from XMPFiles_Impl.hpp:16:0,
                 from XMPFiles.cpp:13:
./../common/XMP_LibUtils.hpp:480:21: warning: 'kIndent' defined but not used [-Wunused-variable]
 static const char * kIndent = "   ";
                     ^
In file included from XMPFiles.cpp:13:0:
XMPFiles_Impl.hpp:119:25: warning: 'kUTF8_PacketStart' defined but not used [-Wunused-variable]
 static const XMP_Uns8 * kUTF8_PacketStart = (const XMP_Uns8 *) "<?xpacket begin=";
                         ^
XMPFiles_Impl.hpp:120:25: warning: 'kUTF8_PacketID' defined but not used [-Wunused-variable]
 static const XMP_Uns8 * kUTF8_PacketID    = (const XMP_Uns8 *) "W5M0MpCehiHzreSzNTczkc9d";
                         ^
XMPFiles_Impl.hpp:123:25: warning: 'kUTF8_PacketTrailer' defined but not used [-Wunused-variable]
 static const XMP_Uns8 * kUTF8_PacketTrailer    = (const XMP_Uns8 *) "<?xpacket end=\"w\"?>";
                         ^
In file included from FileHandlers/JPEG_Handler.hpp:13:0,
                 from XMPFiles.cpp:17:
./FormatSupport/TIFF_Support.hpp:88:21: warning: 'kTIFF_TypeNames' defined but not used [-Wunused-variable]
 static const char * kTIFF_TypeNames[] = { "ShortOrLong", "BYTE", "ASCII", "SHORT", "LONG", "RATIONAL",
                     ^
./FormatSupport/TIFF_Support.hpp:410:25: warning: 'sKnownTags' defined but not used [-Wunused-variable]
 static const XMP_Uns16* sKnownTags[kTIFF_KnownIFDCount] = { sKnownPrimaryIFDTags,
                         ^
In file included from FileHandlers/ASF_Handler.hpp:14:0,
                 from XMPFiles.cpp:36:
./FormatSupport/ASF_Support.hpp:40:19: warning: 'ASF_Header_Object' defined but not used [-Wunused-variable]
 static const GUID ASF_Header_Object = { MakeUns32LE(0x75b22630), MakeUns16LE(0x668e), MakeUns16LE(0x11cf), { 0xa6, 0xd9, 0x00, 0xaa, 0x00, 0x62, 0xce, 0x6c } };
                   ^
In file included from FileHandlers/ASF_Handler.hpp:14:0,
                 from XMPFiles.cpp:36:
./FormatSupport/ASF_Support.hpp:42:19: warning: 'ASF_File_Properties_Object' defined but not used [-Wunused-variable]
 static const GUID ASF_File_Properties_Object = { MakeUns32LE(0x8cabdca1), MakeUns16LE(0xa947), MakeUns16LE(0x11cf), { 0x8e, 0xe4, 0x00, 0xc0, 0x0c, 0x20, 0x53, 0x65 } };
                   ^
./FormatSupport/ASF_Support.hpp:43:19: warning: 'ASF_Content_Description_Object' defined but not used [-Wunused-variable]
 static const GUID ASF_Content_Description_Object = { MakeUns32LE(0x75b22633), MakeUns16LE(0x668e), MakeUns16LE(0x11cf), { 0xa6, 0xd9, 0x00, 0xaa, 0x00, 0x62, 0xce, 0x6c } };
                   ^
./FormatSupport/ASF_Support.hpp:44:19: warning: 'ASF_Content_Branding_Object' defined but not used [-Wunused-variable]
 static const GUID ASF_Content_Branding_Object = { MakeUns32LE(0x2211b3fa), MakeUns16LE(0xbd23), MakeUns16LE(0x11d2), { 0xb4, 0xb7, 0x00, 0xa0, 0xc9, 0x55, 0xfc, 0x6e } };
                   ^
./FormatSupport/ASF_Support.hpp:45:19: warning: 'ASF_Content_Encryption_Object' defined but not used [-Wunused-variable]
 static const GUID ASF_Content_Encryption_Object = { MakeUns32LE(0x2211b3fb), MakeUns16LE(0xbd23), MakeUns16LE(0x11d2), { 0xb4, 0xb7, 0x00, 0xa0, 0xc9, 0x55, 0xfc, 0x6e } };
                   ^
./FormatSupport/ASF_Support.hpp:49:19: warning: 'ASF_Header_Extension_Object' defined but not used [-Wunused-variable]
 static const GUID ASF_Header_Extension_Object = { MakeUns32LE(0x5fbf03b5), MakeUns16LE(0xa92e), MakeUns16LE(0x11cf), { 0x8e, 0xe3, 0x00, 0xc0, 0x0c, 0x20, 0x53, 0x65 } };
                   ^
./FormatSupport/ASF_Support.hpp:50:19: warning: 'ASF_Padding_Object' defined but not used [-Wunused-variable]
 static const GUID ASF_Padding_Object = { MakeUns32LE(0x1806d474), MakeUns16LE(0xcadf), MakeUns16LE(0x4509), { 0xa4, 0xba, 0x9a, 0xab, 0xcb, 0x96, 0xaa, 0xe8 } };
                   ^
./FormatSupport/ASF_Support.hpp:53:19: warning: 'ASF_Data_Object' defined but not used [-Wunused-variable]
 static const GUID ASF_Data_Object = { MakeUns32LE(0x75b22636), MakeUns16LE(0x668e), MakeUns16LE(0x11cf), { 0xa6, 0xd9, 0x00, 0xaa, 0x00, 0x62, 0xce, 0x6c } };
                   ^
./FormatSupport/ASF_Support.hpp:56:19: warning: 'ASF_XMP_Metadata' defined but not used [-Wunused-variable]
 static const GUID ASF_XMP_Metadata = { MakeUns32LE(0xbe7acfcb), MakeUns16LE(0x97a9), MakeUns16LE(0x42e8), { 0x9c, 0x71, 0x99, 0x94, 0x91, 0xe3, 0xaf, 0xac } };
                   ^
In file included from ./FormatSupport/QuickTime_Support.hpp:21:0,
                 from FileHandlers/MPEG4_Handler.hpp:16,
                 from XMPFiles.cpp:29:
./FormatSupport/ISOBaseMedia_Support.hpp:73:19: warning: 'ISOMedia::k_xmpUUID' defined but not used [-Wunused-variable]
  static XMP_Uns32 k_xmpUUID [4] = { MakeUns32BE ( 0xBE7ACFCBUL ),
                   ^
In file included from ./FormatSupport/ID3_Support.hpp:17:0,
                 from FileHandlers/MP3_Handler.hpp:15,
                 from XMPFiles.cpp:26:
./FormatSupport/Reconcile_Impl.hpp:36:22: warning: 'ReconcileUtils::kHexDigits' defined but not used [-Wunused-variable]
  static const char * kHexDigits = "0123456789ABCDEF";
                      ^
  CXX      XMPFiles_Impl.lo
XMPFiles_Impl.cpp: In function 'bool CreateNewFile(const char*, const char*, size_t, bool)':
XMPFiles_Impl.cpp:299:12: warning: unused variable 'newRef' [-Wunused-variable]
   int err, newRef;
            ^
In file included from XMPFiles_Impl.hpp:16:0,
                 from XMPFiles_Impl.cpp:10:
./../common/XMP_LibUtils.hpp: At global scope:
./../common/XMP_LibUtils.hpp:457:21: warning: 'kTenSpaces' defined but not used [-Wunused-variable]
 static const char * kTenSpaces = "          ";
                     ^
In file included from XMPFiles_Impl.hpp:16:0,
                 from XMPFiles_Impl.cpp:10:
./../common/XMP_LibUtils.hpp:480:21: warning: 'kIndent' defined but not used [-Wunused-variable]
 static const char * kIndent = "   ";
                     ^
In file included from XMPFiles_Impl.cpp:10:0:
XMPFiles_Impl.hpp:119:25: warning: 'kUTF8_PacketStart' defined but not used [-Wunused-variable]
 static const XMP_Uns8 * kUTF8_PacketStart = (const XMP_Uns8 *) "<?xpacket begin=";
                         ^
XMPFiles_Impl.hpp:120:25: warning: 'kUTF8_PacketID' defined but not used [-Wunused-variable]
 static const XMP_Uns8 * kUTF8_PacketID    = (const XMP_Uns8 *) "W5M0MpCehiHzreSzNTczkc9d";
                         ^
XMPFiles_Impl.hpp:123:25: warning: 'kUTF8_PacketTrailer' defined but not used [-Wunused-variable]
 static const XMP_Uns8 * kUTF8_PacketTrailer    = (const XMP_Uns8 *) "<?xpacket end=\"w\"?>";
                         ^
  CXXLD    libXMPFiles.la
ar: `u' modifier ignored since `D' is the default (see `U')
make[3]: Leaving directory '/tmp/exempi/src/exempi-2.2.2/source/XMPFiles'
make[2]: Leaving directory '/tmp/exempi/src/exempi-2.2.2/source/XMPFiles'
make[2]: Entering directory '/tmp/exempi/src/exempi-2.2.2/source'
make[2]: Nothing to be done for 'all-am'.
make[2]: Leaving directory '/tmp/exempi/src/exempi-2.2.2/source'
make[1]: Leaving directory '/tmp/exempi/src/exempi-2.2.2/source'
Making all in samples
make[1]: Entering directory '/tmp/exempi/src/exempi-2.2.2/samples'
Making all in source
make[2]: Entering directory '/tmp/exempi/src/exempi-2.2.2/samples/source'
  CXX      DumpFile.lo
  CXX      Log.lo
  CXX      TagTree.lo
  CXXLD    libsamplescommon.la
ar: `u' modifier ignored since `D' is the default (see `U')
  CXX      XMPCoreCoverage.o
  CXXLD    xmpcoverage
  CXX      XMPFilesCoverage.o
  CXXLD    xmpfilescoverage
  CXX      DumpScannedXMP.o
  CXXLD    dumpxmp
  CXX      DumpMainXMP.o
  CXXLD    dumpmainxmp
  CXX      CustomSchema.o
  CXXLD    customschema
  CXX      ModifyingXMP.o
  CXXLD    modifyingxmp
  CXX      ReadingXMP.o
  CXXLD    readingxmp
  CXX      Actions.o
  CXX      PrintUsage.o
  CXX      XMPCommand.o
  CXXLD    xmpcommandtool
make[2]: Leaving directory '/tmp/exempi/src/exempi-2.2.2/samples/source'
make[2]: Entering directory '/tmp/exempi/src/exempi-2.2.2/samples'
make[2]: Nothing to be done for 'all-am'.
make[2]: Leaving directory '/tmp/exempi/src/exempi-2.2.2/samples'
make[1]: Leaving directory '/tmp/exempi/src/exempi-2.2.2/samples'
Making all in exempi
make[1]: Entering directory '/tmp/exempi/src/exempi-2.2.2/exempi'
Making all in tests
make[2]: Entering directory '/tmp/exempi/src/exempi-2.2.2/exempi/tests'
make[2]: Nothing to be done for 'all'.
make[2]: Leaving directory '/tmp/exempi/src/exempi-2.2.2/exempi/tests'
make[2]: Entering directory '/tmp/exempi/src/exempi-2.2.2/exempi'
  CXX      exempi.lo
  CXXLD    libexempi.la
  CXX      exempi-main.o
  CXXLD    exempi
make[2]: Leaving directory '/tmp/exempi/src/exempi-2.2.2/exempi'
make[1]: Leaving directory '/tmp/exempi/src/exempi-2.2.2/exempi'
make[1]: Entering directory '/tmp/exempi/src/exempi-2.2.2'
make[1]: Nothing to be done for 'all-am'.
make[1]: Leaving directory '/tmp/exempi/src/exempi-2.2.2'
==> Entering fakeroot environment...
==> Starting package()...
Making install in third-party
make[1]: Entering directory '/tmp/exempi/src/exempi-2.2.2/third-party'
Making install in MD5
make[2]: Entering directory '/tmp/exempi/src/exempi-2.2.2/third-party/MD5'
make[3]: Entering directory '/tmp/exempi/src/exempi-2.2.2/third-party/MD5'
make[3]: Nothing to be done for 'install-exec-am'.
make[3]: Nothing to be done for 'install-data-am'.
make[3]: Leaving directory '/tmp/exempi/src/exempi-2.2.2/third-party/MD5'
make[2]: Leaving directory '/tmp/exempi/src/exempi-2.2.2/third-party/MD5'
make[2]: Entering directory '/tmp/exempi/src/exempi-2.2.2/third-party'
make[3]: Entering directory '/tmp/exempi/src/exempi-2.2.2/third-party'
make[3]: Nothing to be done for 'install-exec-am'.
make[3]: Nothing to be done for 'install-data-am'.
make[3]: Leaving directory '/tmp/exempi/src/exempi-2.2.2/third-party'
make[2]: Leaving directory '/tmp/exempi/src/exempi-2.2.2/third-party'
make[1]: Leaving directory '/tmp/exempi/src/exempi-2.2.2/third-party'
Making install in source
make[1]: Entering directory '/tmp/exempi/src/exempi-2.2.2/source'
Making install in common
make[2]: Entering directory '/tmp/exempi/src/exempi-2.2.2/source/common'
make[3]: Entering directory '/tmp/exempi/src/exempi-2.2.2/source/common'
make[3]: Nothing to be done for 'install-exec-am'.
make[3]: Nothing to be done for 'install-data-am'.
make[3]: Leaving directory '/tmp/exempi/src/exempi-2.2.2/source/common'
make[2]: Leaving directory '/tmp/exempi/src/exempi-2.2.2/source/common'
Making install in XMPCore
make[2]: Entering directory '/tmp/exempi/src/exempi-2.2.2/source/XMPCore'
make[3]: Entering directory '/tmp/exempi/src/exempi-2.2.2/source/XMPCore'
make[3]: Nothing to be done for 'install-exec-am'.
make[3]: Nothing to be done for 'install-data-am'.
make[3]: Leaving directory '/tmp/exempi/src/exempi-2.2.2/source/XMPCore'
make[2]: Leaving directory '/tmp/exempi/src/exempi-2.2.2/source/XMPCore'
Making install in XMPFiles
make[2]: Entering directory '/tmp/exempi/src/exempi-2.2.2/source/XMPFiles'
Making install in FileHandlers
make[3]: Entering directory '/tmp/exempi/src/exempi-2.2.2/source/XMPFiles/FileHandlers'
make[4]: Entering directory '/tmp/exempi/src/exempi-2.2.2/source/XMPFiles/FileHandlers'
make[4]: Nothing to be done for 'install-exec-am'.
make[4]: Nothing to be done for 'install-data-am'.
make[4]: Leaving directory '/tmp/exempi/src/exempi-2.2.2/source/XMPFiles/FileHandlers'
make[3]: Leaving directory '/tmp/exempi/src/exempi-2.2.2/source/XMPFiles/FileHandlers'
Making install in FormatSupport
make[3]: Entering directory '/tmp/exempi/src/exempi-2.2.2/source/XMPFiles/FormatSupport'
make[4]: Entering directory '/tmp/exempi/src/exempi-2.2.2/source/XMPFiles/FormatSupport'
make[4]: Nothing to be done for 'install-exec-am'.
make[4]: Nothing to be done for 'install-data-am'.
make[4]: Leaving directory '/tmp/exempi/src/exempi-2.2.2/source/XMPFiles/FormatSupport'
make[3]: Leaving directory '/tmp/exempi/src/exempi-2.2.2/source/XMPFiles/FormatSupport'
make[3]: Entering directory '/tmp/exempi/src/exempi-2.2.2/source/XMPFiles'
make[4]: Entering directory '/tmp/exempi/src/exempi-2.2.2/source/XMPFiles'
make[4]: Nothing to be done for 'install-exec-am'.
make[4]: Nothing to be done for 'install-data-am'.
make[4]: Leaving directory '/tmp/exempi/src/exempi-2.2.2/source/XMPFiles'
make[3]: Leaving directory '/tmp/exempi/src/exempi-2.2.2/source/XMPFiles'
make[2]: Leaving directory '/tmp/exempi/src/exempi-2.2.2/source/XMPFiles'
make[2]: Entering directory '/tmp/exempi/src/exempi-2.2.2/source'
make[3]: Entering directory '/tmp/exempi/src/exempi-2.2.2/source'
make[3]: Nothing to be done for 'install-exec-am'.
make[3]: Nothing to be done for 'install-data-am'.
make[3]: Leaving directory '/tmp/exempi/src/exempi-2.2.2/source'
make[2]: Leaving directory '/tmp/exempi/src/exempi-2.2.2/source'
make[1]: Leaving directory '/tmp/exempi/src/exempi-2.2.2/source'
Making install in samples
make[1]: Entering directory '/tmp/exempi/src/exempi-2.2.2/samples'
Making install in source
make[2]: Entering directory '/tmp/exempi/src/exempi-2.2.2/samples/source'
make[3]: Entering directory '/tmp/exempi/src/exempi-2.2.2/samples/source'
make[3]: Nothing to be done for 'install-exec-am'.
make[3]: Nothing to be done for 'install-data-am'.
make[3]: Leaving directory '/tmp/exempi/src/exempi-2.2.2/samples/source'
make[2]: Leaving directory '/tmp/exempi/src/exempi-2.2.2/samples/source'
make[2]: Entering directory '/tmp/exempi/src/exempi-2.2.2/samples'
make[3]: Entering directory '/tmp/exempi/src/exempi-2.2.2/samples'
make[3]: Nothing to be done for 'install-exec-am'.
make[3]: Nothing to be done for 'install-data-am'.
make[3]: Leaving directory '/tmp/exempi/src/exempi-2.2.2/samples'
make[2]: Leaving directory '/tmp/exempi/src/exempi-2.2.2/samples'
make[1]: Leaving directory '/tmp/exempi/src/exempi-2.2.2/samples'
Making install in exempi
make[1]: Entering directory '/tmp/exempi/src/exempi-2.2.2/exempi'
Making install in tests
make[2]: Entering directory '/tmp/exempi/src/exempi-2.2.2/exempi/tests'
make[3]: Entering directory '/tmp/exempi/src/exempi-2.2.2/exempi/tests'
make[3]: Nothing to be done for 'install-exec-am'.
make[3]: Nothing to be done for 'install-data-am'.
make[3]: Leaving directory '/tmp/exempi/src/exempi-2.2.2/exempi/tests'
make[2]: Leaving directory '/tmp/exempi/src/exempi-2.2.2/exempi/tests'
make[2]: Entering directory '/tmp/exempi/src/exempi-2.2.2/exempi'
make[3]: Entering directory '/tmp/exempi/src/exempi-2.2.2/exempi'
 /usr/bin/mkdir -p '/tmp/exempi/pkg/exempi/usr/lib'
 /bin/sh ../libtool   --mode=install /usr/bin/install -c   libexempi.la '/tmp/exempi/pkg/exempi/usr/lib'
libtool: install: /usr/bin/install -c .libs/libexempi.so.3.2.4 /tmp/exempi/pkg/exempi/usr/lib/libexempi.so.3.2.4
libtool: install: (cd /tmp/exempi/pkg/exempi/usr/lib && { ln -s -f libexempi.so.3.2.4 libexempi.so.3 || { rm -f libexempi.so.3 && ln -s libexempi.so.3.2.4 libexempi.so.3; }; })
libtool: install: (cd /tmp/exempi/pkg/exempi/usr/lib && { ln -s -f libexempi.so.3.2.4 libexempi.so || { rm -f libexempi.so && ln -s libexempi.so.3.2.4 libexempi.so; }; })
libtool: install: /usr/bin/install -c .libs/libexempi.lai /tmp/exempi/pkg/exempi/usr/lib/libexempi.la
libtool: install: warning: remember to run `libtool --finish /usr/lib'
 /usr/bin/mkdir -p '/tmp/exempi/pkg/exempi/usr/bin'
  /bin/sh ../libtool   --mode=install /usr/bin/install -c exempi '/tmp/exempi/pkg/exempi/usr/bin'
libtool: install: warning: `libexempi.la' has not been installed in `/usr/lib'
libtool: install: /usr/bin/install -c .libs/exempi /tmp/exempi/pkg/exempi/usr/bin/exempi
 /usr/bin/mkdir -p '/tmp/exempi/pkg/exempi/usr/include/exempi-2.0/exempi'
 /usr/bin/install -c -m 644 xmp.h xmpconsts.h xmperrors.h xmp++.hpp '/tmp/exempi/pkg/exempi/usr/include/exempi-2.0/exempi'
 /usr/bin/mkdir -p '/tmp/exempi/pkg/exempi/usr/share/man/man1'
 /usr/bin/install -c -m 644 exempi.1 '/tmp/exempi/pkg/exempi/usr/share/man/man1'
 /usr/bin/mkdir -p '/tmp/exempi/pkg/exempi/usr/lib/pkgconfig'
 /usr/bin/install -c -m 644 exempi-2.0.pc '/tmp/exempi/pkg/exempi/usr/lib/pkgconfig'
make[3]: Leaving directory '/tmp/exempi/src/exempi-2.2.2/exempi'
make[2]: Leaving directory '/tmp/exempi/src/exempi-2.2.2/exempi'
make[1]: Leaving directory '/tmp/exempi/src/exempi-2.2.2/exempi'
make[1]: Entering directory '/tmp/exempi/src/exempi-2.2.2'
make[2]: Entering directory '/tmp/exempi/src/exempi-2.2.2'
make[2]: Nothing to be done for 'install-exec-am'.
make[2]: Nothing to be done for 'install-data-am'.
make[2]: Leaving directory '/tmp/exempi/src/exempi-2.2.2'
make[1]: Leaving directory '/tmp/exempi/src/exempi-2.2.2'
==> Tidying install...
  -> Removing doc files...
  -> Purging unwanted files...
==> Creating package "exempi"...
  -> Generating .PKGINFO file...
  -> Generating .MTREE file...
  -> Compressing package...
==> Leaving fakeroot environment.
==> Finished making: exempi 2.2.2-1 (Sat Nov 14 08:24:19 UTC 2015)
===> Printing config.logs
found log at /tmp/exempi/src/exempi-2.2.2/config.log
____
File /tmp/exempi/src/exempi-2.2.2/config.log
This file contains any messages produced by compilers while
running configure, to aid debugging if configure makes a mistake.

It was created by exempi configure 2.2.2, which was
generated by GNU Autoconf 2.69.  Invocation command line was

  $ ./configure --host x86_64-unknown-linux --prefix=/usr --disable-static

## --------- ##
## Platform. ##
## --------- ##

hostname = 38fb8d1e8a7d
uname -m = x86_64
uname -r = 3.13.0-66-generic
uname -s = Linux
uname -v = #108-Ubuntu SMP Wed Oct 7 15:20:27 UTC 2015

/usr/bin/uname -p = unknown
/bin/uname -X     = unknown

/bin/arch              = unknown
/usr/bin/arch -k       = unknown
/usr/convex/getsysinfo = unknown
/usr/bin/hostinfo      = unknown
/bin/machine           = unknown
/usr/bin/oslevel       = unknown
/bin/universe          = unknown

PATH: /usr/local/sbin
PATH: /usr/local/bin
PATH: /usr/bin
PATH: /usr/bin/site_perl
PATH: /usr/bin/vendor_perl
PATH: /usr/bin/core_perl


## ----------- ##
## Core tests. ##
## ----------- ##

configure:2498: checking for a BSD-compatible install
configure:2566: result: /usr/bin/install -c
configure:2577: checking whether build environment is sane
configure:2632: result: yes
configure:2670: WARNING: 'missing' script is too old or missing
configure:2691: checking for x86_64-unknown-linux-strip
configure:2721: result: no
configure:2731: checking for strip
configure:2747: found /usr/bin/strip
configure:2758: result: strip
configure:2783: checking for a thread-safe mkdir -p
configure:2822: result: /usr/bin/mkdir -p
configure:2829: checking for gawk
configure:2845: found /usr/bin/gawk
configure:2856: result: gawk
configure:2867: checking whether make sets $(MAKE)
configure:2889: result: yes
configure:2918: checking whether make supports nested variables
configure:2935: result: yes
configure:3020: checking whether to enable maintainer-specific portions of Makefiles
configure:3029: result: no
configure:3054: checking whether make supports nested variables
configure:3071: result: yes
configure:3113: checking for x86_64-unknown-linux-gcc
configure:3143: result: no
configure:3153: checking for gcc
configure:3169: found /usr/bin/gcc
configure:3180: result: gcc
configure:3409: checking for C compiler version
configure:3418: gcc --version >&5
gcc (GCC) 5.2.0
Copyright (C) 2015 Free Software Foundation, Inc.
This is free software; see the source for copying conditions.  There is NO
warranty; not even for MERCHANTABILITY or FITNESS FOR A PARTICULAR PURPOSE.

configure:3429: $? = 0
configure:3418: gcc -v >&5
Using built-in specs.
COLLECT_GCC=gcc
COLLECT_LTO_WRAPPER=/usr/lib/gcc/x86_64-unknown-linux-gnu/5.2.0/lto-wrapper
Target: x86_64-unknown-linux-gnu
Configured with: /build/gcc/src/gcc-5.2.0/configure --prefix=/usr --libdir=/usr/lib --libexecdir=/usr/lib --mandir=/usr/share/man --infodir=/usr/share/info --with-bugurl=https://bugs.archlinux.org/ --enable-languages=c,c++,ada,fortran,go,lto,objc,obj-c++ --enable-shared --enable-threads=posix --enable-libmpx --with-system-zlib --with-isl --enable-__cxa_atexit --disable-libunwind-exceptions --enable-clocale=gnu --disable-libstdcxx-pch --disable-libssp --enable-gnu-unique-object --enable-linker-build-id --enable-lto --enable-plugin --enable-install-libiberty --with-linker-hash-style=gnu --enable-gnu-indirect-function --disable-multilib --disable-werror --enable-checking=release --with-default-libstdcxx-abi=gcc4-compatible
Thread model: posix
gcc version 5.2.0 (GCC) 
configure:3429: $? = 0
configure:3418: gcc -V >&5
gcc: error: unrecognized command line option '-V'
gcc: fatal error: no input files
compilation terminated.
configure:3429: $? = 1
configure:3418: gcc -qversion >&5
gcc: error: unrecognized command line option '-qversion'
gcc: fatal error: no input files
compilation terminated.
configure:3429: $? = 1
configure:3449: checking whether the C compiler works
configure:3471: gcc    conftest.c  >&5
configure:3475: $? = 0
configure:3523: result: yes
configure:3526: checking for C compiler default output file name
configure:3528: result: a.out
configure:3534: checking for suffix of executables
configure:3541: gcc -o conftest    conftest.c  >&5
configure:3545: $? = 0
configure:3567: result: 
configure:3589: checking whether we are cross compiling
configure:3597: gcc -o conftest    conftest.c  >&5
configure:3601: $? = 0
configure:3608: ./conftest
configure:3612: $? = 0
configure:3627: result: no
configure:3632: checking for suffix of object files
configure:3654: gcc -c   conftest.c >&5
configure:3658: $? = 0
configure:3679: result: o
configure:3683: checking whether we are using the GNU C compiler
configure:3702: gcc -c   conftest.c >&5
configure:3702: $? = 0
configure:3711: result: yes
configure:3720: checking whether gcc accepts -g
configure:3740: gcc -c -g  conftest.c >&5
configure:3740: $? = 0
configure:3781: result: yes
configure:3798: checking for gcc option to accept ISO C89
configure:3861: gcc  -c -g -O2  conftest.c >&5
configure:3861: $? = 0
configure:3874: result: none needed
configure:3905: checking for style of include used by make
configure:3933: result: GNU
configure:3959: checking dependency style of gcc
configure:4070: result: gcc3
configure:4099: checking for x86_64-unknown-linux-g++
configure:4129: result: no
configure:4099: checking for x86_64-unknown-linux-c++
configure:4129: result: no
configure:4099: checking for x86_64-unknown-linux-gpp
configure:4129: result: no
configure:4099: checking for x86_64-unknown-linux-aCC
configure:4129: result: no
configure:4099: checking for x86_64-unknown-linux-CC
configure:4129: result: no
configure:4099: checking for x86_64-unknown-linux-cxx
configure:4129: result: no
configure:4099: checking for x86_64-unknown-linux-cc++
configure:4129: result: no
configure:4099: checking for x86_64-unknown-linux-cl.exe
configure:4129: result: no
configure:4099: checking for x86_64-unknown-linux-FCC
configure:4129: result: no
configure:4099: checking for x86_64-unknown-linux-KCC
configure:4129: result: no
configure:4099: checking for x86_64-unknown-linux-RCC
configure:4129: result: no
configure:4099: checking for x86_64-unknown-linux-xlC_r
configure:4129: result: no
configure:4099: checking for x86_64-unknown-linux-xlC
configure:4129: result: no
configure:4143: checking for g++
configure:4159: found /usr/bin/g++
configure:4170: result: g++
configure:4197: checking for C++ compiler version
configure:4206: g++ --version >&5
g++ (GCC) 5.2.0
Copyright (C) 2015 Free Software Foundation, Inc.
This is free software; see the source for copying conditions.  There is NO
warranty; not even for MERCHANTABILITY or FITNESS FOR A PARTICULAR PURPOSE.

configure:4217: $? = 0
configure:4206: g++ -v >&5
Using built-in specs.
COLLECT_GCC=g++
COLLECT_LTO_WRAPPER=/usr/lib/gcc/x86_64-unknown-linux-gnu/5.2.0/lto-wrapper
Target: x86_64-unknown-linux-gnu
Configured with: /build/gcc/src/gcc-5.2.0/configure --prefix=/usr --libdir=/usr/lib --libexecdir=/usr/lib --mandir=/usr/share/man --infodir=/usr/share/info --with-bugurl=https://bugs.archlinux.org/ --enable-languages=c,c++,ada,fortran,go,lto,objc,obj-c++ --enable-shared --enable-threads=posix --enable-libmpx --with-system-zlib --with-isl --enable-__cxa_atexit --disable-libunwind-exceptions --enable-clocale=gnu --disable-libstdcxx-pch --disable-libssp --enable-gnu-unique-object --enable-linker-build-id --enable-lto --enable-plugin --enable-install-libiberty --with-linker-hash-style=gnu --enable-gnu-indirect-function --disable-multilib --disable-werror --enable-checking=release --with-default-libstdcxx-abi=gcc4-compatible
Thread model: posix
gcc version 5.2.0 (GCC) 
configure:4217: $? = 0
configure:4206: g++ -V >&5
g++: error: unrecognized command line option '-V'
g++: fatal error: no input files
compilation terminated.
configure:4217: $? = 1
configure:4206: g++ -qversion >&5
g++: error: unrecognized command line option '-qversion'
g++: fatal error: no input files
compilation terminated.
configure:4217: $? = 1
configure:4221: checking whether we are using the GNU C++ compiler
configure:4240: g++ -c   conftest.cpp >&5
configure:4240: $? = 0
configure:4249: result: yes
configure:4258: checking whether g++ accepts -g
configure:4278: g++ -c -g  conftest.cpp >&5
configure:4278: $? = 0
configure:4319: result: yes
configure:4344: checking dependency style of g++
configure:4455: result: gcc3
configure:4499: checking build system type
configure:4513: result: x86_64-unknown-linux-gnu
configure:4533: checking host system type
configure:4546: result: x86_64-unknown-linux-gnu
configure:4587: checking how to print strings
configure:4614: result: printf
configure:4635: checking for a sed that does not truncate output
configure:4699: result: /usr/bin/sed
configure:4717: checking for grep that handles long lines and -e
configure:4775: result: /usr/bin/grep
configure:4780: checking for egrep
configure:4842: result: /usr/bin/grep -E
configure:4847: checking for fgrep
configure:4909: result: /usr/bin/grep -F
configure:4944: checking for ld used by gcc
configure:5011: result: /usr/bin/ld
configure:5018: checking if the linker (/usr/bin/ld) is GNU ld
configure:5033: result: yes
configure:5045: checking for BSD- or MS-compatible name lister (nm)
configure:5094: result: /usr/bin/nm -B
configure:5224: checking the name lister (/usr/bin/nm -B) interface
configure:5231: gcc -c -g -O2  conftest.c >&5
configure:5234: /usr/bin/nm -B "conftest.o"
configure:5237: output
0000000000000000 B some_variable
configure:5244: result: BSD nm
configure:5247: checking whether ln -s works
configure:5251: result: yes
configure:5259: checking the maximum length of command line arguments
configure:5389: result: 1572864
configure:5406: checking whether the shell understands some XSI constructs
configure:5416: result: yes
configure:5420: checking whether the shell understands "+="
configure:5426: result: yes
configure:5461: checking how to convert x86_64-unknown-linux-gnu file names to x86_64-unknown-linux-gnu format
configure:5501: result: func_convert_file_noop
configure:5508: checking how to convert x86_64-unknown-linux-gnu file names to toolchain format
configure:5528: result: func_convert_file_noop
configure:5535: checking for /usr/bin/ld option to reload object files
configure:5542: result: -r
configure:5576: checking for x86_64-unknown-linux-objdump
configure:5606: result: no
configure:5616: checking for objdump
configure:5632: found /usr/bin/objdump
configure:5643: result: objdump
configure:5675: checking how to recognize dependent libraries
configure:5877: result: pass_all
configure:5922: checking for x86_64-unknown-linux-dlltool
configure:5952: result: no
configure:5962: checking for dlltool
configure:5992: result: no
configure:6022: checking how to associate runtime and link libraries
configure:6049: result: printf %s\n
configure:6066: checking for x86_64-unknown-linux-ar
configure:6096: result: no
configure:6110: checking for ar
configure:6126: found /usr/bin/ar
configure:6137: result: ar
configure:6174: checking for archiver @FILE support
configure:6191: gcc -c -g -O2  conftest.c >&5
configure:6191: $? = 0
configure:6194: ar cru libconftest.a @conftest.lst >&5
ar: `u' modifier ignored since `D' is the default (see `U')
configure:6197: $? = 0
configure:6202: ar cru libconftest.a @conftest.lst >&5
ar: `u' modifier ignored since `D' is the default (see `U')
ar: conftest.o: No such file or directory
configure:6205: $? = 1
configure:6217: result: @
configure:6235: checking for x86_64-unknown-linux-strip
configure:6262: result: strip
configure:6334: checking for x86_64-unknown-linux-ranlib
configure:6364: result: no
configure:6374: checking for ranlib
configure:6390: found /usr/bin/ranlib
configure:6401: result: ranlib
configure:6503: checking command to parse /usr/bin/nm -B output from gcc object
configure:6623: gcc -c -g -O2  conftest.c >&5
configure:6626: $? = 0
configure:6630: /usr/bin/nm -B conftest.o \| sed -n -e 's/^.*[ ]\([ABCDGIRSTW][ABCDGIRSTW]*\)[ ][ ]*\([_A-Za-z][_A-Za-z0-9]*\)$/\1 \2 \2/p' | sed '/ __gnu_lto/d' \> conftest.nm
configure:6633: $? = 0
configure:6699: gcc -o conftest -g -O2   conftest.c conftstm.o >&5
configure:6702: $? = 0
configure:6740: result: ok
configure:6777: checking for sysroot
configure:6807: result: no
configure:6884: gcc -c -g -O2  conftest.c >&5
configure:6887: $? = 0
configure:7029: checking for x86_64-unknown-linux-mt
configure:7059: result: no
configure:7069: checking for mt
configure:7099: result: no
configure:7119: checking if : is a manifest tool
configure:7125: : '-?'
configure:7133: result: no
configure:7775: checking how to run the C preprocessor
configure:7806: gcc -E  conftest.c
configure:7806: $? = 0
configure:7820: gcc -E  conftest.c
conftest.c:11:28: fatal error: ac_nonexistent.h: No such file or directory
compilation terminated.
configure:7820: $? = 1
configure: failed program was:
| /* confdefs.h */
| #define PACKAGE_NAME "exempi"
| #define PACKAGE_TARNAME "exempi"
| #define PACKAGE_VERSION "2.2.2"
| #define PACKAGE_STRING "exempi 2.2.2"
| #define PACKAGE_BUGREPORT ""
| #define PACKAGE_URL ""
| #define PACKAGE "exempi"
| #define VERSION "2.2.2"
| /* end confdefs.h.  */
| #include <ac_nonexistent.h>
configure:7845: result: gcc -E
configure:7865: gcc -E  conftest.c
configure:7865: $? = 0
configure:7879: gcc -E  conftest.c
conftest.c:11:28: fatal error: ac_nonexistent.h: No such file or directory
compilation terminated.
configure:7879: $? = 1
configure: failed program was:
| /* confdefs.h */
| #define PACKAGE_NAME "exempi"
| #define PACKAGE_TARNAME "exempi"
| #define PACKAGE_VERSION "2.2.2"
| #define PACKAGE_STRING "exempi 2.2.2"
| #define PACKAGE_BUGREPORT ""
| #define PACKAGE_URL ""
| #define PACKAGE "exempi"
| #define VERSION "2.2.2"
| /* end confdefs.h.  */
| #include <ac_nonexistent.h>
configure:7908: checking for ANSI C header files
configure:7928: gcc -c -g -O2  conftest.c >&5
configure:7928: $? = 0
configure:8001: gcc -o conftest -g -O2   conftest.c  >&5
configure:8001: $? = 0
configure:8001: ./conftest
configure:8001: $? = 0
configure:8012: result: yes
configure:8025: checking for sys/types.h
configure:8025: gcc -c -g -O2  conftest.c >&5
configure:8025: $? = 0
configure:8025: result: yes
configure:8025: checking for sys/stat.h
configure:8025: gcc -c -g -O2  conftest.c >&5
configure:8025: $? = 0
configure:8025: result: yes
configure:8025: checking for stdlib.h
configure:8025: gcc -c -g -O2  conftest.c >&5
configure:8025: $? = 0
configure:8025: result: yes
configure:8025: checking for string.h
configure:8025: gcc -c -g -O2  conftest.c >&5
configure:8025: $? = 0
configure:8025: result: yes
configure:8025: checking for memory.h
configure:8025: gcc -c -g -O2  conftest.c >&5
configure:8025: $? = 0
configure:8025: result: yes
configure:8025: checking for strings.h
configure:8025: gcc -c -g -O2  conftest.c >&5
configure:8025: $? = 0
configure:8025: result: yes
configure:8025: checking for inttypes.h
configure:8025: gcc -c -g -O2  conftest.c >&5
configure:8025: $? = 0
configure:8025: result: yes
configure:8025: checking for stdint.h
configure:8025: gcc -c -g -O2  conftest.c >&5
configure:8025: $? = 0
configure:8025: result: yes
configure:8025: checking for unistd.h
configure:8025: gcc -c -g -O2  conftest.c >&5
configure:8025: $? = 0
configure:8025: result: yes
configure:8039: checking for dlfcn.h
configure:8039: gcc -c -g -O2  conftest.c >&5
configure:8039: $? = 0
configure:8039: result: yes
configure:8256: checking for objdir
configure:8271: result: .libs
configure:8542: checking if gcc supports -fno-rtti -fno-exceptions
configure:8560: gcc -c -g -O2  -fno-rtti -fno-exceptions conftest.c >&5
cc1: warning: command line option '-fno-rtti' is valid for C++/ObjC++ but not for C
configure:8564: $? = 0
configure:8577: result: no
configure:8904: checking for gcc option to produce PIC
configure:8911: result: -fPIC -DPIC
configure:8919: checking if gcc PIC flag -fPIC -DPIC works
configure:8937: gcc -c -g -O2  -fPIC -DPIC -DPIC conftest.c >&5
configure:8941: $? = 0
configure:8954: result: yes
configure:8983: checking if gcc static flag -static works
configure:9011: result: yes
configure:9026: checking if gcc supports -c -o file.o
configure:9047: gcc -c -g -O2  -o out/conftest2.o conftest.c >&5
configure:9051: $? = 0
configure:9073: result: yes
configure:9081: checking if gcc supports -c -o file.o
configure:9128: result: yes
configure:9161: checking whether the gcc linker (/usr/bin/ld -m elf_x86_64) supports shared libraries
configure:10314: result: yes
configure:10351: checking whether -lc should be explicitly linked in
configure:10359: gcc -c -g -O2  conftest.c >&5
configure:10362: $? = 0
configure:10377: gcc -shared  -fPIC -DPIC conftest.o  -v -Wl,-soname -Wl,conftest -o conftest 2\>\&1 \| /usr/bin/grep  -lc  \>/dev/null 2\>\&1
configure:10380: $? = 0
configure:10394: result: no
configure:10554: checking dynamic linker characteristics
configure:11065: gcc -o conftest -g -O2   -Wl,-rpath -Wl,/foo conftest.c  >&5
configure:11065: $? = 0
configure:11291: result: GNU/Linux ld.so
configure:11398: checking how to hardcode library paths into programs
configure:11423: result: immediate
configure:11963: checking whether stripping libraries is possible
configure:11968: result: yes
configure:12003: checking if libtool supports shared libraries
configure:12005: result: yes
configure:12008: checking whether to build shared libraries
configure:12029: result: yes
configure:12032: checking whether to build static libraries
configure:12036: result: no
configure:12059: checking how to run the C++ preprocessor
configure:12086: g++ -E  conftest.cpp
configure:12086: $? = 0
configure:12100: g++ -E  conftest.cpp
conftest.cpp:23:28: fatal error: ac_nonexistent.h: No such file or directory
compilation terminated.
configure:12100: $? = 1
configure: failed program was:
| /* confdefs.h */
| #define PACKAGE_NAME "exempi"
| #define PACKAGE_TARNAME "exempi"
| #define PACKAGE_VERSION "2.2.2"
| #define PACKAGE_STRING "exempi 2.2.2"
| #define PACKAGE_BUGREPORT ""
| #define PACKAGE_URL ""
| #define PACKAGE "exempi"
| #define VERSION "2.2.2"
| #define STDC_HEADERS 1
| #define HAVE_SYS_TYPES_H 1
| #define HAVE_SYS_STAT_H 1
| #define HAVE_STDLIB_H 1
| #define HAVE_STRING_H 1
| #define HAVE_MEMORY_H 1
| #define HAVE_STRINGS_H 1
| #define HAVE_INTTYPES_H 1
| #define HAVE_STDINT_H 1
| #define HAVE_UNISTD_H 1
| #define HAVE_DLFCN_H 1
| #define LT_OBJDIR ".libs/"
| /* end confdefs.h.  */
| #include <ac_nonexistent.h>
configure:12125: result: g++ -E
configure:12145: g++ -E  conftest.cpp
configure:12145: $? = 0
configure:12159: g++ -E  conftest.cpp
conftest.cpp:23:28: fatal error: ac_nonexistent.h: No such file or directory
compilation terminated.
configure:12159: $? = 1
configure: failed program was:
| /* confdefs.h */
| #define PACKAGE_NAME "exempi"
| #define PACKAGE_TARNAME "exempi"
| #define PACKAGE_VERSION "2.2.2"
| #define PACKAGE_STRING "exempi 2.2.2"
| #define PACKAGE_BUGREPORT ""
| #define PACKAGE_URL ""
| #define PACKAGE "exempi"
| #define VERSION "2.2.2"
| #define STDC_HEADERS 1
| #define HAVE_SYS_TYPES_H 1
| #define HAVE_SYS_STAT_H 1
| #define HAVE_STDLIB_H 1
| #define HAVE_STRING_H 1
| #define HAVE_MEMORY_H 1
| #define HAVE_STRINGS_H 1
| #define HAVE_INTTYPES_H 1
| #define HAVE_STDINT_H 1
| #define HAVE_UNISTD_H 1
| #define HAVE_DLFCN_H 1
| #define LT_OBJDIR ".libs/"
| /* end confdefs.h.  */
| #include <ac_nonexistent.h>
configure:12328: checking for ld used by g++
configure:12395: result: /usr/bin/ld -m elf_x86_64
configure:12402: checking if the linker (/usr/bin/ld -m elf_x86_64) is GNU ld
configure:12417: result: yes
configure:12472: checking whether the g++ linker (/usr/bin/ld -m elf_x86_64) supports shared libraries
configure:13477: result: yes
configure:13513: g++ -c -g -O2  conftest.cpp >&5
configure:13516: $? = 0
configure:14036: checking for g++ option to produce PIC
configure:14043: result: -fPIC -DPIC
configure:14051: checking if g++ PIC flag -fPIC -DPIC works
configure:14069: g++ -c -g -O2  -fPIC -DPIC -DPIC conftest.cpp >&5
configure:14073: $? = 0
configure:14086: result: yes
configure:14109: checking if g++ static flag -static works
configure:14137: result: yes
configure:14149: checking if g++ supports -c -o file.o
configure:14170: g++ -c -g -O2  -o out/conftest2.o conftest.cpp >&5
configure:14174: $? = 0
configure:14196: result: yes
configure:14201: checking if g++ supports -c -o file.o
configure:14248: result: yes
configure:14278: checking whether the g++ linker (/usr/bin/ld -m elf_x86_64) supports shared libraries
configure:14314: result: yes
configure:14455: checking dynamic linker characteristics
configure:15126: result: GNU/Linux ld.so
configure:15179: checking how to hardcode library paths into programs
configure:15204: result: immediate
configure:15266: checking whether byte ordering is bigendian
configure:15281: gcc -c -g -O2  conftest.c >&5
conftest.c:24:9: error: unknown type name 'not'
         not a universal capable compiler
         ^
conftest.c:24:15: error: expected '=', ',', ';', 'asm' or '__attribute__' before 'universal'
         not a universal capable compiler
               ^
conftest.c:24:15: error: unknown type name 'universal'
configure:15281: $? = 1
configure: failed program was:
| /* confdefs.h */
| #define PACKAGE_NAME "exempi"
| #define PACKAGE_TARNAME "exempi"
| #define PACKAGE_VERSION "2.2.2"
| #define PACKAGE_STRING "exempi 2.2.2"
| #define PACKAGE_BUGREPORT ""
| #define PACKAGE_URL ""
| #define PACKAGE "exempi"
| #define VERSION "2.2.2"
| #define STDC_HEADERS 1
| #define HAVE_SYS_TYPES_H 1
| #define HAVE_SYS_STAT_H 1
| #define HAVE_STDLIB_H 1
| #define HAVE_STRING_H 1
| #define HAVE_MEMORY_H 1
| #define HAVE_STRINGS_H 1
| #define HAVE_INTTYPES_H 1
| #define HAVE_STDINT_H 1
| #define HAVE_UNISTD_H 1
| #define HAVE_DLFCN_H 1
| #define LT_OBJDIR ".libs/"
| /* end confdefs.h.  */
| #ifndef __APPLE_CC__
| 	       not a universal capable compiler
| 	     #endif
| 	     typedef int dummy;
| 
configure:15326: gcc -c -g -O2  conftest.c >&5
configure:15326: $? = 0
configure:15344: gcc -c -g -O2  conftest.c >&5
conftest.c: In function 'main':
conftest.c:30:4: error: unknown type name 'not'
    not big endian
    ^
conftest.c:30:12: error: expected '=', ',', ';', 'asm' or '__attribute__' before 'endian'
    not big endian
            ^
configure:15344: $? = 1
configure: failed program was:
| /* confdefs.h */
| #define PACKAGE_NAME "exempi"
| #define PACKAGE_TARNAME "exempi"
| #define PACKAGE_VERSION "2.2.2"
| #define PACKAGE_STRING "exempi 2.2.2"
| #define PACKAGE_BUGREPORT ""
| #define PACKAGE_URL ""
| #define PACKAGE "exempi"
| #define VERSION "2.2.2"
| #define STDC_HEADERS 1
| #define HAVE_SYS_TYPES_H 1
| #define HAVE_SYS_STAT_H 1
| #define HAVE_STDLIB_H 1
| #define HAVE_STRING_H 1
| #define HAVE_MEMORY_H 1
| #define HAVE_STRINGS_H 1
| #define HAVE_INTTYPES_H 1
| #define HAVE_STDINT_H 1
| #define HAVE_UNISTD_H 1
| #define HAVE_DLFCN_H 1
| #define LT_OBJDIR ".libs/"
| /* end confdefs.h.  */
| #include <sys/types.h>
| 		#include <sys/param.h>
| 
| int
| main ()
| {
| #if BYTE_ORDER != BIG_ENDIAN
| 		 not big endian
| 		#endif
| 
|   ;
|   return 0;
| }
configure:15472: result: no
configure:15519: checking expat.h usability
configure:15519: gcc -c -g -O2  conftest.c >&5
configure:15519: $? = 0
configure:15519: result: yes
configure:15519: checking expat.h presence
configure:15519: gcc -E  conftest.c
configure:15519: $? = 0
configure:15519: result: yes
configure:15519: checking for expat.h
configure:15519: result: yes
configure:15527: checking iconv.h usability
configure:15527: gcc -c -g -O2  conftest.c >&5
configure:15527: $? = 0
configure:15527: result: yes
configure:15527: checking iconv.h presence
configure:15527: gcc -E  conftest.c
configure:15527: $? = 0
configure:15527: result: yes
configure:15527: checking for iconv.h
configure:15527: result: yes
configure:15535: checking zlib.h usability
configure:15535: gcc -c -g -O2  conftest.c >&5
configure:15535: $? = 0
configure:15535: result: yes
configure:15535: checking zlib.h presence
configure:15535: gcc -E  conftest.c
configure:15535: $? = 0
configure:15535: result: yes
configure:15535: checking for zlib.h
configure:15535: result: yes
configure:15544: checking for iconv declaration
configure:15573: gcc -c -g -O2  conftest.c >&5
configure:15573: $? = 0
configure:15584: result: 
         extern size_t iconv (iconv_t cd, char * *inbuf, size_t *inbytesleft, char * *outbuf, size_t *outbytesleft);
configure:15595: checking for thread local storage (TLS) class
configure:15622: gcc -c -g -O2  conftest.c >&5
configure:15622: $? = 0
configure:15642: result: __thread
configure:15661: checking whether the linker accepts the -Wl,--retain-symbols-file=_ac_foo.sym flag
configure:15685: gcc -o conftest -g -O2   -Wl,--retain-symbols-file=_ac_foo.sym conftest.c  >&5
configure:15685: $? = 0
configure:15704: result: yes
configure:15752: checking for Boost headers version >= 1.33.0
configure:15802: g++ -c -g -O2  -I/usr/include conftest.cpp >&5
configure:15802: $? = 0
configure:15823: result: /usr/include
configure:15836: checking for Boost's header version
configure:15848: result: 1_59
configure:15851: checking for the toolset name used by Boost for g++
configure:15920: g++ -c -g -O2  conftest.cpp >&5
conftest.cpp:31:3: error: #error defined __GNUC__ && __GNUC__ == 4 && __GNUC_MINOR__ == 2 && !defined __ICC
 # error defined __GNUC__ && __GNUC__ == 4 && __GNUC_MINOR__ == 2 && !defined __ICC
   ^
configure:15920: $? = 1
configure: failed program was:
| /* confdefs.h */
| #define PACKAGE_NAME "exempi"
| #define PACKAGE_TARNAME "exempi"
| #define PACKAGE_VERSION "2.2.2"
| #define PACKAGE_STRING "exempi 2.2.2"
| #define PACKAGE_BUGREPORT ""
| #define PACKAGE_URL ""
| #define PACKAGE "exempi"
| #define VERSION "2.2.2"
| #define STDC_HEADERS 1
| #define HAVE_SYS_TYPES_H 1
| #define HAVE_SYS_STAT_H 1
| #define HAVE_STDLIB_H 1
| #define HAVE_STRING_H 1
| #define HAVE_MEMORY_H 1
| #define HAVE_STRINGS_H 1
| #define HAVE_INTTYPES_H 1
| #define HAVE_STDINT_H 1
| #define HAVE_UNISTD_H 1
| #define HAVE_DLFCN_H 1
| #define LT_OBJDIR ".libs/"
| #define CHECKED_ENDIANNESS 1
| #define ICONV_CONST 
| #define TLS __thread
| #define HAVE_NATIVE_TLS 1
| /* end confdefs.h.  */
| 
| #if defined __GNUC__ && __GNUC__ == 4 && __GNUC_MINOR__ == 2 && !defined __ICC
| /* OK */
| #else
| # error defined __GNUC__ && __GNUC__ == 4 && __GNUC_MINOR__ == 2 && !defined __ICC
| #endif
| 
| int
| main ()
| {
| 
|   ;
|   return 0;
| }
configure:15920: g++ -c -g -O2  conftest.cpp >&5
conftest.cpp:31:3: error: #error defined __GNUC__ && __GNUC__ == 4 && __GNUC_MINOR__ == 1 && !defined __ICC
 # error defined __GNUC__ && __GNUC__ == 4 && __GNUC_MINOR__ == 1 && !defined __ICC
   ^
configure:15920: $? = 1
configure: failed program was:
| /* confdefs.h */
| #define PACKAGE_NAME "exempi"
| #define PACKAGE_TARNAME "exempi"
| #define PACKAGE_VERSION "2.2.2"
| #define PACKAGE_STRING "exempi 2.2.2"
| #define PACKAGE_BUGREPORT ""
| #define PACKAGE_URL ""
| #define PACKAGE "exempi"
| #define VERSION "2.2.2"
| #define STDC_HEADERS 1
| #define HAVE_SYS_TYPES_H 1
| #define HAVE_SYS_STAT_H 1
| #define HAVE_STDLIB_H 1
| #define HAVE_STRING_H 1
| #define HAVE_MEMORY_H 1
| #define HAVE_STRINGS_H 1
| #define HAVE_INTTYPES_H 1
| #define HAVE_STDINT_H 1
| #define HAVE_UNISTD_H 1
| #define HAVE_DLFCN_H 1
| #define LT_OBJDIR ".libs/"
| #define CHECKED_ENDIANNESS 1
| #define ICONV_CONST 
| #define TLS __thread
| #define HAVE_NATIVE_TLS 1
| /* end confdefs.h.  */
| 
| #if defined __GNUC__ && __GNUC__ == 4 && __GNUC_MINOR__ == 1 && !defined __ICC
| /* OK */
| #else
| # error defined __GNUC__ && __GNUC__ == 4 && __GNUC_MINOR__ == 1 && !defined __ICC
| #endif
| 
| int
| main ()
| {
| 
|   ;
|   return 0;
| }
configure:15920: g++ -c -g -O2  conftest.cpp >&5
conftest.cpp:31:3: error: #error defined __GNUC__ && __GNUC__ == 4 && __GNUC_MINOR__ == 0 && !defined __ICC
 # error defined __GNUC__ && __GNUC__ == 4 && __GNUC_MINOR__ == 0 && !defined __ICC
   ^
configure:15920: $? = 1
configure: failed program was:
| /* confdefs.h */
| #define PACKAGE_NAME "exempi"
| #define PACKAGE_TARNAME "exempi"
| #define PACKAGE_VERSION "2.2.2"
| #define PACKAGE_STRING "exempi 2.2.2"
| #define PACKAGE_BUGREPORT ""
| #define PACKAGE_URL ""
| #define PACKAGE "exempi"
| #define VERSION "2.2.2"
| #define STDC_HEADERS 1
| #define HAVE_SYS_TYPES_H 1
| #define HAVE_SYS_STAT_H 1
| #define HAVE_STDLIB_H 1
| #define HAVE_STRING_H 1
| #define HAVE_MEMORY_H 1
| #define HAVE_STRINGS_H 1
| #define HAVE_INTTYPES_H 1
| #define HAVE_STDINT_H 1
| #define HAVE_UNISTD_H 1
| #define HAVE_DLFCN_H 1
| #define LT_OBJDIR ".libs/"
| #define CHECKED_ENDIANNESS 1
| #define ICONV_CONST 
| #define TLS __thread
| #define HAVE_NATIVE_TLS 1
| /* end confdefs.h.  */
| 
| #if defined __GNUC__ && __GNUC__ == 4 && __GNUC_MINOR__ == 0 && !defined __ICC
| /* OK */
| #else
| # error defined __GNUC__ && __GNUC__ == 4 && __GNUC_MINOR__ == 0 && !defined __ICC
| #endif
| 
| int
| main ()
| {
| 
|   ;
|   return 0;
| }
configure:15920: g++ -c -g -O2  conftest.cpp >&5
conftest.cpp:31:3: error: #error defined __GNUC__ && __GNUC__ == 3 && !defined __ICC && (defined WIN32 || defined WINNT || defined _WIN32 || defined __WIN32 || defined __WIN32__ || defined __WINNT || defined __WINNT__)
 # error defined __GNUC__ && __GNUC__ == 3 && !defined __ICC      && (defined WIN32 || defined WINNT || defined _WIN32 || defined __WIN32          || defined __WIN32__ || defined __WINNT || defined __WINNT__)
   ^
configure:15920: $? = 1
configure: failed program was:
| /* confdefs.h */
| #define PACKAGE_NAME "exempi"
| #define PACKAGE_TARNAME "exempi"
| #define PACKAGE_VERSION "2.2.2"
| #define PACKAGE_STRING "exempi 2.2.2"
| #define PACKAGE_BUGREPORT ""
| #define PACKAGE_URL ""
| #define PACKAGE "exempi"
| #define VERSION "2.2.2"
| #define STDC_HEADERS 1
| #define HAVE_SYS_TYPES_H 1
| #define HAVE_SYS_STAT_H 1
| #define HAVE_STDLIB_H 1
| #define HAVE_STRING_H 1
| #define HAVE_MEMORY_H 1
| #define HAVE_STRINGS_H 1
| #define HAVE_INTTYPES_H 1
| #define HAVE_STDINT_H 1
| #define HAVE_UNISTD_H 1
| #define HAVE_DLFCN_H 1
| #define LT_OBJDIR ".libs/"
| #define CHECKED_ENDIANNESS 1
| #define ICONV_CONST 
| #define TLS __thread
| #define HAVE_NATIVE_TLS 1
| /* end confdefs.h.  */
| 
| #if defined __GNUC__ && __GNUC__ == 3 && !defined __ICC      && (defined WIN32 || defined WINNT || defined _WIN32 || defined __WIN32          || defined __WIN32__ || defined __WINNT || defined __WINNT__)
| /* OK */
| #else
| # error defined __GNUC__ && __GNUC__ == 3 && !defined __ICC      && (defined WIN32 || defined WINNT || defined _WIN32 || defined __WIN32          || defined __WIN32__ || defined __WINNT || defined __WINNT__)
| #endif
| 
| int
| main ()
| {
| 
|   ;
|   return 0;
| }
configure:15920: g++ -c -g -O2  conftest.cpp >&5
conftest.cpp:31:3: error: #error defined __GNUC__ && __GNUC__ == 3 && __GNUC_MINOR__ == 4 && !defined __ICC
 # error defined __GNUC__ && __GNUC__ == 3 && __GNUC_MINOR__ == 4 && !defined __ICC
   ^
configure:15920: $? = 1
configure: failed program was:
| /* confdefs.h */
| #define PACKAGE_NAME "exempi"
| #define PACKAGE_TARNAME "exempi"
| #define PACKAGE_VERSION "2.2.2"
| #define PACKAGE_STRING "exempi 2.2.2"
| #define PACKAGE_BUGREPORT ""
| #define PACKAGE_URL ""
| #define PACKAGE "exempi"
| #define VERSION "2.2.2"
| #define STDC_HEADERS 1
| #define HAVE_SYS_TYPES_H 1
| #define HAVE_SYS_STAT_H 1
| #define HAVE_STDLIB_H 1
| #define HAVE_STRING_H 1
| #define HAVE_MEMORY_H 1
| #define HAVE_STRINGS_H 1
| #define HAVE_INTTYPES_H 1
| #define HAVE_STDINT_H 1
| #define HAVE_UNISTD_H 1
| #define HAVE_DLFCN_H 1
| #define LT_OBJDIR ".libs/"
| #define CHECKED_ENDIANNESS 1
| #define ICONV_CONST 
| #define TLS __thread
| #define HAVE_NATIVE_TLS 1
| /* end confdefs.h.  */
| 
| #if defined __GNUC__ && __GNUC__ == 3 && __GNUC_MINOR__ == 4 && !defined __ICC
| /* OK */
| #else
| # error defined __GNUC__ && __GNUC__ == 3 && __GNUC_MINOR__ == 4 && !defined __ICC
| #endif
| 
| int
| main ()
| {
| 
|   ;
|   return 0;
| }
configure:15920: g++ -c -g -O2  conftest.cpp >&5
conftest.cpp:31:3: error: #error defined __GNUC__ && __GNUC__ == 3 && __GNUC_MINOR__ == 3 && !defined __ICC
 # error defined __GNUC__ && __GNUC__ == 3 && __GNUC_MINOR__ == 3 && !defined __ICC
   ^
configure:15920: $? = 1
configure: failed program was:
| /* confdefs.h */
| #define PACKAGE_NAME "exempi"
| #define PACKAGE_TARNAME "exempi"
| #define PACKAGE_VERSION "2.2.2"
| #define PACKAGE_STRING "exempi 2.2.2"
| #define PACKAGE_BUGREPORT ""
| #define PACKAGE_URL ""
| #define PACKAGE "exempi"
| #define VERSION "2.2.2"
| #define STDC_HEADERS 1
| #define HAVE_SYS_TYPES_H 1
| #define HAVE_SYS_STAT_H 1
| #define HAVE_STDLIB_H 1
| #define HAVE_STRING_H 1
| #define HAVE_MEMORY_H 1
| #define HAVE_STRINGS_H 1
| #define HAVE_INTTYPES_H 1
| #define HAVE_STDINT_H 1
| #define HAVE_UNISTD_H 1
| #define HAVE_DLFCN_H 1
| #define LT_OBJDIR ".libs/"
| #define CHECKED_ENDIANNESS 1
| #define ICONV_CONST 
| #define TLS __thread
| #define HAVE_NATIVE_TLS 1
| /* end confdefs.h.  */
| 
| #if defined __GNUC__ && __GNUC__ == 3 && __GNUC_MINOR__ == 3 && !defined __ICC
| /* OK */
| #else
| # error defined __GNUC__ && __GNUC__ == 3 && __GNUC_MINOR__ == 3 && !defined __ICC
| #endif
| 
| int
| main ()
| {
| 
|   ;
|   return 0;
| }
configure:15920: g++ -c -g -O2  conftest.cpp >&5
conftest.cpp:31:3: error: #error defined _MSC_VER && _MSC_VER >= 1400
 # error defined _MSC_VER && _MSC_VER >= 1400
   ^
configure:15920: $? = 1
configure: failed program was:
| /* confdefs.h */
| #define PACKAGE_NAME "exempi"
| #define PACKAGE_TARNAME "exempi"
| #define PACKAGE_VERSION "2.2.2"
| #define PACKAGE_STRING "exempi 2.2.2"
| #define PACKAGE_BUGREPORT ""
| #define PACKAGE_URL ""
| #define PACKAGE "exempi"
| #define VERSION "2.2.2"
| #define STDC_HEADERS 1
| #define HAVE_SYS_TYPES_H 1
| #define HAVE_SYS_STAT_H 1
| #define HAVE_STDLIB_H 1
| #define HAVE_STRING_H 1
| #define HAVE_MEMORY_H 1
| #define HAVE_STRINGS_H 1
| #define HAVE_INTTYPES_H 1
| #define HAVE_STDINT_H 1
| #define HAVE_UNISTD_H 1
| #define HAVE_DLFCN_H 1
| #define LT_OBJDIR ".libs/"
| #define CHECKED_ENDIANNESS 1
| #define ICONV_CONST 
| #define TLS __thread
| #define HAVE_NATIVE_TLS 1
| /* end confdefs.h.  */
| 
| #if defined _MSC_VER && _MSC_VER >= 1400
| /* OK */
| #else
| # error defined _MSC_VER && _MSC_VER >= 1400
| #endif
| 
| int
| main ()
| {
| 
|   ;
|   return 0;
| }
configure:15920: g++ -c -g -O2  conftest.cpp >&5
conftest.cpp:31:3: error: #error defined __GNUC__ && __GNUC__ == 3 && __GNUC_MINOR__ == 2 && !defined __ICC
 # error defined __GNUC__ && __GNUC__ == 3 && __GNUC_MINOR__ == 2 && !defined __ICC
   ^
configure:15920: $? = 1
configure: failed program was:
| /* confdefs.h */
| #define PACKAGE_NAME "exempi"
| #define PACKAGE_TARNAME "exempi"
| #define PACKAGE_VERSION "2.2.2"
| #define PACKAGE_STRING "exempi 2.2.2"
| #define PACKAGE_BUGREPORT ""
| #define PACKAGE_URL ""
| #define PACKAGE "exempi"
| #define VERSION "2.2.2"
| #define STDC_HEADERS 1
| #define HAVE_SYS_TYPES_H 1
| #define HAVE_SYS_STAT_H 1
| #define HAVE_STDLIB_H 1
| #define HAVE_STRING_H 1
| #define HAVE_MEMORY_H 1
| #define HAVE_STRINGS_H 1
| #define HAVE_INTTYPES_H 1
| #define HAVE_STDINT_H 1
| #define HAVE_UNISTD_H 1
| #define HAVE_DLFCN_H 1
| #define LT_OBJDIR ".libs/"
| #define CHECKED_ENDIANNESS 1
| #define ICONV_CONST 
| #define TLS __thread
| #define HAVE_NATIVE_TLS 1
| /* end confdefs.h.  */
| 
| #if defined __GNUC__ && __GNUC__ == 3 && __GNUC_MINOR__ == 2 && !defined __ICC
| /* OK */
| #else
| # error defined __GNUC__ && __GNUC__ == 3 && __GNUC_MINOR__ == 2 && !defined __ICC
| #endif
| 
| int
| main ()
| {
| 
|   ;
|   return 0;
| }
configure:15920: g++ -c -g -O2  conftest.cpp >&5
conftest.cpp:31:3: error: #error defined _MSC_VER && _MSC_VER == 1310
 # error defined _MSC_VER && _MSC_VER == 1310
   ^
configure:15920: $? = 1
configure: failed program was:
| /* confdefs.h */
| #define PACKAGE_NAME "exempi"
| #define PACKAGE_TARNAME "exempi"
| #define PACKAGE_VERSION "2.2.2"
| #define PACKAGE_STRING "exempi 2.2.2"
| #define PACKAGE_BUGREPORT ""
| #define PACKAGE_URL ""
| #define PACKAGE "exempi"
| #define VERSION "2.2.2"
| #define STDC_HEADERS 1
| #define HAVE_SYS_TYPES_H 1
| #define HAVE_SYS_STAT_H 1
| #define HAVE_STDLIB_H 1
| #define HAVE_STRING_H 1
| #define HAVE_MEMORY_H 1
| #define HAVE_STRINGS_H 1
| #define HAVE_INTTYPES_H 1
| #define HAVE_STDINT_H 1
| #define HAVE_UNISTD_H 1
| #define HAVE_DLFCN_H 1
| #define LT_OBJDIR ".libs/"
| #define CHECKED_ENDIANNESS 1
| #define ICONV_CONST 
| #define TLS __thread
| #define HAVE_NATIVE_TLS 1
| /* end confdefs.h.  */
| 
| #if defined _MSC_VER && _MSC_VER == 1310
| /* OK */
| #else
| # error defined _MSC_VER && _MSC_VER == 1310
| #endif
| 
| int
| main ()
| {
| 
|   ;
|   return 0;
| }
configure:15920: g++ -c -g -O2  conftest.cpp >&5
conftest.cpp:31:3: error: #error defined __GNUC__ && __GNUC__ == 3 && __GNUC_MINOR__ == 1 && !defined __ICC
 # error defined __GNUC__ && __GNUC__ == 3 && __GNUC_MINOR__ == 1 && !defined __ICC
   ^
configure:15920: $? = 1
configure: failed program was:
| /* confdefs.h */
| #define PACKAGE_NAME "exempi"
| #define PACKAGE_TARNAME "exempi"
| #define PACKAGE_VERSION "2.2.2"
| #define PACKAGE_STRING "exempi 2.2.2"
| #define PACKAGE_BUGREPORT ""
| #define PACKAGE_URL ""
| #define PACKAGE "exempi"
| #define VERSION "2.2.2"
| #define STDC_HEADERS 1
| #define HAVE_SYS_TYPES_H 1
| #define HAVE_SYS_STAT_H 1
| #define HAVE_STDLIB_H 1
| #define HAVE_STRING_H 1
| #define HAVE_MEMORY_H 1
| #define HAVE_STRINGS_H 1
| #define HAVE_INTTYPES_H 1
| #define HAVE_STDINT_H 1
| #define HAVE_UNISTD_H 1
| #define HAVE_DLFCN_H 1
| #define LT_OBJDIR ".libs/"
| #define CHECKED_ENDIANNESS 1
| #define ICONV_CONST 
| #define TLS __thread
| #define HAVE_NATIVE_TLS 1
| /* end confdefs.h.  */
| 
| #if defined __GNUC__ && __GNUC__ == 3 && __GNUC_MINOR__ == 1 && !defined __ICC
| /* OK */
| #else
| # error defined __GNUC__ && __GNUC__ == 3 && __GNUC_MINOR__ == 1 && !defined __ICC
| #endif
| 
| int
| main ()
| {
| 
|   ;
|   return 0;
| }
configure:15920: g++ -c -g -O2  conftest.cpp >&5
conftest.cpp:31:3: error: #error defined __GNUC__ && __GNUC__ == 3 && __GNUC_MINOR__ == 0 && !defined __ICC
 # error defined __GNUC__ && __GNUC__ == 3 && __GNUC_MINOR__ == 0 && !defined __ICC
   ^
configure:15920: $? = 1
configure: failed program was:
| /* confdefs.h */
| #define PACKAGE_NAME "exempi"
| #define PACKAGE_TARNAME "exempi"
| #define PACKAGE_VERSION "2.2.2"
| #define PACKAGE_STRING "exempi 2.2.2"
| #define PACKAGE_BUGREPORT ""
| #define PACKAGE_URL ""
| #define PACKAGE "exempi"
| #define VERSION "2.2.2"
| #define STDC_HEADERS 1
| #define HAVE_SYS_TYPES_H 1
| #define HAVE_SYS_STAT_H 1
| #define HAVE_STDLIB_H 1
| #define HAVE_STRING_H 1
| #define HAVE_MEMORY_H 1
| #define HAVE_STRINGS_H 1
| #define HAVE_INTTYPES_H 1
| #define HAVE_STDINT_H 1
| #define HAVE_UNISTD_H 1
| #define HAVE_DLFCN_H 1
| #define LT_OBJDIR ".libs/"
| #define CHECKED_ENDIANNESS 1
| #define ICONV_CONST 
| #define TLS __thread
| #define HAVE_NATIVE_TLS 1
| /* end confdefs.h.  */
| 
| #if defined __GNUC__ && __GNUC__ == 3 && __GNUC_MINOR__ == 0 && !defined __ICC
| /* OK */
| #else
| # error defined __GNUC__ && __GNUC__ == 3 && __GNUC_MINOR__ == 0 && !defined __ICC
| #endif
| 
| int
| main ()
| {
| 
|   ;
|   return 0;
| }
configure:15920: g++ -c -g -O2  conftest.cpp >&5
conftest.cpp:31:3: error: #error defined __BORLANDC__
 # error defined __BORLANDC__
   ^
configure:15920: $? = 1
configure: failed program was:
| /* confdefs.h */
| #define PACKAGE_NAME "exempi"
| #define PACKAGE_TARNAME "exempi"
| #define PACKAGE_VERSION "2.2.2"
| #define PACKAGE_STRING "exempi 2.2.2"
| #define PACKAGE_BUGREPORT ""
| #define PACKAGE_URL ""
| #define PACKAGE "exempi"
| #define VERSION "2.2.2"
| #define STDC_HEADERS 1
| #define HAVE_SYS_TYPES_H 1
| #define HAVE_SYS_STAT_H 1
| #define HAVE_STDLIB_H 1
| #define HAVE_STRING_H 1
| #define HAVE_MEMORY_H 1
| #define HAVE_STRINGS_H 1
| #define HAVE_INTTYPES_H 1
| #define HAVE_STDINT_H 1
| #define HAVE_UNISTD_H 1
| #define HAVE_DLFCN_H 1
| #define LT_OBJDIR ".libs/"
| #define CHECKED_ENDIANNESS 1
| #define ICONV_CONST 
| #define TLS __thread
| #define HAVE_NATIVE_TLS 1
| /* end confdefs.h.  */
| 
| #if defined __BORLANDC__
| /* OK */
| #else
| # error defined __BORLANDC__
| #endif
| 
| int
| main ()
| {
| 
|   ;
|   return 0;
| }
configure:15920: g++ -c -g -O2  conftest.cpp >&5
conftest.cpp:28:49: error: operator "defined" requires an identifier
 #if defined __ICC && (defined __unix || defined )
                                                 ^
conftest.cpp:28:22: error: missing ')' in expression
 #if defined __ICC && (defined __unix || defined )
                      ^
conftest.cpp:31:3: error: #error defined __ICC && (defined __unix || defined )
 # error defined __ICC && (defined __unix || defined )
   ^
configure:15920: $? = 1
configure: failed program was:
| /* confdefs.h */
| #define PACKAGE_NAME "exempi"
| #define PACKAGE_TARNAME "exempi"
| #define PACKAGE_VERSION "2.2.2"
| #define PACKAGE_STRING "exempi 2.2.2"
| #define PACKAGE_BUGREPORT ""
| #define PACKAGE_URL ""
| #define PACKAGE "exempi"
| #define VERSION "2.2.2"
| #define STDC_HEADERS 1
| #define HAVE_SYS_TYPES_H 1
| #define HAVE_SYS_STAT_H 1
| #define HAVE_STDLIB_H 1
| #define HAVE_STRING_H 1
| #define HAVE_MEMORY_H 1
| #define HAVE_STRINGS_H 1
| #define HAVE_INTTYPES_H 1
| #define HAVE_STDINT_H 1
| #define HAVE_UNISTD_H 1
| #define HAVE_DLFCN_H 1
| #define LT_OBJDIR ".libs/"
| #define CHECKED_ENDIANNESS 1
| #define ICONV_CONST 
| #define TLS __thread
| #define HAVE_NATIVE_TLS 1
| /* end confdefs.h.  */
| 
| #if defined __ICC && (defined __unix || defined )
| /* OK */
| #else
| # error defined __ICC && (defined __unix || defined )
| #endif
| 
| int
| main ()
| {
| 
|   ;
|   return 0;
| }
configure:15920: g++ -c -g -O2  conftest.cpp >&5
conftest.cpp:31:3: error: #error defined __ICL
 # error defined __ICL
   ^
configure:15920: $? = 1
configure: failed program was:
| /* confdefs.h */
| #define PACKAGE_NAME "exempi"
| #define PACKAGE_TARNAME "exempi"
| #define PACKAGE_VERSION "2.2.2"
| #define PACKAGE_STRING "exempi 2.2.2"
| #define PACKAGE_BUGREPORT ""
| #define PACKAGE_URL ""
| #define PACKAGE "exempi"
| #define VERSION "2.2.2"
| #define STDC_HEADERS 1
| #define HAVE_SYS_TYPES_H 1
| #define HAVE_SYS_STAT_H 1
| #define HAVE_STDLIB_H 1
| #define HAVE_STRING_H 1
| #define HAVE_MEMORY_H 1
| #define HAVE_STRINGS_H 1
| #define HAVE_INTTYPES_H 1
| #define HAVE_STDINT_H 1
| #define HAVE_UNISTD_H 1
| #define HAVE_DLFCN_H 1
| #define LT_OBJDIR ".libs/"
| #define CHECKED_ENDIANNESS 1
| #define ICONV_CONST 
| #define TLS __thread
| #define HAVE_NATIVE_TLS 1
| /* end confdefs.h.  */
| 
| #if defined __ICL
| /* OK */
| #else
| # error defined __ICL
| #endif
| 
| int
| main ()
| {
| 
|   ;
|   return 0;
| }
configure:15920: g++ -c -g -O2  conftest.cpp >&5
conftest.cpp:31:3: error: #error defined _MSC_VER && _MSC_VER == 1300
 # error defined _MSC_VER && _MSC_VER == 1300
   ^
configure:15920: $? = 1
configure: failed program was:
| /* confdefs.h */
| #define PACKAGE_NAME "exempi"
| #define PACKAGE_TARNAME "exempi"
| #define PACKAGE_VERSION "2.2.2"
| #define PACKAGE_STRING "exempi 2.2.2"
| #define PACKAGE_BUGREPORT ""
| #define PACKAGE_URL ""
| #define PACKAGE "exempi"
| #define VERSION "2.2.2"
| #define STDC_HEADERS 1
| #define HAVE_SYS_TYPES_H 1
| #define HAVE_SYS_STAT_H 1
| #define HAVE_STDLIB_H 1
| #define HAVE_STRING_H 1
| #define HAVE_MEMORY_H 1
| #define HAVE_STRINGS_H 1
| #define HAVE_INTTYPES_H 1
| #define HAVE_STDINT_H 1
| #define HAVE_UNISTD_H 1
| #define HAVE_DLFCN_H 1
| #define LT_OBJDIR ".libs/"
| #define CHECKED_ENDIANNESS 1
| #define ICONV_CONST 
| #define TLS __thread
| #define HAVE_NATIVE_TLS 1
| /* end confdefs.h.  */
| 
| #if defined _MSC_VER && _MSC_VER == 1300
| /* OK */
| #else
| # error defined _MSC_VER && _MSC_VER == 1300
| #endif
| 
| int
| main ()
| {
| 
|   ;
|   return 0;
| }
configure:15920: g++ -c -g -O2  conftest.cpp >&5
conftest.cpp:31:3: error: #error defined __GNUC__ && __GNUC__ == 4 && __GNUC_MINOR__ == 3 && !defined __ICC
 # error defined __GNUC__ && __GNUC__ == 4 && __GNUC_MINOR__ == 3 && !defined __ICC
   ^
configure:15920: $? = 1
configure: failed program was:
| /* confdefs.h */
| #define PACKAGE_NAME "exempi"
| #define PACKAGE_TARNAME "exempi"
| #define PACKAGE_VERSION "2.2.2"
| #define PACKAGE_STRING "exempi 2.2.2"
| #define PACKAGE_BUGREPORT ""
| #define PACKAGE_URL ""
| #define PACKAGE "exempi"
| #define VERSION "2.2.2"
| #define STDC_HEADERS 1
| #define HAVE_SYS_TYPES_H 1
| #define HAVE_SYS_STAT_H 1
| #define HAVE_STDLIB_H 1
| #define HAVE_STRING_H 1
| #define HAVE_MEMORY_H 1
| #define HAVE_STRINGS_H 1
| #define HAVE_INTTYPES_H 1
| #define HAVE_STDINT_H 1
| #define HAVE_UNISTD_H 1
| #define HAVE_DLFCN_H 1
| #define LT_OBJDIR ".libs/"
| #define CHECKED_ENDIANNESS 1
| #define ICONV_CONST 
| #define TLS __thread
| #define HAVE_NATIVE_TLS 1
| /* end confdefs.h.  */
| 
| #if defined __GNUC__ && __GNUC__ == 4 && __GNUC_MINOR__ == 3 && !defined __ICC
| /* OK */
| #else
| # error defined __GNUC__ && __GNUC__ == 4 && __GNUC_MINOR__ == 3 && !defined __ICC
| #endif
| 
| int
| main ()
| {
| 
|   ;
|   return 0;
| }
configure:15920: g++ -c -g -O2  conftest.cpp >&5
conftest.cpp:31:3: error: #error defined __GNUC__ && __GNUC__ == 2 && __GNUC_MINOR__ == 95 && !defined __ICC
 # error defined __GNUC__ && __GNUC__ == 2 && __GNUC_MINOR__ == 95 && !defined __ICC
   ^
configure:15920: $? = 1
configure: failed program was:
| /* confdefs.h */
| #define PACKAGE_NAME "exempi"
| #define PACKAGE_TARNAME "exempi"
| #define PACKAGE_VERSION "2.2.2"
| #define PACKAGE_STRING "exempi 2.2.2"
| #define PACKAGE_BUGREPORT ""
| #define PACKAGE_URL ""
| #define PACKAGE "exempi"
| #define VERSION "2.2.2"
| #define STDC_HEADERS 1
| #define HAVE_SYS_TYPES_H 1
| #define HAVE_SYS_STAT_H 1
| #define HAVE_STDLIB_H 1
| #define HAVE_STRING_H 1
| #define HAVE_MEMORY_H 1
| #define HAVE_STRINGS_H 1
| #define HAVE_INTTYPES_H 1
| #define HAVE_STDINT_H 1
| #define HAVE_UNISTD_H 1
| #define HAVE_DLFCN_H 1
| #define LT_OBJDIR ".libs/"
| #define CHECKED_ENDIANNESS 1
| #define ICONV_CONST 
| #define TLS __thread
| #define HAVE_NATIVE_TLS 1
| /* end confdefs.h.  */
| 
| #if defined __GNUC__ && __GNUC__ == 2 && __GNUC_MINOR__ == 95 && !defined __ICC
| /* OK */
| #else
| # error defined __GNUC__ && __GNUC__ == 2 && __GNUC_MINOR__ == 95 && !defined __ICC
| #endif
| 
| int
| main ()
| {
| 
|   ;
|   return 0;
| }
configure:15920: g++ -c -g -O2  conftest.cpp >&5
conftest.cpp:31:3: error: #error defined __MWERKS__ && __MWERKS__ <= 0x32FF
 # error defined __MWERKS__ && __MWERKS__ <= 0x32FF
   ^
configure:15920: $? = 1
configure: failed program was:
| /* confdefs.h */
| #define PACKAGE_NAME "exempi"
| #define PACKAGE_TARNAME "exempi"
| #define PACKAGE_VERSION "2.2.2"
| #define PACKAGE_STRING "exempi 2.2.2"
| #define PACKAGE_BUGREPORT ""
| #define PACKAGE_URL ""
| #define PACKAGE "exempi"
| #define VERSION "2.2.2"
| #define STDC_HEADERS 1
| #define HAVE_SYS_TYPES_H 1
| #define HAVE_SYS_STAT_H 1
| #define HAVE_STDLIB_H 1
| #define HAVE_STRING_H 1
| #define HAVE_MEMORY_H 1
| #define HAVE_STRINGS_H 1
| #define HAVE_INTTYPES_H 1
| #define HAVE_STDINT_H 1
| #define HAVE_UNISTD_H 1
| #define HAVE_DLFCN_H 1
| #define LT_OBJDIR ".libs/"
| #define CHECKED_ENDIANNESS 1
| #define ICONV_CONST 
| #define TLS __thread
| #define HAVE_NATIVE_TLS 1
| /* end confdefs.h.  */
| 
| #if defined __MWERKS__ && __MWERKS__ <= 0x32FF
| /* OK */
| #else
| # error defined __MWERKS__ && __MWERKS__ <= 0x32FF
| #endif
| 
| int
| main ()
| {
| 
|   ;
|   return 0;
| }
configure:15920: g++ -c -g -O2  conftest.cpp >&5
conftest.cpp:31:3: error: #error defined _MSC_VER && _MSC_VER < 1300 && !defined UNDER_CE
 # error defined _MSC_VER && _MSC_VER < 1300 && !defined UNDER_CE
   ^
configure:15920: $? = 1
configure: failed program was:
| /* confdefs.h */
| #define PACKAGE_NAME "exempi"
| #define PACKAGE_TARNAME "exempi"
| #define PACKAGE_VERSION "2.2.2"
| #define PACKAGE_STRING "exempi 2.2.2"
| #define PACKAGE_BUGREPORT ""
| #define PACKAGE_URL ""
| #define PACKAGE "exempi"
| #define VERSION "2.2.2"
| #define STDC_HEADERS 1
| #define HAVE_SYS_TYPES_H 1
| #define HAVE_SYS_STAT_H 1
| #define HAVE_STDLIB_H 1
| #define HAVE_STRING_H 1
| #define HAVE_MEMORY_H 1
| #define HAVE_STRINGS_H 1
| #define HAVE_INTTYPES_H 1
| #define HAVE_STDINT_H 1
| #define HAVE_UNISTD_H 1
| #define HAVE_DLFCN_H 1
| #define LT_OBJDIR ".libs/"
| #define CHECKED_ENDIANNESS 1
| #define ICONV_CONST 
| #define TLS __thread
| #define HAVE_NATIVE_TLS 1
| /* end confdefs.h.  */
| 
| #if defined _MSC_VER && _MSC_VER < 1300 && !defined UNDER_CE
| /* OK */
| #else
| # error defined _MSC_VER && _MSC_VER < 1300 && !defined UNDER_CE
| #endif
| 
| int
| main ()
| {
| 
|   ;
|   return 0;
| }
configure:15920: g++ -c -g -O2  conftest.cpp >&5
conftest.cpp:31:3: error: #error defined _MSC_VER && _MSC_VER < 1300 && defined UNDER_CE
 # error defined _MSC_VER && _MSC_VER < 1300 && defined UNDER_CE
   ^
configure:15920: $? = 1
configure: failed program was:
| /* confdefs.h */
| #define PACKAGE_NAME "exempi"
| #define PACKAGE_TARNAME "exempi"
| #define PACKAGE_VERSION "2.2.2"
| #define PACKAGE_STRING "exempi 2.2.2"
| #define PACKAGE_BUGREPORT ""
| #define PACKAGE_URL ""
| #define PACKAGE "exempi"
| #define VERSION "2.2.2"
| #define STDC_HEADERS 1
| #define HAVE_SYS_TYPES_H 1
| #define HAVE_SYS_STAT_H 1
| #define HAVE_STDLIB_H 1
| #define HAVE_STRING_H 1
| #define HAVE_MEMORY_H 1
| #define HAVE_STRINGS_H 1
| #define HAVE_INTTYPES_H 1
| #define HAVE_STDINT_H 1
| #define HAVE_UNISTD_H 1
| #define HAVE_DLFCN_H 1
| #define LT_OBJDIR ".libs/"
| #define CHECKED_ENDIANNESS 1
| #define ICONV_CONST 
| #define TLS __thread
| #define HAVE_NATIVE_TLS 1
| /* end confdefs.h.  */
| 
| #if defined _MSC_VER && _MSC_VER < 1300 && defined UNDER_CE
| /* OK */
| #else
| # error defined _MSC_VER && _MSC_VER < 1300 && defined UNDER_CE
| #endif
| 
| int
| main ()
| {
| 
|   ;
|   return 0;
| }
configure:15920: g++ -c -g -O2  conftest.cpp >&5
conftest.cpp:31:3: error: #error defined __MWERKS__ && __MWERKS__ <= 0x31FF
 # error defined __MWERKS__ && __MWERKS__ <= 0x31FF
   ^
configure:15920: $? = 1
configure: failed program was:
| /* confdefs.h */
| #define PACKAGE_NAME "exempi"
| #define PACKAGE_TARNAME "exempi"
| #define PACKAGE_VERSION "2.2.2"
| #define PACKAGE_STRING "exempi 2.2.2"
| #define PACKAGE_BUGREPORT ""
| #define PACKAGE_URL ""
| #define PACKAGE "exempi"
| #define VERSION "2.2.2"
| #define STDC_HEADERS 1
| #define HAVE_SYS_TYPES_H 1
| #define HAVE_SYS_STAT_H 1
| #define HAVE_STDLIB_H 1
| #define HAVE_STRING_H 1
| #define HAVE_MEMORY_H 1
| #define HAVE_STRINGS_H 1
| #define HAVE_INTTYPES_H 1
| #define HAVE_STDINT_H 1
| #define HAVE_UNISTD_H 1
| #define HAVE_DLFCN_H 1
| #define LT_OBJDIR ".libs/"
| #define CHECKED_ENDIANNESS 1
| #define ICONV_CONST 
| #define TLS __thread
| #define HAVE_NATIVE_TLS 1
| /* end confdefs.h.  */
| 
| #if defined __MWERKS__ && __MWERKS__ <= 0x31FF
| /* OK */
| #else
| # error defined __MWERKS__ && __MWERKS__ <= 0x31FF
| #endif
| 
| int
| main ()
| {
| 
|   ;
|   return 0;
| }
configure:15932: result: unknown
configure:15935: WARNING: could not figure out which toolset name to use for g++
configure:15958: gcc -c -g -O2  conftest.c >&5
conftest.c:31:3: error: #error MT not needed
 # error MT not needed
   ^
configure:15958: $? = 1
configure: failed program was:
| /* confdefs.h */
| #define PACKAGE_NAME "exempi"
| #define PACKAGE_TARNAME "exempi"
| #define PACKAGE_VERSION "2.2.2"
| #define PACKAGE_STRING "exempi 2.2.2"
| #define PACKAGE_BUGREPORT ""
| #define PACKAGE_URL ""
| #define PACKAGE "exempi"
| #define VERSION "2.2.2"
| #define STDC_HEADERS 1
| #define HAVE_SYS_TYPES_H 1
| #define HAVE_SYS_STAT_H 1
| #define HAVE_STDLIB_H 1
| #define HAVE_STRING_H 1
| #define HAVE_MEMORY_H 1
| #define HAVE_STRINGS_H 1
| #define HAVE_INTTYPES_H 1
| #define HAVE_STDINT_H 1
| #define HAVE_UNISTD_H 1
| #define HAVE_DLFCN_H 1
| #define LT_OBJDIR ".libs/"
| #define CHECKED_ENDIANNESS 1
| #define ICONV_CONST 
| #define TLS __thread
| #define HAVE_NATIVE_TLS 1
| /* end confdefs.h.  */
| 
| #if defined _REENTRANT || defined _MT || defined __MT__
| /* use -mt */
| #else
| # error MT not needed
| #endif
| 
| int
| main ()
| {
| 
|   ;
|   return 0;
| }
configure:15978: checking boost/test/unit_test.hpp usability
configure:15978: g++ -c -g -O2  -I/usr/include conftest.cpp >&5
configure:15978: $? = 0
configure:15978: result: yes
configure:15978: checking boost/test/unit_test.hpp presence
configure:15978: g++ -E  -I/usr/include conftest.cpp
configure:15978: $? = 0
configure:15978: result: yes
configure:15978: checking for boost/test/unit_test.hpp
configure:15978: result: yes
configure:16004: checking for the Boost unit_test_framework library
configure:16038: g++ -c -g -O2  -I/usr/include conftest.cpp >&5
configure:16038: $? = 0
configure:16090: re-using the existing conftest.o
configure:16096: g++ -o conftest -g -O2  -I/usr/include  -L/usr/lib conftest.o -lboost_unit_test_framework--mt-1_59  >&5
/usr/bin/ld: cannot find -lboost_unit_test_framework--mt-1_59
collect2: error: ld returned 1 exit status
configure:16105: $? = 1
configure:16090: re-using the existing conftest.o
configure:16096: g++ -o conftest -g -O2  -I/usr/include  -L/usr/local/lib conftest.o -lboost_unit_test_framework--mt-1_59  >&5
/usr/bin/ld: cannot find -lboost_unit_test_framework--mt-1_59
collect2: error: ld returned 1 exit status
configure:16105: $? = 1
configure:16090: re-using the existing conftest.o
configure:16096: g++ -o conftest -g -O2  -I/usr/include  -L/usr/lib conftest.o -lboost_unit_test_framework--mt-1_59  >&5
/usr/bin/ld: cannot find -lboost_unit_test_framework--mt-1_59
collect2: error: ld returned 1 exit status
configure:16105: $? = 1
configure:16090: re-using the existing conftest.o
configure:16096: g++ -o conftest -g -O2  -I/usr/include  -L/lib conftest.o -lboost_unit_test_framework--mt-1_59  >&5
/usr/bin/ld: cannot find -lboost_unit_test_framework--mt-1_59
collect2: error: ld returned 1 exit status
configure:16105: $? = 1
configure:16090: re-using the existing conftest.o
configure:16096: g++ -o conftest -g -O2  -I/usr/include  -L/usr/lib64 conftest.o -lboost_unit_test_framework--mt-1_59  >&5
/usr/bin/ld: cannot find -lboost_unit_test_framework--mt-1_59
collect2: error: ld returned 1 exit status
configure:16105: $? = 1
configure:16090: re-using the existing conftest.o
configure:16096: g++ -o conftest -g -O2  -I/usr/include  -L/lib64 conftest.o -lboost_unit_test_framework--mt-1_59  >&5
/usr/bin/ld: cannot find -lboost_unit_test_framework--mt-1_59
collect2: error: ld returned 1 exit status
configure:16105: $? = 1
configure:16090: re-using the existing conftest.o
configure:16096: g++ -o conftest -g -O2  -I/usr/include  -L/usr/lib conftest.o -lboost_unit_test_framework--1_59  >&5
/usr/bin/ld: cannot find -lboost_unit_test_framework--1_59
collect2: error: ld returned 1 exit status
configure:16105: $? = 1
configure:16090: re-using the existing conftest.o
configure:16096: g++ -o conftest -g -O2  -I/usr/include  -L/usr/local/lib conftest.o -lboost_unit_test_framework--1_59  >&5
/usr/bin/ld: cannot find -lboost_unit_test_framework--1_59
collect2: error: ld returned 1 exit status
configure:16105: $? = 1
configure:16090: re-using the existing conftest.o
configure:16096: g++ -o conftest -g -O2  -I/usr/include  -L/usr/lib conftest.o -lboost_unit_test_framework--1_59  >&5
/usr/bin/ld: cannot find -lboost_unit_test_framework--1_59
collect2: error: ld returned 1 exit status
configure:16105: $? = 1
configure:16090: re-using the existing conftest.o
configure:16096: g++ -o conftest -g -O2  -I/usr/include  -L/lib conftest.o -lboost_unit_test_framework--1_59  >&5
/usr/bin/ld: cannot find -lboost_unit_test_framework--1_59
collect2: error: ld returned 1 exit status
configure:16105: $? = 1
configure:16090: re-using the existing conftest.o
configure:16096: g++ -o conftest -g -O2  -I/usr/include  -L/usr/lib64 conftest.o -lboost_unit_test_framework--1_59  >&5
/usr/bin/ld: cannot find -lboost_unit_test_framework--1_59
collect2: error: ld returned 1 exit status
configure:16105: $? = 1
configure:16090: re-using the existing conftest.o
configure:16096: g++ -o conftest -g -O2  -I/usr/include  -L/lib64 conftest.o -lboost_unit_test_framework--1_59  >&5
/usr/bin/ld: cannot find -lboost_unit_test_framework--1_59
collect2: error: ld returned 1 exit status
configure:16105: $? = 1
configure:16090: re-using the existing conftest.o
configure:16096: g++ -o conftest -g -O2  -I/usr/include  -L/usr/lib conftest.o -lboost_unit_test_framework--mt  >&5
/usr/bin/ld: cannot find -lboost_unit_test_framework--mt
collect2: error: ld returned 1 exit status
configure:16105: $? = 1
configure:16090: re-using the existing conftest.o
configure:16096: g++ -o conftest -g -O2  -I/usr/include  -L/usr/local/lib conftest.o -lboost_unit_test_framework--mt  >&5
/usr/bin/ld: cannot find -lboost_unit_test_framework--mt
collect2: error: ld returned 1 exit status
configure:16105: $? = 1
configure:16090: re-using the existing conftest.o
configure:16096: g++ -o conftest -g -O2  -I/usr/include  -L/usr/lib conftest.o -lboost_unit_test_framework--mt  >&5
/usr/bin/ld: cannot find -lboost_unit_test_framework--mt
collect2: error: ld returned 1 exit status
configure:16105: $? = 1
configure:16090: re-using the existing conftest.o
configure:16096: g++ -o conftest -g -O2  -I/usr/include  -L/lib conftest.o -lboost_unit_test_framework--mt  >&5
/usr/bin/ld: cannot find -lboost_unit_test_framework--mt
collect2: error: ld returned 1 exit status
configure:16105: $? = 1
configure:16090: re-using the existing conftest.o
configure:16096: g++ -o conftest -g -O2  -I/usr/include  -L/usr/lib64 conftest.o -lboost_unit_test_framework--mt  >&5
/usr/bin/ld: cannot find -lboost_unit_test_framework--mt
collect2: error: ld returned 1 exit status
configure:16105: $? = 1
configure:16090: re-using the existing conftest.o
configure:16096: g++ -o conftest -g -O2  -I/usr/include  -L/lib64 conftest.o -lboost_unit_test_framework--mt  >&5
/usr/bin/ld: cannot find -lboost_unit_test_framework--mt
collect2: error: ld returned 1 exit status
configure:16105: $? = 1
configure:16090: re-using the existing conftest.o
configure:16096: g++ -o conftest -g -O2  -I/usr/include  -L/usr/lib conftest.o -lboost_unit_test_framework--mt-d-1_59  >&5
/usr/bin/ld: cannot find -lboost_unit_test_framework--mt-d-1_59
collect2: error: ld returned 1 exit status
configure:16105: $? = 1
configure:16090: re-using the existing conftest.o
configure:16096: g++ -o conftest -g -O2  -I/usr/include  -L/usr/local/lib conftest.o -lboost_unit_test_framework--mt-d-1_59  >&5
/usr/bin/ld: cannot find -lboost_unit_test_framework--mt-d-1_59
collect2: error: ld returned 1 exit status
configure:16105: $? = 1
configure:16090: re-using the existing conftest.o
configure:16096: g++ -o conftest -g -O2  -I/usr/include  -L/usr/lib conftest.o -lboost_unit_test_framework--mt-d-1_59  >&5
/usr/bin/ld: cannot find -lboost_unit_test_framework--mt-d-1_59
collect2: error: ld returned 1 exit status
configure:16105: $? = 1
configure:16090: re-using the existing conftest.o
configure:16096: g++ -o conftest -g -O2  -I/usr/include  -L/lib conftest.o -lboost_unit_test_framework--mt-d-1_59  >&5
/usr/bin/ld: cannot find -lboost_unit_test_framework--mt-d-1_59
collect2: error: ld returned 1 exit status
configure:16105: $? = 1
configure:16090: re-using the existing conftest.o
configure:16096: g++ -o conftest -g -O2  -I/usr/include  -L/usr/lib64 conftest.o -lboost_unit_test_framework--mt-d-1_59  >&5
/usr/bin/ld: cannot find -lboost_unit_test_framework--mt-d-1_59
collect2: error: ld returned 1 exit status
configure:16105: $? = 1
configure:16090: re-using the existing conftest.o
configure:16096: g++ -o conftest -g -O2  -I/usr/include  -L/lib64 conftest.o -lboost_unit_test_framework--mt-d-1_59  >&5
/usr/bin/ld: cannot find -lboost_unit_test_framework--mt-d-1_59
collect2: error: ld returned 1 exit status
configure:16105: $? = 1
configure:16090: re-using the existing conftest.o
configure:16096: g++ -o conftest -g -O2  -I/usr/include  -L/usr/lib conftest.o -lboost_unit_test_framework--d-1_59  >&5
/usr/bin/ld: cannot find -lboost_unit_test_framework--d-1_59
collect2: error: ld returned 1 exit status
configure:16105: $? = 1
configure:16090: re-using the existing conftest.o
configure:16096: g++ -o conftest -g -O2  -I/usr/include  -L/usr/local/lib conftest.o -lboost_unit_test_framework--d-1_59  >&5
/usr/bin/ld: cannot find -lboost_unit_test_framework--d-1_59
collect2: error: ld returned 1 exit status
configure:16105: $? = 1
configure:16090: re-using the existing conftest.o
configure:16096: g++ -o conftest -g -O2  -I/usr/include  -L/usr/lib conftest.o -lboost_unit_test_framework--d-1_59  >&5
/usr/bin/ld: cannot find -lboost_unit_test_framework--d-1_59
collect2: error: ld returned 1 exit status
configure:16105: $? = 1
configure:16090: re-using the existing conftest.o
configure:16096: g++ -o conftest -g -O2  -I/usr/include  -L/lib conftest.o -lboost_unit_test_framework--d-1_59  >&5
/usr/bin/ld: cannot find -lboost_unit_test_framework--d-1_59
collect2: error: ld returned 1 exit status
configure:16105: $? = 1
configure:16090: re-using the existing conftest.o
configure:16096: g++ -o conftest -g -O2  -I/usr/include  -L/usr/lib64 conftest.o -lboost_unit_test_framework--d-1_59  >&5
/usr/bin/ld: cannot find -lboost_unit_test_framework--d-1_59
collect2: error: ld returned 1 exit status
configure:16105: $? = 1
configure:16090: re-using the existing conftest.o
configure:16096: g++ -o conftest -g -O2  -I/usr/include  -L/lib64 conftest.o -lboost_unit_test_framework--d-1_59  >&5
/usr/bin/ld: cannot find -lboost_unit_test_framework--d-1_59
collect2: error: ld returned 1 exit status
configure:16105: $? = 1
configure:16090: re-using the existing conftest.o
configure:16096: g++ -o conftest -g -O2  -I/usr/include  -L/usr/lib conftest.o -lboost_unit_test_framework-  >&5
/usr/bin/ld: cannot find -lboost_unit_test_framework-
collect2: error: ld returned 1 exit status
configure:16105: $? = 1
configure:16090: re-using the existing conftest.o
configure:16096: g++ -o conftest -g -O2  -I/usr/include  -L/usr/local/lib conftest.o -lboost_unit_test_framework-  >&5
/usr/bin/ld: cannot find -lboost_unit_test_framework-
collect2: error: ld returned 1 exit status
configure:16105: $? = 1
configure:16090: re-using the existing conftest.o
configure:16096: g++ -o conftest -g -O2  -I/usr/include  -L/usr/lib conftest.o -lboost_unit_test_framework-  >&5
/usr/bin/ld: cannot find -lboost_unit_test_framework-
collect2: error: ld returned 1 exit status
configure:16105: $? = 1
configure:16090: re-using the existing conftest.o
configure:16096: g++ -o conftest -g -O2  -I/usr/include  -L/lib conftest.o -lboost_unit_test_framework-  >&5
/usr/bin/ld: cannot find -lboost_unit_test_framework-
collect2: error: ld returned 1 exit status
configure:16105: $? = 1
configure:16090: re-using the existing conftest.o
configure:16096: g++ -o conftest -g -O2  -I/usr/include  -L/usr/lib64 conftest.o -lboost_unit_test_framework-  >&5
/usr/bin/ld: cannot find -lboost_unit_test_framework-
collect2: error: ld returned 1 exit status
configure:16105: $? = 1
configure:16090: re-using the existing conftest.o
configure:16096: g++ -o conftest -g -O2  -I/usr/include  -L/lib64 conftest.o -lboost_unit_test_framework-  >&5
/usr/bin/ld: cannot find -lboost_unit_test_framework-
collect2: error: ld returned 1 exit status
configure:16105: $? = 1
configure:16090: re-using the existing conftest.o
configure:16096: g++ -o conftest -g -O2  -I/usr/include  -L/usr/lib conftest.o -lboost_unit_test_framework--mt-d  >&5
/usr/bin/ld: cannot find -lboost_unit_test_framework--mt-d
collect2: error: ld returned 1 exit status
configure:16105: $? = 1
configure:16090: re-using the existing conftest.o
configure:16096: g++ -o conftest -g -O2  -I/usr/include  -L/usr/local/lib conftest.o -lboost_unit_test_framework--mt-d  >&5
/usr/bin/ld: cannot find -lboost_unit_test_framework--mt-d
collect2: error: ld returned 1 exit status
configure:16105: $? = 1
configure:16090: re-using the existing conftest.o
configure:16096: g++ -o conftest -g -O2  -I/usr/include  -L/usr/lib conftest.o -lboost_unit_test_framework--mt-d  >&5
/usr/bin/ld: cannot find -lboost_unit_test_framework--mt-d
collect2: error: ld returned 1 exit status
configure:16105: $? = 1
configure:16090: re-using the existing conftest.o
configure:16096: g++ -o conftest -g -O2  -I/usr/include  -L/lib conftest.o -lboost_unit_test_framework--mt-d  >&5
/usr/bin/ld: cannot find -lboost_unit_test_framework--mt-d
collect2: error: ld returned 1 exit status
configure:16105: $? = 1
configure:16090: re-using the existing conftest.o
configure:16096: g++ -o conftest -g -O2  -I/usr/include  -L/usr/lib64 conftest.o -lboost_unit_test_framework--mt-d  >&5
/usr/bin/ld: cannot find -lboost_unit_test_framework--mt-d
collect2: error: ld returned 1 exit status
configure:16105: $? = 1
configure:16090: re-using the existing conftest.o
configure:16096: g++ -o conftest -g -O2  -I/usr/include  -L/lib64 conftest.o -lboost_unit_test_framework--mt-d  >&5
/usr/bin/ld: cannot find -lboost_unit_test_framework--mt-d
collect2: error: ld returned 1 exit status
configure:16105: $? = 1
configure:16090: re-using the existing conftest.o
configure:16096: g++ -o conftest -g -O2  -I/usr/include  -L/usr/lib conftest.o -lboost_unit_test_framework--d  >&5
/usr/bin/ld: cannot find -lboost_unit_test_framework--d
collect2: error: ld returned 1 exit status
configure:16105: $? = 1
configure:16090: re-using the existing conftest.o
configure:16096: g++ -o conftest -g -O2  -I/usr/include  -L/usr/local/lib conftest.o -lboost_unit_test_framework--d  >&5
/usr/bin/ld: cannot find -lboost_unit_test_framework--d
collect2: error: ld returned 1 exit status
configure:16105: $? = 1
configure:16090: re-using the existing conftest.o
configure:16096: g++ -o conftest -g -O2  -I/usr/include  -L/usr/lib conftest.o -lboost_unit_test_framework--d  >&5
/usr/bin/ld: cannot find -lboost_unit_test_framework--d
collect2: error: ld returned 1 exit status
configure:16105: $? = 1
configure:16090: re-using the existing conftest.o
configure:16096: g++ -o conftest -g -O2  -I/usr/include  -L/lib conftest.o -lboost_unit_test_framework--d  >&5
/usr/bin/ld: cannot find -lboost_unit_test_framework--d
collect2: error: ld returned 1 exit status
configure:16105: $? = 1
configure:16090: re-using the existing conftest.o
configure:16096: g++ -o conftest -g -O2  -I/usr/include  -L/usr/lib64 conftest.o -lboost_unit_test_framework--d  >&5
/usr/bin/ld: cannot find -lboost_unit_test_framework--d
collect2: error: ld returned 1 exit status
configure:16105: $? = 1
configure:16090: re-using the existing conftest.o
configure:16096: g++ -o conftest -g -O2  -I/usr/include  -L/lib64 conftest.o -lboost_unit_test_framework--d  >&5
/usr/bin/ld: cannot find -lboost_unit_test_framework--d
collect2: error: ld returned 1 exit status
configure:16105: $? = 1
configure:16090: re-using the existing conftest.o
configure:16096: g++ -o conftest -g -O2  -I/usr/include  -L/usr/lib conftest.o -lboost_unit_test_framework-mt-1_59  >&5
/usr/bin/ld: cannot find -lboost_unit_test_framework-mt-1_59
collect2: error: ld returned 1 exit status
configure:16105: $? = 1
configure:16090: re-using the existing conftest.o
configure:16096: g++ -o conftest -g -O2  -I/usr/include  -L/usr/local/lib conftest.o -lboost_unit_test_framework-mt-1_59  >&5
/usr/bin/ld: cannot find -lboost_unit_test_framework-mt-1_59
collect2: error: ld returned 1 exit status
configure:16105: $? = 1
configure:16090: re-using the existing conftest.o
configure:16096: g++ -o conftest -g -O2  -I/usr/include  -L/usr/lib conftest.o -lboost_unit_test_framework-mt-1_59  >&5
/usr/bin/ld: cannot find -lboost_unit_test_framework-mt-1_59
collect2: error: ld returned 1 exit status
configure:16105: $? = 1
configure:16090: re-using the existing conftest.o
configure:16096: g++ -o conftest -g -O2  -I/usr/include  -L/lib conftest.o -lboost_unit_test_framework-mt-1_59  >&5
/usr/bin/ld: cannot find -lboost_unit_test_framework-mt-1_59
collect2: error: ld returned 1 exit status
configure:16105: $? = 1
configure:16090: re-using the existing conftest.o
configure:16096: g++ -o conftest -g -O2  -I/usr/include  -L/usr/lib64 conftest.o -lboost_unit_test_framework-mt-1_59  >&5
/usr/bin/ld: cannot find -lboost_unit_test_framework-mt-1_59
collect2: error: ld returned 1 exit status
configure:16105: $? = 1
configure:16090: re-using the existing conftest.o
configure:16096: g++ -o conftest -g -O2  -I/usr/include  -L/lib64 conftest.o -lboost_unit_test_framework-mt-1_59  >&5
/usr/bin/ld: cannot find -lboost_unit_test_framework-mt-1_59
collect2: error: ld returned 1 exit status
configure:16105: $? = 1
configure:16090: re-using the existing conftest.o
configure:16096: g++ -o conftest -g -O2  -I/usr/include  -L/usr/lib conftest.o -lboost_unit_test_framework-1_59  >&5
/usr/bin/ld: cannot find -lboost_unit_test_framework-1_59
collect2: error: ld returned 1 exit status
configure:16105: $? = 1
configure:16090: re-using the existing conftest.o
configure:16096: g++ -o conftest -g -O2  -I/usr/include  -L/usr/local/lib conftest.o -lboost_unit_test_framework-1_59  >&5
/usr/bin/ld: cannot find -lboost_unit_test_framework-1_59
collect2: error: ld returned 1 exit status
configure:16105: $? = 1
configure:16090: re-using the existing conftest.o
configure:16096: g++ -o conftest -g -O2  -I/usr/include  -L/usr/lib conftest.o -lboost_unit_test_framework-1_59  >&5
/usr/bin/ld: cannot find -lboost_unit_test_framework-1_59
collect2: error: ld returned 1 exit status
configure:16105: $? = 1
configure:16090: re-using the existing conftest.o
configure:16096: g++ -o conftest -g -O2  -I/usr/include  -L/lib conftest.o -lboost_unit_test_framework-1_59  >&5
/usr/bin/ld: cannot find -lboost_unit_test_framework-1_59
collect2: error: ld returned 1 exit status
configure:16105: $? = 1
configure:16090: re-using the existing conftest.o
configure:16096: g++ -o conftest -g -O2  -I/usr/include  -L/usr/lib64 conftest.o -lboost_unit_test_framework-1_59  >&5
/usr/bin/ld: cannot find -lboost_unit_test_framework-1_59
collect2: error: ld returned 1 exit status
configure:16105: $? = 1
configure:16090: re-using the existing conftest.o
configure:16096: g++ -o conftest -g -O2  -I/usr/include  -L/lib64 conftest.o -lboost_unit_test_framework-1_59  >&5
/usr/bin/ld: cannot find -lboost_unit_test_framework-1_59
collect2: error: ld returned 1 exit status
configure:16105: $? = 1
configure:16090: re-using the existing conftest.o
configure:16096: g++ -o conftest -g -O2  -I/usr/include  -L/usr/lib conftest.o -lboost_unit_test_framework-mt  >&5
/usr/bin/ld: cannot find -lboost_unit_test_framework-mt
collect2: error: ld returned 1 exit status
configure:16105: $? = 1
configure:16090: re-using the existing conftest.o
configure:16096: g++ -o conftest -g -O2  -I/usr/include  -L/usr/local/lib conftest.o -lboost_unit_test_framework-mt  >&5
/usr/bin/ld: cannot find -lboost_unit_test_framework-mt
collect2: error: ld returned 1 exit status
configure:16105: $? = 1
configure:16090: re-using the existing conftest.o
configure:16096: g++ -o conftest -g -O2  -I/usr/include  -L/usr/lib conftest.o -lboost_unit_test_framework-mt  >&5
/usr/bin/ld: cannot find -lboost_unit_test_framework-mt
collect2: error: ld returned 1 exit status
configure:16105: $? = 1
configure:16090: re-using the existing conftest.o
configure:16096: g++ -o conftest -g -O2  -I/usr/include  -L/lib conftest.o -lboost_unit_test_framework-mt  >&5
/usr/bin/ld: cannot find -lboost_unit_test_framework-mt
collect2: error: ld returned 1 exit status
configure:16105: $? = 1
configure:16090: re-using the existing conftest.o
configure:16096: g++ -o conftest -g -O2  -I/usr/include  -L/usr/lib64 conftest.o -lboost_unit_test_framework-mt  >&5
/usr/bin/ld: cannot find -lboost_unit_test_framework-mt
collect2: error: ld returned 1 exit status
configure:16105: $? = 1
configure:16090: re-using the existing conftest.o
configure:16096: g++ -o conftest -g -O2  -I/usr/include  -L/lib64 conftest.o -lboost_unit_test_framework-mt  >&5
/usr/bin/ld: cannot find -lboost_unit_test_framework-mt
collect2: error: ld returned 1 exit status
configure:16105: $? = 1
configure:16090: re-using the existing conftest.o
configure:16096: g++ -o conftest -g -O2  -I/usr/include  -L/usr/lib conftest.o -lboost_unit_test_framework-mt-d-1_59  >&5
/usr/bin/ld: cannot find -lboost_unit_test_framework-mt-d-1_59
collect2: error: ld returned 1 exit status
configure:16105: $? = 1
configure:16090: re-using the existing conftest.o
configure:16096: g++ -o conftest -g -O2  -I/usr/include  -L/usr/local/lib conftest.o -lboost_unit_test_framework-mt-d-1_59  >&5
/usr/bin/ld: cannot find -lboost_unit_test_framework-mt-d-1_59
collect2: error: ld returned 1 exit status
configure:16105: $? = 1
configure:16090: re-using the existing conftest.o
configure:16096: g++ -o conftest -g -O2  -I/usr/include  -L/usr/lib conftest.o -lboost_unit_test_framework-mt-d-1_59  >&5
/usr/bin/ld: cannot find -lboost_unit_test_framework-mt-d-1_59
collect2: error: ld returned 1 exit status
configure:16105: $? = 1
configure:16090: re-using the existing conftest.o
configure:16096: g++ -o conftest -g -O2  -I/usr/include  -L/lib conftest.o -lboost_unit_test_framework-mt-d-1_59  >&5
/usr/bin/ld: cannot find -lboost_unit_test_framework-mt-d-1_59
collect2: error: ld returned 1 exit status
configure:16105: $? = 1
configure:16090: re-using the existing conftest.o
configure:16096: g++ -o conftest -g -O2  -I/usr/include  -L/usr/lib64 conftest.o -lboost_unit_test_framework-mt-d-1_59  >&5
/usr/bin/ld: cannot find -lboost_unit_test_framework-mt-d-1_59
collect2: error: ld returned 1 exit status
configure:16105: $? = 1
configure:16090: re-using the existing conftest.o
configure:16096: g++ -o conftest -g -O2  -I/usr/include  -L/lib64 conftest.o -lboost_unit_test_framework-mt-d-1_59  >&5
/usr/bin/ld: cannot find -lboost_unit_test_framework-mt-d-1_59
collect2: error: ld returned 1 exit status
configure:16105: $? = 1
configure:16090: re-using the existing conftest.o
configure:16096: g++ -o conftest -g -O2  -I/usr/include  -L/usr/lib conftest.o -lboost_unit_test_framework-d-1_59  >&5
/usr/bin/ld: cannot find -lboost_unit_test_framework-d-1_59
collect2: error: ld returned 1 exit status
configure:16105: $? = 1
configure:16090: re-using the existing conftest.o
configure:16096: g++ -o conftest -g -O2  -I/usr/include  -L/usr/local/lib conftest.o -lboost_unit_test_framework-d-1_59  >&5
/usr/bin/ld: cannot find -lboost_unit_test_framework-d-1_59
collect2: error: ld returned 1 exit status
configure:16105: $? = 1
configure:16090: re-using the existing conftest.o
configure:16096: g++ -o conftest -g -O2  -I/usr/include  -L/usr/lib conftest.o -lboost_unit_test_framework-d-1_59  >&5
/usr/bin/ld: cannot find -lboost_unit_test_framework-d-1_59
collect2: error: ld returned 1 exit status
configure:16105: $? = 1
configure:16090: re-using the existing conftest.o
configure:16096: g++ -o conftest -g -O2  -I/usr/include  -L/lib conftest.o -lboost_unit_test_framework-d-1_59  >&5
/usr/bin/ld: cannot find -lboost_unit_test_framework-d-1_59
collect2: error: ld returned 1 exit status
configure:16105: $? = 1
configure:16090: re-using the existing conftest.o
configure:16096: g++ -o conftest -g -O2  -I/usr/include  -L/usr/lib64 conftest.o -lboost_unit_test_framework-d-1_59  >&5
/usr/bin/ld: cannot find -lboost_unit_test_framework-d-1_59
collect2: error: ld returned 1 exit status
configure:16105: $? = 1
configure:16090: re-using the existing conftest.o
configure:16096: g++ -o conftest -g -O2  -I/usr/include  -L/lib64 conftest.o -lboost_unit_test_framework-d-1_59  >&5
/usr/bin/ld: cannot find -lboost_unit_test_framework-d-1_59
collect2: error: ld returned 1 exit status
configure:16105: $? = 1
configure:16090: re-using the existing conftest.o
configure:16096: g++ -o conftest -g -O2  -I/usr/include  -L/usr/lib conftest.o /usr/lib/libboost_unit_test_framework.a  >&5
configure:16105: $? = 0
configure:16142: result: yes
configure:16188: checking for valgrind
configure:16218: result: no
configure:16225: checking valgrind/memcheck.h usability
configure:16225: gcc -c -g -O2  conftest.c >&5
conftest.c:61:31: fatal error: valgrind/memcheck.h: No such file or directory
compilation terminated.
configure:16225: $? = 1
configure: failed program was:
| /* confdefs.h */
| #define PACKAGE_NAME "exempi"
| #define PACKAGE_TARNAME "exempi"
| #define PACKAGE_VERSION "2.2.2"
| #define PACKAGE_STRING "exempi 2.2.2"
| #define PACKAGE_BUGREPORT ""
| #define PACKAGE_URL ""
| #define PACKAGE "exempi"
| #define VERSION "2.2.2"
| #define STDC_HEADERS 1
| #define HAVE_SYS_TYPES_H 1
| #define HAVE_SYS_STAT_H 1
| #define HAVE_STDLIB_H 1
| #define HAVE_STRING_H 1
| #define HAVE_MEMORY_H 1
| #define HAVE_STRINGS_H 1
| #define HAVE_INTTYPES_H 1
| #define HAVE_STDINT_H 1
| #define HAVE_UNISTD_H 1
| #define HAVE_DLFCN_H 1
| #define LT_OBJDIR ".libs/"
| #define CHECKED_ENDIANNESS 1
| #define ICONV_CONST 
| #define TLS __thread
| #define HAVE_NATIVE_TLS 1
| #define HAVE_BOOST_TEST_UNIT_TEST_HPP 1
| /* end confdefs.h.  */
| #include <stdio.h>
| #ifdef HAVE_SYS_TYPES_H
| # include <sys/types.h>
| #endif
| #ifdef HAVE_SYS_STAT_H
| # include <sys/stat.h>
| #endif
| #ifdef STDC_HEADERS
| # include <stdlib.h>
| # include <stddef.h>
| #else
| # ifdef HAVE_STDLIB_H
| #  include <stdlib.h>
| # endif
| #endif
| #ifdef HAVE_STRING_H
| # if !defined STDC_HEADERS && defined HAVE_MEMORY_H
| #  include <memory.h>
| # endif
| # include <string.h>
| #endif
| #ifdef HAVE_STRINGS_H
| # include <strings.h>
| #endif
| #ifdef HAVE_INTTYPES_H
| # include <inttypes.h>
| #endif
| #ifdef HAVE_STDINT_H
| # include <stdint.h>
| #endif
| #ifdef HAVE_UNISTD_H
| # include <unistd.h>
| #endif
| #include <valgrind/memcheck.h>
configure:16225: result: no
configure:16225: checking valgrind/memcheck.h presence
configure:16225: gcc -E  conftest.c
conftest.c:28:31: fatal error: valgrind/memcheck.h: No such file or directory
compilation terminated.
configure:16225: $? = 1
configure: failed program was:
| /* confdefs.h */
| #define PACKAGE_NAME "exempi"
| #define PACKAGE_TARNAME "exempi"
| #define PACKAGE_VERSION "2.2.2"
| #define PACKAGE_STRING "exempi 2.2.2"
| #define PACKAGE_BUGREPORT ""
| #define PACKAGE_URL ""
| #define PACKAGE "exempi"
| #define VERSION "2.2.2"
| #define STDC_HEADERS 1
| #define HAVE_SYS_TYPES_H 1
| #define HAVE_SYS_STAT_H 1
| #define HAVE_STDLIB_H 1
| #define HAVE_STRING_H 1
| #define HAVE_MEMORY_H 1
| #define HAVE_STRINGS_H 1
| #define HAVE_INTTYPES_H 1
| #define HAVE_STDINT_H 1
| #define HAVE_UNISTD_H 1
| #define HAVE_DLFCN_H 1
| #define LT_OBJDIR ".libs/"
| #define CHECKED_ENDIANNESS 1
| #define ICONV_CONST 
| #define TLS __thread
| #define HAVE_NATIVE_TLS 1
| #define HAVE_BOOST_TEST_UNIT_TEST_HPP 1
| /* end confdefs.h.  */
| #include <valgrind/memcheck.h>
configure:16225: result: no
configure:16225: checking for valgrind/memcheck.h
configure:16225: result: no
configure:16236: WARNING: Valgrind is missing. checks will run without
configure:16395: checking that generated files are newer than configure
configure:16401: result: done
configure:16441: creating ./config.status

## ---------------------- ##
## Running config.status. ##
## ---------------------- ##

This file was extended by exempi config.status 2.2.2, which was
generated by GNU Autoconf 2.69.  Invocation command line was

  CONFIG_FILES    = 
  CONFIG_HEADERS  = 
  CONFIG_LINKS    = 
  CONFIG_COMMANDS = 
  $ ./config.status 

on 38fb8d1e8a7d

config.status:1107: creating Makefile
config.status:1107: creating third-party/Makefile
config.status:1107: creating third-party/MD5/Makefile
config.status:1107: creating source/Makefile
config.status:1107: creating source/common/Makefile
config.status:1107: creating source/XMPCore/Makefile
config.status:1107: creating source/XMPFiles/Makefile
config.status:1107: creating source/XMPFiles/FileHandlers/Makefile
config.status:1107: creating source/XMPFiles/FormatSupport/Makefile
config.status:1107: creating samples/Makefile
config.status:1107: creating samples/source/Makefile
config.status:1107: creating samples/testfiles/Makefile
config.status:1107: creating build/Makefile
config.status:1107: creating public/Makefile
config.status:1107: creating public/include/Makefile
config.status:1107: creating public/include/client-glue/Makefile
config.status:1107: creating exempi/Makefile
config.status:1107: creating exempi/doc/Makefile
config.status:1107: creating exempi/doc/Doxyfile
config.status:1107: creating exempi/tests/Makefile
config.status:1107: creating exempi/exempi-2.0.pc
config.status:1279: executing depfiles commands
config.status:1279: executing libtool commands

## ---------------- ##
## Cache variables. ##
## ---------------- ##

ac_cv_build=x86_64-unknown-linux-gnu
ac_cv_c_bigendian=no
ac_cv_c_compiler_gnu=yes
ac_cv_cxx_compiler_gnu=yes
ac_cv_env_CCC_set=
ac_cv_env_CCC_value=
ac_cv_env_CC_set=
ac_cv_env_CC_value=
ac_cv_env_CFLAGS_set=
ac_cv_env_CFLAGS_value=
ac_cv_env_CPPFLAGS_set=
ac_cv_env_CPPFLAGS_value=
ac_cv_env_CPP_set=
ac_cv_env_CPP_value=
ac_cv_env_CXXCPP_set=
ac_cv_env_CXXCPP_value=
ac_cv_env_CXXFLAGS_set=
ac_cv_env_CXXFLAGS_value=
ac_cv_env_CXX_set=
ac_cv_env_CXX_value=
ac_cv_env_LDFLAGS_set=
ac_cv_env_LDFLAGS_value=
ac_cv_env_LIBS_set=
ac_cv_env_LIBS_value=
ac_cv_env_build_alias_set=
ac_cv_env_build_alias_value=
ac_cv_env_host_alias_set=set
ac_cv_env_host_alias_value=x86_64-unknown-linux
ac_cv_env_target_alias_set=
ac_cv_env_target_alias_value=
ac_cv_header_boost_test_unit_test_hpp=yes
ac_cv_header_dlfcn_h=yes
ac_cv_header_expat_h=yes
ac_cv_header_iconv_h=yes
ac_cv_header_inttypes_h=yes
ac_cv_header_memory_h=yes
ac_cv_header_stdc=yes
ac_cv_header_stdint_h=yes
ac_cv_header_stdlib_h=yes
ac_cv_header_string_h=yes
ac_cv_header_strings_h=yes
ac_cv_header_sys_stat_h=yes
ac_cv_header_sys_types_h=yes
ac_cv_header_unistd_h=yes
ac_cv_header_valgrind_memcheck_h=no
ac_cv_header_zlib_h=yes
ac_cv_host=x86_64-unknown-linux-gnu
ac_cv_objext=o
ac_cv_path_EGREP='/usr/bin/grep -E'
ac_cv_path_FGREP='/usr/bin/grep -F'
ac_cv_path_GREP=/usr/bin/grep
ac_cv_path_SED=/usr/bin/sed
ac_cv_path_install='/usr/bin/install -c'
ac_cv_path_mkdir=/usr/bin/mkdir
ac_cv_prog_AWK=gawk
ac_cv_prog_CPP='gcc -E'
ac_cv_prog_CXXCPP='g++ -E'
ac_cv_prog_STRIP=strip
ac_cv_prog_ac_ct_AR=ar
ac_cv_prog_ac_ct_CC=gcc
ac_cv_prog_ac_ct_CXX=g++
ac_cv_prog_ac_ct_OBJDUMP=objdump
ac_cv_prog_ac_ct_RANLIB=ranlib
ac_cv_prog_ac_ct_STRIP=strip
ac_cv_prog_cc_c89=
ac_cv_prog_cc_g=yes
ac_cv_prog_cxx_g=yes
ac_cv_prog_make_make_set=yes
ac_cv_tls=__thread
am_cv_CC_dependencies_compiler_type=gcc3
am_cv_CXX_dependencies_compiler_type=gcc3
am_cv_make_support_nested_variables=yes
am_cv_proto_iconv='extern size_t iconv (iconv_t cd, char * *inbuf, size_t *inbytesleft, char * *outbuf, size_t *outbytesleft);'
am_cv_proto_iconv_arg1=
ax_cv_ld_check_flag__Wl___retain_symbols_file__ac_foo_sym=yes
boost_cv_inc_path=/usr/include
boost_cv_lib_tag=
boost_cv_lib_unit_test_framework=yes
boost_cv_lib_unit_test_framework_LDFLAGS='-L/usr/lib -R/usr/lib'
boost_cv_lib_unit_test_framework_LIBS=/usr/lib/libboost_unit_test_framework.a
boost_cv_lib_version=1_59
lt_cv_ar_at_file=@
lt_cv_archive_cmds_need_lc=no
lt_cv_deplibs_check_method=pass_all
lt_cv_file_magic_cmd='$MAGIC_CMD'
lt_cv_file_magic_test_file=
lt_cv_ld_reload_flag=-r
lt_cv_nm_interface='BSD nm'
lt_cv_objdir=.libs
lt_cv_path_LD=/usr/bin/ld
lt_cv_path_LDCXX='/usr/bin/ld -m elf_x86_64'
lt_cv_path_NM='/usr/bin/nm -B'
lt_cv_path_mainfest_tool=no
lt_cv_prog_compiler_c_o=yes
lt_cv_prog_compiler_c_o_CXX=yes
lt_cv_prog_compiler_pic='-fPIC -DPIC'
lt_cv_prog_compiler_pic_CXX='-fPIC -DPIC'
lt_cv_prog_compiler_pic_works=yes
lt_cv_prog_compiler_pic_works_CXX=yes
lt_cv_prog_compiler_rtti_exceptions=no
lt_cv_prog_compiler_static_works=yes
lt_cv_prog_compiler_static_works_CXX=yes
lt_cv_prog_gnu_ld=yes
lt_cv_prog_gnu_ldcxx=yes
lt_cv_sharedlib_from_linklib_cmd='printf %s\n'
lt_cv_shlibpath_overrides_runpath=no
lt_cv_sys_global_symbol_pipe='sed -n -e '\''s/^.*[	 ]\([ABCDGIRSTW][ABCDGIRSTW]*\)[	 ][	 ]*\([_A-Za-z][_A-Za-z0-9]*\)$/\1 \2 \2/p'\'' | sed '\''/ __gnu_lto/d'\'''
lt_cv_sys_global_symbol_to_c_name_address='sed -n -e '\''s/^: \([^ ]*\)[ ]*$/  {\"\1\", (void *) 0},/p'\'' -e '\''s/^[ABCDGIRSTW]* \([^ ]*\) \([^ ]*\)$/  {"\2", (void *) \&\2},/p'\'''
lt_cv_sys_global_symbol_to_c_name_address_lib_prefix='sed -n -e '\''s/^: \([^ ]*\)[ ]*$/  {\"\1\", (void *) 0},/p'\'' -e '\''s/^[ABCDGIRSTW]* \([^ ]*\) \(lib[^ ]*\)$/  {"\2", (void *) \&\2},/p'\'' -e '\''s/^[ABCDGIRSTW]* \([^ ]*\) \([^ ]*\)$/  {"lib\2", (void *) \&\2},/p'\'''
lt_cv_sys_global_symbol_to_cdecl='sed -n -e '\''s/^T .* \(.*\)$/extern int \1();/p'\'' -e '\''s/^[ABCDGIRSTW]* .* \(.*\)$/extern char \1;/p'\'''
lt_cv_sys_max_cmd_len=1572864
lt_cv_to_host_file_cmd=func_convert_file_noop
lt_cv_to_tool_file_cmd=func_convert_file_noop

## ----------------- ##
## Output variables. ##
## ----------------- ##

ACLOCAL='aclocal-1.13'
AMDEPBACKSLASH='\'
AMDEP_FALSE='#'
AMDEP_TRUE=''
AMTAR='$${TAR-tar}'
AM_BACKSLASH='\'
AM_DEFAULT_V='$(AM_DEFAULT_VERBOSITY)'
AM_DEFAULT_VERBOSITY='0'
AM_V='$(V)'
AR='ar'
AUTOCONF='autoconf'
AUTOHEADER='autoheader'
AUTOMAKE='automake-1.13'
AWK='gawk'
BOOST_CPPFLAGS='-I/usr/include'
BOOST_UNIT_TEST_FRAMEWORK_LDFLAGS='-L/usr/lib -R/usr/lib'
BOOST_UNIT_TEST_FRAMEWORK_LIBS='/usr/lib/libboost_unit_test_framework.a'
CC='gcc'
CCDEPMODE='depmode=gcc3'
CFLAGS='-g -O2'
CPP='gcc -E'
CPPFLAGS=''
CXX='g++'
CXXCPP='g++ -E'
CXXDEPMODE='depmode=gcc3'
CXXFLAGS='-g -O2'
CYGPATH_W='echo'
DEFS='-DPACKAGE_NAME=\"exempi\" -DPACKAGE_TARNAME=\"exempi\" -DPACKAGE_VERSION=\"2.2.2\" -DPACKAGE_STRING=\"exempi\ 2.2.2\" -DPACKAGE_BUGREPORT=\"\" -DPACKAGE_URL=\"\" -DPACKAGE=\"exempi\" -DVERSION=\"2.2.2\" -DSTDC_HEADERS=1 -DHAVE_SYS_TYPES_H=1 -DHAVE_SYS_STAT_H=1 -DHAVE_STDLIB_H=1 -DHAVE_STRING_H=1 -DHAVE_MEMORY_H=1 -DHAVE_STRINGS_H=1 -DHAVE_INTTYPES_H=1 -DHAVE_STDINT_H=1 -DHAVE_UNISTD_H=1 -DHAVE_DLFCN_H=1 -DLT_OBJDIR=\".libs/\" -DCHECKED_ENDIANNESS=1 -DICONV_CONST= -DTLS=__thread -DHAVE_NATIVE_TLS=1 -DHAVE_BOOST_TEST_UNIT_TEST_HPP=1'
DEPDIR='.deps'
DISTCHECK_CONFIGURE_FLAGS=' '\''--with-boost='\'''
DLLTOOL='false'
DSYMUTIL=''
DUMPBIN=''
ECHO_C=''
ECHO_N='-n'
ECHO_T=''
EGREP='/usr/bin/grep -E'
EXEEXT=''
EXEMPI_AGE='2'
EXEMPI_CURRENT='5'
EXEMPI_CURRENT_MIN='3'
EXEMPI_INCLUDE_BASE='exempi-2.0'
EXEMPI_MAJOR_VERSION='2.0'
EXEMPI_PLATFORM_DEF='UNIX_ENV'
EXEMPI_REVISION='4'
EXEMPI_VERSION_INFO='5:4:2'
FGREP='/usr/bin/grep -F'
GREP='/usr/bin/grep'
HAVE_SYMBOLS_FILE_FALSE='#'
HAVE_SYMBOLS_FILE_TRUE=''
INSTALL_DATA='${INSTALL} -m 644'
INSTALL_PROGRAM='${INSTALL}'
INSTALL_SCRIPT='${INSTALL}'
INSTALL_STRIP_PROGRAM='$(install_sh) -c -s'
LD='/usr/bin/ld -m elf_x86_64'
LDFLAGS=''
LIBOBJS=''
LIBS=''
LIBTOOL='$(SHELL) $(top_builddir)/libtool'
LIPO=''
LN_S='ln -s'
LTLIBOBJS=''
MAINT='#'
MAINTAINER_MODE_FALSE=''
MAINTAINER_MODE_TRUE='#'
MAKEINFO='makeinfo'
MANIFEST_TOOL=':'
MKDIR_P='/usr/bin/mkdir -p'
NM='/usr/bin/nm -B'
NMEDIT=''
OBJDUMP='objdump'
OBJEXT='o'
OTOOL64=''
OTOOL=''
PACKAGE='exempi'
PACKAGE_BUGREPORT=''
PACKAGE_NAME='exempi'
PACKAGE_STRING='exempi 2.2.2'
PACKAGE_TARNAME='exempi'
PACKAGE_URL=''
PACKAGE_VERSION='2.2.2'
PATH_SEPARATOR=':'
RANLIB='ranlib'
SED='/usr/bin/sed'
SET_MAKE=''
SHELL='/bin/sh'
STRIP='strip'
VALGRIND=''
VERSION='2.2.2'
WITH_UNIT_TEST_FALSE='#'
WITH_UNIT_TEST_TRUE=''
ac_ct_AR='ar'
ac_ct_CC='gcc'
ac_ct_CXX='g++'
ac_ct_DUMPBIN=''
am__EXEEXT_FALSE=''
am__EXEEXT_TRUE='#'
am__fastdepCC_FALSE='#'
am__fastdepCC_TRUE=''
am__fastdepCXX_FALSE='#'
am__fastdepCXX_TRUE=''
am__include='include'
am__isrc=''
am__leading_dot='.'
am__nodep='_no'
am__quote=''
am__tar='$${TAR-tar} chof - "$$tardir"'
am__untar='$${TAR-tar} xf -'
bindir='${exec_prefix}/bin'
build='x86_64-unknown-linux-gnu'
build_alias=''
build_cpu='x86_64'
build_os='linux-gnu'
build_vendor='unknown'
datadir='${datarootdir}'
datarootdir='${prefix}/share'
docdir='${datarootdir}/doc/${PACKAGE_TARNAME}'
dvidir='${docdir}'
exec_prefix='${prefix}'
host='x86_64-unknown-linux-gnu'
host_alias='x86_64-unknown-linux'
host_cpu='x86_64'
host_os='linux-gnu'
host_vendor='unknown'
htmldir='${docdir}'
includedir='${prefix}/include'
infodir='${datarootdir}/info'
install_sh='${SHELL} /tmp/exempi/src/exempi-2.2.2/install-sh'
libdir='${exec_prefix}/lib'
libexecdir='${exec_prefix}/libexec'
localedir='${datarootdir}/locale'
localstatedir='${prefix}/var'
mandir='${datarootdir}/man'
mkdir_p='$(MKDIR_P)'
oldincludedir='/usr/include'
pdfdir='${docdir}'
pkgconfigdir='${libdir}/pkgconfig'
prefix='/usr'
program_transform_name='s,x,x,'
psdir='${docdir}'
sbindir='${exec_prefix}/sbin'
sharedstatedir='${prefix}/com'
sysconfdir='${prefix}/etc'
target_alias=''

## ----------- ##
## confdefs.h. ##
## ----------- ##

/* confdefs.h */
#define PACKAGE_NAME "exempi"
#define PACKAGE_TARNAME "exempi"
#define PACKAGE_VERSION "2.2.2"
#define PACKAGE_STRING "exempi 2.2.2"
#define PACKAGE_BUGREPORT ""
#define PACKAGE_URL ""
#define PACKAGE "exempi"
#define VERSION "2.2.2"
#define STDC_HEADERS 1
#define HAVE_SYS_TYPES_H 1
#define HAVE_SYS_STAT_H 1
#define HAVE_STDLIB_H 1
#define HAVE_STRING_H 1
#define HAVE_MEMORY_H 1
#define HAVE_STRINGS_H 1
#define HAVE_INTTYPES_H 1
#define HAVE_STDINT_H 1
#define HAVE_UNISTD_H 1
#define HAVE_DLFCN_H 1
#define LT_OBJDIR ".libs/"
#define CHECKED_ENDIANNESS 1
#define ICONV_CONST 
#define TLS __thread
#define HAVE_NATIVE_TLS 1
#define HAVE_BOOST_TEST_UNIT_TEST_HPP 1

configure: exit 0

===> Finished printing config.logs></pre></code>
        </body></html>
