        <html><head></head><body>
        <h1>Report for libopenraw on toolchain
            <a href="index.html">vanilla</a>
        </h1>
        <p>Return code: 0</p>
        <p>Time to run: 00:05:15</p>
        <p>Log output:</p>
        <code><pre><docker run --rm -v /tuscan_data --volumes-from tuscan_data -v /sources --volumes-from sources -v /var/cache/pacman/pkg --volumes-from pkg_cache_vanilla -v logs:/logs make_package_container --sources-directory /sources --shared-directory /tuscan_data libopenraw
:: Synchronizing package databases...
downloading repo.db...
downloading core.db...
downloading extra.db...
downloading community.db...
Found 2786 packages in cache
Found permanent source directory in /sources/libopenraw
===> sudo -u tuscan  makepkg --noextract --syncdeps --skipinteg --skippgpcheck --skipchecksums --noconfirm --nocolor --log --noprogressbar --nocheck
==> Making package: libopenraw 0.0.9-3 (Sat Nov 14 08:10:14 UTC 2015)
==> Checking runtime dependencies...
==> Installing missing dependencies...
resolving dependencies...
looking for conflicting packages...

Packages (12) jasper-1.900.1-14  kbproto-1.0.7-1  libjpeg-turbo-1.4.2-1  libpng-1.6.18-1  libtiff-4.0.6-1  libx11-1.6.3-1  libxau-1.0.8-2  libxcb-1.11.1-1  libxdmcp-1.1.2-1  xcb-proto-1.11-2  xproto-7.0.28-1  gdk-pixbuf2-2.32.2-1

Total Installed Size:  26.05 MiB

:: Proceed with installation? [Y/n] 
checking keyring...
checking package integrity...
loading package files...
checking for file conflicts...
checking available disk space...
installing libpng...
installing libjpeg-turbo...
installing libtiff...
Optional dependencies for libtiff
    freeglut: for using tiffgt
installing xcb-proto...
installing xproto...
installing libxdmcp...
installing libxau...
installing libxcb...
installing kbproto...
installing libx11...
installing jasper...
Optional dependencies for jasper
    freeglut: for jiv support
    glu: for jiv support
installing gdk-pixbuf2...
==> Checking buildtime dependencies...
==> Installing missing dependencies...
resolving dependencies...
looking for conflicting packages...

Packages (4) boost-libs-1.59.0-3  icu-56.1-1  boost-1.59.0-3  libxml2-2.9.2-2

Total Installed Size:  195.52 MiB

:: Proceed with installation? [Y/n] 
checking keyring...
checking package integrity...
loading package files...
checking for file conflicts...
checking available disk space...
installing icu...
installing boost-libs...
Optional dependencies for boost-libs
    openmpi: for mpi support
installing boost...
Optional dependencies for boost
    python: for python bindings [installed]
    python2: for python2 bindings
    boost-build: to use boost jam for building your project.
installing libxml2...
Optional dependencies for libxml2
    python2: python bindings to libxml
==> WARNING: Using existing $srcdir/ tree
==> Starting build()...
configure: WARNING: if you wanted to set the --build type, don't use --host.
    If a cross compiler is detected then cross compile mode will be used
checking for a BSD-compatible install... /usr/bin/install -c
checking whether build environment is sane... yes
checking for x86_64-unknown-linux-strip... no
checking for strip... strip
checking for a thread-safe mkdir -p... /usr/bin/mkdir -p
checking for gawk... gawk
checking whether make sets $(MAKE)... yes
checking whether to enable maintainer-specific portions of Makefiles... no
checking for x86_64-unknown-linux-gcc... no
checking for gcc... gcc
checking whether the C compiler works... yes
checking for C compiler default output file name... a.out
checking for suffix of executables... 
checking whether we are cross compiling... no
checking for suffix of object files... o
checking whether we are using the GNU C compiler... yes
checking whether gcc accepts -g... yes
checking for gcc option to accept ISO C89... none needed
checking for style of include used by make... GNU
checking dependency style of gcc... gcc3
checking how to run the C preprocessor... gcc -E
checking for x86_64-unknown-linux-g++... no
checking for x86_64-unknown-linux-c++... no
checking for x86_64-unknown-linux-gpp... no
checking for x86_64-unknown-linux-aCC... no
checking for x86_64-unknown-linux-CC... no
checking for x86_64-unknown-linux-cxx... no
checking for x86_64-unknown-linux-cc++... no
checking for x86_64-unknown-linux-cl.exe... no
checking for x86_64-unknown-linux-FCC... no
checking for x86_64-unknown-linux-KCC... no
checking for x86_64-unknown-linux-RCC... no
checking for x86_64-unknown-linux-xlC_r... no
checking for x86_64-unknown-linux-xlC... no
checking for g++... g++
checking whether we are using the GNU C++ compiler... yes
checking whether g++ accepts -g... yes
checking dependency style of g++... gcc3
checking build system type... x86_64-unknown-linux-gnu
checking host system type... x86_64-unknown-linux-gnu
checking how to print strings... printf
checking for a sed that does not truncate output... /usr/bin/sed
checking for grep that handles long lines and -e... /usr/bin/grep
checking for egrep... /usr/bin/grep -E
checking for fgrep... /usr/bin/grep -F
checking for ld used by gcc... /usr/bin/ld
checking if the linker (/usr/bin/ld) is GNU ld... yes
checking for BSD- or MS-compatible name lister (nm)... /usr/bin/nm -B
checking the name lister (/usr/bin/nm -B) interface... BSD nm
checking whether ln -s works... yes
checking the maximum length of command line arguments... 1572864
checking whether the shell understands some XSI constructs... yes
checking whether the shell understands "+="... yes
checking how to convert x86_64-unknown-linux-gnu file names to x86_64-unknown-linux-gnu format... func_convert_file_noop
checking how to convert x86_64-unknown-linux-gnu file names to toolchain format... func_convert_file_noop
checking for /usr/bin/ld option to reload object files... -r
checking for x86_64-unknown-linux-objdump... no
checking for objdump... objdump
checking how to recognize dependent libraries... pass_all
checking for x86_64-unknown-linux-dlltool... no
checking for dlltool... no
checking how to associate runtime and link libraries... printf %s\n
checking for x86_64-unknown-linux-ar... no
checking for ar... ar
checking for archiver @FILE support... @
checking for x86_64-unknown-linux-strip... strip
checking for x86_64-unknown-linux-ranlib... no
checking for ranlib... ranlib
checking command to parse /usr/bin/nm -B output from gcc object... ok
checking for sysroot... no
checking for x86_64-unknown-linux-mt... no
checking for mt... no
checking if : is a manifest tool... no
checking for ANSI C header files... yes
checking for sys/types.h... yes
checking for sys/stat.h... yes
checking for stdlib.h... yes
checking for string.h... yes
checking for memory.h... yes
checking for strings.h... yes
checking for inttypes.h... yes
checking for stdint.h... yes
checking for unistd.h... yes
checking for dlfcn.h... yes
checking for objdir... .libs
checking if gcc supports -fno-rtti -fno-exceptions... no
checking for gcc option to produce PIC... -fPIC -DPIC
checking if gcc PIC flag -fPIC -DPIC works... yes
checking if gcc static flag -static works... yes
checking if gcc supports -c -o file.o... yes
checking if gcc supports -c -o file.o... (cached) yes
checking whether the gcc linker (/usr/bin/ld -m elf_x86_64) supports shared libraries... yes
checking whether -lc should be explicitly linked in... no
checking dynamic linker characteristics... GNU/Linux ld.so
checking how to hardcode library paths into programs... immediate
checking whether stripping libraries is possible... yes
checking if libtool supports shared libraries... yes
checking whether to build shared libraries... yes
checking whether to build static libraries... yes
checking how to run the C++ preprocessor... g++ -E
checking for ld used by g++... /usr/bin/ld -m elf_x86_64
checking if the linker (/usr/bin/ld -m elf_x86_64) is GNU ld... yes
checking whether the g++ linker (/usr/bin/ld -m elf_x86_64) supports shared libraries... yes
checking for g++ option to produce PIC... -fPIC -DPIC
checking if g++ PIC flag -fPIC -DPIC works... yes
checking if g++ static flag -static works... yes
checking if g++ supports -c -o file.o... yes
checking if g++ supports -c -o file.o... (cached) yes
checking whether the g++ linker (/usr/bin/ld -m elf_x86_64) supports shared libraries... yes
checking dynamic linker characteristics... (cached) GNU/Linux ld.so
checking how to hardcode library paths into programs... immediate
checking for Boost headers version >= 1.33.0... /usr/include
checking for Boost's header version... 1_59
checking for the toolset name used by Boost for g++... unknown
configure: WARNING: could not figure out which toolset name to use for g++
checking boost/test/unit_test.hpp usability... yes
checking boost/test/unit_test.hpp presence... yes
checking for boost/test/unit_test.hpp... yes
checking for the Boost unit_test_framework library... yes
checking boost/scoped_ptr.hpp usability... yes
checking boost/scoped_ptr.hpp presence... yes
checking for boost/scoped_ptr.hpp... yes
checking boost/shared_ptr.hpp usability... yes
checking boost/shared_ptr.hpp presence... yes
checking for boost/shared_ptr.hpp... yes
checking boost/algorithm/string.hpp usability... yes
checking boost/algorithm/string.hpp presence... yes
checking for boost/algorithm/string.hpp... yes
checking boost/bind.hpp usability... yes
checking boost/bind.hpp presence... yes
checking for boost/bind.hpp... yes
checking boost/variant/variant_fwd.hpp usability... yes
checking boost/variant/variant_fwd.hpp presence... yes
checking for boost/variant/variant_fwd.hpp... yes
checking boost/variant.hpp usability... yes
checking boost/variant.hpp presence... yes
checking for boost/variant.hpp... yes
checking jpeglib.h usability... yes
checking jpeglib.h presence... yes
checking for jpeglib.h... yes
checking for x86_64-unknown-linux-pkg-config... no
checking for pkg-config... /usr/bin/pkg-config
checking pkg-config is at least version 0.9.0... yes
checking for LIBXML... yes
checking for CURL... yes
checking for get_current_dir_name... yes
checking for LIBGLIB... yes
checking for LIBGDKPIXBUF... yes
checking CFLAGS for gcc -Wextra... -Wextra
checking CXXFLAGS for gcc -Wextra... -Wextra
checking for sed... /usr/bin/sed
configure: creating ./config.status
config.status: creating Makefile
config.status: creating shave
config.status: creating shave-libtool
config.status: creating include/Makefile
config.status: creating include/libopenraw/Makefile
config.status: creating include/libopenraw++/Makefile
config.status: creating lib/Makefile
config.status: creating lib/capi/Makefile
config.status: creating lib/io/Makefile
config.status: creating lib/libopenraw-1.0.pc
config.status: creating gnome/Makefile
config.status: creating gnome/libopenraw-gnome-1.0.pc
config.status: creating gnome/include/Makefile
config.status: creating gnome/include/libopenraw-gnome/Makefile
config.status: creating doc/Makefile
config.status: creating doc/Doxyfile
config.status: creating doc/doxygen/Makefile
config.status: creating test/Makefile
config.status: creating testsuite/Makefile
config.status: creating tools/Makefile
config.status: creating demo/Makefile
config.status: creating config.h
config.status: executing depfiles commands
config.status: executing libtool commands

Options:

  Gnome support:        yes
  Testsuite booststrap: yes

Making all in lib
Making all in io
  CC    io.o
  CC    posix_io.o
  CXX   stream.o
  CXX   streamclone.o
  CXX   memstream.o
  CXX   file.o
  LINK  libio.la
ar: `u' modifier ignored since `D' is the default (see `U')
Making all in capi
  CXX   capi.o
  CXX   debug.o
  CXX   rawdata.o
  CXX   rawfile.o
  CXX   bitmapdata.o
  LINK  libopenrawc.la
ar: `u' modifier ignored since `D' is the default (see `U')
  CXX   trace.o
  CXX   bititerator.o
  CXX   huffman.o
  CXX   nefdiffiterator.o
  CXX   nefcfaiterator.o
  CXX   rawfile.o
  CXX   ifdfile.o
  CXX   tiffepfile.o
  CXX   rawfilefactory.o
  CXX   cr2file.o
  CXX   neffile.o
  CXX   orffile.o
  CXX   arwfile.o
  CXX   dngfile.o
  CXX   peffile.o
  CXX   crwfile.o
crwfile.cpp: In member function 'virtual or_error OpenRaw::Internals::CRWFile::_getRawData(OpenRaw::RawData&, uint32_t)':
crwfile.cpp:171:13: warning: variable 'orientation' set but not used [-Wunused-but-set-variable]
     int32_t orientation = 0;
             ^
crwfile.cpp: In member function 'virtual OpenRaw::MetaValue* OpenRaw::Internals::CRWFile::_getMetaValue(int32_t)':
crwfile.cpp:304:28: warning: variable 'sz2' set but not used [-Wunused-but-set-variable]
                     size_t sz2;
                            ^
  CXX   erffile.o
  CXX   mrwfile.o
  CXX   bitmapdata.o
  CXX   thumbnail.o
  CXX   rawdata.o
  CC    or_debug.o
  CXX   ifdfilecontainer.o
  CXX   ifddir.o
  CXX   ifdentry.o
  CXX   rawcontainer.o
  CXX   orfcontainer.o
  CXX   mrwcontainer.o
  CXX   ciffcontainer.o
  CXX   jfifcontainer.o
jfifcontainer.cpp: In member function 'int OpenRaw::Internals::JFIFContainer::_loadHeader()':
jfifcontainer.cpp:146:8: warning: variable 'ret' might be clobbered by 'longjmp' or 'vfork' [-Wclobbered]
    int ret = 0;
        ^
  CXX   decompressor.o
  CXX   ljpegdecompressor.o
  CXX   crwdecompressor.o
  CXX   metavalue.o
  CXX   unpack.o
  CXX   bimedian_demosaic.o
  LINK  libopenraw.la
copying selected object files to avoid basename conflicts...
ar: `u' modifier ignored since `D' is the default (see `U')
Making all in gnome
Making all in include
Making all in libopenraw-gnome
  CC    gdkpixbuf.o
gdkpixbuf.c: In function 'rotate_pixbuf':
gdkpixbuf.c:49:3: warning: 'gdk_pixbuf_unref' is deprecated: Use 'g_object_unref' instead [-Wdeprecated-declarations]
   gdk_pixbuf_unref(tmp);
   ^
In file included from /usr/include/gdk-pixbuf-2.0/gdk-pixbuf/gdk-pixbuf.h:33:0,
                 from gdkpixbuf.c:26:
/usr/include/gdk-pixbuf-2.0/gdk-pixbuf/gdk-pixbuf-core.h:226:12: note: declared here
 void       gdk_pixbuf_unref    (GdkPixbuf *pixbuf);
            ^
gdkpixbuf.c:53:3: warning: 'gdk_pixbuf_unref' is deprecated: Use 'g_object_unref' instead [-Wdeprecated-declarations]
   gdk_pixbuf_unref(tmp);  
   ^
In file included from /usr/include/gdk-pixbuf-2.0/gdk-pixbuf/gdk-pixbuf.h:33:0,
                 from gdkpixbuf.c:26:
/usr/include/gdk-pixbuf-2.0/gdk-pixbuf/gdk-pixbuf-core.h:226:12: note: declared here
 void       gdk_pixbuf_unref    (GdkPixbuf *pixbuf);
            ^
gdkpixbuf.c:57:3: warning: 'gdk_pixbuf_unref' is deprecated: Use 'g_object_unref' instead [-Wdeprecated-declarations]
   gdk_pixbuf_unref(tmp);
   ^
In file included from /usr/include/gdk-pixbuf-2.0/gdk-pixbuf/gdk-pixbuf.h:33:0,
                 from gdkpixbuf.c:26:
/usr/include/gdk-pixbuf-2.0/gdk-pixbuf/gdk-pixbuf-core.h:226:12: note: declared here
 void       gdk_pixbuf_unref    (GdkPixbuf *pixbuf);
            ^
gdkpixbuf.c:60:3: warning: 'gdk_pixbuf_unref' is deprecated: Use 'g_object_unref' instead [-Wdeprecated-declarations]
   gdk_pixbuf_unref(tmp);  
   ^
In file included from /usr/include/gdk-pixbuf-2.0/gdk-pixbuf/gdk-pixbuf.h:33:0,
                 from gdkpixbuf.c:26:
/usr/include/gdk-pixbuf-2.0/gdk-pixbuf/gdk-pixbuf-core.h:226:12: note: declared here
 void       gdk_pixbuf_unref    (GdkPixbuf *pixbuf);
            ^
gdkpixbuf.c:64:3: warning: 'gdk_pixbuf_unref' is deprecated: Use 'g_object_unref' instead [-Wdeprecated-declarations]
   gdk_pixbuf_unref(tmp);  
   ^
In file included from /usr/include/gdk-pixbuf-2.0/gdk-pixbuf/gdk-pixbuf.h:33:0,
                 from gdkpixbuf.c:26:
/usr/include/gdk-pixbuf-2.0/gdk-pixbuf/gdk-pixbuf-core.h:226:12: note: declared here
 void       gdk_pixbuf_unref    (GdkPixbuf *pixbuf);
            ^
gdkpixbuf.c:67:3: warning: 'gdk_pixbuf_unref' is deprecated: Use 'g_object_unref' instead [-Wdeprecated-declarations]
   gdk_pixbuf_unref(tmp);  
   ^
In file included from /usr/include/gdk-pixbuf-2.0/gdk-pixbuf/gdk-pixbuf.h:33:0,
                 from gdkpixbuf.c:26:
/usr/include/gdk-pixbuf-2.0/gdk-pixbuf/gdk-pixbuf-core.h:226:12: note: declared here
 void       gdk_pixbuf_unref    (GdkPixbuf *pixbuf);
            ^
gdkpixbuf.c:71:3: warning: 'gdk_pixbuf_unref' is deprecated: Use 'g_object_unref' instead [-Wdeprecated-declarations]
   gdk_pixbuf_unref(tmp);  
   ^
In file included from /usr/include/gdk-pixbuf-2.0/gdk-pixbuf/gdk-pixbuf.h:33:0,
                 from gdkpixbuf.c:26:
/usr/include/gdk-pixbuf-2.0/gdk-pixbuf/gdk-pixbuf-core.h:226:12: note: declared here
 void       gdk_pixbuf_unref    (GdkPixbuf *pixbuf);
            ^
gdkpixbuf.c:75:3: warning: 'gdk_pixbuf_unref' is deprecated: Use 'g_object_unref' instead [-Wdeprecated-declarations]
   gdk_pixbuf_unref(tmp);  
   ^
In file included from /usr/include/gdk-pixbuf-2.0/gdk-pixbuf/gdk-pixbuf.h:33:0,
                 from gdkpixbuf.c:26:
/usr/include/gdk-pixbuf-2.0/gdk-pixbuf/gdk-pixbuf-core.h:226:12: note: declared here
 void       gdk_pixbuf_unref    (GdkPixbuf *pixbuf);
            ^
gdkpixbuf.c:78:3: warning: 'gdk_pixbuf_unref' is deprecated: Use 'g_object_unref' instead [-Wdeprecated-declarations]
   gdk_pixbuf_unref(tmp);  
   ^
In file included from /usr/include/gdk-pixbuf-2.0/gdk-pixbuf/gdk-pixbuf.h:33:0,
                 from gdkpixbuf.c:26:
/usr/include/gdk-pixbuf-2.0/gdk-pixbuf/gdk-pixbuf-core.h:226:12: note: declared here
 void       gdk_pixbuf_unref    (GdkPixbuf *pixbuf);
            ^
gdkpixbuf.c:82:3: warning: 'gdk_pixbuf_unref' is deprecated: Use 'g_object_unref' instead [-Wdeprecated-declarations]
   gdk_pixbuf_unref(tmp);  
   ^
In file included from /usr/include/gdk-pixbuf-2.0/gdk-pixbuf/gdk-pixbuf.h:33:0,
                 from gdkpixbuf.c:26:
/usr/include/gdk-pixbuf-2.0/gdk-pixbuf/gdk-pixbuf-core.h:226:12: note: declared here
 void       gdk_pixbuf_unref    (GdkPixbuf *pixbuf);
            ^
  LINK  libopenrawgnome.la
ar: `u' modifier ignored since `D' is the default (see `U')
  CC    pixbuf-loader.o
  LINK  libopenraw_pixbuf.la
ar: `u' modifier ignored since `D' is the default (see `U')
Making all in doc
Making all in doxygen
Making all in test
Making all in testsuite
  CC    testsuitetags.o
  CC    testsuite.o
testsuite.cpp: In function 'uint32_t {anonymous}::computeCrc(const OpenRaw::RawData*)':
testsuite.cpp:339:58: warning: large integer implicitly truncated to unsigned type [-Woverflow]
     boost::crc_optimal<8, 0x1021, 0xFFFF, 0, false, false>  crc_ccitt2;
                                                          ^
testsuite.cpp:339:58: warning: large integer implicitly truncated to unsigned type [-Woverflow]
  CC    testsuitehandler.o
  CC    xmlhandler.o
  LINK  testsuite
Making all in demo
  CC    extensions.o
  LINK  extensions
  CC    thumb.o
  LINK  thumb
  CC    thumbc.o
thumbc.c: In function 'main':
thumbc.c:100:11: warning: format '%u' expects argument of type 'unsigned int', but argument 2 has type 'size_t {aka long unsigned int}' [-Wformat=]
    printf("output %u bytes in '%s'\n", dataSize, outfname);
           ^
  LINK  thumbc
  CC    cfa.o
  LINK  cfa
  CC    ccfa.o
ccfa.c: In function 'main':
ccfa.c:61:9: warning: format '%d' expects argument of type 'int', but argument 2 has type 'size_t {aka long unsigned int}' [-Wformat=]
  printf("data size = %d\n", or_rawdata_data_size(rawdata));
         ^
ccfa.c:36:11: warning: variable 'err' set but not used [-Wunused-but-set-variable]
  or_error err;
           ^
  LINK  ccfa
  CC    ppmload.o
  LINK  ppmload
  CC    gdk.o
gdk.c: In function 'main':
gdk.c:35:2: warning: 'g_type_init' is deprecated [-Wdeprecated-declarations]
  g_type_init();
  ^
In file included from /usr/include/glib-2.0/gobject/gobject.h:24:0,
                 from /usr/include/glib-2.0/gobject/gbinding.h:29,
                 from /usr/include/glib-2.0/glib-object.h:23,
                 from /usr/include/gdk-pixbuf-2.0/gdk-pixbuf/gdk-pixbuf.h:31,
                 from ../gnome/include/libopenraw-gnome/gdkpixbuf.h:30,
                 from gdk.c:26:
/usr/include/glib-2.0/gobject/gtype.h:681:23: note: declared here
 void                  g_type_init                    (void);
                       ^
gdk.c:45:4: warning: 'gdk_pixbuf_unref' is deprecated: Use 'g_object_unref' instead [-Wdeprecated-declarations]
    gdk_pixbuf_unref(pixbuf);
    ^
In file included from /usr/include/gdk-pixbuf-2.0/gdk-pixbuf/gdk-pixbuf.h:33:0,
                 from ../gnome/include/libopenraw-gnome/gdkpixbuf.h:30,
                 from gdk.c:26:
/usr/include/gdk-pixbuf-2.0/gdk-pixbuf/gdk-pixbuf-core.h:226:12: note: declared here
 void       gdk_pixbuf_unref    (GdkPixbuf *pixbuf);
            ^
  LINK  gdk
  CC    pixbufload.o
pixbufload.c: In function 'main':
pixbufload.c:43:2: warning: 'g_type_init' is deprecated [-Wdeprecated-declarations]
  g_type_init();
  ^
In file included from /usr/include/glib-2.0/gobject/gobject.h:24:0,
                 from /usr/include/glib-2.0/gobject/gbinding.h:29,
                 from /usr/include/glib-2.0/glib-object.h:23,
                 from /usr/include/gdk-pixbuf-2.0/gdk-pixbuf/gdk-pixbuf.h:31,
                 from ../gnome/include/libopenraw-gnome/gdkpixbuf.h:30,
                 from pixbufload.c:27:
/usr/include/glib-2.0/gobject/gtype.h:681:23: note: declared here
 void                  g_type_init                    (void);
                       ^
pixbufload.c:71:4: warning: 'gdk_pixbuf_unref' is deprecated: Use 'g_object_unref' instead [-Wdeprecated-declarations]
    gdk_pixbuf_unref(pixbuf);
    ^
In file included from /usr/include/gdk-pixbuf-2.0/gdk-pixbuf/gdk-pixbuf.h:33:0,
                 from ../gnome/include/libopenraw-gnome/gdkpixbuf.h:30,
                 from pixbufload.c:27:
/usr/include/gdk-pixbuf-2.0/gdk-pixbuf/gdk-pixbuf-core.h:226:12: note: declared here
 void       gdk_pixbuf_unref    (GdkPixbuf *pixbuf);
            ^
  LINK  pixbufload
Making all in tools
  CC    ordiag.o
  LINK  ordiag
Making all in include
Making all in libopenraw
Making all in libopenraw++
==> Entering fakeroot environment...
==> Starting package()...
make: Entering directory '/tmp/libopenraw/src/libopenraw-0.0.9'
Making install in lib
make[1]: Entering directory '/tmp/libopenraw/src/libopenraw-0.0.9/lib'
Making install in io
make[2]: Entering directory '/tmp/libopenraw/src/libopenraw-0.0.9/lib/io'
make[2]: Leaving directory '/tmp/libopenraw/src/libopenraw-0.0.9/lib/io'
Making install in capi
make[2]: Entering directory '/tmp/libopenraw/src/libopenraw-0.0.9/lib/capi'
make[2]: Leaving directory '/tmp/libopenraw/src/libopenraw-0.0.9/lib/capi'
make[2]: Entering directory '/tmp/libopenraw/src/libopenraw-0.0.9/lib'
make[3]: Entering directory '/tmp/libopenraw/src/libopenraw-0.0.9/lib'
 /bin/sh ../shave-libtool '/bin/sh ../libtool'   --mode=install /usr/bin/install -c   libopenraw.la '/tmp/libopenraw/pkg/libopenraw/usr/lib'

libtool: install: warning: remember to run `libtool --finish /usr/lib'
 /usr/bin/install -c -m 644 libopenraw-1.0.pc '/tmp/libopenraw/pkg/libopenraw/usr/lib/pkgconfig'
make[3]: Leaving directory '/tmp/libopenraw/src/libopenraw-0.0.9/lib'
make[2]: Leaving directory '/tmp/libopenraw/src/libopenraw-0.0.9/lib'
make[1]: Leaving directory '/tmp/libopenraw/src/libopenraw-0.0.9/lib'
Making install in gnome
make[1]: Entering directory '/tmp/libopenraw/src/libopenraw-0.0.9/gnome'
Making install in include
make[2]: Entering directory '/tmp/libopenraw/src/libopenraw-0.0.9/gnome/include'
Making install in libopenraw-gnome
make[3]: Entering directory '/tmp/libopenraw/src/libopenraw-0.0.9/gnome/include/libopenraw-gnome'
make[4]: Entering directory '/tmp/libopenraw/src/libopenraw-0.0.9/gnome/include/libopenraw-gnome'
 /usr/bin/install -c -m 644 gdkpixbuf.h '/tmp/libopenraw/pkg/libopenraw/usr/include/libopenraw-1.0/libopenraw-gnome'
make[4]: Leaving directory '/tmp/libopenraw/src/libopenraw-0.0.9/gnome/include/libopenraw-gnome'
make[3]: Leaving directory '/tmp/libopenraw/src/libopenraw-0.0.9/gnome/include/libopenraw-gnome'
make[3]: Entering directory '/tmp/libopenraw/src/libopenraw-0.0.9/gnome/include'
make[3]: Leaving directory '/tmp/libopenraw/src/libopenraw-0.0.9/gnome/include'
make[2]: Leaving directory '/tmp/libopenraw/src/libopenraw-0.0.9/gnome/include'
make[2]: Entering directory '/tmp/libopenraw/src/libopenraw-0.0.9/gnome'
make[3]: Entering directory '/tmp/libopenraw/src/libopenraw-0.0.9/gnome'
 /bin/sh ../shave-libtool '/bin/sh ../libtool'   --mode=install /usr/bin/install -c   libopenrawgnome.la '/tmp/libopenraw/pkg/libopenraw/usr/lib'

libtool: install: warning: relinking `libopenrawgnome.la'
libtool: install: warning: remember to run `libtool --finish /usr/lib'
 /bin/sh ../shave-libtool '/bin/sh ../libtool'   --mode=install /usr/bin/install -c   libopenraw_pixbuf.la '/tmp/libopenraw/pkg/libopenraw/usr/lib/gdk-pixbuf-2.0/2.10.0/loaders'

libtool: install: warning: relinking `libopenraw_pixbuf.la'
libtool: install: warning: remember to run `libtool --finish /usr/lib/gdk-pixbuf-2.0/2.10.0/loaders'
 /usr/bin/install -c -m 644 libopenraw-gnome-1.0.pc '/tmp/libopenraw/pkg/libopenraw/usr/lib/pkgconfig'
make[3]: Leaving directory '/tmp/libopenraw/src/libopenraw-0.0.9/gnome'
make[2]: Leaving directory '/tmp/libopenraw/src/libopenraw-0.0.9/gnome'
make[1]: Leaving directory '/tmp/libopenraw/src/libopenraw-0.0.9/gnome'
Making install in doc
make[1]: Entering directory '/tmp/libopenraw/src/libopenraw-0.0.9/doc'
Making install in doxygen
make[2]: Entering directory '/tmp/libopenraw/src/libopenraw-0.0.9/doc/doxygen'
make[2]: Leaving directory '/tmp/libopenraw/src/libopenraw-0.0.9/doc/doxygen'
make[2]: Entering directory '/tmp/libopenraw/src/libopenraw-0.0.9/doc'
make[2]: Leaving directory '/tmp/libopenraw/src/libopenraw-0.0.9/doc'
make[1]: Leaving directory '/tmp/libopenraw/src/libopenraw-0.0.9/doc'
Making install in test
make[1]: Entering directory '/tmp/libopenraw/src/libopenraw-0.0.9/test'
make[1]: Leaving directory '/tmp/libopenraw/src/libopenraw-0.0.9/test'
Making install in testsuite
make[1]: Entering directory '/tmp/libopenraw/src/libopenraw-0.0.9/testsuite'
make[2]: Entering directory '/tmp/libopenraw/src/libopenraw-0.0.9/testsuite'
make[2]: Leaving directory '/tmp/libopenraw/src/libopenraw-0.0.9/testsuite'
make[1]: Leaving directory '/tmp/libopenraw/src/libopenraw-0.0.9/testsuite'
Making install in demo
make[1]: Entering directory '/tmp/libopenraw/src/libopenraw-0.0.9/demo'
make[1]: Leaving directory '/tmp/libopenraw/src/libopenraw-0.0.9/demo'
Making install in tools
make[1]: Entering directory '/tmp/libopenraw/src/libopenraw-0.0.9/tools'
make[1]: Leaving directory '/tmp/libopenraw/src/libopenraw-0.0.9/tools'
Making install in include
make[1]: Entering directory '/tmp/libopenraw/src/libopenraw-0.0.9/include'
Making install in libopenraw
make[2]: Entering directory '/tmp/libopenraw/src/libopenraw-0.0.9/include/libopenraw'
make[3]: Entering directory '/tmp/libopenraw/src/libopenraw-0.0.9/include/libopenraw'
 /usr/bin/install -c -m 644 libopenraw.h io.h types.h consts.h debug.h thumbnails.h rawdata.h rawfile.h exif.h metadata.h demosaic.h bitmapdata.h '/tmp/libopenraw/pkg/libopenraw/usr/include/libopenraw-1.0/libopenraw'
make[3]: Leaving directory '/tmp/libopenraw/src/libopenraw-0.0.9/include/libopenraw'
make[2]: Leaving directory '/tmp/libopenraw/src/libopenraw-0.0.9/include/libopenraw'
Making install in libopenraw++
make[2]: Entering directory '/tmp/libopenraw/src/libopenraw-0.0.9/include/libopenraw++'
make[2]: Leaving directory '/tmp/libopenraw/src/libopenraw-0.0.9/include/libopenraw++'
make[2]: Entering directory '/tmp/libopenraw/src/libopenraw-0.0.9/include'
make[2]: Leaving directory '/tmp/libopenraw/src/libopenraw-0.0.9/include'
make[1]: Leaving directory '/tmp/libopenraw/src/libopenraw-0.0.9/include'
make[1]: Entering directory '/tmp/libopenraw/src/libopenraw-0.0.9'
make[1]: Leaving directory '/tmp/libopenraw/src/libopenraw-0.0.9'
make: Leaving directory '/tmp/libopenraw/src/libopenraw-0.0.9'
==> Tidying install...
  -> Removing doc files...
  -> Purging unwanted files...
==> Creating package "libopenraw"...
  -> Generating .PKGINFO file...
  -> Generating .MTREE file...
  -> Compressing package...
==> Leaving fakeroot environment.
==> Finished making: libopenraw 0.0.9-3 (Sat Nov 14 08:15:23 UTC 2015)
===> Printing config.logs
found log at /tmp/libopenraw/src/libopenraw-0.0.9/config.log
____
File /tmp/libopenraw/src/libopenraw-0.0.9/config.log
This file contains any messages produced by compilers while
running configure, to aid debugging if configure makes a mistake.

It was created by libopenraw configure 0.0.9, which was
generated by GNU Autoconf 2.68.  Invocation command line was

  $ ./configure --host x86_64-unknown-linux --prefix=/usr

## --------- ##
## Platform. ##
## --------- ##

hostname = db9a020124e2
uname -m = x86_64
uname -r = 3.13.0-66-generic
uname -s = Linux
uname -v = #108-Ubuntu SMP Wed Oct 7 15:20:27 UTC 2015

/usr/bin/uname -p = unknown
/bin/uname -X     = unknown

/bin/arch              = unknown
/usr/bin/arch -k       = unknown
/usr/convex/getsysinfo = unknown
/usr/bin/hostinfo      = unknown
/bin/machine           = unknown
/usr/bin/oslevel       = unknown
/bin/universe          = unknown

PATH: /usr/local/sbin
PATH: /usr/local/bin
PATH: /usr/bin
PATH: /usr/bin/site_perl
PATH: /usr/bin/vendor_perl
PATH: /usr/bin/core_perl


## ----------- ##
## Core tests. ##
## ----------- ##

configure:2518: checking for a BSD-compatible install
configure:2586: result: /usr/bin/install -c
configure:2597: checking whether build environment is sane
configure:2647: result: yes
configure:2696: checking for x86_64-unknown-linux-strip
configure:2726: result: no
configure:2736: checking for strip
configure:2752: found /usr/bin/strip
configure:2763: result: strip
configure:2788: checking for a thread-safe mkdir -p
configure:2827: result: /usr/bin/mkdir -p
configure:2840: checking for gawk
configure:2856: found /usr/bin/gawk
configure:2867: result: gawk
configure:2878: checking whether make sets $(MAKE)
configure:2900: result: yes
configure:2981: checking whether to enable maintainer-specific portions of Makefiles
configure:2990: result: no
configure:3034: checking for x86_64-unknown-linux-gcc
configure:3064: result: no
configure:3074: checking for gcc
configure:3090: found /usr/bin/gcc
configure:3101: result: gcc
configure:3330: checking for C compiler version
configure:3339: gcc --version >&5
gcc (GCC) 5.2.0
Copyright (C) 2015 Free Software Foundation, Inc.
This is free software; see the source for copying conditions.  There is NO
warranty; not even for MERCHANTABILITY or FITNESS FOR A PARTICULAR PURPOSE.

configure:3350: $? = 0
configure:3339: gcc -v >&5
Using built-in specs.
COLLECT_GCC=gcc
COLLECT_LTO_WRAPPER=/usr/lib/gcc/x86_64-unknown-linux-gnu/5.2.0/lto-wrapper
Target: x86_64-unknown-linux-gnu
Configured with: /build/gcc/src/gcc-5.2.0/configure --prefix=/usr --libdir=/usr/lib --libexecdir=/usr/lib --mandir=/usr/share/man --infodir=/usr/share/info --with-bugurl=https://bugs.archlinux.org/ --enable-languages=c,c++,ada,fortran,go,lto,objc,obj-c++ --enable-shared --enable-threads=posix --enable-libmpx --with-system-zlib --with-isl --enable-__cxa_atexit --disable-libunwind-exceptions --enable-clocale=gnu --disable-libstdcxx-pch --disable-libssp --enable-gnu-unique-object --enable-linker-build-id --enable-lto --enable-plugin --enable-install-libiberty --with-linker-hash-style=gnu --enable-gnu-indirect-function --disable-multilib --disable-werror --enable-checking=release --with-default-libstdcxx-abi=gcc4-compatible
Thread model: posix
gcc version 5.2.0 (GCC) 
configure:3350: $? = 0
configure:3339: gcc -V >&5
gcc: error: unrecognized command line option '-V'
gcc: fatal error: no input files
compilation terminated.
configure:3350: $? = 1
configure:3339: gcc -qversion >&5
gcc: error: unrecognized command line option '-qversion'
gcc: fatal error: no input files
compilation terminated.
configure:3350: $? = 1
configure:3370: checking whether the C compiler works
configure:3392: gcc    conftest.c  >&5
configure:3396: $? = 0
configure:3444: result: yes
configure:3447: checking for C compiler default output file name
configure:3449: result: a.out
configure:3455: checking for suffix of executables
configure:3462: gcc -o conftest    conftest.c  >&5
configure:3466: $? = 0
configure:3488: result: 
configure:3510: checking whether we are cross compiling
configure:3518: gcc -o conftest    conftest.c  >&5
configure:3522: $? = 0
configure:3529: ./conftest
configure:3533: $? = 0
configure:3548: result: no
configure:3553: checking for suffix of object files
configure:3575: gcc -c   conftest.c >&5
configure:3579: $? = 0
configure:3600: result: o
configure:3604: checking whether we are using the GNU C compiler
configure:3623: gcc -c   conftest.c >&5
configure:3623: $? = 0
configure:3632: result: yes
configure:3641: checking whether gcc accepts -g
configure:3661: gcc -c -g  conftest.c >&5
configure:3661: $? = 0
configure:3702: result: yes
configure:3719: checking for gcc option to accept ISO C89
configure:3783: gcc  -c -g -O2  conftest.c >&5
configure:3783: $? = 0
configure:3796: result: none needed
configure:3827: checking for style of include used by make
configure:3855: result: GNU
configure:3880: checking dependency style of gcc
configure:3990: result: gcc3
configure:4010: checking how to run the C preprocessor
configure:4041: gcc -E  conftest.c
configure:4041: $? = 0
configure:4055: gcc -E  conftest.c
conftest.c:11:28: fatal error: ac_nonexistent.h: No such file or directory
compilation terminated.
configure:4055: $? = 1
configure: failed program was:
| /* confdefs.h */
| #define PACKAGE_NAME "libopenraw"
| #define PACKAGE_TARNAME "libopenraw"
| #define PACKAGE_VERSION "0.0.9"
| #define PACKAGE_STRING "libopenraw 0.0.9"
| #define PACKAGE_BUGREPORT ""
| #define PACKAGE_URL ""
| #define PACKAGE "libopenraw"
| #define VERSION "0.0.9"
| /* end confdefs.h.  */
| #include <ac_nonexistent.h>
configure:4080: result: gcc -E
configure:4100: gcc -E  conftest.c
configure:4100: $? = 0
configure:4114: gcc -E  conftest.c
conftest.c:11:28: fatal error: ac_nonexistent.h: No such file or directory
compilation terminated.
configure:4114: $? = 1
configure: failed program was:
| /* confdefs.h */
| #define PACKAGE_NAME "libopenraw"
| #define PACKAGE_TARNAME "libopenraw"
| #define PACKAGE_VERSION "0.0.9"
| #define PACKAGE_STRING "libopenraw 0.0.9"
| #define PACKAGE_BUGREPORT ""
| #define PACKAGE_URL ""
| #define PACKAGE "libopenraw"
| #define VERSION "0.0.9"
| /* end confdefs.h.  */
| #include <ac_nonexistent.h>
configure:4156: checking for x86_64-unknown-linux-g++
configure:4186: result: no
configure:4156: checking for x86_64-unknown-linux-c++
configure:4186: result: no
configure:4156: checking for x86_64-unknown-linux-gpp
configure:4186: result: no
configure:4156: checking for x86_64-unknown-linux-aCC
configure:4186: result: no
configure:4156: checking for x86_64-unknown-linux-CC
configure:4186: result: no
configure:4156: checking for x86_64-unknown-linux-cxx
configure:4186: result: no
configure:4156: checking for x86_64-unknown-linux-cc++
configure:4186: result: no
configure:4156: checking for x86_64-unknown-linux-cl.exe
configure:4186: result: no
configure:4156: checking for x86_64-unknown-linux-FCC
configure:4186: result: no
configure:4156: checking for x86_64-unknown-linux-KCC
configure:4186: result: no
configure:4156: checking for x86_64-unknown-linux-RCC
configure:4186: result: no
configure:4156: checking for x86_64-unknown-linux-xlC_r
configure:4186: result: no
configure:4156: checking for x86_64-unknown-linux-xlC
configure:4186: result: no
configure:4200: checking for g++
configure:4216: found /usr/bin/g++
configure:4227: result: g++
configure:4254: checking for C++ compiler version
configure:4263: g++ --version >&5
g++ (GCC) 5.2.0
Copyright (C) 2015 Free Software Foundation, Inc.
This is free software; see the source for copying conditions.  There is NO
warranty; not even for MERCHANTABILITY or FITNESS FOR A PARTICULAR PURPOSE.

configure:4274: $? = 0
configure:4263: g++ -v >&5
Using built-in specs.
COLLECT_GCC=g++
COLLECT_LTO_WRAPPER=/usr/lib/gcc/x86_64-unknown-linux-gnu/5.2.0/lto-wrapper
Target: x86_64-unknown-linux-gnu
Configured with: /build/gcc/src/gcc-5.2.0/configure --prefix=/usr --libdir=/usr/lib --libexecdir=/usr/lib --mandir=/usr/share/man --infodir=/usr/share/info --with-bugurl=https://bugs.archlinux.org/ --enable-languages=c,c++,ada,fortran,go,lto,objc,obj-c++ --enable-shared --enable-threads=posix --enable-libmpx --with-system-zlib --with-isl --enable-__cxa_atexit --disable-libunwind-exceptions --enable-clocale=gnu --disable-libstdcxx-pch --disable-libssp --enable-gnu-unique-object --enable-linker-build-id --enable-lto --enable-plugin --enable-install-libiberty --with-linker-hash-style=gnu --enable-gnu-indirect-function --disable-multilib --disable-werror --enable-checking=release --with-default-libstdcxx-abi=gcc4-compatible
Thread model: posix
gcc version 5.2.0 (GCC) 
configure:4274: $? = 0
configure:4263: g++ -V >&5
g++: error: unrecognized command line option '-V'
g++: fatal error: no input files
compilation terminated.
configure:4274: $? = 1
configure:4263: g++ -qversion >&5
g++: error: unrecognized command line option '-qversion'
g++: fatal error: no input files
compilation terminated.
configure:4274: $? = 1
configure:4278: checking whether we are using the GNU C++ compiler
configure:4297: g++ -c   conftest.cpp >&5
configure:4297: $? = 0
configure:4306: result: yes
configure:4315: checking whether g++ accepts -g
configure:4335: g++ -c -g  conftest.cpp >&5
configure:4335: $? = 0
configure:4376: result: yes
configure:4401: checking dependency style of g++
configure:4511: result: gcc3
configure:4556: checking build system type
configure:4570: result: x86_64-unknown-linux-gnu
configure:4590: checking host system type
configure:4603: result: x86_64-unknown-linux-gnu
configure:4644: checking how to print strings
configure:4671: result: printf
configure:4692: checking for a sed that does not truncate output
configure:4756: result: /usr/bin/sed
configure:4774: checking for grep that handles long lines and -e
configure:4832: result: /usr/bin/grep
configure:4837: checking for egrep
configure:4899: result: /usr/bin/grep -E
configure:4904: checking for fgrep
configure:4966: result: /usr/bin/grep -F
configure:5001: checking for ld used by gcc
configure:5068: result: /usr/bin/ld
configure:5075: checking if the linker (/usr/bin/ld) is GNU ld
configure:5090: result: yes
configure:5102: checking for BSD- or MS-compatible name lister (nm)
configure:5151: result: /usr/bin/nm -B
configure:5281: checking the name lister (/usr/bin/nm -B) interface
configure:5288: gcc -c -g -O2  conftest.c >&5
configure:5291: /usr/bin/nm -B "conftest.o"
configure:5294: output
0000000000000000 B some_variable
configure:5301: result: BSD nm
configure:5304: checking whether ln -s works
configure:5308: result: yes
configure:5316: checking the maximum length of command line arguments
configure:5441: result: 1572864
configure:5458: checking whether the shell understands some XSI constructs
configure:5468: result: yes
configure:5472: checking whether the shell understands "+="
configure:5478: result: yes
configure:5513: checking how to convert x86_64-unknown-linux-gnu file names to x86_64-unknown-linux-gnu format
configure:5553: result: func_convert_file_noop
configure:5560: checking how to convert x86_64-unknown-linux-gnu file names to toolchain format
configure:5580: result: func_convert_file_noop
configure:5587: checking for /usr/bin/ld option to reload object files
configure:5594: result: -r
configure:5628: checking for x86_64-unknown-linux-objdump
configure:5658: result: no
configure:5668: checking for objdump
configure:5684: found /usr/bin/objdump
configure:5695: result: objdump
configure:5727: checking how to recognize dependent libraries
configure:5929: result: pass_all
configure:5974: checking for x86_64-unknown-linux-dlltool
configure:6004: result: no
configure:6014: checking for dlltool
configure:6044: result: no
configure:6074: checking how to associate runtime and link libraries
configure:6101: result: printf %s\n
configure:6118: checking for x86_64-unknown-linux-ar
configure:6148: result: no
configure:6162: checking for ar
configure:6178: found /usr/bin/ar
configure:6189: result: ar
configure:6226: checking for archiver @FILE support
configure:6243: gcc -c -g -O2  conftest.c >&5
configure:6243: $? = 0
configure:6246: ar cru libconftest.a @conftest.lst >&5
ar: `u' modifier ignored since `D' is the default (see `U')
configure:6249: $? = 0
configure:6254: ar cru libconftest.a @conftest.lst >&5
ar: `u' modifier ignored since `D' is the default (see `U')
ar: conftest.o: No such file or directory
configure:6257: $? = 1
configure:6269: result: @
configure:6287: checking for x86_64-unknown-linux-strip
configure:6314: result: strip
configure:6386: checking for x86_64-unknown-linux-ranlib
configure:6416: result: no
configure:6426: checking for ranlib
configure:6442: found /usr/bin/ranlib
configure:6453: result: ranlib
configure:6555: checking command to parse /usr/bin/nm -B output from gcc object
configure:6674: gcc -c -g -O2  conftest.c >&5
configure:6677: $? = 0
configure:6681: /usr/bin/nm -B conftest.o \| sed -n -e 's/^.*[ ]\([ABCDGIRSTW][ABCDGIRSTW]*\)[ ][ ]*\([_A-Za-z][_A-Za-z0-9]*\)$/\1 \2 \2/p' | sed '/ __gnu_lto/d' \> conftest.nm
configure:6684: $? = 0
configure:6750: gcc -o conftest -g -O2   conftest.c conftstm.o >&5
configure:6753: $? = 0
configure:6791: result: ok
configure:6828: checking for sysroot
configure:6858: result: no
configure:6935: gcc -c -g -O2  conftest.c >&5
configure:6938: $? = 0
configure:7061: checking for x86_64-unknown-linux-mt
configure:7091: result: no
configure:7101: checking for mt
configure:7131: result: no
configure:7151: checking if : is a manifest tool
configure:7157: : '-?'
configure:7165: result: no
configure:7793: checking for ANSI C header files
configure:7813: gcc -c -g -O2  conftest.c >&5
configure:7813: $? = 0
configure:7886: gcc -o conftest -g -O2   conftest.c  >&5
configure:7886: $? = 0
configure:7886: ./conftest
configure:7886: $? = 0
configure:7897: result: yes
configure:7910: checking for sys/types.h
configure:7910: gcc -c -g -O2  conftest.c >&5
configure:7910: $? = 0
configure:7910: result: yes
configure:7910: checking for sys/stat.h
configure:7910: gcc -c -g -O2  conftest.c >&5
configure:7910: $? = 0
configure:7910: result: yes
configure:7910: checking for stdlib.h
configure:7910: gcc -c -g -O2  conftest.c >&5
configure:7910: $? = 0
configure:7910: result: yes
configure:7910: checking for string.h
configure:7910: gcc -c -g -O2  conftest.c >&5
configure:7910: $? = 0
configure:7910: result: yes
configure:7910: checking for memory.h
configure:7910: gcc -c -g -O2  conftest.c >&5
configure:7910: $? = 0
configure:7910: result: yes
configure:7910: checking for strings.h
configure:7910: gcc -c -g -O2  conftest.c >&5
configure:7910: $? = 0
configure:7910: result: yes
configure:7910: checking for inttypes.h
configure:7910: gcc -c -g -O2  conftest.c >&5
configure:7910: $? = 0
configure:7910: result: yes
configure:7910: checking for stdint.h
configure:7910: gcc -c -g -O2  conftest.c >&5
configure:7910: $? = 0
configure:7910: result: yes
configure:7910: checking for unistd.h
configure:7910: gcc -c -g -O2  conftest.c >&5
configure:7910: $? = 0
configure:7910: result: yes
configure:7924: checking for dlfcn.h
configure:7924: gcc -c -g -O2  conftest.c >&5
configure:7924: $? = 0
configure:7924: result: yes
configure:8122: checking for objdir
configure:8137: result: .libs
configure:8408: checking if gcc supports -fno-rtti -fno-exceptions
configure:8426: gcc -c -g -O2  -fno-rtti -fno-exceptions conftest.c >&5
cc1: warning: command line option '-fno-rtti' is valid for C++/ObjC++ but not for C
configure:8430: $? = 0
configure:8443: result: no
configure:8753: checking for gcc option to produce PIC
configure:8760: result: -fPIC -DPIC
configure:8768: checking if gcc PIC flag -fPIC -DPIC works
configure:8786: gcc -c -g -O2  -fPIC -DPIC -DPIC conftest.c >&5
configure:8790: $? = 0
configure:8803: result: yes
configure:8832: checking if gcc static flag -static works
configure:8860: result: yes
configure:8875: checking if gcc supports -c -o file.o
configure:8896: gcc -c -g -O2  -o out/conftest2.o conftest.c >&5
configure:8900: $? = 0
configure:8922: result: yes
configure:8930: checking if gcc supports -c -o file.o
configure:8977: result: yes
configure:9010: checking whether the gcc linker (/usr/bin/ld -m elf_x86_64) supports shared libraries
configure:10168: result: yes
configure:10205: checking whether -lc should be explicitly linked in
configure:10213: gcc -c -g -O2  conftest.c >&5
configure:10216: $? = 0
configure:10231: gcc -shared  -fPIC -DPIC conftest.o  -v -Wl,-soname -Wl,conftest -o conftest 2\>\&1 \| /usr/bin/grep  -lc  \>/dev/null 2\>\&1
configure:10234: $? = 0
configure:10248: result: no
configure:10413: checking dynamic linker characteristics
configure:10927: gcc -o conftest -g -O2   -Wl,-rpath -Wl,/foo conftest.c  >&5
configure:10927: $? = 0
configure:11153: result: GNU/Linux ld.so
configure:11260: checking how to hardcode library paths into programs
configure:11285: result: immediate
configure:11825: checking whether stripping libraries is possible
configure:11830: result: yes
configure:11865: checking if libtool supports shared libraries
configure:11867: result: yes
configure:11870: checking whether to build shared libraries
configure:11891: result: yes
configure:11894: checking whether to build static libraries
configure:11898: result: yes
configure:11921: checking how to run the C++ preprocessor
configure:11948: g++ -E  conftest.cpp
configure:11948: $? = 0
configure:11962: g++ -E  conftest.cpp
conftest.cpp:23:28: fatal error: ac_nonexistent.h: No such file or directory
compilation terminated.
configure:11962: $? = 1
configure: failed program was:
| /* confdefs.h */
| #define PACKAGE_NAME "libopenraw"
| #define PACKAGE_TARNAME "libopenraw"
| #define PACKAGE_VERSION "0.0.9"
| #define PACKAGE_STRING "libopenraw 0.0.9"
| #define PACKAGE_BUGREPORT ""
| #define PACKAGE_URL ""
| #define PACKAGE "libopenraw"
| #define VERSION "0.0.9"
| #define STDC_HEADERS 1
| #define HAVE_SYS_TYPES_H 1
| #define HAVE_SYS_STAT_H 1
| #define HAVE_STDLIB_H 1
| #define HAVE_STRING_H 1
| #define HAVE_MEMORY_H 1
| #define HAVE_STRINGS_H 1
| #define HAVE_INTTYPES_H 1
| #define HAVE_STDINT_H 1
| #define HAVE_UNISTD_H 1
| #define HAVE_DLFCN_H 1
| #define LT_OBJDIR ".libs/"
| /* end confdefs.h.  */
| #include <ac_nonexistent.h>
configure:11987: result: g++ -E
configure:12007: g++ -E  conftest.cpp
configure:12007: $? = 0
configure:12021: g++ -E  conftest.cpp
conftest.cpp:23:28: fatal error: ac_nonexistent.h: No such file or directory
compilation terminated.
configure:12021: $? = 1
configure: failed program was:
| /* confdefs.h */
| #define PACKAGE_NAME "libopenraw"
| #define PACKAGE_TARNAME "libopenraw"
| #define PACKAGE_VERSION "0.0.9"
| #define PACKAGE_STRING "libopenraw 0.0.9"
| #define PACKAGE_BUGREPORT ""
| #define PACKAGE_URL ""
| #define PACKAGE "libopenraw"
| #define VERSION "0.0.9"
| #define STDC_HEADERS 1
| #define HAVE_SYS_TYPES_H 1
| #define HAVE_SYS_STAT_H 1
| #define HAVE_STDLIB_H 1
| #define HAVE_STRING_H 1
| #define HAVE_MEMORY_H 1
| #define HAVE_STRINGS_H 1
| #define HAVE_INTTYPES_H 1
| #define HAVE_STDINT_H 1
| #define HAVE_UNISTD_H 1
| #define HAVE_DLFCN_H 1
| #define LT_OBJDIR ".libs/"
| /* end confdefs.h.  */
| #include <ac_nonexistent.h>
configure:12191: checking for ld used by g++
configure:12258: result: /usr/bin/ld -m elf_x86_64
configure:12265: checking if the linker (/usr/bin/ld -m elf_x86_64) is GNU ld
configure:12280: result: yes
configure:12335: checking whether the g++ linker (/usr/bin/ld -m elf_x86_64) supports shared libraries
configure:13339: result: yes
configure:13374: g++ -c -g -O2  conftest.cpp >&5
configure:13377: $? = 0
configure:13897: checking for g++ option to produce PIC
configure:13904: result: -fPIC -DPIC
configure:13912: checking if g++ PIC flag -fPIC -DPIC works
configure:13930: g++ -c -g -O2  -fPIC -DPIC -DPIC conftest.cpp >&5
configure:13934: $? = 0
configure:13947: result: yes
configure:13970: checking if g++ static flag -static works
configure:13998: result: yes
configure:14010: checking if g++ supports -c -o file.o
configure:14031: g++ -c -g -O2  -o out/conftest2.o conftest.cpp >&5
configure:14035: $? = 0
configure:14057: result: yes
configure:14062: checking if g++ supports -c -o file.o
configure:14109: result: yes
configure:14139: checking whether the g++ linker (/usr/bin/ld -m elf_x86_64) supports shared libraries
configure:14173: result: yes
configure:14316: checking dynamic linker characteristics
configure:14990: result: GNU/Linux ld.so
configure:15043: checking how to hardcode library paths into programs
configure:15068: result: immediate
configure:15172: checking for Boost headers version >= 1.33.0
configure:15222: g++ -c -g -O2  -I/usr/include conftest.cpp >&5
configure:15222: $? = 0
configure:15243: result: /usr/include
configure:15256: checking for Boost's header version
configure:15268: result: 1_59
configure:15271: checking for the toolset name used by Boost for g++
configure:15340: g++ -c -g -O2  conftest.cpp >&5
conftest.cpp:27:3: error: #error defined __GNUC__ && __GNUC__ == 4 && __GNUC_MINOR__ == 2 && !defined __ICC
 # error defined __GNUC__ && __GNUC__ == 4 && __GNUC_MINOR__ == 2 && !defined __ICC
   ^
configure:15340: $? = 1
configure: failed program was:
| /* confdefs.h */
| #define PACKAGE_NAME "libopenraw"
| #define PACKAGE_TARNAME "libopenraw"
| #define PACKAGE_VERSION "0.0.9"
| #define PACKAGE_STRING "libopenraw 0.0.9"
| #define PACKAGE_BUGREPORT ""
| #define PACKAGE_URL ""
| #define PACKAGE "libopenraw"
| #define VERSION "0.0.9"
| #define STDC_HEADERS 1
| #define HAVE_SYS_TYPES_H 1
| #define HAVE_SYS_STAT_H 1
| #define HAVE_STDLIB_H 1
| #define HAVE_STRING_H 1
| #define HAVE_MEMORY_H 1
| #define HAVE_STRINGS_H 1
| #define HAVE_INTTYPES_H 1
| #define HAVE_STDINT_H 1
| #define HAVE_UNISTD_H 1
| #define HAVE_DLFCN_H 1
| #define LT_OBJDIR ".libs/"
| /* end confdefs.h.  */
| 
| #if defined __GNUC__ && __GNUC__ == 4 && __GNUC_MINOR__ == 2 && !defined __ICC
| /* OK */
| #else
| # error defined __GNUC__ && __GNUC__ == 4 && __GNUC_MINOR__ == 2 && !defined __ICC
| #endif
| 
| int
| main ()
| {
| 
|   ;
|   return 0;
| }
configure:15340: g++ -c -g -O2  conftest.cpp >&5
conftest.cpp:27:3: error: #error defined __GNUC__ && __GNUC__ == 4 && __GNUC_MINOR__ == 1 && !defined __ICC
 # error defined __GNUC__ && __GNUC__ == 4 && __GNUC_MINOR__ == 1 && !defined __ICC
   ^
configure:15340: $? = 1
configure: failed program was:
| /* confdefs.h */
| #define PACKAGE_NAME "libopenraw"
| #define PACKAGE_TARNAME "libopenraw"
| #define PACKAGE_VERSION "0.0.9"
| #define PACKAGE_STRING "libopenraw 0.0.9"
| #define PACKAGE_BUGREPORT ""
| #define PACKAGE_URL ""
| #define PACKAGE "libopenraw"
| #define VERSION "0.0.9"
| #define STDC_HEADERS 1
| #define HAVE_SYS_TYPES_H 1
| #define HAVE_SYS_STAT_H 1
| #define HAVE_STDLIB_H 1
| #define HAVE_STRING_H 1
| #define HAVE_MEMORY_H 1
| #define HAVE_STRINGS_H 1
| #define HAVE_INTTYPES_H 1
| #define HAVE_STDINT_H 1
| #define HAVE_UNISTD_H 1
| #define HAVE_DLFCN_H 1
| #define LT_OBJDIR ".libs/"
| /* end confdefs.h.  */
| 
| #if defined __GNUC__ && __GNUC__ == 4 && __GNUC_MINOR__ == 1 && !defined __ICC
| /* OK */
| #else
| # error defined __GNUC__ && __GNUC__ == 4 && __GNUC_MINOR__ == 1 && !defined __ICC
| #endif
| 
| int
| main ()
| {
| 
|   ;
|   return 0;
| }
configure:15340: g++ -c -g -O2  conftest.cpp >&5
conftest.cpp:27:3: error: #error defined __GNUC__ && __GNUC__ == 4 && __GNUC_MINOR__ == 0 && !defined __ICC
 # error defined __GNUC__ && __GNUC__ == 4 && __GNUC_MINOR__ == 0 && !defined __ICC
   ^
configure:15340: $? = 1
configure: failed program was:
| /* confdefs.h */
| #define PACKAGE_NAME "libopenraw"
| #define PACKAGE_TARNAME "libopenraw"
| #define PACKAGE_VERSION "0.0.9"
| #define PACKAGE_STRING "libopenraw 0.0.9"
| #define PACKAGE_BUGREPORT ""
| #define PACKAGE_URL ""
| #define PACKAGE "libopenraw"
| #define VERSION "0.0.9"
| #define STDC_HEADERS 1
| #define HAVE_SYS_TYPES_H 1
| #define HAVE_SYS_STAT_H 1
| #define HAVE_STDLIB_H 1
| #define HAVE_STRING_H 1
| #define HAVE_MEMORY_H 1
| #define HAVE_STRINGS_H 1
| #define HAVE_INTTYPES_H 1
| #define HAVE_STDINT_H 1
| #define HAVE_UNISTD_H 1
| #define HAVE_DLFCN_H 1
| #define LT_OBJDIR ".libs/"
| /* end confdefs.h.  */
| 
| #if defined __GNUC__ && __GNUC__ == 4 && __GNUC_MINOR__ == 0 && !defined __ICC
| /* OK */
| #else
| # error defined __GNUC__ && __GNUC__ == 4 && __GNUC_MINOR__ == 0 && !defined __ICC
| #endif
| 
| int
| main ()
| {
| 
|   ;
|   return 0;
| }
configure:15340: g++ -c -g -O2  conftest.cpp >&5
conftest.cpp:27:3: error: #error defined __GNUC__ && __GNUC__ == 3 && !defined __ICC && (defined WIN32 || defined WINNT || defined _WIN32 || defined __WIN32 || defined __WIN32__ || defined __WINNT || defined __WINNT__)
 # error defined __GNUC__ && __GNUC__ == 3 && !defined __ICC      && (defined WIN32 || defined WINNT || defined _WIN32 || defined __WIN32          || defined __WIN32__ || defined __WINNT || defined __WINNT__)
   ^
configure:15340: $? = 1
configure: failed program was:
| /* confdefs.h */
| #define PACKAGE_NAME "libopenraw"
| #define PACKAGE_TARNAME "libopenraw"
| #define PACKAGE_VERSION "0.0.9"
| #define PACKAGE_STRING "libopenraw 0.0.9"
| #define PACKAGE_BUGREPORT ""
| #define PACKAGE_URL ""
| #define PACKAGE "libopenraw"
| #define VERSION "0.0.9"
| #define STDC_HEADERS 1
| #define HAVE_SYS_TYPES_H 1
| #define HAVE_SYS_STAT_H 1
| #define HAVE_STDLIB_H 1
| #define HAVE_STRING_H 1
| #define HAVE_MEMORY_H 1
| #define HAVE_STRINGS_H 1
| #define HAVE_INTTYPES_H 1
| #define HAVE_STDINT_H 1
| #define HAVE_UNISTD_H 1
| #define HAVE_DLFCN_H 1
| #define LT_OBJDIR ".libs/"
| /* end confdefs.h.  */
| 
| #if defined __GNUC__ && __GNUC__ == 3 && !defined __ICC      && (defined WIN32 || defined WINNT || defined _WIN32 || defined __WIN32          || defined __WIN32__ || defined __WINNT || defined __WINNT__)
| /* OK */
| #else
| # error defined __GNUC__ && __GNUC__ == 3 && !defined __ICC      && (defined WIN32 || defined WINNT || defined _WIN32 || defined __WIN32          || defined __WIN32__ || defined __WINNT || defined __WINNT__)
| #endif
| 
| int
| main ()
| {
| 
|   ;
|   return 0;
| }
configure:15340: g++ -c -g -O2  conftest.cpp >&5
conftest.cpp:27:3: error: #error defined __GNUC__ && __GNUC__ == 3 && __GNUC_MINOR__ == 4 && !defined __ICC
 # error defined __GNUC__ && __GNUC__ == 3 && __GNUC_MINOR__ == 4 && !defined __ICC
   ^
configure:15340: $? = 1
configure: failed program was:
| /* confdefs.h */
| #define PACKAGE_NAME "libopenraw"
| #define PACKAGE_TARNAME "libopenraw"
| #define PACKAGE_VERSION "0.0.9"
| #define PACKAGE_STRING "libopenraw 0.0.9"
| #define PACKAGE_BUGREPORT ""
| #define PACKAGE_URL ""
| #define PACKAGE "libopenraw"
| #define VERSION "0.0.9"
| #define STDC_HEADERS 1
| #define HAVE_SYS_TYPES_H 1
| #define HAVE_SYS_STAT_H 1
| #define HAVE_STDLIB_H 1
| #define HAVE_STRING_H 1
| #define HAVE_MEMORY_H 1
| #define HAVE_STRINGS_H 1
| #define HAVE_INTTYPES_H 1
| #define HAVE_STDINT_H 1
| #define HAVE_UNISTD_H 1
| #define HAVE_DLFCN_H 1
| #define LT_OBJDIR ".libs/"
| /* end confdefs.h.  */
| 
| #if defined __GNUC__ && __GNUC__ == 3 && __GNUC_MINOR__ == 4 && !defined __ICC
| /* OK */
| #else
| # error defined __GNUC__ && __GNUC__ == 3 && __GNUC_MINOR__ == 4 && !defined __ICC
| #endif
| 
| int
| main ()
| {
| 
|   ;
|   return 0;
| }
configure:15340: g++ -c -g -O2  conftest.cpp >&5
conftest.cpp:27:3: error: #error defined __GNUC__ && __GNUC__ == 3 && __GNUC_MINOR__ == 3 && !defined __ICC
 # error defined __GNUC__ && __GNUC__ == 3 && __GNUC_MINOR__ == 3 && !defined __ICC
   ^
configure:15340: $? = 1
configure: failed program was:
| /* confdefs.h */
| #define PACKAGE_NAME "libopenraw"
| #define PACKAGE_TARNAME "libopenraw"
| #define PACKAGE_VERSION "0.0.9"
| #define PACKAGE_STRING "libopenraw 0.0.9"
| #define PACKAGE_BUGREPORT ""
| #define PACKAGE_URL ""
| #define PACKAGE "libopenraw"
| #define VERSION "0.0.9"
| #define STDC_HEADERS 1
| #define HAVE_SYS_TYPES_H 1
| #define HAVE_SYS_STAT_H 1
| #define HAVE_STDLIB_H 1
| #define HAVE_STRING_H 1
| #define HAVE_MEMORY_H 1
| #define HAVE_STRINGS_H 1
| #define HAVE_INTTYPES_H 1
| #define HAVE_STDINT_H 1
| #define HAVE_UNISTD_H 1
| #define HAVE_DLFCN_H 1
| #define LT_OBJDIR ".libs/"
| /* end confdefs.h.  */
| 
| #if defined __GNUC__ && __GNUC__ == 3 && __GNUC_MINOR__ == 3 && !defined __ICC
| /* OK */
| #else
| # error defined __GNUC__ && __GNUC__ == 3 && __GNUC_MINOR__ == 3 && !defined __ICC
| #endif
| 
| int
| main ()
| {
| 
|   ;
|   return 0;
| }
configure:15340: g++ -c -g -O2  conftest.cpp >&5
conftest.cpp:27:3: error: #error defined _MSC_VER && _MSC_VER >= 1400
 # error defined _MSC_VER && _MSC_VER >= 1400
   ^
configure:15340: $? = 1
configure: failed program was:
| /* confdefs.h */
| #define PACKAGE_NAME "libopenraw"
| #define PACKAGE_TARNAME "libopenraw"
| #define PACKAGE_VERSION "0.0.9"
| #define PACKAGE_STRING "libopenraw 0.0.9"
| #define PACKAGE_BUGREPORT ""
| #define PACKAGE_URL ""
| #define PACKAGE "libopenraw"
| #define VERSION "0.0.9"
| #define STDC_HEADERS 1
| #define HAVE_SYS_TYPES_H 1
| #define HAVE_SYS_STAT_H 1
| #define HAVE_STDLIB_H 1
| #define HAVE_STRING_H 1
| #define HAVE_MEMORY_H 1
| #define HAVE_STRINGS_H 1
| #define HAVE_INTTYPES_H 1
| #define HAVE_STDINT_H 1
| #define HAVE_UNISTD_H 1
| #define HAVE_DLFCN_H 1
| #define LT_OBJDIR ".libs/"
| /* end confdefs.h.  */
| 
| #if defined _MSC_VER && _MSC_VER >= 1400
| /* OK */
| #else
| # error defined _MSC_VER && _MSC_VER >= 1400
| #endif
| 
| int
| main ()
| {
| 
|   ;
|   return 0;
| }
configure:15340: g++ -c -g -O2  conftest.cpp >&5
conftest.cpp:27:3: error: #error defined __GNUC__ && __GNUC__ == 3 && __GNUC_MINOR__ == 2 && !defined __ICC
 # error defined __GNUC__ && __GNUC__ == 3 && __GNUC_MINOR__ == 2 && !defined __ICC
   ^
configure:15340: $? = 1
configure: failed program was:
| /* confdefs.h */
| #define PACKAGE_NAME "libopenraw"
| #define PACKAGE_TARNAME "libopenraw"
| #define PACKAGE_VERSION "0.0.9"
| #define PACKAGE_STRING "libopenraw 0.0.9"
| #define PACKAGE_BUGREPORT ""
| #define PACKAGE_URL ""
| #define PACKAGE "libopenraw"
| #define VERSION "0.0.9"
| #define STDC_HEADERS 1
| #define HAVE_SYS_TYPES_H 1
| #define HAVE_SYS_STAT_H 1
| #define HAVE_STDLIB_H 1
| #define HAVE_STRING_H 1
| #define HAVE_MEMORY_H 1
| #define HAVE_STRINGS_H 1
| #define HAVE_INTTYPES_H 1
| #define HAVE_STDINT_H 1
| #define HAVE_UNISTD_H 1
| #define HAVE_DLFCN_H 1
| #define LT_OBJDIR ".libs/"
| /* end confdefs.h.  */
| 
| #if defined __GNUC__ && __GNUC__ == 3 && __GNUC_MINOR__ == 2 && !defined __ICC
| /* OK */
| #else
| # error defined __GNUC__ && __GNUC__ == 3 && __GNUC_MINOR__ == 2 && !defined __ICC
| #endif
| 
| int
| main ()
| {
| 
|   ;
|   return 0;
| }
configure:15340: g++ -c -g -O2  conftest.cpp >&5
conftest.cpp:27:3: error: #error defined _MSC_VER && _MSC_VER == 1310
 # error defined _MSC_VER && _MSC_VER == 1310
   ^
configure:15340: $? = 1
configure: failed program was:
| /* confdefs.h */
| #define PACKAGE_NAME "libopenraw"
| #define PACKAGE_TARNAME "libopenraw"
| #define PACKAGE_VERSION "0.0.9"
| #define PACKAGE_STRING "libopenraw 0.0.9"
| #define PACKAGE_BUGREPORT ""
| #define PACKAGE_URL ""
| #define PACKAGE "libopenraw"
| #define VERSION "0.0.9"
| #define STDC_HEADERS 1
| #define HAVE_SYS_TYPES_H 1
| #define HAVE_SYS_STAT_H 1
| #define HAVE_STDLIB_H 1
| #define HAVE_STRING_H 1
| #define HAVE_MEMORY_H 1
| #define HAVE_STRINGS_H 1
| #define HAVE_INTTYPES_H 1
| #define HAVE_STDINT_H 1
| #define HAVE_UNISTD_H 1
| #define HAVE_DLFCN_H 1
| #define LT_OBJDIR ".libs/"
| /* end confdefs.h.  */
| 
| #if defined _MSC_VER && _MSC_VER == 1310
| /* OK */
| #else
| # error defined _MSC_VER && _MSC_VER == 1310
| #endif
| 
| int
| main ()
| {
| 
|   ;
|   return 0;
| }
configure:15340: g++ -c -g -O2  conftest.cpp >&5
conftest.cpp:27:3: error: #error defined __GNUC__ && __GNUC__ == 3 && __GNUC_MINOR__ == 1 && !defined __ICC
 # error defined __GNUC__ && __GNUC__ == 3 && __GNUC_MINOR__ == 1 && !defined __ICC
   ^
configure:15340: $? = 1
configure: failed program was:
| /* confdefs.h */
| #define PACKAGE_NAME "libopenraw"
| #define PACKAGE_TARNAME "libopenraw"
| #define PACKAGE_VERSION "0.0.9"
| #define PACKAGE_STRING "libopenraw 0.0.9"
| #define PACKAGE_BUGREPORT ""
| #define PACKAGE_URL ""
| #define PACKAGE "libopenraw"
| #define VERSION "0.0.9"
| #define STDC_HEADERS 1
| #define HAVE_SYS_TYPES_H 1
| #define HAVE_SYS_STAT_H 1
| #define HAVE_STDLIB_H 1
| #define HAVE_STRING_H 1
| #define HAVE_MEMORY_H 1
| #define HAVE_STRINGS_H 1
| #define HAVE_INTTYPES_H 1
| #define HAVE_STDINT_H 1
| #define HAVE_UNISTD_H 1
| #define HAVE_DLFCN_H 1
| #define LT_OBJDIR ".libs/"
| /* end confdefs.h.  */
| 
| #if defined __GNUC__ && __GNUC__ == 3 && __GNUC_MINOR__ == 1 && !defined __ICC
| /* OK */
| #else
| # error defined __GNUC__ && __GNUC__ == 3 && __GNUC_MINOR__ == 1 && !defined __ICC
| #endif
| 
| int
| main ()
| {
| 
|   ;
|   return 0;
| }
configure:15340: g++ -c -g -O2  conftest.cpp >&5
conftest.cpp:27:3: error: #error defined __GNUC__ && __GNUC__ == 3 && __GNUC_MINOR__ == 0 && !defined __ICC
 # error defined __GNUC__ && __GNUC__ == 3 && __GNUC_MINOR__ == 0 && !defined __ICC
   ^
configure:15340: $? = 1
configure: failed program was:
| /* confdefs.h */
| #define PACKAGE_NAME "libopenraw"
| #define PACKAGE_TARNAME "libopenraw"
| #define PACKAGE_VERSION "0.0.9"
| #define PACKAGE_STRING "libopenraw 0.0.9"
| #define PACKAGE_BUGREPORT ""
| #define PACKAGE_URL ""
| #define PACKAGE "libopenraw"
| #define VERSION "0.0.9"
| #define STDC_HEADERS 1
| #define HAVE_SYS_TYPES_H 1
| #define HAVE_SYS_STAT_H 1
| #define HAVE_STDLIB_H 1
| #define HAVE_STRING_H 1
| #define HAVE_MEMORY_H 1
| #define HAVE_STRINGS_H 1
| #define HAVE_INTTYPES_H 1
| #define HAVE_STDINT_H 1
| #define HAVE_UNISTD_H 1
| #define HAVE_DLFCN_H 1
| #define LT_OBJDIR ".libs/"
| /* end confdefs.h.  */
| 
| #if defined __GNUC__ && __GNUC__ == 3 && __GNUC_MINOR__ == 0 && !defined __ICC
| /* OK */
| #else
| # error defined __GNUC__ && __GNUC__ == 3 && __GNUC_MINOR__ == 0 && !defined __ICC
| #endif
| 
| int
| main ()
| {
| 
|   ;
|   return 0;
| }
configure:15340: g++ -c -g -O2  conftest.cpp >&5
conftest.cpp:27:3: error: #error defined __BORLANDC__
 # error defined __BORLANDC__
   ^
configure:15340: $? = 1
configure: failed program was:
| /* confdefs.h */
| #define PACKAGE_NAME "libopenraw"
| #define PACKAGE_TARNAME "libopenraw"
| #define PACKAGE_VERSION "0.0.9"
| #define PACKAGE_STRING "libopenraw 0.0.9"
| #define PACKAGE_BUGREPORT ""
| #define PACKAGE_URL ""
| #define PACKAGE "libopenraw"
| #define VERSION "0.0.9"
| #define STDC_HEADERS 1
| #define HAVE_SYS_TYPES_H 1
| #define HAVE_SYS_STAT_H 1
| #define HAVE_STDLIB_H 1
| #define HAVE_STRING_H 1
| #define HAVE_MEMORY_H 1
| #define HAVE_STRINGS_H 1
| #define HAVE_INTTYPES_H 1
| #define HAVE_STDINT_H 1
| #define HAVE_UNISTD_H 1
| #define HAVE_DLFCN_H 1
| #define LT_OBJDIR ".libs/"
| /* end confdefs.h.  */
| 
| #if defined __BORLANDC__
| /* OK */
| #else
| # error defined __BORLANDC__
| #endif
| 
| int
| main ()
| {
| 
|   ;
|   return 0;
| }
configure:15340: g++ -c -g -O2  conftest.cpp >&5
conftest.cpp:24:49: error: operator "defined" requires an identifier
 #if defined __ICC && (defined __unix || defined )
                                                 ^
conftest.cpp:24:22: error: missing ')' in expression
 #if defined __ICC && (defined __unix || defined )
                      ^
conftest.cpp:27:3: error: #error defined __ICC && (defined __unix || defined )
 # error defined __ICC && (defined __unix || defined )
   ^
configure:15340: $? = 1
configure: failed program was:
| /* confdefs.h */
| #define PACKAGE_NAME "libopenraw"
| #define PACKAGE_TARNAME "libopenraw"
| #define PACKAGE_VERSION "0.0.9"
| #define PACKAGE_STRING "libopenraw 0.0.9"
| #define PACKAGE_BUGREPORT ""
| #define PACKAGE_URL ""
| #define PACKAGE "libopenraw"
| #define VERSION "0.0.9"
| #define STDC_HEADERS 1
| #define HAVE_SYS_TYPES_H 1
| #define HAVE_SYS_STAT_H 1
| #define HAVE_STDLIB_H 1
| #define HAVE_STRING_H 1
| #define HAVE_MEMORY_H 1
| #define HAVE_STRINGS_H 1
| #define HAVE_INTTYPES_H 1
| #define HAVE_STDINT_H 1
| #define HAVE_UNISTD_H 1
| #define HAVE_DLFCN_H 1
| #define LT_OBJDIR ".libs/"
| /* end confdefs.h.  */
| 
| #if defined __ICC && (defined __unix || defined )
| /* OK */
| #else
| # error defined __ICC && (defined __unix || defined )
| #endif
| 
| int
| main ()
| {
| 
|   ;
|   return 0;
| }
configure:15340: g++ -c -g -O2  conftest.cpp >&5
conftest.cpp:27:3: error: #error defined __ICL
 # error defined __ICL
   ^
configure:15340: $? = 1
configure: failed program was:
| /* confdefs.h */
| #define PACKAGE_NAME "libopenraw"
| #define PACKAGE_TARNAME "libopenraw"
| #define PACKAGE_VERSION "0.0.9"
| #define PACKAGE_STRING "libopenraw 0.0.9"
| #define PACKAGE_BUGREPORT ""
| #define PACKAGE_URL ""
| #define PACKAGE "libopenraw"
| #define VERSION "0.0.9"
| #define STDC_HEADERS 1
| #define HAVE_SYS_TYPES_H 1
| #define HAVE_SYS_STAT_H 1
| #define HAVE_STDLIB_H 1
| #define HAVE_STRING_H 1
| #define HAVE_MEMORY_H 1
| #define HAVE_STRINGS_H 1
| #define HAVE_INTTYPES_H 1
| #define HAVE_STDINT_H 1
| #define HAVE_UNISTD_H 1
| #define HAVE_DLFCN_H 1
| #define LT_OBJDIR ".libs/"
| /* end confdefs.h.  */
| 
| #if defined __ICL
| /* OK */
| #else
| # error defined __ICL
| #endif
| 
| int
| main ()
| {
| 
|   ;
|   return 0;
| }
configure:15340: g++ -c -g -O2  conftest.cpp >&5
conftest.cpp:27:3: error: #error defined _MSC_VER && _MSC_VER == 1300
 # error defined _MSC_VER && _MSC_VER == 1300
   ^
configure:15340: $? = 1
configure: failed program was:
| /* confdefs.h */
| #define PACKAGE_NAME "libopenraw"
| #define PACKAGE_TARNAME "libopenraw"
| #define PACKAGE_VERSION "0.0.9"
| #define PACKAGE_STRING "libopenraw 0.0.9"
| #define PACKAGE_BUGREPORT ""
| #define PACKAGE_URL ""
| #define PACKAGE "libopenraw"
| #define VERSION "0.0.9"
| #define STDC_HEADERS 1
| #define HAVE_SYS_TYPES_H 1
| #define HAVE_SYS_STAT_H 1
| #define HAVE_STDLIB_H 1
| #define HAVE_STRING_H 1
| #define HAVE_MEMORY_H 1
| #define HAVE_STRINGS_H 1
| #define HAVE_INTTYPES_H 1
| #define HAVE_STDINT_H 1
| #define HAVE_UNISTD_H 1
| #define HAVE_DLFCN_H 1
| #define LT_OBJDIR ".libs/"
| /* end confdefs.h.  */
| 
| #if defined _MSC_VER && _MSC_VER == 1300
| /* OK */
| #else
| # error defined _MSC_VER && _MSC_VER == 1300
| #endif
| 
| int
| main ()
| {
| 
|   ;
|   return 0;
| }
configure:15340: g++ -c -g -O2  conftest.cpp >&5
conftest.cpp:27:3: error: #error defined __GNUC__ && __GNUC__ == 4 && __GNUC_MINOR__ == 3 && !defined __ICC
 # error defined __GNUC__ && __GNUC__ == 4 && __GNUC_MINOR__ == 3 && !defined __ICC
   ^
configure:15340: $? = 1
configure: failed program was:
| /* confdefs.h */
| #define PACKAGE_NAME "libopenraw"
| #define PACKAGE_TARNAME "libopenraw"
| #define PACKAGE_VERSION "0.0.9"
| #define PACKAGE_STRING "libopenraw 0.0.9"
| #define PACKAGE_BUGREPORT ""
| #define PACKAGE_URL ""
| #define PACKAGE "libopenraw"
| #define VERSION "0.0.9"
| #define STDC_HEADERS 1
| #define HAVE_SYS_TYPES_H 1
| #define HAVE_SYS_STAT_H 1
| #define HAVE_STDLIB_H 1
| #define HAVE_STRING_H 1
| #define HAVE_MEMORY_H 1
| #define HAVE_STRINGS_H 1
| #define HAVE_INTTYPES_H 1
| #define HAVE_STDINT_H 1
| #define HAVE_UNISTD_H 1
| #define HAVE_DLFCN_H 1
| #define LT_OBJDIR ".libs/"
| /* end confdefs.h.  */
| 
| #if defined __GNUC__ && __GNUC__ == 4 && __GNUC_MINOR__ == 3 && !defined __ICC
| /* OK */
| #else
| # error defined __GNUC__ && __GNUC__ == 4 && __GNUC_MINOR__ == 3 && !defined __ICC
| #endif
| 
| int
| main ()
| {
| 
|   ;
|   return 0;
| }
configure:15340: g++ -c -g -O2  conftest.cpp >&5
conftest.cpp:27:3: error: #error defined __GNUC__ && __GNUC__ == 2 && __GNUC_MINOR__ == 95 && !defined __ICC
 # error defined __GNUC__ && __GNUC__ == 2 && __GNUC_MINOR__ == 95 && !defined __ICC
   ^
configure:15340: $? = 1
configure: failed program was:
| /* confdefs.h */
| #define PACKAGE_NAME "libopenraw"
| #define PACKAGE_TARNAME "libopenraw"
| #define PACKAGE_VERSION "0.0.9"
| #define PACKAGE_STRING "libopenraw 0.0.9"
| #define PACKAGE_BUGREPORT ""
| #define PACKAGE_URL ""
| #define PACKAGE "libopenraw"
| #define VERSION "0.0.9"
| #define STDC_HEADERS 1
| #define HAVE_SYS_TYPES_H 1
| #define HAVE_SYS_STAT_H 1
| #define HAVE_STDLIB_H 1
| #define HAVE_STRING_H 1
| #define HAVE_MEMORY_H 1
| #define HAVE_STRINGS_H 1
| #define HAVE_INTTYPES_H 1
| #define HAVE_STDINT_H 1
| #define HAVE_UNISTD_H 1
| #define HAVE_DLFCN_H 1
| #define LT_OBJDIR ".libs/"
| /* end confdefs.h.  */
| 
| #if defined __GNUC__ && __GNUC__ == 2 && __GNUC_MINOR__ == 95 && !defined __ICC
| /* OK */
| #else
| # error defined __GNUC__ && __GNUC__ == 2 && __GNUC_MINOR__ == 95 && !defined __ICC
| #endif
| 
| int
| main ()
| {
| 
|   ;
|   return 0;
| }
configure:15340: g++ -c -g -O2  conftest.cpp >&5
conftest.cpp:27:3: error: #error defined __MWERKS__ && __MWERKS__ <= 0x32FF
 # error defined __MWERKS__ && __MWERKS__ <= 0x32FF
   ^
configure:15340: $? = 1
configure: failed program was:
| /* confdefs.h */
| #define PACKAGE_NAME "libopenraw"
| #define PACKAGE_TARNAME "libopenraw"
| #define PACKAGE_VERSION "0.0.9"
| #define PACKAGE_STRING "libopenraw 0.0.9"
| #define PACKAGE_BUGREPORT ""
| #define PACKAGE_URL ""
| #define PACKAGE "libopenraw"
| #define VERSION "0.0.9"
| #define STDC_HEADERS 1
| #define HAVE_SYS_TYPES_H 1
| #define HAVE_SYS_STAT_H 1
| #define HAVE_STDLIB_H 1
| #define HAVE_STRING_H 1
| #define HAVE_MEMORY_H 1
| #define HAVE_STRINGS_H 1
| #define HAVE_INTTYPES_H 1
| #define HAVE_STDINT_H 1
| #define HAVE_UNISTD_H 1
| #define HAVE_DLFCN_H 1
| #define LT_OBJDIR ".libs/"
| /* end confdefs.h.  */
| 
| #if defined __MWERKS__ && __MWERKS__ <= 0x32FF
| /* OK */
| #else
| # error defined __MWERKS__ && __MWERKS__ <= 0x32FF
| #endif
| 
| int
| main ()
| {
| 
|   ;
|   return 0;
| }
configure:15340: g++ -c -g -O2  conftest.cpp >&5
conftest.cpp:27:3: error: #error defined _MSC_VER && _MSC_VER < 1300 && !defined UNDER_CE
 # error defined _MSC_VER && _MSC_VER < 1300 && !defined UNDER_CE
   ^
configure:15340: $? = 1
configure: failed program was:
| /* confdefs.h */
| #define PACKAGE_NAME "libopenraw"
| #define PACKAGE_TARNAME "libopenraw"
| #define PACKAGE_VERSION "0.0.9"
| #define PACKAGE_STRING "libopenraw 0.0.9"
| #define PACKAGE_BUGREPORT ""
| #define PACKAGE_URL ""
| #define PACKAGE "libopenraw"
| #define VERSION "0.0.9"
| #define STDC_HEADERS 1
| #define HAVE_SYS_TYPES_H 1
| #define HAVE_SYS_STAT_H 1
| #define HAVE_STDLIB_H 1
| #define HAVE_STRING_H 1
| #define HAVE_MEMORY_H 1
| #define HAVE_STRINGS_H 1
| #define HAVE_INTTYPES_H 1
| #define HAVE_STDINT_H 1
| #define HAVE_UNISTD_H 1
| #define HAVE_DLFCN_H 1
| #define LT_OBJDIR ".libs/"
| /* end confdefs.h.  */
| 
| #if defined _MSC_VER && _MSC_VER < 1300 && !defined UNDER_CE
| /* OK */
| #else
| # error defined _MSC_VER && _MSC_VER < 1300 && !defined UNDER_CE
| #endif
| 
| int
| main ()
| {
| 
|   ;
|   return 0;
| }
configure:15340: g++ -c -g -O2  conftest.cpp >&5
conftest.cpp:27:3: error: #error defined _MSC_VER && _MSC_VER < 1300 && defined UNDER_CE
 # error defined _MSC_VER && _MSC_VER < 1300 && defined UNDER_CE
   ^
configure:15340: $? = 1
configure: failed program was:
| /* confdefs.h */
| #define PACKAGE_NAME "libopenraw"
| #define PACKAGE_TARNAME "libopenraw"
| #define PACKAGE_VERSION "0.0.9"
| #define PACKAGE_STRING "libopenraw 0.0.9"
| #define PACKAGE_BUGREPORT ""
| #define PACKAGE_URL ""
| #define PACKAGE "libopenraw"
| #define VERSION "0.0.9"
| #define STDC_HEADERS 1
| #define HAVE_SYS_TYPES_H 1
| #define HAVE_SYS_STAT_H 1
| #define HAVE_STDLIB_H 1
| #define HAVE_STRING_H 1
| #define HAVE_MEMORY_H 1
| #define HAVE_STRINGS_H 1
| #define HAVE_INTTYPES_H 1
| #define HAVE_STDINT_H 1
| #define HAVE_UNISTD_H 1
| #define HAVE_DLFCN_H 1
| #define LT_OBJDIR ".libs/"
| /* end confdefs.h.  */
| 
| #if defined _MSC_VER && _MSC_VER < 1300 && defined UNDER_CE
| /* OK */
| #else
| # error defined _MSC_VER && _MSC_VER < 1300 && defined UNDER_CE
| #endif
| 
| int
| main ()
| {
| 
|   ;
|   return 0;
| }
configure:15340: g++ -c -g -O2  conftest.cpp >&5
conftest.cpp:27:3: error: #error defined __MWERKS__ && __MWERKS__ <= 0x31FF
 # error defined __MWERKS__ && __MWERKS__ <= 0x31FF
   ^
configure:15340: $? = 1
configure: failed program was:
| /* confdefs.h */
| #define PACKAGE_NAME "libopenraw"
| #define PACKAGE_TARNAME "libopenraw"
| #define PACKAGE_VERSION "0.0.9"
| #define PACKAGE_STRING "libopenraw 0.0.9"
| #define PACKAGE_BUGREPORT ""
| #define PACKAGE_URL ""
| #define PACKAGE "libopenraw"
| #define VERSION "0.0.9"
| #define STDC_HEADERS 1
| #define HAVE_SYS_TYPES_H 1
| #define HAVE_SYS_STAT_H 1
| #define HAVE_STDLIB_H 1
| #define HAVE_STRING_H 1
| #define HAVE_MEMORY_H 1
| #define HAVE_STRINGS_H 1
| #define HAVE_INTTYPES_H 1
| #define HAVE_STDINT_H 1
| #define HAVE_UNISTD_H 1
| #define HAVE_DLFCN_H 1
| #define LT_OBJDIR ".libs/"
| /* end confdefs.h.  */
| 
| #if defined __MWERKS__ && __MWERKS__ <= 0x31FF
| /* OK */
| #else
| # error defined __MWERKS__ && __MWERKS__ <= 0x31FF
| #endif
| 
| int
| main ()
| {
| 
|   ;
|   return 0;
| }
configure:15352: result: unknown
configure:15355: WARNING: could not figure out which toolset name to use for g++
configure:15378: gcc -c -g -O2  conftest.c >&5
conftest.c:27:3: error: #error MT not needed
 # error MT not needed
   ^
configure:15378: $? = 1
configure: failed program was:
| /* confdefs.h */
| #define PACKAGE_NAME "libopenraw"
| #define PACKAGE_TARNAME "libopenraw"
| #define PACKAGE_VERSION "0.0.9"
| #define PACKAGE_STRING "libopenraw 0.0.9"
| #define PACKAGE_BUGREPORT ""
| #define PACKAGE_URL ""
| #define PACKAGE "libopenraw"
| #define VERSION "0.0.9"
| #define STDC_HEADERS 1
| #define HAVE_SYS_TYPES_H 1
| #define HAVE_SYS_STAT_H 1
| #define HAVE_STDLIB_H 1
| #define HAVE_STRING_H 1
| #define HAVE_MEMORY_H 1
| #define HAVE_STRINGS_H 1
| #define HAVE_INTTYPES_H 1
| #define HAVE_STDINT_H 1
| #define HAVE_UNISTD_H 1
| #define HAVE_DLFCN_H 1
| #define LT_OBJDIR ".libs/"
| /* end confdefs.h.  */
| 
| #if defined _REENTRANT || defined _MT || defined __MT__
| /* use -mt */
| #else
| # error MT not needed
| #endif
| 
| int
| main ()
| {
| 
|   ;
|   return 0;
| }
configure:15398: checking boost/test/unit_test.hpp usability
configure:15398: g++ -c -g -O2  -I/usr/include conftest.cpp >&5
configure:15398: $? = 0
configure:15398: result: yes
configure:15398: checking boost/test/unit_test.hpp presence
configure:15398: g++ -E  -I/usr/include conftest.cpp
configure:15398: $? = 0
configure:15398: result: yes
configure:15398: checking for boost/test/unit_test.hpp
configure:15398: result: yes
configure:15424: checking for the Boost unit_test_framework library
configure:15458: g++ -c -g -O2  -I/usr/include conftest.cpp >&5
configure:15458: $? = 0
configure:15510: re-using the existing conftest.o
configure:15516: g++ -o conftest -g -O2  -I/usr/include  -L/usr/lib conftest.o -lboost_unit_test_framework--mt-1_59  >&5
/usr/bin/ld: cannot find -lboost_unit_test_framework--mt-1_59
collect2: error: ld returned 1 exit status
configure:15525: $? = 1
configure:15510: re-using the existing conftest.o
configure:15516: g++ -o conftest -g -O2  -I/usr/include  -L/usr/local/lib conftest.o -lboost_unit_test_framework--mt-1_59  >&5
/usr/bin/ld: cannot find -lboost_unit_test_framework--mt-1_59
collect2: error: ld returned 1 exit status
configure:15525: $? = 1
configure:15510: re-using the existing conftest.o
configure:15516: g++ -o conftest -g -O2  -I/usr/include  -L/usr/lib conftest.o -lboost_unit_test_framework--mt-1_59  >&5
/usr/bin/ld: cannot find -lboost_unit_test_framework--mt-1_59
collect2: error: ld returned 1 exit status
configure:15525: $? = 1
configure:15510: re-using the existing conftest.o
configure:15516: g++ -o conftest -g -O2  -I/usr/include  -L/lib conftest.o -lboost_unit_test_framework--mt-1_59  >&5
/usr/bin/ld: cannot find -lboost_unit_test_framework--mt-1_59
collect2: error: ld returned 1 exit status
configure:15525: $? = 1
configure:15510: re-using the existing conftest.o
configure:15516: g++ -o conftest -g -O2  -I/usr/include  -L/usr/lib64 conftest.o -lboost_unit_test_framework--mt-1_59  >&5
/usr/bin/ld: cannot find -lboost_unit_test_framework--mt-1_59
collect2: error: ld returned 1 exit status
configure:15525: $? = 1
configure:15510: re-using the existing conftest.o
configure:15516: g++ -o conftest -g -O2  -I/usr/include  -L/lib64 conftest.o -lboost_unit_test_framework--mt-1_59  >&5
/usr/bin/ld: cannot find -lboost_unit_test_framework--mt-1_59
collect2: error: ld returned 1 exit status
configure:15525: $? = 1
configure:15510: re-using the existing conftest.o
configure:15516: g++ -o conftest -g -O2  -I/usr/include  -L/usr/lib conftest.o -lboost_unit_test_framework--1_59  >&5
/usr/bin/ld: cannot find -lboost_unit_test_framework--1_59
collect2: error: ld returned 1 exit status
configure:15525: $? = 1
configure:15510: re-using the existing conftest.o
configure:15516: g++ -o conftest -g -O2  -I/usr/include  -L/usr/local/lib conftest.o -lboost_unit_test_framework--1_59  >&5
/usr/bin/ld: cannot find -lboost_unit_test_framework--1_59
collect2: error: ld returned 1 exit status
configure:15525: $? = 1
configure:15510: re-using the existing conftest.o
configure:15516: g++ -o conftest -g -O2  -I/usr/include  -L/usr/lib conftest.o -lboost_unit_test_framework--1_59  >&5
/usr/bin/ld: cannot find -lboost_unit_test_framework--1_59
collect2: error: ld returned 1 exit status
configure:15525: $? = 1
configure:15510: re-using the existing conftest.o
configure:15516: g++ -o conftest -g -O2  -I/usr/include  -L/lib conftest.o -lboost_unit_test_framework--1_59  >&5
/usr/bin/ld: cannot find -lboost_unit_test_framework--1_59
collect2: error: ld returned 1 exit status
configure:15525: $? = 1
configure:15510: re-using the existing conftest.o
configure:15516: g++ -o conftest -g -O2  -I/usr/include  -L/usr/lib64 conftest.o -lboost_unit_test_framework--1_59  >&5
/usr/bin/ld: cannot find -lboost_unit_test_framework--1_59
collect2: error: ld returned 1 exit status
configure:15525: $? = 1
configure:15510: re-using the existing conftest.o
configure:15516: g++ -o conftest -g -O2  -I/usr/include  -L/lib64 conftest.o -lboost_unit_test_framework--1_59  >&5
/usr/bin/ld: cannot find -lboost_unit_test_framework--1_59
collect2: error: ld returned 1 exit status
configure:15525: $? = 1
configure:15510: re-using the existing conftest.o
configure:15516: g++ -o conftest -g -O2  -I/usr/include  -L/usr/lib conftest.o -lboost_unit_test_framework--mt  >&5
/usr/bin/ld: cannot find -lboost_unit_test_framework--mt
collect2: error: ld returned 1 exit status
configure:15525: $? = 1
configure:15510: re-using the existing conftest.o
configure:15516: g++ -o conftest -g -O2  -I/usr/include  -L/usr/local/lib conftest.o -lboost_unit_test_framework--mt  >&5
/usr/bin/ld: cannot find -lboost_unit_test_framework--mt
collect2: error: ld returned 1 exit status
configure:15525: $? = 1
configure:15510: re-using the existing conftest.o
configure:15516: g++ -o conftest -g -O2  -I/usr/include  -L/usr/lib conftest.o -lboost_unit_test_framework--mt  >&5
/usr/bin/ld: cannot find -lboost_unit_test_framework--mt
collect2: error: ld returned 1 exit status
configure:15525: $? = 1
configure:15510: re-using the existing conftest.o
configure:15516: g++ -o conftest -g -O2  -I/usr/include  -L/lib conftest.o -lboost_unit_test_framework--mt  >&5
/usr/bin/ld: cannot find -lboost_unit_test_framework--mt
collect2: error: ld returned 1 exit status
configure:15525: $? = 1
configure:15510: re-using the existing conftest.o
configure:15516: g++ -o conftest -g -O2  -I/usr/include  -L/usr/lib64 conftest.o -lboost_unit_test_framework--mt  >&5
/usr/bin/ld: cannot find -lboost_unit_test_framework--mt
collect2: error: ld returned 1 exit status
configure:15525: $? = 1
configure:15510: re-using the existing conftest.o
configure:15516: g++ -o conftest -g -O2  -I/usr/include  -L/lib64 conftest.o -lboost_unit_test_framework--mt  >&5
/usr/bin/ld: cannot find -lboost_unit_test_framework--mt
collect2: error: ld returned 1 exit status
configure:15525: $? = 1
configure:15510: re-using the existing conftest.o
configure:15516: g++ -o conftest -g -O2  -I/usr/include  -L/usr/lib conftest.o -lboost_unit_test_framework--mt-d-1_59  >&5
/usr/bin/ld: cannot find -lboost_unit_test_framework--mt-d-1_59
collect2: error: ld returned 1 exit status
configure:15525: $? = 1
configure:15510: re-using the existing conftest.o
configure:15516: g++ -o conftest -g -O2  -I/usr/include  -L/usr/local/lib conftest.o -lboost_unit_test_framework--mt-d-1_59  >&5
/usr/bin/ld: cannot find -lboost_unit_test_framework--mt-d-1_59
collect2: error: ld returned 1 exit status
configure:15525: $? = 1
configure:15510: re-using the existing conftest.o
configure:15516: g++ -o conftest -g -O2  -I/usr/include  -L/usr/lib conftest.o -lboost_unit_test_framework--mt-d-1_59  >&5
/usr/bin/ld: cannot find -lboost_unit_test_framework--mt-d-1_59
collect2: error: ld returned 1 exit status
configure:15525: $? = 1
configure:15510: re-using the existing conftest.o
configure:15516: g++ -o conftest -g -O2  -I/usr/include  -L/lib conftest.o -lboost_unit_test_framework--mt-d-1_59  >&5
/usr/bin/ld: cannot find -lboost_unit_test_framework--mt-d-1_59
collect2: error: ld returned 1 exit status
configure:15525: $? = 1
configure:15510: re-using the existing conftest.o
configure:15516: g++ -o conftest -g -O2  -I/usr/include  -L/usr/lib64 conftest.o -lboost_unit_test_framework--mt-d-1_59  >&5
/usr/bin/ld: cannot find -lboost_unit_test_framework--mt-d-1_59
collect2: error: ld returned 1 exit status
configure:15525: $? = 1
configure:15510: re-using the existing conftest.o
configure:15516: g++ -o conftest -g -O2  -I/usr/include  -L/lib64 conftest.o -lboost_unit_test_framework--mt-d-1_59  >&5
/usr/bin/ld: cannot find -lboost_unit_test_framework--mt-d-1_59
collect2: error: ld returned 1 exit status
configure:15525: $? = 1
configure:15510: re-using the existing conftest.o
configure:15516: g++ -o conftest -g -O2  -I/usr/include  -L/usr/lib conftest.o -lboost_unit_test_framework--d-1_59  >&5
/usr/bin/ld: cannot find -lboost_unit_test_framework--d-1_59
collect2: error: ld returned 1 exit status
configure:15525: $? = 1
configure:15510: re-using the existing conftest.o
configure:15516: g++ -o conftest -g -O2  -I/usr/include  -L/usr/local/lib conftest.o -lboost_unit_test_framework--d-1_59  >&5
/usr/bin/ld: cannot find -lboost_unit_test_framework--d-1_59
collect2: error: ld returned 1 exit status
configure:15525: $? = 1
configure:15510: re-using the existing conftest.o
configure:15516: g++ -o conftest -g -O2  -I/usr/include  -L/usr/lib conftest.o -lboost_unit_test_framework--d-1_59  >&5
/usr/bin/ld: cannot find -lboost_unit_test_framework--d-1_59
collect2: error: ld returned 1 exit status
configure:15525: $? = 1
configure:15510: re-using the existing conftest.o
configure:15516: g++ -o conftest -g -O2  -I/usr/include  -L/lib conftest.o -lboost_unit_test_framework--d-1_59  >&5
/usr/bin/ld: cannot find -lboost_unit_test_framework--d-1_59
collect2: error: ld returned 1 exit status
configure:15525: $? = 1
configure:15510: re-using the existing conftest.o
configure:15516: g++ -o conftest -g -O2  -I/usr/include  -L/usr/lib64 conftest.o -lboost_unit_test_framework--d-1_59  >&5
/usr/bin/ld: cannot find -lboost_unit_test_framework--d-1_59
collect2: error: ld returned 1 exit status
configure:15525: $? = 1
configure:15510: re-using the existing conftest.o
configure:15516: g++ -o conftest -g -O2  -I/usr/include  -L/lib64 conftest.o -lboost_unit_test_framework--d-1_59  >&5
/usr/bin/ld: cannot find -lboost_unit_test_framework--d-1_59
collect2: error: ld returned 1 exit status
configure:15525: $? = 1
configure:15510: re-using the existing conftest.o
configure:15516: g++ -o conftest -g -O2  -I/usr/include  -L/usr/lib conftest.o -lboost_unit_test_framework-  >&5
/usr/bin/ld: cannot find -lboost_unit_test_framework-
collect2: error: ld returned 1 exit status
configure:15525: $? = 1
configure:15510: re-using the existing conftest.o
configure:15516: g++ -o conftest -g -O2  -I/usr/include  -L/usr/local/lib conftest.o -lboost_unit_test_framework-  >&5
/usr/bin/ld: cannot find -lboost_unit_test_framework-
collect2: error: ld returned 1 exit status
configure:15525: $? = 1
configure:15510: re-using the existing conftest.o
configure:15516: g++ -o conftest -g -O2  -I/usr/include  -L/usr/lib conftest.o -lboost_unit_test_framework-  >&5
/usr/bin/ld: cannot find -lboost_unit_test_framework-
collect2: error: ld returned 1 exit status
configure:15525: $? = 1
configure:15510: re-using the existing conftest.o
configure:15516: g++ -o conftest -g -O2  -I/usr/include  -L/lib conftest.o -lboost_unit_test_framework-  >&5
/usr/bin/ld: cannot find -lboost_unit_test_framework-
collect2: error: ld returned 1 exit status
configure:15525: $? = 1
configure:15510: re-using the existing conftest.o
configure:15516: g++ -o conftest -g -O2  -I/usr/include  -L/usr/lib64 conftest.o -lboost_unit_test_framework-  >&5
/usr/bin/ld: cannot find -lboost_unit_test_framework-
collect2: error: ld returned 1 exit status
configure:15525: $? = 1
configure:15510: re-using the existing conftest.o
configure:15516: g++ -o conftest -g -O2  -I/usr/include  -L/lib64 conftest.o -lboost_unit_test_framework-  >&5
/usr/bin/ld: cannot find -lboost_unit_test_framework-
collect2: error: ld returned 1 exit status
configure:15525: $? = 1
configure:15510: re-using the existing conftest.o
configure:15516: g++ -o conftest -g -O2  -I/usr/include  -L/usr/lib conftest.o -lboost_unit_test_framework--mt-d  >&5
/usr/bin/ld: cannot find -lboost_unit_test_framework--mt-d
collect2: error: ld returned 1 exit status
configure:15525: $? = 1
configure:15510: re-using the existing conftest.o
configure:15516: g++ -o conftest -g -O2  -I/usr/include  -L/usr/local/lib conftest.o -lboost_unit_test_framework--mt-d  >&5
/usr/bin/ld: cannot find -lboost_unit_test_framework--mt-d
collect2: error: ld returned 1 exit status
configure:15525: $? = 1
configure:15510: re-using the existing conftest.o
configure:15516: g++ -o conftest -g -O2  -I/usr/include  -L/usr/lib conftest.o -lboost_unit_test_framework--mt-d  >&5
/usr/bin/ld: cannot find -lboost_unit_test_framework--mt-d
collect2: error: ld returned 1 exit status
configure:15525: $? = 1
configure:15510: re-using the existing conftest.o
configure:15516: g++ -o conftest -g -O2  -I/usr/include  -L/lib conftest.o -lboost_unit_test_framework--mt-d  >&5
/usr/bin/ld: cannot find -lboost_unit_test_framework--mt-d
collect2: error: ld returned 1 exit status
configure:15525: $? = 1
configure:15510: re-using the existing conftest.o
configure:15516: g++ -o conftest -g -O2  -I/usr/include  -L/usr/lib64 conftest.o -lboost_unit_test_framework--mt-d  >&5
/usr/bin/ld: cannot find -lboost_unit_test_framework--mt-d
collect2: error: ld returned 1 exit status
configure:15525: $? = 1
configure:15510: re-using the existing conftest.o
configure:15516: g++ -o conftest -g -O2  -I/usr/include  -L/lib64 conftest.o -lboost_unit_test_framework--mt-d  >&5
/usr/bin/ld: cannot find -lboost_unit_test_framework--mt-d
collect2: error: ld returned 1 exit status
configure:15525: $? = 1
configure:15510: re-using the existing conftest.o
configure:15516: g++ -o conftest -g -O2  -I/usr/include  -L/usr/lib conftest.o -lboost_unit_test_framework--d  >&5
/usr/bin/ld: cannot find -lboost_unit_test_framework--d
collect2: error: ld returned 1 exit status
configure:15525: $? = 1
configure:15510: re-using the existing conftest.o
configure:15516: g++ -o conftest -g -O2  -I/usr/include  -L/usr/local/lib conftest.o -lboost_unit_test_framework--d  >&5
/usr/bin/ld: cannot find -lboost_unit_test_framework--d
collect2: error: ld returned 1 exit status
configure:15525: $? = 1
configure:15510: re-using the existing conftest.o
configure:15516: g++ -o conftest -g -O2  -I/usr/include  -L/usr/lib conftest.o -lboost_unit_test_framework--d  >&5
/usr/bin/ld: cannot find -lboost_unit_test_framework--d
collect2: error: ld returned 1 exit status
configure:15525: $? = 1
configure:15510: re-using the existing conftest.o
configure:15516: g++ -o conftest -g -O2  -I/usr/include  -L/lib conftest.o -lboost_unit_test_framework--d  >&5
/usr/bin/ld: cannot find -lboost_unit_test_framework--d
collect2: error: ld returned 1 exit status
configure:15525: $? = 1
configure:15510: re-using the existing conftest.o
configure:15516: g++ -o conftest -g -O2  -I/usr/include  -L/usr/lib64 conftest.o -lboost_unit_test_framework--d  >&5
/usr/bin/ld: cannot find -lboost_unit_test_framework--d
collect2: error: ld returned 1 exit status
configure:15525: $? = 1
configure:15510: re-using the existing conftest.o
configure:15516: g++ -o conftest -g -O2  -I/usr/include  -L/lib64 conftest.o -lboost_unit_test_framework--d  >&5
/usr/bin/ld: cannot find -lboost_unit_test_framework--d
collect2: error: ld returned 1 exit status
configure:15525: $? = 1
configure:15510: re-using the existing conftest.o
configure:15516: g++ -o conftest -g -O2  -I/usr/include  -L/usr/lib conftest.o -lboost_unit_test_framework-mt-1_59  >&5
/usr/bin/ld: cannot find -lboost_unit_test_framework-mt-1_59
collect2: error: ld returned 1 exit status
configure:15525: $? = 1
configure:15510: re-using the existing conftest.o
configure:15516: g++ -o conftest -g -O2  -I/usr/include  -L/usr/local/lib conftest.o -lboost_unit_test_framework-mt-1_59  >&5
/usr/bin/ld: cannot find -lboost_unit_test_framework-mt-1_59
collect2: error: ld returned 1 exit status
configure:15525: $? = 1
configure:15510: re-using the existing conftest.o
configure:15516: g++ -o conftest -g -O2  -I/usr/include  -L/usr/lib conftest.o -lboost_unit_test_framework-mt-1_59  >&5
/usr/bin/ld: cannot find -lboost_unit_test_framework-mt-1_59
collect2: error: ld returned 1 exit status
configure:15525: $? = 1
configure:15510: re-using the existing conftest.o
configure:15516: g++ -o conftest -g -O2  -I/usr/include  -L/lib conftest.o -lboost_unit_test_framework-mt-1_59  >&5
/usr/bin/ld: cannot find -lboost_unit_test_framework-mt-1_59
collect2: error: ld returned 1 exit status
configure:15525: $? = 1
configure:15510: re-using the existing conftest.o
configure:15516: g++ -o conftest -g -O2  -I/usr/include  -L/usr/lib64 conftest.o -lboost_unit_test_framework-mt-1_59  >&5
/usr/bin/ld: cannot find -lboost_unit_test_framework-mt-1_59
collect2: error: ld returned 1 exit status
configure:15525: $? = 1
configure:15510: re-using the existing conftest.o
configure:15516: g++ -o conftest -g -O2  -I/usr/include  -L/lib64 conftest.o -lboost_unit_test_framework-mt-1_59  >&5
/usr/bin/ld: cannot find -lboost_unit_test_framework-mt-1_59
collect2: error: ld returned 1 exit status
configure:15525: $? = 1
configure:15510: re-using the existing conftest.o
configure:15516: g++ -o conftest -g -O2  -I/usr/include  -L/usr/lib conftest.o -lboost_unit_test_framework-1_59  >&5
/usr/bin/ld: cannot find -lboost_unit_test_framework-1_59
collect2: error: ld returned 1 exit status
configure:15525: $? = 1
configure:15510: re-using the existing conftest.o
configure:15516: g++ -o conftest -g -O2  -I/usr/include  -L/usr/local/lib conftest.o -lboost_unit_test_framework-1_59  >&5
/usr/bin/ld: cannot find -lboost_unit_test_framework-1_59
collect2: error: ld returned 1 exit status
configure:15525: $? = 1
configure:15510: re-using the existing conftest.o
configure:15516: g++ -o conftest -g -O2  -I/usr/include  -L/usr/lib conftest.o -lboost_unit_test_framework-1_59  >&5
/usr/bin/ld: cannot find -lboost_unit_test_framework-1_59
collect2: error: ld returned 1 exit status
configure:15525: $? = 1
configure:15510: re-using the existing conftest.o
configure:15516: g++ -o conftest -g -O2  -I/usr/include  -L/lib conftest.o -lboost_unit_test_framework-1_59  >&5
/usr/bin/ld: cannot find -lboost_unit_test_framework-1_59
collect2: error: ld returned 1 exit status
configure:15525: $? = 1
configure:15510: re-using the existing conftest.o
configure:15516: g++ -o conftest -g -O2  -I/usr/include  -L/usr/lib64 conftest.o -lboost_unit_test_framework-1_59  >&5
/usr/bin/ld: cannot find -lboost_unit_test_framework-1_59
collect2: error: ld returned 1 exit status
configure:15525: $? = 1
configure:15510: re-using the existing conftest.o
configure:15516: g++ -o conftest -g -O2  -I/usr/include  -L/lib64 conftest.o -lboost_unit_test_framework-1_59  >&5
/usr/bin/ld: cannot find -lboost_unit_test_framework-1_59
collect2: error: ld returned 1 exit status
configure:15525: $? = 1
configure:15510: re-using the existing conftest.o
configure:15516: g++ -o conftest -g -O2  -I/usr/include  -L/usr/lib conftest.o -lboost_unit_test_framework-mt  >&5
/usr/bin/ld: cannot find -lboost_unit_test_framework-mt
collect2: error: ld returned 1 exit status
configure:15525: $? = 1
configure:15510: re-using the existing conftest.o
configure:15516: g++ -o conftest -g -O2  -I/usr/include  -L/usr/local/lib conftest.o -lboost_unit_test_framework-mt  >&5
/usr/bin/ld: cannot find -lboost_unit_test_framework-mt
collect2: error: ld returned 1 exit status
configure:15525: $? = 1
configure:15510: re-using the existing conftest.o
configure:15516: g++ -o conftest -g -O2  -I/usr/include  -L/usr/lib conftest.o -lboost_unit_test_framework-mt  >&5
/usr/bin/ld: cannot find -lboost_unit_test_framework-mt
collect2: error: ld returned 1 exit status
configure:15525: $? = 1
configure:15510: re-using the existing conftest.o
configure:15516: g++ -o conftest -g -O2  -I/usr/include  -L/lib conftest.o -lboost_unit_test_framework-mt  >&5
/usr/bin/ld: cannot find -lboost_unit_test_framework-mt
collect2: error: ld returned 1 exit status
configure:15525: $? = 1
configure:15510: re-using the existing conftest.o
configure:15516: g++ -o conftest -g -O2  -I/usr/include  -L/usr/lib64 conftest.o -lboost_unit_test_framework-mt  >&5
/usr/bin/ld: cannot find -lboost_unit_test_framework-mt
collect2: error: ld returned 1 exit status
configure:15525: $? = 1
configure:15510: re-using the existing conftest.o
configure:15516: g++ -o conftest -g -O2  -I/usr/include  -L/lib64 conftest.o -lboost_unit_test_framework-mt  >&5
/usr/bin/ld: cannot find -lboost_unit_test_framework-mt
collect2: error: ld returned 1 exit status
configure:15525: $? = 1
configure:15510: re-using the existing conftest.o
configure:15516: g++ -o conftest -g -O2  -I/usr/include  -L/usr/lib conftest.o -lboost_unit_test_framework-mt-d-1_59  >&5
/usr/bin/ld: cannot find -lboost_unit_test_framework-mt-d-1_59
collect2: error: ld returned 1 exit status
configure:15525: $? = 1
configure:15510: re-using the existing conftest.o
configure:15516: g++ -o conftest -g -O2  -I/usr/include  -L/usr/local/lib conftest.o -lboost_unit_test_framework-mt-d-1_59  >&5
/usr/bin/ld: cannot find -lboost_unit_test_framework-mt-d-1_59
collect2: error: ld returned 1 exit status
configure:15525: $? = 1
configure:15510: re-using the existing conftest.o
configure:15516: g++ -o conftest -g -O2  -I/usr/include  -L/usr/lib conftest.o -lboost_unit_test_framework-mt-d-1_59  >&5
/usr/bin/ld: cannot find -lboost_unit_test_framework-mt-d-1_59
collect2: error: ld returned 1 exit status
configure:15525: $? = 1
configure:15510: re-using the existing conftest.o
configure:15516: g++ -o conftest -g -O2  -I/usr/include  -L/lib conftest.o -lboost_unit_test_framework-mt-d-1_59  >&5
/usr/bin/ld: cannot find -lboost_unit_test_framework-mt-d-1_59
collect2: error: ld returned 1 exit status
configure:15525: $? = 1
configure:15510: re-using the existing conftest.o
configure:15516: g++ -o conftest -g -O2  -I/usr/include  -L/usr/lib64 conftest.o -lboost_unit_test_framework-mt-d-1_59  >&5
/usr/bin/ld: cannot find -lboost_unit_test_framework-mt-d-1_59
collect2: error: ld returned 1 exit status
configure:15525: $? = 1
configure:15510: re-using the existing conftest.o
configure:15516: g++ -o conftest -g -O2  -I/usr/include  -L/lib64 conftest.o -lboost_unit_test_framework-mt-d-1_59  >&5
/usr/bin/ld: cannot find -lboost_unit_test_framework-mt-d-1_59
collect2: error: ld returned 1 exit status
configure:15525: $? = 1
configure:15510: re-using the existing conftest.o
configure:15516: g++ -o conftest -g -O2  -I/usr/include  -L/usr/lib conftest.o -lboost_unit_test_framework-d-1_59  >&5
/usr/bin/ld: cannot find -lboost_unit_test_framework-d-1_59
collect2: error: ld returned 1 exit status
configure:15525: $? = 1
configure:15510: re-using the existing conftest.o
configure:15516: g++ -o conftest -g -O2  -I/usr/include  -L/usr/local/lib conftest.o -lboost_unit_test_framework-d-1_59  >&5
/usr/bin/ld: cannot find -lboost_unit_test_framework-d-1_59
collect2: error: ld returned 1 exit status
configure:15525: $? = 1
configure:15510: re-using the existing conftest.o
configure:15516: g++ -o conftest -g -O2  -I/usr/include  -L/usr/lib conftest.o -lboost_unit_test_framework-d-1_59  >&5
/usr/bin/ld: cannot find -lboost_unit_test_framework-d-1_59
collect2: error: ld returned 1 exit status
configure:15525: $? = 1
configure:15510: re-using the existing conftest.o
configure:15516: g++ -o conftest -g -O2  -I/usr/include  -L/lib conftest.o -lboost_unit_test_framework-d-1_59  >&5
/usr/bin/ld: cannot find -lboost_unit_test_framework-d-1_59
collect2: error: ld returned 1 exit status
configure:15525: $? = 1
configure:15510: re-using the existing conftest.o
configure:15516: g++ -o conftest -g -O2  -I/usr/include  -L/usr/lib64 conftest.o -lboost_unit_test_framework-d-1_59  >&5
/usr/bin/ld: cannot find -lboost_unit_test_framework-d-1_59
collect2: error: ld returned 1 exit status
configure:15525: $? = 1
configure:15510: re-using the existing conftest.o
configure:15516: g++ -o conftest -g -O2  -I/usr/include  -L/lib64 conftest.o -lboost_unit_test_framework-d-1_59  >&5
/usr/bin/ld: cannot find -lboost_unit_test_framework-d-1_59
collect2: error: ld returned 1 exit status
configure:15525: $? = 1
configure:15510: re-using the existing conftest.o
configure:15516: g++ -o conftest -g -O2  -I/usr/include  -L/usr/lib conftest.o /usr/lib/libboost_unit_test_framework.a  >&5
configure:15525: $? = 0
configure:15562: result: yes
configure:15587: checking boost/scoped_ptr.hpp usability
configure:15587: g++ -c -g -O2  -I/usr/include conftest.cpp >&5
configure:15587: $? = 0
configure:15587: result: yes
configure:15587: checking boost/scoped_ptr.hpp presence
configure:15587: g++ -E  -I/usr/include conftest.cpp
configure:15587: $? = 0
configure:15587: result: yes
configure:15587: checking for boost/scoped_ptr.hpp
configure:15587: result: yes
configure:15611: checking boost/shared_ptr.hpp usability
configure:15611: g++ -c -g -O2  -I/usr/include conftest.cpp >&5
configure:15611: $? = 0
configure:15611: result: yes
configure:15611: checking boost/shared_ptr.hpp presence
configure:15611: g++ -E  -I/usr/include conftest.cpp
configure:15611: $? = 0
configure:15611: result: yes
configure:15611: checking for boost/shared_ptr.hpp
configure:15611: result: yes
configure:15636: checking boost/algorithm/string.hpp usability
configure:15636: g++ -c -g -O2  -I/usr/include conftest.cpp >&5
configure:15636: $? = 0
configure:15636: result: yes
configure:15636: checking boost/algorithm/string.hpp presence
configure:15636: g++ -E  -I/usr/include conftest.cpp
configure:15636: $? = 0
configure:15636: result: yes
configure:15636: checking for boost/algorithm/string.hpp
configure:15636: result: yes
configure:15661: checking boost/bind.hpp usability
configure:15661: g++ -c -g -O2  -I/usr/include conftest.cpp >&5
configure:15661: $? = 0
configure:15661: result: yes
configure:15661: checking boost/bind.hpp presence
configure:15661: g++ -E  -I/usr/include conftest.cpp
configure:15661: $? = 0
configure:15661: result: yes
configure:15661: checking for boost/bind.hpp
configure:15661: result: yes
configure:15685: checking boost/variant/variant_fwd.hpp usability
configure:15685: g++ -c -g -O2  -I/usr/include conftest.cpp >&5
configure:15685: $? = 0
configure:15685: result: yes
configure:15685: checking boost/variant/variant_fwd.hpp presence
configure:15685: g++ -E  -I/usr/include conftest.cpp
configure:15685: $? = 0
configure:15685: result: yes
configure:15685: checking for boost/variant/variant_fwd.hpp
configure:15685: result: yes
configure:15709: checking boost/variant.hpp usability
configure:15709: g++ -c -g -O2  -I/usr/include conftest.cpp >&5
configure:15709: $? = 0
configure:15709: result: yes
configure:15709: checking boost/variant.hpp presence
configure:15709: g++ -E  -I/usr/include conftest.cpp
configure:15709: $? = 0
configure:15709: result: yes
configure:15709: checking for boost/variant.hpp
configure:15709: result: yes
configure:15733: checking jpeglib.h usability
configure:15733: gcc -c -g -O2  conftest.c >&5
configure:15733: $? = 0
configure:15733: result: yes
configure:15733: checking jpeglib.h presence
configure:15733: gcc -E  conftest.c
configure:15733: $? = 0
configure:15733: result: yes
configure:15733: checking for jpeglib.h
configure:15733: result: yes
configure:15751: checking for x86_64-unknown-linux-pkg-config
configure:15784: result: no
configure:15794: checking for pkg-config
configure:15812: found /usr/bin/pkg-config
configure:15824: result: /usr/bin/pkg-config
configure:15849: checking pkg-config is at least version 0.9.0
configure:15852: result: yes
configure:15862: checking for LIBXML
configure:15869: $PKG_CONFIG --exists --print-errors "libxml-2.0 >= 2.5.0"
configure:15872: $? = 0
configure:15885: $PKG_CONFIG --exists --print-errors "libxml-2.0 >= 2.5.0"
configure:15888: $? = 0
configure:15947: result: yes
configure:15954: checking for CURL
configure:15961: $PKG_CONFIG --exists --print-errors "libcurl"
configure:15964: $? = 0
configure:15977: $PKG_CONFIG --exists --print-errors "libcurl"
configure:15980: $? = 0
configure:16017: result: yes
configure:16030: checking for get_current_dir_name
configure:16030: gcc -o conftest -g -O2   conftest.c  >&5
configure:16030: $? = 0
configure:16030: result: yes
configure:16062: checking for LIBGLIB
configure:16069: $PKG_CONFIG --exists --print-errors "glib-2.0 >= $LIBGLIB_REQUIRED"
configure:16072: $? = 0
configure:16085: $PKG_CONFIG --exists --print-errors "glib-2.0 >= $LIBGLIB_REQUIRED"
configure:16088: $? = 0
configure:16125: result: yes
configure:16137: checking for LIBGDKPIXBUF
configure:16144: $PKG_CONFIG --exists --print-errors "gdk-pixbuf-2.0 >= $LIBGDKPIXBUF_REQUIRED"
configure:16147: $? = 0
configure:16160: $PKG_CONFIG --exists --print-errors "gdk-pixbuf-2.0 >= $LIBGDKPIXBUF_REQUIRED"
configure:16163: $? = 0
configure:16200: result: yes
configure:16239: checking CFLAGS for gcc -Wextra
configure:16266: gcc -c -g -O2 -pedantic -Werror  -Wextra  conftest.c >&5
configure:16266: $? = 0
configure:16280: result: -Wextra
configure:16292: : CFLAGS="$CFLAGS $ac_cv_cflags_gcc_option__Wextra"
configure:16295: $? = 0
configure:16302: checking CXXFLAGS for gcc -Wextra
configure:16329: g++ -c -g -O2 -pedantic -Werror  -Wextra  conftest.cpp >&5
configure:16329: $? = 0
configure:16343: result: -Wextra
configure:16355: : CXXFLAGS="$CXXFLAGS $ac_cv_cxxflags_gcc_option__Wextra"
configure:16358: $? = 0
configure:16379: checking for sed
configure:16407: result: /usr/bin/sed
configure:16573: creating ./config.status

## ---------------------- ##
## Running config.status. ##
## ---------------------- ##

This file was extended by libopenraw config.status 0.0.9, which was
generated by GNU Autoconf 2.68.  Invocation command line was

  CONFIG_FILES    = 
  CONFIG_HEADERS  = 
  CONFIG_LINKS    = 
  CONFIG_COMMANDS = 
  $ ./config.status 

on db9a020124e2

config.status:1219: creating Makefile
config.status:1219: creating shave
config.status:1219: creating shave-libtool
config.status:1219: creating include/Makefile
config.status:1219: creating include/libopenraw/Makefile
config.status:1219: creating include/libopenraw++/Makefile
config.status:1219: creating lib/Makefile
config.status:1219: creating lib/capi/Makefile
config.status:1219: creating lib/io/Makefile
config.status:1219: creating lib/libopenraw-1.0.pc
config.status:1219: creating gnome/Makefile
config.status:1219: creating gnome/libopenraw-gnome-1.0.pc
config.status:1219: creating gnome/include/Makefile
config.status:1219: creating gnome/include/libopenraw-gnome/Makefile
config.status:1219: creating doc/Makefile
config.status:1219: creating doc/Doxyfile
config.status:1219: creating doc/doxygen/Makefile
config.status:1219: creating test/Makefile
config.status:1219: creating testsuite/Makefile
config.status:1219: creating tools/Makefile
config.status:1219: creating demo/Makefile
config.status:1219: creating config.h
config.status:1448: executing depfiles commands
config.status:1448: executing libtool commands

## ---------------- ##
## Cache variables. ##
## ---------------- ##

ac_cv_build=x86_64-unknown-linux-gnu
ac_cv_c_compiler_gnu=yes
ac_cv_cflags_gcc_option__Wextra=-Wextra
ac_cv_cxx_compiler_gnu=yes
ac_cv_cxxflags_gcc_option__Wextra=-Wextra
ac_cv_env_CCC_set=
ac_cv_env_CCC_value=
ac_cv_env_CC_set=
ac_cv_env_CC_value=
ac_cv_env_CFLAGS_set=
ac_cv_env_CFLAGS_value=
ac_cv_env_CPPFLAGS_set=
ac_cv_env_CPPFLAGS_value=
ac_cv_env_CPP_set=
ac_cv_env_CPP_value=
ac_cv_env_CURL_CFLAGS_set=
ac_cv_env_CURL_CFLAGS_value=
ac_cv_env_CURL_LIBS_set=
ac_cv_env_CURL_LIBS_value=
ac_cv_env_CXXCPP_set=
ac_cv_env_CXXCPP_value=
ac_cv_env_CXXFLAGS_set=
ac_cv_env_CXXFLAGS_value=
ac_cv_env_CXX_set=
ac_cv_env_CXX_value=
ac_cv_env_LDFLAGS_set=
ac_cv_env_LDFLAGS_value=
ac_cv_env_LIBGDKPIXBUF_CFLAGS_set=
ac_cv_env_LIBGDKPIXBUF_CFLAGS_value=
ac_cv_env_LIBGDKPIXBUF_LIBS_set=
ac_cv_env_LIBGDKPIXBUF_LIBS_value=
ac_cv_env_LIBGLIB_CFLAGS_set=
ac_cv_env_LIBGLIB_CFLAGS_value=
ac_cv_env_LIBGLIB_LIBS_set=
ac_cv_env_LIBGLIB_LIBS_value=
ac_cv_env_LIBS_set=
ac_cv_env_LIBS_value=
ac_cv_env_LIBXML_CFLAGS_set=
ac_cv_env_LIBXML_CFLAGS_value=
ac_cv_env_LIBXML_LIBS_set=
ac_cv_env_LIBXML_LIBS_value=
ac_cv_env_PKG_CONFIG_LIBDIR_set=
ac_cv_env_PKG_CONFIG_LIBDIR_value=
ac_cv_env_PKG_CONFIG_PATH_set=
ac_cv_env_PKG_CONFIG_PATH_value=
ac_cv_env_PKG_CONFIG_set=
ac_cv_env_PKG_CONFIG_value=
ac_cv_env_build_alias_set=
ac_cv_env_build_alias_value=
ac_cv_env_host_alias_set=set
ac_cv_env_host_alias_value=x86_64-unknown-linux
ac_cv_env_target_alias_set=
ac_cv_env_target_alias_value=
ac_cv_func_get_current_dir_name=yes
ac_cv_header_boost_algorithm_string_hpp=yes
ac_cv_header_boost_bind_hpp=yes
ac_cv_header_boost_scoped_ptr_hpp=yes
ac_cv_header_boost_shared_ptr_hpp=yes
ac_cv_header_boost_test_unit_test_hpp=yes
ac_cv_header_boost_variant_hpp=yes
ac_cv_header_boost_variant_variant_fwd_hpp=yes
ac_cv_header_dlfcn_h=yes
ac_cv_header_inttypes_h=yes
ac_cv_header_jpeglib_h=yes
ac_cv_header_memory_h=yes
ac_cv_header_stdc=yes
ac_cv_header_stdint_h=yes
ac_cv_header_stdlib_h=yes
ac_cv_header_string_h=yes
ac_cv_header_strings_h=yes
ac_cv_header_sys_stat_h=yes
ac_cv_header_sys_types_h=yes
ac_cv_header_unistd_h=yes
ac_cv_host=x86_64-unknown-linux-gnu
ac_cv_objext=o
ac_cv_path_EGREP='/usr/bin/grep -E'
ac_cv_path_FGREP='/usr/bin/grep -F'
ac_cv_path_GREP=/usr/bin/grep
ac_cv_path_SED=/usr/bin/sed
ac_cv_path_ac_pt_PKG_CONFIG=/usr/bin/pkg-config
ac_cv_path_install='/usr/bin/install -c'
ac_cv_path_mkdir=/usr/bin/mkdir
ac_cv_prog_AWK=gawk
ac_cv_prog_CPP='gcc -E'
ac_cv_prog_CXXCPP='g++ -E'
ac_cv_prog_SED=/usr/bin/sed
ac_cv_prog_STRIP=strip
ac_cv_prog_ac_ct_AR=ar
ac_cv_prog_ac_ct_CC=gcc
ac_cv_prog_ac_ct_CXX=g++
ac_cv_prog_ac_ct_OBJDUMP=objdump
ac_cv_prog_ac_ct_RANLIB=ranlib
ac_cv_prog_ac_ct_STRIP=strip
ac_cv_prog_cc_c89=
ac_cv_prog_cc_g=yes
ac_cv_prog_cxx_g=yes
ac_cv_prog_make_make_set=yes
am_cv_CC_dependencies_compiler_type=gcc3
am_cv_CXX_dependencies_compiler_type=gcc3
boost_cv_inc_path=/usr/include
boost_cv_lib_tag=
boost_cv_lib_unit_test_framework=yes
boost_cv_lib_unit_test_framework_LDFLAGS='-L/usr/lib -R/usr/lib'
boost_cv_lib_unit_test_framework_LIBS=/usr/lib/libboost_unit_test_framework.a
boost_cv_lib_version=1_59
lt_cv_ar_at_file=@
lt_cv_archive_cmds_need_lc=no
lt_cv_deplibs_check_method=pass_all
lt_cv_file_magic_cmd='$MAGIC_CMD'
lt_cv_file_magic_test_file=
lt_cv_ld_reload_flag=-r
lt_cv_nm_interface='BSD nm'
lt_cv_objdir=.libs
lt_cv_path_LD=/usr/bin/ld
lt_cv_path_LDCXX='/usr/bin/ld -m elf_x86_64'
lt_cv_path_NM='/usr/bin/nm -B'
lt_cv_path_mainfest_tool=no
lt_cv_prog_compiler_c_o=yes
lt_cv_prog_compiler_c_o_CXX=yes
lt_cv_prog_compiler_pic='-fPIC -DPIC'
lt_cv_prog_compiler_pic_CXX='-fPIC -DPIC'
lt_cv_prog_compiler_pic_works=yes
lt_cv_prog_compiler_pic_works_CXX=yes
lt_cv_prog_compiler_rtti_exceptions=no
lt_cv_prog_compiler_static_works=yes
lt_cv_prog_compiler_static_works_CXX=yes
lt_cv_prog_gnu_ld=yes
lt_cv_prog_gnu_ldcxx=yes
lt_cv_sharedlib_from_linklib_cmd='printf %s\n'
lt_cv_shlibpath_overrides_runpath=no
lt_cv_sys_global_symbol_pipe='sed -n -e '\''s/^.*[	 ]\([ABCDGIRSTW][ABCDGIRSTW]*\)[	 ][	 ]*\([_A-Za-z][_A-Za-z0-9]*\)$/\1 \2 \2/p'\'' | sed '\''/ __gnu_lto/d'\'''
lt_cv_sys_global_symbol_to_c_name_address='sed -n -e '\''s/^: \([^ ]*\)[ ]*$/  {\"\1\", (void *) 0},/p'\'' -e '\''s/^[ABCDGIRSTW]* \([^ ]*\) \([^ ]*\)$/  {"\2", (void *) \&\2},/p'\'''
lt_cv_sys_global_symbol_to_c_name_address_lib_prefix='sed -n -e '\''s/^: \([^ ]*\)[ ]*$/  {\"\1\", (void *) 0},/p'\'' -e '\''s/^[ABCDGIRSTW]* \([^ ]*\) \(lib[^ ]*\)$/  {"\2", (void *) \&\2},/p'\'' -e '\''s/^[ABCDGIRSTW]* \([^ ]*\) \([^ ]*\)$/  {"lib\2", (void *) \&\2},/p'\'''
lt_cv_sys_global_symbol_to_cdecl='sed -n -e '\''s/^T .* \(.*\)$/extern int \1();/p'\'' -e '\''s/^[ABCDGIRSTW]* .* \(.*\)$/extern char \1;/p'\'''
lt_cv_sys_max_cmd_len=1572864
lt_cv_to_host_file_cmd=func_convert_file_noop
lt_cv_to_tool_file_cmd=func_convert_file_noop
pkg_cv_CURL_CFLAGS=
pkg_cv_CURL_LIBS=-lcurl
pkg_cv_LIBGDKPIXBUF_CFLAGS='-pthread -I/usr/include/gdk-pixbuf-2.0 -I/usr/include/libpng16 -I/usr/include/glib-2.0 -I/usr/lib/glib-2.0/include'
pkg_cv_LIBGDKPIXBUF_LIBS='-lgdk_pixbuf-2.0 -lgobject-2.0 -lglib-2.0'
pkg_cv_LIBGLIB_CFLAGS='-I/usr/include/glib-2.0 -I/usr/lib/glib-2.0/include'
pkg_cv_LIBGLIB_LIBS=-lglib-2.0
pkg_cv_LIBXML_CFLAGS=-I/usr/include/libxml2
pkg_cv_LIBXML_LIBS=-lxml2

## ----------------- ##
## Output variables. ##
## ----------------- ##

ACLOCAL='${SHELL} /tmp/libopenraw/src/libopenraw-0.0.9/missing --run aclocal-1.11'
AMDEPBACKSLASH='\'
AMDEP_FALSE='#'
AMDEP_TRUE=''
AMTAR='${SHELL} /tmp/libopenraw/src/libopenraw-0.0.9/missing --run tar'
AM_MAKEFLAGS='`test -z $V && echo -s`'
AR='ar'
AUTOCONF='${SHELL} /tmp/libopenraw/src/libopenraw-0.0.9/missing --run autoconf'
AUTOHEADER='${SHELL} /tmp/libopenraw/src/libopenraw-0.0.9/missing --run autoheader'
AUTOMAKE='${SHELL} /tmp/libopenraw/src/libopenraw-0.0.9/missing --run automake-1.11'
AWK='gawk'
BOOST_CPPFLAGS='-I/usr/include'
BOOST_UNIT_TEST_FRAMEWORK_LDFLAGS='-L/usr/lib -R/usr/lib'
BOOST_UNIT_TEST_FRAMEWORK_LIBS='/usr/lib/libboost_unit_test_framework.a'
BUILD_GNOME_SUPPORT_FALSE='#'
BUILD_GNOME_SUPPORT_TRUE=''
CC='$(SHELL) $(shavedir)/shave cc '\''$(SHAVE_SAVED_CC)'\'''
CCDEPMODE='depmode=gcc3'
CFLAGS='-g -O2 -Wextra -pedantic -g -Wall'
CPP='gcc -E'
CPPFLAGS=''
CURL_CFLAGS=''
CURL_LIBS='-lcurl'
CXX='$(SHELL) $(shavedir)/shave cxx '\''$(SHAVE_SAVED_CXX)'\'''
CXXCPP='g++ -E'
CXXDEPMODE='depmode=gcc3'
CXXFLAGS='-g -O2 -Wextra -ansi -pedantic -g -Wall -Wshadow'
CYGPATH_W='echo'
DEFS='-DHAVE_CONFIG_H'
DEPDIR='.deps'
DISTCHECK_CONFIGURE_FLAGS=' '\''--with-boost='\'''
DLLTOOL='false'
DSYMUTIL=''
DUMPBIN=''
ECHO_C=''
ECHO_N='-n'
ECHO_T=''
EGREP='/usr/bin/grep -E'
EXEEXT=''
FGREP='/usr/bin/grep -F'
GDK_PIXBUF_DIR='/usr/lib/gdk-pixbuf-2.0/2.10.0/loaders'
GREP='/usr/bin/grep'
INSTALL_DATA='${INSTALL} -m 644'
INSTALL_PROGRAM='${INSTALL}'
INSTALL_SCRIPT='${INSTALL}'
INSTALL_STRIP_PROGRAM='$(install_sh) -c -s'
LD='/usr/bin/ld -m elf_x86_64'
LDFLAGS=''
LIBGDKPIXBUF_CFLAGS='-pthread -I/usr/include/gdk-pixbuf-2.0 -I/usr/include/libpng16 -I/usr/include/glib-2.0 -I/usr/lib/glib-2.0/include'
LIBGDKPIXBUF_LIBS='-lgdk_pixbuf-2.0 -lgobject-2.0 -lglib-2.0'
LIBGDKPIXBUF_REQUIRED='2.0.0'
LIBGLIB_CFLAGS='-I/usr/include/glib-2.0 -I/usr/lib/glib-2.0/include'
LIBGLIB_LIBS='-lglib-2.0'
LIBGLIB_REQUIRED='2.0.0'
LIBOBJS=''
LIBOPENRAW_AGE='6'
LIBOPENRAW_CURRENT='7'
LIBOPENRAW_CURRENT_MIN='1'
LIBOPENRAW_INCLUDE_BASE='libopenraw-1.0'
LIBOPENRAW_MAJOR_VERSION='1.0'
LIBOPENRAW_REVISION='0'
LIBOPENRAW_VERSION_INFO='7:0:6'
LIBS=''
LIBTOOL='$(SHELL) $(shavedir)/shave-libtool '\''$(SHAVE_SAVED_LIBTOOL)'\'''
LIBXML_CFLAGS='-I/usr/include/libxml2'
LIBXML_LIBS='-lxml2'
LIPO=''
LN_S='ln -s'
LTLIBOBJS=''
MAINT='#'
MAINTAINER_MODE_FALSE=''
MAINTAINER_MODE_TRUE='#'
MAKEFLAGS='-s'
MAKEINFO='${SHELL} /tmp/libopenraw/src/libopenraw-0.0.9/missing --run makeinfo'
MANIFEST_TOOL=':'
MKDIR_P='/usr/bin/mkdir -p'
NM='/usr/bin/nm -B'
NMEDIT=''
OBJDUMP='objdump'
OBJEXT='o'
OTOOL64=''
OTOOL=''
PACKAGE='libopenraw'
PACKAGE_BUGREPORT=''
PACKAGE_NAME='libopenraw'
PACKAGE_STRING='libopenraw 0.0.9'
PACKAGE_TARNAME='libopenraw'
PACKAGE_URL=''
PACKAGE_VERSION='0.0.9'
PATH_SEPARATOR=':'
PKG_CONFIG='/usr/bin/pkg-config'
PKG_CONFIG_LIBDIR=''
PKG_CONFIG_PATH=''
RANLIB='ranlib'
SED='/usr/bin/sed'
SET_MAKE=''
SHAVE_SAVED_CC='gcc'
SHAVE_SAVED_CXX='g++'
SHAVE_SAVED_LIBTOOL='$(SHELL) $(top_builddir)/libtool'
SHELL='/bin/sh'
STRIP='strip'
VERSION='0.0.9'
ac_ct_AR='ar'
ac_ct_CC='gcc'
ac_ct_CXX='g++'
ac_ct_DUMPBIN=''
am__EXEEXT_FALSE=''
am__EXEEXT_TRUE='#'
am__fastdepCC_FALSE='#'
am__fastdepCC_TRUE=''
am__fastdepCXX_FALSE='#'
am__fastdepCXX_TRUE=''
am__include='include'
am__isrc=''
am__leading_dot='.'
am__quote=''
am__tar='${AMTAR} chof - "$$tardir"'
am__untar='${AMTAR} xf -'
bindir='${exec_prefix}/bin'
build='x86_64-unknown-linux-gnu'
build_alias=''
build_cpu='x86_64'
build_os='linux-gnu'
build_vendor='unknown'
datadir='${datarootdir}'
datarootdir='${prefix}/share'
docdir='${datarootdir}/doc/${PACKAGE_TARNAME}'
dvidir='${docdir}'
exec_prefix='${prefix}'
host='x86_64-unknown-linux-gnu'
host_alias='x86_64-unknown-linux'
host_cpu='x86_64'
host_os='linux-gnu'
host_vendor='unknown'
htmldir='${docdir}'
includedir='${prefix}/include'
infodir='${datarootdir}/info'
install_sh='${SHELL} /tmp/libopenraw/src/libopenraw-0.0.9/install-sh'
libdir='${exec_prefix}/lib'
libexecdir='${exec_prefix}/libexec'
localedir='${datarootdir}/locale'
localstatedir='${prefix}/var'
mandir='${datarootdir}/man'
mkdir_p='/usr/bin/mkdir -p'
oldincludedir='/usr/include'
pdfdir='${docdir}'
pkgconfigdir='${libdir}/pkgconfig'
prefix='/usr'
program_transform_name='s,x,x,'
psdir='${docdir}'
sbindir='${exec_prefix}/sbin'
sharedstatedir='${prefix}/com'
shavedir='$(top_builddir)'
sysconfdir='${prefix}/etc'
target_alias=''

## ----------- ##
## confdefs.h. ##
## ----------- ##

/* confdefs.h */
#define PACKAGE_NAME "libopenraw"
#define PACKAGE_TARNAME "libopenraw"
#define PACKAGE_VERSION "0.0.9"
#define PACKAGE_STRING "libopenraw 0.0.9"
#define PACKAGE_BUGREPORT ""
#define PACKAGE_URL ""
#define PACKAGE "libopenraw"
#define VERSION "0.0.9"
#define STDC_HEADERS 1
#define HAVE_SYS_TYPES_H 1
#define HAVE_SYS_STAT_H 1
#define HAVE_STDLIB_H 1
#define HAVE_STRING_H 1
#define HAVE_MEMORY_H 1
#define HAVE_STRINGS_H 1
#define HAVE_INTTYPES_H 1
#define HAVE_STDINT_H 1
#define HAVE_UNISTD_H 1
#define HAVE_DLFCN_H 1
#define LT_OBJDIR ".libs/"
#define HAVE_BOOST_TEST_UNIT_TEST_HPP 1
#define HAVE_BOOST_SCOPED_PTR_HPP 1
#define HAVE_BOOST_SHARED_PTR_HPP 1
#define HAVE_BOOST_ALGORITHM_STRING_HPP 1
#define HAVE_BOOST_BIND_HPP 1
#define HAVE_BOOST_VARIANT_VARIANT_FWD_HPP 1
#define HAVE_BOOST_VARIANT_HPP 1
#define HAVE_CURL 1
#define HAVE_GET_CURRENT_DIR_NAME 1
#define HAVE_LIBGLIB 1
#define HAVE_LIBGDKPIXBUF 1

configure: exit 0

===> Finished printing config.logs></pre></code>
        </body></html>
