        <html><head></head><body>
        <h1>Report for medusa on toolchain
            <a href="index.html">vanilla</a>
        </h1>
        <p>Return code: 0</p>
        <p>Time to run: 00:00:37</p>
        <p>Log output:</p>
        <code><pre><docker run --rm -v /tuscan_data --volumes-from tuscan_data -v /sources --volumes-from sources -v /var/cache/pacman/pkg --volumes-from pkg_cache_vanilla -v logs:/logs make_package_container --sources-directory /sources --shared-directory /tuscan_data medusa
:: Synchronizing package databases...
downloading repo.db...
downloading core.db...
downloading extra.db...
downloading community.db...
Found 3148 packages in cache
Found permanent source directory in /sources/medusa
===> sudo -u tuscan  makepkg --noextract --syncdeps --skipinteg --skippgpcheck --skipchecksums --noconfirm --nocolor --log --noprogressbar --nocheck
==> Making package: medusa 2.1.1-3 (Sat Nov 14 12:20:16 UTC 2015)
==> Checking runtime dependencies...
==> Checking buildtime dependencies...
==> Installing missing dependencies...
resolving dependencies...
looking for conflicting packages...

Packages (9) apr-1.5.2-1  apr-util-1.5.4-1  fuse-2.9.4-1  postgresql-libs-9.4.5-1  serf-1.3.8-1  sqlite-3.9.2-1  afpfs-ng-0.8.1-9  libpqxx-4.0.1-2  subversion-1.9.2-1

Total Download Size:    0.17 MiB
Total Installed Size:  47.68 MiB

:: Proceed with installation? [Y/n] 
:: Retrieving packages ...
downloading libpqxx-4.0.1-2-x86_64.pkg.tar.xz...
checking keyring...
checking package integrity...
loading package files...
checking for file conflicts...
checking available disk space...
installing postgresql-libs...
installing libpqxx...
installing fuse...
installing afpfs-ng...
installing sqlite...
installing apr...
installing apr-util...
Optional dependencies for apr-util
    gdbm: enable gdbm support [installed]
    libldap: enable ldap support [installed]
    unixodbc: enable odbc support
    libmariadbclient: enable mysql/mariadb support
    postgresql-libs: enable postgres support [installed]
    db: enable berkley db support [installed]
    sqlite: enable sqlite support [installed]
    nss: enable nss crypto support
    openssl: enable openssl crypto support [installed]
installing serf...
installing subversion...
Optional dependencies for subversion
    libgnome-keyring: for GNOME Keyring for auth credentials
    kdebase-runtime: for KWallet for auth credentials
    bash-completion: for svn bash completion
    python2: for some hook scripts
    java-environment: for Java support
    ruby: for some hook scripts
==> WARNING: Using existing $srcdir/ tree
==> Starting build()...
configure: WARNING: if you wanted to set the --build type, don't use --host.
    If a cross compiler is detected then cross compile mode will be used
checking build system type... x86_64-unknown-linux-gnu
checking host system type... x86_64-unknown-linux-gnu
checking target system type... x86_64-unknown-linux-gnu
checking for a BSD-compatible install... /usr/bin/install -c
checking whether build environment is sane... yes
checking for x86_64-unknown-linux-strip... no
checking for strip... strip
checking for a thread-safe mkdir -p... /usr/bin/mkdir -p
checking for gawk... gawk
checking whether make sets $(MAKE)... yes
checking for x86_64-unknown-linux-gcc... no
checking for gcc... gcc
checking whether the C compiler works... yes
checking for C compiler default output file name... a.out
checking for suffix of executables... 
checking whether we are cross compiling... no
checking for suffix of object files... o
checking whether we are using the GNU C compiler... yes
checking whether gcc accepts -g... yes
checking for gcc option to accept ISO C89... none needed
checking for style of include used by make... GNU
checking dependency style of gcc... gcc3
checking how to run the C preprocessor... gcc -E
checking for grep that handles long lines and -e... /usr/bin/grep
checking for egrep... /usr/bin/grep -E
checking for ANSI C header files... yes
checking for sys/types.h... yes
checking for sys/stat.h... yes
checking for stdlib.h... yes
checking for string.h... yes
checking for memory.h... yes
checking for strings.h... yes
checking for inttypes.h... yes
checking for stdint.h... yes
checking for unistd.h... yes
checking size of int... 4
checking size of long... 8
checking size of long long... 8
checking size of short... 2
checking whether to enable debugging... yes
configure: checking for pthread support...
checking for main in -lpthread... yes
configure: checking for dlopen/dlclose...
checking for dlclose in -ldl... yes
checking for library containing clock_gettime... none required
checking for clock_gettime... yes
configure: checking for OpenSSL Library and Header files...
checking for CRYPTO_lock in -lcrypto... yes
checking openssl/ssl.h usability... yes
checking openssl/ssl.h presence... yes
checking for openssl/ssl.h... yes
checking for main in -lssl... yes
configure: *** Checking module dependencies and enabling accordingly ***
configure: checking for AFPFS-NG Library and Header files...
checking afpfs-ng/afp_protocol.h usability... yes
checking afpfs-ng/afp_protocol.h presence... yes
checking for afpfs-ng/afp_protocol.h... yes
checking for main in -lafpclient... yes
checking whether to enable AFP module... yes
checking whether to enable CVS module... yes
checking whether to enable FTP module... yes
checking whether to enable HTTP module... yes
checking whether to enable IMAP module... yes
checking whether to enable MSSQL module... yes
checking whether to enable MYSQL module... yes
configure: checking for NCPFS Library and Header files...
checking ncp/nwcalls.h usability... no
checking ncp/nwcalls.h presence... no
checking for ncp/nwcalls.h... no
configure: WARNING:  *** NCPFS header files required for NCP module. ***

    The NCPFS package must be installed for the NCP module to function. This includes
    both the library and header files. If your distribution does not include these
    files or offer a ncpfs-devel package, the files can be manually installed using
    "make install-dev" within the NCPFS source. The NCP module will NOT be built.


checking whether to enable NCP module... no
checking whether to enable NNTP module... yes
checking whether to enable PCANYWHERE module... yes
checking whether to enable POP3 module... yes
configure: checking for PostgreSQL Library and Header files...
checking libpq-fe.h usability... yes
checking libpq-fe.h presence... yes
checking for libpq-fe.h... yes
checking for main in -lpq... yes
checking whether to enable POSTGRES module... yes
checking whether to enable REXEC module... yes
checking whether to enable RLOGIN module... yes
checking whether to enable RSH module... yes
checking whether to enable SMBNT module... yes
checking whether to enable SMTP module... yes
checking whether to enable SMTP-VRFY module... yes
checking whether to enable SNMP module... yes
configure: checking for Libssh2 Library files...
checking for main in -lssh2... yes
checking whether to enable SSH module... yes
configure: checking for Subversion Library and Header files...
checking for apr-1-config... /usr/bin/apr-1-config
checking /usr/include/apr-1/apr_tables.h usability... yes
checking /usr/include/apr-1/apr_tables.h presence... yes
checking for /usr/include/apr-1/apr_tables.h... yes
checking subversion-1/svn_client.h usability... yes
checking subversion-1/svn_client.h presence... yes
checking for subversion-1/svn_client.h... yes
checking for main in -lsvn_client-1... yes
checking whether to enable SVN module... yes
checking whether to enable TELNET module... yes
checking whether to enable VMAUTHD module... yes
checking whether to enable VNC module... yes
checking whether to enable WRAPPER module... yes
checking whether to enable WEB-FORM module... yes
configure: 
configure: *******************************************************
configure:     Medusa Module Build Summary
configure: 
configure:     AFP             Enabled
configure:     CVS             Enabled
configure:     FTP             Enabled
configure:     HTTP            Enabled
configure:     IMAP            Enabled
configure:     MSSQL           Enabled
configure:     MYSQL           Enabled
configure:     NCP             ** Disabled **
configure:     NNTP            Enabled
configure:     PCANYWHERE      Enabled
configure:     POP3            Enabled
configure:     POSTGRES        Enabled
configure:     REXEC           Enabled
configure:     RLOGIN          Enabled
configure:     RSH             Enabled
configure:     SMBNT           Enabled
configure:     SMTP            Enabled
configure:     SMTP-VRFY       Enabled
configure:     SNMP            Enabled
configure:     SSH             Enabled
configure:     SVN             Enabled
configure:     TELNET          Enabled
configure:     VMAUTHD         Enabled
configure:     VNC             Enabled
configure:     WRAPPER         Enabled
configure:     WEB-FORM        Enabled
configure: 
configure:  If a module is unexpectedly marked as disabled, check 
configure:  above output and verify dependancies were satisfied. 
configure: 
configure:  It should also be noted that, by default, not all of 
configure:  the modules are built. Incomplete modules or modules 
configure:  which have not been sufficiently tested may be 
configure:  disabled. To enable non-default modules, use the 
configure:  "--enable-module-MODULE_NAME" configure option.
configure: *******************************************************
configure: 
checking for strcasestr... yes
checking for asprintf... yes
checking for vasprintf... yes
configure: creating ./config.status
config.status: creating Makefile
config.status: creating src/Makefile
config.status: creating src/modsrc/Makefile
config.status: creating config.h
config.status: executing depfiles commands
make  all-recursive
make[1]: Entering directory '/tmp/medusa/src/medusa-2.1.1'
Making all in src
make[2]: Entering directory '/tmp/medusa/src/medusa-2.1.1/src'
Making all in modsrc
make[3]: Entering directory '/tmp/medusa/src/medusa-2.1.1/src/modsrc'
gcc -DHAVE_CONFIG_H -I. -I../.. -I../../src   -g -DDEBUG -fPIC -I/usr/include -I/usr/local/include -I/usr/local/ssl/include -I/usr/include/postgresql -I/usr/include/pgsql -I/usr/include/afpfs-ng  -I/usr/include/apr-1   -DLINUX -D_REENTRANT -D_GNU_SOURCE  -g -O2 -MT afp.o -MD -MP -MF .deps/afp.Tpo -c -o afp.o afp.c
afp.c: In function 'summaryUsage':
afp.c:97:5: warning: implicit declaration of function 'writeError' [-Wimplicit-function-declaration]
     writeError(ERR_ERROR, "%s reports an error in summaryUsage() : ppszSummary must be NULL when called", MODULE_NAME);
     ^
afp.c: In function 'showUsage':
afp.c:104:3: warning: implicit declaration of function 'writeVerbose' [-Wimplicit-function-declaration]
   writeVerbose(VB_NONE, "%s (%s) %s :: %s\n", MODULE_NAME, MODULE_VERSION, MODULE_AUTHOR, MODULE_SUMMARY_USAGE);
   ^
afp.c: In function 'initModule':
afp.c:154:7: warning: implicit declaration of function 'getNextCredSet' [-Wimplicit-function-declaration]
   if (getNextCredSet(psLogin, psCredSet) == FAILURE)
       ^
afp.c: In function 'tryLogin':
afp.c:336:3: warning: implicit declaration of function 'setPassResult' [-Wimplicit-function-declaration]
   setPassResult((*psLogin), szPassword);
   ^
mv -f .deps/afp.Tpo .deps/afp.Po
gcc -DHAVE_CONFIG_H -I. -I../.. -I../../src   -g -DDEBUG -fPIC -I/usr/include -I/usr/local/include -I/usr/local/ssl/include -I/usr/include/postgresql -I/usr/include/pgsql -I/usr/include/afpfs-ng  -I/usr/include/apr-1   -DLINUX -D_REENTRANT -D_GNU_SOURCE  -g -O2 -MT medusa-trace.o -MD -MP -MF .deps/medusa-trace.Tpo -c -o medusa-trace.o `test -f '../medusa-trace.c' || echo './'`../medusa-trace.c
mv -f .deps/medusa-trace.Tpo .deps/medusa-trace.Po
gcc  -g -O2 -fPIC  -L/usr/local/lib -rdynamic  -o afp.mod afp.o medusa-trace.o /usr/lib/libafpclient.so.0 -lpq -lssh2 -lsvn_client-1 -shared -lcrypto -ldl -lpthread  -lssl -lcrypto -ldl -lrt -lm
gcc -DHAVE_CONFIG_H -I. -I../.. -I../../src   -g -DDEBUG -fPIC -I/usr/include -I/usr/local/include -I/usr/local/ssl/include -I/usr/include/postgresql -I/usr/include/pgsql -I/usr/include/afpfs-ng  -I/usr/include/apr-1   -DLINUX -D_REENTRANT -D_GNU_SOURCE  -g -O2 -MT cvs.o -MD -MP -MF .deps/cvs.Tpo -c -o cvs.o cvs.c
cvs.c: In function 'summaryUsage':
cvs.c:84:5: warning: implicit declaration of function 'writeError' [-Wimplicit-function-declaration]
     writeError(ERR_ERROR, "%s reports an error in summaryUsage() : ppszSummary must be NULL when called", MODULE_NAME);
     ^
cvs.c: In function 'showUsage':
cvs.c:92:3: warning: implicit declaration of function 'writeVerbose' [-Wimplicit-function-declaration]
   writeVerbose(VB_NONE, "%s (%s) %s :: %s\n", MODULE_NAME, MODULE_VERSION, MODULE_AUTHOR, MODULE_SUMMARY_USAGE);
   ^
cvs.c: In function 'initModule':
cvs.c:165:7: warning: implicit declaration of function 'getNextCredSet' [-Wimplicit-function-declaration]
   if (getNextCredSet(psLogin, psCredSet) == FAILURE)
       ^
cvs.c: In function 'tryLogin':
cvs.c:360:3: warning: implicit declaration of function 'setPassResult' [-Wimplicit-function-declaration]
   setPassResult((*psLogin), szPassword);
   ^
mv -f .deps/cvs.Tpo .deps/cvs.Po
gcc  -g -O2 -fPIC  -L/usr/local/lib -rdynamic  -o cvs.mod cvs.o medusa-trace.o /usr/lib/libafpclient.so.0 -lpq -lssh2 -lsvn_client-1 -shared -lcrypto -ldl -lpthread  -lssl -lcrypto -ldl -lrt -lm
gcc -DHAVE_CONFIG_H -I. -I../.. -I../../src   -g -DDEBUG -fPIC -I/usr/include -I/usr/local/include -I/usr/local/ssl/include -I/usr/include/postgresql -I/usr/include/pgsql -I/usr/include/afpfs-ng  -I/usr/include/apr-1   -DLINUX -D_REENTRANT -D_GNU_SOURCE  -g -O2 -MT ftp.o -MD -MP -MF .deps/ftp.Tpo -c -o ftp.o ftp.c
ftp.c: In function 'summaryUsage':
ftp.c:92:5: warning: implicit declaration of function 'writeError' [-Wimplicit-function-declaration]
     writeError(ERR_ERROR, "%s reports an error in summaryUsage() : ppszSummary must be NULL when called", MODULE_NAME);
     ^
ftp.c: In function 'showUsage':
ftp.c:99:3: warning: implicit declaration of function 'writeVerbose' [-Wimplicit-function-declaration]
   writeVerbose(VB_NONE, "%s (%s) %s :: %s\n", MODULE_NAME, MODULE_VERSION, MODULE_AUTHOR, MODULE_SUMMARY_USAGE);
   ^
ftp.c: In function 'initModule':
ftp.c:198:7: warning: implicit declaration of function 'getNextCredSet' [-Wimplicit-function-declaration]
   if (getNextCredSet(psLogin, psCredSet) == FAILURE)
       ^
ftp.c:312:14: warning: implicit declaration of function 'medusaCheckSocket' [-Wimplicit-function-declaration]
         if ( medusaCheckSocket(hSocket, psLogin->psServer->psAudit->iSocketWait) )
              ^
ftp.c: In function 'tryLogin':
ftp.c:535:3: warning: implicit declaration of function 'setPassResult' [-Wimplicit-function-declaration]
   setPassResult((*psLogin), szPassword);
   ^
mv -f .deps/ftp.Tpo .deps/ftp.Po
gcc  -g -O2 -fPIC -L/usr/local/lib -rdynamic  -o ftp.mod ftp.o medusa-trace.o /usr/lib/libafpclient.so.0 -lpq -lssh2 -lsvn_client-1 -shared -lcrypto -ldl -lpthread  -lssl -lcrypto -ldl -lrt -lm
gcc -DHAVE_CONFIG_H -I. -I../.. -I../../src   -g -DDEBUG -fPIC -I/usr/include -I/usr/local/include -I/usr/local/ssl/include -I/usr/include/postgresql -I/usr/include/pgsql -I/usr/include/afpfs-ng  -I/usr/include/apr-1   -DLINUX -D_REENTRANT -D_GNU_SOURCE  -g -O2 -MT http.o -MD -MP -MF .deps/http.Tpo -c -o http.o http.c
http.c: In function 'summaryUsage':
http.c:106:5: warning: implicit declaration of function 'writeError' [-Wimplicit-function-declaration]
     writeError(ERR_ERROR, "%s reports an error in summaryUsage() : ppszSummary must be NULL when called", MODULE_NAME);
     ^
http.c: In function 'showUsage':
http.c:113:3: warning: implicit declaration of function 'writeVerbose' [-Wimplicit-function-declaration]
   writeVerbose(VB_NONE, "%s (%s) %s :: %s\n", MODULE_NAME, MODULE_VERSION, MODULE_AUTHOR, MODULE_SUMMARY_USAGE);
   ^
http.c: In function 'initModule':
http.c:239:7: warning: implicit declaration of function 'getNextCredSet' [-Wimplicit-function-declaration]
   if (getNextCredSet(_psLogin, psCredSet) == FAILURE)
       ^
http.c: In function 'tryLogin':
http.c:882:7: warning: implicit declaration of function 'setPassResult' [-Wimplicit-function-declaration]
       setPassResult(*login, szPassword);
       ^
mv -f .deps/http.Tpo .deps/http.Po
gcc -DHAVE_CONFIG_H -I. -I../.. -I../../src   -g -DDEBUG -fPIC -I/usr/include -I/usr/local/include -I/usr/local/ssl/include -I/usr/include/postgresql -I/usr/include/pgsql -I/usr/include/afpfs-ng  -I/usr/include/apr-1   -DLINUX -D_REENTRANT -D_GNU_SOURCE  -g -O2 -MT ntlm.o -MD -MP -MF .deps/ntlm.Tpo -c -o ntlm.o ntlm.c
mv -f .deps/ntlm.Tpo .deps/ntlm.Po
gcc -DHAVE_CONFIG_H -I. -I../.. -I../../src   -g -DDEBUG -fPIC -I/usr/include -I/usr/local/include -I/usr/local/ssl/include -I/usr/include/postgresql -I/usr/include/pgsql -I/usr/include/afpfs-ng  -I/usr/include/apr-1   -DLINUX -D_REENTRANT -D_GNU_SOURCE  -g -O2 -MT http-digest.o -MD -MP -MF .deps/http-digest.Tpo -c -o http-digest.o http-digest.c
mv -f .deps/http-digest.Tpo .deps/http-digest.Po
gcc  -g -O2 -fPIC -L/usr/local/lib -rdynamic  -o http.mod http.o ntlm.o http-digest.o medusa-trace.o /usr/lib/libafpclient.so.0 -lpq -lssh2 -lsvn_client-1 -shared -lcrypto -ldl -lpthread  -lssl -lcrypto -ldl -lrt -lm
gcc -DHAVE_CONFIG_H -I. -I../.. -I../../src   -g -DDEBUG -fPIC -I/usr/include -I/usr/local/include -I/usr/local/ssl/include -I/usr/include/postgresql -I/usr/include/pgsql -I/usr/include/afpfs-ng  -I/usr/include/apr-1   -DLINUX -D_REENTRANT -D_GNU_SOURCE  -g -O2 -MT imap.o -MD -MP -MF .deps/imap.Tpo -c -o imap.o imap.c
imap.c: In function 'summaryUsage':
imap.c:102:5: warning: implicit declaration of function 'writeError' [-Wimplicit-function-declaration]
     writeError(ERR_ERROR, "%s reports an error in summaryUsage() : ppszSummary must be NULL when called", MODULE_NAME);
     ^
imap.c: In function 'showUsage':
imap.c:109:3: warning: implicit declaration of function 'writeVerbose' [-Wimplicit-function-declaration]
   writeVerbose(VB_NONE, "%s (%s) %s :: %s\n", MODULE_NAME, MODULE_VERSION, MODULE_AUTHOR, MODULE_SUMMARY_USAGE);
   ^
imap.c: In function 'initModule':
imap.c:232:7: warning: implicit declaration of function 'getNextCredSet' [-Wimplicit-function-declaration]
   if (getNextCredSet(psLogin, psCredSet) == FAILURE)
       ^
imap.c:301:14: warning: implicit declaration of function 'medusaCheckSocket' [-Wimplicit-function-declaration]
         if ( medusaCheckSocket(hSocket, psLogin->psServer->psAudit->iSocketWait) )
              ^
imap.c: In function 'tryLogin':
imap.c:740:5: warning: implicit declaration of function 'setPassResult' [-Wimplicit-function-declaration]
     setPassResult(*psLogin, szPassword);
     ^
mv -f .deps/imap.Tpo .deps/imap.Po
gcc  -g -O2 -fPIC -L/usr/local/lib -rdynamic  -o imap.mod imap.o ntlm.o medusa-trace.o /usr/lib/libafpclient.so.0 -lpq -lssh2 -lsvn_client-1 -shared -lcrypto -ldl -lpthread  -lssl -lcrypto -ldl -lrt -lm
gcc -DHAVE_CONFIG_H -I. -I../.. -I../../src   -g -DDEBUG -fPIC -I/usr/include -I/usr/local/include -I/usr/local/ssl/include -I/usr/include/postgresql -I/usr/include/pgsql -I/usr/include/afpfs-ng  -I/usr/include/apr-1   -DLINUX -D_REENTRANT -D_GNU_SOURCE  -g -O2 -MT mssql.o -MD -MP -MF .deps/mssql.Tpo -c -o mssql.o mssql.c
mssql.c: In function 'summaryUsage':
mssql.c:103:5: warning: implicit declaration of function 'writeError' [-Wimplicit-function-declaration]
     writeError(ERR_ERROR, "%s reports an error in summaryUsage() : ppszSummary must be NULL when called", MODULE_NAME);
     ^
mssql.c: In function 'showUsage':
mssql.c:110:3: warning: implicit declaration of function 'writeVerbose' [-Wimplicit-function-declaration]
   writeVerbose(VB_NONE, "%s (%s) %s :: %s\n", MODULE_NAME, MODULE_VERSION, MODULE_AUTHOR, MODULE_SUMMARY_USAGE);
   ^
mssql.c: In function 'initModule':
mssql.c:154:7: warning: implicit declaration of function 'getNextCredSet' [-Wimplicit-function-declaration]
   if (getNextCredSet(psLogin, psCredSet) == FAILURE)
       ^
mssql.c: In function 'tryLogin':
mssql.c:536:3: warning: implicit declaration of function 'setPassResult' [-Wimplicit-function-declaration]
   setPassResult((*psLogin), szPassword);
   ^
mv -f .deps/mssql.Tpo .deps/mssql.Po
gcc  -g -O2 -fPIC -L/usr/local/lib -rdynamic  -o mssql.mod mssql.o medusa-trace.o /usr/lib/libafpclient.so.0 -lpq -lssh2 -lsvn_client-1 -shared -lcrypto -ldl -lpthread  -lssl -lcrypto -ldl -lrt -lm
gcc -DHAVE_CONFIG_H -I. -I../.. -I../../src   -g -DDEBUG -fPIC -I/usr/include -I/usr/local/include -I/usr/local/ssl/include -I/usr/include/postgresql -I/usr/include/pgsql -I/usr/include/afpfs-ng  -I/usr/include/apr-1   -DLINUX -D_REENTRANT -D_GNU_SOURCE  -g -O2 -MT mysql.o -MD -MP -MF .deps/mysql.Tpo -c -o mysql.o mysql.c
mysql.c: In function 'summaryUsage':
mysql.c:99:5: warning: implicit declaration of function 'writeError' [-Wimplicit-function-declaration]
     writeError(ERR_ERROR, "%s reports an error in summaryUsage() : ppszSummary must be NULL when called", MODULE_NAME);
     ^
mysql.c: In function 'showUsage':
mysql.c:107:3: warning: implicit declaration of function 'writeVerbose' [-Wimplicit-function-declaration]
   writeVerbose(VB_NONE, "%s (%s) %s :: %s\n", MODULE_NAME, MODULE_VERSION, MODULE_AUTHOR, MODULE_SUMMARY_USAGE);
   ^
mysql.c: In function 'initModule':
mysql.c:188:7: warning: implicit declaration of function 'getNextCredSet' [-Wimplicit-function-declaration]
   if (getNextCredSet(psLogin, psCredSet) == FAILURE)
       ^
mysql.c: In function 'scramble':
mysql.c:433:3: warning: implicit declaration of function 'sha1_reset' [-Wimplicit-function-declaration]
   sha1_reset(&sha1_context);
   ^
mysql.c:445:3: warning: implicit declaration of function 'sha1_input' [-Wimplicit-function-declaration]
   sha1_input(&sha1_context, (uint8 *) password, strlen(password));
   ^
mysql.c:446:3: warning: implicit declaration of function 'sha1_result' [-Wimplicit-function-declaration]
   sha1_result(&sha1_context, hash_stage1);
   ^
mysql.c: In function 'tryLogin':
mysql.c:840:3: warning: implicit declaration of function 'setPassResult' [-Wimplicit-function-declaration]
   setPassResult((*psLogin), szPassword);
   ^
mv -f .deps/mysql.Tpo .deps/mysql.Po
gcc -DHAVE_CONFIG_H -I. -I../.. -I../../src   -g -DDEBUG -fPIC -I/usr/include -I/usr/local/include -I/usr/local/ssl/include -I/usr/include/postgresql -I/usr/include/pgsql -I/usr/include/afpfs-ng  -I/usr/include/apr-1   -DLINUX -D_REENTRANT -D_GNU_SOURCE  -g -O2 -MT sha1.o -MD -MP -MF .deps/sha1.Tpo -c -o sha1.o sha1.c
mv -f .deps/sha1.Tpo .deps/sha1.Po
gcc  -g -O2 -fPIC -L/usr/local/lib -rdynamic  -o mysql.mod mysql.o medusa-trace.o sha1.o /usr/lib/libafpclient.so.0 -lpq -lssh2 -lsvn_client-1 -shared -lcrypto -ldl -lpthread  -lssl -lcrypto -ldl -lrt -lm
gcc -DHAVE_CONFIG_H -I. -I../.. -I../../src   -g -DDEBUG -fPIC -I/usr/include -I/usr/local/include -I/usr/local/ssl/include -I/usr/include/postgresql -I/usr/include/pgsql -I/usr/include/afpfs-ng  -I/usr/include/apr-1   -DLINUX -D_REENTRANT -D_GNU_SOURCE  -g -O2 -MT nntp.o -MD -MP -MF .deps/nntp.Tpo -c -o nntp.o nntp.c
nntp.c: In function 'summaryUsage':
nntp.c:89:5: warning: implicit declaration of function 'writeError' [-Wimplicit-function-declaration]
     writeError(ERR_ERROR, "%s reports an error in summaryUsage() : ppszSummary must be NULL when called", MODULE_NAME);
     ^
nntp.c: In function 'showUsage':
nntp.c:96:3: warning: implicit declaration of function 'writeVerbose' [-Wimplicit-function-declaration]
   writeVerbose(VB_NONE, "%s (%s) %s :: %s\n", MODULE_NAME, MODULE_VERSION, MODULE_AUTHOR, MODULE_SUMMARY_USAGE);
   ^
nntp.c: In function 'initModule':
nntp.c:135:7: warning: implicit declaration of function 'getNextCredSet' [-Wimplicit-function-declaration]
   if (getNextCredSet(psLogin, psCredSet) == FAILURE)
       ^
nntp.c: In function 'tryLogin':
nntp.c:408:3: warning: implicit declaration of function 'setPassResult' [-Wimplicit-function-declaration]
   setPassResult((*psLogin), szPassword);
   ^
mv -f .deps/nntp.Tpo .deps/nntp.Po
gcc  -g -O2 -fPIC -L/usr/local/lib -rdynamic  -o nntp.mod nntp.o medusa-trace.o /usr/lib/libafpclient.so.0 -lpq -lssh2 -lsvn_client-1 -shared -lcrypto -ldl -lpthread  -lssl -lcrypto -ldl -lrt -lm
gcc -DHAVE_CONFIG_H -I. -I../.. -I../../src   -g -DDEBUG -fPIC -I/usr/include -I/usr/local/include -I/usr/local/ssl/include -I/usr/include/postgresql -I/usr/include/pgsql -I/usr/include/afpfs-ng  -I/usr/include/apr-1   -DLINUX -D_REENTRANT -D_GNU_SOURCE  -g -O2 -MT pcanywhere.o -MD -MP -MF .deps/pcanywhere.Tpo -c -o pcanywhere.o pcanywhere.c
pcanywhere.c: In function 'summaryUsage':
pcanywhere.c:106:5: warning: implicit declaration of function 'writeError' [-Wimplicit-function-declaration]
     writeError(ERR_ERROR, "%s reports an error in summaryUsage() : ppszSummary must be NULL when called", MODULE_NAME);
     ^
pcanywhere.c: In function 'showUsage':
pcanywhere.c:113:3: warning: implicit declaration of function 'writeVerbose' [-Wimplicit-function-declaration]
   writeVerbose(VB_NONE, "%s (%s) %s :: %s\n", MODULE_NAME, MODULE_VERSION, MODULE_AUTHOR, MODULE_SUMMARY_USAGE);
   ^
pcanywhere.c: In function 'initModule':
pcanywhere.c:189:7: warning: implicit declaration of function 'getNextCredSet' [-Wimplicit-function-declaration]
   if (getNextCredSet(psLogin, psCredSet) == FAILURE)
       ^
pcanywhere.c: In function 'pcaSessionInit':
pcanywhere.c:496:5: warning: type of 'hSocket' defaults to 'int' [-Wimplicit-int]
 int pcaSessionInit(hSocket)
     ^
pcanywhere.c: In function 'tryLogin':
pcanywhere.c:633:3: warning: implicit declaration of function 'setPassResult' [-Wimplicit-function-declaration]
   setPassResult((*psLogin), szPassword);
   ^
mv -f .deps/pcanywhere.Tpo .deps/pcanywhere.Po
gcc  -g -O2 -fPIC -L/usr/local/lib -rdynamic  -o pcanywhere.mod pcanywhere.o medusa-trace.o /usr/lib/libafpclient.so.0 -lpq -lssh2 -lsvn_client-1 -shared -lcrypto -ldl -lpthread  -lssl -lcrypto -ldl -lrt -lm
gcc -DHAVE_CONFIG_H -I. -I../.. -I../../src   -g -DDEBUG -fPIC -I/usr/include -I/usr/local/include -I/usr/local/ssl/include -I/usr/include/postgresql -I/usr/include/pgsql -I/usr/include/afpfs-ng  -I/usr/include/apr-1   -DLINUX -D_REENTRANT -D_GNU_SOURCE  -g -O2 -MT pop3.o -MD -MP -MF .deps/pop3.Tpo -c -o pop3.o pop3.c
pop3.c: In function 'summaryUsage':
pop3.c:97:5: warning: implicit declaration of function 'writeError' [-Wimplicit-function-declaration]
     writeError(ERR_ERROR, "%s reports an error in summaryUsage() : ppszSummary must be NULL when called", MODULE_NAME);
     ^
pop3.c: In function 'showUsage':
pop3.c:104:3: warning: implicit declaration of function 'writeVerbose' [-Wimplicit-function-declaration]
   writeVerbose(VB_NONE, "%s (%s) %s :: %s\n", MODULE_NAME, MODULE_VERSION, MODULE_AUTHOR, MODULE_SUMMARY_USAGE);
   ^
pop3.c: In function 'initModule':
pop3.c:220:7: warning: implicit declaration of function 'getNextCredSet' [-Wimplicit-function-declaration]
   if (getNextCredSet(psLogin, psCredSet) == FAILURE)
       ^
pop3.c:346:14: warning: implicit declaration of function 'medusaCheckSocket' [-Wimplicit-function-declaration]
         if ( medusaCheckSocket(hSocket, psLogin->psServer->psAudit->iSocketWait) )
              ^
pop3.c: In function 'tryLogin':
pop3.c:816:5: warning: implicit declaration of function 'setPassResult' [-Wimplicit-function-declaration]
     setPassResult(*psLogin, szPassword);
     ^
mv -f .deps/pop3.Tpo .deps/pop3.Po
gcc  -g -O2 -fPIC -L/usr/local/lib -rdynamic  -o pop3.mod pop3.o ntlm.o medusa-trace.o /usr/lib/libafpclient.so.0 -lpq -lssh2 -lsvn_client-1 -shared -lcrypto -ldl -lpthread  -lssl -lcrypto -ldl -lrt -lm
gcc -DHAVE_CONFIG_H -I. -I../.. -I../../src   -g -DDEBUG -fPIC -I/usr/include -I/usr/local/include -I/usr/local/ssl/include -I/usr/include/postgresql -I/usr/include/pgsql -I/usr/include/afpfs-ng  -I/usr/include/apr-1   -DLINUX -D_REENTRANT -D_GNU_SOURCE  -g -O2 -MT postgres.o -MD -MP -MF .deps/postgres.Tpo -c -o postgres.o postgres.c
postgres.c: In function 'summaryUsage':
postgres.c:88:5: warning: implicit declaration of function 'writeError' [-Wimplicit-function-declaration]
     writeError(ERR_ERROR, "%s reports an error in summaryUsage() : ppszSummary must be NULL when called", MODULE_NAME);
     ^
postgres.c: In function 'showUsage':
postgres.c:95:3: warning: implicit declaration of function 'writeVerbose' [-Wimplicit-function-declaration]
   writeVerbose(VB_NONE, "%s (%s) %s :: %s\n", MODULE_NAME, MODULE_VERSION, MODULE_AUTHOR, MODULE_SUMMARY_USAGE);
   ^
postgres.c: In function 'initModule':
postgres.c:168:7: warning: implicit declaration of function 'getNextCredSet' [-Wimplicit-function-declaration]
   if (getNextCredSet(psLogin, psCredSet) == FAILURE)
       ^
postgres.c: In function 'tryLogin':
postgres.c:293:3: warning: implicit declaration of function 'setPassResult' [-Wimplicit-function-declaration]
   setPassResult((*psLogin), szPassword);
   ^
mv -f .deps/postgres.Tpo .deps/postgres.Po
gcc  -g -O2 -fPIC  -L/usr/local/lib -rdynamic  -o postgres.mod postgres.o medusa-trace.o /usr/lib/libafpclient.so.0 -lpq -lssh2 -lsvn_client-1 -shared -lcrypto -ldl -lpthread  -lssl -lcrypto -ldl -lrt -lm
gcc -DHAVE_CONFIG_H -I. -I../.. -I../../src   -g -DDEBUG -fPIC -I/usr/include -I/usr/local/include -I/usr/local/ssl/include -I/usr/include/postgresql -I/usr/include/pgsql -I/usr/include/afpfs-ng  -I/usr/include/apr-1   -DLINUX -D_REENTRANT -D_GNU_SOURCE  -g -O2 -MT rexec.o -MD -MP -MF .deps/rexec.Tpo -c -o rexec.o rexec.c
rexec.c: In function 'summaryUsage':
rexec.c:80:5: warning: implicit declaration of function 'writeError' [-Wimplicit-function-declaration]
     writeError(ERR_ERROR, "%s reports an error in summaryUsage() : ppszSummary must be NULL when called", MODULE_NAME);
     ^
rexec.c: In function 'showUsage':
rexec.c:87:3: warning: implicit declaration of function 'writeVerbose' [-Wimplicit-function-declaration]
   writeVerbose(VB_NONE, "%s (%s) %s :: %s\n", MODULE_NAME, MODULE_VERSION, MODULE_AUTHOR, MODULE_SUMMARY_USAGE);
   ^
rexec.c: In function 'initModule':
rexec.c:120:7: warning: implicit declaration of function 'getNextCredSet' [-Wimplicit-function-declaration]
   if (getNextCredSet(psLogin, psCredSet) == FAILURE)
       ^
rexec.c: In function 'tryLogin':
rexec.c:256:5: warning: implicit declaration of function 'setPassResult' [-Wimplicit-function-declaration]
     setPassResult((*psLogin), szPassword);
     ^
mv -f .deps/rexec.Tpo .deps/rexec.Po
gcc  -g -O2 -fPIC -L/usr/local/lib -rdynamic  -o rexec.mod rexec.o medusa-trace.o /usr/lib/libafpclient.so.0 -lpq -lssh2 -lsvn_client-1 -shared -lcrypto -ldl -lpthread  -lssl -lcrypto -ldl -lrt -lm
gcc -DHAVE_CONFIG_H -I. -I../.. -I../../src   -g -DDEBUG -fPIC -I/usr/include -I/usr/local/include -I/usr/local/ssl/include -I/usr/include/postgresql -I/usr/include/pgsql -I/usr/include/afpfs-ng  -I/usr/include/apr-1   -DLINUX -D_REENTRANT -D_GNU_SOURCE  -g -O2 -MT rlogin.o -MD -MP -MF .deps/rlogin.Tpo -c -o rlogin.o rlogin.c
rlogin.c: In function 'summaryUsage':
rlogin.c:79:5: warning: implicit declaration of function 'writeError' [-Wimplicit-function-declaration]
     writeError(ERR_ERROR, "%s reports an error in summaryUsage() : ppszSummary must be NULL when called", MODULE_NAME);
     ^
rlogin.c: In function 'showUsage':
rlogin.c:86:3: warning: implicit declaration of function 'writeVerbose' [-Wimplicit-function-declaration]
   writeVerbose(VB_NONE, "%s (%s) %s :: %s\n", MODULE_NAME, MODULE_VERSION, MODULE_AUTHOR, MODULE_SUMMARY_USAGE);
   ^
rlogin.c: In function 'initModule':
rlogin.c:119:7: warning: implicit declaration of function 'getNextCredSet' [-Wimplicit-function-declaration]
   if (getNextCredSet(psLogin, psCredSet) == FAILURE)
       ^
rlogin.c: In function 'tryLogin':
rlogin.c:298:3: warning: implicit declaration of function 'setPassResult' [-Wimplicit-function-declaration]
   setPassResult((*psLogin), szPassword);
   ^
mv -f .deps/rlogin.Tpo .deps/rlogin.Po
gcc  -g -O2 -fPIC -L/usr/local/lib -rdynamic  -o rlogin.mod rlogin.o medusa-trace.o /usr/lib/libafpclient.so.0 -lpq -lssh2 -lsvn_client-1 -shared -lcrypto -ldl -lpthread  -lssl -lcrypto -ldl -lrt -lm
gcc -DHAVE_CONFIG_H -I. -I../.. -I../../src   -g -DDEBUG -fPIC -I/usr/include -I/usr/local/include -I/usr/local/ssl/include -I/usr/include/postgresql -I/usr/include/pgsql -I/usr/include/afpfs-ng  -I/usr/include/apr-1   -DLINUX -D_REENTRANT -D_GNU_SOURCE  -g -O2 -MT rsh.o -MD -MP -MF .deps/rsh.Tpo -c -o rsh.o rsh.c
rsh.c: In function 'summaryUsage':
rsh.c:80:5: warning: implicit declaration of function 'writeError' [-Wimplicit-function-declaration]
     writeError(ERR_ERROR, "%s reports an error in summaryUsage() : ppszSummary must be NULL when called", MODULE_NAME);
     ^
rsh.c: In function 'showUsage':
rsh.c:87:3: warning: implicit declaration of function 'writeVerbose' [-Wimplicit-function-declaration]
   writeVerbose(VB_NONE, "%s (%s) %s :: %s\n", MODULE_NAME, MODULE_VERSION, MODULE_AUTHOR, MODULE_SUMMARY_USAGE);
   ^
rsh.c: In function 'initModule':
rsh.c:121:7: warning: implicit declaration of function 'getNextCredSet' [-Wimplicit-function-declaration]
   if (getNextCredSet(psLogin, psCredSet) == FAILURE)
       ^
rsh.c: In function 'tryLogin':
rsh.c:274:3: warning: implicit declaration of function 'setPassResult' [-Wimplicit-function-declaration]
   setPassResult((*psLogin), szPassword);
   ^
mv -f .deps/rsh.Tpo .deps/rsh.Po
gcc  -g -O2 -fPIC -L/usr/local/lib -rdynamic  -o rsh.mod rsh.o medusa-trace.o /usr/lib/libafpclient.so.0 -lpq -lssh2 -lsvn_client-1 -shared -lcrypto -ldl -lpthread  -lssl -lcrypto -ldl -lrt -lm
gcc -DHAVE_CONFIG_H -I. -I../.. -I../../src   -g -DDEBUG -fPIC -I/usr/include -I/usr/local/include -I/usr/local/ssl/include -I/usr/include/postgresql -I/usr/include/pgsql -I/usr/include/afpfs-ng  -I/usr/include/apr-1   -DLINUX -D_REENTRANT -D_GNU_SOURCE  -g -O2 -MT smbnt.o -MD -MP -MF .deps/smbnt.Tpo -c -o smbnt.o smbnt.c
smbnt.c: In function 'summaryUsage':
smbnt.c:193:5: warning: implicit declaration of function 'writeError' [-Wimplicit-function-declaration]
     writeError(ERR_ERROR, "%s reports an error in summaryUsage() : ppszSummary must be NULL when called", MODULE_NAME);
     ^
smbnt.c: In function 'showUsage':
smbnt.c:200:3: warning: implicit declaration of function 'writeVerbose' [-Wimplicit-function-declaration]
   writeVerbose(VB_NONE, "%s (%s) %s :: %s\n", MODULE_NAME, MODULE_VERSION, MODULE_AUTHOR, MODULE_SUMMARY_USAGE);
   ^
smbnt.c: In function 'initModule':
smbnt.c:371:7: warning: implicit declaration of function 'getNextCredSet' [-Wimplicit-function-declaration]
   if (getNextCredSet(psLogin, psCredSet) == FAILURE)
       ^
smbnt.c:427:13: warning: implicit declaration of function 'NBSSessionRequest' [-Wimplicit-function-declaration]
         if (NBSSessionRequest(hSocket, _psSessionData) < 0) {
             ^
smbnt.c:433:13: warning: implicit declaration of function 'SMBNegProt' [-Wimplicit-function-declaration]
         if (SMBNegProt(hSocket, _psSessionData) < 0)
             ^
smbnt.c: In function 'HashLMv2':
smbnt.c:889:3: warning: implicit declaration of function 'hmac_md5_init_limK_to_64' [-Wimplicit-function-declaration]
   hmac_md5_init_limK_to_64(ntlm_hash, 16, &ctx);
   ^
smbnt.c:890:3: warning: implicit declaration of function 'hmac_md5_update' [-Wimplicit-function-declaration]
   hmac_md5_update((const unsigned char *)unicodeUsername, 2 * strlen((char *)szLogin), &ctx);
   ^
smbnt.c:892:3: warning: implicit declaration of function 'hmac_md5_final' [-Wimplicit-function-declaration]
   hmac_md5_final(kr_buf, &ctx);
   ^
smbnt.c: In function 'tryLogin':
smbnt.c:1713:5: warning: implicit declaration of function 'setPassResult' [-Wimplicit-function-declaration]
     setPassResult((*psLogin), _psSessionData->machine_name);
     ^
mv -f .deps/smbnt.Tpo .deps/smbnt.Po
gcc -DHAVE_CONFIG_H -I. -I../.. -I../../src   -g -DDEBUG -fPIC -I/usr/include -I/usr/local/include -I/usr/local/ssl/include -I/usr/include/postgresql -I/usr/include/pgsql -I/usr/include/afpfs-ng  -I/usr/include/apr-1   -DLINUX -D_REENTRANT -D_GNU_SOURCE  -g -O2 -MT hmacmd5.o -MD -MP -MF .deps/hmacmd5.Tpo -c -o hmacmd5.o hmacmd5.c
mv -f .deps/hmacmd5.Tpo .deps/hmacmd5.Po
gcc  -g -O2 -fPIC -L/usr/local/lib -rdynamic  -o smbnt.mod smbnt.o hmacmd5.o medusa-trace.o /usr/lib/libafpclient.so.0 -lpq -lssh2 -lsvn_client-1 -shared -lcrypto -ldl -lpthread  -lssl -lcrypto -ldl -lrt -lm
gcc -DHAVE_CONFIG_H -I. -I../.. -I../../src   -g -DDEBUG -fPIC -I/usr/include -I/usr/local/include -I/usr/local/ssl/include -I/usr/include/postgresql -I/usr/include/pgsql -I/usr/include/afpfs-ng  -I/usr/include/apr-1   -DLINUX -D_REENTRANT -D_GNU_SOURCE  -g -O2 -MT smtp.o -MD -MP -MF .deps/smtp.Tpo -c -o smtp.o smtp.c
smtp.c: In function 'summaryUsage':
smtp.c:99:5: warning: implicit declaration of function 'writeError' [-Wimplicit-function-declaration]
     writeError(ERR_ERROR, "%s reports an error in summaryUsage() : ppszSummary must be NULL when called", MODULE_NAME);
     ^
smtp.c: In function 'showUsage':
smtp.c:106:3: warning: implicit declaration of function 'writeVerbose' [-Wimplicit-function-declaration]
   writeVerbose(VB_NONE, "%s (%s) %s :: %s\n", MODULE_NAME, MODULE_VERSION, MODULE_AUTHOR, MODULE_SUMMARY_USAGE);
   ^
smtp.c: In function 'initModule':
smtp.c:219:7: warning: implicit declaration of function 'getNextCredSet' [-Wimplicit-function-declaration]
   if (getNextCredSet(psLogin, psCredSet) == FAILURE)
       ^
smtp.c:282:14: warning: implicit declaration of function 'medusaCheckSocket' [-Wimplicit-function-declaration]
         if ( medusaCheckSocket(hSocket, psLogin->psServer->psAudit->iSocketWait) )
              ^
smtp.c: In function 'tryLogin':
smtp.c:801:5: warning: implicit declaration of function 'setPassResult' [-Wimplicit-function-declaration]
     setPassResult(*psLogin, szPassword);
     ^
mv -f .deps/smtp.Tpo .deps/smtp.Po
gcc  -g -O2 -fPIC  -L/usr/local/lib -rdynamic  -o smtp.mod smtp.o ntlm.o medusa-trace.o /usr/lib/libafpclient.so.0 -lpq -lssh2 -lsvn_client-1 -shared -lcrypto -ldl -lpthread  -lssl -lcrypto -ldl -lrt -lm
gcc -DHAVE_CONFIG_H -I. -I../.. -I../../src   -g -DDEBUG -fPIC -I/usr/include -I/usr/local/include -I/usr/local/ssl/include -I/usr/include/postgresql -I/usr/include/pgsql -I/usr/include/afpfs-ng  -I/usr/include/apr-1   -DLINUX -D_REENTRANT -D_GNU_SOURCE  -g -O2 -MT smtp-vrfy.o -MD -MP -MF .deps/smtp-vrfy.Tpo -c -o smtp-vrfy.o smtp-vrfy.c
smtp-vrfy.c: In function 'summaryUsage':
smtp-vrfy.c:88:5: warning: implicit declaration of function 'writeError' [-Wimplicit-function-declaration]
     writeError(ERR_ERROR, "%s reports an error in summaryUsage() : ppszSummary must be NULL when called", MODULE_NAME);
     ^
smtp-vrfy.c: In function 'showUsage':
smtp-vrfy.c:95:3: warning: implicit declaration of function 'writeVerbose' [-Wimplicit-function-declaration]
   writeVerbose(VB_NONE, "%s (%s) %s :: %s\n", MODULE_NAME, MODULE_VERSION, MODULE_AUTHOR, MODULE_SUMMARY_USAGE);
   ^
smtp-vrfy.c: In function 'initModule':
smtp-vrfy.c:172:7: warning: implicit declaration of function 'getNextCredSet' [-Wimplicit-function-declaration]
   if (getNextCredSet(psLogin, psCredSet) == FAILURE)
       ^
smtp-vrfy.c: In function 'tryLogin':
smtp-vrfy.c:487:3: warning: implicit declaration of function 'setPassResult' [-Wimplicit-function-declaration]
   setPassResult((*psLogin), szDomain);
   ^
mv -f .deps/smtp-vrfy.Tpo .deps/smtp-vrfy.Po
gcc  -g -O2 -fPIC  -L/usr/local/lib -rdynamic  -o smtp-vrfy.mod smtp-vrfy.o medusa-trace.o /usr/lib/libafpclient.so.0 -lpq -lssh2 -lsvn_client-1 -shared -lcrypto -ldl -lpthread  -lssl -lcrypto -ldl -lrt -lm
gcc -DHAVE_CONFIG_H -I. -I../.. -I../../src   -g -DDEBUG -fPIC -I/usr/include -I/usr/local/include -I/usr/local/ssl/include -I/usr/include/postgresql -I/usr/include/pgsql -I/usr/include/afpfs-ng  -I/usr/include/apr-1   -DLINUX -D_REENTRANT -D_GNU_SOURCE  -g -O2 -MT snmp.o -MD -MP -MF .deps/snmp.Tpo -c -o snmp.o snmp.c
snmp.c: In function 'summaryUsage':
snmp.c:100:5: warning: implicit declaration of function 'writeError' [-Wimplicit-function-declaration]
     writeError(ERR_ERROR, "%s reports an error in summaryUsage() : ppszSummary must be NULL when called", MODULE_NAME);
     ^
snmp.c: In function 'showUsage':
snmp.c:107:3: warning: implicit declaration of function 'writeVerbose' [-Wimplicit-function-declaration]
   writeVerbose(VB_NONE, "%s (%s) %s :: %s\n", MODULE_NAME, MODULE_VERSION, MODULE_AUTHOR, MODULE_SUMMARY_USAGE);
   ^
snmp.c: In function 'initModule':
snmp.c:247:7: warning: implicit declaration of function 'getNextCredSet' [-Wimplicit-function-declaration]
   if (getNextCredSet(psLogin, psCredSet) == FAILURE)
       ^
snmp.c:301:9: warning: implicit declaration of function 'setPassResult' [-Wimplicit-function-declaration]
         setPassResult(psLogin, psCredSet->pPass);
         ^
mv -f .deps/snmp.Tpo .deps/snmp.Po
gcc  -g -O2 -fPIC  -L/usr/local/lib -rdynamic  -o snmp.mod snmp.o medusa-trace.o /usr/lib/libafpclient.so.0 -lpq -lssh2 -lsvn_client-1 -shared -lcrypto -ldl -lpthread  -lssl -lcrypto -ldl -lrt -lm
gcc -DHAVE_CONFIG_H -I. -I../.. -I../../src   -g -DDEBUG -fPIC -I/usr/include -I/usr/local/include -I/usr/local/ssl/include -I/usr/include/postgresql -I/usr/include/pgsql -I/usr/include/afpfs-ng  -I/usr/include/apr-1   -DLINUX -D_REENTRANT -D_GNU_SOURCE  -g -O2 -MT ssh.o -MD -MP -MF .deps/ssh.Tpo -c -o ssh.o ssh.c
ssh.c: In function 'summaryUsage':
ssh.c:102:5: warning: implicit declaration of function 'writeError' [-Wimplicit-function-declaration]
     writeError(ERR_ERROR, "%s reports an error in summaryUsage() : ppszSummary must be NULL when called", MODULE_NAME);
     ^
ssh.c: In function 'showUsage':
ssh.c:109:3: warning: implicit declaration of function 'writeVerbose' [-Wimplicit-function-declaration]
   writeVerbose(VB_NONE, "%s (%s) %s :: %s\n", MODULE_NAME, MODULE_VERSION, MODULE_AUTHOR, MODULE_SUMMARY_USAGE);
   ^
ssh.c: In function 'initModule':
ssh.c:200:7: warning: implicit declaration of function 'getNextCredSet' [-Wimplicit-function-declaration]
   if (getNextCredSet(psLogin, psCredSet) == FAILURE)
       ^
ssh.c:228:3: warning: implicit declaration of function 'ERR_load_crypto_strings' [-Wimplicit-function-declaration]
   ERR_load_crypto_strings();
   ^
ssh.c:311:19: warning: implicit declaration of function 'addMissedCredSet' [-Wimplicit-function-declaration]
               if (addMissedCredSet(psLogin, psCredSet) == SUCCESS)
                   ^
ssh.c: In function 'tryLogin':
ssh.c:533:3: warning: implicit declaration of function 'setPassResult' [-Wimplicit-function-declaration]
   setPassResult((*psLogin), szPassword);
   ^
mv -f .deps/ssh.Tpo .deps/ssh.Po
gcc  -g -O2 -fPIC -L/usr/local/lib -rdynamic  -o ssh.mod ssh.o medusa-trace.o /usr/lib/libafpclient.so.0 -lpq -lssh2 -lsvn_client-1 -shared -lcrypto -ldl -lpthread  -lssl -lcrypto -ldl -lrt -lm
gcc -DHAVE_CONFIG_H -I. -I../.. -I../../src   -g -DDEBUG -fPIC -I/usr/include -I/usr/local/include -I/usr/local/ssl/include -I/usr/include/postgresql -I/usr/include/pgsql -I/usr/include/afpfs-ng  -I/usr/include/apr-1   -DLINUX -D_REENTRANT -D_GNU_SOURCE  -g -O2 -MT svn.o -MD -MP -MF .deps/svn.Tpo -c -o svn.o svn.c
svn.c: In function 'summaryUsage':
svn.c:92:5: warning: implicit declaration of function 'writeError' [-Wimplicit-function-declaration]
     writeError(ERR_ERROR, "%s reports an error in summaryUsage() : ppszSummary must be NULL when called", MODULE_NAME);
     ^
svn.c: In function 'showUsage':
svn.c:99:3: warning: implicit declaration of function 'writeVerbose' [-Wimplicit-function-declaration]
   writeVerbose(VB_NONE, "%s (%s) %s :: %s\n", MODULE_NAME, MODULE_VERSION, MODULE_AUTHOR, MODULE_SUMMARY_USAGE);
   ^
svn.c: In function 'initModule':
svn.c:172:7: warning: implicit declaration of function 'getNextCredSet' [-Wimplicit-function-declaration]
   if (getNextCredSet(psLogin, psCredSet) == FAILURE)
       ^
svn.c: In function 'tryLogin':
svn.c:297:7: warning: implicit declaration of function 'svn_cmdline_init' [-Wimplicit-function-declaration]
   if (svn_cmdline_init ("MEDUSA", stderr) != EXIT_SUCCESS)
       ^
svn.c:307:3: warning: 'svn_client_create_context' is deprecated [-Wdeprecated-declarations]
   if ((err = svn_client_create_context (&ctx, pool)))
   ^
In file included from svn.c:47:0:
/usr/include/subversion-1/svn_client.h:1079:1: note: declared here
 svn_client_create_context(svn_client_ctx_t **ctx,
 ^
svn.c:336:3: warning: 'svn_client_ls' is deprecated [-Wdeprecated-declarations]
   err = svn_client_ls (&dirents, _psSessionData->szURL, &revision, FALSE, ctx, pool);
   ^
In file included from svn.c:47:0:
/usr/include/subversion-1/svn_client.h:5844:1: note: declared here
 svn_client_ls(apr_hash_t **dirents,
 ^
svn.c:372:3: warning: implicit declaration of function 'setPassResult' [-Wimplicit-function-declaration]
   setPassResult((*psLogin), szPassword);
   ^
mv -f .deps/svn.Tpo .deps/svn.Po
gcc  -g -O2 -fPIC  -L/usr/local/lib -rdynamic  -o svn.mod svn.o medusa-trace.o /usr/lib/libafpclient.so.0 -lpq -lssh2 -lsvn_client-1 -shared -lcrypto -ldl -lpthread  -lssl -lcrypto -ldl -lrt -lm
gcc -DHAVE_CONFIG_H -I. -I../.. -I../../src   -g -DDEBUG -fPIC -I/usr/include -I/usr/local/include -I/usr/local/ssl/include -I/usr/include/postgresql -I/usr/include/pgsql -I/usr/include/afpfs-ng  -I/usr/include/apr-1   -DLINUX -D_REENTRANT -D_GNU_SOURCE  -g -O2 -MT telnet.o -MD -MP -MF .deps/telnet.Tpo -c -o telnet.o telnet.c
telnet.c: In function 'summaryUsage':
telnet.c:117:5: warning: implicit declaration of function 'writeError' [-Wimplicit-function-declaration]
     writeError(ERR_ERROR, "%s reports an error in summaryUsage() : ppszSummary must be NULL when called", MODULE_NAME);
     ^
telnet.c: In function 'showUsage':
telnet.c:124:3: warning: implicit declaration of function 'writeVerbose' [-Wimplicit-function-declaration]
   writeVerbose(VB_NONE, "%s (%s) %s :: %s\n", MODULE_NAME, MODULE_VERSION, MODULE_AUTHOR, MODULE_SUMMARY_USAGE);
   ^
telnet.c: In function 'initModule':
telnet.c:199:7: warning: implicit declaration of function 'getNextCredSet' [-Wimplicit-function-declaration]
   if (getNextCredSet(_psLogin, psCredSet) == FAILURE)
       ^
telnet.c:241:9: warning: implicit declaration of function 'setPassResult' [-Wimplicit-function-declaration]
         setPassResult(_psLogin, psCredSet->pPass);
         ^
mv -f .deps/telnet.Tpo .deps/telnet.Po
gcc  -g -O2 -fPIC -L/usr/local/lib -rdynamic  -o telnet.mod telnet.o medusa-trace.o /usr/lib/libafpclient.so.0 -lpq -lssh2 -lsvn_client-1 -shared -lcrypto -ldl -lpthread  -lssl -lcrypto -ldl -lrt -lm
gcc -DHAVE_CONFIG_H -I. -I../.. -I../../src   -g -DDEBUG -fPIC -I/usr/include -I/usr/local/include -I/usr/local/ssl/include -I/usr/include/postgresql -I/usr/include/pgsql -I/usr/include/afpfs-ng  -I/usr/include/apr-1   -DLINUX -D_REENTRANT -D_GNU_SOURCE  -g -O2 -MT vmauthd.o -MD -MP -MF .deps/vmauthd.Tpo -c -o vmauthd.o vmauthd.c
vmauthd.c: In function 'summaryUsage':
vmauthd.c:84:5: warning: implicit declaration of function 'writeError' [-Wimplicit-function-declaration]
     writeError(ERR_ERROR, "%s reports an error in summaryUsage() : ppszSummary must be NULL when called", MODULE_NAME);
     ^
vmauthd.c: In function 'showUsage':
vmauthd.c:91:3: warning: implicit declaration of function 'writeVerbose' [-Wimplicit-function-declaration]
   writeVerbose(VB_NONE, "%s (%s) %s :: %s\n", MODULE_NAME, MODULE_VERSION, MODULE_AUTHOR, MODULE_SUMMARY_USAGE);
   ^
vmauthd.c: In function 'initModule':
vmauthd.c:134:7: warning: implicit declaration of function 'getNextCredSet' [-Wimplicit-function-declaration]
   if (getNextCredSet(psLogin, psCredSet) == FAILURE)
       ^
vmauthd.c: In function 'tryLogin':
vmauthd.c:338:3: warning: implicit declaration of function 'setPassResult' [-Wimplicit-function-declaration]
   setPassResult((*psLogin), szPassword);
   ^
mv -f .deps/vmauthd.Tpo .deps/vmauthd.Po
gcc  -g -O2 -fPIC  -L/usr/local/lib -rdynamic  -o vmauthd.mod vmauthd.o medusa-trace.o /usr/lib/libafpclient.so.0 -lpq -lssh2 -lsvn_client-1 -shared -lcrypto -ldl -lpthread  -lssl -lcrypto -ldl -lrt -lm
gcc -DHAVE_CONFIG_H -I. -I../.. -I../../src   -g -DDEBUG -fPIC -I/usr/include -I/usr/local/include -I/usr/local/ssl/include -I/usr/include/postgresql -I/usr/include/pgsql -I/usr/include/afpfs-ng  -I/usr/include/apr-1   -DLINUX -D_REENTRANT -D_GNU_SOURCE  -g -O2 -MT vnc.o -MD -MP -MF .deps/vnc.Tpo -c -o vnc.o vnc.c
vnc.c: In function 'summaryUsage':
vnc.c:107:5: warning: implicit declaration of function 'writeError' [-Wimplicit-function-declaration]
     writeError(ERR_ERROR, "%s reports an error in summaryUsage() : ppszSummary must be NULL when called", MODULE_NAME);
     ^
vnc.c: In function 'showUsage':
vnc.c:114:3: warning: implicit declaration of function 'writeVerbose' [-Wimplicit-function-declaration]
   writeVerbose(VB_NONE, "%s (%s) %s :: %s\n", MODULE_NAME, MODULE_VERSION, MODULE_AUTHOR, MODULE_SUMMARY_USAGE);
   ^
vnc.c: In function 'initModule':
vnc.c:216:7: warning: implicit declaration of function 'getNextCredSet' [-Wimplicit-function-declaration]
   if (getNextCredSet(psLogin, psCredSet) == FAILURE)
       ^
vnc.c:270:15: warning: implicit declaration of function 'setPassResult' [-Wimplicit-function-declaration]
               setPassResult(psLogin, "[NO AUTH REQUIRED]");
               ^
vnc.c: In function 'vncSessionSetup':
vnc.c:536:5: warning: implicit declaration of function 'writeErrorBin' [-Wimplicit-function-declaration]
     writeErrorBin(ERR_DEBUG_MODULE, "Supported Security Types (version 3.3): ", bufReceive, nReceiveBufferSize);
     ^
mv -f .deps/vnc.Tpo .deps/vnc.Po
gcc -DHAVE_CONFIG_H -I. -I../.. -I../../src   -g -DDEBUG -fPIC -I/usr/include -I/usr/local/include -I/usr/local/ssl/include -I/usr/include/postgresql -I/usr/include/pgsql -I/usr/include/afpfs-ng  -I/usr/include/apr-1   -DLINUX -D_REENTRANT -D_GNU_SOURCE  -g -O2 -MT d3des.o -MD -MP -MF .deps/d3des.Tpo -c -o d3des.o d3des.c
mv -f .deps/d3des.Tpo .deps/d3des.Po
gcc  -g -O2 -fPIC -L/usr/local/lib -rdynamic  -o vnc.mod vnc.o d3des.o medusa-trace.o /usr/lib/libafpclient.so.0 -lpq -lssh2 -lsvn_client-1 -shared -lcrypto -ldl -lpthread  -lssl -lcrypto -ldl -lrt -lm
gcc -DHAVE_CONFIG_H -I. -I../.. -I../../src   -g -DDEBUG -fPIC -I/usr/include -I/usr/local/include -I/usr/local/ssl/include -I/usr/include/postgresql -I/usr/include/pgsql -I/usr/include/afpfs-ng  -I/usr/include/apr-1   -DLINUX -D_REENTRANT -D_GNU_SOURCE  -g -O2 -MT web-form.o -MD -MP -MF .deps/web-form.Tpo -c -o web-form.o web-form.c
web-form.c: In function 'summaryUsage':
web-form.c:100:5: warning: implicit declaration of function 'writeError' [-Wimplicit-function-declaration]
     writeError(ERR_ERROR, "%s reports an error in summaryUsage() : ppszSummary must be NULL when called", MODULE_NAME);
     ^
web-form.c: In function 'showUsage':
web-form.c:108:3: warning: implicit declaration of function 'writeVerbose' [-Wimplicit-function-declaration]
   writeVerbose(VB_NONE, "%s (%s) %s :: %s\n", MODULE_NAME, MODULE_VERSION, MODULE_AUTHOR, MODULE_SUMMARY_USAGE);
   ^
web-form.c: In function 'initModule':
web-form.c:265:7: warning: implicit declaration of function 'getNextCredSet' [-Wimplicit-function-declaration]
   if (getNextCredSet(_psLogin, psCredSet) == FAILURE)
       ^
web-form.c:307:11: warning: implicit declaration of function 'setPassResult' [-Wimplicit-function-declaration]
           setPassResult(_psLogin, psCredSet->pPass);
           ^
mv -f .deps/web-form.Tpo .deps/web-form.Po
gcc  -g -O2 -fPIC -L/usr/local/lib -rdynamic  -o web-form.mod web-form.o medusa-trace.o /usr/lib/libafpclient.so.0 -lpq -lssh2 -lsvn_client-1 -shared -lcrypto -ldl -lpthread  -lssl -lcrypto -ldl -lrt -lm
gcc -DHAVE_CONFIG_H -I. -I../.. -I../../src   -g -DDEBUG -fPIC -I/usr/include -I/usr/local/include -I/usr/local/ssl/include -I/usr/include/postgresql -I/usr/include/pgsql -I/usr/include/afpfs-ng  -I/usr/include/apr-1   -DLINUX -D_REENTRANT -D_GNU_SOURCE  -g -O2 -MT wrapper.o -MD -MP -MF .deps/wrapper.Tpo -c -o wrapper.o wrapper.c
wrapper.c: In function 'summaryUsage':
wrapper.c:94:5: warning: implicit declaration of function 'writeError' [-Wimplicit-function-declaration]
     writeError(ERR_ERROR, "%s reports an error in summaryUsage() : ppszSummary must be NULL when called", MODULE_NAME);
     ^
wrapper.c: In function 'showUsage':
wrapper.c:101:3: warning: implicit declaration of function 'writeVerbose' [-Wimplicit-function-declaration]
   writeVerbose(VB_NONE, "%s (%s) %s :: %s\n", MODULE_NAME, MODULE_VERSION, MODULE_AUTHOR, MODULE_SUMMARY_USAGE);
   ^
wrapper.c: In function 'initModule':
wrapper.c:221:7: warning: implicit declaration of function 'getNextCredSet' [-Wimplicit-function-declaration]
   if (getNextCredSet(psLogin, psCredSet) == FAILURE)
       ^
wrapper.c:342:16: warning: implicit declaration of function 'initProcess' [-Wimplicit-function-declaration]
         iRet = initProcess(_psSessionData);
                ^
wrapper.c:374:16: warning: implicit declaration of function 'closeProcess' [-Wimplicit-function-declaration]
         iRet = closeProcess(_psSessionData);
                ^
wrapper.c: In function 'tryLogin':
wrapper.c:582:3: warning: implicit declaration of function 'setPassResult' [-Wimplicit-function-declaration]
   setPassResult((*psLogin), szPassword);
   ^
mv -f .deps/wrapper.Tpo .deps/wrapper.Po
gcc  -g -O2 -fPIC -L/usr/local/lib -rdynamic  -o wrapper.mod wrapper.o medusa-trace.o /usr/lib/libafpclient.so.0 -lpq -lssh2 -lsvn_client-1 -shared -lcrypto -ldl -lpthread  -lssl -lcrypto -ldl -lrt -lm
make[3]: Leaving directory '/tmp/medusa/src/medusa-2.1.1/src/modsrc'
make[3]: Entering directory '/tmp/medusa/src/medusa-2.1.1/src'
gcc -DHAVE_CONFIG_H -I. -I.. -I../src   -g -DDEBUG -fPIC -I/usr/include -I/usr/local/include -I/usr/local/ssl/include -I/usr/include/postgresql -I/usr/include/pgsql -I/usr/include/afpfs-ng  -I/usr/include/apr-1   -DLINUX -D_REENTRANT -D_GNU_SOURCE  -g -O2 -MT listModules.o -MD -MP -MF .deps/listModules.Tpo -c -o listModules.o listModules.c
listModules.c: In function 'listModules':
listModules.c:83:5: warning: implicit declaration of function 'writeVerbose' [-Wimplicit-function-declaration]
     writeVerbose(VB_NONE, "  Available modules in \"%s\" :", pszTarget);
     ^
mv -f .deps/listModules.Tpo .deps/listModules.Po
gcc -DHAVE_CONFIG_H -I. -I.. -I../src   -g -DDEBUG -fPIC -I/usr/include -I/usr/local/include -I/usr/local/ssl/include -I/usr/include/postgresql -I/usr/include/pgsql -I/usr/include/afpfs-ng  -I/usr/include/apr-1   -DLINUX -D_REENTRANT -D_GNU_SOURCE  -g -O2 -MT medusa.o -MD -MP -MF .deps/medusa.Tpo -c -o medusa.o medusa.c
medusa.c: In function 'usage':
medusa.c:57:3: warning: implicit declaration of function 'writeVerbose' [-Wimplicit-function-declaration]
   writeVerbose(VB_NONE, "");
   ^
medusa.c: In function 'checkOptions':
medusa.c:140:9: warning: implicit declaration of function 'writeError' [-Wimplicit-function-declaration]
         writeError(ERR_ALERT, "Options 'h' and 'H' are mutually exclusive.");
         ^
medusa.c:300:7: warning: implicit declaration of function 'listModules' [-Wimplicit-function-declaration]
       listModules(szModulePaths, 1);  // End the program after this executes by passing a 1 as the second param
       ^
medusa.c:337:11: warning: implicit declaration of function 'invokeModule' [-Wimplicit-function-declaration]
     ret = invokeModule(_psAudit->pModuleName, NULL, NULL, NULL);
           ^
medusa.c: In function 'startLoginThreadPool':
medusa.c:1570:5: warning: 'return' with no value, in function returning non-void
     return;
     ^
medusa.c:1612:7: warning: 'return' with no value, in function returning non-void
       return;
       ^
medusa.c:1648:7: warning: 'return' with no value, in function returning non-void
       return;
       ^
medusa.c:1678:3: warning: 'return' with no value, in function returning non-void
   return;
   ^
mv -f .deps/medusa.Tpo .deps/medusa.Po
gcc -DHAVE_CONFIG_H -I. -I.. -I../src   -g -DDEBUG -fPIC -I/usr/include -I/usr/local/include -I/usr/local/ssl/include -I/usr/include/postgresql -I/usr/include/pgsql -I/usr/include/afpfs-ng  -I/usr/include/apr-1   -DLINUX -D_REENTRANT -D_GNU_SOURCE  -g -O2 -MT medusa-thread-pool.o -MD -MP -MF .deps/medusa-thread-pool.Tpo -c -o medusa-thread-pool.o medusa-thread-pool.c
mv -f .deps/medusa-thread-pool.Tpo .deps/medusa-thread-pool.Po
gcc -DHAVE_CONFIG_H -I. -I.. -I../src   -g -DDEBUG -fPIC -I/usr/include -I/usr/local/include -I/usr/local/ssl/include -I/usr/include/postgresql -I/usr/include/pgsql -I/usr/include/afpfs-ng  -I/usr/include/apr-1   -DLINUX -D_REENTRANT -D_GNU_SOURCE  -g -O2 -MT medusa-thread-ssl.o -MD -MP -MF .deps/medusa-thread-ssl.Tpo -c -o medusa-thread-ssl.o medusa-thread-ssl.c
mv -f .deps/medusa-thread-ssl.Tpo .deps/medusa-thread-ssl.Po
gcc -DHAVE_CONFIG_H -I. -I.. -I../src   -g -DDEBUG -fPIC -I/usr/include -I/usr/local/include -I/usr/local/ssl/include -I/usr/include/postgresql -I/usr/include/pgsql -I/usr/include/afpfs-ng  -I/usr/include/apr-1   -DLINUX -D_REENTRANT -D_GNU_SOURCE  -g -O2 -MT medusa-net.o -MD -MP -MF .deps/medusa-net.Tpo -c -o medusa-net.o medusa-net.c
medusa-net.c: In function 'medusaConnectInternal':
medusa-net.c:133:13: warning: implicit declaration of function 'writeError' [-Wimplicit-function-declaration]
             writeError(ERR_DEBUG, "Port %d in use trying next lower port.", nSourcePort);
             ^
medusa-net.c:212:15: warning: implicit declaration of function 'writeVerbose' [-Wimplicit-function-declaration]
               writeVerbose(VB_GENERAL, "Unable to connect (invalid socket): unreachable destination - %s", inet_ntop(AF_INET, &target.sin_addr, out, sizeof(out)));
               ^
mv -f .deps/medusa-net.Tpo .deps/medusa-net.Po
gcc -DHAVE_CONFIG_H -I. -I.. -I../src   -g -DDEBUG -fPIC -I/usr/include -I/usr/local/include -I/usr/local/ssl/include -I/usr/include/postgresql -I/usr/include/pgsql -I/usr/include/afpfs-ng  -I/usr/include/apr-1   -DLINUX -D_REENTRANT -D_GNU_SOURCE  -g -O2 -MT medusa-trace.o -MD -MP -MF .deps/medusa-trace.Tpo -c -o medusa-trace.o medusa-trace.c
mv -f .deps/medusa-trace.Tpo .deps/medusa-trace.Po
gcc -DHAVE_CONFIG_H -I. -I.. -I../src   -g -DDEBUG -fPIC -I/usr/include -I/usr/local/include -I/usr/local/ssl/include -I/usr/include/postgresql -I/usr/include/pgsql -I/usr/include/afpfs-ng  -I/usr/include/apr-1   -DLINUX -D_REENTRANT -D_GNU_SOURCE  -g -O2 -MT medusa-utils.o -MD -MP -MF .deps/medusa-utils.Tpo -c -o medusa-utils.o medusa-utils.c
mv -f .deps/medusa-utils.Tpo .deps/medusa-utils.Po
gcc  -g -O2  -L/usr/local/lib -rdynamic  -o medusa listModules.o medusa.o medusa-thread-pool.o medusa-thread-ssl.o medusa-net.o medusa-trace.o medusa-utils.o  -lcrypto -ldl -lpthread  -lssl -lcrypto -ldl -lrt -lm
make[3]: Leaving directory '/tmp/medusa/src/medusa-2.1.1/src'
make[2]: Leaving directory '/tmp/medusa/src/medusa-2.1.1/src'
make[2]: Entering directory '/tmp/medusa/src/medusa-2.1.1'
make[2]: Leaving directory '/tmp/medusa/src/medusa-2.1.1'
make[1]: Leaving directory '/tmp/medusa/src/medusa-2.1.1'
==> Entering fakeroot environment...
==> Starting package()...
Making install in src
make[1]: Entering directory '/tmp/medusa/src/medusa-2.1.1/src'
Making install in modsrc
make[2]: Entering directory '/tmp/medusa/src/medusa-2.1.1/src/modsrc'
make[3]: Entering directory '/tmp/medusa/src/medusa-2.1.1/src/modsrc'
make[3]: Nothing to be done for 'install-exec-am'.
test -z "/usr/lib/medusa/modules" || /usr/bin/mkdir -p "/tmp/medusa/pkg/medusa/usr/lib/medusa/modules"
  /usr/bin/install -c afp.mod cvs.mod ftp.mod http.mod imap.mod mssql.mod mysql.mod nntp.mod pcanywhere.mod pop3.mod postgres.mod rexec.mod rlogin.mod rsh.mod smbnt.mod smtp.mod smtp-vrfy.mod snmp.mod ssh.mod svn.mod telnet.mod vmauthd.mod vnc.mod web-form.mod wrapper.mod '/tmp/medusa/pkg/medusa/usr/lib/medusa/modules'
make[3]: Leaving directory '/tmp/medusa/src/medusa-2.1.1/src/modsrc'
make[2]: Leaving directory '/tmp/medusa/src/medusa-2.1.1/src/modsrc'
make[2]: Entering directory '/tmp/medusa/src/medusa-2.1.1/src'
make[3]: Entering directory '/tmp/medusa/src/medusa-2.1.1/src'
test -z "/usr/bin" || /usr/bin/mkdir -p "/tmp/medusa/pkg/medusa/usr/bin"
  /usr/bin/install -c medusa '/tmp/medusa/pkg/medusa/usr/bin'
make[3]: Nothing to be done for 'install-data-am'.
make[3]: Leaving directory '/tmp/medusa/src/medusa-2.1.1/src'
make[2]: Leaving directory '/tmp/medusa/src/medusa-2.1.1/src'
make[1]: Leaving directory '/tmp/medusa/src/medusa-2.1.1/src'
make[1]: Entering directory '/tmp/medusa/src/medusa-2.1.1'
make[2]: Entering directory '/tmp/medusa/src/medusa-2.1.1'
make[2]: Nothing to be done for 'install-exec-am'.
test -z "/usr/share/man/man1" || /usr/bin/mkdir -p "/tmp/medusa/pkg/medusa/usr/share/man/man1"
 /usr/bin/install -c -m 644 doc/medusa.1 '/tmp/medusa/pkg/medusa/usr/share/man/man1'
make[2]: Leaving directory '/tmp/medusa/src/medusa-2.1.1'
make[1]: Leaving directory '/tmp/medusa/src/medusa-2.1.1'
==> Tidying install...
  -> Removing doc files...
  -> Purging unwanted files...
==> Creating package "medusa"...
  -> Generating .PKGINFO file...
  -> Generating .MTREE file...
  -> Compressing package...
==> Leaving fakeroot environment.
==> Finished making: medusa 2.1.1-3 (Sat Nov 14 12:20:46 UTC 2015)
===> Printing config.logs
found log at /tmp/medusa/src/medusa-2.1.1/config.log
____
File /tmp/medusa/src/medusa-2.1.1/config.log
This file contains any messages produced by compilers while
running configure, to aid debugging if configure makes a mistake.

It was created by configure, which was
generated by GNU Autoconf 2.68.  Invocation command line was

  $ ./configure --host x86_64-unknown-linux --prefix=/usr

## --------- ##
## Platform. ##
## --------- ##

hostname = 2cb58f62dd59
uname -m = x86_64
uname -r = 3.13.0-66-generic
uname -s = Linux
uname -v = #108-Ubuntu SMP Wed Oct 7 15:20:27 UTC 2015

/usr/bin/uname -p = unknown
/bin/uname -X     = unknown

/bin/arch              = unknown
/usr/bin/arch -k       = unknown
/usr/convex/getsysinfo = unknown
/usr/bin/hostinfo      = unknown
/bin/machine           = unknown
/usr/bin/oslevel       = unknown
/bin/universe          = unknown

PATH: /usr/local/sbin
PATH: /usr/local/bin
PATH: /usr/bin
PATH: /usr/bin/site_perl
PATH: /usr/bin/vendor_perl
PATH: /usr/bin/core_perl


## ----------- ##
## Core tests. ##
## ----------- ##

configure:2463: checking build system type
configure:2477: result: x86_64-unknown-linux-gnu
configure:2497: checking host system type
configure:2510: result: x86_64-unknown-linux-gnu
configure:2530: checking target system type
configure:2543: result: x86_64-unknown-linux-gnu
configure:2586: checking for a BSD-compatible install
configure:2654: result: /usr/bin/install -c
configure:2665: checking whether build environment is sane
configure:2715: result: yes
configure:2764: checking for x86_64-unknown-linux-strip
configure:2794: result: no
configure:2804: checking for strip
configure:2820: found /usr/bin/strip
configure:2831: result: strip
configure:2856: checking for a thread-safe mkdir -p
configure:2895: result: /usr/bin/mkdir -p
configure:2908: checking for gawk
configure:2924: found /usr/bin/gawk
configure:2935: result: gawk
configure:2946: checking whether make sets $(MAKE)
configure:2968: result: yes
configure:3063: checking for x86_64-unknown-linux-gcc
configure:3093: result: no
configure:3103: checking for gcc
configure:3119: found /usr/bin/gcc
configure:3130: result: gcc
configure:3359: checking for C compiler version
configure:3368: gcc --version >&5
gcc (GCC) 5.2.0
Copyright (C) 2015 Free Software Foundation, Inc.
This is free software; see the source for copying conditions.  There is NO
warranty; not even for MERCHANTABILITY or FITNESS FOR A PARTICULAR PURPOSE.

configure:3379: $? = 0
configure:3368: gcc -v >&5
Using built-in specs.
COLLECT_GCC=gcc
COLLECT_LTO_WRAPPER=/usr/lib/gcc/x86_64-unknown-linux-gnu/5.2.0/lto-wrapper
Target: x86_64-unknown-linux-gnu
Configured with: /build/gcc/src/gcc-5.2.0/configure --prefix=/usr --libdir=/usr/lib --libexecdir=/usr/lib --mandir=/usr/share/man --infodir=/usr/share/info --with-bugurl=https://bugs.archlinux.org/ --enable-languages=c,c++,ada,fortran,go,lto,objc,obj-c++ --enable-shared --enable-threads=posix --enable-libmpx --with-system-zlib --with-isl --enable-__cxa_atexit --disable-libunwind-exceptions --enable-clocale=gnu --disable-libstdcxx-pch --disable-libssp --enable-gnu-unique-object --enable-linker-build-id --enable-lto --enable-plugin --enable-install-libiberty --with-linker-hash-style=gnu --enable-gnu-indirect-function --disable-multilib --disable-werror --enable-checking=release --with-default-libstdcxx-abi=gcc4-compatible
Thread model: posix
gcc version 5.2.0 (GCC) 
configure:3379: $? = 0
configure:3368: gcc -V >&5
gcc: error: unrecognized command line option '-V'
gcc: fatal error: no input files
compilation terminated.
configure:3379: $? = 1
configure:3368: gcc -qversion >&5
gcc: error: unrecognized command line option '-qversion'
gcc: fatal error: no input files
compilation terminated.
configure:3379: $? = 1
configure:3399: checking whether the C compiler works
configure:3421: gcc    conftest.c  >&5
configure:3425: $? = 0
configure:3473: result: yes
configure:3476: checking for C compiler default output file name
configure:3478: result: a.out
configure:3484: checking for suffix of executables
configure:3491: gcc -o conftest    conftest.c  >&5
configure:3495: $? = 0
configure:3517: result: 
configure:3539: checking whether we are cross compiling
configure:3547: gcc -o conftest    conftest.c  >&5
configure:3551: $? = 0
configure:3558: ./conftest
configure:3562: $? = 0
configure:3577: result: no
configure:3582: checking for suffix of object files
configure:3604: gcc -c   conftest.c >&5
configure:3608: $? = 0
configure:3629: result: o
configure:3633: checking whether we are using the GNU C compiler
configure:3652: gcc -c   conftest.c >&5
configure:3652: $? = 0
configure:3661: result: yes
configure:3670: checking whether gcc accepts -g
configure:3690: gcc -c -g  conftest.c >&5
configure:3690: $? = 0
configure:3731: result: yes
configure:3748: checking for gcc option to accept ISO C89
configure:3812: gcc  -c -g -O2  conftest.c >&5
configure:3812: $? = 0
configure:3825: result: none needed
configure:3856: checking for style of include used by make
configure:3884: result: GNU
configure:3909: checking dependency style of gcc
configure:4019: result: gcc3
configure:4041: checking how to run the C preprocessor
configure:4072: gcc -E  conftest.c
configure:4072: $? = 0
configure:4086: gcc -E  conftest.c
conftest.c:11:28: fatal error: ac_nonexistent.h: No such file or directory
compilation terminated.
configure:4086: $? = 1
configure: failed program was:
| /* confdefs.h */
| #define PACKAGE_NAME ""
| #define PACKAGE_TARNAME ""
| #define PACKAGE_VERSION ""
| #define PACKAGE_STRING ""
| #define PACKAGE_BUGREPORT ""
| #define PACKAGE_URL ""
| #define PACKAGE "medusa"
| #define VERSION "2.1.1"
| /* end confdefs.h.  */
| #include <ac_nonexistent.h>
configure:4111: result: gcc -E
configure:4131: gcc -E  conftest.c
configure:4131: $? = 0
configure:4145: gcc -E  conftest.c
conftest.c:11:28: fatal error: ac_nonexistent.h: No such file or directory
compilation terminated.
configure:4145: $? = 1
configure: failed program was:
| /* confdefs.h */
| #define PACKAGE_NAME ""
| #define PACKAGE_TARNAME ""
| #define PACKAGE_VERSION ""
| #define PACKAGE_STRING ""
| #define PACKAGE_BUGREPORT ""
| #define PACKAGE_URL ""
| #define PACKAGE "medusa"
| #define VERSION "2.1.1"
| /* end confdefs.h.  */
| #include <ac_nonexistent.h>
configure:4174: checking for grep that handles long lines and -e
configure:4232: result: /usr/bin/grep
configure:4237: checking for egrep
configure:4299: result: /usr/bin/grep -E
configure:4304: checking for ANSI C header files
configure:4324: gcc -c -g -O2  conftest.c >&5
configure:4324: $? = 0
configure:4397: gcc -o conftest -g -O2   conftest.c  >&5
configure:4397: $? = 0
configure:4397: ./conftest
configure:4397: $? = 0
configure:4408: result: yes
configure:4422: checking for sys/types.h
configure:4422: gcc -c -g -O2  conftest.c >&5
configure:4422: $? = 0
configure:4422: result: yes
configure:4422: checking for sys/stat.h
configure:4422: gcc -c -g -O2  conftest.c >&5
configure:4422: $? = 0
configure:4422: result: yes
configure:4422: checking for stdlib.h
configure:4422: gcc -c -g -O2  conftest.c >&5
configure:4422: $? = 0
configure:4422: result: yes
configure:4422: checking for string.h
configure:4422: gcc -c -g -O2  conftest.c >&5
configure:4422: $? = 0
configure:4422: result: yes
configure:4422: checking for memory.h
configure:4422: gcc -c -g -O2  conftest.c >&5
configure:4422: $? = 0
configure:4422: result: yes
configure:4422: checking for strings.h
configure:4422: gcc -c -g -O2  conftest.c >&5
configure:4422: $? = 0
configure:4422: result: yes
configure:4422: checking for inttypes.h
configure:4422: gcc -c -g -O2  conftest.c >&5
configure:4422: $? = 0
configure:4422: result: yes
configure:4422: checking for stdint.h
configure:4422: gcc -c -g -O2  conftest.c >&5
configure:4422: $? = 0
configure:4422: result: yes
configure:4422: checking for unistd.h
configure:4422: gcc -c -g -O2  conftest.c >&5
configure:4422: $? = 0
configure:4422: result: yes
configure:4438: checking size of int
configure:4443: gcc -o conftest -g -O2   conftest.c  >&5
configure:4443: $? = 0
configure:4443: ./conftest
configure:4443: $? = 0
configure:4457: result: 4
configure:4471: checking size of long
configure:4476: gcc -o conftest -g -O2   conftest.c  >&5
configure:4476: $? = 0
configure:4476: ./conftest
configure:4476: $? = 0
configure:4490: result: 8
configure:4504: checking size of long long
configure:4509: gcc -o conftest -g -O2   conftest.c  >&5
configure:4509: $? = 0
configure:4509: ./conftest
configure:4509: $? = 0
configure:4523: result: 8
configure:4537: checking size of short
configure:4542: gcc -o conftest -g -O2   conftest.c  >&5
configure:4542: $? = 0
configure:4542: ./conftest
configure:4542: $? = 0
configure:4556: result: 2
configure:4568: checking whether to enable debugging
configure:4580: result: yes
configure:4615: checking for pthread support...
configure:4617: checking for main in -lpthread
configure:4636: gcc -o conftest -g -O2  -g -DDEBUG -fPIC -I/usr/include -I/usr/local/include -I/usr/local/ssl/include -I/usr/include/postgresql -I/usr/include/pgsql -I/usr/include/afpfs-ng  -L/usr/local/lib conftest.c -lpthread   >&5
configure:4636: $? = 0
configure:4645: result: yes
configure:4659: checking for dlopen/dlclose...
configure:4661: checking for dlclose in -ldl
configure:4686: gcc -o conftest -g -O2  -g -DDEBUG -fPIC -I/usr/include -I/usr/local/include -I/usr/local/ssl/include -I/usr/include/postgresql -I/usr/include/pgsql -I/usr/include/afpfs-ng  -L/usr/local/lib conftest.c -ldl  -lpthread  >&5
configure:4686: $? = 0
configure:4695: result: yes
configure:4762: checking for library containing clock_gettime
configure:4793: gcc -o conftest -g -O2  -g -DDEBUG -fPIC -I/usr/include -I/usr/local/include -I/usr/local/ssl/include -I/usr/include/postgresql -I/usr/include/pgsql -I/usr/include/afpfs-ng  -L/usr/local/lib conftest.c -ldl -lpthread  >&5
configure:4793: $? = 0
configure:4810: result: none required
configure:4820: checking for clock_gettime
configure:4820: gcc -o conftest -g -O2  -g -DDEBUG -fPIC -I/usr/include -I/usr/local/include -I/usr/local/ssl/include -I/usr/include/postgresql -I/usr/include/pgsql -I/usr/include/afpfs-ng  -L/usr/local/lib conftest.c -ldl -lpthread  >&5
configure:4820: $? = 0
configure:4820: result: yes
configure:4834: checking for OpenSSL Library and Header files...
configure:4836: checking for CRYPTO_lock in -lcrypto
configure:4861: gcc -o conftest -g -O2  -g -DDEBUG -fPIC -I/usr/include -I/usr/local/include -I/usr/local/ssl/include -I/usr/include/postgresql -I/usr/include/pgsql -I/usr/include/afpfs-ng  -L/usr/local/lib conftest.c -lcrypto  -ldl -lpthread  >&5
configure:4861: $? = 0
configure:4870: result: yes
configure:4884: checking openssl/ssl.h usability
configure:4884: gcc -c -g -O2  -g -DDEBUG -fPIC -I/usr/include -I/usr/local/include -I/usr/local/ssl/include -I/usr/include/postgresql -I/usr/include/pgsql -I/usr/include/afpfs-ng conftest.c >&5
configure:4884: $? = 0
configure:4884: result: yes
configure:4884: checking openssl/ssl.h presence
configure:4884: gcc -E  -g -DDEBUG -fPIC -I/usr/include -I/usr/local/include -I/usr/local/ssl/include -I/usr/include/postgresql -I/usr/include/pgsql -I/usr/include/afpfs-ng conftest.c
configure:4884: $? = 0
configure:4884: result: yes
configure:4884: checking for openssl/ssl.h
configure:4884: result: yes
configure:4886: checking for main in -lssl
configure:4905: gcc -o conftest -g -O2  -g -DDEBUG -fPIC -I/usr/include -I/usr/local/include -I/usr/local/ssl/include -I/usr/include/postgresql -I/usr/include/pgsql -I/usr/include/afpfs-ng  -L/usr/local/lib conftest.c -lssl  -lcrypto -ldl -lpthread  >&5
configure:4905: $? = 0
configure:4914: result: yes
configure:4962: *** Checking module dependencies and enabling accordingly ***
configure:4967: checking for AFPFS-NG Library and Header files...
configure:4969: checking afpfs-ng/afp_protocol.h usability
configure:4969: gcc -c -g -O2  -g -DDEBUG -fPIC -I/usr/include -I/usr/local/include -I/usr/local/ssl/include -I/usr/include/postgresql -I/usr/include/pgsql -I/usr/include/afpfs-ng conftest.c >&5
configure:4969: $? = 0
configure:4969: result: yes
configure:4969: checking afpfs-ng/afp_protocol.h presence
configure:4969: gcc -E  -g -DDEBUG -fPIC -I/usr/include -I/usr/local/include -I/usr/local/ssl/include -I/usr/include/postgresql -I/usr/include/pgsql -I/usr/include/afpfs-ng conftest.c
configure:4969: $? = 0
configure:4969: result: yes
configure:4969: checking for afpfs-ng/afp_protocol.h
configure:4969: result: yes
configure:4971: checking for main in -lafpclient
configure:4990: gcc -o conftest -g -O2  -g -DDEBUG -fPIC -I/usr/include -I/usr/local/include -I/usr/local/ssl/include -I/usr/include/postgresql -I/usr/include/pgsql -I/usr/include/afpfs-ng  -L/usr/local/lib conftest.c -lafpclient  -lcrypto -ldl -lpthread  -lssl -lcrypto >&5
configure:4990: $? = 0
configure:4999: result: yes
configure:5043: checking whether to enable AFP module
configure:5066: result: yes
configure:5073: checking whether to enable CVS module
configure:5096: result: yes
configure:5103: checking whether to enable FTP module
configure:5126: result: yes
configure:5135: checking whether to enable HTTP module
configure:5158: result: yes
configure:5165: checking whether to enable IMAP module
configure:5188: result: yes
configure:5197: checking whether to enable MSSQL module
configure:5220: result: yes
configure:5227: checking whether to enable MYSQL module
configure:5250: result: yes
configure:5259: checking for NCPFS Library and Header files...
configure:5261: checking ncp/nwcalls.h usability
configure:5261: gcc -c -g -O2  -g -DDEBUG -fPIC -I/usr/include -I/usr/local/include -I/usr/local/ssl/include -I/usr/include/postgresql -I/usr/include/pgsql -I/usr/include/afpfs-ng conftest.c >&5
conftest.c:64:25: fatal error: ncp/nwcalls.h: No such file or directory
compilation terminated.
configure:5261: $? = 1
configure: failed program was:
| /* confdefs.h */
| #define PACKAGE_NAME ""
| #define PACKAGE_TARNAME ""
| #define PACKAGE_VERSION ""
| #define PACKAGE_STRING ""
| #define PACKAGE_BUGREPORT ""
| #define PACKAGE_URL ""
| #define PACKAGE "medusa"
| #define VERSION "2.1.1"
| #define STDC_HEADERS 1
| #define HAVE_SYS_TYPES_H 1
| #define HAVE_SYS_STAT_H 1
| #define HAVE_STDLIB_H 1
| #define HAVE_STRING_H 1
| #define HAVE_MEMORY_H 1
| #define HAVE_STRINGS_H 1
| #define HAVE_INTTYPES_H 1
| #define HAVE_STDINT_H 1
| #define HAVE_UNISTD_H 1
| #define SIZEOF_INT 4
| #define SIZEOF_LONG 8
| #define SIZEOF_LONG_LONG 8
| #define SIZEOF_SHORT 2
| #define HAVE_LIBPTHREAD 1
| #define HAVE_LIBDL 1
| #define HAVE_CLOCK_GETTIME 1
| #define HAVE_LIBCRYPTO 1
| #define HAVE_LIBSSL 1
| #define HAVE_LIBAFPFS 1
| /* end confdefs.h.  */
| #include <stdio.h>
| #ifdef HAVE_SYS_TYPES_H
| # include <sys/types.h>
| #endif
| #ifdef HAVE_SYS_STAT_H
| # include <sys/stat.h>
| #endif
| #ifdef STDC_HEADERS
| # include <stdlib.h>
| # include <stddef.h>
| #else
| # ifdef HAVE_STDLIB_H
| #  include <stdlib.h>
| # endif
| #endif
| #ifdef HAVE_STRING_H
| # if !defined STDC_HEADERS && defined HAVE_MEMORY_H
| #  include <memory.h>
| # endif
| # include <string.h>
| #endif
| #ifdef HAVE_STRINGS_H
| # include <strings.h>
| #endif
| #ifdef HAVE_INTTYPES_H
| # include <inttypes.h>
| #endif
| #ifdef HAVE_STDINT_H
| # include <stdint.h>
| #endif
| #ifdef HAVE_UNISTD_H
| # include <unistd.h>
| #endif
| #include <ncp/nwcalls.h>
configure:5261: result: no
configure:5261: checking ncp/nwcalls.h presence
configure:5261: gcc -E  -g -DDEBUG -fPIC -I/usr/include -I/usr/local/include -I/usr/local/ssl/include -I/usr/include/postgresql -I/usr/include/pgsql -I/usr/include/afpfs-ng conftest.c
conftest.c:31:25: fatal error: ncp/nwcalls.h: No such file or directory
compilation terminated.
configure:5261: $? = 1
configure: failed program was:
| /* confdefs.h */
| #define PACKAGE_NAME ""
| #define PACKAGE_TARNAME ""
| #define PACKAGE_VERSION ""
| #define PACKAGE_STRING ""
| #define PACKAGE_BUGREPORT ""
| #define PACKAGE_URL ""
| #define PACKAGE "medusa"
| #define VERSION "2.1.1"
| #define STDC_HEADERS 1
| #define HAVE_SYS_TYPES_H 1
| #define HAVE_SYS_STAT_H 1
| #define HAVE_STDLIB_H 1
| #define HAVE_STRING_H 1
| #define HAVE_MEMORY_H 1
| #define HAVE_STRINGS_H 1
| #define HAVE_INTTYPES_H 1
| #define HAVE_STDINT_H 1
| #define HAVE_UNISTD_H 1
| #define SIZEOF_INT 4
| #define SIZEOF_LONG 8
| #define SIZEOF_LONG_LONG 8
| #define SIZEOF_SHORT 2
| #define HAVE_LIBPTHREAD 1
| #define HAVE_LIBDL 1
| #define HAVE_CLOCK_GETTIME 1
| #define HAVE_LIBCRYPTO 1
| #define HAVE_LIBSSL 1
| #define HAVE_LIBAFPFS 1
| /* end confdefs.h.  */
| #include <ncp/nwcalls.h>
configure:5261: result: no
configure:5261: checking for ncp/nwcalls.h
configure:5261: result: no
configure:5325: WARNING:  *** NCPFS header files required for NCP module. ***

    The NCPFS package must be installed for the NCP module to function. This includes
    both the library and header files. If your distribution does not include these
    files or offer a ncpfs-devel package, the files can be manually installed using
    "make install-dev" within the NCPFS source. The NCP module will NOT be built.


configure:5339: checking whether to enable NCP module
configure:5365: result: no
configure:5369: checking whether to enable NNTP module
configure:5392: result: yes
configure:5399: checking whether to enable PCANYWHERE module
configure:5422: result: yes
configure:5429: checking whether to enable POP3 module
configure:5452: result: yes
configure:5461: checking for PostgreSQL Library and Header files...
configure:5463: checking libpq-fe.h usability
configure:5463: gcc -c -g -O2  -g -DDEBUG -fPIC -I/usr/include -I/usr/local/include -I/usr/local/ssl/include -I/usr/include/postgresql -I/usr/include/pgsql -I/usr/include/afpfs-ng conftest.c >&5
configure:5463: $? = 0
configure:5463: result: yes
configure:5463: checking libpq-fe.h presence
configure:5463: gcc -E  -g -DDEBUG -fPIC -I/usr/include -I/usr/local/include -I/usr/local/ssl/include -I/usr/include/postgresql -I/usr/include/pgsql -I/usr/include/afpfs-ng conftest.c
configure:5463: $? = 0
configure:5463: result: yes
configure:5463: checking for libpq-fe.h
configure:5463: result: yes
configure:5465: checking for main in -lpq
configure:5484: gcc -o conftest -g -O2  -g -DDEBUG -fPIC -I/usr/include -I/usr/local/include -I/usr/local/ssl/include -I/usr/include/postgresql -I/usr/include/pgsql -I/usr/include/afpfs-ng  -L/usr/local/lib conftest.c -lpq  -lcrypto -ldl -lpthread  -lssl -lcrypto >&5
configure:5484: $? = 0
configure:5493: result: yes
configure:5537: checking whether to enable POSTGRES module
configure:5560: result: yes
configure:5567: checking whether to enable REXEC module
configure:5590: result: yes
configure:5597: checking whether to enable RLOGIN module
configure:5620: result: yes
configure:5627: checking whether to enable RSH module
configure:5650: result: yes
configure:5659: checking whether to enable SMBNT module
configure:5682: result: yes
configure:5689: checking whether to enable SMTP module
configure:5712: result: yes
configure:5719: checking whether to enable SMTP-VRFY module
configure:5742: result: yes
configure:5749: checking whether to enable SNMP module
configure:5772: result: yes
configure:5781: checking for Libssh2 Library files...
configure:5783: checking for main in -lssh2
configure:5802: gcc -o conftest -g -O2  -g -DDEBUG -fPIC -I/usr/include -I/usr/local/include -I/usr/local/ssl/include -I/usr/include/postgresql -I/usr/include/pgsql -I/usr/include/afpfs-ng  -L/usr/local/lib conftest.c -lssh2  -lcrypto -ldl -lpthread  -lssl -lcrypto >&5
configure:5802: $? = 0
configure:5811: result: yes
configure:6009: checking whether to enable SSH module
configure:6032: result: yes
configure:6041: checking for Subversion Library and Header files...
configure:6045: checking for apr-1-config
configure:6063: found /usr/bin/apr-1-config
configure:6075: result: /usr/bin/apr-1-config
configure:6173: checking /usr/include/apr-1/apr_tables.h usability
configure:6173: gcc -c -g -O2  -g -DDEBUG -fPIC -I/usr/include -I/usr/local/include -I/usr/local/ssl/include -I/usr/include/postgresql -I/usr/include/pgsql -I/usr/include/afpfs-ng  -I/usr/include/apr-1   -DLINUX -D_REENTRANT -D_GNU_SOURCE conftest.c >&5
configure:6173: $? = 0
configure:6173: result: yes
configure:6173: checking /usr/include/apr-1/apr_tables.h presence
configure:6173: gcc -E  -g -DDEBUG -fPIC -I/usr/include -I/usr/local/include -I/usr/local/ssl/include -I/usr/include/postgresql -I/usr/include/pgsql -I/usr/include/afpfs-ng  -I/usr/include/apr-1   -DLINUX -D_REENTRANT -D_GNU_SOURCE conftest.c
configure:6173: $? = 0
configure:6173: result: yes
configure:6173: checking for /usr/include/apr-1/apr_tables.h
configure:6173: result: yes
configure:6175: checking subversion-1/svn_client.h usability
configure:6175: gcc -c -g -O2  -g -DDEBUG -fPIC -I/usr/include -I/usr/local/include -I/usr/local/ssl/include -I/usr/include/postgresql -I/usr/include/pgsql -I/usr/include/afpfs-ng  -I/usr/include/apr-1   -DLINUX -D_REENTRANT -D_GNU_SOURCE conftest.c >&5
configure:6175: $? = 0
configure:6175: result: yes
configure:6175: checking subversion-1/svn_client.h presence
configure:6175: gcc -E  -g -DDEBUG -fPIC -I/usr/include -I/usr/local/include -I/usr/local/ssl/include -I/usr/include/postgresql -I/usr/include/pgsql -I/usr/include/afpfs-ng  -I/usr/include/apr-1   -DLINUX -D_REENTRANT -D_GNU_SOURCE conftest.c
configure:6175: $? = 0
configure:6175: result: yes
configure:6175: checking for subversion-1/svn_client.h
configure:6175: result: yes
configure:6177: checking for main in -lsvn_client-1
configure:6196: gcc -o conftest -g -O2  -g -DDEBUG -fPIC -I/usr/include -I/usr/local/include -I/usr/local/ssl/include -I/usr/include/postgresql -I/usr/include/pgsql -I/usr/include/afpfs-ng  -I/usr/include/apr-1   -DLINUX -D_REENTRANT -D_GNU_SOURCE  -L/usr/local/lib conftest.c -lsvn_client-1  -lcrypto -ldl -lpthread  -lssl -lcrypto >&5
configure:6196: $? = 0
configure:6205: result: yes
configure:6235: checking whether to enable SVN module
configure:6258: result: yes
configure:6265: checking whether to enable TELNET module
configure:6288: result: yes
configure:6295: checking whether to enable VMAUTHD module
configure:6318: result: yes
configure:6327: checking whether to enable VNC module
configure:6350: result: yes
configure:6357: checking whether to enable WRAPPER module
configure:6380: result: yes
configure:6389: checking whether to enable WEB-FORM module
configure:6412: result: yes
configure:6419: 
configure:6421: *******************************************************
configure:6423:     Medusa Module Build Summary
configure:6425: 
configure:6431:     AFP             Enabled
configure:6431:     CVS             Enabled
configure:6431:     FTP             Enabled
configure:6431:     HTTP            Enabled
configure:6431:     IMAP            Enabled
configure:6431:     MSSQL           Enabled
configure:6431:     MYSQL           Enabled
configure:6434:     NCP             ** Disabled **
configure:6431:     NNTP            Enabled
configure:6431:     PCANYWHERE      Enabled
configure:6431:     POP3            Enabled
configure:6431:     POSTGRES        Enabled
configure:6431:     REXEC           Enabled
configure:6431:     RLOGIN          Enabled
configure:6431:     RSH             Enabled
configure:6431:     SMBNT           Enabled
configure:6431:     SMTP            Enabled
configure:6431:     SMTP-VRFY       Enabled
configure:6431:     SNMP            Enabled
configure:6431:     SSH             Enabled
configure:6431:     SVN             Enabled
configure:6431:     TELNET          Enabled
configure:6431:     VMAUTHD         Enabled
configure:6431:     VNC             Enabled
configure:6431:     WRAPPER         Enabled
configure:6431:     WEB-FORM        Enabled
configure:6466: 
configure:6468:  If a module is unexpectedly marked as disabled, check 
configure:6470:  above output and verify dependancies were satisfied. 
configure:6472: 
configure:6474:  It should also be noted that, by default, not all of 
configure:6476:  the modules are built. Incomplete modules or modules 
configure:6478:  which have not been sufficiently tested may be 
configure:6480:  disabled. To enable non-default modules, use the 
configure:6482:  "--enable-module-MODULE_NAME" configure option.
configure:6484: *******************************************************
configure:6486: 
configure:6491: checking for strcasestr
configure:6491: gcc -o conftest -g -O2  -g -DDEBUG -fPIC -I/usr/include -I/usr/local/include -I/usr/local/ssl/include -I/usr/include/postgresql -I/usr/include/pgsql -I/usr/include/afpfs-ng  -I/usr/include/apr-1   -DLINUX -D_REENTRANT -D_GNU_SOURCE  -L/usr/local/lib conftest.c -lcrypto -ldl -lpthread  -lssl -lcrypto >&5
configure:6491: $? = 0
configure:6491: result: yes
configure:6502: checking for asprintf
configure:6502: gcc -o conftest -g -O2  -g -DDEBUG -fPIC -I/usr/include -I/usr/local/include -I/usr/local/ssl/include -I/usr/include/postgresql -I/usr/include/pgsql -I/usr/include/afpfs-ng  -I/usr/include/apr-1   -DLINUX -D_REENTRANT -D_GNU_SOURCE  -L/usr/local/lib conftest.c -lcrypto -ldl -lpthread  -lssl -lcrypto >&5
configure:6502: $? = 0
configure:6502: result: yes
configure:6513: checking for vasprintf
configure:6513: gcc -o conftest -g -O2  -g -DDEBUG -fPIC -I/usr/include -I/usr/local/include -I/usr/local/ssl/include -I/usr/include/postgresql -I/usr/include/pgsql -I/usr/include/afpfs-ng  -I/usr/include/apr-1   -DLINUX -D_REENTRANT -D_GNU_SOURCE  -L/usr/local/lib conftest.c -lcrypto -ldl -lpthread  -lssl -lcrypto >&5
configure:6513: $? = 0
configure:6513: result: yes
configure:6836: creating ./config.status

## ---------------------- ##
## Running config.status. ##
## ---------------------- ##

This file was extended by config.status, which was
generated by GNU Autoconf 2.68.  Invocation command line was

  CONFIG_FILES    = 
  CONFIG_HEADERS  = 
  CONFIG_LINKS    = 
  CONFIG_COMMANDS = 
  $ ./config.status 

on 2cb58f62dd59

config.status:947: creating Makefile
config.status:947: creating src/Makefile
config.status:947: creating src/modsrc/Makefile
config.status:947: creating config.h
config.status:1176: executing depfiles commands

## ---------------- ##
## Cache variables. ##
## ---------------- ##

ac_cv_build=x86_64-unknown-linux-gnu
ac_cv_c_compiler_gnu=yes
ac_cv_env_CC_set=
ac_cv_env_CC_value=
ac_cv_env_CFLAGS_set=
ac_cv_env_CFLAGS_value=
ac_cv_env_CPPFLAGS_set=
ac_cv_env_CPPFLAGS_value=
ac_cv_env_CPP_set=
ac_cv_env_CPP_value=
ac_cv_env_LDFLAGS_set=
ac_cv_env_LDFLAGS_value=
ac_cv_env_LIBS_set=
ac_cv_env_LIBS_value=
ac_cv_env_build_alias_set=
ac_cv_env_build_alias_value=
ac_cv_env_host_alias_set=set
ac_cv_env_host_alias_value=x86_64-unknown-linux
ac_cv_env_target_alias_set=
ac_cv_env_target_alias_value=
ac_cv_func_asprintf=yes
ac_cv_func_clock_gettime=yes
ac_cv_func_strcasestr=yes
ac_cv_func_vasprintf=yes
ac_cv_header__usr_include_apr_1_apr_tables_h=yes
ac_cv_header_afpfs_ng_afp_protocol_h=yes
ac_cv_header_inttypes_h=yes
ac_cv_header_libpq_fe_h=yes
ac_cv_header_memory_h=yes
ac_cv_header_ncp_nwcalls_h=no
ac_cv_header_openssl_ssl_h=yes
ac_cv_header_stdc=yes
ac_cv_header_stdint_h=yes
ac_cv_header_stdlib_h=yes
ac_cv_header_string_h=yes
ac_cv_header_strings_h=yes
ac_cv_header_subversion_1_svn_client_h=yes
ac_cv_header_sys_stat_h=yes
ac_cv_header_sys_types_h=yes
ac_cv_header_unistd_h=yes
ac_cv_host=x86_64-unknown-linux-gnu
ac_cv_lib_afpclient_main=yes
ac_cv_lib_crypto_CRYPTO_lock=yes
ac_cv_lib_dl_dlclose=yes
ac_cv_lib_pq_main=yes
ac_cv_lib_pthread_main=yes
ac_cv_lib_ssh2_main=yes
ac_cv_lib_ssl_main=yes
ac_cv_lib_svn_client_1_main=yes
ac_cv_objext=o
ac_cv_path_APR_CONFIG=/usr/bin/apr-1-config
ac_cv_path_EGREP='/usr/bin/grep -E'
ac_cv_path_GREP=/usr/bin/grep
ac_cv_path_install='/usr/bin/install -c'
ac_cv_path_mkdir=/usr/bin/mkdir
ac_cv_prog_AWK=gawk
ac_cv_prog_CPP='gcc -E'
ac_cv_prog_ac_ct_CC=gcc
ac_cv_prog_ac_ct_STRIP=strip
ac_cv_prog_cc_c89=
ac_cv_prog_cc_g=yes
ac_cv_prog_make_make_set=yes
ac_cv_search_clock_gettime='none required'
ac_cv_sizeof_int=4
ac_cv_sizeof_long=8
ac_cv_sizeof_long_long=8
ac_cv_sizeof_short=2
ac_cv_target=x86_64-unknown-linux-gnu
am_cv_CC_dependencies_compiler_type=gcc3

## ----------------- ##
## Output variables. ##
## ----------------- ##

ACLOCAL='${SHELL} /tmp/medusa/src/medusa-2.1.1/missing --run aclocal-1.11'
AMDEPBACKSLASH='\'
AMDEP_FALSE='#'
AMDEP_TRUE=''
AMTAR='${SHELL} /tmp/medusa/src/medusa-2.1.1/missing --run tar'
APR_CONFIG='/usr/bin/apr-1-config'
APR_INCLUDE_DIR='/usr/include/apr-1'
AUTOCONF='${SHELL} /tmp/medusa/src/medusa-2.1.1/missing --run autoconf'
AUTOHEADER='${SHELL} /tmp/medusa/src/medusa-2.1.1/missing --run autoheader'
AUTOMAKE='${SHELL} /tmp/medusa/src/medusa-2.1.1/missing --run automake-1.11'
AWK='gawk'
BUILD_MODULE_AFP_FALSE='#'
BUILD_MODULE_AFP_TRUE=''
BUILD_MODULE_CVS_FALSE='#'
BUILD_MODULE_CVS_TRUE=''
BUILD_MODULE_FTP_FALSE='#'
BUILD_MODULE_FTP_TRUE=''
BUILD_MODULE_HTTP_FALSE='#'
BUILD_MODULE_HTTP_TRUE=''
BUILD_MODULE_IMAP_FALSE='#'
BUILD_MODULE_IMAP_TRUE=''
BUILD_MODULE_MSSQL_FALSE='#'
BUILD_MODULE_MSSQL_TRUE=''
BUILD_MODULE_MYSQL_FALSE='#'
BUILD_MODULE_MYSQL_TRUE=''
BUILD_MODULE_NCP_FALSE=''
BUILD_MODULE_NCP_TRUE='#'
BUILD_MODULE_NNTP_FALSE='#'
BUILD_MODULE_NNTP_TRUE=''
BUILD_MODULE_PCANYWHERE_FALSE='#'
BUILD_MODULE_PCANYWHERE_TRUE=''
BUILD_MODULE_POP3_FALSE='#'
BUILD_MODULE_POP3_TRUE=''
BUILD_MODULE_POSTGRES_FALSE='#'
BUILD_MODULE_POSTGRES_TRUE=''
BUILD_MODULE_REXEC_FALSE='#'
BUILD_MODULE_REXEC_TRUE=''
BUILD_MODULE_RLOGIN_FALSE='#'
BUILD_MODULE_RLOGIN_TRUE=''
BUILD_MODULE_RSH_FALSE='#'
BUILD_MODULE_RSH_TRUE=''
BUILD_MODULE_SMBNT_FALSE='#'
BUILD_MODULE_SMBNT_TRUE=''
BUILD_MODULE_SMTP_FALSE='#'
BUILD_MODULE_SMTP_TRUE=''
BUILD_MODULE_SMTP_VRFY_FALSE='#'
BUILD_MODULE_SMTP_VRFY_TRUE=''
BUILD_MODULE_SNMP_FALSE='#'
BUILD_MODULE_SNMP_TRUE=''
BUILD_MODULE_SSH_FALSE='#'
BUILD_MODULE_SSH_TRUE=''
BUILD_MODULE_SVN_FALSE='#'
BUILD_MODULE_SVN_TRUE=''
BUILD_MODULE_TELNET_FALSE='#'
BUILD_MODULE_TELNET_TRUE=''
BUILD_MODULE_VMAUTHD_FALSE='#'
BUILD_MODULE_VMAUTHD_TRUE=''
BUILD_MODULE_VNC_FALSE='#'
BUILD_MODULE_VNC_TRUE=''
BUILD_MODULE_WEB_FORM_FALSE='#'
BUILD_MODULE_WEB_FORM_TRUE=''
BUILD_MODULE_WRAPPER_FALSE='#'
BUILD_MODULE_WRAPPER_TRUE=''
CC='gcc'
CCDEPMODE='depmode=gcc3'
CFLAGS='-g -O2'
CPP='gcc -E'
CPPFLAGS=' -g -DDEBUG -fPIC -I/usr/include -I/usr/local/include -I/usr/local/ssl/include -I/usr/include/postgresql -I/usr/include/pgsql -I/usr/include/afpfs-ng  -I/usr/include/apr-1   -DLINUX -D_REENTRANT -D_GNU_SOURCE'
CYGPATH_W='echo'
DEFAULT_MOD_PATH=''
DEFS='-DHAVE_CONFIG_H'
DEPDIR='.deps'
ECHO_C=''
ECHO_N='-n'
ECHO_T=''
EGREP='/usr/bin/grep -E'
EXEEXT=''
GREP='/usr/bin/grep'
INSTALL_DATA='${INSTALL} -m 644'
INSTALL_PROGRAM='${INSTALL}'
INSTALL_SCRIPT='${INSTALL}'
INSTALL_STRIP_PROGRAM='$(install_sh) -c -s'
LDFLAGS=' -L/usr/local/lib -rdynamic '
LIBOBJS=''
LIBS='-lcrypto -ldl -lpthread  -lssl -lcrypto -ldl -lrt -lm'
LTLIBOBJS=''
MAKEINFO='${SHELL} /tmp/medusa/src/medusa-2.1.1/missing --run makeinfo'
MKDIR_P='/usr/bin/mkdir -p'
MODULE_LIBS=' /usr/lib/libafpclient.so.0 -lpq -lssh2 -lsvn_client-1 -shared'
OBJEXT='o'
PACKAGE='medusa'
PACKAGE_BUGREPORT=''
PACKAGE_NAME=''
PACKAGE_STRING=''
PACKAGE_TARNAME=''
PACKAGE_URL=''
PACKAGE_VERSION=''
PATH_SEPARATOR=':'
SET_MAKE=''
SHELL='/bin/sh'
STRIP='strip'
VERSION='2.1.1'
ac_ct_CC='gcc'
am__EXEEXT_FALSE=''
am__EXEEXT_TRUE='#'
am__fastdepCC_FALSE='#'
am__fastdepCC_TRUE=''
am__include='include'
am__isrc=''
am__leading_dot='.'
am__quote=''
am__tar='${AMTAR} chof - "$$tardir"'
am__untar='${AMTAR} xf -'
bindir='${exec_prefix}/bin'
build='x86_64-unknown-linux-gnu'
build_alias=''
build_cpu='x86_64'
build_os='linux-gnu'
build_vendor='unknown'
datadir='${datarootdir}'
datarootdir='${prefix}/share'
docdir='${datarootdir}/doc/${PACKAGE}'
dvidir='${docdir}'
exec_prefix='${prefix}'
host='x86_64-unknown-linux-gnu'
host_alias='x86_64-unknown-linux'
host_cpu='x86_64'
host_os='linux-gnu'
host_vendor='unknown'
htmldir='${docdir}'
includedir='${prefix}/include'
infodir='${datarootdir}/info'
install_sh='${SHELL} /tmp/medusa/src/medusa-2.1.1/install-sh'
libdir='${exec_prefix}/lib'
libexecdir='${exec_prefix}/libexec'
localedir='${datarootdir}/locale'
localstatedir='${prefix}/var'
mandir='${datarootdir}/man'
mkdir_p='/usr/bin/mkdir -p'
oldincludedir='/usr/include'
pdfdir='${docdir}'
prefix='/usr'
program_transform_name='s,x,x,'
psdir='${docdir}'
sbindir='${exec_prefix}/sbin'
sharedstatedir='${prefix}/com'
sysconfdir='${prefix}/etc'
target='x86_64-unknown-linux-gnu'
target_alias=''
target_cpu='x86_64'
target_os='linux-gnu'
target_vendor='unknown'

## ----------- ##
## confdefs.h. ##
## ----------- ##

/* confdefs.h */
#define PACKAGE_NAME ""
#define PACKAGE_TARNAME ""
#define PACKAGE_VERSION ""
#define PACKAGE_STRING ""
#define PACKAGE_BUGREPORT ""
#define PACKAGE_URL ""
#define PACKAGE "medusa"
#define VERSION "2.1.1"
#define STDC_HEADERS 1
#define HAVE_SYS_TYPES_H 1
#define HAVE_SYS_STAT_H 1
#define HAVE_STDLIB_H 1
#define HAVE_STRING_H 1
#define HAVE_MEMORY_H 1
#define HAVE_STRINGS_H 1
#define HAVE_INTTYPES_H 1
#define HAVE_STDINT_H 1
#define HAVE_UNISTD_H 1
#define SIZEOF_INT 4
#define SIZEOF_LONG 8
#define SIZEOF_LONG_LONG 8
#define SIZEOF_SHORT 2
#define HAVE_LIBPTHREAD 1
#define HAVE_LIBDL 1
#define HAVE_CLOCK_GETTIME 1
#define HAVE_LIBCRYPTO 1
#define HAVE_LIBSSL 1
#define HAVE_LIBAFPFS 1
#define HAVE_LIBPQ 1
#define HAVE_LIBSSH2 1
#define HAVE_LIBSVN_CLIENT_1 1
#define HAVE_STRCASESTR 1
#define HAVE_ASPRINTF 1
#define HAVE_VASPRINTF 1
#define DEFAULT_MOD_PATH "/usr/lib/medusa/modules"

configure: exit 0

===> Finished printing config.logs></pre></code>
        </body></html>
