        <html><head></head><body>
        <h1>Report for x11vnc on toolchain
            <a href="index.html">vanilla</a>
        </h1>
        <p>Return code: 0</p>
        <p>Time to run: 00:02:55</p>
        <p>Log output:</p>
        <code><pre><docker run --rm -v /tuscan_data --volumes-from tuscan_data -v /sources --volumes-from sources -v /var/cache/pacman/pkg --volumes-from pkg_cache_vanilla -v logs:/logs make_package_container --sources-directory /sources --shared-directory /tuscan_data x11vnc
:: Synchronizing package databases...
downloading repo.db...
downloading core.db...
downloading extra.db...
downloading community.db...
Found 2480 packages in cache
Found permanent source directory in /sources/x11vnc
===> sudo -u tuscan  makepkg --noextract --syncdeps --skipinteg --skippgpcheck --skipchecksums --noconfirm --nocolor --log --noprogressbar --nocheck
==> Making package: x11vnc 0.9.13-6 (Sat Nov 14 07:06:13 UTC 2015)
==> Checking runtime dependencies...
==> Installing missing dependencies...
resolving dependencies...
looking for conflicting packages...

Packages (26) damageproto-1.2.1-3  fixesproto-5.0-3  inputproto-2.3.1-1  kbproto-1.0.7-1  libdaemon-0.14-3  libx11-1.6.3-1  libxau-1.0.8-2  libxcb-1.11.1-1  libxdmcp-1.1.2-1  libxext-1.3.3-1  libxfixes-5.0.1-1  libxi-1.7.5-1  libxrender-0.9.9-1  randrproto-1.5.0-1  recordproto-1.14.2-2  renderproto-0.11.1-3  xcb-proto-1.11-2  xextproto-7.3.0-1  xineramaproto-1.2.1-3  xproto-7.0.28-1  avahi-0.6.32rc-1  libjpeg-turbo-1.4.2-1  libxdamage-1.1.4-2  libxinerama-1.1.3-2  libxrandr-1.5.0-1  libxtst-1.2.2-1

Total Installed Size:  23.55 MiB

:: Proceed with installation? [Y/n] 
checking keyring...
checking package integrity...
loading package files...
checking for file conflicts...
checking available disk space...
installing libjpeg-turbo...
installing xcb-proto...
installing xproto...
installing libxdmcp...
installing libxau...
installing libxcb...
installing kbproto...
installing libx11...
installing xextproto...
installing libxext...
installing inputproto...
installing libxi...
installing recordproto...
installing fixesproto...
installing libxfixes...
installing libxtst...
installing xineramaproto...
installing libxinerama...
installing damageproto...
installing libxdamage...
installing renderproto...
installing libxrender...
installing randrproto...
installing libxrandr...
installing libdaemon...
installing avahi...
Optional dependencies for avahi
    gtk3: avahi-discover-standalone, bshell, bssh, bvnc
    gtk2: gtk2 bindings
    qt4: qt4 bindings
    pygtk: avahi-bookmarks, avahi-discover
    python2-twisted: avahi-bookmarks
    mono: mono bindings
    python2-dbus: avahi-discover
    nss-mdns: NSS support for mDNS
==> Checking buildtime dependencies...
==> WARNING: Using existing $srcdir/ tree
==> Starting build()...
configure: WARNING: If you wanted to set the --build type, don't use --host.
    If a cross compiler is detected then cross compile mode will be used.
checking for a BSD-compatible install... /usr/bin/install -c
checking whether build environment is sane... yes
checking for gawk... gawk
checking whether make sets $(MAKE)... yes
checking for x86_64-unknown-linux-strip... no
checking for strip... strip
checking for x86_64-unknown-linux-gcc... no
checking for gcc... gcc
checking for C compiler default output file name... a.out
checking whether the C compiler works... yes
checking whether we are cross compiling... no
checking for suffix of executables... 
checking for suffix of object files... o
checking whether we are using the GNU C compiler... yes
checking whether gcc accepts -g... yes
checking for gcc option to accept ANSI C... none needed
checking for style of include used by make... GNU
checking dependency style of gcc... gcc3
checking whether gcc and cc understand -c and -o together... yes
checking whether make sets $(MAKE)... (cached) yes
checking for x86_64-unknown-linux-ranlib... no
checking for ranlib... ranlib
checking for ar... /usr/bin/ar
checking how to run the C preprocessor... gcc -E
checking for egrep... grep -E
checking for ANSI C header files... yes
checking for sys/types.h... yes
checking for sys/stat.h... yes
checking for stdlib.h... yes
checking for string.h... yes
checking for memory.h... yes
checking for strings.h... yes
checking for inttypes.h... yes
checking for stdint.h... yes
checking for unistd.h... yes
checking thenonexistentheader.h usability... no
checking thenonexistentheader.h presence... no
checking for thenonexistentheader.h... no
checking for X... no
checking for XGetImage in -lX11... yes
checking for XShmGetImage in -lXext... yes
checking for XReadScreen in -lXext... no
checking for X11/extensions/readdisplay.h... no
checking for FBPMForceLevel in -lXext... no
checking for DPMSForceLevel in -lXext... yes
checking for XTestGrabControl in -lXtst... yes
checking for XTestFakeKeyEvent in -lXtst... yes
checking for XRecordEnableContextAsync in -lXtst... yes
checking for X11/XKBlib.h... yes
checking for XkbSelectEvents in -lX11... yes
checking for XineramaQueryScreens in -lXinerama... yes
checking for XRRSelectInput in -lXrandr... yes
checking for XFixesGetCursorImage in -lXfixes... yes
checking for XDamageQueryExtension in -lXdamage... yes
checking for crypt... no
checking for crypt in -lcrypt... yes
checking for RAND_file_name in -lcrypto... yes
checking for SSL_library_init in -lssl... yes
checking for X509_print_ex_fp in -lssl... yes
checking linux/videodev.h usability... no
checking linux/videodev.h presence... no
checking for linux/videodev.h... no
checking linux/fb.h usability... yes
checking linux/fb.h presence... yes
checking for linux/fb.h... yes
checking linux/input.h usability... yes
checking linux/input.h presence... yes
checking for linux/input.h... yes
checking for linux/uinput.h... yes
checking OpenGL/OpenGL.h usability... no
checking OpenGL/OpenGL.h presence... no
checking for OpenGL/OpenGL.h... no
checking for avahi... yes
checking jpeglib.h usability... yes
checking jpeglib.h presence... yes
checking for jpeglib.h... yes
checking for jpeg_CreateCompress in -ljpeg... yes
checking zlib.h usability... yes
checking zlib.h presence... yes
checking for zlib.h... yes
checking for deflate in -lz... yes
checking pthread.h usability... yes
checking pthread.h presence... yes
checking for pthread.h... yes
checking for pthread_mutex_lock in -lpthread... yes
checking for pthread_mutex_lock in -lpthread... (cached) yes
checking for __thread... yes
checking build system type... x86_64-unknown-linux-gnu
checking host system type... x86_64-unknown-linux-gnu
checking for ANSI C header files... (cached) yes
checking arpa/inet.h usability... yes
checking arpa/inet.h presence... yes
checking for arpa/inet.h... yes
checking fcntl.h usability... yes
checking fcntl.h presence... yes
checking for fcntl.h... yes
checking netdb.h usability... yes
checking netdb.h presence... yes
checking for netdb.h... yes
checking netinet/in.h usability... yes
checking netinet/in.h presence... yes
checking for netinet/in.h... yes
checking for stdlib.h... (cached) yes
checking for string.h... (cached) yes
checking sys/socket.h usability... yes
checking sys/socket.h presence... yes
checking for sys/socket.h... yes
checking sys/un.h usability... yes
checking sys/un.h presence... yes
checking for sys/un.h... yes
checking sys/time.h usability... yes
checking sys/time.h presence... yes
checking for sys/time.h... yes
checking sys/timeb.h usability... yes
checking sys/timeb.h presence... yes
checking for sys/timeb.h... yes
checking syslog.h usability... yes
checking syslog.h presence... yes
checking for syslog.h... yes
checking for unistd.h... (cached) yes
checking ws2tcpip.h usability... no
checking ws2tcpip.h presence... no
checking for ws2tcpip.h... no
checking pwd.h usability... yes
checking pwd.h presence... yes
checking for pwd.h... yes
checking sys/wait.h usability... yes
checking sys/wait.h presence... yes
checking for sys/wait.h... yes
checking utmpx.h usability... yes
checking utmpx.h presence... yes
checking for utmpx.h... yes
checking termios.h usability... yes
checking termios.h presence... yes
checking for termios.h... yes
checking sys/ioctl.h usability... yes
checking sys/ioctl.h presence... yes
checking for sys/ioctl.h... yes
checking sys/stropts.h usability... yes
checking sys/stropts.h presence... yes
checking for sys/stropts.h... yes
checking for an ANSI C-conforming const... yes
checking for inline... inline
checking whether byte ordering is bigendian... no
checking for size_t... yes
checking whether time.h and sys/time.h may both be included... yes
checking for sys/wait.h that is POSIX.1 compatible... (cached) yes
checking for socklen_t... yes
checking for stdint-types....... "(putting them into rfb/rfbint.h)"
checking for uintptr_t... yes
checking for uint64_t... yes
... seen our uintptr_t in stdint.h (uint64_t too)
creating rfb/rfbint.h : _RFB_RFBINT_H
checking for int_least32_t... yes
checking for int_fast32_t... yes
..adding include stdint.h
... seen good stdint.h inttypes
... seen good uint64_t
... DONE rfb/rfbint.h
checking for in_addr_t... 
checking for working memcmp... yes
checking whether lstat dereferences a symlink specified with a trailing slash... yes
checking whether stat accepts an empty string... no
checking for strftime... yes
checking for vprintf... yes
checking for _doprnt... no
checking for pid_t... yes
checking for unistd.h... (cached) yes
checking vfork.h usability... no
checking vfork.h presence... no
checking for vfork.h... no
checking for fork... yes
checking for vfork... yes
checking for working fork... yes
checking for working vfork... (cached) yes
checking for gethostbyname in -lnsl... yes
checking for socket in -lsocket... no
checking for ftime... yes
checking for gethostbyname... yes
checking for gethostname... yes
checking for gettimeofday... yes
checking for inet_ntoa... yes
checking for memmove... yes
checking for memset... yes
checking for mmap... yes
checking for mkfifo... yes
checking for select... yes
checking for socket... yes
checking for strchr... yes
checking for strcspn... yes
checking for strdup... yes
checking for strerror... yes
checking for strstr... yes
checking for setsid... yes
checking for setpgrp... yes
checking for getpwuid... yes
checking for getpwnam... yes
checking for getspnam... yes
checking for getuid... yes
checking for geteuid... yes
checking for setuid... yes
checking for setgid... yes
checking for seteuid... yes
checking for setegid... yes
checking for initgroups... yes
checking for waitpid... yes
checking for setutxent... yes
checking for grantpt... yes
checking for shmat... yes
checking for shmget in -lcygipc... no
checking ApplicationServices/ApplicationServices.h usability... no
checking ApplicationServices/ApplicationServices.h presence... no
checking for ApplicationServices/ApplicationServices.h... no
checking for rpm sources path... NOT-FOUND
configure: creating ./config.status
config.status: creating Makefile
config.status: creating libvncserver/Makefile
config.status: creating classes/Makefile
config.status: creating classes/ssl/Makefile
config.status: creating libvncclient/Makefile
config.status: creating x11vnc.spec
config.status: creating x11vnc/Makefile
config.status: creating x11vnc/misc/Makefile
config.status: creating x11vnc/misc/turbovnc/Makefile
config.status: creating rfbconfig.h
config.status: executing rfb/rfbconfig.h commands
config.status: creating rfb/rfbconfig.h - prefix LIBVNCSERVER for rfbconfig.h defines
config.status: executing depfiles commands
make  all-recursive
make[1]: Entering directory '/tmp/x11vnc/src/x11vnc-0.9.13'
Making all in libvncserver
make[2]: Entering directory '/tmp/x11vnc/src/x11vnc-0.9.13/libvncserver'
if gcc -DHAVE_CONFIG_H -I. -I. -I.. -I..    -g -O2 -Wall -MT main.o -MD -MP -MF ".deps/main.Tpo" -c -o main.o main.c; \
then mv -f ".deps/main.Tpo" ".deps/main.Po"; else rm -f ".deps/main.Tpo"; exit 1; fi
if gcc -DHAVE_CONFIG_H -I. -I. -I.. -I..    -g -O2 -Wall -MT rfbserver.o -MD -MP -MF ".deps/rfbserver.Tpo" -c -o rfbserver.o rfbserver.c; \
then mv -f ".deps/rfbserver.Tpo" ".deps/rfbserver.Po"; else rm -f ".deps/rfbserver.Tpo"; exit 1; fi
rfbserver.c: In function 'rfbNewClientConnection':
rfbserver.c:213:18: warning: variable 'cl' set but not used [-Wunused-but-set-variable]
     rfbClientPtr cl;
                  ^
rfbserver.c: In function 'rfbProcessFileTransfer':
rfbserver.c:1434:9: warning: variable 'nRet' set but not used [-Wunused-but-set-variable]
     int nRet = 0;
         ^
if gcc -DHAVE_CONFIG_H -I. -I. -I.. -I..    -g -O2 -Wall -MT rfbregion.o -MD -MP -MF ".deps/rfbregion.Tpo" -c -o rfbregion.o rfbregion.c; \
then mv -f ".deps/rfbregion.Tpo" ".deps/rfbregion.Po"; else rm -f ".deps/rfbregion.Tpo"; exit 1; fi
if gcc -DHAVE_CONFIG_H -I. -I. -I.. -I..    -g -O2 -Wall -MT auth.o -MD -MP -MF ".deps/auth.Tpo" -c -o auth.o auth.c; \
then mv -f ".deps/auth.Tpo" ".deps/auth.Po"; else rm -f ".deps/auth.Tpo"; exit 1; fi
if gcc -DHAVE_CONFIG_H -I. -I. -I.. -I..    -g -O2 -Wall -MT sockets.o -MD -MP -MF ".deps/sockets.Tpo" -c -o sockets.o sockets.c; \
then mv -f ".deps/sockets.Tpo" ".deps/sockets.Po"; else rm -f ".deps/sockets.Tpo"; exit 1; fi
sockets.c: In function 'rfbAcceptUnixSocket':
sockets.c:724:49: warning: pointer targets in passing argument 3 of 'accept' differ in signedness [-Wpointer-sign]
     fd = accept(sock, (struct sockaddr *)&addr, &fromlen);
                                                 ^
In file included from /usr/include/netinet/in.h:23:0,
                 from ../rfb/rfbproto.h:99,
                 from ../rfb/rfb.h:44,
                 from sockets.c:43:
/usr/include/sys/socket.h:243:12: note: expected 'socklen_t * restrict {aka unsigned int * restrict}' but argument is of type 'int *'
 extern int accept (int __fd, __SOCKADDR_ARG __addr,
            ^
if gcc -DHAVE_CONFIG_H -I. -I. -I.. -I..    -g -O2 -Wall -MT stats.o -MD -MP -MF ".deps/stats.Tpo" -c -o stats.o stats.c; \
then mv -f ".deps/stats.Tpo" ".deps/stats.Po"; else rm -f ".deps/stats.Tpo"; exit 1; fi
if gcc -DHAVE_CONFIG_H -I. -I. -I.. -I..    -g -O2 -Wall -MT corre.o -MD -MP -MF ".deps/corre.Tpo" -c -o corre.o corre.c; \
then mv -f ".deps/corre.Tpo" ".deps/corre.Po"; else rm -f ".deps/corre.Tpo"; exit 1; fi
if gcc -DHAVE_CONFIG_H -I. -I. -I.. -I..    -g -O2 -Wall -MT hextile.o -MD -MP -MF ".deps/hextile.Tpo" -c -o hextile.o hextile.c; \
then mv -f ".deps/hextile.Tpo" ".deps/hextile.Po"; else rm -f ".deps/hextile.Tpo"; exit 1; fi
if gcc -DHAVE_CONFIG_H -I. -I. -I.. -I..    -g -O2 -Wall -MT rre.o -MD -MP -MF ".deps/rre.Tpo" -c -o rre.o rre.c; \
then mv -f ".deps/rre.Tpo" ".deps/rre.Po"; else rm -f ".deps/rre.Tpo"; exit 1; fi
if gcc -DHAVE_CONFIG_H -I. -I. -I.. -I..    -g -O2 -Wall -MT translate.o -MD -MP -MF ".deps/translate.Tpo" -c -o translate.o translate.c; \
then mv -f ".deps/translate.Tpo" ".deps/translate.Po"; else rm -f ".deps/translate.Tpo"; exit 1; fi
if gcc -DHAVE_CONFIG_H -I. -I. -I.. -I..    -g -O2 -Wall -MT cutpaste.o -MD -MP -MF ".deps/cutpaste.Tpo" -c -o cutpaste.o cutpaste.c; \
then mv -f ".deps/cutpaste.Tpo" ".deps/cutpaste.Po"; else rm -f ".deps/cutpaste.Tpo"; exit 1; fi
if gcc -DHAVE_CONFIG_H -I. -I. -I.. -I..    -g -O2 -Wall -MT httpd.o -MD -MP -MF ".deps/httpd.Tpo" -c -o httpd.o httpd.c; \
then mv -f ".deps/httpd.Tpo" ".deps/httpd.Po"; else rm -f ".deps/httpd.Tpo"; exit 1; fi
if gcc -DHAVE_CONFIG_H -I. -I. -I.. -I..    -g -O2 -Wall -MT cursor.o -MD -MP -MF ".deps/cursor.Tpo" -c -o cursor.o cursor.c; \
then mv -f ".deps/cursor.Tpo" ".deps/cursor.Po"; else rm -f ".deps/cursor.Tpo"; exit 1; fi
if gcc -DHAVE_CONFIG_H -I. -I. -I.. -I..    -g -O2 -Wall -MT font.o -MD -MP -MF ".deps/font.Tpo" -c -o font.o font.c; \
then mv -f ".deps/font.Tpo" ".deps/font.Po"; else rm -f ".deps/font.Tpo"; exit 1; fi
if gcc -DHAVE_CONFIG_H -I. -I. -I.. -I..    -g -O2 -Wall -MT draw.o -MD -MP -MF ".deps/draw.Tpo" -c -o draw.o draw.c; \
then mv -f ".deps/draw.Tpo" ".deps/draw.Po"; else rm -f ".deps/draw.Tpo"; exit 1; fi
if gcc -DHAVE_CONFIG_H -I. -I. -I.. -I..    -g -O2 -Wall -MT selbox.o -MD -MP -MF ".deps/selbox.Tpo" -c -o selbox.o selbox.c; \
then mv -f ".deps/selbox.Tpo" ".deps/selbox.Po"; else rm -f ".deps/selbox.Tpo"; exit 1; fi
if gcc -DHAVE_CONFIG_H -I. -I. -I.. -I..    -g -O2 -Wall -MT d3des.o -MD -MP -MF ".deps/d3des.Tpo" -c -o d3des.o d3des.c; \
then mv -f ".deps/d3des.Tpo" ".deps/d3des.Po"; else rm -f ".deps/d3des.Tpo"; exit 1; fi
if gcc -DHAVE_CONFIG_H -I. -I. -I.. -I..    -g -O2 -Wall -MT vncauth.o -MD -MP -MF ".deps/vncauth.Tpo" -c -o vncauth.o vncauth.c; \
then mv -f ".deps/vncauth.Tpo" ".deps/vncauth.Po"; else rm -f ".deps/vncauth.Tpo"; exit 1; fi
if gcc -DHAVE_CONFIG_H -I. -I. -I.. -I..    -g -O2 -Wall -MT cargs.o -MD -MP -MF ".deps/cargs.Tpo" -c -o cargs.o cargs.c; \
then mv -f ".deps/cargs.Tpo" ".deps/cargs.Po"; else rm -f ".deps/cargs.Tpo"; exit 1; fi
if gcc -DHAVE_CONFIG_H -I. -I. -I.. -I..    -g -O2 -Wall -MT minilzo.o -MD -MP -MF ".deps/minilzo.Tpo" -c -o minilzo.o minilzo.c; \
then mv -f ".deps/minilzo.Tpo" ".deps/minilzo.Po"; else rm -f ".deps/minilzo.Tpo"; exit 1; fi
minilzo.c: In function 'basic_integral_check':
minilzo.c:118:16: warning: typedef '__lzo_compile_time_assert_fail' locally defined but not used [-Wunused-local-typedefs]
  { typedef int __lzo_compile_time_assert_fail[1 - 2 * !(expr)]; }
                ^
minilzo.c:924:41: note: in expansion of macro 'LZO_COMPILE_TIME_ASSERT'
 #  define COMPILE_TIME_ASSERT(expr)     LZO_COMPILE_TIME_ASSERT(expr)
                                         ^
minilzo.c:931:5: note: in expansion of macro 'COMPILE_TIME_ASSERT'
     COMPILE_TIME_ASSERT(CHAR_BIT == 8);
     ^
minilzo.c:118:16: warning: typedef '__lzo_compile_time_assert_fail' locally defined but not used [-Wunused-local-typedefs]
  { typedef int __lzo_compile_time_assert_fail[1 - 2 * !(expr)]; }
                ^
minilzo.c:924:41: note: in expansion of macro 'LZO_COMPILE_TIME_ASSERT'
 #  define COMPILE_TIME_ASSERT(expr)     LZO_COMPILE_TIME_ASSERT(expr)
                                         ^
minilzo.c:932:5: note: in expansion of macro 'COMPILE_TIME_ASSERT'
     COMPILE_TIME_ASSERT(sizeof(char) == 1);
     ^
minilzo.c:118:16: warning: typedef '__lzo_compile_time_assert_fail' locally defined but not used [-Wunused-local-typedefs]
  { typedef int __lzo_compile_time_assert_fail[1 - 2 * !(expr)]; }
                ^
minilzo.c:924:41: note: in expansion of macro 'LZO_COMPILE_TIME_ASSERT'
 #  define COMPILE_TIME_ASSERT(expr)     LZO_COMPILE_TIME_ASSERT(expr)
                                         ^
minilzo.c:933:5: note: in expansion of macro 'COMPILE_TIME_ASSERT'
     COMPILE_TIME_ASSERT(sizeof(short) >= 2);
     ^
minilzo.c:118:16: warning: typedef '__lzo_compile_time_assert_fail' locally defined but not used [-Wunused-local-typedefs]
  { typedef int __lzo_compile_time_assert_fail[1 - 2 * !(expr)]; }
                ^
minilzo.c:924:41: note: in expansion of macro 'LZO_COMPILE_TIME_ASSERT'
 #  define COMPILE_TIME_ASSERT(expr)     LZO_COMPILE_TIME_ASSERT(expr)
                                         ^
minilzo.c:934:5: note: in expansion of macro 'COMPILE_TIME_ASSERT'
     COMPILE_TIME_ASSERT(sizeof(long) >= 4);
     ^
minilzo.c:118:16: warning: typedef '__lzo_compile_time_assert_fail' locally defined but not used [-Wunused-local-typedefs]
  { typedef int __lzo_compile_time_assert_fail[1 - 2 * !(expr)]; }
                ^
minilzo.c:924:41: note: in expansion of macro 'LZO_COMPILE_TIME_ASSERT'
 #  define COMPILE_TIME_ASSERT(expr)     LZO_COMPILE_TIME_ASSERT(expr)
                                         ^
minilzo.c:935:5: note: in expansion of macro 'COMPILE_TIME_ASSERT'
     COMPILE_TIME_ASSERT(sizeof(int) >= sizeof(short));
     ^
minilzo.c:118:16: warning: typedef '__lzo_compile_time_assert_fail' locally defined but not used [-Wunused-local-typedefs]
  { typedef int __lzo_compile_time_assert_fail[1 - 2 * !(expr)]; }
                ^
minilzo.c:924:41: note: in expansion of macro 'LZO_COMPILE_TIME_ASSERT'
 #  define COMPILE_TIME_ASSERT(expr)     LZO_COMPILE_TIME_ASSERT(expr)
                                         ^
minilzo.c:936:5: note: in expansion of macro 'COMPILE_TIME_ASSERT'
     COMPILE_TIME_ASSERT(sizeof(long) >= sizeof(int));
     ^
minilzo.c:118:16: warning: typedef '__lzo_compile_time_assert_fail' locally defined but not used [-Wunused-local-typedefs]
  { typedef int __lzo_compile_time_assert_fail[1 - 2 * !(expr)]; }
                ^
minilzo.c:924:41: note: in expansion of macro 'LZO_COMPILE_TIME_ASSERT'
 #  define COMPILE_TIME_ASSERT(expr)     LZO_COMPILE_TIME_ASSERT(expr)
                                         ^
minilzo.c:938:5: note: in expansion of macro 'COMPILE_TIME_ASSERT'
     COMPILE_TIME_ASSERT(sizeof(lzo_uint) == sizeof(lzo_int));
     ^
minilzo.c:118:16: warning: typedef '__lzo_compile_time_assert_fail' locally defined but not used [-Wunused-local-typedefs]
  { typedef int __lzo_compile_time_assert_fail[1 - 2 * !(expr)]; }
                ^
minilzo.c:924:41: note: in expansion of macro 'LZO_COMPILE_TIME_ASSERT'
 #  define COMPILE_TIME_ASSERT(expr)     LZO_COMPILE_TIME_ASSERT(expr)
                                         ^
minilzo.c:939:5: note: in expansion of macro 'COMPILE_TIME_ASSERT'
     COMPILE_TIME_ASSERT(sizeof(lzo_uint32) == sizeof(lzo_int32));
     ^
minilzo.c:118:16: warning: typedef '__lzo_compile_time_assert_fail' locally defined but not used [-Wunused-local-typedefs]
  { typedef int __lzo_compile_time_assert_fail[1 - 2 * !(expr)]; }
                ^
minilzo.c:924:41: note: in expansion of macro 'LZO_COMPILE_TIME_ASSERT'
 #  define COMPILE_TIME_ASSERT(expr)     LZO_COMPILE_TIME_ASSERT(expr)
                                         ^
minilzo.c:941:5: note: in expansion of macro 'COMPILE_TIME_ASSERT'
     COMPILE_TIME_ASSERT(sizeof(lzo_uint32) >= 4);
     ^
minilzo.c:118:16: warning: typedef '__lzo_compile_time_assert_fail' locally defined but not used [-Wunused-local-typedefs]
  { typedef int __lzo_compile_time_assert_fail[1 - 2 * !(expr)]; }
                ^
minilzo.c:924:41: note: in expansion of macro 'LZO_COMPILE_TIME_ASSERT'
 #  define COMPILE_TIME_ASSERT(expr)     LZO_COMPILE_TIME_ASSERT(expr)
                                         ^
minilzo.c:942:5: note: in expansion of macro 'COMPILE_TIME_ASSERT'
     COMPILE_TIME_ASSERT(sizeof(lzo_uint32) >= sizeof(unsigned));
     ^
minilzo.c:118:16: warning: typedef '__lzo_compile_time_assert_fail' locally defined but not used [-Wunused-local-typedefs]
  { typedef int __lzo_compile_time_assert_fail[1 - 2 * !(expr)]; }
                ^
minilzo.c:924:41: note: in expansion of macro 'LZO_COMPILE_TIME_ASSERT'
 #  define COMPILE_TIME_ASSERT(expr)     LZO_COMPILE_TIME_ASSERT(expr)
                                         ^
minilzo.c:946:5: note: in expansion of macro 'COMPILE_TIME_ASSERT'
     COMPILE_TIME_ASSERT(sizeof(lzo_uint) >= 4);
     ^
minilzo.c:118:16: warning: typedef '__lzo_compile_time_assert_fail' locally defined but not used [-Wunused-local-typedefs]
  { typedef int __lzo_compile_time_assert_fail[1 - 2 * !(expr)]; }
                ^
minilzo.c:924:41: note: in expansion of macro 'LZO_COMPILE_TIME_ASSERT'
 #  define COMPILE_TIME_ASSERT(expr)     LZO_COMPILE_TIME_ASSERT(expr)
                                         ^
minilzo.c:947:5: note: in expansion of macro 'COMPILE_TIME_ASSERT'
     COMPILE_TIME_ASSERT(sizeof(lzo_uint) >= sizeof(unsigned));
     ^
minilzo.c:118:16: warning: typedef '__lzo_compile_time_assert_fail' locally defined but not used [-Wunused-local-typedefs]
  { typedef int __lzo_compile_time_assert_fail[1 - 2 * !(expr)]; }
                ^
minilzo.c:924:41: note: in expansion of macro 'LZO_COMPILE_TIME_ASSERT'
 #  define COMPILE_TIME_ASSERT(expr)     LZO_COMPILE_TIME_ASSERT(expr)
                                         ^
minilzo.c:951:5: note: in expansion of macro 'COMPILE_TIME_ASSERT'
     COMPILE_TIME_ASSERT(sizeof(short) == 2);
     ^
minilzo.c:118:16: warning: typedef '__lzo_compile_time_assert_fail' locally defined but not used [-Wunused-local-typedefs]
  { typedef int __lzo_compile_time_assert_fail[1 - 2 * !(expr)]; }
                ^
minilzo.c:924:41: note: in expansion of macro 'LZO_COMPILE_TIME_ASSERT'
 #  define COMPILE_TIME_ASSERT(expr)     LZO_COMPILE_TIME_ASSERT(expr)
                                         ^
minilzo.c:960:5: note: in expansion of macro 'COMPILE_TIME_ASSERT'
     COMPILE_TIME_ASSERT(sizeof(int) == 4);
     ^
minilzo.c:118:16: warning: typedef '__lzo_compile_time_assert_fail' locally defined but not used [-Wunused-local-typedefs]
  { typedef int __lzo_compile_time_assert_fail[1 - 2 * !(expr)]; }
                ^
minilzo.c:924:41: note: in expansion of macro 'LZO_COMPILE_TIME_ASSERT'
 #  define COMPILE_TIME_ASSERT(expr)     LZO_COMPILE_TIME_ASSERT(expr)
                                         ^
minilzo.c:969:5: note: in expansion of macro 'COMPILE_TIME_ASSERT'
     COMPILE_TIME_ASSERT(sizeof(long) > 4);
     ^
minilzo.c:118:16: warning: typedef '__lzo_compile_time_assert_fail' locally defined but not used [-Wunused-local-typedefs]
  { typedef int __lzo_compile_time_assert_fail[1 - 2 * !(expr)]; }
                ^
minilzo.c:924:41: note: in expansion of macro 'LZO_COMPILE_TIME_ASSERT'
 #  define COMPILE_TIME_ASSERT(expr)     LZO_COMPILE_TIME_ASSERT(expr)
                                         ^
minilzo.c:973:5: note: in expansion of macro 'COMPILE_TIME_ASSERT'
     COMPILE_TIME_ASSERT(SIZEOF_UNSIGNED == sizeof(unsigned));
     ^
minilzo.c:118:16: warning: typedef '__lzo_compile_time_assert_fail' locally defined but not used [-Wunused-local-typedefs]
  { typedef int __lzo_compile_time_assert_fail[1 - 2 * !(expr)]; }
                ^
minilzo.c:924:41: note: in expansion of macro 'LZO_COMPILE_TIME_ASSERT'
 #  define COMPILE_TIME_ASSERT(expr)     LZO_COMPILE_TIME_ASSERT(expr)
                                         ^
minilzo.c:976:5: note: in expansion of macro 'COMPILE_TIME_ASSERT'
     COMPILE_TIME_ASSERT(SIZEOF_UNSIGNED_LONG == sizeof(unsigned long));
     ^
minilzo.c:118:16: warning: typedef '__lzo_compile_time_assert_fail' locally defined but not used [-Wunused-local-typedefs]
  { typedef int __lzo_compile_time_assert_fail[1 - 2 * !(expr)]; }
                ^
minilzo.c:924:41: note: in expansion of macro 'LZO_COMPILE_TIME_ASSERT'
 #  define COMPILE_TIME_ASSERT(expr)     LZO_COMPILE_TIME_ASSERT(expr)
                                         ^
minilzo.c:987:5: note: in expansion of macro 'COMPILE_TIME_ASSERT'
     COMPILE_TIME_ASSERT(IS_UNSIGNED(unsigned char));
     ^
minilzo.c:118:16: warning: typedef '__lzo_compile_time_assert_fail' locally defined but not used [-Wunused-local-typedefs]
  { typedef int __lzo_compile_time_assert_fail[1 - 2 * !(expr)]; }
                ^
minilzo.c:924:41: note: in expansion of macro 'LZO_COMPILE_TIME_ASSERT'
 #  define COMPILE_TIME_ASSERT(expr)     LZO_COMPILE_TIME_ASSERT(expr)
                                         ^
minilzo.c:988:5: note: in expansion of macro 'COMPILE_TIME_ASSERT'
     COMPILE_TIME_ASSERT(IS_UNSIGNED(unsigned short));
     ^
minilzo.c:118:16: warning: typedef '__lzo_compile_time_assert_fail' locally defined but not used [-Wunused-local-typedefs]
  { typedef int __lzo_compile_time_assert_fail[1 - 2 * !(expr)]; }
                ^
minilzo.c:924:41: note: in expansion of macro 'LZO_COMPILE_TIME_ASSERT'
 #  define COMPILE_TIME_ASSERT(expr)     LZO_COMPILE_TIME_ASSERT(expr)
                                         ^
minilzo.c:989:5: note: in expansion of macro 'COMPILE_TIME_ASSERT'
     COMPILE_TIME_ASSERT(IS_UNSIGNED(unsigned));
     ^
minilzo.c:118:16: warning: typedef '__lzo_compile_time_assert_fail' locally defined but not used [-Wunused-local-typedefs]
  { typedef int __lzo_compile_time_assert_fail[1 - 2 * !(expr)]; }
                ^
minilzo.c:924:41: note: in expansion of macro 'LZO_COMPILE_TIME_ASSERT'
 #  define COMPILE_TIME_ASSERT(expr)     LZO_COMPILE_TIME_ASSERT(expr)
                                         ^
minilzo.c:990:5: note: in expansion of macro 'COMPILE_TIME_ASSERT'
     COMPILE_TIME_ASSERT(IS_UNSIGNED(unsigned long));
     ^
minilzo.c:118:16: warning: typedef '__lzo_compile_time_assert_fail' locally defined but not used [-Wunused-local-typedefs]
  { typedef int __lzo_compile_time_assert_fail[1 - 2 * !(expr)]; }
                ^
minilzo.c:924:41: note: in expansion of macro 'LZO_COMPILE_TIME_ASSERT'
 #  define COMPILE_TIME_ASSERT(expr)     LZO_COMPILE_TIME_ASSERT(expr)
                                         ^
minilzo.c:991:5: note: in expansion of macro 'COMPILE_TIME_ASSERT'
     COMPILE_TIME_ASSERT(IS_SIGNED(short));
     ^
minilzo.c:118:16: warning: typedef '__lzo_compile_time_assert_fail' locally defined but not used [-Wunused-local-typedefs]
  { typedef int __lzo_compile_time_assert_fail[1 - 2 * !(expr)]; }
                ^
minilzo.c:924:41: note: in expansion of macro 'LZO_COMPILE_TIME_ASSERT'
 #  define COMPILE_TIME_ASSERT(expr)     LZO_COMPILE_TIME_ASSERT(expr)
                                         ^
minilzo.c:992:5: note: in expansion of macro 'COMPILE_TIME_ASSERT'
     COMPILE_TIME_ASSERT(IS_SIGNED(int));
     ^
minilzo.c:118:16: warning: typedef '__lzo_compile_time_assert_fail' locally defined but not used [-Wunused-local-typedefs]
  { typedef int __lzo_compile_time_assert_fail[1 - 2 * !(expr)]; }
                ^
minilzo.c:924:41: note: in expansion of macro 'LZO_COMPILE_TIME_ASSERT'
 #  define COMPILE_TIME_ASSERT(expr)     LZO_COMPILE_TIME_ASSERT(expr)
                                         ^
minilzo.c:993:5: note: in expansion of macro 'COMPILE_TIME_ASSERT'
     COMPILE_TIME_ASSERT(IS_SIGNED(long));
     ^
minilzo.c:118:16: warning: typedef '__lzo_compile_time_assert_fail' locally defined but not used [-Wunused-local-typedefs]
  { typedef int __lzo_compile_time_assert_fail[1 - 2 * !(expr)]; }
                ^
minilzo.c:924:41: note: in expansion of macro 'LZO_COMPILE_TIME_ASSERT'
 #  define COMPILE_TIME_ASSERT(expr)     LZO_COMPILE_TIME_ASSERT(expr)
                                         ^
minilzo.c:995:5: note: in expansion of macro 'COMPILE_TIME_ASSERT'
     COMPILE_TIME_ASSERT(IS_UNSIGNED(lzo_uint32));
     ^
minilzo.c:118:16: warning: typedef '__lzo_compile_time_assert_fail' locally defined but not used [-Wunused-local-typedefs]
  { typedef int __lzo_compile_time_assert_fail[1 - 2 * !(expr)]; }
                ^
minilzo.c:924:41: note: in expansion of macro 'LZO_COMPILE_TIME_ASSERT'
 #  define COMPILE_TIME_ASSERT(expr)     LZO_COMPILE_TIME_ASSERT(expr)
                                         ^
minilzo.c:996:5: note: in expansion of macro 'COMPILE_TIME_ASSERT'
     COMPILE_TIME_ASSERT(IS_UNSIGNED(lzo_uint));
     ^
minilzo.c:118:16: warning: typedef '__lzo_compile_time_assert_fail' locally defined but not used [-Wunused-local-typedefs]
  { typedef int __lzo_compile_time_assert_fail[1 - 2 * !(expr)]; }
                ^
minilzo.c:924:41: note: in expansion of macro 'LZO_COMPILE_TIME_ASSERT'
 #  define COMPILE_TIME_ASSERT(expr)     LZO_COMPILE_TIME_ASSERT(expr)
                                         ^
minilzo.c:997:5: note: in expansion of macro 'COMPILE_TIME_ASSERT'
     COMPILE_TIME_ASSERT(IS_SIGNED(lzo_int32));
     ^
minilzo.c:118:16: warning: typedef '__lzo_compile_time_assert_fail' locally defined but not used [-Wunused-local-typedefs]
  { typedef int __lzo_compile_time_assert_fail[1 - 2 * !(expr)]; }
                ^
minilzo.c:924:41: note: in expansion of macro 'LZO_COMPILE_TIME_ASSERT'
 #  define COMPILE_TIME_ASSERT(expr)     LZO_COMPILE_TIME_ASSERT(expr)
                                         ^
minilzo.c:998:5: note: in expansion of macro 'COMPILE_TIME_ASSERT'
     COMPILE_TIME_ASSERT(IS_SIGNED(lzo_int));
     ^
minilzo.c:118:16: warning: typedef '__lzo_compile_time_assert_fail' locally defined but not used [-Wunused-local-typedefs]
  { typedef int __lzo_compile_time_assert_fail[1 - 2 * !(expr)]; }
                ^
minilzo.c:924:41: note: in expansion of macro 'LZO_COMPILE_TIME_ASSERT'
 #  define COMPILE_TIME_ASSERT(expr)     LZO_COMPILE_TIME_ASSERT(expr)
                                         ^
minilzo.c:1000:5: note: in expansion of macro 'COMPILE_TIME_ASSERT'
     COMPILE_TIME_ASSERT(INT_MAX    == LZO_STYPE_MAX(sizeof(int)));
     ^
minilzo.c:118:16: warning: typedef '__lzo_compile_time_assert_fail' locally defined but not used [-Wunused-local-typedefs]
  { typedef int __lzo_compile_time_assert_fail[1 - 2 * !(expr)]; }
                ^
minilzo.c:924:41: note: in expansion of macro 'LZO_COMPILE_TIME_ASSERT'
 #  define COMPILE_TIME_ASSERT(expr)     LZO_COMPILE_TIME_ASSERT(expr)
                                         ^
minilzo.c:1001:5: note: in expansion of macro 'COMPILE_TIME_ASSERT'
     COMPILE_TIME_ASSERT(UINT_MAX   == LZO_UTYPE_MAX(sizeof(unsigned)));
     ^
minilzo.c:118:16: warning: typedef '__lzo_compile_time_assert_fail' locally defined but not used [-Wunused-local-typedefs]
  { typedef int __lzo_compile_time_assert_fail[1 - 2 * !(expr)]; }
                ^
minilzo.c:924:41: note: in expansion of macro 'LZO_COMPILE_TIME_ASSERT'
 #  define COMPILE_TIME_ASSERT(expr)     LZO_COMPILE_TIME_ASSERT(expr)
                                         ^
minilzo.c:1002:5: note: in expansion of macro 'COMPILE_TIME_ASSERT'
     COMPILE_TIME_ASSERT(LONG_MAX   == LZO_STYPE_MAX(sizeof(long)));
     ^
minilzo.c:118:16: warning: typedef '__lzo_compile_time_assert_fail' locally defined but not used [-Wunused-local-typedefs]
  { typedef int __lzo_compile_time_assert_fail[1 - 2 * !(expr)]; }
                ^
minilzo.c:924:41: note: in expansion of macro 'LZO_COMPILE_TIME_ASSERT'
 #  define COMPILE_TIME_ASSERT(expr)     LZO_COMPILE_TIME_ASSERT(expr)
                                         ^
minilzo.c:1003:5: note: in expansion of macro 'COMPILE_TIME_ASSERT'
     COMPILE_TIME_ASSERT(ULONG_MAX  == LZO_UTYPE_MAX(sizeof(unsigned long)));
     ^
minilzo.c:118:16: warning: typedef '__lzo_compile_time_assert_fail' locally defined but not used [-Wunused-local-typedefs]
  { typedef int __lzo_compile_time_assert_fail[1 - 2 * !(expr)]; }
                ^
minilzo.c:924:41: note: in expansion of macro 'LZO_COMPILE_TIME_ASSERT'
 #  define COMPILE_TIME_ASSERT(expr)     LZO_COMPILE_TIME_ASSERT(expr)
                                         ^
minilzo.c:1004:5: note: in expansion of macro 'COMPILE_TIME_ASSERT'
     COMPILE_TIME_ASSERT(SHRT_MAX   == LZO_STYPE_MAX(sizeof(short)));
     ^
minilzo.c:118:16: warning: typedef '__lzo_compile_time_assert_fail' locally defined but not used [-Wunused-local-typedefs]
  { typedef int __lzo_compile_time_assert_fail[1 - 2 * !(expr)]; }
                ^
minilzo.c:924:41: note: in expansion of macro 'LZO_COMPILE_TIME_ASSERT'
 #  define COMPILE_TIME_ASSERT(expr)     LZO_COMPILE_TIME_ASSERT(expr)
                                         ^
minilzo.c:1005:5: note: in expansion of macro 'COMPILE_TIME_ASSERT'
     COMPILE_TIME_ASSERT(USHRT_MAX  == LZO_UTYPE_MAX(sizeof(unsigned short)));
     ^
minilzo.c:118:16: warning: typedef '__lzo_compile_time_assert_fail' locally defined but not used [-Wunused-local-typedefs]
  { typedef int __lzo_compile_time_assert_fail[1 - 2 * !(expr)]; }
                ^
minilzo.c:924:41: note: in expansion of macro 'LZO_COMPILE_TIME_ASSERT'
 #  define COMPILE_TIME_ASSERT(expr)     LZO_COMPILE_TIME_ASSERT(expr)
                                         ^
minilzo.c:1006:5: note: in expansion of macro 'COMPILE_TIME_ASSERT'
     COMPILE_TIME_ASSERT(LZO_UINT32_MAX == LZO_UTYPE_MAX(sizeof(lzo_uint32)));
     ^
minilzo.c:118:16: warning: typedef '__lzo_compile_time_assert_fail' locally defined but not used [-Wunused-local-typedefs]
  { typedef int __lzo_compile_time_assert_fail[1 - 2 * !(expr)]; }
                ^
minilzo.c:924:41: note: in expansion of macro 'LZO_COMPILE_TIME_ASSERT'
 #  define COMPILE_TIME_ASSERT(expr)     LZO_COMPILE_TIME_ASSERT(expr)
                                         ^
minilzo.c:1007:5: note: in expansion of macro 'COMPILE_TIME_ASSERT'
     COMPILE_TIME_ASSERT(LZO_UINT_MAX   == LZO_UTYPE_MAX(sizeof(lzo_uint)));
     ^
minilzo.c: In function 'basic_ptr_check':
minilzo.c:118:16: warning: typedef '__lzo_compile_time_assert_fail' locally defined but not used [-Wunused-local-typedefs]
  { typedef int __lzo_compile_time_assert_fail[1 - 2 * !(expr)]; }
                ^
minilzo.c:924:41: note: in expansion of macro 'LZO_COMPILE_TIME_ASSERT'
 #  define COMPILE_TIME_ASSERT(expr)     LZO_COMPILE_TIME_ASSERT(expr)
                                         ^
minilzo.c:1021:5: note: in expansion of macro 'COMPILE_TIME_ASSERT'
     COMPILE_TIME_ASSERT(sizeof(char *) >= sizeof(int));
     ^
minilzo.c:118:16: warning: typedef '__lzo_compile_time_assert_fail' locally defined but not used [-Wunused-local-typedefs]
  { typedef int __lzo_compile_time_assert_fail[1 - 2 * !(expr)]; }
                ^
minilzo.c:924:41: note: in expansion of macro 'LZO_COMPILE_TIME_ASSERT'
 #  define COMPILE_TIME_ASSERT(expr)     LZO_COMPILE_TIME_ASSERT(expr)
                                         ^
minilzo.c:1022:5: note: in expansion of macro 'COMPILE_TIME_ASSERT'
     COMPILE_TIME_ASSERT(sizeof(lzo_byte *) >= sizeof(char *));
     ^
minilzo.c:118:16: warning: typedef '__lzo_compile_time_assert_fail' locally defined but not used [-Wunused-local-typedefs]
  { typedef int __lzo_compile_time_assert_fail[1 - 2 * !(expr)]; }
                ^
minilzo.c:924:41: note: in expansion of macro 'LZO_COMPILE_TIME_ASSERT'
 #  define COMPILE_TIME_ASSERT(expr)     LZO_COMPILE_TIME_ASSERT(expr)
                                         ^
minilzo.c:1024:5: note: in expansion of macro 'COMPILE_TIME_ASSERT'
     COMPILE_TIME_ASSERT(sizeof(lzo_voidp) == sizeof(lzo_byte *));
     ^
minilzo.c:118:16: warning: typedef '__lzo_compile_time_assert_fail' locally defined but not used [-Wunused-local-typedefs]
  { typedef int __lzo_compile_time_assert_fail[1 - 2 * !(expr)]; }
                ^
minilzo.c:924:41: note: in expansion of macro 'LZO_COMPILE_TIME_ASSERT'
 #  define COMPILE_TIME_ASSERT(expr)     LZO_COMPILE_TIME_ASSERT(expr)
                                         ^
minilzo.c:1025:5: note: in expansion of macro 'COMPILE_TIME_ASSERT'
     COMPILE_TIME_ASSERT(sizeof(lzo_voidp) == sizeof(lzo_voidpp));
     ^
minilzo.c:118:16: warning: typedef '__lzo_compile_time_assert_fail' locally defined but not used [-Wunused-local-typedefs]
  { typedef int __lzo_compile_time_assert_fail[1 - 2 * !(expr)]; }
                ^
minilzo.c:924:41: note: in expansion of macro 'LZO_COMPILE_TIME_ASSERT'
 #  define COMPILE_TIME_ASSERT(expr)     LZO_COMPILE_TIME_ASSERT(expr)
                                         ^
minilzo.c:1026:5: note: in expansion of macro 'COMPILE_TIME_ASSERT'
     COMPILE_TIME_ASSERT(sizeof(lzo_voidp) == sizeof(lzo_bytepp));
     ^
minilzo.c:118:16: warning: typedef '__lzo_compile_time_assert_fail' locally defined but not used [-Wunused-local-typedefs]
  { typedef int __lzo_compile_time_assert_fail[1 - 2 * !(expr)]; }
                ^
minilzo.c:924:41: note: in expansion of macro 'LZO_COMPILE_TIME_ASSERT'
 #  define COMPILE_TIME_ASSERT(expr)     LZO_COMPILE_TIME_ASSERT(expr)
                                         ^
minilzo.c:1027:5: note: in expansion of macro 'COMPILE_TIME_ASSERT'
     COMPILE_TIME_ASSERT(sizeof(lzo_voidp) >= sizeof(lzo_uint));
     ^
minilzo.c:118:16: warning: typedef '__lzo_compile_time_assert_fail' locally defined but not used [-Wunused-local-typedefs]
  { typedef int __lzo_compile_time_assert_fail[1 - 2 * !(expr)]; }
                ^
minilzo.c:924:41: note: in expansion of macro 'LZO_COMPILE_TIME_ASSERT'
 #  define COMPILE_TIME_ASSERT(expr)     LZO_COMPILE_TIME_ASSERT(expr)
                                         ^
minilzo.c:1029:5: note: in expansion of macro 'COMPILE_TIME_ASSERT'
     COMPILE_TIME_ASSERT(sizeof(lzo_ptr_t) == sizeof(lzo_voidp));
     ^
minilzo.c:118:16: warning: typedef '__lzo_compile_time_assert_fail' locally defined but not used [-Wunused-local-typedefs]
  { typedef int __lzo_compile_time_assert_fail[1 - 2 * !(expr)]; }
                ^
minilzo.c:924:41: note: in expansion of macro 'LZO_COMPILE_TIME_ASSERT'
 #  define COMPILE_TIME_ASSERT(expr)     LZO_COMPILE_TIME_ASSERT(expr)
                                         ^
minilzo.c:1030:5: note: in expansion of macro 'COMPILE_TIME_ASSERT'
     COMPILE_TIME_ASSERT(sizeof(lzo_ptr_t) == sizeof(lzo_sptr_t));
     ^
minilzo.c:118:16: warning: typedef '__lzo_compile_time_assert_fail' locally defined but not used [-Wunused-local-typedefs]
  { typedef int __lzo_compile_time_assert_fail[1 - 2 * !(expr)]; }
                ^
minilzo.c:924:41: note: in expansion of macro 'LZO_COMPILE_TIME_ASSERT'
 #  define COMPILE_TIME_ASSERT(expr)     LZO_COMPILE_TIME_ASSERT(expr)
                                         ^
minilzo.c:1031:5: note: in expansion of macro 'COMPILE_TIME_ASSERT'
     COMPILE_TIME_ASSERT(sizeof(lzo_ptr_t) >= sizeof(lzo_uint));
     ^
minilzo.c:118:16: warning: typedef '__lzo_compile_time_assert_fail' locally defined but not used [-Wunused-local-typedefs]
  { typedef int __lzo_compile_time_assert_fail[1 - 2 * !(expr)]; }
                ^
minilzo.c:924:41: note: in expansion of macro 'LZO_COMPILE_TIME_ASSERT'
 #  define COMPILE_TIME_ASSERT(expr)     LZO_COMPILE_TIME_ASSERT(expr)
                                         ^
minilzo.c:1033:5: note: in expansion of macro 'COMPILE_TIME_ASSERT'
     COMPILE_TIME_ASSERT(sizeof(lzo_ptrdiff_t) >= 4);
     ^
minilzo.c:118:16: warning: typedef '__lzo_compile_time_assert_fail' locally defined but not used [-Wunused-local-typedefs]
  { typedef int __lzo_compile_time_assert_fail[1 - 2 * !(expr)]; }
                ^
minilzo.c:924:41: note: in expansion of macro 'LZO_COMPILE_TIME_ASSERT'
 #  define COMPILE_TIME_ASSERT(expr)     LZO_COMPILE_TIME_ASSERT(expr)
                                         ^
minilzo.c:1034:5: note: in expansion of macro 'COMPILE_TIME_ASSERT'
     COMPILE_TIME_ASSERT(sizeof(lzo_ptrdiff_t) >= sizeof(ptrdiff_t));
     ^
minilzo.c:118:16: warning: typedef '__lzo_compile_time_assert_fail' locally defined but not used [-Wunused-local-typedefs]
  { typedef int __lzo_compile_time_assert_fail[1 - 2 * !(expr)]; }
                ^
minilzo.c:924:41: note: in expansion of macro 'LZO_COMPILE_TIME_ASSERT'
 #  define COMPILE_TIME_ASSERT(expr)     LZO_COMPILE_TIME_ASSERT(expr)
                                         ^
minilzo.c:1036:5: note: in expansion of macro 'COMPILE_TIME_ASSERT'
     COMPILE_TIME_ASSERT(sizeof(ptrdiff_t) >= sizeof(size_t));
     ^
minilzo.c:118:16: warning: typedef '__lzo_compile_time_assert_fail' locally defined but not used [-Wunused-local-typedefs]
  { typedef int __lzo_compile_time_assert_fail[1 - 2 * !(expr)]; }
                ^
minilzo.c:924:41: note: in expansion of macro 'LZO_COMPILE_TIME_ASSERT'
 #  define COMPILE_TIME_ASSERT(expr)     LZO_COMPILE_TIME_ASSERT(expr)
                                         ^
minilzo.c:1037:5: note: in expansion of macro 'COMPILE_TIME_ASSERT'
     COMPILE_TIME_ASSERT(sizeof(lzo_ptrdiff_t) >= sizeof(lzo_uint));
     ^
minilzo.c:118:16: warning: typedef '__lzo_compile_time_assert_fail' locally defined but not used [-Wunused-local-typedefs]
  { typedef int __lzo_compile_time_assert_fail[1 - 2 * !(expr)]; }
                ^
minilzo.c:924:41: note: in expansion of macro 'LZO_COMPILE_TIME_ASSERT'
 #  define COMPILE_TIME_ASSERT(expr)     LZO_COMPILE_TIME_ASSERT(expr)
                                         ^
minilzo.c:1046:5: note: in expansion of macro 'COMPILE_TIME_ASSERT'
     COMPILE_TIME_ASSERT(IS_SIGNED(ptrdiff_t));
     ^
minilzo.c:118:16: warning: typedef '__lzo_compile_time_assert_fail' locally defined but not used [-Wunused-local-typedefs]
  { typedef int __lzo_compile_time_assert_fail[1 - 2 * !(expr)]; }
                ^
minilzo.c:924:41: note: in expansion of macro 'LZO_COMPILE_TIME_ASSERT'
 #  define COMPILE_TIME_ASSERT(expr)     LZO_COMPILE_TIME_ASSERT(expr)
                                         ^
minilzo.c:1047:5: note: in expansion of macro 'COMPILE_TIME_ASSERT'
     COMPILE_TIME_ASSERT(IS_UNSIGNED(size_t));
     ^
minilzo.c:118:16: warning: typedef '__lzo_compile_time_assert_fail' locally defined but not used [-Wunused-local-typedefs]
  { typedef int __lzo_compile_time_assert_fail[1 - 2 * !(expr)]; }
                ^
minilzo.c:924:41: note: in expansion of macro 'LZO_COMPILE_TIME_ASSERT'
 #  define COMPILE_TIME_ASSERT(expr)     LZO_COMPILE_TIME_ASSERT(expr)
                                         ^
minilzo.c:1048:5: note: in expansion of macro 'COMPILE_TIME_ASSERT'
     COMPILE_TIME_ASSERT(IS_SIGNED(lzo_ptrdiff_t));
     ^
minilzo.c:118:16: warning: typedef '__lzo_compile_time_assert_fail' locally defined but not used [-Wunused-local-typedefs]
  { typedef int __lzo_compile_time_assert_fail[1 - 2 * !(expr)]; }
                ^
minilzo.c:924:41: note: in expansion of macro 'LZO_COMPILE_TIME_ASSERT'
 #  define COMPILE_TIME_ASSERT(expr)     LZO_COMPILE_TIME_ASSERT(expr)
                                         ^
minilzo.c:1049:5: note: in expansion of macro 'COMPILE_TIME_ASSERT'
     COMPILE_TIME_ASSERT(IS_SIGNED(lzo_sptr_t));
     ^
minilzo.c:118:16: warning: typedef '__lzo_compile_time_assert_fail' locally defined but not used [-Wunused-local-typedefs]
  { typedef int __lzo_compile_time_assert_fail[1 - 2 * !(expr)]; }
                ^
minilzo.c:924:41: note: in expansion of macro 'LZO_COMPILE_TIME_ASSERT'
 #  define COMPILE_TIME_ASSERT(expr)     LZO_COMPILE_TIME_ASSERT(expr)
                                         ^
minilzo.c:1050:5: note: in expansion of macro 'COMPILE_TIME_ASSERT'
     COMPILE_TIME_ASSERT(IS_UNSIGNED(lzo_ptr_t));
     ^
minilzo.c:118:16: warning: typedef '__lzo_compile_time_assert_fail' locally defined but not used [-Wunused-local-typedefs]
  { typedef int __lzo_compile_time_assert_fail[1 - 2 * !(expr)]; }
                ^
minilzo.c:924:41: note: in expansion of macro 'LZO_COMPILE_TIME_ASSERT'
 #  define COMPILE_TIME_ASSERT(expr)     LZO_COMPILE_TIME_ASSERT(expr)
                                         ^
minilzo.c:1051:5: note: in expansion of macro 'COMPILE_TIME_ASSERT'
     COMPILE_TIME_ASSERT(IS_UNSIGNED(lzo_moff_t));
     ^
minilzo.c: In function '_lzo_config_check':
minilzo.c:118:16: warning: typedef '__lzo_compile_time_assert_fail' locally defined but not used [-Wunused-local-typedefs]
  { typedef int __lzo_compile_time_assert_fail[1 - 2 * !(expr)]; }
                ^
minilzo.c:924:41: note: in expansion of macro 'LZO_COMPILE_TIME_ASSERT'
 #  define COMPILE_TIME_ASSERT(expr)     LZO_COMPILE_TIME_ASSERT(expr)
                                         ^
minilzo.c:1172:5: note: in expansion of macro 'COMPILE_TIME_ASSERT'
     COMPILE_TIME_ASSERT( (int) ((unsigned char) ((signed char) -1)) == 255);
     ^
minilzo.c:118:16: warning: typedef '__lzo_compile_time_assert_fail' locally defined but not used [-Wunused-local-typedefs]
  { typedef int __lzo_compile_time_assert_fail[1 - 2 * !(expr)]; }
                ^
minilzo.c:924:41: note: in expansion of macro 'LZO_COMPILE_TIME_ASSERT'
 #  define COMPILE_TIME_ASSERT(expr)     LZO_COMPILE_TIME_ASSERT(expr)
                                         ^
minilzo.c:1173:5: note: in expansion of macro 'COMPILE_TIME_ASSERT'
     COMPILE_TIME_ASSERT( (((unsigned char)128) << (int)(8*sizeof(int)-8)) < 0);
     ^
minilzo.c:118:16: warning: typedef '__lzo_compile_time_assert_fail' locally defined but not used [-Wunused-local-typedefs]
  { typedef int __lzo_compile_time_assert_fail[1 - 2 * !(expr)]; }
                ^
minilzo.c:924:41: note: in expansion of macro 'LZO_COMPILE_TIME_ASSERT'
 #  define COMPILE_TIME_ASSERT(expr)     LZO_COMPILE_TIME_ASSERT(expr)
                                         ^
minilzo.c:1260:5: note: in expansion of macro 'COMPILE_TIME_ASSERT'
     COMPILE_TIME_ASSERT(lzo_sizeof_dict_t == sizeof(lzo_dict_t));
     ^
if gcc -DHAVE_CONFIG_H -I. -I. -I.. -I..    -g -O2 -Wall -MT ultra.o -MD -MP -MF ".deps/ultra.Tpo" -c -o ultra.o ultra.c; \
then mv -f ".deps/ultra.Tpo" ".deps/ultra.Po"; else rm -f ".deps/ultra.Tpo"; exit 1; fi
if gcc -DHAVE_CONFIG_H -I. -I. -I.. -I..    -g -O2 -Wall -MT scale.o -MD -MP -MF ".deps/scale.Tpo" -c -o scale.o scale.c; \
then mv -f ".deps/scale.Tpo" ".deps/scale.Po"; else rm -f ".deps/scale.Tpo"; exit 1; fi
if gcc -DHAVE_CONFIG_H -I. -I. -I.. -I..    -g -O2 -Wall -MT zlib.o -MD -MP -MF ".deps/zlib.Tpo" -c -o zlib.o zlib.c; \
then mv -f ".deps/zlib.Tpo" ".deps/zlib.Po"; else rm -f ".deps/zlib.Tpo"; exit 1; fi
if gcc -DHAVE_CONFIG_H -I. -I. -I.. -I..    -g -O2 -Wall -MT zrle.o -MD -MP -MF ".deps/zrle.Tpo" -c -o zrle.o zrle.c; \
then mv -f ".deps/zrle.Tpo" ".deps/zrle.Po"; else rm -f ".deps/zrle.Tpo"; exit 1; fi
In file included from zrle.c:48:0:
./zrleencodetemplate.c:87:26: warning: 'paletteHelper' defined but not used [-Wunused-variable]
 static zrlePaletteHelper paletteHelper;
                          ^
zrle.c:101:13: warning: 'zrleBeforeBuf' defined but not used [-Wunused-variable]
 static char zrleBeforeBuf[rfbZRLETileWidth * rfbZRLETileHeight * 4 + 4];
             ^
if gcc -DHAVE_CONFIG_H -I. -I. -I.. -I..    -g -O2 -Wall -MT zrleoutstream.o -MD -MP -MF ".deps/zrleoutstream.Tpo" -c -o zrleoutstream.o zrleoutstream.c; \
then mv -f ".deps/zrleoutstream.Tpo" ".deps/zrleoutstream.Po"; else rm -f ".deps/zrleoutstream.Tpo"; exit 1; fi
if gcc -DHAVE_CONFIG_H -I. -I. -I.. -I..    -g -O2 -Wall -MT zrlepalettehelper.o -MD -MP -MF ".deps/zrlepalettehelper.Tpo" -c -o zrlepalettehelper.o zrlepalettehelper.c; \
then mv -f ".deps/zrlepalettehelper.Tpo" ".deps/zrlepalettehelper.Po"; else rm -f ".deps/zrlepalettehelper.Tpo"; exit 1; fi
if gcc -DHAVE_CONFIG_H -I. -I. -I.. -I..    -g -O2 -Wall -MT zywrletemplate.o -MD -MP -MF ".deps/zywrletemplate.Tpo" -c -o zywrletemplate.o zywrletemplate.c; \
then mv -f ".deps/zywrletemplate.Tpo" ".deps/zywrletemplate.Po"; else rm -f ".deps/zywrletemplate.Tpo"; exit 1; fi
if gcc -DHAVE_CONFIG_H -I. -I. -I.. -I..    -g -O2 -Wall -MT tight.o -MD -MP -MF ".deps/tight.Tpo" -c -o tight.o tight.c; \
then mv -f ".deps/tight.Tpo" ".deps/tight.Po"; else rm -f ".deps/tight.Tpo"; exit 1; fi
if gcc -DHAVE_CONFIG_H -I. -I. -I.. -I..    -g -O2 -Wall -MT rfbtightserver.o -MD -MP -MF ".deps/rfbtightserver.Tpo" -c -o rfbtightserver.o `test -f 'tightvnc-filetransfer/rfbtightserver.c' || echo './'`tightvnc-filetransfer/rfbtightserver.c; \
then mv -f ".deps/rfbtightserver.Tpo" ".deps/rfbtightserver.Po"; else rm -f ".deps/rfbtightserver.Tpo"; exit 1; fi
if gcc -DHAVE_CONFIG_H -I. -I. -I.. -I..    -g -O2 -Wall -MT handlefiletransferrequest.o -MD -MP -MF ".deps/handlefiletransferrequest.Tpo" -c -o handlefiletransferrequest.o `test -f 'tightvnc-filetransfer/handlefiletransferrequest.c' || echo './'`tightvnc-filetransfer/handlefiletransferrequest.c; \
then mv -f ".deps/handlefiletransferrequest.Tpo" ".deps/handlefiletransferrequest.Po"; else rm -f ".deps/handlefiletransferrequest.Tpo"; exit 1; fi
if gcc -DHAVE_CONFIG_H -I. -I. -I.. -I..    -g -O2 -Wall -MT filetransfermsg.o -MD -MP -MF ".deps/filetransfermsg.Tpo" -c -o filetransfermsg.o `test -f 'tightvnc-filetransfer/filetransfermsg.c' || echo './'`tightvnc-filetransfer/filetransfermsg.c; \
then mv -f ".deps/filetransfermsg.Tpo" ".deps/filetransfermsg.Po"; else rm -f ".deps/filetransfermsg.Tpo"; exit 1; fi
if gcc -DHAVE_CONFIG_H -I. -I. -I.. -I..    -g -O2 -Wall -MT filelistinfo.o -MD -MP -MF ".deps/filelistinfo.Tpo" -c -o filelistinfo.o `test -f 'tightvnc-filetransfer/filelistinfo.c' || echo './'`tightvnc-filetransfer/filelistinfo.c; \
then mv -f ".deps/filelistinfo.Tpo" ".deps/filelistinfo.Po"; else rm -f ".deps/filelistinfo.Tpo"; exit 1; fi
rm -f libvncserver.a
/usr/bin/ar cru libvncserver.a main.o rfbserver.o rfbregion.o auth.o sockets.o stats.o corre.o hextile.o rre.o translate.o cutpaste.o httpd.o cursor.o font.o draw.o selbox.o d3des.o vncauth.o cargs.o minilzo.o ultra.o scale.o zlib.o zrle.o zrleoutstream.o zrlepalettehelper.o zywrletemplate.o tight.o rfbtightserver.o handlefiletransferrequest.o filetransfermsg.o filelistinfo.o 
/usr/bin/ar: `u' modifier ignored since `D' is the default (see `U')
ranlib libvncserver.a
make[2]: Leaving directory '/tmp/x11vnc/src/x11vnc-0.9.13/libvncserver'
Making all in libvncclient
make[2]: Entering directory '/tmp/x11vnc/src/x11vnc-0.9.13/libvncclient'
if gcc -DHAVE_CONFIG_H -I. -I. -I.. -I..    -g -O2 -Wall -MT cursor.o -MD -MP -MF ".deps/cursor.Tpo" -c -o cursor.o cursor.c; \
then mv -f ".deps/cursor.Tpo" ".deps/cursor.Po"; else rm -f ".deps/cursor.Tpo"; exit 1; fi
if gcc -DHAVE_CONFIG_H -I. -I. -I.. -I..    -g -O2 -Wall -MT listen.o -MD -MP -MF ".deps/listen.Tpo" -c -o listen.o listen.c; \
then mv -f ".deps/listen.Tpo" ".deps/listen.Po"; else rm -f ".deps/listen.Tpo"; exit 1; fi
if gcc -DHAVE_CONFIG_H -I. -I. -I.. -I..    -g -O2 -Wall -MT rfbproto.o -MD -MP -MF ".deps/rfbproto.Tpo" -c -o rfbproto.o rfbproto.c; \
then mv -f ".deps/rfbproto.Tpo" ".deps/rfbproto.Po"; else rm -f ".deps/rfbproto.Tpo"; exit 1; fi
rfbproto.c: In function 'InitialiseRFBConnection':
rfbproto.c:837:12: warning: unused variable 'subAuthScheme' [-Wunused-variable]
   uint32_t subAuthScheme;
            ^
rfbproto.c: At top level:
rfbproto.c:661:1: warning: 'HandlePlainAuth' defined but not used [-Wunused-function]
 HandlePlainAuth(rfbClient *client)
 ^
if gcc -DHAVE_CONFIG_H -I. -I. -I.. -I..    -g -O2 -Wall -MT sockets.o -MD -MP -MF ".deps/sockets.Tpo" -c -o sockets.o sockets.c; \
then mv -f ".deps/sockets.Tpo" ".deps/sockets.Po"; else rm -f ".deps/sockets.Tpo"; exit 1; fi
if gcc -DHAVE_CONFIG_H -I. -I. -I.. -I..    -g -O2 -Wall -MT vncviewer.o -MD -MP -MF ".deps/vncviewer.Tpo" -c -o vncviewer.o vncviewer.c; \
then mv -f ".deps/vncviewer.Tpo" ".deps/vncviewer.Po"; else rm -f ".deps/vncviewer.Tpo"; exit 1; fi
if gcc -DHAVE_CONFIG_H -I. -I. -I.. -I..    -g -O2 -Wall -MT minilzo.o -MD -MP -MF ".deps/minilzo.Tpo" -c -o minilzo.o minilzo.c; \
then mv -f ".deps/minilzo.Tpo" ".deps/minilzo.Po"; else rm -f ".deps/minilzo.Tpo"; exit 1; fi
minilzo.c: In function 'basic_integral_check':
minilzo.c:118:16: warning: typedef '__lzo_compile_time_assert_fail' locally defined but not used [-Wunused-local-typedefs]
  { typedef int __lzo_compile_time_assert_fail[1 - 2 * !(expr)]; }
                ^
minilzo.c:924:41: note: in expansion of macro 'LZO_COMPILE_TIME_ASSERT'
 #  define COMPILE_TIME_ASSERT(expr)     LZO_COMPILE_TIME_ASSERT(expr)
                                         ^
minilzo.c:931:5: note: in expansion of macro 'COMPILE_TIME_ASSERT'
     COMPILE_TIME_ASSERT(CHAR_BIT == 8);
     ^
minilzo.c:118:16: warning: typedef '__lzo_compile_time_assert_fail' locally defined but not used [-Wunused-local-typedefs]
  { typedef int __lzo_compile_time_assert_fail[1 - 2 * !(expr)]; }
                ^
minilzo.c:924:41: note: in expansion of macro 'LZO_COMPILE_TIME_ASSERT'
 #  define COMPILE_TIME_ASSERT(expr)     LZO_COMPILE_TIME_ASSERT(expr)
                                         ^
minilzo.c:932:5: note: in expansion of macro 'COMPILE_TIME_ASSERT'
     COMPILE_TIME_ASSERT(sizeof(char) == 1);
     ^
minilzo.c:118:16: warning: typedef '__lzo_compile_time_assert_fail' locally defined but not used [-Wunused-local-typedefs]
  { typedef int __lzo_compile_time_assert_fail[1 - 2 * !(expr)]; }
                ^
minilzo.c:924:41: note: in expansion of macro 'LZO_COMPILE_TIME_ASSERT'
 #  define COMPILE_TIME_ASSERT(expr)     LZO_COMPILE_TIME_ASSERT(expr)
                                         ^
minilzo.c:933:5: note: in expansion of macro 'COMPILE_TIME_ASSERT'
     COMPILE_TIME_ASSERT(sizeof(short) >= 2);
     ^
minilzo.c:118:16: warning: typedef '__lzo_compile_time_assert_fail' locally defined but not used [-Wunused-local-typedefs]
  { typedef int __lzo_compile_time_assert_fail[1 - 2 * !(expr)]; }
                ^
minilzo.c:924:41: note: in expansion of macro 'LZO_COMPILE_TIME_ASSERT'
 #  define COMPILE_TIME_ASSERT(expr)     LZO_COMPILE_TIME_ASSERT(expr)
                                         ^
minilzo.c:934:5: note: in expansion of macro 'COMPILE_TIME_ASSERT'
     COMPILE_TIME_ASSERT(sizeof(long) >= 4);
     ^
minilzo.c:118:16: warning: typedef '__lzo_compile_time_assert_fail' locally defined but not used [-Wunused-local-typedefs]
  { typedef int __lzo_compile_time_assert_fail[1 - 2 * !(expr)]; }
                ^
minilzo.c:924:41: note: in expansion of macro 'LZO_COMPILE_TIME_ASSERT'
 #  define COMPILE_TIME_ASSERT(expr)     LZO_COMPILE_TIME_ASSERT(expr)
                                         ^
minilzo.c:935:5: note: in expansion of macro 'COMPILE_TIME_ASSERT'
     COMPILE_TIME_ASSERT(sizeof(int) >= sizeof(short));
     ^
minilzo.c:118:16: warning: typedef '__lzo_compile_time_assert_fail' locally defined but not used [-Wunused-local-typedefs]
  { typedef int __lzo_compile_time_assert_fail[1 - 2 * !(expr)]; }
                ^
minilzo.c:924:41: note: in expansion of macro 'LZO_COMPILE_TIME_ASSERT'
 #  define COMPILE_TIME_ASSERT(expr)     LZO_COMPILE_TIME_ASSERT(expr)
                                         ^
minilzo.c:936:5: note: in expansion of macro 'COMPILE_TIME_ASSERT'
     COMPILE_TIME_ASSERT(sizeof(long) >= sizeof(int));
     ^
minilzo.c:118:16: warning: typedef '__lzo_compile_time_assert_fail' locally defined but not used [-Wunused-local-typedefs]
  { typedef int __lzo_compile_time_assert_fail[1 - 2 * !(expr)]; }
                ^
minilzo.c:924:41: note: in expansion of macro 'LZO_COMPILE_TIME_ASSERT'
 #  define COMPILE_TIME_ASSERT(expr)     LZO_COMPILE_TIME_ASSERT(expr)
                                         ^
minilzo.c:938:5: note: in expansion of macro 'COMPILE_TIME_ASSERT'
     COMPILE_TIME_ASSERT(sizeof(lzo_uint) == sizeof(lzo_int));
     ^
minilzo.c:118:16: warning: typedef '__lzo_compile_time_assert_fail' locally defined but not used [-Wunused-local-typedefs]
  { typedef int __lzo_compile_time_assert_fail[1 - 2 * !(expr)]; }
                ^
minilzo.c:924:41: note: in expansion of macro 'LZO_COMPILE_TIME_ASSERT'
 #  define COMPILE_TIME_ASSERT(expr)     LZO_COMPILE_TIME_ASSERT(expr)
                                         ^
minilzo.c:939:5: note: in expansion of macro 'COMPILE_TIME_ASSERT'
     COMPILE_TIME_ASSERT(sizeof(lzo_uint32) == sizeof(lzo_int32));
     ^
minilzo.c:118:16: warning: typedef '__lzo_compile_time_assert_fail' locally defined but not used [-Wunused-local-typedefs]
  { typedef int __lzo_compile_time_assert_fail[1 - 2 * !(expr)]; }
                ^
minilzo.c:924:41: note: in expansion of macro 'LZO_COMPILE_TIME_ASSERT'
 #  define COMPILE_TIME_ASSERT(expr)     LZO_COMPILE_TIME_ASSERT(expr)
                                         ^
minilzo.c:941:5: note: in expansion of macro 'COMPILE_TIME_ASSERT'
     COMPILE_TIME_ASSERT(sizeof(lzo_uint32) >= 4);
     ^
minilzo.c:118:16: warning: typedef '__lzo_compile_time_assert_fail' locally defined but not used [-Wunused-local-typedefs]
  { typedef int __lzo_compile_time_assert_fail[1 - 2 * !(expr)]; }
                ^
minilzo.c:924:41: note: in expansion of macro 'LZO_COMPILE_TIME_ASSERT'
 #  define COMPILE_TIME_ASSERT(expr)     LZO_COMPILE_TIME_ASSERT(expr)
                                         ^
minilzo.c:942:5: note: in expansion of macro 'COMPILE_TIME_ASSERT'
     COMPILE_TIME_ASSERT(sizeof(lzo_uint32) >= sizeof(unsigned));
     ^
minilzo.c:118:16: warning: typedef '__lzo_compile_time_assert_fail' locally defined but not used [-Wunused-local-typedefs]
  { typedef int __lzo_compile_time_assert_fail[1 - 2 * !(expr)]; }
                ^
minilzo.c:924:41: note: in expansion of macro 'LZO_COMPILE_TIME_ASSERT'
 #  define COMPILE_TIME_ASSERT(expr)     LZO_COMPILE_TIME_ASSERT(expr)
                                         ^
minilzo.c:946:5: note: in expansion of macro 'COMPILE_TIME_ASSERT'
     COMPILE_TIME_ASSERT(sizeof(lzo_uint) >= 4);
     ^
minilzo.c:118:16: warning: typedef '__lzo_compile_time_assert_fail' locally defined but not used [-Wunused-local-typedefs]
  { typedef int __lzo_compile_time_assert_fail[1 - 2 * !(expr)]; }
                ^
minilzo.c:924:41: note: in expansion of macro 'LZO_COMPILE_TIME_ASSERT'
 #  define COMPILE_TIME_ASSERT(expr)     LZO_COMPILE_TIME_ASSERT(expr)
                                         ^
minilzo.c:947:5: note: in expansion of macro 'COMPILE_TIME_ASSERT'
     COMPILE_TIME_ASSERT(sizeof(lzo_uint) >= sizeof(unsigned));
     ^
minilzo.c:118:16: warning: typedef '__lzo_compile_time_assert_fail' locally defined but not used [-Wunused-local-typedefs]
  { typedef int __lzo_compile_time_assert_fail[1 - 2 * !(expr)]; }
                ^
minilzo.c:924:41: note: in expansion of macro 'LZO_COMPILE_TIME_ASSERT'
 #  define COMPILE_TIME_ASSERT(expr)     LZO_COMPILE_TIME_ASSERT(expr)
                                         ^
minilzo.c:951:5: note: in expansion of macro 'COMPILE_TIME_ASSERT'
     COMPILE_TIME_ASSERT(sizeof(short) == 2);
     ^
minilzo.c:118:16: warning: typedef '__lzo_compile_time_assert_fail' locally defined but not used [-Wunused-local-typedefs]
  { typedef int __lzo_compile_time_assert_fail[1 - 2 * !(expr)]; }
                ^
minilzo.c:924:41: note: in expansion of macro 'LZO_COMPILE_TIME_ASSERT'
 #  define COMPILE_TIME_ASSERT(expr)     LZO_COMPILE_TIME_ASSERT(expr)
                                         ^
minilzo.c:960:5: note: in expansion of macro 'COMPILE_TIME_ASSERT'
     COMPILE_TIME_ASSERT(sizeof(int) == 4);
     ^
minilzo.c:118:16: warning: typedef '__lzo_compile_time_assert_fail' locally defined but not used [-Wunused-local-typedefs]
  { typedef int __lzo_compile_time_assert_fail[1 - 2 * !(expr)]; }
                ^
minilzo.c:924:41: note: in expansion of macro 'LZO_COMPILE_TIME_ASSERT'
 #  define COMPILE_TIME_ASSERT(expr)     LZO_COMPILE_TIME_ASSERT(expr)
                                         ^
minilzo.c:969:5: note: in expansion of macro 'COMPILE_TIME_ASSERT'
     COMPILE_TIME_ASSERT(sizeof(long) > 4);
     ^
minilzo.c:118:16: warning: typedef '__lzo_compile_time_assert_fail' locally defined but not used [-Wunused-local-typedefs]
  { typedef int __lzo_compile_time_assert_fail[1 - 2 * !(expr)]; }
                ^
minilzo.c:924:41: note: in expansion of macro 'LZO_COMPILE_TIME_ASSERT'
 #  define COMPILE_TIME_ASSERT(expr)     LZO_COMPILE_TIME_ASSERT(expr)
                                         ^
minilzo.c:973:5: note: in expansion of macro 'COMPILE_TIME_ASSERT'
     COMPILE_TIME_ASSERT(SIZEOF_UNSIGNED == sizeof(unsigned));
     ^
minilzo.c:118:16: warning: typedef '__lzo_compile_time_assert_fail' locally defined but not used [-Wunused-local-typedefs]
  { typedef int __lzo_compile_time_assert_fail[1 - 2 * !(expr)]; }
                ^
minilzo.c:924:41: note: in expansion of macro 'LZO_COMPILE_TIME_ASSERT'
 #  define COMPILE_TIME_ASSERT(expr)     LZO_COMPILE_TIME_ASSERT(expr)
                                         ^
minilzo.c:976:5: note: in expansion of macro 'COMPILE_TIME_ASSERT'
     COMPILE_TIME_ASSERT(SIZEOF_UNSIGNED_LONG == sizeof(unsigned long));
     ^
minilzo.c:118:16: warning: typedef '__lzo_compile_time_assert_fail' locally defined but not used [-Wunused-local-typedefs]
  { typedef int __lzo_compile_time_assert_fail[1 - 2 * !(expr)]; }
                ^
minilzo.c:924:41: note: in expansion of macro 'LZO_COMPILE_TIME_ASSERT'
 #  define COMPILE_TIME_ASSERT(expr)     LZO_COMPILE_TIME_ASSERT(expr)
                                         ^
minilzo.c:987:5: note: in expansion of macro 'COMPILE_TIME_ASSERT'
     COMPILE_TIME_ASSERT(IS_UNSIGNED(unsigned char));
     ^
minilzo.c:118:16: warning: typedef '__lzo_compile_time_assert_fail' locally defined but not used [-Wunused-local-typedefs]
  { typedef int __lzo_compile_time_assert_fail[1 - 2 * !(expr)]; }
                ^
minilzo.c:924:41: note: in expansion of macro 'LZO_COMPILE_TIME_ASSERT'
 #  define COMPILE_TIME_ASSERT(expr)     LZO_COMPILE_TIME_ASSERT(expr)
                                         ^
minilzo.c:988:5: note: in expansion of macro 'COMPILE_TIME_ASSERT'
     COMPILE_TIME_ASSERT(IS_UNSIGNED(unsigned short));
     ^
minilzo.c:118:16: warning: typedef '__lzo_compile_time_assert_fail' locally defined but not used [-Wunused-local-typedefs]
  { typedef int __lzo_compile_time_assert_fail[1 - 2 * !(expr)]; }
                ^
minilzo.c:924:41: note: in expansion of macro 'LZO_COMPILE_TIME_ASSERT'
 #  define COMPILE_TIME_ASSERT(expr)     LZO_COMPILE_TIME_ASSERT(expr)
                                         ^
minilzo.c:989:5: note: in expansion of macro 'COMPILE_TIME_ASSERT'
     COMPILE_TIME_ASSERT(IS_UNSIGNED(unsigned));
     ^
minilzo.c:118:16: warning: typedef '__lzo_compile_time_assert_fail' locally defined but not used [-Wunused-local-typedefs]
  { typedef int __lzo_compile_time_assert_fail[1 - 2 * !(expr)]; }
                ^
minilzo.c:924:41: note: in expansion of macro 'LZO_COMPILE_TIME_ASSERT'
 #  define COMPILE_TIME_ASSERT(expr)     LZO_COMPILE_TIME_ASSERT(expr)
                                         ^
minilzo.c:990:5: note: in expansion of macro 'COMPILE_TIME_ASSERT'
     COMPILE_TIME_ASSERT(IS_UNSIGNED(unsigned long));
     ^
minilzo.c:118:16: warning: typedef '__lzo_compile_time_assert_fail' locally defined but not used [-Wunused-local-typedefs]
  { typedef int __lzo_compile_time_assert_fail[1 - 2 * !(expr)]; }
                ^
minilzo.c:924:41: note: in expansion of macro 'LZO_COMPILE_TIME_ASSERT'
 #  define COMPILE_TIME_ASSERT(expr)     LZO_COMPILE_TIME_ASSERT(expr)
                                         ^
minilzo.c:991:5: note: in expansion of macro 'COMPILE_TIME_ASSERT'
     COMPILE_TIME_ASSERT(IS_SIGNED(short));
     ^
minilzo.c:118:16: warning: typedef '__lzo_compile_time_assert_fail' locally defined but not used [-Wunused-local-typedefs]
  { typedef int __lzo_compile_time_assert_fail[1 - 2 * !(expr)]; }
                ^
minilzo.c:924:41: note: in expansion of macro 'LZO_COMPILE_TIME_ASSERT'
 #  define COMPILE_TIME_ASSERT(expr)     LZO_COMPILE_TIME_ASSERT(expr)
                                         ^
minilzo.c:992:5: note: in expansion of macro 'COMPILE_TIME_ASSERT'
     COMPILE_TIME_ASSERT(IS_SIGNED(int));
     ^
minilzo.c:118:16: warning: typedef '__lzo_compile_time_assert_fail' locally defined but not used [-Wunused-local-typedefs]
  { typedef int __lzo_compile_time_assert_fail[1 - 2 * !(expr)]; }
                ^
minilzo.c:924:41: note: in expansion of macro 'LZO_COMPILE_TIME_ASSERT'
 #  define COMPILE_TIME_ASSERT(expr)     LZO_COMPILE_TIME_ASSERT(expr)
                                         ^
minilzo.c:993:5: note: in expansion of macro 'COMPILE_TIME_ASSERT'
     COMPILE_TIME_ASSERT(IS_SIGNED(long));
     ^
minilzo.c:118:16: warning: typedef '__lzo_compile_time_assert_fail' locally defined but not used [-Wunused-local-typedefs]
  { typedef int __lzo_compile_time_assert_fail[1 - 2 * !(expr)]; }
                ^
minilzo.c:924:41: note: in expansion of macro 'LZO_COMPILE_TIME_ASSERT'
 #  define COMPILE_TIME_ASSERT(expr)     LZO_COMPILE_TIME_ASSERT(expr)
                                         ^
minilzo.c:995:5: note: in expansion of macro 'COMPILE_TIME_ASSERT'
     COMPILE_TIME_ASSERT(IS_UNSIGNED(lzo_uint32));
     ^
minilzo.c:118:16: warning: typedef '__lzo_compile_time_assert_fail' locally defined but not used [-Wunused-local-typedefs]
  { typedef int __lzo_compile_time_assert_fail[1 - 2 * !(expr)]; }
                ^
minilzo.c:924:41: note: in expansion of macro 'LZO_COMPILE_TIME_ASSERT'
 #  define COMPILE_TIME_ASSERT(expr)     LZO_COMPILE_TIME_ASSERT(expr)
                                         ^
minilzo.c:996:5: note: in expansion of macro 'COMPILE_TIME_ASSERT'
     COMPILE_TIME_ASSERT(IS_UNSIGNED(lzo_uint));
     ^
minilzo.c:118:16: warning: typedef '__lzo_compile_time_assert_fail' locally defined but not used [-Wunused-local-typedefs]
  { typedef int __lzo_compile_time_assert_fail[1 - 2 * !(expr)]; }
                ^
minilzo.c:924:41: note: in expansion of macro 'LZO_COMPILE_TIME_ASSERT'
 #  define COMPILE_TIME_ASSERT(expr)     LZO_COMPILE_TIME_ASSERT(expr)
                                         ^
minilzo.c:997:5: note: in expansion of macro 'COMPILE_TIME_ASSERT'
     COMPILE_TIME_ASSERT(IS_SIGNED(lzo_int32));
     ^
minilzo.c:118:16: warning: typedef '__lzo_compile_time_assert_fail' locally defined but not used [-Wunused-local-typedefs]
  { typedef int __lzo_compile_time_assert_fail[1 - 2 * !(expr)]; }
                ^
minilzo.c:924:41: note: in expansion of macro 'LZO_COMPILE_TIME_ASSERT'
 #  define COMPILE_TIME_ASSERT(expr)     LZO_COMPILE_TIME_ASSERT(expr)
                                         ^
minilzo.c:998:5: note: in expansion of macro 'COMPILE_TIME_ASSERT'
     COMPILE_TIME_ASSERT(IS_SIGNED(lzo_int));
     ^
minilzo.c:118:16: warning: typedef '__lzo_compile_time_assert_fail' locally defined but not used [-Wunused-local-typedefs]
  { typedef int __lzo_compile_time_assert_fail[1 - 2 * !(expr)]; }
                ^
minilzo.c:924:41: note: in expansion of macro 'LZO_COMPILE_TIME_ASSERT'
 #  define COMPILE_TIME_ASSERT(expr)     LZO_COMPILE_TIME_ASSERT(expr)
                                         ^
minilzo.c:1000:5: note: in expansion of macro 'COMPILE_TIME_ASSERT'
     COMPILE_TIME_ASSERT(INT_MAX    == LZO_STYPE_MAX(sizeof(int)));
     ^
minilzo.c:118:16: warning: typedef '__lzo_compile_time_assert_fail' locally defined but not used [-Wunused-local-typedefs]
  { typedef int __lzo_compile_time_assert_fail[1 - 2 * !(expr)]; }
                ^
minilzo.c:924:41: note: in expansion of macro 'LZO_COMPILE_TIME_ASSERT'
 #  define COMPILE_TIME_ASSERT(expr)     LZO_COMPILE_TIME_ASSERT(expr)
                                         ^
minilzo.c:1001:5: note: in expansion of macro 'COMPILE_TIME_ASSERT'
     COMPILE_TIME_ASSERT(UINT_MAX   == LZO_UTYPE_MAX(sizeof(unsigned)));
     ^
minilzo.c:118:16: warning: typedef '__lzo_compile_time_assert_fail' locally defined but not used [-Wunused-local-typedefs]
  { typedef int __lzo_compile_time_assert_fail[1 - 2 * !(expr)]; }
                ^
minilzo.c:924:41: note: in expansion of macro 'LZO_COMPILE_TIME_ASSERT'
 #  define COMPILE_TIME_ASSERT(expr)     LZO_COMPILE_TIME_ASSERT(expr)
                                         ^
minilzo.c:1002:5: note: in expansion of macro 'COMPILE_TIME_ASSERT'
     COMPILE_TIME_ASSERT(LONG_MAX   == LZO_STYPE_MAX(sizeof(long)));
     ^
minilzo.c:118:16: warning: typedef '__lzo_compile_time_assert_fail' locally defined but not used [-Wunused-local-typedefs]
  { typedef int __lzo_compile_time_assert_fail[1 - 2 * !(expr)]; }
                ^
minilzo.c:924:41: note: in expansion of macro 'LZO_COMPILE_TIME_ASSERT'
 #  define COMPILE_TIME_ASSERT(expr)     LZO_COMPILE_TIME_ASSERT(expr)
                                         ^
minilzo.c:1003:5: note: in expansion of macro 'COMPILE_TIME_ASSERT'
     COMPILE_TIME_ASSERT(ULONG_MAX  == LZO_UTYPE_MAX(sizeof(unsigned long)));
     ^
minilzo.c:118:16: warning: typedef '__lzo_compile_time_assert_fail' locally defined but not used [-Wunused-local-typedefs]
  { typedef int __lzo_compile_time_assert_fail[1 - 2 * !(expr)]; }
                ^
minilzo.c:924:41: note: in expansion of macro 'LZO_COMPILE_TIME_ASSERT'
 #  define COMPILE_TIME_ASSERT(expr)     LZO_COMPILE_TIME_ASSERT(expr)
                                         ^
minilzo.c:1004:5: note: in expansion of macro 'COMPILE_TIME_ASSERT'
     COMPILE_TIME_ASSERT(SHRT_MAX   == LZO_STYPE_MAX(sizeof(short)));
     ^
minilzo.c:118:16: warning: typedef '__lzo_compile_time_assert_fail' locally defined but not used [-Wunused-local-typedefs]
  { typedef int __lzo_compile_time_assert_fail[1 - 2 * !(expr)]; }
                ^
minilzo.c:924:41: note: in expansion of macro 'LZO_COMPILE_TIME_ASSERT'
 #  define COMPILE_TIME_ASSERT(expr)     LZO_COMPILE_TIME_ASSERT(expr)
                                         ^
minilzo.c:1005:5: note: in expansion of macro 'COMPILE_TIME_ASSERT'
     COMPILE_TIME_ASSERT(USHRT_MAX  == LZO_UTYPE_MAX(sizeof(unsigned short)));
     ^
minilzo.c:118:16: warning: typedef '__lzo_compile_time_assert_fail' locally defined but not used [-Wunused-local-typedefs]
  { typedef int __lzo_compile_time_assert_fail[1 - 2 * !(expr)]; }
                ^
minilzo.c:924:41: note: in expansion of macro 'LZO_COMPILE_TIME_ASSERT'
 #  define COMPILE_TIME_ASSERT(expr)     LZO_COMPILE_TIME_ASSERT(expr)
                                         ^
minilzo.c:1006:5: note: in expansion of macro 'COMPILE_TIME_ASSERT'
     COMPILE_TIME_ASSERT(LZO_UINT32_MAX == LZO_UTYPE_MAX(sizeof(lzo_uint32)));
     ^
minilzo.c:118:16: warning: typedef '__lzo_compile_time_assert_fail' locally defined but not used [-Wunused-local-typedefs]
  { typedef int __lzo_compile_time_assert_fail[1 - 2 * !(expr)]; }
                ^
minilzo.c:924:41: note: in expansion of macro 'LZO_COMPILE_TIME_ASSERT'
 #  define COMPILE_TIME_ASSERT(expr)     LZO_COMPILE_TIME_ASSERT(expr)
                                         ^
minilzo.c:1007:5: note: in expansion of macro 'COMPILE_TIME_ASSERT'
     COMPILE_TIME_ASSERT(LZO_UINT_MAX   == LZO_UTYPE_MAX(sizeof(lzo_uint)));
     ^
minilzo.c: In function 'basic_ptr_check':
minilzo.c:118:16: warning: typedef '__lzo_compile_time_assert_fail' locally defined but not used [-Wunused-local-typedefs]
  { typedef int __lzo_compile_time_assert_fail[1 - 2 * !(expr)]; }
                ^
minilzo.c:924:41: note: in expansion of macro 'LZO_COMPILE_TIME_ASSERT'
 #  define COMPILE_TIME_ASSERT(expr)     LZO_COMPILE_TIME_ASSERT(expr)
                                         ^
minilzo.c:1021:5: note: in expansion of macro 'COMPILE_TIME_ASSERT'
     COMPILE_TIME_ASSERT(sizeof(char *) >= sizeof(int));
     ^
minilzo.c:118:16: warning: typedef '__lzo_compile_time_assert_fail' locally defined but not used [-Wunused-local-typedefs]
  { typedef int __lzo_compile_time_assert_fail[1 - 2 * !(expr)]; }
                ^
minilzo.c:924:41: note: in expansion of macro 'LZO_COMPILE_TIME_ASSERT'
 #  define COMPILE_TIME_ASSERT(expr)     LZO_COMPILE_TIME_ASSERT(expr)
                                         ^
minilzo.c:1022:5: note: in expansion of macro 'COMPILE_TIME_ASSERT'
     COMPILE_TIME_ASSERT(sizeof(lzo_byte *) >= sizeof(char *));
     ^
minilzo.c:118:16: warning: typedef '__lzo_compile_time_assert_fail' locally defined but not used [-Wunused-local-typedefs]
  { typedef int __lzo_compile_time_assert_fail[1 - 2 * !(expr)]; }
                ^
minilzo.c:924:41: note: in expansion of macro 'LZO_COMPILE_TIME_ASSERT'
 #  define COMPILE_TIME_ASSERT(expr)     LZO_COMPILE_TIME_ASSERT(expr)
                                         ^
minilzo.c:1024:5: note: in expansion of macro 'COMPILE_TIME_ASSERT'
     COMPILE_TIME_ASSERT(sizeof(lzo_voidp) == sizeof(lzo_byte *));
     ^
minilzo.c:118:16: warning: typedef '__lzo_compile_time_assert_fail' locally defined but not used [-Wunused-local-typedefs]
  { typedef int __lzo_compile_time_assert_fail[1 - 2 * !(expr)]; }
                ^
minilzo.c:924:41: note: in expansion of macro 'LZO_COMPILE_TIME_ASSERT'
 #  define COMPILE_TIME_ASSERT(expr)     LZO_COMPILE_TIME_ASSERT(expr)
                                         ^
minilzo.c:1025:5: note: in expansion of macro 'COMPILE_TIME_ASSERT'
     COMPILE_TIME_ASSERT(sizeof(lzo_voidp) == sizeof(lzo_voidpp));
     ^
minilzo.c:118:16: warning: typedef '__lzo_compile_time_assert_fail' locally defined but not used [-Wunused-local-typedefs]
  { typedef int __lzo_compile_time_assert_fail[1 - 2 * !(expr)]; }
                ^
minilzo.c:924:41: note: in expansion of macro 'LZO_COMPILE_TIME_ASSERT'
 #  define COMPILE_TIME_ASSERT(expr)     LZO_COMPILE_TIME_ASSERT(expr)
                                         ^
minilzo.c:1026:5: note: in expansion of macro 'COMPILE_TIME_ASSERT'
     COMPILE_TIME_ASSERT(sizeof(lzo_voidp) == sizeof(lzo_bytepp));
     ^
minilzo.c:118:16: warning: typedef '__lzo_compile_time_assert_fail' locally defined but not used [-Wunused-local-typedefs]
  { typedef int __lzo_compile_time_assert_fail[1 - 2 * !(expr)]; }
                ^
minilzo.c:924:41: note: in expansion of macro 'LZO_COMPILE_TIME_ASSERT'
 #  define COMPILE_TIME_ASSERT(expr)     LZO_COMPILE_TIME_ASSERT(expr)
                                         ^
minilzo.c:1027:5: note: in expansion of macro 'COMPILE_TIME_ASSERT'
     COMPILE_TIME_ASSERT(sizeof(lzo_voidp) >= sizeof(lzo_uint));
     ^
minilzo.c:118:16: warning: typedef '__lzo_compile_time_assert_fail' locally defined but not used [-Wunused-local-typedefs]
  { typedef int __lzo_compile_time_assert_fail[1 - 2 * !(expr)]; }
                ^
minilzo.c:924:41: note: in expansion of macro 'LZO_COMPILE_TIME_ASSERT'
 #  define COMPILE_TIME_ASSERT(expr)     LZO_COMPILE_TIME_ASSERT(expr)
                                         ^
minilzo.c:1029:5: note: in expansion of macro 'COMPILE_TIME_ASSERT'
     COMPILE_TIME_ASSERT(sizeof(lzo_ptr_t) == sizeof(lzo_voidp));
     ^
minilzo.c:118:16: warning: typedef '__lzo_compile_time_assert_fail' locally defined but not used [-Wunused-local-typedefs]
  { typedef int __lzo_compile_time_assert_fail[1 - 2 * !(expr)]; }
                ^
minilzo.c:924:41: note: in expansion of macro 'LZO_COMPILE_TIME_ASSERT'
 #  define COMPILE_TIME_ASSERT(expr)     LZO_COMPILE_TIME_ASSERT(expr)
                                         ^
minilzo.c:1030:5: note: in expansion of macro 'COMPILE_TIME_ASSERT'
     COMPILE_TIME_ASSERT(sizeof(lzo_ptr_t) == sizeof(lzo_sptr_t));
     ^
minilzo.c:118:16: warning: typedef '__lzo_compile_time_assert_fail' locally defined but not used [-Wunused-local-typedefs]
  { typedef int __lzo_compile_time_assert_fail[1 - 2 * !(expr)]; }
                ^
minilzo.c:924:41: note: in expansion of macro 'LZO_COMPILE_TIME_ASSERT'
 #  define COMPILE_TIME_ASSERT(expr)     LZO_COMPILE_TIME_ASSERT(expr)
                                         ^
minilzo.c:1031:5: note: in expansion of macro 'COMPILE_TIME_ASSERT'
     COMPILE_TIME_ASSERT(sizeof(lzo_ptr_t) >= sizeof(lzo_uint));
     ^
minilzo.c:118:16: warning: typedef '__lzo_compile_time_assert_fail' locally defined but not used [-Wunused-local-typedefs]
  { typedef int __lzo_compile_time_assert_fail[1 - 2 * !(expr)]; }
                ^
minilzo.c:924:41: note: in expansion of macro 'LZO_COMPILE_TIME_ASSERT'
 #  define COMPILE_TIME_ASSERT(expr)     LZO_COMPILE_TIME_ASSERT(expr)
                                         ^
minilzo.c:1033:5: note: in expansion of macro 'COMPILE_TIME_ASSERT'
     COMPILE_TIME_ASSERT(sizeof(lzo_ptrdiff_t) >= 4);
     ^
minilzo.c:118:16: warning: typedef '__lzo_compile_time_assert_fail' locally defined but not used [-Wunused-local-typedefs]
  { typedef int __lzo_compile_time_assert_fail[1 - 2 * !(expr)]; }
                ^
minilzo.c:924:41: note: in expansion of macro 'LZO_COMPILE_TIME_ASSERT'
 #  define COMPILE_TIME_ASSERT(expr)     LZO_COMPILE_TIME_ASSERT(expr)
                                         ^
minilzo.c:1034:5: note: in expansion of macro 'COMPILE_TIME_ASSERT'
     COMPILE_TIME_ASSERT(sizeof(lzo_ptrdiff_t) >= sizeof(ptrdiff_t));
     ^
minilzo.c:118:16: warning: typedef '__lzo_compile_time_assert_fail' locally defined but not used [-Wunused-local-typedefs]
  { typedef int __lzo_compile_time_assert_fail[1 - 2 * !(expr)]; }
                ^
minilzo.c:924:41: note: in expansion of macro 'LZO_COMPILE_TIME_ASSERT'
 #  define COMPILE_TIME_ASSERT(expr)     LZO_COMPILE_TIME_ASSERT(expr)
                                         ^
minilzo.c:1036:5: note: in expansion of macro 'COMPILE_TIME_ASSERT'
     COMPILE_TIME_ASSERT(sizeof(ptrdiff_t) >= sizeof(size_t));
     ^
minilzo.c:118:16: warning: typedef '__lzo_compile_time_assert_fail' locally defined but not used [-Wunused-local-typedefs]
  { typedef int __lzo_compile_time_assert_fail[1 - 2 * !(expr)]; }
                ^
minilzo.c:924:41: note: in expansion of macro 'LZO_COMPILE_TIME_ASSERT'
 #  define COMPILE_TIME_ASSERT(expr)     LZO_COMPILE_TIME_ASSERT(expr)
                                         ^
minilzo.c:1037:5: note: in expansion of macro 'COMPILE_TIME_ASSERT'
     COMPILE_TIME_ASSERT(sizeof(lzo_ptrdiff_t) >= sizeof(lzo_uint));
     ^
minilzo.c:118:16: warning: typedef '__lzo_compile_time_assert_fail' locally defined but not used [-Wunused-local-typedefs]
  { typedef int __lzo_compile_time_assert_fail[1 - 2 * !(expr)]; }
                ^
minilzo.c:924:41: note: in expansion of macro 'LZO_COMPILE_TIME_ASSERT'
 #  define COMPILE_TIME_ASSERT(expr)     LZO_COMPILE_TIME_ASSERT(expr)
                                         ^
minilzo.c:1046:5: note: in expansion of macro 'COMPILE_TIME_ASSERT'
     COMPILE_TIME_ASSERT(IS_SIGNED(ptrdiff_t));
     ^
minilzo.c:118:16: warning: typedef '__lzo_compile_time_assert_fail' locally defined but not used [-Wunused-local-typedefs]
  { typedef int __lzo_compile_time_assert_fail[1 - 2 * !(expr)]; }
                ^
minilzo.c:924:41: note: in expansion of macro 'LZO_COMPILE_TIME_ASSERT'
 #  define COMPILE_TIME_ASSERT(expr)     LZO_COMPILE_TIME_ASSERT(expr)
                                         ^
minilzo.c:1047:5: note: in expansion of macro 'COMPILE_TIME_ASSERT'
     COMPILE_TIME_ASSERT(IS_UNSIGNED(size_t));
     ^
minilzo.c:118:16: warning: typedef '__lzo_compile_time_assert_fail' locally defined but not used [-Wunused-local-typedefs]
  { typedef int __lzo_compile_time_assert_fail[1 - 2 * !(expr)]; }
                ^
minilzo.c:924:41: note: in expansion of macro 'LZO_COMPILE_TIME_ASSERT'
 #  define COMPILE_TIME_ASSERT(expr)     LZO_COMPILE_TIME_ASSERT(expr)
                                         ^
minilzo.c:1048:5: note: in expansion of macro 'COMPILE_TIME_ASSERT'
     COMPILE_TIME_ASSERT(IS_SIGNED(lzo_ptrdiff_t));
     ^
minilzo.c:118:16: warning: typedef '__lzo_compile_time_assert_fail' locally defined but not used [-Wunused-local-typedefs]
  { typedef int __lzo_compile_time_assert_fail[1 - 2 * !(expr)]; }
                ^
minilzo.c:924:41: note: in expansion of macro 'LZO_COMPILE_TIME_ASSERT'
 #  define COMPILE_TIME_ASSERT(expr)     LZO_COMPILE_TIME_ASSERT(expr)
                                         ^
minilzo.c:1049:5: note: in expansion of macro 'COMPILE_TIME_ASSERT'
     COMPILE_TIME_ASSERT(IS_SIGNED(lzo_sptr_t));
     ^
minilzo.c:118:16: warning: typedef '__lzo_compile_time_assert_fail' locally defined but not used [-Wunused-local-typedefs]
  { typedef int __lzo_compile_time_assert_fail[1 - 2 * !(expr)]; }
                ^
minilzo.c:924:41: note: in expansion of macro 'LZO_COMPILE_TIME_ASSERT'
 #  define COMPILE_TIME_ASSERT(expr)     LZO_COMPILE_TIME_ASSERT(expr)
                                         ^
minilzo.c:1050:5: note: in expansion of macro 'COMPILE_TIME_ASSERT'
     COMPILE_TIME_ASSERT(IS_UNSIGNED(lzo_ptr_t));
     ^
minilzo.c:118:16: warning: typedef '__lzo_compile_time_assert_fail' locally defined but not used [-Wunused-local-typedefs]
  { typedef int __lzo_compile_time_assert_fail[1 - 2 * !(expr)]; }
                ^
minilzo.c:924:41: note: in expansion of macro 'LZO_COMPILE_TIME_ASSERT'
 #  define COMPILE_TIME_ASSERT(expr)     LZO_COMPILE_TIME_ASSERT(expr)
                                         ^
minilzo.c:1051:5: note: in expansion of macro 'COMPILE_TIME_ASSERT'
     COMPILE_TIME_ASSERT(IS_UNSIGNED(lzo_moff_t));
     ^
minilzo.c: In function '_lzo_config_check':
minilzo.c:118:16: warning: typedef '__lzo_compile_time_assert_fail' locally defined but not used [-Wunused-local-typedefs]
  { typedef int __lzo_compile_time_assert_fail[1 - 2 * !(expr)]; }
                ^
minilzo.c:924:41: note: in expansion of macro 'LZO_COMPILE_TIME_ASSERT'
 #  define COMPILE_TIME_ASSERT(expr)     LZO_COMPILE_TIME_ASSERT(expr)
                                         ^
minilzo.c:1172:5: note: in expansion of macro 'COMPILE_TIME_ASSERT'
     COMPILE_TIME_ASSERT( (int) ((unsigned char) ((signed char) -1)) == 255);
     ^
minilzo.c:118:16: warning: typedef '__lzo_compile_time_assert_fail' locally defined but not used [-Wunused-local-typedefs]
  { typedef int __lzo_compile_time_assert_fail[1 - 2 * !(expr)]; }
                ^
minilzo.c:924:41: note: in expansion of macro 'LZO_COMPILE_TIME_ASSERT'
 #  define COMPILE_TIME_ASSERT(expr)     LZO_COMPILE_TIME_ASSERT(expr)
                                         ^
minilzo.c:1173:5: note: in expansion of macro 'COMPILE_TIME_ASSERT'
     COMPILE_TIME_ASSERT( (((unsigned char)128) << (int)(8*sizeof(int)-8)) < 0);
     ^
minilzo.c:118:16: warning: typedef '__lzo_compile_time_assert_fail' locally defined but not used [-Wunused-local-typedefs]
  { typedef int __lzo_compile_time_assert_fail[1 - 2 * !(expr)]; }
                ^
minilzo.c:924:41: note: in expansion of macro 'LZO_COMPILE_TIME_ASSERT'
 #  define COMPILE_TIME_ASSERT(expr)     LZO_COMPILE_TIME_ASSERT(expr)
                                         ^
minilzo.c:1260:5: note: in expansion of macro 'COMPILE_TIME_ASSERT'
     COMPILE_TIME_ASSERT(lzo_sizeof_dict_t == sizeof(lzo_dict_t));
     ^
if gcc -DHAVE_CONFIG_H -I. -I. -I.. -I..    -g -O2 -Wall -MT tls.o -MD -MP -MF ".deps/tls.Tpo" -c -o tls.o tls.c; \
then mv -f ".deps/tls.Tpo" ".deps/tls.Po"; else rm -f ".deps/tls.Tpo"; exit 1; fi
rm -f libvncclient.a
/usr/bin/ar cru libvncclient.a cursor.o listen.o rfbproto.o sockets.o vncviewer.o minilzo.o tls.o 
/usr/bin/ar: `u' modifier ignored since `D' is the default (see `U')
ranlib libvncclient.a
make[2]: Leaving directory '/tmp/x11vnc/src/x11vnc-0.9.13/libvncclient'
Making all in x11vnc
make[2]: Entering directory '/tmp/x11vnc/src/x11vnc-0.9.13/x11vnc'
Making all in misc
make[3]: Entering directory '/tmp/x11vnc/src/x11vnc-0.9.13/x11vnc/misc'
Making all in turbovnc
make[4]: Entering directory '/tmp/x11vnc/src/x11vnc-0.9.13/x11vnc/misc/turbovnc'
make[4]: Nothing to be done for 'all'.
make[4]: Leaving directory '/tmp/x11vnc/src/x11vnc-0.9.13/x11vnc/misc/turbovnc'
make[4]: Entering directory '/tmp/x11vnc/src/x11vnc-0.9.13/x11vnc/misc'
make[4]: Nothing to be done for 'all-am'.
make[4]: Leaving directory '/tmp/x11vnc/src/x11vnc-0.9.13/x11vnc/misc'
make[3]: Leaving directory '/tmp/x11vnc/src/x11vnc-0.9.13/x11vnc/misc'
make[3]: Entering directory '/tmp/x11vnc/src/x11vnc-0.9.13/x11vnc'
if gcc -DHAVE_CONFIG_H -I. -I. -I..   -D_REENTRANT    -g -O2 -Wall -MT x11vnc-8to24.o -MD -MP -MF ".deps/x11vnc-8to24.Tpo" -c -o x11vnc-8to24.o `test -f '8to24.c' || echo './'`8to24.c; \
then mv -f ".deps/x11vnc-8to24.Tpo" ".deps/x11vnc-8to24.Po"; else rm -f ".deps/x11vnc-8to24.Tpo"; exit 1; fi
if gcc -DHAVE_CONFIG_H -I. -I. -I..   -D_REENTRANT    -g -O2 -Wall -MT x11vnc-appshare.o -MD -MP -MF ".deps/x11vnc-appshare.Tpo" -c -o x11vnc-appshare.o `test -f 'appshare.c' || echo './'`appshare.c; \
then mv -f ".deps/x11vnc-appshare.Tpo" ".deps/x11vnc-appshare.Po"; else rm -f ".deps/x11vnc-appshare.Tpo"; exit 1; fi
if gcc -DHAVE_CONFIG_H -I. -I. -I..   -D_REENTRANT    -g -O2 -Wall -MT x11vnc-avahi.o -MD -MP -MF ".deps/x11vnc-avahi.Tpo" -c -o x11vnc-avahi.o `test -f 'avahi.c' || echo './'`avahi.c; \
then mv -f ".deps/x11vnc-avahi.Tpo" ".deps/x11vnc-avahi.Po"; else rm -f ".deps/x11vnc-avahi.Tpo"; exit 1; fi
avahi.c: In function '_avahi_entry_group_callback':
avahi.c:279:36: warning: passing argument 2 of '_avahi_create_services' discards 'const' qualifier from pointer target type [-Wdiscarded-qualifiers]
   _avahi_create_services(new_name, svc->host, svc->port);
                                    ^
avahi.c:252:13: note: expected 'char *' but argument is of type 'const char *'
 static void _avahi_create_services(char *name, char *host,
             ^
avahi.c: At top level:
avahi.c:46:13: warning: 'kill_avahi_pid' defined but not used [-Wunused-function]
 static void kill_avahi_pid(void) {
             ^
avahi.c:54:12: warning: 'try_avahi_helper' defined but not used [-Wunused-function]
 static int try_avahi_helper(char *name, char *host, uint16_t port) {
            ^
if gcc -DHAVE_CONFIG_H -I. -I. -I..   -D_REENTRANT    -g -O2 -Wall -MT x11vnc-cleanup.o -MD -MP -MF ".deps/x11vnc-cleanup.Tpo" -c -o x11vnc-cleanup.o `test -f 'cleanup.c' || echo './'`cleanup.c; \
then mv -f ".deps/x11vnc-cleanup.Tpo" ".deps/x11vnc-cleanup.Po"; else rm -f ".deps/x11vnc-cleanup.Tpo"; exit 1; fi
if gcc -DHAVE_CONFIG_H -I. -I. -I..   -D_REENTRANT    -g -O2 -Wall -MT x11vnc-connections.o -MD -MP -MF ".deps/x11vnc-connections.Tpo" -c -o x11vnc-connections.o `test -f 'connections.c' || echo './'`connections.c; \
then mv -f ".deps/x11vnc-connections.Tpo" ".deps/x11vnc-connections.Po"; else rm -f ".deps/x11vnc-connections.Tpo"; exit 1; fi
connections.c: In function 'run_user_command':
connections.c:696:14: warning: variable 'pidw' set but not used [-Wunused-but-set-variable]
   pid_t pid, pidw;
              ^
connections.c: In function 'do_reverse_connect':
connections.c:2689:34: warning: variable 's' set but not used [-Wunused-but-set-variable]
  char *host, *p, *str = str_in, *s = NULL;
                                  ^
if gcc -DHAVE_CONFIG_H -I. -I. -I..   -D_REENTRANT    -g -O2 -Wall -MT x11vnc-cursor.o -MD -MP -MF ".deps/x11vnc-cursor.Tpo" -c -o x11vnc-cursor.o `test -f 'cursor.c' || echo './'`cursor.c; \
then mv -f ".deps/x11vnc-cursor.Tpo" ".deps/x11vnc-cursor.Po"; else rm -f ".deps/x11vnc-cursor.Tpo"; exit 1; fi
cursor.c: In function 'disable_cursor_shape_updates':
cursor.c:1729:13: warning: variable 'changed' set but not used [-Wunused-but-set-variable]
  static int changed = 0;
             ^
if gcc -DHAVE_CONFIG_H -I. -I. -I..   -D_REENTRANT    -g -O2 -Wall -MT x11vnc-gui.o -MD -MP -MF ".deps/x11vnc-gui.Tpo" -c -o x11vnc-gui.o `test -f 'gui.c' || echo './'`gui.c; \
then mv -f ".deps/x11vnc-gui.Tpo" ".deps/x11vnc-gui.Po"; else rm -f ".deps/x11vnc-gui.Tpo"; exit 1; fi
if gcc -DHAVE_CONFIG_H -I. -I. -I..   -D_REENTRANT    -g -O2 -Wall -MT x11vnc-help.o -MD -MP -MF ".deps/x11vnc-help.Tpo" -c -o x11vnc-help.o `test -f 'help.c' || echo './'`help.c; \
then mv -f ".deps/x11vnc-help.Tpo" ".deps/x11vnc-help.Po"; else rm -f ".deps/x11vnc-help.Tpo"; exit 1; fi
if gcc -DHAVE_CONFIG_H -I. -I. -I..   -D_REENTRANT    -g -O2 -Wall -MT x11vnc-inet.o -MD -MP -MF ".deps/x11vnc-inet.Tpo" -c -o x11vnc-inet.o `test -f 'inet.c' || echo './'`inet.c; \
then mv -f ".deps/x11vnc-inet.Tpo" ".deps/x11vnc-inet.Po"; else rm -f ".deps/x11vnc-inet.Tpo"; exit 1; fi
inet.c: In function 'get_host':
inet.c:237:6: warning: variable 'saddr_port' set but not used [-Wunused-but-set-variable]
  int saddr_port;
      ^
if gcc -DHAVE_CONFIG_H -I. -I. -I..   -D_REENTRANT    -g -O2 -Wall -MT x11vnc-keyboard.o -MD -MP -MF ".deps/x11vnc-keyboard.Tpo" -c -o x11vnc-keyboard.o `test -f 'keyboard.c' || echo './'`keyboard.c; \
then mv -f ".deps/x11vnc-keyboard.Tpo" ".deps/x11vnc-keyboard.Po"; else rm -f ".deps/x11vnc-keyboard.Tpo"; exit 1; fi
keyboard.c: In function 'clear_locks':
keyboard.c:330:6: warning: 'XKeycodeToKeysym' is deprecated [-Wdeprecated-declarations]
      KeySym ks = XKeycodeToKeysym(dpy, key, 0);
      ^
In file included from x11vnc.h:73:0,
                 from keyboard.c:35:
/usr/include/X11/Xlib.h:1687:15: note: declared here
 extern KeySym XKeycodeToKeysym(
               ^
keyboard.c: In function 'delete_keycode':
keyboard.c:603:3: warning: 'XKeycodeToKeysym' is deprecated [-Wdeprecated-declarations]
   ksym = XKeycodeToKeysym(dpy, kc, 0);
   ^
In file included from x11vnc.h:73:0,
                 from keyboard.c:35:
/usr/include/X11/Xlib.h:1687:15: note: declared here
 extern KeySym XKeycodeToKeysym(
               ^
keyboard.c: In function 'xkb_tweak_keyboard':
keyboard.c:1690:5: warning: 'XKeycodeToKeysym' is deprecated [-Wdeprecated-declarations]
     s1 = XKeysymToString(XKeycodeToKeysym(dpy,
     ^
In file included from x11vnc.h:73:0,
                 from keyboard.c:35:
/usr/include/X11/Xlib.h:1687:15: note: declared here
 extern KeySym XKeycodeToKeysym(
               ^
keyboard.c:1944:7: warning: 'XKeycodeToKeysym' is deprecated [-Wdeprecated-declarations]
       KeySym ks = XKeycodeToKeysym(dpy, kc_f[l], j);
       ^
In file included from x11vnc.h:73:0,
                 from keyboard.c:35:
/usr/include/X11/Xlib.h:1687:15: note: declared here
 extern KeySym XKeycodeToKeysym(
               ^
keyboard.c:2005:4: warning: 'XKeycodeToKeysym' is deprecated [-Wdeprecated-declarations]
    str = XKeysymToString(XKeycodeToKeysym(dpy,kc_f[l],0));
    ^
In file included from x11vnc.h:73:0,
                 from keyboard.c:35:
/usr/include/X11/Xlib.h:1687:15: note: declared here
 extern KeySym XKeycodeToKeysym(
               ^
keyboard.c: In function 'keyboard':
keyboard.c:3064:16: warning: variable 'max_keyrepeat_always' set but not used [-Wunused-but-set-variable]
  static double max_keyrepeat_always = -1.0;
                ^
if gcc -DHAVE_CONFIG_H -I. -I. -I..   -D_REENTRANT    -g -O2 -Wall -MT x11vnc-linuxfb.o -MD -MP -MF ".deps/x11vnc-linuxfb.Tpo" -c -o x11vnc-linuxfb.o `test -f 'linuxfb.c' || echo './'`linuxfb.c; \
then mv -f ".deps/x11vnc-linuxfb.Tpo" ".deps/x11vnc-linuxfb.Po"; else rm -f ".deps/x11vnc-linuxfb.Tpo"; exit 1; fi
if gcc -DHAVE_CONFIG_H -I. -I. -I..   -D_REENTRANT    -g -O2 -Wall -MT x11vnc-macosx.o -MD -MP -MF ".deps/x11vnc-macosx.Tpo" -c -o x11vnc-macosx.o `test -f 'macosx.c' || echo './'`macosx.c; \
then mv -f ".deps/x11vnc-macosx.Tpo" ".deps/x11vnc-macosx.Po"; else rm -f ".deps/x11vnc-macosx.Tpo"; exit 1; fi
if gcc -DHAVE_CONFIG_H -I. -I. -I..   -D_REENTRANT    -g -O2 -Wall -MT x11vnc-macosxCG.o -MD -MP -MF ".deps/x11vnc-macosxCG.Tpo" -c -o x11vnc-macosxCG.o `test -f 'macosxCG.c' || echo './'`macosxCG.c; \
then mv -f ".deps/x11vnc-macosxCG.Tpo" ".deps/x11vnc-macosxCG.Po"; else rm -f ".deps/x11vnc-macosxCG.Tpo"; exit 1; fi
if gcc -DHAVE_CONFIG_H -I. -I. -I..   -D_REENTRANT    -g -O2 -Wall -MT x11vnc-macosxCGP.o -MD -MP -MF ".deps/x11vnc-macosxCGP.Tpo" -c -o x11vnc-macosxCGP.o `test -f 'macosxCGP.c' || echo './'`macosxCGP.c; \
then mv -f ".deps/x11vnc-macosxCGP.Tpo" ".deps/x11vnc-macosxCGP.Po"; else rm -f ".deps/x11vnc-macosxCGP.Tpo"; exit 1; fi
if gcc -DHAVE_CONFIG_H -I. -I. -I..   -D_REENTRANT    -g -O2 -Wall -MT x11vnc-macosxCGS.o -MD -MP -MF ".deps/x11vnc-macosxCGS.Tpo" -c -o x11vnc-macosxCGS.o `test -f 'macosxCGS.c' || echo './'`macosxCGS.c; \
then mv -f ".deps/x11vnc-macosxCGS.Tpo" ".deps/x11vnc-macosxCGS.Po"; else rm -f ".deps/x11vnc-macosxCGS.Tpo"; exit 1; fi
if gcc -DHAVE_CONFIG_H -I. -I. -I..   -D_REENTRANT    -g -O2 -Wall -MT x11vnc-macosx_opengl.o -MD -MP -MF ".deps/x11vnc-macosx_opengl.Tpo" -c -o x11vnc-macosx_opengl.o `test -f 'macosx_opengl.c' || echo './'`macosx_opengl.c; \
then mv -f ".deps/x11vnc-macosx_opengl.Tpo" ".deps/x11vnc-macosx_opengl.Po"; else rm -f ".deps/x11vnc-macosx_opengl.Tpo"; exit 1; fi
if gcc -DHAVE_CONFIG_H -I. -I. -I..   -D_REENTRANT    -g -O2 -Wall -MT x11vnc-options.o -MD -MP -MF ".deps/x11vnc-options.Tpo" -c -o x11vnc-options.o `test -f 'options.c' || echo './'`options.c; \
then mv -f ".deps/x11vnc-options.Tpo" ".deps/x11vnc-options.Po"; else rm -f ".deps/x11vnc-options.Tpo"; exit 1; fi
if gcc -DHAVE_CONFIG_H -I. -I. -I..   -D_REENTRANT    -g -O2 -Wall -MT x11vnc-pm.o -MD -MP -MF ".deps/x11vnc-pm.Tpo" -c -o x11vnc-pm.o `test -f 'pm.c' || echo './'`pm.c; \
then mv -f ".deps/x11vnc-pm.Tpo" ".deps/x11vnc-pm.Po"; else rm -f ".deps/x11vnc-pm.Tpo"; exit 1; fi
if gcc -DHAVE_CONFIG_H -I. -I. -I..   -D_REENTRANT    -g -O2 -Wall -MT x11vnc-pointer.o -MD -MP -MF ".deps/x11vnc-pointer.Tpo" -c -o x11vnc-pointer.o `test -f 'pointer.c' || echo './'`pointer.c; \
then mv -f ".deps/x11vnc-pointer.Tpo" ".deps/x11vnc-pointer.Po"; else rm -f ".deps/x11vnc-pointer.Tpo"; exit 1; fi
pointer.c: In function 'do_button_mask_change':
pointer.c:428:5: warning: 'XKeycodeToKeysym' is deprecated [-Wdeprecated-declarations]
     char *str = XKeysymToString(XKeycodeToKeysym(
     ^
In file included from x11vnc.h:73:0,
                 from pointer.c:35:
/usr/include/X11/Xlib.h:1687:15: note: declared here
 extern KeySym XKeycodeToKeysym(
               ^
if gcc -DHAVE_CONFIG_H -I. -I. -I..   -D_REENTRANT    -g -O2 -Wall -MT x11vnc-rates.o -MD -MP -MF ".deps/x11vnc-rates.Tpo" -c -o x11vnc-rates.o `test -f 'rates.c' || echo './'`rates.c; \
then mv -f ".deps/x11vnc-rates.Tpo" ".deps/x11vnc-rates.Po"; else rm -f ".deps/x11vnc-rates.Tpo"; exit 1; fi
if gcc -DHAVE_CONFIG_H -I. -I. -I..   -D_REENTRANT    -g -O2 -Wall -MT x11vnc-remote.o -MD -MP -MF ".deps/x11vnc-remote.Tpo" -c -o x11vnc-remote.o `test -f 'remote.c' || echo './'`remote.c; \
then mv -f ".deps/x11vnc-remote.Tpo" ".deps/x11vnc-remote.Po"; else rm -f ".deps/x11vnc-remote.Tpo"; exit 1; fi
In file included from x11vnc.h:698:0,
                 from remote.c:35:
remote.c: In function 'process_remote_cmd':
util.h:73:23: warning: the address of 'vnc_desktop_name' will always evaluate as 'true' [-Waddress]
 #define NONUL(x) ((x) ? (x) : "")
                       ^
remote.c:5863:8: note: in expansion of macro 'NONUL'
        NONUL(vnc_desktop_name));
        ^
util.h:73:23: warning: the address of 'lastmod' will always evaluate as 'true' [-Waddress]
 #define NONUL(x) ((x) ? (x) : "")
                       ^
remote.c:6065:40: note: in expansion of macro 'NONUL'
    snprintf(buf, bufn, "aro=%s:%s", p, NONUL(lastmod));
                                        ^
if gcc -DHAVE_CONFIG_H -I. -I. -I..   -D_REENTRANT    -g -O2 -Wall -MT x11vnc-scan.o -MD -MP -MF ".deps/x11vnc-scan.Tpo" -c -o x11vnc-scan.o `test -f 'scan.c' || echo './'`scan.c; \
then mv -f ".deps/x11vnc-scan.Tpo" ".deps/x11vnc-scan.Po"; else rm -f ".deps/x11vnc-scan.Tpo"; exit 1; fi
scan.c: In function 'scan_for_updates':
scan.c:3361:9: warning: variable 'dtmp' set but not used [-Wunused-but-set-variable]
  double dtmp = 0.0;
         ^
if gcc -DHAVE_CONFIG_H -I. -I. -I..   -D_REENTRANT    -g -O2 -Wall -MT x11vnc-screen.o -MD -MP -MF ".deps/x11vnc-screen.Tpo" -c -o x11vnc-screen.o `test -f 'screen.c' || echo './'`screen.c; \
then mv -f ".deps/x11vnc-screen.Tpo" ".deps/x11vnc-screen.Po"; else rm -f ".deps/x11vnc-screen.Tpo"; exit 1; fi
screen.c: In function 'vnc_reflect_got_cursorshape':
screen.c:1281:9: warning: pointer targets in assignment differ in signedness [-Wpointer-sign]
   psave = pixels;
         ^
screen.c:1282:10: warning: pointer targets in assignment differ in signedness [-Wpointer-sign]
   pixels = pixels64;
          ^
screen.c: In function 'initialize_xdisplay_fb':
screen.c:2502:6: warning: variable 'subwin_bs' set but not used [-Wunused-but-set-variable]
  int subwin_bs;
      ^
screen.c: In function 'check_cursor_changes':
screen.c:4141:7: warning: variable 'cursor_shape' set but not used [-Wunused-but-set-variable]
   int cursor_shape, dopush = 0, link, latency, netrate;
       ^
if gcc -DHAVE_CONFIG_H -I. -I. -I..   -D_REENTRANT    -g -O2 -Wall -MT x11vnc-selection.o -MD -MP -MF ".deps/x11vnc-selection.Tpo" -c -o x11vnc-selection.o `test -f 'selection.c' || echo './'`selection.c; \
then mv -f ".deps/x11vnc-selection.Tpo" ".deps/x11vnc-selection.Po"; else rm -f ".deps/x11vnc-selection.Tpo"; exit 1; fi
if gcc -DHAVE_CONFIG_H -I. -I. -I..   -D_REENTRANT    -g -O2 -Wall -MT x11vnc-solid.o -MD -MP -MF ".deps/x11vnc-solid.Tpo" -c -o x11vnc-solid.o `test -f 'solid.c' || echo './'`solid.c; \
then mv -f ".deps/x11vnc-solid.Tpo" ".deps/x11vnc-solid.Po"; else rm -f ".deps/x11vnc-solid.Tpo"; exit 1; fi
solid.c: In function 'cmd_output':
solid.c:123:6: warning: variable 'rc' set but not used [-Wunused-but-set-variable]
  int rc;
      ^
if gcc -DHAVE_CONFIG_H -I. -I. -I..   -D_REENTRANT    -g -O2 -Wall -MT x11vnc-sslcmds.o -MD -MP -MF ".deps/x11vnc-sslcmds.Tpo" -c -o x11vnc-sslcmds.o `test -f 'sslcmds.c' || echo './'`sslcmds.c; \
then mv -f ".deps/x11vnc-sslcmds.Tpo" ".deps/x11vnc-sslcmds.Po"; else rm -f ".deps/x11vnc-sslcmds.Tpo"; exit 1; fi
if gcc -DHAVE_CONFIG_H -I. -I. -I..   -D_REENTRANT    -g -O2 -Wall -MT x11vnc-sslhelper.o -MD -MP -MF ".deps/x11vnc-sslhelper.Tpo" -c -o x11vnc-sslhelper.o `test -f 'sslhelper.c' || echo './'`sslhelper.c; \
then mv -f ".deps/x11vnc-sslhelper.Tpo" ".deps/x11vnc-sslhelper.Po"; else rm -f ".deps/x11vnc-sslhelper.Tpo"; exit 1; fi
sslhelper.c: In function 'check_vnc_tls_mode':
sslhelper.c:1877:3: warning: dereferencing type-punned pointer will break strict-aliasing rules [-Wstrict-aliasing]
   ((uint32_t *)buf)[0] = Swap32IfLE(len);
   ^
sslhelper.c: In function 'pr_ssl_info':
sslhelper.c:1905:4: warning: assignment discards 'const' qualifier from pointer target type [-Wdiscarded-qualifiers]
  c = SSL_get_current_cipher(ssl);
    ^
sslhelper.c: In function 'accept_openssl':
sslhelper.c:4044:8: warning: the address of 'rcookie' will always evaluate as 'true' [-Waddress]
    if (rcookie && strstr(rcookie, "VncViewer.class")) {
        ^
In file included from sslhelper.c:4354:0:
enc.h: In function 'securevnc_setup':
enc.h:1410:20: warning: format '%d' expects argument of type 'int', but argument 3 has type 'size_t {aka long unsigned int}' [-Wformat=]
    fprintf(stderr, "securevnc_setup: seeding with RANDSTR len=%d\n", strlen(s));
                    ^
if gcc -DHAVE_CONFIG_H -I. -I. -I..   -D_REENTRANT    -g -O2 -Wall -MT x11vnc-uinput.o -MD -MP -MF ".deps/x11vnc-uinput.Tpo" -c -o x11vnc-uinput.o `test -f 'uinput.c' || echo './'`uinput.c; \
then mv -f ".deps/x11vnc-uinput.Tpo" ".deps/x11vnc-uinput.Po"; else rm -f ".deps/x11vnc-uinput.Tpo"; exit 1; fi
if gcc -DHAVE_CONFIG_H -I. -I. -I..   -D_REENTRANT    -g -O2 -Wall -MT x11vnc-unixpw.o -MD -MP -MF ".deps/x11vnc-unixpw.Tpo" -c -o x11vnc-unixpw.o `test -f 'unixpw.c' || echo './'`unixpw.c; \
then mv -f ".deps/x11vnc-unixpw.Tpo" ".deps/x11vnc-unixpw.Po"; else rm -f ".deps/x11vnc-unixpw.Tpo"; exit 1; fi
unixpw.c: In function 'white_pixel':
unixpw.c:361:23: warning: variable 'black_pix' set but not used [-Wunused-but-set-variable]
  static unsigned long black_pix = 0, white_pix = 1, set = 0;
                       ^
unixpw.c: In function 'black_pixel':
unixpw.c:382:38: warning: variable 'white_pix' set but not used [-Wunused-but-set-variable]
  static unsigned long black_pix = 0, white_pix = 1, set = 0;
                                      ^
unixpw.c: In function 'su_verify':
unixpw.c:1055:7: warning: variable 'ttyfd' set but not used [-Wunused-but-set-variable]
   int ttyfd;
       ^
unixpw.c: In function 'apply_opts':
unixpw.c:2061:9: warning: variable 'notmode' set but not used [-Wunused-but-set-variable]
  int i, notmode = 0;
         ^
if gcc -DHAVE_CONFIG_H -I. -I. -I..   -D_REENTRANT    -g -O2 -Wall -MT x11vnc-user.o -MD -MP -MF ".deps/x11vnc-user.Tpo" -c -o x11vnc-user.o `test -f 'user.c' || echo './'`user.c; \
then mv -f ".deps/x11vnc-user.Tpo" ".deps/x11vnc-user.Po"; else rm -f ".deps/x11vnc-user.Tpo"; exit 1; fi
user.c: In function 'do_run_cmd':
user.c:2467:6: warning: variable 'internal_cmd' set but not used [-Wunused-but-set-variable]
  int internal_cmd = 0;
      ^
if gcc -DHAVE_CONFIG_H -I. -I. -I..   -D_REENTRANT    -g -O2 -Wall -MT x11vnc-userinput.o -MD -MP -MF ".deps/x11vnc-userinput.Tpo" -c -o x11vnc-userinput.o `test -f 'userinput.c' || echo './'`userinput.c; \
then mv -f ".deps/x11vnc-userinput.Tpo" ".deps/x11vnc-userinput.Po"; else rm -f ".deps/x11vnc-userinput.Tpo"; exit 1; fi
userinput.c: In function 'initialize_scroll_term':
userinput.c:761:9: warning: variable 's' set but not used [-Wunused-but-set-variable]
   char *s = scroll_good_all[n++];
         ^
userinput.c: In function 'set_ypad':
userinput.c:1308:30: warning: the address of 'xrecord_name_info' will always evaluate as 'true' [-Waddress]
  if (!xrecord_set_by_keys || !xrecord_name_info) {
                              ^
userinput.c: In function 'push_scr_ev':
userinput.c:1797:11: warning: variable 'trate' set but not used [-Wunused-but-set-variable]
    double trate;
           ^
userinput.c: In function 'check_xrecord_keys':
userinput.c:2693:17: warning: variable 'last_scr_ev' set but not used [-Wunused-but-set-variable]
   static double last_scr_ev = 0.0;
                 ^
userinput.c:2539:6: warning: variable 'link' set but not used [-Wunused-but-set-variable]
  int link, latency, netrate;
      ^
userinput.c:2535:30: warning: variable 'scroll_rep' set but not used [-Wunused-but-set-variable]
  int scr_cnt = 0, input = 0, scroll_rep;
                              ^
userinput.c: In function 'check_xrecord_mouse':
userinput.c:2785:16: warning: variable 'last_mouse_scroll' set but not used [-Wunused-but-set-variable]
  static double last_mouse_scroll = 0.0;
                ^
userinput.c: In function 'try_copyrect':
userinput.c:3181:6: warning: variable 'db' set but not used [-Wunused-but-set-variable]
  int db  = 0; \
      ^
userinput.c:3206:2: note: in expansion of macro 'DB_SET'
  DB_SET
  ^
userinput.c: In function 'check_fixscreen':
userinput.c:3620:17: warning: variable 'last' set but not used [-Wunused-but-set-variable]
   static double last = 0.0;
                 ^
userinput.c: In function 'ncache_pre_portions':
userinput.c:3842:7: warning: variable 'bs_h' set but not used [-Wunused-but-set-variable]
   int bs_h = cache_list[nidx].bs_h; 
       ^
userinput.c:3841:7: warning: variable 'bs_w' set but not used [-Wunused-but-set-variable]
   int bs_w = cache_list[nidx].bs_w; 
       ^
userinput.c: In function 'check_wireframe':
userinput.c:4418:16: warning: variable 'last_save_stacklist' set but not used [-Wunused-but-set-variable]
  static time_t last_save_stacklist = 0;
                ^
userinput.c: In function 'check_user_input3':
userinput.c:5375:7: warning: variable 'got_input' set but not used [-Wunused-but-set-variable]
   int got_input = 0;
       ^
userinput.c:5334:29: warning: variable 'to' set but not used [-Wunused-but-set-variable]
  double spin, spin_max, tm, to, dtm;
                             ^
userinput.c: In function 'check_user_input4':
userinput.c:5611:7: warning: variable 'got_input' set but not used [-Wunused-but-set-variable]
   int got_input = 0;
       ^
userinput.c:5499:13: warning: variable 'ssec' set but not used [-Wunused-but-set-variable]
  static int ssec = 0, total_calls = 0;
             ^
userinput.c:5486:32: warning: variable 'rpe_last' set but not used [-Wunused-but-set-variable]
  double spin, tm, to, tc, dtm, rpe_last;
                                ^
userinput.c: In function 'snapshot_cache_list':
userinput.c:5817:33: warning: variable 'last_free' set but not used [-Wunused-but-set-variable]
  static double last_snap = 0.0, last_free = 0.0;
                                 ^
userinput.c: In function 'bs_save':
userinput.c:7194:15: warning: variable 'h' set but not used [-Wunused-but-set-variable]
  int x, y, w, h;
               ^
userinput.c:7194:12: warning: variable 'w' set but not used [-Wunused-but-set-variable]
  int x, y, w, h;
            ^
userinput.c: In function 'su_save':
userinput.c:7300:15: warning: variable 'h' set but not used [-Wunused-but-set-variable]
  int x, y, w, h;
               ^
userinput.c:7300:12: warning: variable 'w' set but not used [-Wunused-but-set-variable]
  int x, y, w, h;
            ^
userinput.c: In function 'try_to_fix_resize_su':
userinput.c:7847:21: warning: variable 'bh1' set but not used [-Wunused-but-set-variable]
  int bx1, by1, bw1, bh1;
                     ^
userinput.c:7847:16: warning: variable 'bw1' set but not used [-Wunused-but-set-variable]
  int bx1, by1, bw1, bh1;
                ^
userinput.c:7847:11: warning: variable 'by1' set but not used [-Wunused-but-set-variable]
  int bx1, by1, bw1, bh1;
           ^
userinput.c:7847:6: warning: variable 'bx1' set but not used [-Wunused-but-set-variable]
  int bx1, by1, bw1, bh1;
      ^
userinput.c:7846:21: warning: variable 'sh1' set but not used [-Wunused-but-set-variable]
  int sx1, sy1, sw1, sh1, dx, dy;
                     ^
userinput.c:7846:16: warning: variable 'sw1' set but not used [-Wunused-but-set-variable]
  int sx1, sy1, sw1, sh1, dx, dy;
                ^
userinput.c: In function 'try_to_fix_su':
userinput.c:7981:6: warning: variable 'moved' set but not used [-Wunused-but-set-variable]
  int moved = 0;
      ^
userinput.c:7978:18: warning: variable 'h1' set but not used [-Wunused-but-set-variable]
  int x1, y1, w1, h1;
                  ^
userinput.c:7978:14: warning: variable 'w1' set but not used [-Wunused-but-set-variable]
  int x1, y1, w1, h1;
              ^
userinput.c:7977:18: warning: variable 'h0' set but not used [-Wunused-but-set-variable]
  int x0, y0, w0, h0;
                  ^
userinput.c:7977:14: warning: variable 'w0' set but not used [-Wunused-but-set-variable]
  int x0, y0, w0, h0;
              ^
userinput.c: In function 'try_to_synthesize_su':
userinput.c:8526:18: warning: variable 'h3' set but not used [-Wunused-but-set-variable]
  int x3, y3, w3, h3;
                  ^
userinput.c:8526:14: warning: variable 'w3' set but not used [-Wunused-but-set-variable]
  int x3, y3, w3, h3;
              ^
userinput.c:8524:18: warning: variable 'h1' set but not used [-Wunused-but-set-variable]
  int x1, y1, w1, h1;
                  ^
userinput.c:8524:14: warning: variable 'w1' set but not used [-Wunused-but-set-variable]
  int x1, y1, w1, h1;
              ^
userinput.c:8523:18: warning: variable 'h0' set but not used [-Wunused-but-set-variable]
  int x0, y0, w0, h0;
                  ^
userinput.c:8523:14: warning: variable 'w0' set but not used [-Wunused-but-set-variable]
  int x0, y0, w0, h0;
              ^
userinput.c: In function 'check_ncache':
userinput.c:8954:18: warning: variable 'ttot' set but not used [-Wunused-but-set-variable]
  int pixels = 0, ttot;
                  ^
if gcc -DHAVE_CONFIG_H -I. -I. -I..   -D_REENTRANT    -g -O2 -Wall -MT x11vnc-util.o -MD -MP -MF ".deps/x11vnc-util.Tpo" -c -o x11vnc-util.o `test -f 'util.c' || echo './'`util.c; \
then mv -f ".deps/x11vnc-util.Tpo" ".deps/x11vnc-util.Po"; else rm -f ".deps/x11vnc-util.Tpo"; exit 1; fi
util.c: In function 'do_allinput':
util.c:513:7: warning: variable 'usec0' set but not used [-Wunused-but-set-variable]
  long usec0;
       ^
if gcc -DHAVE_CONFIG_H -I. -I. -I..   -D_REENTRANT    -g -O2 -Wall -MT x11vnc-v4l.o -MD -MP -MF ".deps/x11vnc-v4l.Tpo" -c -o x11vnc-v4l.o `test -f 'v4l.c' || echo './'`v4l.c; \
then mv -f ".deps/x11vnc-v4l.Tpo" ".deps/x11vnc-v4l.Po"; else rm -f ".deps/x11vnc-v4l.Tpo"; exit 1; fi
v4l.c:134:12: warning: 'v4l1_val' defined but not used [-Wunused-function]
 static int v4l1_val(int pct) {
            ^
v4l.c:146:12: warning: 'v4l1_width' defined but not used [-Wunused-function]
 static int v4l1_width(int w) {
            ^
v4l.c:159:12: warning: 'v4l1_height' defined but not used [-Wunused-function]
 static int v4l1_height(int h) {
            ^
v4l.c:173:12: warning: 'v4l1_resize' defined but not used [-Wunused-function]
 static int v4l1_resize(int fd, int w, int h) {
            ^
v4l.c:214:13: warning: 'v4l1_setfreq' defined but not used [-Wunused-function]
 static void v4l1_setfreq(int fd, unsigned long freq, int verb) {
             ^
v4l.c:234:13: warning: 'v4l1_set_input' defined but not used [-Wunused-function]
 static void v4l1_set_input(int fd, int which) {
             ^
v4l.c:436:12: warning: 'v4l1_dpct' defined but not used [-Wunused-function]
 static int v4l1_dpct(int old, int d) {
            ^
v4l.c:750:14: warning: 'v4l1_lu_palette' defined but not used [-Wunused-function]
 static char *v4l1_lu_palette(unsigned short palette) {
              ^
v4l.c:802:14: warning: 'v4l2_lu_palette' defined but not used [-Wunused-function]
 static char *v4l2_lu_palette(unsigned int fmt) {
              ^
v4l.c:1067:12: warning: 'open_dev' defined but not used [-Wunused-function]
 static int open_dev(char *dev) {
            ^
v4l.c:1409:22: warning: 'lookup_freq' defined but not used [-Wunused-function]
 static unsigned long lookup_freq(int sta) {
                      ^
v4l.c:1422:12: warning: 'lookup_station' defined but not used [-Wunused-function]
 static int lookup_station(unsigned long freq) {
            ^
v4l.c:132:12: warning: 'last_channel' defined but not used [-Wunused-variable]
 static int last_channel = 0;
            ^
if gcc -DHAVE_CONFIG_H -I. -I. -I..   -D_REENTRANT    -g -O2 -Wall -MT x11vnc-win_utils.o -MD -MP -MF ".deps/x11vnc-win_utils.Tpo" -c -o x11vnc-win_utils.o `test -f 'win_utils.c' || echo './'`win_utils.c; \
then mv -f ".deps/x11vnc-win_utils.Tpo" ".deps/x11vnc-win_utils.Po"; else rm -f ".deps/x11vnc-win_utils.Tpo"; exit 1; fi
win_utils.c: In function 'snapshot_stack_list':
win_utils.c:207:33: warning: variable 'last_free' set but not used [-Wunused-but-set-variable]
  static double last_snap = 0.0, last_free = 0.0;
                                 ^
if gcc -DHAVE_CONFIG_H -I. -I. -I..   -D_REENTRANT    -g -O2 -Wall -MT x11vnc-x11vnc.o -MD -MP -MF ".deps/x11vnc-x11vnc.Tpo" -c -o x11vnc-x11vnc.o `test -f 'x11vnc.c' || echo './'`x11vnc.c; \
then mv -f ".deps/x11vnc-x11vnc.Tpo" ".deps/x11vnc-x11vnc.Po"; else rm -f ".deps/x11vnc-x11vnc.Tpo"; exit 1; fi
x11vnc.c: In function 'check_guess_auth_file':
x11vnc.c:1972:7: warning: variable 'n' set but not used [-Wunused-but-set-variable]
   int n;
       ^
x11vnc.c: In function 'main':
x11vnc.c:4653:8: warning: variable 'message' set but not used [-Wunused-but-set-variable]
   char message[] = "-rfbauth, -passwdfile, -passwd password, "
        ^
x11vnc.c:2073:6: warning: variable 'got_rfbport_force_auto' set but not used [-Wunused-but-set-variable]
  int got_rfbport_force_auto = 0;
      ^
if gcc -DHAVE_CONFIG_H -I. -I. -I..   -D_REENTRANT    -g -O2 -Wall -MT x11vnc-x11vnc_defs.o -MD -MP -MF ".deps/x11vnc-x11vnc_defs.Tpo" -c -o x11vnc-x11vnc_defs.o `test -f 'x11vnc_defs.c' || echo './'`x11vnc_defs.c; \
then mv -f ".deps/x11vnc-x11vnc_defs.Tpo" ".deps/x11vnc-x11vnc_defs.Po"; else rm -f ".deps/x11vnc-x11vnc_defs.Tpo"; exit 1; fi
if gcc -DHAVE_CONFIG_H -I. -I. -I..   -D_REENTRANT    -g -O2 -Wall -MT x11vnc-xdamage.o -MD -MP -MF ".deps/x11vnc-xdamage.Tpo" -c -o x11vnc-xdamage.o `test -f 'xdamage.c' || echo './'`xdamage.c; \
then mv -f ".deps/x11vnc-xdamage.Tpo" ".deps/x11vnc-xdamage.Po"; else rm -f ".deps/x11vnc-xdamage.Tpo"; exit 1; fi
xdamage.c: In function 'record_desired_xdamage_rect':
xdamage.c:92:6: warning: variable 'dt_x' set but not used [-Wunused-but-set-variable]
  int dt_x, dt_y, nt_x1, nt_y1, nt_x2, nt_y2, nt;
      ^
if gcc -DHAVE_CONFIG_H -I. -I. -I..   -D_REENTRANT    -g -O2 -Wall -MT x11vnc-xevents.o -MD -MP -MF ".deps/x11vnc-xevents.Tpo" -c -o x11vnc-xevents.o `test -f 'xevents.c' || echo './'`xevents.c; \
then mv -f ".deps/x11vnc-xevents.Tpo" ".deps/x11vnc-xevents.Po"; else rm -f ".deps/x11vnc-xevents.Tpo"; exit 1; fi
xevents.c: In function 'process_watch':
xevents.c:612:16: warning: variable 'last_bust' set but not used [-Wunused-but-set-variable]
  static time_t last_bust = 0;
                ^
xevents.c: In function 'check_autorepeat':
xevents.c:1141:7: warning: 'XKeycodeToKeysym' is deprecated [-Wdeprecated-declarations]
       str = XKeysymToString(XKeycodeToKeysym(dpy, i, 0));
       ^
In file included from x11vnc.h:73:0,
                 from xevents.c:35:
/usr/include/X11/Xlib.h:1687:15: note: declared here
 extern KeySym XKeycodeToKeysym(
               ^
if gcc -DHAVE_CONFIG_H -I. -I. -I..   -D_REENTRANT    -g -O2 -Wall -MT x11vnc-xinerama.o -MD -MP -MF ".deps/x11vnc-xinerama.Tpo" -c -o x11vnc-xinerama.o `test -f 'xinerama.c' || echo './'`xinerama.c; \
then mv -f ".deps/x11vnc-xinerama.Tpo" ".deps/x11vnc-xinerama.Po"; else rm -f ".deps/x11vnc-xinerama.Tpo"; exit 1; fi
if gcc -DHAVE_CONFIG_H -I. -I. -I..   -D_REENTRANT    -g -O2 -Wall -MT x11vnc-xkb_bell.o -MD -MP -MF ".deps/x11vnc-xkb_bell.Tpo" -c -o x11vnc-xkb_bell.o `test -f 'xkb_bell.c' || echo './'`xkb_bell.c; \
then mv -f ".deps/x11vnc-xkb_bell.Tpo" ".deps/x11vnc-xkb_bell.Po"; else rm -f ".deps/x11vnc-xkb_bell.Tpo"; exit 1; fi
if gcc -DHAVE_CONFIG_H -I. -I. -I..   -D_REENTRANT    -g -O2 -Wall -MT x11vnc-xrandr.o -MD -MP -MF ".deps/x11vnc-xrandr.Tpo" -c -o x11vnc-xrandr.o `test -f 'xrandr.c' || echo './'`xrandr.c; \
then mv -f ".deps/x11vnc-xrandr.Tpo" ".deps/x11vnc-xrandr.Po"; else rm -f ".deps/x11vnc-xrandr.Tpo"; exit 1; fi
if gcc -DHAVE_CONFIG_H -I. -I. -I..   -D_REENTRANT    -g -O2 -Wall -MT x11vnc-xrecord.o -MD -MP -MF ".deps/x11vnc-xrecord.Tpo" -c -o x11vnc-xrecord.o `test -f 'xrecord.c' || echo './'`xrecord.c; \
then mv -f ".deps/x11vnc-xrecord.Tpo" ".deps/x11vnc-xrecord.Po"; else rm -f ".deps/x11vnc-xrecord.Tpo"; exit 1; fi
if gcc -DHAVE_CONFIG_H -I. -I. -I..   -D_REENTRANT    -g -O2 -Wall -MT x11vnc-xwrappers.o -MD -MP -MF ".deps/x11vnc-xwrappers.Tpo" -c -o x11vnc-xwrappers.o `test -f 'xwrappers.c' || echo './'`xwrappers.c; \
then mv -f ".deps/x11vnc-xwrappers.Tpo" ".deps/x11vnc-xwrappers.Po"; else rm -f ".deps/x11vnc-xwrappers.Tpo"; exit 1; fi
xwrappers.c: In function 'upup_downdown_warning':
xwrappers.c:854:3: warning: 'XKeycodeToKeysym' is deprecated [-Wdeprecated-declarations]
   char *str = XKeysymToString(XKeycodeToKeysym(dpy, key, 0));
   ^
In file included from x11vnc.h:73:0,
                 from xwrappers.c:35:
/usr/include/X11/Xlib.h:1687:15: note: declared here
 extern KeySym XKeycodeToKeysym(
               ^
xwrappers.c: In function 'XTestFakeKeyEvent_wr':
xwrappers.c:910:3: warning: 'XKeycodeToKeysym' is deprecated [-Wdeprecated-declarations]
   char *str = XKeysymToString(XKeycodeToKeysym(dpy, key, 0));
   ^
In file included from x11vnc.h:73:0,
                 from xwrappers.c:35:
/usr/include/X11/Xlib.h:1687:15: note: declared here
 extern KeySym XKeycodeToKeysym(
               ^
gcc  -g -O2 -Wall   -o x11vnc  x11vnc-8to24.o x11vnc-appshare.o x11vnc-avahi.o x11vnc-cleanup.o x11vnc-connections.o x11vnc-cursor.o x11vnc-gui.o x11vnc-help.o x11vnc-inet.o x11vnc-keyboard.o x11vnc-linuxfb.o x11vnc-macosx.o x11vnc-macosxCG.o x11vnc-macosxCGP.o x11vnc-macosxCGS.o x11vnc-macosx_opengl.o x11vnc-options.o x11vnc-pm.o x11vnc-pointer.o x11vnc-rates.o x11vnc-remote.o x11vnc-scan.o x11vnc-screen.o x11vnc-selection.o x11vnc-solid.o x11vnc-sslcmds.o x11vnc-sslhelper.o x11vnc-uinput.o x11vnc-unixpw.o x11vnc-user.o x11vnc-userinput.o x11vnc-util.o x11vnc-v4l.o x11vnc-win_utils.o x11vnc-x11vnc.o x11vnc-x11vnc_defs.o x11vnc-xdamage.o x11vnc-xevents.o x11vnc-xinerama.o x11vnc-xkb_bell.o x11vnc-xrandr.o x11vnc-xrecord.o x11vnc-xwrappers.o ../libvncserver/libvncserver.a ../libvncclient/libvncclient.a  -lssl -lcrypto -lcrypt  -lXtst -lXtst -lXtst  -lXext -lXinerama -lXrandr -lXfixes -lXdamage -lX11  -lavahi-common -lavahi-client  -lnsl -lpthread -lz -ljpeg 
make[3]: Leaving directory '/tmp/x11vnc/src/x11vnc-0.9.13/x11vnc'
make[2]: Leaving directory '/tmp/x11vnc/src/x11vnc-0.9.13/x11vnc'
Making all in classes
make[2]: Entering directory '/tmp/x11vnc/src/x11vnc-0.9.13/classes'
Making all in ssl
make[3]: Entering directory '/tmp/x11vnc/src/x11vnc-0.9.13/classes/ssl'
make[3]: Nothing to be done for 'all'.
make[3]: Leaving directory '/tmp/x11vnc/src/x11vnc-0.9.13/classes/ssl'
make[3]: Entering directory '/tmp/x11vnc/src/x11vnc-0.9.13/classes'
make[3]: Nothing to be done for 'all-am'.
make[3]: Leaving directory '/tmp/x11vnc/src/x11vnc-0.9.13/classes'
make[2]: Leaving directory '/tmp/x11vnc/src/x11vnc-0.9.13/classes'
make[2]: Entering directory '/tmp/x11vnc/src/x11vnc-0.9.13'
make[2]: Leaving directory '/tmp/x11vnc/src/x11vnc-0.9.13'
make[1]: Leaving directory '/tmp/x11vnc/src/x11vnc-0.9.13'
==> Entering fakeroot environment...
==> Starting package()...
Making install in libvncserver
make[1]: Entering directory '/tmp/x11vnc/src/x11vnc-0.9.13/libvncserver'
make[2]: Entering directory '/tmp/x11vnc/src/x11vnc-0.9.13/libvncserver'
make[2]: Nothing to be done for 'install-exec-am'.
make[2]: Nothing to be done for 'install-data-am'.
make[2]: Leaving directory '/tmp/x11vnc/src/x11vnc-0.9.13/libvncserver'
make[1]: Leaving directory '/tmp/x11vnc/src/x11vnc-0.9.13/libvncserver'
Making install in libvncclient
make[1]: Entering directory '/tmp/x11vnc/src/x11vnc-0.9.13/libvncclient'
make[2]: Entering directory '/tmp/x11vnc/src/x11vnc-0.9.13/libvncclient'
make[2]: Nothing to be done for 'install-exec-am'.
make[2]: Nothing to be done for 'install-data-am'.
make[2]: Leaving directory '/tmp/x11vnc/src/x11vnc-0.9.13/libvncclient'
make[1]: Leaving directory '/tmp/x11vnc/src/x11vnc-0.9.13/libvncclient'
Making install in x11vnc
make[1]: Entering directory '/tmp/x11vnc/src/x11vnc-0.9.13/x11vnc'
Making install in misc
make[2]: Entering directory '/tmp/x11vnc/src/x11vnc-0.9.13/x11vnc/misc'
Making install in turbovnc
make[3]: Entering directory '/tmp/x11vnc/src/x11vnc-0.9.13/x11vnc/misc/turbovnc'
make[4]: Entering directory '/tmp/x11vnc/src/x11vnc-0.9.13/x11vnc/misc/turbovnc'
make[4]: Nothing to be done for 'install-exec-am'.
make[4]: Nothing to be done for 'install-data-am'.
make[4]: Leaving directory '/tmp/x11vnc/src/x11vnc-0.9.13/x11vnc/misc/turbovnc'
make[3]: Leaving directory '/tmp/x11vnc/src/x11vnc-0.9.13/x11vnc/misc/turbovnc'
make[3]: Entering directory '/tmp/x11vnc/src/x11vnc-0.9.13/x11vnc/misc'
make[4]: Entering directory '/tmp/x11vnc/src/x11vnc-0.9.13/x11vnc/misc'
make[4]: Nothing to be done for 'install-exec-am'.
make[4]: Nothing to be done for 'install-data-am'.
make[4]: Leaving directory '/tmp/x11vnc/src/x11vnc-0.9.13/x11vnc/misc'
make[3]: Leaving directory '/tmp/x11vnc/src/x11vnc-0.9.13/x11vnc/misc'
make[2]: Leaving directory '/tmp/x11vnc/src/x11vnc-0.9.13/x11vnc/misc'
make[2]: Entering directory '/tmp/x11vnc/src/x11vnc-0.9.13/x11vnc'
make[3]: Entering directory '/tmp/x11vnc/src/x11vnc-0.9.13/x11vnc'
test -z "/usr/bin" || mkdir -p -- "/tmp/x11vnc/pkg/x11vnc/usr/bin"
  /usr/bin/install -c 'x11vnc' '/tmp/x11vnc/pkg/x11vnc/usr/bin/x11vnc'
test -z "/usr/share/applications" || mkdir -p -- "/tmp/x11vnc/pkg/x11vnc/usr/share/applications"
 /usr/bin/install -c -m 644 'x11vnc.desktop' '/tmp/x11vnc/pkg/x11vnc/usr/share/applications/x11vnc.desktop'
test -z "/usr/share/man/man1" || mkdir -p -- "/tmp/x11vnc/pkg/x11vnc/usr/share/man/man1"
 /usr/bin/install -c -m 644 './x11vnc.1' '/tmp/x11vnc/pkg/x11vnc/usr/share/man/man1/x11vnc.1'
make[3]: Leaving directory '/tmp/x11vnc/src/x11vnc-0.9.13/x11vnc'
make[2]: Leaving directory '/tmp/x11vnc/src/x11vnc-0.9.13/x11vnc'
make[1]: Leaving directory '/tmp/x11vnc/src/x11vnc-0.9.13/x11vnc'
Making install in classes
make[1]: Entering directory '/tmp/x11vnc/src/x11vnc-0.9.13/classes'
Making install in ssl
make[2]: Entering directory '/tmp/x11vnc/src/x11vnc-0.9.13/classes/ssl'
make[3]: Entering directory '/tmp/x11vnc/src/x11vnc-0.9.13/classes/ssl'
make[3]: Nothing to be done for 'install-exec-am'.
test -z "/usr/share/x11vnc/classes/ssl" || mkdir -p -- "/tmp/x11vnc/pkg/x11vnc/usr/share/x11vnc/classes/ssl"
 /usr/bin/install -c -m 644 'VncViewer.jar' '/tmp/x11vnc/pkg/x11vnc/usr/share/x11vnc/classes/ssl/VncViewer.jar'
 /usr/bin/install -c -m 644 'index.vnc' '/tmp/x11vnc/pkg/x11vnc/usr/share/x11vnc/classes/ssl/index.vnc'
 /usr/bin/install -c -m 644 'SignedVncViewer.jar' '/tmp/x11vnc/pkg/x11vnc/usr/share/x11vnc/classes/ssl/SignedVncViewer.jar'
 /usr/bin/install -c -m 644 'proxy.vnc' '/tmp/x11vnc/pkg/x11vnc/usr/share/x11vnc/classes/ssl/proxy.vnc'
 /usr/bin/install -c -m 644 'README' '/tmp/x11vnc/pkg/x11vnc/usr/share/x11vnc/classes/ssl/README'
 /usr/bin/install -c -m 644 'UltraViewerSSL.jar' '/tmp/x11vnc/pkg/x11vnc/usr/share/x11vnc/classes/ssl/UltraViewerSSL.jar'
 /usr/bin/install -c -m 644 'SignedUltraViewerSSL.jar' '/tmp/x11vnc/pkg/x11vnc/usr/share/x11vnc/classes/ssl/SignedUltraViewerSSL.jar'
 /usr/bin/install -c -m 644 'ultra.vnc' '/tmp/x11vnc/pkg/x11vnc/usr/share/x11vnc/classes/ssl/ultra.vnc'
 /usr/bin/install -c -m 644 'ultrasigned.vnc' '/tmp/x11vnc/pkg/x11vnc/usr/share/x11vnc/classes/ssl/ultrasigned.vnc'
test -z "/usr/share/x11vnc/classes/ssl" || mkdir -p -- "/tmp/x11vnc/pkg/x11vnc/usr/share/x11vnc/classes/ssl"
 /usr/bin/install -c 'ss_vncviewer' '/tmp/x11vnc/pkg/x11vnc/usr/share/x11vnc/classes/ssl/ss_vncviewer'
make[3]: Leaving directory '/tmp/x11vnc/src/x11vnc-0.9.13/classes/ssl'
make[2]: Leaving directory '/tmp/x11vnc/src/x11vnc-0.9.13/classes/ssl'
make[2]: Entering directory '/tmp/x11vnc/src/x11vnc-0.9.13/classes'
make[3]: Entering directory '/tmp/x11vnc/src/x11vnc-0.9.13/classes'
make[3]: Nothing to be done for 'install-exec-am'.
test -z "/usr/share/x11vnc/classes" || mkdir -p -- "/tmp/x11vnc/pkg/x11vnc/usr/share/x11vnc/classes"
 /usr/bin/install -c -m 644 'VncViewer.jar' '/tmp/x11vnc/pkg/x11vnc/usr/share/x11vnc/classes/VncViewer.jar'
 /usr/bin/install -c -m 644 'index.vnc' '/tmp/x11vnc/pkg/x11vnc/usr/share/x11vnc/classes/index.vnc'
make[3]: Leaving directory '/tmp/x11vnc/src/x11vnc-0.9.13/classes'
make[2]: Leaving directory '/tmp/x11vnc/src/x11vnc-0.9.13/classes'
make[1]: Leaving directory '/tmp/x11vnc/src/x11vnc-0.9.13/classes'
make[1]: Entering directory '/tmp/x11vnc/src/x11vnc-0.9.13'
make[2]: Entering directory '/tmp/x11vnc/src/x11vnc-0.9.13'
make[2]: Nothing to be done for 'install-exec-am'.
test -z "/usr/include/rfb" || mkdir -p -- "/tmp/x11vnc/pkg/x11vnc/usr/include/rfb"
 /usr/bin/install -c -m 644 'rfb/rfb.h' '/tmp/x11vnc/pkg/x11vnc/usr/include/rfb/rfb.h'
 /usr/bin/install -c -m 644 'rfb/rfbconfig.h' '/tmp/x11vnc/pkg/x11vnc/usr/include/rfb/rfbconfig.h'
 /usr/bin/install -c -m 644 'rfb/rfbint.h' '/tmp/x11vnc/pkg/x11vnc/usr/include/rfb/rfbint.h'
 /usr/bin/install -c -m 644 'rfb/rfbproto.h' '/tmp/x11vnc/pkg/x11vnc/usr/include/rfb/rfbproto.h'
 /usr/bin/install -c -m 644 'rfb/keysym.h' '/tmp/x11vnc/pkg/x11vnc/usr/include/rfb/keysym.h'
 /usr/bin/install -c -m 644 'rfb/rfbregion.h' '/tmp/x11vnc/pkg/x11vnc/usr/include/rfb/rfbregion.h'
 /usr/bin/install -c -m 644 'rfb/rfbclient.h' '/tmp/x11vnc/pkg/x11vnc/usr/include/rfb/rfbclient.h'
make[2]: Leaving directory '/tmp/x11vnc/src/x11vnc-0.9.13'
make[1]: Leaving directory '/tmp/x11vnc/src/x11vnc-0.9.13'
==> Tidying install...
  -> Removing doc files...
  -> Purging unwanted files...
==> Creating package "x11vnc"...
  -> Generating .PKGINFO file...
  -> Generating .MTREE file...
  -> Compressing package...
==> Leaving fakeroot environment.
==> Finished making: x11vnc 0.9.13-6 (Sat Nov 14 07:09:00 UTC 2015)
===> Printing config.logs
found log at /tmp/x11vnc/src/x11vnc-0.9.13/config.log
____
File /tmp/x11vnc/src/x11vnc-0.9.13/config.log
This file contains any messages produced by compilers while
running configure, to aid debugging if configure makes a mistake.

It was created by x11vnc configure 0.9.13, which was
generated by GNU Autoconf 2.59.  Invocation command line was

  $ ./configure --host x86_64-unknown-linux --prefix=/usr --mandir=/usr/share/man

## --------- ##
## Platform. ##
## --------- ##

hostname = 65987e2efc6f
uname -m = x86_64
uname -r = 3.13.0-66-generic
uname -s = Linux
uname -v = #108-Ubuntu SMP Wed Oct 7 15:20:27 UTC 2015

/usr/bin/uname -p = unknown
/bin/uname -X     = unknown

/bin/arch              = unknown
/usr/bin/arch -k       = unknown
/usr/convex/getsysinfo = unknown
hostinfo               = unknown
/bin/machine           = unknown
/usr/bin/oslevel       = unknown
/bin/universe          = unknown

PATH: /usr/local/sbin
PATH: /usr/local/bin
PATH: /usr/bin
PATH: /usr/bin/site_perl
PATH: /usr/bin/vendor_perl
PATH: /usr/bin/core_perl


## ----------- ##
## Core tests. ##
## ----------- ##

configure:1402: checking for a BSD-compatible install
configure:1457: result: /usr/bin/install -c
configure:1468: checking whether build environment is sane
configure:1511: result: yes
configure:1576: checking for gawk
configure:1592: found /usr/bin/gawk
configure:1602: result: gawk
configure:1612: checking whether make sets $(MAKE)
configure:1632: result: yes
configure:1708: checking for x86_64-unknown-linux-strip
configure:1737: result: no
configure:1746: checking for strip
configure:1762: found /usr/bin/strip
configure:1773: result: strip
configure:1817: checking for x86_64-unknown-linux-gcc
configure:1846: result: no
configure:1855: checking for gcc
configure:1871: found /usr/bin/gcc
configure:1881: result: gcc
configure:2125: checking for C compiler version
configure:2128: gcc --version </dev/null >&5
gcc (GCC) 5.2.0
Copyright (C) 2015 Free Software Foundation, Inc.
This is free software; see the source for copying conditions.  There is NO
warranty; not even for MERCHANTABILITY or FITNESS FOR A PARTICULAR PURPOSE.

configure:2131: $? = 0
configure:2133: gcc -v </dev/null >&5
Using built-in specs.
COLLECT_GCC=gcc
COLLECT_LTO_WRAPPER=/usr/lib/gcc/x86_64-unknown-linux-gnu/5.2.0/lto-wrapper
Target: x86_64-unknown-linux-gnu
Configured with: /build/gcc/src/gcc-5.2.0/configure --prefix=/usr --libdir=/usr/lib --libexecdir=/usr/lib --mandir=/usr/share/man --infodir=/usr/share/info --with-bugurl=https://bugs.archlinux.org/ --enable-languages=c,c++,ada,fortran,go,lto,objc,obj-c++ --enable-shared --enable-threads=posix --enable-libmpx --with-system-zlib --with-isl --enable-__cxa_atexit --disable-libunwind-exceptions --enable-clocale=gnu --disable-libstdcxx-pch --disable-libssp --enable-gnu-unique-object --enable-linker-build-id --enable-lto --enable-plugin --enable-install-libiberty --with-linker-hash-style=gnu --enable-gnu-indirect-function --disable-multilib --disable-werror --enable-checking=release --with-default-libstdcxx-abi=gcc4-compatible
Thread model: posix
gcc version 5.2.0 (GCC) 
configure:2136: $? = 0
configure:2138: gcc -V </dev/null >&5
gcc: error: unrecognized command line option '-V'
gcc: fatal error: no input files
compilation terminated.
configure:2141: $? = 1
configure:2164: checking for C compiler default output file name
configure:2167: gcc    conftest.c  >&5
configure:2170: $? = 0
configure:2216: result: a.out
configure:2221: checking whether the C compiler works
configure:2227: ./a.out
configure:2230: $? = 0
configure:2247: result: yes
configure:2254: checking whether we are cross compiling
configure:2256: result: no
configure:2259: checking for suffix of executables
configure:2261: gcc -o conftest    conftest.c  >&5
configure:2264: $? = 0
configure:2289: result: 
configure:2295: checking for suffix of object files
configure:2316: gcc -c   conftest.c >&5
configure:2319: $? = 0
configure:2341: result: o
configure:2345: checking whether we are using the GNU C compiler
configure:2369: gcc -c   conftest.c >&5
configure:2375: $? = 0
configure:2379: test -z 
			 || test ! -s conftest.err
configure:2382: $? = 0
configure:2385: test -s conftest.o
configure:2388: $? = 0
configure:2401: result: yes
configure:2407: checking whether gcc accepts -g
configure:2428: gcc -c -g  conftest.c >&5
configure:2434: $? = 0
configure:2438: test -z 
			 || test ! -s conftest.err
configure:2441: $? = 0
configure:2444: test -s conftest.o
configure:2447: $? = 0
configure:2458: result: yes
configure:2475: checking for gcc option to accept ANSI C
configure:2545: gcc  -c -g -O2  conftest.c >&5
configure:2551: $? = 0
configure:2555: test -z 
			 || test ! -s conftest.err
configure:2558: $? = 0
configure:2561: test -s conftest.o
configure:2564: $? = 0
configure:2582: result: none needed
configure:2600: gcc -c -g -O2  conftest.c >&5
conftest.c:2:3: error: unknown type name 'choke'
   choke me
   ^
conftest.c:2:3: error: expected '=', ',', ';', 'asm' or '__attribute__' at end of input
configure:2606: $? = 1
configure: failed program was:
| #ifndef __cplusplus
|   choke me
| #endif
configure:2750: checking for style of include used by make
configure:2778: result: GNU
configure:2806: checking dependency style of gcc
configure:2896: result: gcc3
configure:2914: checking whether gcc and cc understand -c and -o together
configure:2944: gcc -c conftest.c -o conftest.o >&5
configure:2947: $? = 0
configure:2949: gcc -c conftest.c -o conftest.o >&5
configure:2952: $? = 0
configure:2959: cc -c conftest.c >&5
configure:2962: $? = 0
configure:2965: cc -c conftest.c -o conftest.o >&5
configure:2968: $? = 0
configure:2970: cc -c conftest.c -o conftest.o >&5
configure:2973: $? = 0
configure:2991: result: yes
configure:3022: checking whether make sets $(MAKE)
configure:3042: result: yes
configure:3054: checking for x86_64-unknown-linux-ranlib
configure:3083: result: no
configure:3092: checking for ranlib
configure:3108: found /usr/bin/ranlib
configure:3119: result: ranlib
configure:3133: checking for ar
configure:3152: found /usr/bin/ar
configure:3165: result: /usr/bin/ar
configure:3312: checking how to run the C preprocessor
configure:3347: gcc -E  conftest.c
configure:3353: $? = 0
configure:3385: gcc -E  conftest.c
conftest.c:12:28: fatal error: ac_nonexistent.h: No such file or directory
compilation terminated.
configure:3391: $? = 1
configure: failed program was:
| /* confdefs.h.  */
| 
| #define PACKAGE_NAME "x11vnc"
| #define PACKAGE_TARNAME "x11vnc"
| #define PACKAGE_VERSION "0.9.13"
| #define PACKAGE_STRING "x11vnc 0.9.13"
| #define PACKAGE_BUGREPORT "http://sourceforge.net/projects/libvncserver"
| #define PACKAGE "x11vnc"
| #define VERSION "0.9.13"
| #define ALLOW24BPP 1
| /* end confdefs.h.  */
| #include <ac_nonexistent.h>
configure:3430: result: gcc -E
configure:3454: gcc -E  conftest.c
configure:3460: $? = 0
configure:3492: gcc -E  conftest.c
conftest.c:12:28: fatal error: ac_nonexistent.h: No such file or directory
compilation terminated.
configure:3498: $? = 1
configure: failed program was:
| /* confdefs.h.  */
| 
| #define PACKAGE_NAME "x11vnc"
| #define PACKAGE_TARNAME "x11vnc"
| #define PACKAGE_VERSION "0.9.13"
| #define PACKAGE_STRING "x11vnc 0.9.13"
| #define PACKAGE_BUGREPORT "http://sourceforge.net/projects/libvncserver"
| #define PACKAGE "x11vnc"
| #define VERSION "0.9.13"
| #define ALLOW24BPP 1
| /* end confdefs.h.  */
| #include <ac_nonexistent.h>
configure:3542: checking for egrep
configure:3552: result: grep -E
configure:3557: checking for ANSI C header files
configure:3582: gcc -c -g -O2 -Wall  conftest.c >&5
configure:3588: $? = 0
configure:3592: test -z 
			 || test ! -s conftest.err
configure:3595: $? = 0
configure:3598: test -s conftest.o
configure:3601: $? = 0
configure:3690: gcc -o conftest -g -O2 -Wall   conftest.c  >&5
conftest.c: In function 'main':
conftest.c:29:7: warning: implicit declaration of function 'exit' [-Wimplicit-function-declaration]
       exit(2);
       ^
conftest.c:29:7: warning: incompatible implicit declaration of built-in function 'exit'
conftest.c:29:7: note: include '<stdlib.h>' or provide a declaration of 'exit'
conftest.c:30:3: warning: incompatible implicit declaration of built-in function 'exit'
   exit (0);
   ^
conftest.c:30:3: note: include '<stdlib.h>' or provide a declaration of 'exit'
configure:3693: $? = 0
configure:3695: ./conftest
configure:3698: $? = 0
configure:3713: result: yes
configure:3737: checking for sys/types.h
configure:3753: gcc -c -g -O2 -Wall  conftest.c >&5
configure:3759: $? = 0
configure:3763: test -z 
			 || test ! -s conftest.err
configure:3766: $? = 0
configure:3769: test -s conftest.o
configure:3772: $? = 0
configure:3783: result: yes
configure:3737: checking for sys/stat.h
configure:3753: gcc -c -g -O2 -Wall  conftest.c >&5
configure:3759: $? = 0
configure:3763: test -z 
			 || test ! -s conftest.err
configure:3766: $? = 0
configure:3769: test -s conftest.o
configure:3772: $? = 0
configure:3783: result: yes
configure:3737: checking for stdlib.h
configure:3753: gcc -c -g -O2 -Wall  conftest.c >&5
configure:3759: $? = 0
configure:3763: test -z 
			 || test ! -s conftest.err
configure:3766: $? = 0
configure:3769: test -s conftest.o
configure:3772: $? = 0
configure:3783: result: yes
configure:3737: checking for string.h
configure:3753: gcc -c -g -O2 -Wall  conftest.c >&5
configure:3759: $? = 0
configure:3763: test -z 
			 || test ! -s conftest.err
configure:3766: $? = 0
configure:3769: test -s conftest.o
configure:3772: $? = 0
configure:3783: result: yes
configure:3737: checking for memory.h
configure:3753: gcc -c -g -O2 -Wall  conftest.c >&5
configure:3759: $? = 0
configure:3763: test -z 
			 || test ! -s conftest.err
configure:3766: $? = 0
configure:3769: test -s conftest.o
configure:3772: $? = 0
configure:3783: result: yes
configure:3737: checking for strings.h
configure:3753: gcc -c -g -O2 -Wall  conftest.c >&5
configure:3759: $? = 0
configure:3763: test -z 
			 || test ! -s conftest.err
configure:3766: $? = 0
configure:3769: test -s conftest.o
configure:3772: $? = 0
configure:3783: result: yes
configure:3737: checking for inttypes.h
configure:3753: gcc -c -g -O2 -Wall  conftest.c >&5
configure:3759: $? = 0
configure:3763: test -z 
			 || test ! -s conftest.err
configure:3766: $? = 0
configure:3769: test -s conftest.o
configure:3772: $? = 0
configure:3783: result: yes
configure:3737: checking for stdint.h
configure:3753: gcc -c -g -O2 -Wall  conftest.c >&5
configure:3759: $? = 0
configure:3763: test -z 
			 || test ! -s conftest.err
configure:3766: $? = 0
configure:3769: test -s conftest.o
configure:3772: $? = 0
configure:3783: result: yes
configure:3737: checking for unistd.h
configure:3753: gcc -c -g -O2 -Wall  conftest.c >&5
configure:3759: $? = 0
configure:3763: test -z 
			 || test ! -s conftest.err
configure:3766: $? = 0
configure:3769: test -s conftest.o
configure:3772: $? = 0
configure:3783: result: yes
configure:3805: checking thenonexistentheader.h usability
configure:3817: gcc -c -g -O2 -Wall  conftest.c >&5
conftest.c:56:34: fatal error: thenonexistentheader.h: No such file or directory
compilation terminated.
configure:3823: $? = 1
configure: failed program was:
| /* confdefs.h.  */
| 
| #define PACKAGE_NAME "x11vnc"
| #define PACKAGE_TARNAME "x11vnc"
| #define PACKAGE_VERSION "0.9.13"
| #define PACKAGE_STRING "x11vnc 0.9.13"
| #define PACKAGE_BUGREPORT "http://sourceforge.net/projects/libvncserver"
| #define PACKAGE "x11vnc"
| #define VERSION "0.9.13"
| #define ALLOW24BPP 1
| #define STDC_HEADERS 1
| #define HAVE_SYS_TYPES_H 1
| #define HAVE_SYS_STAT_H 1
| #define HAVE_STDLIB_H 1
| #define HAVE_STRING_H 1
| #define HAVE_MEMORY_H 1
| #define HAVE_STRINGS_H 1
| #define HAVE_INTTYPES_H 1
| #define HAVE_STDINT_H 1
| #define HAVE_UNISTD_H 1
| /* end confdefs.h.  */
| #include <stdio.h>
| #if HAVE_SYS_TYPES_H
| # include <sys/types.h>
| #endif
| #if HAVE_SYS_STAT_H
| # include <sys/stat.h>
| #endif
| #if STDC_HEADERS
| # include <stdlib.h>
| # include <stddef.h>
| #else
| # if HAVE_STDLIB_H
| #  include <stdlib.h>
| # endif
| #endif
| #if HAVE_STRING_H
| # if !STDC_HEADERS && HAVE_MEMORY_H
| #  include <memory.h>
| # endif
| # include <string.h>
| #endif
| #if HAVE_STRINGS_H
| # include <strings.h>
| #endif
| #if HAVE_INTTYPES_H
| # include <inttypes.h>
| #else
| # if HAVE_STDINT_H
| #  include <stdint.h>
| # endif
| #endif
| #if HAVE_UNISTD_H
| # include <unistd.h>
| #endif
| #include <thenonexistentheader.h>
configure:3846: result: no
configure:3850: checking thenonexistentheader.h presence
configure:3860: gcc -E  conftest.c
conftest.c:22:34: fatal error: thenonexistentheader.h: No such file or directory
compilation terminated.
configure:3866: $? = 1
configure: failed program was:
| /* confdefs.h.  */
| 
| #define PACKAGE_NAME "x11vnc"
| #define PACKAGE_TARNAME "x11vnc"
| #define PACKAGE_VERSION "0.9.13"
| #define PACKAGE_STRING "x11vnc 0.9.13"
| #define PACKAGE_BUGREPORT "http://sourceforge.net/projects/libvncserver"
| #define PACKAGE "x11vnc"
| #define VERSION "0.9.13"
| #define ALLOW24BPP 1
| #define STDC_HEADERS 1
| #define HAVE_SYS_TYPES_H 1
| #define HAVE_SYS_STAT_H 1
| #define HAVE_STDLIB_H 1
| #define HAVE_STRING_H 1
| #define HAVE_MEMORY_H 1
| #define HAVE_STRINGS_H 1
| #define HAVE_INTTYPES_H 1
| #define HAVE_STDINT_H 1
| #define HAVE_UNISTD_H 1
| /* end confdefs.h.  */
| #include <thenonexistentheader.h>
configure:3886: result: no
configure:3921: checking for thenonexistentheader.h
configure:3928: result: no
configure:3940: checking for X
configure:4045: gcc -E  conftest.c
conftest.c:22:27: fatal error: X11/Intrinsic.h: No such file or directory
compilation terminated.
configure:4051: $? = 1
configure: failed program was:
| /* confdefs.h.  */
| 
| #define PACKAGE_NAME "x11vnc"
| #define PACKAGE_TARNAME "x11vnc"
| #define PACKAGE_VERSION "0.9.13"
| #define PACKAGE_STRING "x11vnc 0.9.13"
| #define PACKAGE_BUGREPORT "http://sourceforge.net/projects/libvncserver"
| #define PACKAGE "x11vnc"
| #define VERSION "0.9.13"
| #define ALLOW24BPP 1
| #define STDC_HEADERS 1
| #define HAVE_SYS_TYPES_H 1
| #define HAVE_SYS_STAT_H 1
| #define HAVE_STDLIB_H 1
| #define HAVE_STRING_H 1
| #define HAVE_MEMORY_H 1
| #define HAVE_STRINGS_H 1
| #define HAVE_INTTYPES_H 1
| #define HAVE_STDINT_H 1
| #define HAVE_UNISTD_H 1
| /* end confdefs.h.  */
| #include <X11/Intrinsic.h>
configure:4101: gcc -o conftest -g -O2 -Wall   conftest.c -lXt  >&5
conftest.c:22:27: fatal error: X11/Intrinsic.h: No such file or directory
compilation terminated.
configure:4107: $? = 1
configure: failed program was:
| /* confdefs.h.  */
| 
| #define PACKAGE_NAME "x11vnc"
| #define PACKAGE_TARNAME "x11vnc"
| #define PACKAGE_VERSION "0.9.13"
| #define PACKAGE_STRING "x11vnc 0.9.13"
| #define PACKAGE_BUGREPORT "http://sourceforge.net/projects/libvncserver"
| #define PACKAGE "x11vnc"
| #define VERSION "0.9.13"
| #define ALLOW24BPP 1
| #define STDC_HEADERS 1
| #define HAVE_SYS_TYPES_H 1
| #define HAVE_SYS_STAT_H 1
| #define HAVE_STDLIB_H 1
| #define HAVE_STRING_H 1
| #define HAVE_MEMORY_H 1
| #define HAVE_STRINGS_H 1
| #define HAVE_INTTYPES_H 1
| #define HAVE_STDINT_H 1
| #define HAVE_UNISTD_H 1
| /* end confdefs.h.  */
| #include <X11/Intrinsic.h>
| int
| main ()
| {
| XtMalloc (0)
|   ;
|   return 0;
| }
configure:4160: result: no
configure:5484: checking for XGetImage in -lX11
configure:5514: gcc -o conftest -g -O2 -Wall   conftest.c -lX11   -lX11   >&5
configure:5520: $? = 0
configure:5524: test -z 
			 || test ! -s conftest.err
configure:5527: $? = 0
configure:5530: test -s conftest
configure:5533: $? = 0
configure:5546: result: yes
configure:5562: checking for XShmGetImage in -lXext
configure:5592: gcc -o conftest -g -O2 -Wall   conftest.c -lXext   -lXext -lX11   >&5
configure:5598: $? = 0
configure:5602: test -z 
			 || test ! -s conftest.err
configure:5605: $? = 0
configure:5608: test -s conftest
configure:5611: $? = 0
configure:5624: result: yes
configure:5634: checking for XReadScreen in -lXext
configure:5664: gcc -o conftest -g -O2 -Wall   conftest.c -lXext   -lXext -lX11   >&5
/tmp/ccC0ElVN.o: In function `main':
/tmp/x11vnc/src/x11vnc-0.9.13/conftest.c:36: undefined reference to `XReadScreen'
collect2: error: ld returned 1 exit status
configure:5670: $? = 1
configure: failed program was:
| /* confdefs.h.  */
| 
| #define PACKAGE_NAME "x11vnc"
| #define PACKAGE_TARNAME "x11vnc"
| #define PACKAGE_VERSION "0.9.13"
| #define PACKAGE_STRING "x11vnc 0.9.13"
| #define PACKAGE_BUGREPORT "http://sourceforge.net/projects/libvncserver"
| #define PACKAGE "x11vnc"
| #define VERSION "0.9.13"
| #define ALLOW24BPP 1
| #define STDC_HEADERS 1
| #define HAVE_SYS_TYPES_H 1
| #define HAVE_SYS_STAT_H 1
| #define HAVE_STDLIB_H 1
| #define HAVE_STRING_H 1
| #define HAVE_MEMORY_H 1
| #define HAVE_STRINGS_H 1
| #define HAVE_INTTYPES_H 1
| #define HAVE_STDINT_H 1
| #define HAVE_UNISTD_H 1
| #define X_DISPLAY_MISSING 1
| #define HAVE_X11 1
| #define HAVE_XSHM 1
| /* end confdefs.h.  */
| 
| /* Override any gcc2 internal prototype to avoid an error.  */
| #ifdef __cplusplus
| extern "C"
| #endif
| /* We use char because int might match the return type of a gcc2
|    builtin and then its argument prototype would still apply.  */
| char XReadScreen ();
| int
| main ()
| {
| XReadScreen ();
|   ;
|   return 0;
| }
configure:5696: result: no
configure:5706: checking for X11/extensions/readdisplay.h
configure:5722: gcc -c -g -O2 -Wall  conftest.c >&5
conftest.c:27:40: fatal error: X11/extensions/readdisplay.h: No such file or directory
compilation terminated.
configure:5728: $? = 1
configure: failed program was:
| /* confdefs.h.  */
| 
| #define PACKAGE_NAME "x11vnc"
| #define PACKAGE_TARNAME "x11vnc"
| #define PACKAGE_VERSION "0.9.13"
| #define PACKAGE_STRING "x11vnc 0.9.13"
| #define PACKAGE_BUGREPORT "http://sourceforge.net/projects/libvncserver"
| #define PACKAGE "x11vnc"
| #define VERSION "0.9.13"
| #define ALLOW24BPP 1
| #define STDC_HEADERS 1
| #define HAVE_SYS_TYPES_H 1
| #define HAVE_SYS_STAT_H 1
| #define HAVE_STDLIB_H 1
| #define HAVE_STRING_H 1
| #define HAVE_MEMORY_H 1
| #define HAVE_STRINGS_H 1
| #define HAVE_INTTYPES_H 1
| #define HAVE_STDINT_H 1
| #define HAVE_UNISTD_H 1
| #define X_DISPLAY_MISSING 1
| #define HAVE_X11 1
| #define HAVE_XSHM 1
| /* end confdefs.h.  */
| #include <X11/Xlib.h>
| 
| #include <X11/extensions/readdisplay.h>
configure:5752: result: no
configure:5764: checking for FBPMForceLevel in -lXext
configure:5794: gcc -o conftest -g -O2 -Wall   conftest.c -lXext   -lXext -lX11   >&5
/tmp/ccipoAil.o: In function `main':
/tmp/x11vnc/src/x11vnc-0.9.13/conftest.c:36: undefined reference to `FBPMForceLevel'
collect2: error: ld returned 1 exit status
configure:5800: $? = 1
configure: failed program was:
| /* confdefs.h.  */
| 
| #define PACKAGE_NAME "x11vnc"
| #define PACKAGE_TARNAME "x11vnc"
| #define PACKAGE_VERSION "0.9.13"
| #define PACKAGE_STRING "x11vnc 0.9.13"
| #define PACKAGE_BUGREPORT "http://sourceforge.net/projects/libvncserver"
| #define PACKAGE "x11vnc"
| #define VERSION "0.9.13"
| #define ALLOW24BPP 1
| #define STDC_HEADERS 1
| #define HAVE_SYS_TYPES_H 1
| #define HAVE_SYS_STAT_H 1
| #define HAVE_STDLIB_H 1
| #define HAVE_STRING_H 1
| #define HAVE_MEMORY_H 1
| #define HAVE_STRINGS_H 1
| #define HAVE_INTTYPES_H 1
| #define HAVE_STDINT_H 1
| #define HAVE_UNISTD_H 1
| #define X_DISPLAY_MISSING 1
| #define HAVE_X11 1
| #define HAVE_XSHM 1
| /* end confdefs.h.  */
| 
| /* Override any gcc2 internal prototype to avoid an error.  */
| #ifdef __cplusplus
| extern "C"
| #endif
| /* We use char because int might match the return type of a gcc2
|    builtin and then its argument prototype would still apply.  */
| char FBPMForceLevel ();
| int
| main ()
| {
| FBPMForceLevel ();
|   ;
|   return 0;
| }
configure:5826: result: no
configure:5838: checking for DPMSForceLevel in -lXext
configure:5868: gcc -o conftest -g -O2 -Wall   conftest.c -lXext   -lXext -lX11   >&5
configure:5874: $? = 0
configure:5878: test -z 
			 || test ! -s conftest.err
configure:5881: $? = 0
configure:5884: test -s conftest
configure:5887: $? = 0
configure:5900: result: yes
configure:5911: checking for XTestGrabControl in -lXtst
configure:5941: gcc -o conftest -g -O2 -Wall   conftest.c -lXtst   -lXext -lX11   >&5
configure:5947: $? = 0
configure:5951: test -z 
			 || test ! -s conftest.err
configure:5954: $? = 0
configure:5957: test -s conftest
configure:5960: $? = 0
configure:5973: result: yes
configure:5984: checking for XTestFakeKeyEvent in -lXtst
configure:6014: gcc -o conftest -g -O2 -Wall   conftest.c -lXtst  -lXtst  -lXext -lX11   >&5
configure:6020: $? = 0
configure:6024: test -z 
			 || test ! -s conftest.err
configure:6027: $? = 0
configure:6030: test -s conftest
configure:6033: $? = 0
configure:6046: result: yes
configure:6058: checking for XRecordEnableContextAsync in -lXtst
configure:6088: gcc -o conftest -g -O2 -Wall   conftest.c -lXtst  -lXtst -lXtst  -lXext -lX11   >&5
configure:6094: $? = 0
configure:6098: test -z 
			 || test ! -s conftest.err
configure:6101: $? = 0
configure:6104: test -s conftest
configure:6107: $? = 0
configure:6120: result: yes
configure:6286: checking for X11/XKBlib.h
configure:6302: gcc -c -g -O2 -Wall   conftest.c >&5
configure:6308: $? = 0
configure:6312: test -z 
			 || test ! -s conftest.err
configure:6315: $? = 0
configure:6318: test -s conftest.o
configure:6321: $? = 0
configure:6332: result: yes
configure:6343: checking for XkbSelectEvents in -lX11
configure:6373: gcc -o conftest -g -O2 -Wall   conftest.c -lX11  -lXtst -lXtst -lXtst  -lXext -lX11   >&5
configure:6379: $? = 0
configure:6383: test -z 
			 || test ! -s conftest.err
configure:6386: $? = 0
configure:6389: test -s conftest
configure:6392: $? = 0
configure:6405: result: yes
configure:6418: checking for XineramaQueryScreens in -lXinerama
configure:6448: gcc -o conftest -g -O2 -Wall   conftest.c -lXinerama  -lXtst -lXtst -lXtst  -lXext -lX11   >&5
configure:6454: $? = 0
configure:6458: test -z 
			 || test ! -s conftest.err
configure:6461: $? = 0
configure:6464: test -s conftest
configure:6467: $? = 0
configure:6480: result: yes
configure:6493: checking for XRRSelectInput in -lXrandr
configure:6523: gcc -o conftest -g -O2 -Wall   conftest.c -lXrandr  -lXtst -lXtst -lXtst  -lXext -lXinerama -lX11   >&5
configure:6529: $? = 0
configure:6533: test -z 
			 || test ! -s conftest.err
configure:6536: $? = 0
configure:6539: test -s conftest
configure:6542: $? = 0
configure:6555: result: yes
configure:6568: checking for XFixesGetCursorImage in -lXfixes
configure:6598: gcc -o conftest -g -O2 -Wall   conftest.c -lXfixes  -lXtst -lXtst -lXtst  -lXext -lXinerama -lXrandr -lX11   >&5
configure:6604: $? = 0
configure:6608: test -z 
			 || test ! -s conftest.err
configure:6611: $? = 0
configure:6614: test -s conftest
configure:6617: $? = 0
configure:6630: result: yes
configure:6643: checking for XDamageQueryExtension in -lXdamage
configure:6673: gcc -o conftest -g -O2 -Wall   conftest.c -lXdamage  -lXtst -lXtst -lXtst  -lXext -lXinerama -lXrandr -lXfixes -lX11   >&5
configure:6679: $? = 0
configure:6683: test -z 
			 || test ! -s conftest.err
configure:6686: $? = 0
configure:6689: test -s conftest
configure:6692: $? = 0
configure:6705: result: yes
configure:6838: checking for crypt
configure:6895: gcc -o conftest -g -O2 -Wall   conftest.c  >&5
/tmp/ccW6GVIR.o:(.data+0x0): undefined reference to `crypt'
/tmp/ccW6GVIR.o: In function `main':
/tmp/x11vnc/src/x11vnc-0.9.13/conftest.c:73: undefined reference to `crypt'
collect2: error: ld returned 1 exit status
configure:6901: $? = 1
configure: failed program was:
| /* confdefs.h.  */
| 
| #define PACKAGE_NAME "x11vnc"
| #define PACKAGE_TARNAME "x11vnc"
| #define PACKAGE_VERSION "0.9.13"
| #define PACKAGE_STRING "x11vnc 0.9.13"
| #define PACKAGE_BUGREPORT "http://sourceforge.net/projects/libvncserver"
| #define PACKAGE "x11vnc"
| #define VERSION "0.9.13"
| #define ALLOW24BPP 1
| #define STDC_HEADERS 1
| #define HAVE_SYS_TYPES_H 1
| #define HAVE_SYS_STAT_H 1
| #define HAVE_STDLIB_H 1
| #define HAVE_STRING_H 1
| #define HAVE_MEMORY_H 1
| #define HAVE_STRINGS_H 1
| #define HAVE_INTTYPES_H 1
| #define HAVE_STDINT_H 1
| #define HAVE_UNISTD_H 1
| #define X_DISPLAY_MISSING 1
| #define HAVE_X11 1
| #define HAVE_XSHM 1
| #define HAVE_DPMS 1
| #define HAVE_XTESTGRABCONTROL 1
| #define HAVE_XTEST 1
| #define HAVE_RECORD 1
| #define HAVE_XKEYBOARD 1
| #define HAVE_LIBXINERAMA 1
| #define HAVE_LIBXRANDR 1
| #define HAVE_LIBXFIXES 1
| #define HAVE_LIBXDAMAGE 1
| /* end confdefs.h.  */
| /* Define crypt to an innocuous variant, in case <limits.h> declares crypt.
|    For example, HP-UX 11i <limits.h> declares gettimeofday.  */
| #define crypt innocuous_crypt
| 
| /* System header to define __stub macros and hopefully few prototypes,
|     which can conflict with char crypt (); below.
|     Prefer <limits.h> to <assert.h> if __STDC__ is defined, since
|     <limits.h> exists even on freestanding compilers.  */
| 
| #ifdef __STDC__
| # include <limits.h>
| #else
| # include <assert.h>
| #endif
| 
| #undef crypt
| 
| /* Override any gcc2 internal prototype to avoid an error.  */
| #ifdef __cplusplus
| extern "C"
| {
| #endif
| /* We use char because int might match the return type of a gcc2
|    builtin and then its argument prototype would still apply.  */
| char crypt ();
| /* The GNU C library defines this for functions which it implements
|     to always fail with ENOSYS.  Some functions are actually named
|     something starting with __ and the normal name is an alias.  */
| #if defined (__stub_crypt) || defined (__stub___crypt)
| choke me
| #else
| char (*f) () = crypt;
| #endif
| #ifdef __cplusplus
| }
| #endif
| 
| int
| main ()
| {
| return f != crypt;
|   ;
|   return 0;
| }
configure:6926: result: no
configure:6937: checking for crypt in -lcrypt
configure:6967: gcc -o conftest -g -O2 -Wall   conftest.c -lcrypt   >&5
configure:6973: $? = 0
configure:6977: test -z 
			 || test ! -s conftest.err
configure:6980: $? = 0
configure:6983: test -s conftest
configure:6986: $? = 0
configure:6999: result: yes
configure:7046: checking for RAND_file_name in -lcrypto
configure:7076: gcc -o conftest -g -O2 -Wall   conftest.c -lcrypto   >&5
configure:7082: $? = 0
configure:7086: test -z 
			 || test ! -s conftest.err
configure:7089: $? = 0
configure:7092: test -s conftest
configure:7095: $? = 0
configure:7108: result: yes
configure:7129: checking for SSL_library_init in -lssl
configure:7159: gcc -o conftest -g -O2 -Wall   conftest.c -lssl -lcrypto  >&5
configure:7165: $? = 0
configure:7169: test -z 
			 || test ! -s conftest.err
configure:7172: $? = 0
configure:7175: test -s conftest
configure:7178: $? = 0
configure:7191: result: yes
configure:7297: checking for X509_print_ex_fp in -lssl
configure:7328: gcc -o conftest -g -O2 -Wall   conftest.c -lssl -lssl -lcrypto
			  >&5
configure:7334: $? = 0
configure:7338: test -z 
			 || test ! -s conftest.err
configure:7341: $? = 0
configure:7344: test -s conftest
configure:7347: $? = 0
configure:7360: result: yes
configure:7382: checking linux/videodev.h usability
configure:7394: gcc -c -g -O2 -Wall  conftest.c >&5
conftest.c:72:28: fatal error: linux/videodev.h: No such file or directory
compilation terminated.
configure:7400: $? = 1
configure: failed program was:
| /* confdefs.h.  */
| 
| #define PACKAGE_NAME "x11vnc"
| #define PACKAGE_TARNAME "x11vnc"
| #define PACKAGE_VERSION "0.9.13"
| #define PACKAGE_STRING "x11vnc 0.9.13"
| #define PACKAGE_BUGREPORT "http://sourceforge.net/projects/libvncserver"
| #define PACKAGE "x11vnc"
| #define VERSION "0.9.13"
| #define ALLOW24BPP 1
| #define STDC_HEADERS 1
| #define HAVE_SYS_TYPES_H 1
| #define HAVE_SYS_STAT_H 1
| #define HAVE_STDLIB_H 1
| #define HAVE_STRING_H 1
| #define HAVE_MEMORY_H 1
| #define HAVE_STRINGS_H 1
| #define HAVE_INTTYPES_H 1
| #define HAVE_STDINT_H 1
| #define HAVE_UNISTD_H 1
| #define X_DISPLAY_MISSING 1
| #define HAVE_X11 1
| #define HAVE_XSHM 1
| #define HAVE_DPMS 1
| #define HAVE_XTESTGRABCONTROL 1
| #define HAVE_XTEST 1
| #define HAVE_RECORD 1
| #define HAVE_XKEYBOARD 1
| #define HAVE_LIBXINERAMA 1
| #define HAVE_LIBXRANDR 1
| #define HAVE_LIBXFIXES 1
| #define HAVE_LIBXDAMAGE 1
| #define HAVE_LIBCRYPT 1
| #define HAVE_LIBCRYPTO 1
| #define HAVE_LIBSSL 1
| #define HAVE_X509_PRINT_EX_FP 1
| /* end confdefs.h.  */
| #include <stdio.h>
| #if HAVE_SYS_TYPES_H
| # include <sys/types.h>
| #endif
| #if HAVE_SYS_STAT_H
| # include <sys/stat.h>
| #endif
| #if STDC_HEADERS
| # include <stdlib.h>
| # include <stddef.h>
| #else
| # if HAVE_STDLIB_H
| #  include <stdlib.h>
| # endif
| #endif
| #if HAVE_STRING_H
| # if !STDC_HEADERS && HAVE_MEMORY_H
| #  include <memory.h>
| # endif
| # include <string.h>
| #endif
| #if HAVE_STRINGS_H
| # include <strings.h>
| #endif
| #if HAVE_INTTYPES_H
| # include <inttypes.h>
| #else
| # if HAVE_STDINT_H
| #  include <stdint.h>
| # endif
| #endif
| #if HAVE_UNISTD_H
| # include <unistd.h>
| #endif
| #include <linux/videodev.h>
configure:7423: result: no
configure:7427: checking linux/videodev.h presence
configure:7437: gcc -E  conftest.c
conftest.c:38:28: fatal error: linux/videodev.h: No such file or directory
compilation terminated.
configure:7443: $? = 1
configure: failed program was:
| /* confdefs.h.  */
| 
| #define PACKAGE_NAME "x11vnc"
| #define PACKAGE_TARNAME "x11vnc"
| #define PACKAGE_VERSION "0.9.13"
| #define PACKAGE_STRING "x11vnc 0.9.13"
| #define PACKAGE_BUGREPORT "http://sourceforge.net/projects/libvncserver"
| #define PACKAGE "x11vnc"
| #define VERSION "0.9.13"
| #define ALLOW24BPP 1
| #define STDC_HEADERS 1
| #define HAVE_SYS_TYPES_H 1
| #define HAVE_SYS_STAT_H 1
| #define HAVE_STDLIB_H 1
| #define HAVE_STRING_H 1
| #define HAVE_MEMORY_H 1
| #define HAVE_STRINGS_H 1
| #define HAVE_INTTYPES_H 1
| #define HAVE_STDINT_H 1
| #define HAVE_UNISTD_H 1
| #define X_DISPLAY_MISSING 1
| #define HAVE_X11 1
| #define HAVE_XSHM 1
| #define HAVE_DPMS 1
| #define HAVE_XTESTGRABCONTROL 1
| #define HAVE_XTEST 1
| #define HAVE_RECORD 1
| #define HAVE_XKEYBOARD 1
| #define HAVE_LIBXINERAMA 1
| #define HAVE_LIBXRANDR 1
| #define HAVE_LIBXFIXES 1
| #define HAVE_LIBXDAMAGE 1
| #define HAVE_LIBCRYPT 1
| #define HAVE_LIBCRYPTO 1
| #define HAVE_LIBSSL 1
| #define HAVE_X509_PRINT_EX_FP 1
| /* end confdefs.h.  */
| #include <linux/videodev.h>
configure:7463: result: no
configure:7498: checking for linux/videodev.h
configure:7505: result: no
configure:7529: checking linux/fb.h usability
configure:7541: gcc -c -g -O2 -Wall  conftest.c >&5
configure:7547: $? = 0
configure:7551: test -z 
			 || test ! -s conftest.err
configure:7554: $? = 0
configure:7557: test -s conftest.o
configure:7560: $? = 0
configure:7570: result: yes
configure:7574: checking linux/fb.h presence
configure:7584: gcc -E  conftest.c
configure:7590: $? = 0
configure:7610: result: yes
configure:7645: checking for linux/fb.h
configure:7652: result: yes
configure:7676: checking linux/input.h usability
configure:7688: gcc -c -g -O2 -Wall  conftest.c >&5
configure:7694: $? = 0
configure:7698: test -z 
			 || test ! -s conftest.err
configure:7701: $? = 0
configure:7704: test -s conftest.o
configure:7707: $? = 0
configure:7717: result: yes
configure:7721: checking linux/input.h presence
configure:7731: gcc -E  conftest.c
configure:7737: $? = 0
configure:7757: result: yes
configure:7792: checking for linux/input.h
configure:7799: result: yes
configure:7812: checking for linux/uinput.h
configure:7828: gcc -c -g -O2 -Wall  conftest.c >&5
configure:7834: $? = 0
configure:7838: test -z 
			 || test ! -s conftest.err
configure:7841: $? = 0
configure:7844: test -s conftest.o
configure:7847: $? = 0
configure:7858: result: yes
configure:7889: checking OpenGL/OpenGL.h usability
configure:7901: gcc -c -g -O2 -Wall  conftest.c >&5
conftest.c:76:27: fatal error: OpenGL/OpenGL.h: No such file or directory
compilation terminated.
configure:7907: $? = 1
configure: failed program was:
| /* confdefs.h.  */
| 
| #define PACKAGE_NAME "x11vnc"
| #define PACKAGE_TARNAME "x11vnc"
| #define PACKAGE_VERSION "0.9.13"
| #define PACKAGE_STRING "x11vnc 0.9.13"
| #define PACKAGE_BUGREPORT "http://sourceforge.net/projects/libvncserver"
| #define PACKAGE "x11vnc"
| #define VERSION "0.9.13"
| #define ALLOW24BPP 1
| #define STDC_HEADERS 1
| #define HAVE_SYS_TYPES_H 1
| #define HAVE_SYS_STAT_H 1
| #define HAVE_STDLIB_H 1
| #define HAVE_STRING_H 1
| #define HAVE_MEMORY_H 1
| #define HAVE_STRINGS_H 1
| #define HAVE_INTTYPES_H 1
| #define HAVE_STDINT_H 1
| #define HAVE_UNISTD_H 1
| #define X_DISPLAY_MISSING 1
| #define HAVE_X11 1
| #define HAVE_XSHM 1
| #define HAVE_DPMS 1
| #define HAVE_XTESTGRABCONTROL 1
| #define HAVE_XTEST 1
| #define HAVE_RECORD 1
| #define HAVE_XKEYBOARD 1
| #define HAVE_LIBXINERAMA 1
| #define HAVE_LIBXRANDR 1
| #define HAVE_LIBXFIXES 1
| #define HAVE_LIBXDAMAGE 1
| #define HAVE_LIBCRYPT 1
| #define HAVE_LIBCRYPTO 1
| #define HAVE_LIBSSL 1
| #define HAVE_X509_PRINT_EX_FP 1
| #define HAVE_LINUX_FB_H 1
| #define HAVE_LINUX_INPUT_H 1
| #define HAVE_LINUX_UINPUT_H 1
| #define HAVE_MACOSX_NATIVE_DISPLAY 1
| /* end confdefs.h.  */
| #include <stdio.h>
| #if HAVE_SYS_TYPES_H
| # include <sys/types.h>
| #endif
| #if HAVE_SYS_STAT_H
| # include <sys/stat.h>
| #endif
| #if STDC_HEADERS
| # include <stdlib.h>
| # include <stddef.h>
| #else
| # if HAVE_STDLIB_H
| #  include <stdlib.h>
| # endif
| #endif
| #if HAVE_STRING_H
| # if !STDC_HEADERS && HAVE_MEMORY_H
| #  include <memory.h>
| # endif
| # include <string.h>
| #endif
| #if HAVE_STRINGS_H
| # include <strings.h>
| #endif
| #if HAVE_INTTYPES_H
| # include <inttypes.h>
| #else
| # if HAVE_STDINT_H
| #  include <stdint.h>
| # endif
| #endif
| #if HAVE_UNISTD_H
| # include <unistd.h>
| #endif
| #include <OpenGL/OpenGL.h>
configure:7930: result: no
configure:7934: checking OpenGL/OpenGL.h presence
configure:7944: gcc -E  conftest.c
conftest.c:42:27: fatal error: OpenGL/OpenGL.h: No such file or directory
compilation terminated.
configure:7950: $? = 1
configure: failed program was:
| /* confdefs.h.  */
| 
| #define PACKAGE_NAME "x11vnc"
| #define PACKAGE_TARNAME "x11vnc"
| #define PACKAGE_VERSION "0.9.13"
| #define PACKAGE_STRING "x11vnc 0.9.13"
| #define PACKAGE_BUGREPORT "http://sourceforge.net/projects/libvncserver"
| #define PACKAGE "x11vnc"
| #define VERSION "0.9.13"
| #define ALLOW24BPP 1
| #define STDC_HEADERS 1
| #define HAVE_SYS_TYPES_H 1
| #define HAVE_SYS_STAT_H 1
| #define HAVE_STDLIB_H 1
| #define HAVE_STRING_H 1
| #define HAVE_MEMORY_H 1
| #define HAVE_STRINGS_H 1
| #define HAVE_INTTYPES_H 1
| #define HAVE_STDINT_H 1
| #define HAVE_UNISTD_H 1
| #define X_DISPLAY_MISSING 1
| #define HAVE_X11 1
| #define HAVE_XSHM 1
| #define HAVE_DPMS 1
| #define HAVE_XTESTGRABCONTROL 1
| #define HAVE_XTEST 1
| #define HAVE_RECORD 1
| #define HAVE_XKEYBOARD 1
| #define HAVE_LIBXINERAMA 1
| #define HAVE_LIBXRANDR 1
| #define HAVE_LIBXFIXES 1
| #define HAVE_LIBXDAMAGE 1
| #define HAVE_LIBCRYPT 1
| #define HAVE_LIBCRYPTO 1
| #define HAVE_LIBSSL 1
| #define HAVE_X509_PRINT_EX_FP 1
| #define HAVE_LINUX_FB_H 1
| #define HAVE_LINUX_INPUT_H 1
| #define HAVE_LINUX_UINPUT_H 1
| #define HAVE_MACOSX_NATIVE_DISPLAY 1
| /* end confdefs.h.  */
| #include <OpenGL/OpenGL.h>
configure:7970: result: no
configure:8005: checking for OpenGL/OpenGL.h
configure:8012: result: no
configure:8228: checking jpeglib.h usability
configure:8240: gcc -c -g -O2 -Wall  conftest.c >&5
configure:8246: $? = 0
configure:8250: test -z 
			 || test ! -s conftest.err
configure:8253: $? = 0
configure:8256: test -s conftest.o
configure:8259: $? = 0
configure:8269: result: yes
configure:8273: checking jpeglib.h presence
configure:8283: gcc -E  conftest.c
configure:8289: $? = 0
configure:8309: result: yes
configure:8344: checking for jpeglib.h
configure:8351: result: yes
configure:8362: checking for jpeg_CreateCompress in -ljpeg
configure:8392: gcc -o conftest -g -O2 -Wall   conftest.c -ljpeg   >&5
configure:8398: $? = 0
configure:8402: test -z 
			 || test ! -s conftest.err
configure:8405: $? = 0
configure:8408: test -s conftest
configure:8411: $? = 0
configure:8424: result: yes
configure:8509: checking zlib.h usability
configure:8521: gcc -c -g -O2 -Wall  conftest.c >&5
configure:8527: $? = 0
configure:8531: test -z 
			 || test ! -s conftest.err
configure:8534: $? = 0
configure:8537: test -s conftest.o
configure:8540: $? = 0
configure:8550: result: yes
configure:8554: checking zlib.h presence
configure:8564: gcc -E  conftest.c
configure:8570: $? = 0
configure:8590: result: yes
configure:8625: checking for zlib.h
configure:8632: result: yes
configure:8643: checking for deflate in -lz
configure:8673: gcc -o conftest -g -O2 -Wall   conftest.c -lz  -ljpeg  >&5
configure:8679: $? = 0
configure:8683: test -z 
			 || test ! -s conftest.err
configure:8686: $? = 0
configure:8689: test -s conftest
configure:8692: $? = 0
configure:8705: result: yes
configure:8768: checking pthread.h usability
configure:8780: gcc -c -g -O2 -Wall  conftest.c >&5
configure:8786: $? = 0
configure:8790: test -z 
			 || test ! -s conftest.err
configure:8793: $? = 0
configure:8796: test -s conftest.o
configure:8799: $? = 0
configure:8809: result: yes
configure:8813: checking pthread.h presence
configure:8823: gcc -E  conftest.c
configure:8829: $? = 0
configure:8849: result: yes
configure:8884: checking for pthread.h
configure:8891: result: yes
configure:8902: checking for pthread_mutex_lock in -lpthread
configure:8932: gcc -o conftest -g -O2 -Wall   conftest.c -lpthread  -lz -ljpeg  >&5
configure:8938: $? = 0
configure:8942: test -z 
			 || test ! -s conftest.err
configure:8945: $? = 0
configure:8948: test -s conftest
configure:8951: $? = 0
configure:8964: result: yes
configure:8975: checking for pthread_mutex_lock in -lpthread
configure:9037: result: yes
configure:9056: checking for __thread
configure:9074: gcc -o conftest -g -O2 -Wall   conftest.c -lpthread -lz -ljpeg  >&5
conftest.c: In function 'main':
conftest.c:50:21: warning: unused variable 'p' [-Wunused-variable]
 static __thread int p = 0
                     ^
configure:9080: $? = 0
configure:9084: test -z 
			 || test ! -s conftest.err
configure:9087: $? = 0
configure:9090: test -s conftest
configure:9093: $? = 0
configure:9100: result: yes
configure:9196: checking build system type
configure:9214: result: x86_64-unknown-linux-gnu
configure:9222: checking host system type
configure:9236: result: x86_64-unknown-linux-gnu
configure:9532: checking for ANSI C header files
configure:9688: result: yes
configure:9724: checking arpa/inet.h usability
configure:9736: gcc -c -g -O2 -Wall  conftest.c >&5
configure:9742: $? = 0
configure:9746: test -z 
			 || test ! -s conftest.err
configure:9749: $? = 0
configure:9752: test -s conftest.o
configure:9755: $? = 0
configure:9765: result: yes
configure:9769: checking arpa/inet.h presence
configure:9779: gcc -E  conftest.c
configure:9785: $? = 0
configure:9805: result: yes
configure:9840: checking for arpa/inet.h
configure:9847: result: yes
configure:9724: checking fcntl.h usability
configure:9736: gcc -c -g -O2 -Wall  conftest.c >&5
configure:9742: $? = 0
configure:9746: test -z 
			 || test ! -s conftest.err
configure:9749: $? = 0
configure:9752: test -s conftest.o
configure:9755: $? = 0
configure:9765: result: yes
configure:9769: checking fcntl.h presence
configure:9779: gcc -E  conftest.c
configure:9785: $? = 0
configure:9805: result: yes
configure:9840: checking for fcntl.h
configure:9847: result: yes
configure:9724: checking netdb.h usability
configure:9736: gcc -c -g -O2 -Wall  conftest.c >&5
configure:9742: $? = 0
configure:9746: test -z 
			 || test ! -s conftest.err
configure:9749: $? = 0
configure:9752: test -s conftest.o
configure:9755: $? = 0
configure:9765: result: yes
configure:9769: checking netdb.h presence
configure:9779: gcc -E  conftest.c
configure:9785: $? = 0
configure:9805: result: yes
configure:9840: checking for netdb.h
configure:9847: result: yes
configure:9724: checking netinet/in.h usability
configure:9736: gcc -c -g -O2 -Wall  conftest.c >&5
configure:9742: $? = 0
configure:9746: test -z 
			 || test ! -s conftest.err
configure:9749: $? = 0
configure:9752: test -s conftest.o
configure:9755: $? = 0
configure:9765: result: yes
configure:9769: checking netinet/in.h presence
configure:9779: gcc -E  conftest.c
configure:9785: $? = 0
configure:9805: result: yes
configure:9840: checking for netinet/in.h
configure:9847: result: yes
configure:9715: checking for stdlib.h
configure:9720: result: yes
configure:9715: checking for string.h
configure:9720: result: yes
configure:9724: checking sys/socket.h usability
configure:9736: gcc -c -g -O2 -Wall  conftest.c >&5
configure:9742: $? = 0
configure:9746: test -z 
			 || test ! -s conftest.err
configure:9749: $? = 0
configure:9752: test -s conftest.o
configure:9755: $? = 0
configure:9765: result: yes
configure:9769: checking sys/socket.h presence
configure:9779: gcc -E  conftest.c
configure:9785: $? = 0
configure:9805: result: yes
configure:9840: checking for sys/socket.h
configure:9847: result: yes
configure:9724: checking sys/un.h usability
configure:9736: gcc -c -g -O2 -Wall  conftest.c >&5
configure:9742: $? = 0
configure:9746: test -z 
			 || test ! -s conftest.err
configure:9749: $? = 0
configure:9752: test -s conftest.o
configure:9755: $? = 0
configure:9765: result: yes
configure:9769: checking sys/un.h presence
configure:9779: gcc -E  conftest.c
configure:9785: $? = 0
configure:9805: result: yes
configure:9840: checking for sys/un.h
configure:9847: result: yes
configure:9724: checking sys/time.h usability
configure:9736: gcc -c -g -O2 -Wall  conftest.c >&5
configure:9742: $? = 0
configure:9746: test -z 
			 || test ! -s conftest.err
configure:9749: $? = 0
configure:9752: test -s conftest.o
configure:9755: $? = 0
configure:9765: result: yes
configure:9769: checking sys/time.h presence
configure:9779: gcc -E  conftest.c
configure:9785: $? = 0
configure:9805: result: yes
configure:9840: checking for sys/time.h
configure:9847: result: yes
configure:9724: checking sys/timeb.h usability
configure:9736: gcc -c -g -O2 -Wall  conftest.c >&5
configure:9742: $? = 0
configure:9746: test -z 
			 || test ! -s conftest.err
configure:9749: $? = 0
configure:9752: test -s conftest.o
configure:9755: $? = 0
configure:9765: result: yes
configure:9769: checking sys/timeb.h presence
configure:9779: gcc -E  conftest.c
configure:9785: $? = 0
configure:9805: result: yes
configure:9840: checking for sys/timeb.h
configure:9847: result: yes
configure:9724: checking syslog.h usability
configure:9736: gcc -c -g -O2 -Wall  conftest.c >&5
configure:9742: $? = 0
configure:9746: test -z 
			 || test ! -s conftest.err
configure:9749: $? = 0
configure:9752: test -s conftest.o
configure:9755: $? = 0
configure:9765: result: yes
configure:9769: checking syslog.h presence
configure:9779: gcc -E  conftest.c
configure:9785: $? = 0
configure:9805: result: yes
configure:9840: checking for syslog.h
configure:9847: result: yes
configure:9715: checking for unistd.h
configure:9720: result: yes
configure:9724: checking ws2tcpip.h usability
configure:9736: gcc -c -g -O2 -Wall  conftest.c >&5
conftest.c:95:22: fatal error: ws2tcpip.h: No such file or directory
compilation terminated.
configure:9742: $? = 1
configure: failed program was:
| /* confdefs.h.  */
| 
| #define PACKAGE_NAME "x11vnc"
| #define PACKAGE_TARNAME "x11vnc"
| #define PACKAGE_VERSION "0.9.13"
| #define PACKAGE_STRING "x11vnc 0.9.13"
| #define PACKAGE_BUGREPORT "http://sourceforge.net/projects/libvncserver"
| #define PACKAGE "x11vnc"
| #define VERSION "0.9.13"
| #define ALLOW24BPP 1
| #define STDC_HEADERS 1
| #define HAVE_SYS_TYPES_H 1
| #define HAVE_SYS_STAT_H 1
| #define HAVE_STDLIB_H 1
| #define HAVE_STRING_H 1
| #define HAVE_MEMORY_H 1
| #define HAVE_STRINGS_H 1
| #define HAVE_INTTYPES_H 1
| #define HAVE_STDINT_H 1
| #define HAVE_UNISTD_H 1
| #define X_DISPLAY_MISSING 1
| #define HAVE_X11 1
| #define HAVE_XSHM 1
| #define HAVE_DPMS 1
| #define HAVE_XTESTGRABCONTROL 1
| #define HAVE_XTEST 1
| #define HAVE_RECORD 1
| #define HAVE_XKEYBOARD 1
| #define HAVE_LIBXINERAMA 1
| #define HAVE_LIBXRANDR 1
| #define HAVE_LIBXFIXES 1
| #define HAVE_LIBXDAMAGE 1
| #define HAVE_LIBCRYPT 1
| #define HAVE_LIBCRYPTO 1
| #define HAVE_LIBSSL 1
| #define HAVE_X509_PRINT_EX_FP 1
| #define HAVE_LINUX_FB_H 1
| #define HAVE_LINUX_INPUT_H 1
| #define HAVE_LINUX_UINPUT_H 1
| #define HAVE_MACOSX_NATIVE_DISPLAY 1
| #define HAVE_AVAHI 1
| #define HAVE_LIBJPEG 1
| #define HAVE_LIBZ 1
| #define HAVE_LIBPTHREAD 1
| #define HAVE_TLS 1
| #define WITH_TIGHTVNC_FILETRANSFER 1
| #define STDC_HEADERS 1
| #define HAVE_ARPA_INET_H 1
| #define HAVE_FCNTL_H 1
| #define HAVE_NETDB_H 1
| #define HAVE_NETINET_IN_H 1
| #define HAVE_STDLIB_H 1
| #define HAVE_STRING_H 1
| #define HAVE_SYS_SOCKET_H 1
| #define HAVE_SYS_UN_H 1
| #define HAVE_SYS_TIME_H 1
| #define HAVE_SYS_TIMEB_H 1
| #define HAVE_SYSLOG_H 1
| #define HAVE_UNISTD_H 1
| /* end confdefs.h.  */
| #include <stdio.h>
| #if HAVE_SYS_TYPES_H
| # include <sys/types.h>
| #endif
| #if HAVE_SYS_STAT_H
| # include <sys/stat.h>
| #endif
| #if STDC_HEADERS
| # include <stdlib.h>
| # include <stddef.h>
| #else
| # if HAVE_STDLIB_H
| #  include <stdlib.h>
| # endif
| #endif
| #if HAVE_STRING_H
| # if !STDC_HEADERS && HAVE_MEMORY_H
| #  include <memory.h>
| # endif
| # include <string.h>
| #endif
| #if HAVE_STRINGS_H
| # include <strings.h>
| #endif
| #if HAVE_INTTYPES_H
| # include <inttypes.h>
| #else
| # if HAVE_STDINT_H
| #  include <stdint.h>
| # endif
| #endif
| #if HAVE_UNISTD_H
| # include <unistd.h>
| #endif
| #include <ws2tcpip.h>
configure:9765: result: no
configure:9769: checking ws2tcpip.h presence
configure:9779: gcc -E  conftest.c
conftest.c:61:22: fatal error: ws2tcpip.h: No such file or directory
compilation terminated.
configure:9785: $? = 1
configure: failed program was:
| /* confdefs.h.  */
| 
| #define PACKAGE_NAME "x11vnc"
| #define PACKAGE_TARNAME "x11vnc"
| #define PACKAGE_VERSION "0.9.13"
| #define PACKAGE_STRING "x11vnc 0.9.13"
| #define PACKAGE_BUGREPORT "http://sourceforge.net/projects/libvncserver"
| #define PACKAGE "x11vnc"
| #define VERSION "0.9.13"
| #define ALLOW24BPP 1
| #define STDC_HEADERS 1
| #define HAVE_SYS_TYPES_H 1
| #define HAVE_SYS_STAT_H 1
| #define HAVE_STDLIB_H 1
| #define HAVE_STRING_H 1
| #define HAVE_MEMORY_H 1
| #define HAVE_STRINGS_H 1
| #define HAVE_INTTYPES_H 1
| #define HAVE_STDINT_H 1
| #define HAVE_UNISTD_H 1
| #define X_DISPLAY_MISSING 1
| #define HAVE_X11 1
| #define HAVE_XSHM 1
| #define HAVE_DPMS 1
| #define HAVE_XTESTGRABCONTROL 1
| #define HAVE_XTEST 1
| #define HAVE_RECORD 1
| #define HAVE_XKEYBOARD 1
| #define HAVE_LIBXINERAMA 1
| #define HAVE_LIBXRANDR 1
| #define HAVE_LIBXFIXES 1
| #define HAVE_LIBXDAMAGE 1
| #define HAVE_LIBCRYPT 1
| #define HAVE_LIBCRYPTO 1
| #define HAVE_LIBSSL 1
| #define HAVE_X509_PRINT_EX_FP 1
| #define HAVE_LINUX_FB_H 1
| #define HAVE_LINUX_INPUT_H 1
| #define HAVE_LINUX_UINPUT_H 1
| #define HAVE_MACOSX_NATIVE_DISPLAY 1
| #define HAVE_AVAHI 1
| #define HAVE_LIBJPEG 1
| #define HAVE_LIBZ 1
| #define HAVE_LIBPTHREAD 1
| #define HAVE_TLS 1
| #define WITH_TIGHTVNC_FILETRANSFER 1
| #define STDC_HEADERS 1
| #define HAVE_ARPA_INET_H 1
| #define HAVE_FCNTL_H 1
| #define HAVE_NETDB_H 1
| #define HAVE_NETINET_IN_H 1
| #define HAVE_STDLIB_H 1
| #define HAVE_STRING_H 1
| #define HAVE_SYS_SOCKET_H 1
| #define HAVE_SYS_UN_H 1
| #define HAVE_SYS_TIME_H 1
| #define HAVE_SYS_TIMEB_H 1
| #define HAVE_SYSLOG_H 1
| #define HAVE_UNISTD_H 1
| /* end confdefs.h.  */
| #include <ws2tcpip.h>
configure:9805: result: no
configure:9840: checking for ws2tcpip.h
configure:9847: result: no
configure:9882: checking pwd.h usability
configure:9894: gcc -c -g -O2 -Wall  conftest.c >&5
configure:9900: $? = 0
configure:9904: test -z 
			 || test ! -s conftest.err
configure:9907: $? = 0
configure:9910: test -s conftest.o
configure:9913: $? = 0
configure:9923: result: yes
configure:9927: checking pwd.h presence
configure:9937: gcc -E  conftest.c
configure:9943: $? = 0
configure:9963: result: yes
configure:9998: checking for pwd.h
configure:10005: result: yes
configure:9882: checking sys/wait.h usability
configure:9894: gcc -c -g -O2 -Wall  conftest.c >&5
configure:9900: $? = 0
configure:9904: test -z 
			 || test ! -s conftest.err
configure:9907: $? = 0
configure:9910: test -s conftest.o
configure:9913: $? = 0
configure:9923: result: yes
configure:9927: checking sys/wait.h presence
configure:9937: gcc -E  conftest.c
configure:9943: $? = 0
configure:9963: result: yes
configure:9998: checking for sys/wait.h
configure:10005: result: yes
configure:9882: checking utmpx.h usability
configure:9894: gcc -c -g -O2 -Wall  conftest.c >&5
configure:9900: $? = 0
configure:9904: test -z 
			 || test ! -s conftest.err
configure:9907: $? = 0
configure:9910: test -s conftest.o
configure:9913: $? = 0
configure:9923: result: yes
configure:9927: checking utmpx.h presence
configure:9937: gcc -E  conftest.c
configure:9943: $? = 0
configure:9963: result: yes
configure:9998: checking for utmpx.h
configure:10005: result: yes
configure:9882: checking termios.h usability
configure:9894: gcc -c -g -O2 -Wall  conftest.c >&5
configure:9900: $? = 0
configure:9904: test -z 
			 || test ! -s conftest.err
configure:9907: $? = 0
configure:9910: test -s conftest.o
configure:9913: $? = 0
configure:9923: result: yes
configure:9927: checking termios.h presence
configure:9937: gcc -E  conftest.c
configure:9943: $? = 0
configure:9963: result: yes
configure:9998: checking for termios.h
configure:10005: result: yes
configure:9882: checking sys/ioctl.h usability
configure:9894: gcc -c -g -O2 -Wall  conftest.c >&5
configure:9900: $? = 0
configure:9904: test -z 
			 || test ! -s conftest.err
configure:9907: $? = 0
configure:9910: test -s conftest.o
configure:9913: $? = 0
configure:9923: result: yes
configure:9927: checking sys/ioctl.h presence
configure:9937: gcc -E  conftest.c
configure:9943: $? = 0
configure:9963: result: yes
configure:9998: checking for sys/ioctl.h
configure:10005: result: yes
configure:9882: checking sys/stropts.h usability
configure:9894: gcc -c -g -O2 -Wall  conftest.c >&5
configure:9900: $? = 0
configure:9904: test -z 
			 || test ! -s conftest.err
configure:9907: $? = 0
configure:9910: test -s conftest.o
configure:9913: $? = 0
configure:9923: result: yes
configure:9927: checking sys/stropts.h presence
configure:9937: gcc -E  conftest.c
configure:9943: $? = 0
configure:9963: result: yes
configure:9998: checking for sys/stropts.h
configure:10005: result: yes
configure:10021: checking for an ANSI C-conforming const
configure:10088: gcc -c -g -O2 -Wall  conftest.c >&5
conftest.c: In function 'main':
conftest.c:94:17: warning: unused variable 's' [-Wunused-variable]
     char const *s = 0 ? (char *) 0 : (char const *) 0;
                 ^
conftest.c:114:15: warning: unused variable 'foo' [-Wunused-variable]
     const int foo = 10;
               ^
conftest.c:81:29: warning: unused variable 'zero' [-Wunused-variable]
   static struct point const zero = {0,0};
                             ^
conftest.c:75:17: warning: unused variable 'x' [-Wunused-variable]
   const charset x;
                 ^
conftest.c:96:7: warning: 't' is used uninitialized in this function [-Wuninitialized]
     *t++ = 0;
       ^
conftest.c:111:23: warning: 'b' is used uninitialized in this function [-Wuninitialized]
     struct s *b; b->j = 5;
                       ^
configure:10094: $? = 0
configure:10098: test -z 
			 || test ! -s conftest.err
configure:10101: $? = 0
configure:10104: test -s conftest.o
configure:10107: $? = 0
configure:10118: result: yes
configure:10128: checking for inline
configure:10149: gcc -c -g -O2 -Wall  conftest.c >&5
configure:10155: $? = 0
configure:10159: test -z 
			 || test ! -s conftest.err
configure:10162: $? = 0
configure:10165: test -s conftest.o
configure:10168: $? = 0
configure:10180: result: inline
configure:10199: checking whether byte ordering is bigendian
configure:10226: gcc -c -g -O2 -Wall  conftest.c >&5
configure:10232: $? = 0
configure:10236: test -z 
			 || test ! -s conftest.err
configure:10239: $? = 0
configure:10242: test -s conftest.o
configure:10245: $? = 0
configure:10269: gcc -c -g -O2 -Wall  conftest.c >&5
conftest.c: In function 'main':
conftest.c:74:2: error: unknown type name 'not'
  not big endian
  ^
conftest.c:74:10: error: expected '=', ',', ';', 'asm' or '__attribute__' before 'endian'
  not big endian
          ^
configure:10275: $? = 1
configure: failed program was:
| /* confdefs.h.  */
| 
| #define PACKAGE_NAME "x11vnc"
| #define PACKAGE_TARNAME "x11vnc"
| #define PACKAGE_VERSION "0.9.13"
| #define PACKAGE_STRING "x11vnc 0.9.13"
| #define PACKAGE_BUGREPORT "http://sourceforge.net/projects/libvncserver"
| #define PACKAGE "x11vnc"
| #define VERSION "0.9.13"
| #define ALLOW24BPP 1
| #define STDC_HEADERS 1
| #define HAVE_SYS_TYPES_H 1
| #define HAVE_SYS_STAT_H 1
| #define HAVE_STDLIB_H 1
| #define HAVE_STRING_H 1
| #define HAVE_MEMORY_H 1
| #define HAVE_STRINGS_H 1
| #define HAVE_INTTYPES_H 1
| #define HAVE_STDINT_H 1
| #define HAVE_UNISTD_H 1
| #define X_DISPLAY_MISSING 1
| #define HAVE_X11 1
| #define HAVE_XSHM 1
| #define HAVE_DPMS 1
| #define HAVE_XTESTGRABCONTROL 1
| #define HAVE_XTEST 1
| #define HAVE_RECORD 1
| #define HAVE_XKEYBOARD 1
| #define HAVE_LIBXINERAMA 1
| #define HAVE_LIBXRANDR 1
| #define HAVE_LIBXFIXES 1
| #define HAVE_LIBXDAMAGE 1
| #define HAVE_LIBCRYPT 1
| #define HAVE_LIBCRYPTO 1
| #define HAVE_LIBSSL 1
| #define HAVE_X509_PRINT_EX_FP 1
| #define HAVE_LINUX_FB_H 1
| #define HAVE_LINUX_INPUT_H 1
| #define HAVE_LINUX_UINPUT_H 1
| #define HAVE_MACOSX_NATIVE_DISPLAY 1
| #define HAVE_AVAHI 1
| #define HAVE_LIBJPEG 1
| #define HAVE_LIBZ 1
| #define HAVE_LIBPTHREAD 1
| #define HAVE_TLS 1
| #define WITH_TIGHTVNC_FILETRANSFER 1
| #define STDC_HEADERS 1
| #define HAVE_ARPA_INET_H 1
| #define HAVE_FCNTL_H 1
| #define HAVE_NETDB_H 1
| #define HAVE_NETINET_IN_H 1
| #define HAVE_STDLIB_H 1
| #define HAVE_STRING_H 1
| #define HAVE_SYS_SOCKET_H 1
| #define HAVE_SYS_UN_H 1
| #define HAVE_SYS_TIME_H 1
| #define HAVE_SYS_TIMEB_H 1
| #define HAVE_SYSLOG_H 1
| #define HAVE_UNISTD_H 1
| #define HAVE_PWD_H 1
| #define HAVE_SYS_WAIT_H 1
| #define HAVE_UTMPX_H 1
| #define HAVE_TERMIOS_H 1
| #define HAVE_SYS_IOCTL_H 1
| #define HAVE_SYS_STROPTS_H 1
| /* end confdefs.h.  */
| #include <sys/types.h>
| #include <sys/param.h>
| 
| int
| main ()
| {
| #if BYTE_ORDER != BIG_ENDIAN
|  not big endian
| #endif
| 
|   ;
|   return 0;
| }
configure:10410: result: no
configure:10429: checking for size_t
configure:10453: gcc -c -g -O2 -Wall  conftest.c >&5
configure:10459: $? = 0
configure:10463: test -z 
			 || test ! -s conftest.err
configure:10466: $? = 0
configure:10469: test -s conftest.o
configure:10472: $? = 0
configure:10483: result: yes
configure:10495: checking whether time.h and sys/time.h may both be included
configure:10520: gcc -c -g -O2 -Wall  conftest.c >&5
configure:10526: $? = 0
configure:10530: test -z 
			 || test ! -s conftest.err
configure:10533: $? = 0
configure:10536: test -s conftest.o
configure:10539: $? = 0
configure:10550: result: yes
configure:10560: checking for sys/wait.h that is POSIX.1 compatible
configure:10621: result: yes
configure:10631: checking for socklen_t
configure:10654: gcc -c -g -O2 -Wall  conftest.c >&5
conftest.c: In function 'main':
conftest.c:74:11: warning: unused variable 'len' [-Wunused-variable]
 socklen_t len = 42; return 0;
           ^
configure:10660: $? = 0
configure:10664: test -z 
			 || test ! -s conftest.err
configure:10667: $? = 0
configure:10670: test -s conftest.o
configure:10673: $? = 0
configure:10685: result: yes
configure:10699: checking for stdint-types....
configure:10709: result: "(putting them into rfb/rfbint.h)"
configure:10722: checking for uintptr_t
configure:10747: gcc -c -g -O2 -Wall  conftest.c >&5
configure:10753: $? = 0
configure:10757: test -z 
			 || test ! -s conftest.err
configure:10760: $? = 0
configure:10763: test -s conftest.o
configure:10766: $? = 0
configure:10777: result: yes
configure:10785: checking for uint64_t
configure:10810: gcc -c -g -O2 -Wall  conftest.c >&5
configure:10816: $? = 0
configure:10820: test -z 
			 || test ! -s conftest.err
configure:10823: $? = 0
configure:10826: test -s conftest.o
configure:10829: $? = 0
configure:10840: result: yes
configure:10848: result: ... seen our uintptr_t in stdint.h (uint64_t too)
configure:11488: result: creating rfb/rfbint.h : _RFB_RFBINT_H
configure:11515: checking for int_least32_t
configure:11540: gcc -c -g -O2 -Wall  conftest.c >&5
configure:11546: $? = 0
configure:11550: test -z 
			 || test ! -s conftest.err
configure:11553: $? = 0
configure:11556: test -s conftest.o
configure:11559: $? = 0
configure:11570: result: yes
configure:11573: checking for int_fast32_t
configure:11598: gcc -c -g -O2 -Wall  conftest.c >&5
configure:11604: $? = 0
configure:11608: test -z 
			 || test ! -s conftest.err
configure:11611: $? = 0
configure:11614: test -s conftest.o
configure:11617: $? = 0
configure:11628: result: yes
configure:11638: result: ..adding include stdint.h
configure:11648: result: ... seen good stdint.h inttypes
configure:11786: result: ... seen good uint64_t
configure:12006: result: ... DONE rfb/rfbint.h
configure:12015: checking for in_addr_t
configure:12038: gcc -c -g -O2 -Wall  conftest.c >&5
conftest.c: In function 'main':
conftest.c:74:11: warning: unused variable 'foo' [-Wunused-variable]
 in_addr_t foo; return 0;
           ^
configure:12044: $? = 0
configure:12048: test -z 
			 || test ! -s conftest.err
configure:12051: $? = 0
configure:12054: test -s conftest.o
configure:12057: $? = 0
configure:12069: result: 
configure:12081: checking for working memcmp
configure:12129: gcc -o conftest -g -O2 -Wall   conftest.c -lpthread -lz -ljpeg  >&5
configure:12132: $? = 0
configure:12134: ./conftest
configure:12137: $? = 0
configure:12151: result: yes
configure:12162: checking whether lstat dereferences a symlink specified with a trailing slash
configure:12193: gcc -o conftest -g -O2 -Wall   conftest.c -lpthread -lz -ljpeg  >&5
configure:12196: $? = 0
configure:12198: ./conftest
configure:12201: $? = 0
configure:12222: result: yes
configure:12243: checking whether stat accepts an empty string
configure:12268: gcc -o conftest -g -O2 -Wall   conftest.c -lpthread -lz -ljpeg  >&5
configure:12271: $? = 0
configure:12273: ./conftest
configure:12276: $? = 1
configure: program exited with status 1
configure: failed program was:
| /* confdefs.h.  */
| 
| #define PACKAGE_NAME "x11vnc"
| #define PACKAGE_TARNAME "x11vnc"
| #define PACKAGE_VERSION "0.9.13"
| #define PACKAGE_STRING "x11vnc 0.9.13"
| #define PACKAGE_BUGREPORT "http://sourceforge.net/projects/libvncserver"
| #define PACKAGE "x11vnc"
| #define VERSION "0.9.13"
| #define ALLOW24BPP 1
| #define STDC_HEADERS 1
| #define HAVE_SYS_TYPES_H 1
| #define HAVE_SYS_STAT_H 1
| #define HAVE_STDLIB_H 1
| #define HAVE_STRING_H 1
| #define HAVE_MEMORY_H 1
| #define HAVE_STRINGS_H 1
| #define HAVE_INTTYPES_H 1
| #define HAVE_STDINT_H 1
| #define HAVE_UNISTD_H 1
| #define X_DISPLAY_MISSING 1
| #define HAVE_X11 1
| #define HAVE_XSHM 1
| #define HAVE_DPMS 1
| #define HAVE_XTESTGRABCONTROL 1
| #define HAVE_XTEST 1
| #define HAVE_RECORD 1
| #define HAVE_XKEYBOARD 1
| #define HAVE_LIBXINERAMA 1
| #define HAVE_LIBXRANDR 1
| #define HAVE_LIBXFIXES 1
| #define HAVE_LIBXDAMAGE 1
| #define HAVE_LIBCRYPT 1
| #define HAVE_LIBCRYPTO 1
| #define HAVE_LIBSSL 1
| #define HAVE_X509_PRINT_EX_FP 1
| #define HAVE_LINUX_FB_H 1
| #define HAVE_LINUX_INPUT_H 1
| #define HAVE_LINUX_UINPUT_H 1
| #define HAVE_MACOSX_NATIVE_DISPLAY 1
| #define HAVE_AVAHI 1
| #define HAVE_LIBJPEG 1
| #define HAVE_LIBZ 1
| #define HAVE_LIBPTHREAD 1
| #define HAVE_TLS 1
| #define WITH_TIGHTVNC_FILETRANSFER 1
| #define STDC_HEADERS 1
| #define HAVE_ARPA_INET_H 1
| #define HAVE_FCNTL_H 1
| #define HAVE_NETDB_H 1
| #define HAVE_NETINET_IN_H 1
| #define HAVE_STDLIB_H 1
| #define HAVE_STRING_H 1
| #define HAVE_SYS_SOCKET_H 1
| #define HAVE_SYS_UN_H 1
| #define HAVE_SYS_TIME_H 1
| #define HAVE_SYS_TIMEB_H 1
| #define HAVE_SYSLOG_H 1
| #define HAVE_UNISTD_H 1
| #define HAVE_PWD_H 1
| #define HAVE_SYS_WAIT_H 1
| #define HAVE_UTMPX_H 1
| #define HAVE_TERMIOS_H 1
| #define HAVE_SYS_IOCTL_H 1
| #define HAVE_SYS_STROPTS_H 1
| #define TIME_WITH_SYS_TIME 1
| #define HAVE_SYS_WAIT_H 1
| #define LSTAT_FOLLOWS_SLASHED_SYMLINK 1
| /* end confdefs.h.  */
| #include <stdio.h>
| #if HAVE_SYS_TYPES_H
| # include <sys/types.h>
| #endif
| #if HAVE_SYS_STAT_H
| # include <sys/stat.h>
| #endif
| #if STDC_HEADERS
| # include <stdlib.h>
| # include <stddef.h>
| #else
| # if HAVE_STDLIB_H
| #  include <stdlib.h>
| # endif
| #endif
| #if HAVE_STRING_H
| # if !STDC_HEADERS && HAVE_MEMORY_H
| #  include <memory.h>
| # endif
| # include <string.h>
| #endif
| #if HAVE_STRINGS_H
| # include <strings.h>
| #endif
| #if HAVE_INTTYPES_H
| # include <inttypes.h>
| #else
| # if HAVE_STDINT_H
| #  include <stdint.h>
| # endif
| #endif
| #if HAVE_UNISTD_H
| # include <unistd.h>
| #endif
| int
| main ()
| {
| struct stat sbuf;
|   exit (stat ("", &sbuf) ? 1 : 0);
|   ;
|   return 0;
| }
configure:12290: result: no
configure:12312: checking for strftime
configure:12369: gcc -o conftest -g -O2 -Wall   conftest.c -lpthread -lz -ljpeg  >&5
conftest.c:94:6: warning: conflicting types for built-in function 'strftime'
 char strftime ();
      ^
configure:12375: $? = 0
configure:12379: test -z 
			 || test ! -s conftest.err
configure:12382: $? = 0
configure:12385: test -s conftest
configure:12388: $? = 0
configure:12400: result: yes
configure:12488: checking for vprintf
configure:12545: gcc -o conftest -g -O2 -Wall   conftest.c -lpthread -lz -ljpeg  >&5
conftest.c:95:6: warning: conflicting types for built-in function 'vprintf'
 char vprintf ();
      ^
configure:12551: $? = 0
configure:12555: test -z 
			 || test ! -s conftest.err
configure:12558: $? = 0
configure:12561: test -s conftest
configure:12564: $? = 0
configure:12576: result: yes
configure:12583: checking for _doprnt
configure:12640: gcc -o conftest -g -O2 -Wall   conftest.c -lpthread -lz -ljpeg  >&5
/tmp/ccZiJSIM.o:(.data+0x0): undefined reference to `_doprnt'
/tmp/ccZiJSIM.o: In function `main':
/tmp/x11vnc/src/x11vnc-0.9.13/conftest.c:111: undefined reference to `_doprnt'
collect2: error: ld returned 1 exit status
configure:12646: $? = 1
configure: failed program was:
| /* confdefs.h.  */
| 
| #define PACKAGE_NAME "x11vnc"
| #define PACKAGE_TARNAME "x11vnc"
| #define PACKAGE_VERSION "0.9.13"
| #define PACKAGE_STRING "x11vnc 0.9.13"
| #define PACKAGE_BUGREPORT "http://sourceforge.net/projects/libvncserver"
| #define PACKAGE "x11vnc"
| #define VERSION "0.9.13"
| #define ALLOW24BPP 1
| #define STDC_HEADERS 1
| #define HAVE_SYS_TYPES_H 1
| #define HAVE_SYS_STAT_H 1
| #define HAVE_STDLIB_H 1
| #define HAVE_STRING_H 1
| #define HAVE_MEMORY_H 1
| #define HAVE_STRINGS_H 1
| #define HAVE_INTTYPES_H 1
| #define HAVE_STDINT_H 1
| #define HAVE_UNISTD_H 1
| #define X_DISPLAY_MISSING 1
| #define HAVE_X11 1
| #define HAVE_XSHM 1
| #define HAVE_DPMS 1
| #define HAVE_XTESTGRABCONTROL 1
| #define HAVE_XTEST 1
| #define HAVE_RECORD 1
| #define HAVE_XKEYBOARD 1
| #define HAVE_LIBXINERAMA 1
| #define HAVE_LIBXRANDR 1
| #define HAVE_LIBXFIXES 1
| #define HAVE_LIBXDAMAGE 1
| #define HAVE_LIBCRYPT 1
| #define HAVE_LIBCRYPTO 1
| #define HAVE_LIBSSL 1
| #define HAVE_X509_PRINT_EX_FP 1
| #define HAVE_LINUX_FB_H 1
| #define HAVE_LINUX_INPUT_H 1
| #define HAVE_LINUX_UINPUT_H 1
| #define HAVE_MACOSX_NATIVE_DISPLAY 1
| #define HAVE_AVAHI 1
| #define HAVE_LIBJPEG 1
| #define HAVE_LIBZ 1
| #define HAVE_LIBPTHREAD 1
| #define HAVE_TLS 1
| #define WITH_TIGHTVNC_FILETRANSFER 1
| #define STDC_HEADERS 1
| #define HAVE_ARPA_INET_H 1
| #define HAVE_FCNTL_H 1
| #define HAVE_NETDB_H 1
| #define HAVE_NETINET_IN_H 1
| #define HAVE_STDLIB_H 1
| #define HAVE_STRING_H 1
| #define HAVE_SYS_SOCKET_H 1
| #define HAVE_SYS_UN_H 1
| #define HAVE_SYS_TIME_H 1
| #define HAVE_SYS_TIMEB_H 1
| #define HAVE_SYSLOG_H 1
| #define HAVE_UNISTD_H 1
| #define HAVE_PWD_H 1
| #define HAVE_SYS_WAIT_H 1
| #define HAVE_UTMPX_H 1
| #define HAVE_TERMIOS_H 1
| #define HAVE_SYS_IOCTL_H 1
| #define HAVE_SYS_STROPTS_H 1
| #define TIME_WITH_SYS_TIME 1
| #define HAVE_SYS_WAIT_H 1
| #define LSTAT_FOLLOWS_SLASHED_SYMLINK 1
| #define HAVE_STRFTIME 1
| #define HAVE_VPRINTF 1
| /* end confdefs.h.  */
| /* Define _doprnt to an innocuous variant, in case <limits.h> declares _doprnt.
|    For example, HP-UX 11i <limits.h> declares gettimeofday.  */
| #define _doprnt innocuous__doprnt
| 
| /* System header to define __stub macros and hopefully few prototypes,
|     which can conflict with char _doprnt (); below.
|     Prefer <limits.h> to <assert.h> if __STDC__ is defined, since
|     <limits.h> exists even on freestanding compilers.  */
| 
| #ifdef __STDC__
| # include <limits.h>
| #else
| # include <assert.h>
| #endif
| 
| #undef _doprnt
| 
| /* Override any gcc2 internal prototype to avoid an error.  */
| #ifdef __cplusplus
| extern "C"
| {
| #endif
| /* We use char because int might match the return type of a gcc2
|    builtin and then its argument prototype would still apply.  */
| char _doprnt ();
| /* The GNU C library defines this for functions which it implements
|     to always fail with ENOSYS.  Some functions are actually named
|     something starting with __ and the normal name is an alias.  */
| #if defined (__stub__doprnt) || defined (__stub____doprnt)
| choke me
| #else
| char (*f) () = _doprnt;
| #endif
| #ifdef __cplusplus
| }
| #endif
| 
| int
| main ()
| {
| return f != _doprnt;
|   ;
|   return 0;
| }
configure:12671: result: no
configure:12685: checking for pid_t
configure:12709: gcc -c -g -O2 -Wall  conftest.c >&5
configure:12715: $? = 0
configure:12719: test -z 
			 || test ! -s conftest.err
configure:12722: $? = 0
configure:12725: test -s conftest.o
configure:12728: $? = 0
configure:12739: result: yes
configure:12757: checking for unistd.h
configure:12762: result: yes
configure:12766: checking vfork.h usability
configure:12778: gcc -c -g -O2 -Wall  conftest.c >&5
conftest.c:107:19: fatal error: vfork.h: No such file or directory
compilation terminated.
configure:12784: $? = 1
configure: failed program was:
| /* confdefs.h.  */
| 
| #define PACKAGE_NAME "x11vnc"
| #define PACKAGE_TARNAME "x11vnc"
| #define PACKAGE_VERSION "0.9.13"
| #define PACKAGE_STRING "x11vnc 0.9.13"
| #define PACKAGE_BUGREPORT "http://sourceforge.net/projects/libvncserver"
| #define PACKAGE "x11vnc"
| #define VERSION "0.9.13"
| #define ALLOW24BPP 1
| #define STDC_HEADERS 1
| #define HAVE_SYS_TYPES_H 1
| #define HAVE_SYS_STAT_H 1
| #define HAVE_STDLIB_H 1
| #define HAVE_STRING_H 1
| #define HAVE_MEMORY_H 1
| #define HAVE_STRINGS_H 1
| #define HAVE_INTTYPES_H 1
| #define HAVE_STDINT_H 1
| #define HAVE_UNISTD_H 1
| #define X_DISPLAY_MISSING 1
| #define HAVE_X11 1
| #define HAVE_XSHM 1
| #define HAVE_DPMS 1
| #define HAVE_XTESTGRABCONTROL 1
| #define HAVE_XTEST 1
| #define HAVE_RECORD 1
| #define HAVE_XKEYBOARD 1
| #define HAVE_LIBXINERAMA 1
| #define HAVE_LIBXRANDR 1
| #define HAVE_LIBXFIXES 1
| #define HAVE_LIBXDAMAGE 1
| #define HAVE_LIBCRYPT 1
| #define HAVE_LIBCRYPTO 1
| #define HAVE_LIBSSL 1
| #define HAVE_X509_PRINT_EX_FP 1
| #define HAVE_LINUX_FB_H 1
| #define HAVE_LINUX_INPUT_H 1
| #define HAVE_LINUX_UINPUT_H 1
| #define HAVE_MACOSX_NATIVE_DISPLAY 1
| #define HAVE_AVAHI 1
| #define HAVE_LIBJPEG 1
| #define HAVE_LIBZ 1
| #define HAVE_LIBPTHREAD 1
| #define HAVE_TLS 1
| #define WITH_TIGHTVNC_FILETRANSFER 1
| #define STDC_HEADERS 1
| #define HAVE_ARPA_INET_H 1
| #define HAVE_FCNTL_H 1
| #define HAVE_NETDB_H 1
| #define HAVE_NETINET_IN_H 1
| #define HAVE_STDLIB_H 1
| #define HAVE_STRING_H 1
| #define HAVE_SYS_SOCKET_H 1
| #define HAVE_SYS_UN_H 1
| #define HAVE_SYS_TIME_H 1
| #define HAVE_SYS_TIMEB_H 1
| #define HAVE_SYSLOG_H 1
| #define HAVE_UNISTD_H 1
| #define HAVE_PWD_H 1
| #define HAVE_SYS_WAIT_H 1
| #define HAVE_UTMPX_H 1
| #define HAVE_TERMIOS_H 1
| #define HAVE_SYS_IOCTL_H 1
| #define HAVE_SYS_STROPTS_H 1
| #define TIME_WITH_SYS_TIME 1
| #define HAVE_SYS_WAIT_H 1
| #define LSTAT_FOLLOWS_SLASHED_SYMLINK 1
| #define HAVE_STRFTIME 1
| #define HAVE_VPRINTF 1
| #define HAVE_UNISTD_H 1
| /* end confdefs.h.  */
| #include <stdio.h>
| #if HAVE_SYS_TYPES_H
| # include <sys/types.h>
| #endif
| #if HAVE_SYS_STAT_H
| # include <sys/stat.h>
| #endif
| #if STDC_HEADERS
| # include <stdlib.h>
| # include <stddef.h>
| #else
| # if HAVE_STDLIB_H
| #  include <stdlib.h>
| # endif
| #endif
| #if HAVE_STRING_H
| # if !STDC_HEADERS && HAVE_MEMORY_H
| #  include <memory.h>
| # endif
| # include <string.h>
| #endif
| #if HAVE_STRINGS_H
| # include <strings.h>
| #endif
| #if HAVE_INTTYPES_H
| # include <inttypes.h>
| #else
| # if HAVE_STDINT_H
| #  include <stdint.h>
| # endif
| #endif
| #if HAVE_UNISTD_H
| # include <unistd.h>
| #endif
| #include <vfork.h>
configure:12807: result: no
configure:12811: checking vfork.h presence
configure:12821: gcc -E  conftest.c
conftest.c:73:19: fatal error: vfork.h: No such file or directory
compilation terminated.
configure:12827: $? = 1
configure: failed program was:
| /* confdefs.h.  */
| 
| #define PACKAGE_NAME "x11vnc"
| #define PACKAGE_TARNAME "x11vnc"
| #define PACKAGE_VERSION "0.9.13"
| #define PACKAGE_STRING "x11vnc 0.9.13"
| #define PACKAGE_BUGREPORT "http://sourceforge.net/projects/libvncserver"
| #define PACKAGE "x11vnc"
| #define VERSION "0.9.13"
| #define ALLOW24BPP 1
| #define STDC_HEADERS 1
| #define HAVE_SYS_TYPES_H 1
| #define HAVE_SYS_STAT_H 1
| #define HAVE_STDLIB_H 1
| #define HAVE_STRING_H 1
| #define HAVE_MEMORY_H 1
| #define HAVE_STRINGS_H 1
| #define HAVE_INTTYPES_H 1
| #define HAVE_STDINT_H 1
| #define HAVE_UNISTD_H 1
| #define X_DISPLAY_MISSING 1
| #define HAVE_X11 1
| #define HAVE_XSHM 1
| #define HAVE_DPMS 1
| #define HAVE_XTESTGRABCONTROL 1
| #define HAVE_XTEST 1
| #define HAVE_RECORD 1
| #define HAVE_XKEYBOARD 1
| #define HAVE_LIBXINERAMA 1
| #define HAVE_LIBXRANDR 1
| #define HAVE_LIBXFIXES 1
| #define HAVE_LIBXDAMAGE 1
| #define HAVE_LIBCRYPT 1
| #define HAVE_LIBCRYPTO 1
| #define HAVE_LIBSSL 1
| #define HAVE_X509_PRINT_EX_FP 1
| #define HAVE_LINUX_FB_H 1
| #define HAVE_LINUX_INPUT_H 1
| #define HAVE_LINUX_UINPUT_H 1
| #define HAVE_MACOSX_NATIVE_DISPLAY 1
| #define HAVE_AVAHI 1
| #define HAVE_LIBJPEG 1
| #define HAVE_LIBZ 1
| #define HAVE_LIBPTHREAD 1
| #define HAVE_TLS 1
| #define WITH_TIGHTVNC_FILETRANSFER 1
| #define STDC_HEADERS 1
| #define HAVE_ARPA_INET_H 1
| #define HAVE_FCNTL_H 1
| #define HAVE_NETDB_H 1
| #define HAVE_NETINET_IN_H 1
| #define HAVE_STDLIB_H 1
| #define HAVE_STRING_H 1
| #define HAVE_SYS_SOCKET_H 1
| #define HAVE_SYS_UN_H 1
| #define HAVE_SYS_TIME_H 1
| #define HAVE_SYS_TIMEB_H 1
| #define HAVE_SYSLOG_H 1
| #define HAVE_UNISTD_H 1
| #define HAVE_PWD_H 1
| #define HAVE_SYS_WAIT_H 1
| #define HAVE_UTMPX_H 1
| #define HAVE_TERMIOS_H 1
| #define HAVE_SYS_IOCTL_H 1
| #define HAVE_SYS_STROPTS_H 1
| #define TIME_WITH_SYS_TIME 1
| #define HAVE_SYS_WAIT_H 1
| #define LSTAT_FOLLOWS_SLASHED_SYMLINK 1
| #define HAVE_STRFTIME 1
| #define HAVE_VPRINTF 1
| #define HAVE_UNISTD_H 1
| /* end confdefs.h.  */
| #include <vfork.h>
configure:12847: result: no
configure:12882: checking for vfork.h
configure:12889: result: no
configure:12907: checking for fork
configure:12964: gcc -o conftest -g -O2 -Wall   conftest.c -lpthread -lz -ljpeg  >&5
conftest.c:97:6: warning: conflicting types for built-in function 'fork'
 char fork ();
      ^
configure:12970: $? = 0
configure:12974: test -z 
			 || test ! -s conftest.err
configure:12977: $? = 0
configure:12980: test -s conftest
configure:12983: $? = 0
configure:12995: result: yes
configure:12907: checking for vfork
configure:12964: gcc -o conftest -g -O2 -Wall   conftest.c -lpthread -lz -ljpeg  >&5
configure:12970: $? = 0
configure:12974: test -z 
			 || test ! -s conftest.err
configure:12977: $? = 0
configure:12980: test -s conftest
configure:12983: $? = 0
configure:12995: result: yes
configure:13006: checking for working fork
configure:13029: gcc -o conftest -g -O2 -Wall   conftest.c -lpthread -lz -ljpeg  >&5
conftest.c: In function 'main':
conftest.c:9:6: warning: implicit declaration of function 'fork' [-Wimplicit-function-declaration]
  if (fork() < 0)
      ^
conftest.c:10:4: warning: implicit declaration of function 'exit' [-Wimplicit-function-declaration]
    exit (1);
    ^
conftest.c:10:4: warning: incompatible implicit declaration of built-in function 'exit'
conftest.c:10:4: note: include '<stdlib.h>' or provide a declaration of 'exit'
conftest.c:11:2: warning: incompatible implicit declaration of built-in function 'exit'
  exit (0);
  ^
conftest.c:11:2: note: include '<stdlib.h>' or provide a declaration of 'exit'
configure:13032: $? = 0
configure:13034: ./conftest
configure:13037: $? = 0
configure:13051: result: yes
configure:13072: checking for working vfork
configure:13205: result: yes
configure:13237: checking for gethostbyname in -lnsl
configure:13267: gcc -o conftest -g -O2 -Wall   conftest.c -lnsl  -lpthread -lz -ljpeg  >&5
configure:13273: $? = 0
configure:13277: test -z 
			 || test ! -s conftest.err
configure:13280: $? = 0
configure:13283: test -s conftest
configure:13286: $? = 0
configure:13299: result: yes
configure:13311: checking for socket in -lsocket
configure:13341: gcc -o conftest -g -O2 -Wall   conftest.c -lsocket  -lnsl -lpthread -lz -ljpeg  >&5
/usr/bin/ld: cannot find -lsocket
collect2: error: ld returned 1 exit status
configure:13347: $? = 1
configure: failed program was:
| /* confdefs.h.  */
| 
| #define PACKAGE_NAME "x11vnc"
| #define PACKAGE_TARNAME "x11vnc"
| #define PACKAGE_VERSION "0.9.13"
| #define PACKAGE_STRING "x11vnc 0.9.13"
| #define PACKAGE_BUGREPORT "http://sourceforge.net/projects/libvncserver"
| #define PACKAGE "x11vnc"
| #define VERSION "0.9.13"
| #define ALLOW24BPP 1
| #define STDC_HEADERS 1
| #define HAVE_SYS_TYPES_H 1
| #define HAVE_SYS_STAT_H 1
| #define HAVE_STDLIB_H 1
| #define HAVE_STRING_H 1
| #define HAVE_MEMORY_H 1
| #define HAVE_STRINGS_H 1
| #define HAVE_INTTYPES_H 1
| #define HAVE_STDINT_H 1
| #define HAVE_UNISTD_H 1
| #define X_DISPLAY_MISSING 1
| #define HAVE_X11 1
| #define HAVE_XSHM 1
| #define HAVE_DPMS 1
| #define HAVE_XTESTGRABCONTROL 1
| #define HAVE_XTEST 1
| #define HAVE_RECORD 1
| #define HAVE_XKEYBOARD 1
| #define HAVE_LIBXINERAMA 1
| #define HAVE_LIBXRANDR 1
| #define HAVE_LIBXFIXES 1
| #define HAVE_LIBXDAMAGE 1
| #define HAVE_LIBCRYPT 1
| #define HAVE_LIBCRYPTO 1
| #define HAVE_LIBSSL 1
| #define HAVE_X509_PRINT_EX_FP 1
| #define HAVE_LINUX_FB_H 1
| #define HAVE_LINUX_INPUT_H 1
| #define HAVE_LINUX_UINPUT_H 1
| #define HAVE_MACOSX_NATIVE_DISPLAY 1
| #define HAVE_AVAHI 1
| #define HAVE_LIBJPEG 1
| #define HAVE_LIBZ 1
| #define HAVE_LIBPTHREAD 1
| #define HAVE_TLS 1
| #define WITH_TIGHTVNC_FILETRANSFER 1
| #define STDC_HEADERS 1
| #define HAVE_ARPA_INET_H 1
| #define HAVE_FCNTL_H 1
| #define HAVE_NETDB_H 1
| #define HAVE_NETINET_IN_H 1
| #define HAVE_STDLIB_H 1
| #define HAVE_STRING_H 1
| #define HAVE_SYS_SOCKET_H 1
| #define HAVE_SYS_UN_H 1
| #define HAVE_SYS_TIME_H 1
| #define HAVE_SYS_TIMEB_H 1
| #define HAVE_SYSLOG_H 1
| #define HAVE_UNISTD_H 1
| #define HAVE_PWD_H 1
| #define HAVE_SYS_WAIT_H 1
| #define HAVE_UTMPX_H 1
| #define HAVE_TERMIOS_H 1
| #define HAVE_SYS_IOCTL_H 1
| #define HAVE_SYS_STROPTS_H 1
| #define TIME_WITH_SYS_TIME 1
| #define HAVE_SYS_WAIT_H 1
| #define LSTAT_FOLLOWS_SLASHED_SYMLINK 1
| #define HAVE_STRFTIME 1
| #define HAVE_VPRINTF 1
| #define HAVE_UNISTD_H 1
| #define HAVE_FORK 1
| #define HAVE_VFORK 1
| #define HAVE_WORKING_VFORK 1
| #define HAVE_WORKING_FORK 1
| #define HAVE_LIBNSL 1
| /* end confdefs.h.  */
| 
| /* Override any gcc2 internal prototype to avoid an error.  */
| #ifdef __cplusplus
| extern "C"
| #endif
| /* We use char because int might match the return type of a gcc2
|    builtin and then its argument prototype would still apply.  */
| char socket ();
| int
| main ()
| {
| socket ();
|   ;
|   return 0;
| }
configure:13373: result: no
configure:13410: checking for ftime
configure:13467: gcc -o conftest -g -O2 -Wall   conftest.c -lnsl -lpthread -lz -ljpeg  >&5
configure:13473: $? = 0
configure:13477: test -z 
			 || test ! -s conftest.err
configure:13480: $? = 0
configure:13483: test -s conftest
configure:13486: $? = 0
configure:13498: result: yes
configure:13410: checking for gethostbyname
configure:13467: gcc -o conftest -g -O2 -Wall   conftest.c -lnsl -lpthread -lz -ljpeg  >&5
configure:13473: $? = 0
configure:13477: test -z 
			 || test ! -s conftest.err
configure:13480: $? = 0
configure:13483: test -s conftest
configure:13486: $? = 0
configure:13498: result: yes
configure:13410: checking for gethostname
configure:13467: gcc -o conftest -g -O2 -Wall   conftest.c -lnsl -lpthread -lz -ljpeg  >&5
configure:13473: $? = 0
configure:13477: test -z 
			 || test ! -s conftest.err
configure:13480: $? = 0
configure:13483: test -s conftest
configure:13486: $? = 0
configure:13498: result: yes
configure:13410: checking for gettimeofday
configure:13467: gcc -o conftest -g -O2 -Wall   conftest.c -lnsl -lpthread -lz -ljpeg  >&5
configure:13473: $? = 0
configure:13477: test -z 
			 || test ! -s conftest.err
configure:13480: $? = 0
configure:13483: test -s conftest
configure:13486: $? = 0
configure:13498: result: yes
configure:13410: checking for inet_ntoa
configure:13467: gcc -o conftest -g -O2 -Wall   conftest.c -lnsl -lpthread -lz -ljpeg  >&5
configure:13473: $? = 0
configure:13477: test -z 
			 || test ! -s conftest.err
configure:13480: $? = 0
configure:13483: test -s conftest
configure:13486: $? = 0
configure:13498: result: yes
configure:13410: checking for memmove
configure:13467: gcc -o conftest -g -O2 -Wall   conftest.c -lnsl -lpthread -lz -ljpeg  >&5
conftest.c:107:6: warning: conflicting types for built-in function 'memmove'
 char memmove ();
      ^
configure:13473: $? = 0
configure:13477: test -z 
			 || test ! -s conftest.err
configure:13480: $? = 0
configure:13483: test -s conftest
configure:13486: $? = 0
configure:13498: result: yes
configure:13410: checking for memset
configure:13467: gcc -o conftest -g -O2 -Wall   conftest.c -lnsl -lpthread -lz -ljpeg  >&5
conftest.c:108:6: warning: conflicting types for built-in function 'memset'
 char memset ();
      ^
configure:13473: $? = 0
configure:13477: test -z 
			 || test ! -s conftest.err
configure:13480: $? = 0
configure:13483: test -s conftest
configure:13486: $? = 0
configure:13498: result: yes
configure:13410: checking for mmap
configure:13467: gcc -o conftest -g -O2 -Wall   conftest.c -lnsl -lpthread -lz -ljpeg  >&5
configure:13473: $? = 0
configure:13477: test -z 
			 || test ! -s conftest.err
configure:13480: $? = 0
configure:13483: test -s conftest
configure:13486: $? = 0
configure:13498: result: yes
configure:13410: checking for mkfifo
configure:13467: gcc -o conftest -g -O2 -Wall   conftest.c -lnsl -lpthread -lz -ljpeg  >&5
configure:13473: $? = 0
configure:13477: test -z 
			 || test ! -s conftest.err
configure:13480: $? = 0
configure:13483: test -s conftest
configure:13486: $? = 0
configure:13498: result: yes
configure:13410: checking for select
configure:13467: gcc -o conftest -g -O2 -Wall   conftest.c -lnsl -lpthread -lz -ljpeg  >&5
configure:13473: $? = 0
configure:13477: test -z 
			 || test ! -s conftest.err
configure:13480: $? = 0
configure:13483: test -s conftest
configure:13486: $? = 0
configure:13498: result: yes
configure:13410: checking for socket
configure:13467: gcc -o conftest -g -O2 -Wall   conftest.c -lnsl -lpthread -lz -ljpeg  >&5
configure:13473: $? = 0
configure:13477: test -z 
			 || test ! -s conftest.err
configure:13480: $? = 0
configure:13483: test -s conftest
configure:13486: $? = 0
configure:13498: result: yes
configure:13410: checking for strchr
configure:13467: gcc -o conftest -g -O2 -Wall   conftest.c -lnsl -lpthread -lz -ljpeg  >&5
conftest.c:113:6: warning: conflicting types for built-in function 'strchr'
 char strchr ();
      ^
configure:13473: $? = 0
configure:13477: test -z 
			 || test ! -s conftest.err
configure:13480: $? = 0
configure:13483: test -s conftest
configure:13486: $? = 0
configure:13498: result: yes
configure:13410: checking for strcspn
configure:13467: gcc -o conftest -g -O2 -Wall   conftest.c -lnsl -lpthread -lz -ljpeg  >&5
conftest.c:114:6: warning: conflicting types for built-in function 'strcspn'
 char strcspn ();
      ^
configure:13473: $? = 0
configure:13477: test -z 
			 || test ! -s conftest.err
configure:13480: $? = 0
configure:13483: test -s conftest
configure:13486: $? = 0
configure:13498: result: yes
configure:13410: checking for strdup
configure:13467: gcc -o conftest -g -O2 -Wall   conftest.c -lnsl -lpthread -lz -ljpeg  >&5
conftest.c:115:6: warning: conflicting types for built-in function 'strdup'
 char strdup ();
      ^
configure:13473: $? = 0
configure:13477: test -z 
			 || test ! -s conftest.err
configure:13480: $? = 0
configure:13483: test -s conftest
configure:13486: $? = 0
configure:13498: result: yes
configure:13410: checking for strerror
configure:13467: gcc -o conftest -g -O2 -Wall   conftest.c -lnsl -lpthread -lz -ljpeg  >&5
configure:13473: $? = 0
configure:13477: test -z 
			 || test ! -s conftest.err
configure:13480: $? = 0
configure:13483: test -s conftest
configure:13486: $? = 0
configure:13498: result: yes
configure:13410: checking for strstr
configure:13467: gcc -o conftest -g -O2 -Wall   conftest.c -lnsl -lpthread -lz -ljpeg  >&5
conftest.c:117:6: warning: conflicting types for built-in function 'strstr'
 char strstr ();
      ^
configure:13473: $? = 0
configure:13477: test -z 
			 || test ! -s conftest.err
configure:13480: $? = 0
configure:13483: test -s conftest
configure:13486: $? = 0
configure:13498: result: yes
configure:13529: checking for setsid
configure:13586: gcc -o conftest -g -O2 -Wall   conftest.c -lnsl -lpthread -lz -ljpeg  >&5
configure:13592: $? = 0
configure:13596: test -z 
			 || test ! -s conftest.err
configure:13599: $? = 0
configure:13602: test -s conftest
configure:13605: $? = 0
configure:13617: result: yes
configure:13529: checking for setpgrp
configure:13586: gcc -o conftest -g -O2 -Wall   conftest.c -lnsl -lpthread -lz -ljpeg  >&5
configure:13592: $? = 0
configure:13596: test -z 
			 || test ! -s conftest.err
configure:13599: $? = 0
configure:13602: test -s conftest
configure:13605: $? = 0
configure:13617: result: yes
configure:13529: checking for getpwuid
configure:13586: gcc -o conftest -g -O2 -Wall   conftest.c -lnsl -lpthread -lz -ljpeg  >&5
configure:13592: $? = 0
configure:13596: test -z 
			 || test ! -s conftest.err
configure:13599: $? = 0
configure:13602: test -s conftest
configure:13605: $? = 0
configure:13617: result: yes
configure:13529: checking for getpwnam
configure:13586: gcc -o conftest -g -O2 -Wall   conftest.c -lnsl -lpthread -lz -ljpeg  >&5
configure:13592: $? = 0
configure:13596: test -z 
			 || test ! -s conftest.err
configure:13599: $? = 0
configure:13602: test -s conftest
configure:13605: $? = 0
configure:13617: result: yes
configure:13529: checking for getspnam
configure:13586: gcc -o conftest -g -O2 -Wall   conftest.c -lnsl -lpthread -lz -ljpeg  >&5
configure:13592: $? = 0
configure:13596: test -z 
			 || test ! -s conftest.err
configure:13599: $? = 0
configure:13602: test -s conftest
configure:13605: $? = 0
configure:13617: result: yes
configure:13529: checking for getuid
configure:13586: gcc -o conftest -g -O2 -Wall   conftest.c -lnsl -lpthread -lz -ljpeg  >&5
configure:13592: $? = 0
configure:13596: test -z 
			 || test ! -s conftest.err
configure:13599: $? = 0
configure:13602: test -s conftest
configure:13605: $? = 0
configure:13617: result: yes
configure:13529: checking for geteuid
configure:13586: gcc -o conftest -g -O2 -Wall   conftest.c -lnsl -lpthread -lz -ljpeg  >&5
configure:13592: $? = 0
configure:13596: test -z 
			 || test ! -s conftest.err
configure:13599: $? = 0
configure:13602: test -s conftest
configure:13605: $? = 0
configure:13617: result: yes
configure:13529: checking for setuid
configure:13586: gcc -o conftest -g -O2 -Wall   conftest.c -lnsl -lpthread -lz -ljpeg  >&5
configure:13592: $? = 0
configure:13596: test -z 
			 || test ! -s conftest.err
configure:13599: $? = 0
configure:13602: test -s conftest
configure:13605: $? = 0
configure:13617: result: yes
configure:13529: checking for setgid
configure:13586: gcc -o conftest -g -O2 -Wall   conftest.c -lnsl -lpthread -lz -ljpeg  >&5
configure:13592: $? = 0
configure:13596: test -z 
			 || test ! -s conftest.err
configure:13599: $? = 0
configure:13602: test -s conftest
configure:13605: $? = 0
configure:13617: result: yes
configure:13529: checking for seteuid
configure:13586: gcc -o conftest -g -O2 -Wall   conftest.c -lnsl -lpthread -lz -ljpeg  >&5
configure:13592: $? = 0
configure:13596: test -z 
			 || test ! -s conftest.err
configure:13599: $? = 0
configure:13602: test -s conftest
configure:13605: $? = 0
configure:13617: result: yes
configure:13529: checking for setegid
configure:13586: gcc -o conftest -g -O2 -Wall   conftest.c -lnsl -lpthread -lz -ljpeg  >&5
configure:13592: $? = 0
configure:13596: test -z 
			 || test ! -s conftest.err
configure:13599: $? = 0
configure:13602: test -s conftest
configure:13605: $? = 0
configure:13617: result: yes
configure:13529: checking for initgroups
configure:13586: gcc -o conftest -g -O2 -Wall   conftest.c -lnsl -lpthread -lz -ljpeg  >&5
configure:13592: $? = 0
configure:13596: test -z 
			 || test ! -s conftest.err
configure:13599: $? = 0
configure:13602: test -s conftest
configure:13605: $? = 0
configure:13617: result: yes
configure:13529: checking for waitpid
configure:13586: gcc -o conftest -g -O2 -Wall   conftest.c -lnsl -lpthread -lz -ljpeg  >&5
configure:13592: $? = 0
configure:13596: test -z 
			 || test ! -s conftest.err
configure:13599: $? = 0
configure:13602: test -s conftest
configure:13605: $? = 0
configure:13617: result: yes
configure:13529: checking for setutxent
configure:13586: gcc -o conftest -g -O2 -Wall   conftest.c -lnsl -lpthread -lz -ljpeg  >&5
configure:13592: $? = 0
configure:13596: test -z 
			 || test ! -s conftest.err
configure:13599: $? = 0
configure:13602: test -s conftest
configure:13605: $? = 0
configure:13617: result: yes
configure:13529: checking for grantpt
configure:13586: gcc -o conftest -g -O2 -Wall   conftest.c -lnsl -lpthread -lz -ljpeg  >&5
configure:13592: $? = 0
configure:13596: test -z 
			 || test ! -s conftest.err
configure:13599: $? = 0
configure:13602: test -s conftest
configure:13605: $? = 0
configure:13617: result: yes
configure:13529: checking for shmat
configure:13586: gcc -o conftest -g -O2 -Wall   conftest.c -lnsl -lpthread -lz -ljpeg  >&5
configure:13592: $? = 0
configure:13596: test -z 
			 || test ! -s conftest.err
configure:13599: $? = 0
configure:13602: test -s conftest
configure:13605: $? = 0
configure:13617: result: yes
configure:13631: checking for shmget in -lcygipc
configure:13661: gcc -o conftest -g -O2 -Wall   conftest.c -lcygipc  -lnsl -lpthread -lz -ljpeg  >&5
/usr/bin/ld: cannot find -lcygipc
collect2: error: ld returned 1 exit status
configure:13667: $? = 1
configure: failed program was:
| /* confdefs.h.  */
| 
| #define PACKAGE_NAME "x11vnc"
| #define PACKAGE_TARNAME "x11vnc"
| #define PACKAGE_VERSION "0.9.13"
| #define PACKAGE_STRING "x11vnc 0.9.13"
| #define PACKAGE_BUGREPORT "http://sourceforge.net/projects/libvncserver"
| #define PACKAGE "x11vnc"
| #define VERSION "0.9.13"
| #define ALLOW24BPP 1
| #define STDC_HEADERS 1
| #define HAVE_SYS_TYPES_H 1
| #define HAVE_SYS_STAT_H 1
| #define HAVE_STDLIB_H 1
| #define HAVE_STRING_H 1
| #define HAVE_MEMORY_H 1
| #define HAVE_STRINGS_H 1
| #define HAVE_INTTYPES_H 1
| #define HAVE_STDINT_H 1
| #define HAVE_UNISTD_H 1
| #define X_DISPLAY_MISSING 1
| #define HAVE_X11 1
| #define HAVE_XSHM 1
| #define HAVE_DPMS 1
| #define HAVE_XTESTGRABCONTROL 1
| #define HAVE_XTEST 1
| #define HAVE_RECORD 1
| #define HAVE_XKEYBOARD 1
| #define HAVE_LIBXINERAMA 1
| #define HAVE_LIBXRANDR 1
| #define HAVE_LIBXFIXES 1
| #define HAVE_LIBXDAMAGE 1
| #define HAVE_LIBCRYPT 1
| #define HAVE_LIBCRYPTO 1
| #define HAVE_LIBSSL 1
| #define HAVE_X509_PRINT_EX_FP 1
| #define HAVE_LINUX_FB_H 1
| #define HAVE_LINUX_INPUT_H 1
| #define HAVE_LINUX_UINPUT_H 1
| #define HAVE_MACOSX_NATIVE_DISPLAY 1
| #define HAVE_AVAHI 1
| #define HAVE_LIBJPEG 1
| #define HAVE_LIBZ 1
| #define HAVE_LIBPTHREAD 1
| #define HAVE_TLS 1
| #define WITH_TIGHTVNC_FILETRANSFER 1
| #define STDC_HEADERS 1
| #define HAVE_ARPA_INET_H 1
| #define HAVE_FCNTL_H 1
| #define HAVE_NETDB_H 1
| #define HAVE_NETINET_IN_H 1
| #define HAVE_STDLIB_H 1
| #define HAVE_STRING_H 1
| #define HAVE_SYS_SOCKET_H 1
| #define HAVE_SYS_UN_H 1
| #define HAVE_SYS_TIME_H 1
| #define HAVE_SYS_TIMEB_H 1
| #define HAVE_SYSLOG_H 1
| #define HAVE_UNISTD_H 1
| #define HAVE_PWD_H 1
| #define HAVE_SYS_WAIT_H 1
| #define HAVE_UTMPX_H 1
| #define HAVE_TERMIOS_H 1
| #define HAVE_SYS_IOCTL_H 1
| #define HAVE_SYS_STROPTS_H 1
| #define TIME_WITH_SYS_TIME 1
| #define HAVE_SYS_WAIT_H 1
| #define LSTAT_FOLLOWS_SLASHED_SYMLINK 1
| #define HAVE_STRFTIME 1
| #define HAVE_VPRINTF 1
| #define HAVE_UNISTD_H 1
| #define HAVE_FORK 1
| #define HAVE_VFORK 1
| #define HAVE_WORKING_VFORK 1
| #define HAVE_WORKING_FORK 1
| #define HAVE_LIBNSL 1
| #define HAVE_FTIME 1
| #define HAVE_GETHOSTBYNAME 1
| #define HAVE_GETHOSTNAME 1
| #define HAVE_GETTIMEOFDAY 1
| #define HAVE_INET_NTOA 1
| #define HAVE_MEMMOVE 1
| #define HAVE_MEMSET 1
| #define HAVE_MMAP 1
| #define HAVE_MKFIFO 1
| #define HAVE_SELECT 1
| #define HAVE_SOCKET 1
| #define HAVE_STRCHR 1
| #define HAVE_STRCSPN 1
| #define HAVE_STRDUP 1
| #define HAVE_STRERROR 1
| #define HAVE_STRSTR 1
| #define HAVE_SETSID 1
| #define HAVE_SETPGRP 1
| #define HAVE_GETPWUID 1
| #define HAVE_GETPWNAM 1
| #define HAVE_GETSPNAM 1
| #define HAVE_GETUID 1
| #define HAVE_GETEUID 1
| #define HAVE_SETUID 1
| #define HAVE_SETGID 1
| #define HAVE_SETEUID 1
| #define HAVE_SETEGID 1
| #define HAVE_INITGROUPS 1
| #define HAVE_WAITPID 1
| #define HAVE_SETUTXENT 1
| #define HAVE_GRANTPT 1
| #define HAVE_SHMAT 1
| /* end confdefs.h.  */
| 
| /* Override any gcc2 internal prototype to avoid an error.  */
| #ifdef __cplusplus
| extern "C"
| #endif
| /* We use char because int might match the return type of a gcc2
|    builtin and then its argument prototype would still apply.  */
| char shmget ();
| int
| main ()
| {
| shmget ();
|   ;
|   return 0;
| }
configure:13693: result: no
configure:13738: checking ApplicationServices/ApplicationServices.h usability
configure:13750: gcc -c -g -O2 -Wall  conftest.c >&5
conftest.c:144:53: fatal error: ApplicationServices/ApplicationServices.h: No such file or directory
compilation terminated.
configure:13756: $? = 1
configure: failed program was:
| /* confdefs.h.  */
| 
| #define PACKAGE_NAME "x11vnc"
| #define PACKAGE_TARNAME "x11vnc"
| #define PACKAGE_VERSION "0.9.13"
| #define PACKAGE_STRING "x11vnc 0.9.13"
| #define PACKAGE_BUGREPORT "http://sourceforge.net/projects/libvncserver"
| #define PACKAGE "x11vnc"
| #define VERSION "0.9.13"
| #define ALLOW24BPP 1
| #define STDC_HEADERS 1
| #define HAVE_SYS_TYPES_H 1
| #define HAVE_SYS_STAT_H 1
| #define HAVE_STDLIB_H 1
| #define HAVE_STRING_H 1
| #define HAVE_MEMORY_H 1
| #define HAVE_STRINGS_H 1
| #define HAVE_INTTYPES_H 1
| #define HAVE_STDINT_H 1
| #define HAVE_UNISTD_H 1
| #define X_DISPLAY_MISSING 1
| #define HAVE_X11 1
| #define HAVE_XSHM 1
| #define HAVE_DPMS 1
| #define HAVE_XTESTGRABCONTROL 1
| #define HAVE_XTEST 1
| #define HAVE_RECORD 1
| #define HAVE_XKEYBOARD 1
| #define HAVE_LIBXINERAMA 1
| #define HAVE_LIBXRANDR 1
| #define HAVE_LIBXFIXES 1
| #define HAVE_LIBXDAMAGE 1
| #define HAVE_LIBCRYPT 1
| #define HAVE_LIBCRYPTO 1
| #define HAVE_LIBSSL 1
| #define HAVE_X509_PRINT_EX_FP 1
| #define HAVE_LINUX_FB_H 1
| #define HAVE_LINUX_INPUT_H 1
| #define HAVE_LINUX_UINPUT_H 1
| #define HAVE_MACOSX_NATIVE_DISPLAY 1
| #define HAVE_AVAHI 1
| #define HAVE_LIBJPEG 1
| #define HAVE_LIBZ 1
| #define HAVE_LIBPTHREAD 1
| #define HAVE_TLS 1
| #define WITH_TIGHTVNC_FILETRANSFER 1
| #define STDC_HEADERS 1
| #define HAVE_ARPA_INET_H 1
| #define HAVE_FCNTL_H 1
| #define HAVE_NETDB_H 1
| #define HAVE_NETINET_IN_H 1
| #define HAVE_STDLIB_H 1
| #define HAVE_STRING_H 1
| #define HAVE_SYS_SOCKET_H 1
| #define HAVE_SYS_UN_H 1
| #define HAVE_SYS_TIME_H 1
| #define HAVE_SYS_TIMEB_H 1
| #define HAVE_SYSLOG_H 1
| #define HAVE_UNISTD_H 1
| #define HAVE_PWD_H 1
| #define HAVE_SYS_WAIT_H 1
| #define HAVE_UTMPX_H 1
| #define HAVE_TERMIOS_H 1
| #define HAVE_SYS_IOCTL_H 1
| #define HAVE_SYS_STROPTS_H 1
| #define TIME_WITH_SYS_TIME 1
| #define HAVE_SYS_WAIT_H 1
| #define LSTAT_FOLLOWS_SLASHED_SYMLINK 1
| #define HAVE_STRFTIME 1
| #define HAVE_VPRINTF 1
| #define HAVE_UNISTD_H 1
| #define HAVE_FORK 1
| #define HAVE_VFORK 1
| #define HAVE_WORKING_VFORK 1
| #define HAVE_WORKING_FORK 1
| #define HAVE_LIBNSL 1
| #define HAVE_FTIME 1
| #define HAVE_GETHOSTBYNAME 1
| #define HAVE_GETHOSTNAME 1
| #define HAVE_GETTIMEOFDAY 1
| #define HAVE_INET_NTOA 1
| #define HAVE_MEMMOVE 1
| #define HAVE_MEMSET 1
| #define HAVE_MMAP 1
| #define HAVE_MKFIFO 1
| #define HAVE_SELECT 1
| #define HAVE_SOCKET 1
| #define HAVE_STRCHR 1
| #define HAVE_STRCSPN 1
| #define HAVE_STRDUP 1
| #define HAVE_STRERROR 1
| #define HAVE_STRSTR 1
| #define HAVE_SETSID 1
| #define HAVE_SETPGRP 1
| #define HAVE_GETPWUID 1
| #define HAVE_GETPWNAM 1
| #define HAVE_GETSPNAM 1
| #define HAVE_GETUID 1
| #define HAVE_GETEUID 1
| #define HAVE_SETUID 1
| #define HAVE_SETGID 1
| #define HAVE_SETEUID 1
| #define HAVE_SETEGID 1
| #define HAVE_INITGROUPS 1
| #define HAVE_WAITPID 1
| #define HAVE_SETUTXENT 1
| #define HAVE_GRANTPT 1
| #define HAVE_SHMAT 1
| /* end confdefs.h.  */
| #include <stdio.h>
| #if HAVE_SYS_TYPES_H
| # include <sys/types.h>
| #endif
| #if HAVE_SYS_STAT_H
| # include <sys/stat.h>
| #endif
| #if STDC_HEADERS
| # include <stdlib.h>
| # include <stddef.h>
| #else
| # if HAVE_STDLIB_H
| #  include <stdlib.h>
| # endif
| #endif
| #if HAVE_STRING_H
| # if !STDC_HEADERS && HAVE_MEMORY_H
| #  include <memory.h>
| # endif
| # include <string.h>
| #endif
| #if HAVE_STRINGS_H
| # include <strings.h>
| #endif
| #if HAVE_INTTYPES_H
| # include <inttypes.h>
| #else
| # if HAVE_STDINT_H
| #  include <stdint.h>
| # endif
| #endif
| #if HAVE_UNISTD_H
| # include <unistd.h>
| #endif
| #include <ApplicationServices/ApplicationServices.h>
configure:13779: result: no
configure:13783: checking ApplicationServices/ApplicationServices.h presence
configure:13793: gcc -E  conftest.c
conftest.c:110:53: fatal error: ApplicationServices/ApplicationServices.h: No such file or directory
compilation terminated.
configure:13799: $? = 1
configure: failed program was:
| /* confdefs.h.  */
| 
| #define PACKAGE_NAME "x11vnc"
| #define PACKAGE_TARNAME "x11vnc"
| #define PACKAGE_VERSION "0.9.13"
| #define PACKAGE_STRING "x11vnc 0.9.13"
| #define PACKAGE_BUGREPORT "http://sourceforge.net/projects/libvncserver"
| #define PACKAGE "x11vnc"
| #define VERSION "0.9.13"
| #define ALLOW24BPP 1
| #define STDC_HEADERS 1
| #define HAVE_SYS_TYPES_H 1
| #define HAVE_SYS_STAT_H 1
| #define HAVE_STDLIB_H 1
| #define HAVE_STRING_H 1
| #define HAVE_MEMORY_H 1
| #define HAVE_STRINGS_H 1
| #define HAVE_INTTYPES_H 1
| #define HAVE_STDINT_H 1
| #define HAVE_UNISTD_H 1
| #define X_DISPLAY_MISSING 1
| #define HAVE_X11 1
| #define HAVE_XSHM 1
| #define HAVE_DPMS 1
| #define HAVE_XTESTGRABCONTROL 1
| #define HAVE_XTEST 1
| #define HAVE_RECORD 1
| #define HAVE_XKEYBOARD 1
| #define HAVE_LIBXINERAMA 1
| #define HAVE_LIBXRANDR 1
| #define HAVE_LIBXFIXES 1
| #define HAVE_LIBXDAMAGE 1
| #define HAVE_LIBCRYPT 1
| #define HAVE_LIBCRYPTO 1
| #define HAVE_LIBSSL 1
| #define HAVE_X509_PRINT_EX_FP 1
| #define HAVE_LINUX_FB_H 1
| #define HAVE_LINUX_INPUT_H 1
| #define HAVE_LINUX_UINPUT_H 1
| #define HAVE_MACOSX_NATIVE_DISPLAY 1
| #define HAVE_AVAHI 1
| #define HAVE_LIBJPEG 1
| #define HAVE_LIBZ 1
| #define HAVE_LIBPTHREAD 1
| #define HAVE_TLS 1
| #define WITH_TIGHTVNC_FILETRANSFER 1
| #define STDC_HEADERS 1
| #define HAVE_ARPA_INET_H 1
| #define HAVE_FCNTL_H 1
| #define HAVE_NETDB_H 1
| #define HAVE_NETINET_IN_H 1
| #define HAVE_STDLIB_H 1
| #define HAVE_STRING_H 1
| #define HAVE_SYS_SOCKET_H 1
| #define HAVE_SYS_UN_H 1
| #define HAVE_SYS_TIME_H 1
| #define HAVE_SYS_TIMEB_H 1
| #define HAVE_SYSLOG_H 1
| #define HAVE_UNISTD_H 1
| #define HAVE_PWD_H 1
| #define HAVE_SYS_WAIT_H 1
| #define HAVE_UTMPX_H 1
| #define HAVE_TERMIOS_H 1
| #define HAVE_SYS_IOCTL_H 1
| #define HAVE_SYS_STROPTS_H 1
| #define TIME_WITH_SYS_TIME 1
| #define HAVE_SYS_WAIT_H 1
| #define LSTAT_FOLLOWS_SLASHED_SYMLINK 1
| #define HAVE_STRFTIME 1
| #define HAVE_VPRINTF 1
| #define HAVE_UNISTD_H 1
| #define HAVE_FORK 1
| #define HAVE_VFORK 1
| #define HAVE_WORKING_VFORK 1
| #define HAVE_WORKING_FORK 1
| #define HAVE_LIBNSL 1
| #define HAVE_FTIME 1
| #define HAVE_GETHOSTBYNAME 1
| #define HAVE_GETHOSTNAME 1
| #define HAVE_GETTIMEOFDAY 1
| #define HAVE_INET_NTOA 1
| #define HAVE_MEMMOVE 1
| #define HAVE_MEMSET 1
| #define HAVE_MMAP 1
| #define HAVE_MKFIFO 1
| #define HAVE_SELECT 1
| #define HAVE_SOCKET 1
| #define HAVE_STRCHR 1
| #define HAVE_STRCSPN 1
| #define HAVE_STRDUP 1
| #define HAVE_STRERROR 1
| #define HAVE_STRSTR 1
| #define HAVE_SETSID 1
| #define HAVE_SETPGRP 1
| #define HAVE_GETPWUID 1
| #define HAVE_GETPWNAM 1
| #define HAVE_GETSPNAM 1
| #define HAVE_GETUID 1
| #define HAVE_GETEUID 1
| #define HAVE_SETUID 1
| #define HAVE_SETGID 1
| #define HAVE_SETEUID 1
| #define HAVE_SETEGID 1
| #define HAVE_INITGROUPS 1
| #define HAVE_WAITPID 1
| #define HAVE_SETUTXENT 1
| #define HAVE_GRANTPT 1
| #define HAVE_SHMAT 1
| /* end confdefs.h.  */
| #include <ApplicationServices/ApplicationServices.h>
configure:13819: result: no
configure:13854: checking for ApplicationServices/ApplicationServices.h
configure:13861: result: no
configure:14179: creating ./config.status

## ---------------------- ##
## Running config.status. ##
## ---------------------- ##

This file was extended by x11vnc config.status 0.9.13, which was
generated by GNU Autoconf 2.59.  Invocation command line was

  CONFIG_FILES    = 
  CONFIG_HEADERS  = 
  CONFIG_LINKS    = 
  CONFIG_COMMANDS = 
  $ ./config.status 

on 65987e2efc6f

config.status:757: creating Makefile
config.status:757: creating libvncserver/Makefile
config.status:757: creating classes/Makefile
config.status:757: creating classes/ssl/Makefile
config.status:757: creating libvncclient/Makefile
config.status:757: creating x11vnc.spec
config.status:757: creating x11vnc/Makefile
config.status:757: creating x11vnc/misc/Makefile
config.status:757: creating x11vnc/misc/turbovnc/Makefile
config.status:861: creating rfbconfig.h
config.status:1361: executing rfb/rfbconfig.h commands
config.status:1397: creating rfb/rfbconfig.h - prefix LIBVNCSERVER for rfbconfig.h defines
config.status:1361: executing depfiles commands

## ---------------- ##
## Cache variables. ##
## ---------------- ##

ac_cv_build=x86_64-unknown-linux-gnu
ac_cv_build_alias=x86_64-unknown-linux-gnu
ac_cv_c_bigendian=no
ac_cv_c_compiler_gnu=yes
ac_cv_c_const=yes
ac_cv_c_inline=inline
ac_cv_env_CC_set=
ac_cv_env_CC_value=
ac_cv_env_CFLAGS_set=
ac_cv_env_CFLAGS_value=
ac_cv_env_CPPFLAGS_set=
ac_cv_env_CPPFLAGS_value=
ac_cv_env_CPP_set=
ac_cv_env_CPP_value=
ac_cv_env_LDFLAGS_set=
ac_cv_env_LDFLAGS_value=
ac_cv_env_build_alias_set=
ac_cv_env_build_alias_value=
ac_cv_env_host_alias_set=set
ac_cv_env_host_alias_value=x86_64-unknown-linux
ac_cv_env_target_alias_set=
ac_cv_env_target_alias_value=
ac_cv_exeext=
ac_cv_func__doprnt=no
ac_cv_func_crypt=no
ac_cv_func_fork=yes
ac_cv_func_fork_works=yes
ac_cv_func_ftime=yes
ac_cv_func_geteuid=yes
ac_cv_func_gethostbyname=yes
ac_cv_func_gethostname=yes
ac_cv_func_getpwnam=yes
ac_cv_func_getpwuid=yes
ac_cv_func_getspnam=yes
ac_cv_func_gettimeofday=yes
ac_cv_func_getuid=yes
ac_cv_func_grantpt=yes
ac_cv_func_inet_ntoa=yes
ac_cv_func_initgroups=yes
ac_cv_func_lstat_dereferences_slashed_symlink=yes
ac_cv_func_memcmp_working=yes
ac_cv_func_memmove=yes
ac_cv_func_memset=yes
ac_cv_func_mkfifo=yes
ac_cv_func_mmap=yes
ac_cv_func_select=yes
ac_cv_func_setegid=yes
ac_cv_func_seteuid=yes
ac_cv_func_setgid=yes
ac_cv_func_setpgrp=yes
ac_cv_func_setsid=yes
ac_cv_func_setuid=yes
ac_cv_func_setutxent=yes
ac_cv_func_shmat=yes
ac_cv_func_socket=yes
ac_cv_func_stat_empty_string_bug=no
ac_cv_func_strchr=yes
ac_cv_func_strcspn=yes
ac_cv_func_strdup=yes
ac_cv_func_strerror=yes
ac_cv_func_strftime=yes
ac_cv_func_strstr=yes
ac_cv_func_vfork=yes
ac_cv_func_vfork_works=yes
ac_cv_func_vprintf=yes
ac_cv_func_waitpid=yes
ac_cv_have_x=have_x=no
ac_cv_header_ApplicationServices_ApplicationServices_h=no
ac_cv_header_OpenGL_OpenGL_h=no
ac_cv_header_X11_XKBlib_h=yes
ac_cv_header_X11_extensions_readdisplay_h=no
ac_cv_header_arpa_inet_h=yes
ac_cv_header_fcntl_h=yes
ac_cv_header_inttypes_h=yes
ac_cv_header_jpeglib_h=yes
ac_cv_header_linux_fb_h=yes
ac_cv_header_linux_input_h=yes
ac_cv_header_linux_uinput_h=yes
ac_cv_header_linux_videodev_h=no
ac_cv_header_memory_h=yes
ac_cv_header_netdb_h=yes
ac_cv_header_netinet_in_h=yes
ac_cv_header_pthread_h=yes
ac_cv_header_pwd_h=yes
ac_cv_header_stdc=yes
ac_cv_header_stdint=stdint.h
ac_cv_header_stdint_h=yes
ac_cv_header_stdint_o=no-file
ac_cv_header_stdint_test=no
ac_cv_header_stdint_u=no-file
ac_cv_header_stdint_x=stdint.h
ac_cv_header_stdlib_h=yes
ac_cv_header_string_h=yes
ac_cv_header_strings_h=yes
ac_cv_header_sys_ioctl_h=yes
ac_cv_header_sys_socket_h=yes
ac_cv_header_sys_stat_h=yes
ac_cv_header_sys_stropts_h=yes
ac_cv_header_sys_time_h=yes
ac_cv_header_sys_timeb_h=yes
ac_cv_header_sys_types_h=yes
ac_cv_header_sys_un_h=yes
ac_cv_header_sys_wait_h=yes
ac_cv_header_syslog_h=yes
ac_cv_header_termios_h=yes
ac_cv_header_thenonexistentheader_h=no
ac_cv_header_time=yes
ac_cv_header_unistd_h=yes
ac_cv_header_utmpx_h=yes
ac_cv_header_vfork_h=no
ac_cv_header_ws2tcpip_h=no
ac_cv_header_zlib_h=yes
ac_cv_host=x86_64-unknown-linux-gnu
ac_cv_host_alias=x86_64-unknown-linux
ac_cv_lib_X11_XGetImage=yes
ac_cv_lib_X11_XkbSelectEvents=yes
ac_cv_lib_Xdamage_XDamageQueryExtension=yes
ac_cv_lib_Xext_DPMSForceLevel=yes
ac_cv_lib_Xext_FBPMForceLevel=no
ac_cv_lib_Xext_XReadScreen=no
ac_cv_lib_Xext_XShmGetImage=yes
ac_cv_lib_Xfixes_XFixesGetCursorImage=yes
ac_cv_lib_Xinerama_XineramaQueryScreens=yes
ac_cv_lib_Xrandr_XRRSelectInput=yes
ac_cv_lib_Xtst_XRecordEnableContextAsync=yes
ac_cv_lib_Xtst_XTestFakeKeyEvent=yes
ac_cv_lib_Xtst_XTestGrabControl=yes
ac_cv_lib_crypt_crypt=yes
ac_cv_lib_crypto_RAND_file_name=yes
ac_cv_lib_cygipc_shmget=no
ac_cv_lib_jpeg_jpeg_CreateCompress=yes
ac_cv_lib_nsl_gethostbyname=yes
ac_cv_lib_pthread_pthread_mutex_lock=yes
ac_cv_lib_socket_socket=no
ac_cv_lib_ssl_SSL_library_init=yes
ac_cv_lib_ssl_X509_print_ex_fp=yes
ac_cv_lib_z_deflate=yes
ac_cv_objext=o
ac_cv_path_AR=/usr/bin/ar
ac_cv_path_install='/usr/bin/install -c'
ac_cv_prog_AWK=gawk
ac_cv_prog_CPP='gcc -E'
ac_cv_prog_ac_ct_CC=gcc
ac_cv_prog_ac_ct_RANLIB=ranlib
ac_cv_prog_ac_ct_STRIP=strip
ac_cv_prog_cc_g=yes
ac_cv_prog_cc_gcc_c_o=yes
ac_cv_prog_cc_stdc=
ac_cv_prog_egrep='grep -E'
ac_cv_prog_make_make_set=yes
ac_cv_sizeof_X=::::
ac_cv_sizeof_x=:
ac_cv_type_int_fast32_t=yes
ac_cv_type_int_least32_t=yes
ac_cv_type_pid_t=yes
ac_cv_type_size_t=yes
ac_cv_type_socklen_t=yes
ac_cv_type_uint64_t=yes
ac_cv_type_uintptr_t=yes
am_cv_CC_dependencies_compiler_type=gcc3

## ----------------- ##
## Output variables. ##
## ----------------- ##

ACLOCAL='${SHELL} /tmp/x11vnc/src/x11vnc-0.9.13/missing --run aclocal-1.9'
AMDEPBACKSLASH='\'
AMDEP_FALSE='#'
AMDEP_TRUE=''
AMTAR='${SHELL} /tmp/x11vnc/src/x11vnc-0.9.13/missing --run tar'
AR='/usr/bin/ar'
AUTOCONF='${SHELL} /tmp/x11vnc/src/x11vnc-0.9.13/missing --run autoconf'
AUTOHEADER='${SHELL} /tmp/x11vnc/src/x11vnc-0.9.13/missing --run autoheader'
AUTOMAKE='${SHELL} /tmp/x11vnc/src/x11vnc-0.9.13/missing --run automake-1.9'
AVAHI_CFLAGS='-D_REENTRANT'
AVAHI_LIBS='-lavahi-common -lavahi-client'
AWK='gawk'
CC='gcc'
CCDEPMODE='depmode=gcc3'
CFLAGS='-g -O2 -Wall'
CPP='gcc -E'
CPPFLAGS=''
CRYPT_LIBS='-lcrypt'
CYGIPC_FALSE=''
CYGIPC_TRUE='#'
CYGPATH_W='echo'
DEFS='-DHAVE_CONFIG_H'
DEPDIR='.deps'
ECHO_C=''
ECHO_N='-n'
ECHO_T=''
EGREP='grep -E'
EXEEXT=''
HAVE_LIBJPEG_FALSE='#'
HAVE_LIBJPEG_TRUE=''
HAVE_LIBPTHREAD_FALSE='#'
HAVE_LIBPTHREAD_TRUE=''
HAVE_LIBSDL_FALSE=''
HAVE_LIBSDL_TRUE='#'
HAVE_LIBZ_FALSE='#'
HAVE_LIBZ_TRUE=''
HAVE_MP3LAME_FALSE=''
HAVE_MP3LAME_TRUE='#'
HAVE_RPM_FALSE=''
HAVE_RPM_TRUE='#'
HAVE_SYSTEM_LIBVNCSERVER_FALSE=''
HAVE_SYSTEM_LIBVNCSERVER_TRUE='#'
HAVE_X11_FALSE='#'
HAVE_X11_TRUE=''
INSTALL_DATA='${INSTALL} -m 644'
INSTALL_PROGRAM='${INSTALL}'
INSTALL_SCRIPT='${INSTALL}'
INSTALL_STRIP_PROGRAM='${SHELL} $(install_sh) -c -s'
LDFLAGS=''
LIBOBJS=''
LIBS='-lnsl -lpthread -lz -ljpeg '
LINUX_FALSE=''
LINUX_TRUE='#'
LTLIBOBJS=''
MAKEINFO='${SHELL} /tmp/x11vnc/src/x11vnc-0.9.13/missing --run makeinfo'
MINGW_FALSE=''
MINGW_TRUE='#'
OBJEXT='o'
OSX_FALSE=''
OSX_OPENGL_FALSE=''
OSX_OPENGL_TRUE='#'
OSX_TRUE='#'
PACKAGE='x11vnc'
PACKAGE_BUGREPORT='http://sourceforge.net/projects/libvncserver'
PACKAGE_NAME='x11vnc'
PACKAGE_STRING='x11vnc 0.9.13'
PACKAGE_TARNAME='x11vnc'
PACKAGE_VERSION='0.9.13'
PATH_SEPARATOR=':'
RANLIB='ranlib'
RPMSOURCEDIR='NOT-FOUND'
SDL_CFLAGS=''
SDL_LIBS=''
SET_MAKE=''
SHELL='/bin/sh'
SSL_LIBS='-lssl -lcrypto'
STRIP='strip'
SYSTEM_LIBVNCSERVER_CFLAGS=''
SYSTEM_LIBVNCSERVER_LIBS=''
VERSION='0.9.13'
WITH_FFMPEG_FALSE=''
WITH_FFMPEG_TRUE='#'
WITH_TIGHTVNC_FILETRANSFER_FALSE='#'
WITH_TIGHTVNC_FILETRANSFER_TRUE=''
WITH_X11VNC_FALSE='#'
WITH_X11VNC_TRUE=''
WSOCKLIB=''
X_CFLAGS=''
X_EXTRA_LIBS=''
X_LIBS=' -lXtst -lXtst -lXtst  -lXext -lXinerama -lXrandr -lXfixes -lXdamage -lX11 '
X_PRE_LIBS=''
ac_ct_CC='gcc'
ac_ct_RANLIB='ranlib'
ac_ct_STRIP='strip'
am__fastdepCC_FALSE='#'
am__fastdepCC_TRUE=''
am__include='include'
am__leading_dot='.'
am__quote=''
am__tar='${AMTAR} chof - "$$tardir"'
am__untar='${AMTAR} xf -'
bindir='${exec_prefix}/bin'
build='x86_64-unknown-linux-gnu'
build_alias=''
build_cpu='x86_64'
build_os='linux-gnu'
build_vendor='unknown'
datadir='${prefix}/share'
exec_prefix='${prefix}'
host='x86_64-unknown-linux-gnu'
host_alias='x86_64-unknown-linux'
host_cpu='x86_64'
host_os='linux-gnu'
host_vendor='unknown'
includedir='${prefix}/include'
infodir='${prefix}/info'
install_sh='/tmp/x11vnc/src/x11vnc-0.9.13/install-sh'
libdir='${exec_prefix}/lib'
libexecdir='${exec_prefix}/libexec'
localstatedir='${prefix}/var'
mandir='/usr/share/man'
mkdir_p='mkdir -p --'
oldincludedir='/usr/include'
prefix='/usr'
program_transform_name='s,x,x,'
sbindir='${exec_prefix}/sbin'
sharedstatedir='${prefix}/com'
sysconfdir='${prefix}/etc'
target_alias=''
with_ffmpeg=''

## ----------- ##
## confdefs.h. ##
## ----------- ##

#define ALLOW24BPP 1
#define HAVE_ARPA_INET_H 1
#define HAVE_AVAHI 1
#define HAVE_DPMS 1
#define HAVE_FCNTL_H 1
#define HAVE_FORK 1
#define HAVE_FTIME 1
#define HAVE_GETEUID 1
#define HAVE_GETHOSTBYNAME 1
#define HAVE_GETHOSTNAME 1
#define HAVE_GETPWNAM 1
#define HAVE_GETPWUID 1
#define HAVE_GETSPNAM 1
#define HAVE_GETTIMEOFDAY 1
#define HAVE_GETUID 1
#define HAVE_GRANTPT 1
#define HAVE_INET_NTOA 1
#define HAVE_INITGROUPS 1
#define HAVE_INTTYPES_H 1
#define HAVE_LIBCRYPT 1
#define HAVE_LIBCRYPTO 1
#define HAVE_LIBJPEG 1
#define HAVE_LIBNSL 1
#define HAVE_LIBPTHREAD 1
#define HAVE_LIBSSL 1
#define HAVE_LIBXDAMAGE 1
#define HAVE_LIBXFIXES 1
#define HAVE_LIBXINERAMA 1
#define HAVE_LIBXRANDR 1
#define HAVE_LIBZ 1
#define HAVE_LINUX_FB_H 1
#define HAVE_LINUX_INPUT_H 1
#define HAVE_LINUX_UINPUT_H 1
#define HAVE_MACOSX_NATIVE_DISPLAY 1
#define HAVE_MEMMOVE 1
#define HAVE_MEMORY_H 1
#define HAVE_MEMSET 1
#define HAVE_MKFIFO 1
#define HAVE_MMAP 1
#define HAVE_NETDB_H 1
#define HAVE_NETINET_IN_H 1
#define HAVE_PWD_H 1
#define HAVE_RECORD 1
#define HAVE_SELECT 1
#define HAVE_SETEGID 1
#define HAVE_SETEUID 1
#define HAVE_SETGID 1
#define HAVE_SETPGRP 1
#define HAVE_SETSID 1
#define HAVE_SETUID 1
#define HAVE_SETUTXENT 1
#define HAVE_SHMAT 1
#define HAVE_SOCKET 1
#define HAVE_STDINT_H 1
#define HAVE_STDLIB_H 1
#define HAVE_STDLIB_H 1
#define HAVE_STRCHR 1
#define HAVE_STRCSPN 1
#define HAVE_STRDUP 1
#define HAVE_STRERROR 1
#define HAVE_STRFTIME 1
#define HAVE_STRINGS_H 1
#define HAVE_STRING_H 1
#define HAVE_STRING_H 1
#define HAVE_STRSTR 1
#define HAVE_SYSLOG_H 1
#define HAVE_SYS_IOCTL_H 1
#define HAVE_SYS_SOCKET_H 1
#define HAVE_SYS_STAT_H 1
#define HAVE_SYS_STROPTS_H 1
#define HAVE_SYS_TIMEB_H 1
#define HAVE_SYS_TIME_H 1
#define HAVE_SYS_TYPES_H 1
#define HAVE_SYS_UN_H 1
#define HAVE_SYS_WAIT_H 1
#define HAVE_SYS_WAIT_H 1
#define HAVE_TERMIOS_H 1
#define HAVE_TLS 1
#define HAVE_UNISTD_H 1
#define HAVE_UNISTD_H 1
#define HAVE_UNISTD_H 1
#define HAVE_UTMPX_H 1
#define HAVE_VFORK 1
#define HAVE_VPRINTF 1
#define HAVE_WAITPID 1
#define HAVE_WORKING_FORK 1
#define HAVE_WORKING_VFORK 1
#define HAVE_X11 1
#define HAVE_X509_PRINT_EX_FP 1
#define HAVE_XKEYBOARD 1
#define HAVE_XSHM 1
#define HAVE_XTEST 1
#define HAVE_XTESTGRABCONTROL 1
#define LSTAT_FOLLOWS_SLASHED_SYMLINK 1
#define PACKAGE "x11vnc"
#define PACKAGE_BUGREPORT "http://sourceforge.net/projects/libvncserver"
#define PACKAGE_NAME "x11vnc"
#define PACKAGE_STRING "x11vnc 0.9.13"
#define PACKAGE_TARNAME "x11vnc"
#define PACKAGE_VERSION "0.9.13"
#define STDC_HEADERS 1
#define STDC_HEADERS 1
#define TIME_WITH_SYS_TIME 1
#define VERSION "0.9.13"
#define WITH_TIGHTVNC_FILETRANSFER 1
#define X_DISPLAY_MISSING 1

configure: exit 0

===> Finished printing config.logs></pre></code>
        </body></html>
