        <html><head></head><body>
        <h1>Report for aircrack-ng on toolchain
            <a href="index.html">android</a>
        </h1>
        <p>Return code: 5</p>
        <p>Time to run: 00:00:43</p>
        <p>Log output:</p>
        <code><pre><docker run --rm -v /tuscan_data --volumes-from tuscan_data -v /sources --volumes-from sources -v /var/cache/pacman/pkg --volumes-from pkg_cache_android -v logs:/logs make_package_container --sources-directory /sources --shared-directory /tuscan_data aircrack-ng
:: Synchronizing package databases...
downloading repo.db...
downloading core.db...
downloading extra.db...
downloading community.db...
Found 2038 packages in cache
===> sudo -u tuscan makepkg --nobuild --syncdeps --skipinteg --skippgpcheck --skipchecksums --noconfirm --nocolor --log --noprogressbar --nocheck
==> Making package: aircrack-ng 1.2rc2-1 (Fri Nov 13 23:54:49 UTC 2015)
==> Checking runtime dependencies...
==> Installing missing dependencies...
resolving dependencies...
looking for conflicting packages...

Packages (6) libnl-3.2.26-1  ethtool-1:4.0-1  iw-4.1-1  net-tools-1.60.20130531git-1  sqlite-3.9.2-1  wireless_tools-30.pre9-1

Total Download Size:   0.08 MiB
Total Installed Size:  8.13 MiB

:: Proceed with installation? [Y/n] 
:: Retrieving packages ...
downloading ethtool-1:4.0-1-x86_64.pkg.tar.xz...
checking keyring...
checking package integrity...
loading package files...
checking for file conflicts...
checking available disk space...
installing sqlite...
installing libnl...
installing iw...
installing net-tools...
installing wireless_tools...
installing ethtool...
==> Checking buildtime dependencies...
==> Retrieving sources...
  -> Downloading aircrack-ng-1.2-rc2.tar.gz...
==> WARNING: Skipping all source file integrity checks.
==> Extracting sources...
  -> Extracting aircrack-ng-1.2-rc2.tar.gz with bsdtar
==> Sources are ready.
Copied source directory to /sources/aircrack-ng
===> sudo -u tuscan PATH=/tmp/toolchain/bin:/usr/local/sbin:/usr/local/bin:/usr/sbin:/usr/bin:/sbin:/bin CC=arm-linux-androideabi-gcc CXX=arm-linux-androideabi-g++ SYSROOT=/build/android-ndk-r10e/platforms/android-21/arch-arm makepkg --noextract --syncdeps --skipinteg --skippgpcheck --skipchecksums --noconfirm --nocolor --log --noprogressbar --nocheck
==> Making package: aircrack-ng 1.2rc2-1 (Fri Nov 13 23:55:03 UTC 2015)
==> Checking runtime dependencies...
==> Checking buildtime dependencies...
==> WARNING: Using existing $srcdir/ tree
==> Starting build()...
make -C src all
make[1]: Entering directory '/tmp/aircrack-ng/src/aircrack-ng-1.2-rc2/src'
arm-linux-androideabi-gcc  -D_FILE_OFFSET_BITS=64 -D_REVISION=0  -DHAVE_SQLITE -DCONFIG_LIBNL30 -DCONFIG_LIBNL -I/usr/include/libnl3 -fstack-protector -Wno-unused-but-set-variable -Wno-array-bounds -D_FILE_OFFSET_BITS=64 -D_REVISION=0  -DHAVE_SQLITE -DCONFIG_LIBNL30 -DCONFIG_LIBNL -I/usr/include/libnl3 -fstack-protector -Wno-unused-but-set-variable -Wno-array-bounds -Iinclude   -c -o aircrack-ng.o aircrack-ng.c
arm-linux-androideabi-gcc  -D_FILE_OFFSET_BITS=64 -D_REVISION=0  -DHAVE_SQLITE -DCONFIG_LIBNL30 -DCONFIG_LIBNL -I/usr/include/libnl3 -fstack-protector -Wno-unused-but-set-variable -Wno-array-bounds -D_FILE_OFFSET_BITS=64 -D_REVISION=0  -DHAVE_SQLITE -DCONFIG_LIBNL30 -DCONFIG_LIBNL -I/usr/include/libnl3 -fstack-protector -Wno-unused-but-set-variable -Wno-array-bounds -Iinclude   -c -o crypto.o crypto.c
In file included from crypto.c:40:0:
crypto.h:42:26: fatal error: openssl/hmac.h: No such file or directory
 #include <openssl/hmac.h>
                          ^
compilation terminated.
<builtin>: recipe for target 'crypto.o' failed
make[1]: *** [crypto.o] Error 1
make[1]: *** Waiting for unfinished jobs....
In file included from aircrack-ng.c:65:0:
crypto.h:42:26: fatal error: openssl/hmac.h: No such file or directory
 #include <openssl/hmac.h>
                          ^
compilation terminated.
<builtin>: recipe for target 'aircrack-ng.o' failed
make[1]: *** [aircrack-ng.o] Error 1
make[1]: Leaving directory '/tmp/aircrack-ng/src/aircrack-ng-1.2-rc2/src'
Makefile:25: recipe for target 'all' failed
make: *** [all] Error 2
==> ERROR: A failure occurred in build().
    Aborting...
===> Printing config.logs
===> Finished printing config.logs></pre></code>
        </body></html>
