        <html><head></head><body>
        <h1>Report for airspy on toolchain
            <a href="index.html">android</a>
        </h1>
        <p>Return code: 5</p>
        <p>Time to run: 00:00:25</p>
        <p>Log output:</p>
        <code><pre><docker run --rm -v /tuscan_data --volumes-from tuscan_data -v /sources --volumes-from sources -v /var/cache/pacman/pkg --volumes-from pkg_cache_android -v logs:/logs make_package_container --sources-directory /sources --shared-directory /tuscan_data airspy
:: Synchronizing package databases...
downloading repo.db...
downloading core.db...
downloading extra.db...
downloading community.db...
Found 1408 packages in cache
===> sudo -u tuscan makepkg --nobuild --syncdeps --skipinteg --skippgpcheck --skipchecksums --noconfirm --nocolor --log --noprogressbar --nocheck
==> Making package: airspy 1.0.3-2 (Fri Nov 13 23:32:18 UTC 2015)
==> Checking runtime dependencies...
==> Checking buildtime dependencies...
==> Installing missing dependencies...
resolving dependencies...
looking for conflicting packages...

Packages (4) jsoncpp-1.6.5-1  libxml2-2.9.2-2  shared-mime-info-1.5-1  cmake-3.3.2-3

Total Installed Size:  39.83 MiB

:: Proceed with installation? [Y/n] 
checking keyring...
checking package integrity...
loading package files...
checking for file conflicts...
checking available disk space...
installing libxml2...
Optional dependencies for libxml2
    python2: python bindings to libxml
installing shared-mime-info...
installing jsoncpp...
installing cmake...
Optional dependencies for cmake
    qt5-base: cmake-gui
    libxkbcommon-x11: cmake-gui
==> Retrieving sources...
  -> Downloading v1.0.3.tar.gz...
  -> Found airspy.conf
==> WARNING: Skipping all source file integrity checks.
==> Extracting sources...
  -> Extracting v1.0.3.tar.gz with bsdtar
==> Sources are ready.
Copied source directory to /sources/airspy
===> sudo -u tuscan PATH=/tmp/toolchain/bin:/usr/local/sbin:/usr/local/bin:/usr/sbin:/usr/bin:/sbin:/bin CC=arm-linux-androideabi-gcc CXX=arm-linux-androideabi-g++ SYSROOT=/build/android-ndk-r10e/platforms/android-21/arch-arm makepkg --noextract --syncdeps --skipinteg --skippgpcheck --skipchecksums --noconfirm --nocolor --log --noprogressbar --nocheck
==> Making package: airspy 1.0.3-2 (Fri Nov 13 23:32:25 UTC 2015)
==> Checking runtime dependencies...
==> Checking buildtime dependencies...
==> WARNING: Using existing $srcdir/ tree
==> Starting build()...
-- The C compiler identification is GNU 4.8.0
-- The CXX compiler identification is GNU 4.8.0
-- Check for working C compiler: /tmp/toolchain/bin/arm-linux-androideabi-gcc
-- Check for working C compiler: /tmp/toolchain/bin/arm-linux-androideabi-gcc -- works
-- Detecting C compiler ABI info
-- Detecting C compiler ABI info - done
-- Detecting C compile features
-- Detecting C compile features - done
-- Check for working CXX compiler: /tmp/toolchain/bin/arm-linux-androideabi-g++
-- Check for working CXX compiler: /tmp/toolchain/bin/arm-linux-androideabi-g++ -- works
-- Detecting CXX compiler ABI info
-- Detecting CXX compiler ABI info - done
-- Detecting CXX compile features
-- Detecting CXX compile features - done
-- Check if the system is big endian
-- Searching 16 bit integer
-- Looking for sys/types.h
-- Looking for sys/types.h - found
-- Looking for stdint.h
-- Looking for stdint.h - found
-- Looking for stddef.h
-- Looking for stddef.h - found
-- Check size of unsigned short
-- Check size of unsigned short - done
-- Using unsigned short
-- Check if the system is big endian - little endian
-- Found PkgConfig: /usr/sbin/pkg-config (found version "0.29") 
-- checking for module 'libusb-1.0'
--   found libusb-1.0, version 1.0.20
-- Found LIBUSB: /usr/lib/libusb-1.0.so  
-- Looking for include file pthread.h
-- Looking for include file pthread.h - found
-- Looking for pthread_create in pthreads
-- Looking for pthread_create in pthreads - not found
-- Looking for pthread_create in pthread
-- Looking for pthread_create in pthread - not found
-- Check if compiler accepts -pthread
-- Check if compiler accepts -pthread - no
-- Found Threads: TRUE  
-- Udev rules not being installed, install them with -DINSTALL_UDEV_RULES=ON
-- Configuring done
-- Generating done
-- Build files have been written to: /tmp/airspy/src/host-1.0.3/build
Scanning dependencies of target airspy-static
Scanning dependencies of target airspy
[  4%] Building C object libairspy/src/CMakeFiles/airspy-static.dir/airspy.c.o
[  8%] Building C object libairspy/src/CMakeFiles/airspy.dir/airspy.c.o
[ 12%] Building C object libairspy/src/CMakeFiles/airspy.dir/iqconverter_float.c.o
[ 16%] Building C object libairspy/src/CMakeFiles/airspy-static.dir/iqconverter_float.c.o
[ 20%] Building C object libairspy/src/CMakeFiles/airspy.dir/iqconverter_int16.c.o
[ 25%] Building C object libairspy/src/CMakeFiles/airspy-static.dir/iqconverter_int16.c.o
[ 29%] Linking C shared library libairspy.so
/tmp/toolchain/bin/../lib/gcc/arm-linux-androideabi/4.8/../../../../arm-linux-androideabi/bin/ld: error: cannot find -lusb-1.0
collect2: error: ld returned 1 exit status
libairspy/src/CMakeFiles/airspy.dir/build.make:147: recipe for target 'libairspy/src/libairspy.so.1.0.3' failed
make[2]: *** [libairspy/src/libairspy.so.1.0.3] Error 1
CMakeFiles/Makefile2:137: recipe for target 'libairspy/src/CMakeFiles/airspy.dir/all' failed
make[1]: *** [libairspy/src/CMakeFiles/airspy.dir/all] Error 2
make[1]: *** Waiting for unfinished jobs....
[ 33%] Linking C static library libairspy.a
[ 33%] Built target airspy-static
Makefile:127: recipe for target 'all' failed
make: *** [all] Error 2
==> ERROR: A failure occurred in build().
    Aborting...
===> Printing config.logs
===> Finished printing config.logs></pre></code>
        </body></html>
