<!DOCTYPE html>
<html>
<!-- Jinja template for reports of individual builds

  Copyright 2016 Kareem Khazem. All Rights Reserved.
  Licensed under the Apache License, Version 2.0 (the "License");
  you may not use this file except in compliance with the License.
  You may obtain a copy of the License at

 		 http://www.apache.org/licenses/LICENSE-2.0

  Unless required by applicable law or agreed to in writing, software
  distributed under the License is distributed on an "AS IS" BASIS,
  WITHOUT WARRANTIES OR CONDITIONS OF ANY KIND, either express or
  implied.
  See the License for the specific language governing permissions and
  limitations under the License.
-->
  <head>
    <meta charset="UTF-8">
    <title>android/android-tools</title>
    <link href='https://fonts.googleapis.com/css?family=Roboto:400,900'
          rel='stylesheet' type='text/css'>
    <link
    href='https://fonts.googleapis.com/css?family=Source+Code+Pro:400,700'
          rel='stylesheet' type='text/css'>
    <link href="../style.css" type="text/css" rel="stylesheet">
  </head>
  <body>
    <h1>Build of android-tools
        with <a href="../index.html">android</a>
        toolchain</h1>
    <p>The build took 00h 01m 06s and was
    NOT successful.
    
    <p>This build attempted to bypass our toolchain by invoking native
    tools; we intercepted these invocations and sent them to our
    toolchain. The frequency of each native tool invocation is given
    here:</p>
    <table>
      <tr><th>tool</th><th>frequency</th></tr>
      
      <tr><td><code>g++</code></td><td>29</td></tr>
      
      <tr><td><code>gcc</code></td><td>48</td></tr>
      
    </table>
    
    </p>
    
    
    
    <h2>List of Errors</h2>
    <ul>
      
      <li>compile_error
        <ul>
          
          <li><a href="#17">core/base/file.cpp:114:12: error: 'DEFFILEMODE' was not declared in this scope</a></li>
          
          <li><a href="#20">core/base/file.cpp:112:12: error: invalid type in declaration before ';' token</a></li>
          
          <li><a href="#25">/toolchain_root/sysroot/usr/include/uchar.h:40:35: error: unknown type name 'char16_t'</a></li>
          
          <li><a href="#28">/toolchain_root/sysroot/usr/include/uchar.h:41:35: error: unknown type name 'char32_t'</a></li>
          
          <li><a href="#31">/toolchain_root/sysroot/usr/include/uchar.h:42:17: error: unknown type name 'char16_t'</a></li>
          
          <li><a href="#34">/toolchain_root/sysroot/usr/include/uchar.h:46:17: error: unknown type name 'char32_t'</a></li>
          
          <li><a href="#38">/toolchain_root/sysroot/usr/include/stdatomic.h:361:11: error: expected specifier-qualifier-list before 'char16_t'</a></li>
          
          <li><a href="#41">/toolchain_root/sysroot/usr/include/stdatomic.h:362:11: error: expected specifier-qualifier-list before 'char32_t'</a></li>
          
          <li><a href="#58">/toolchain_root/sysroot/usr/include/asm-generic/signal-defs.h:36:29: error: expected '=', ',', ';', 'asm' or '__attribute__' before '*' token</a></li>
          
          <li><a href="#61">/toolchain_root/sysroot/usr/include/asm-generic/signal-defs.h:39:30: error: expected '=', ',', ';', 'asm' or '__attribute__' before '*' token</a></li>
          
          <li><a href="#70">/toolchain_root/sysroot/usr/include/asm/signal.h:92:2: error: unknown type name '__sighandler_t'</a></li>
          
          <li><a href="#73">/toolchain_root/sysroot/usr/include/asm/signal.h:105:14: error: expected ':', ',', ';', '}' or '__attribute__' before '*' token</a></li>
          
          <li><a href="#83">/toolchain_root/sysroot/usr/include/asm-generic/siginfo.h:26:14: error: expected ':', ',', ';', '}' or '__attribute__' before '*' token</a></li>
          
          <li><a href="#86">/toolchain_root/sysroot/usr/include/asm-generic/siginfo.h:91:14: error: expected ':', ',', ';', '}' or '__attribute__' before '*' token</a></li>
          
          <li><a href="#89">/toolchain_root/sysroot/usr/include/asm-generic/siginfo.h:105:14: error: expected ':', ',', ';', '}' or '__attribute__' before '*' token</a></li>
          
          <li><a href="#96">/toolchain_root/sysroot/usr/include/signal.h:76:1: error: unknown type name '__sighandler_t'</a></li>
          
          <li><a href="#99">/toolchain_root/sysroot/usr/include/signal.h:77:1: error: unknown type name '__sighandler_t'</a></li>
          
        </ul>
      </li>
      
      <li>missing_header
        <ul>
          
          <li><a href="#10">core/adb/adb_auth_host.cpp:49:25: fatal error: openssl/evp.h: No such file or directory</a></li>
          
          <li><a href="#44">core/liblog/logd_write.c:39:39: fatal error: android/set_abort_message.h: No such file or directory</a></li>
          
          <li><a href="#102">libselinux/src/label_file.c:19:18: fatal error: pcre.h: No such file or directory</a></li>
          
        </ul>
      </li>
      
    </ul>
    
    <h2>Log</h2>
    
      <div class="block">
        <div class="info">
          <code>Found permanent source directory in /sources/android-tools</code>
        </div>
        
      </div>
      <br />
    
      <div class="block">
        <div class="info">
          <code>Removed vanilla repositories from pacman.conf and added:</code>
        </div>
        
          <div class="output">
            
            <a class="navhash" href="#1">#</a>
						
              <code id="1">[tuscan]</code><br />
						
            
            <a class="navhash" href="#2">#</a>
						
              <code id="2">Server = file:///var/cache/pacman/pkg/</code><br />
						
            
          </div>
        
      </div>
      <br />
    
      <div class="block">
        <div class="command">
          <code><span class="prompt">CMD: </span>pacman -Syy --noconfirm</code>
        </div>
        
          <div class="output">
            
            <a class="navhash" href="#3">#</a>
						
              <code id="3">:: Synchronizing package databases...</code><br />
						
            
            <a class="navhash" href="#4">#</a>
						
              <code id="4">downloading tuscan.db...</code><br />
						
            
          </div>
        
      </div>
      <br />
    
      <div class="block">
        <div class="command">
          <code><span class="prompt">CMD: </span>sudo -u tuscan PATH=/toolchain_root/bin:/usr/local/sbin:/usr/local/bin:/usr/sbin:/usr/bin:/sbin:/bin CC=arm-linux-androideabi-gcc CXX=arm-linux-androideabi-g++ SYSROOT=/build/android-ndk-r10e/platforms/android-21/arch-arm LIBRARY_PATH=/toolchain_root/usr/lib CPATH=/toolchain_root/usr/include bear makepkg --noextract --syncdeps --skipinteg --skippgpcheck --skipchecksums --noconfirm --nocolor --log --noprogressbar --nocheck</code>
        </div>
        
          <div class="output">
            
            <a class="navhash" href="#5">#</a>
						
              <code id="5">==> Making package: android-tools 6.0.1_r30-1 (Tue Jun 14 05:41:09 UTC 2016)</code><br />
						
            
            <a class="navhash" href="#6">#</a>
						
              <code id="6">==> Checking runtime dependencies...</code><br />
						
            
            <a class="navhash" href="#7">#</a>
						
              <code id="7">==> Checking buildtime dependencies...</code><br />
						
            
            <a class="navhash" href="#8">#</a>
						
              <code id="8">==> WARNING: Using existing $srcdir/ tree</code><br />
						
            
            <a class="navhash" href="#9">#</a>
						
              <code id="9">==> Starting build()...</code><br />
						
            
            <a class="navhash" href="#10">#</a>
						<span class="error">
              <code id="10">core/adb/adb_auth_host.cpp:49:25: fatal error: openssl/evp.h: No such file or directory</code><br />
						</span>
            
            <a class="navhash" href="#11">#</a>
						
              <code id="11"> #include <openssl/evp.h></code><br />
						
            
            <a class="navhash" href="#12">#</a>
						
              <code id="12">                         ^</code><br />
						
            
            <a class="navhash" href="#13">#</a>
						
              <code id="13">compilation terminated.</code><br />
						
            
            <a class="navhash" href="#14">#</a>
						
              <code id="14">In file included from /toolchain_root/sysroot/usr/include/fcntl.h:37:0,</code><br />
						
            
            <a class="navhash" href="#15">#</a>
						
              <code id="15">                 from core/base/file.cpp:20:</code><br />
						
            
            <a class="navhash" href="#16">#</a>
						
              <code id="16">core/base/file.cpp: In function 'bool android::base::WriteStringToFile(const string&, const string&)':</code><br />
						
            
            <a class="navhash" href="#17">#</a>
						<span class="error">
              <code id="17">core/base/file.cpp:114:12: error: 'DEFFILEMODE' was not declared in this scope</code><br />
						</span>
            
            <a class="navhash" href="#18">#</a>
						
              <code id="18">            DEFFILEMODE));</code><br />
						
            
            <a class="navhash" href="#19">#</a>
						
              <code id="19">            ^</code><br />
						
            
            <a class="navhash" href="#20">#</a>
						<span class="error">
              <code id="20">core/base/file.cpp:112:12: error: invalid type in declaration before ';' token</code><br />
						</span>
            
            <a class="navhash" href="#21">#</a>
						
              <code id="21">   int fd = TEMP_FAILURE_RETRY(</code><br />
						
            
            <a class="navhash" href="#22">#</a>
						
              <code id="22">            ^</code><br />
						
            
            <a class="navhash" href="#23">#</a>
						
              <code id="23">In file included from /toolchain_root/sysroot/usr/include/stdatomic.h:150:0,</code><br />
						
            
            <a class="navhash" href="#24">#</a>
						
              <code id="24">                 from core/liblog/logd_write.c:25:</code><br />
						
            
            <a class="navhash" href="#25">#</a>
						<span class="error">
              <code id="25">/toolchain_root/sysroot/usr/include/uchar.h:40:35: error: unknown type name 'char16_t'</code><br />
						</span>
            
            <a class="navhash" href="#26">#</a>
						
              <code id="26"> size_t c16rtomb(char* __restrict, char16_t, mbstate_t* __restrict);</code><br />
						
            
            <a class="navhash" href="#27">#</a>
						
              <code id="27">                                   ^</code><br />
						
            
            <a class="navhash" href="#28">#</a>
						<span class="error">
              <code id="28">/toolchain_root/sysroot/usr/include/uchar.h:41:35: error: unknown type name 'char32_t'</code><br />
						</span>
            
            <a class="navhash" href="#29">#</a>
						
              <code id="29"> size_t c32rtomb(char* __restrict, char32_t, mbstate_t* __restrict);</code><br />
						
            
            <a class="navhash" href="#30">#</a>
						
              <code id="30">                                   ^</code><br />
						
            
            <a class="navhash" href="#31">#</a>
						<span class="error">
              <code id="31">/toolchain_root/sysroot/usr/include/uchar.h:42:17: error: unknown type name 'char16_t'</code><br />
						</span>
            
            <a class="navhash" href="#32">#</a>
						
              <code id="32"> size_t mbrtoc16(char16_t* __restrict,</code><br />
						
            
            <a class="navhash" href="#33">#</a>
						
              <code id="33">                 ^</code><br />
						
            
            <a class="navhash" href="#34">#</a>
						<span class="error">
              <code id="34">/toolchain_root/sysroot/usr/include/uchar.h:46:17: error: unknown type name 'char32_t'</code><br />
						</span>
            
            <a class="navhash" href="#35">#</a>
						
              <code id="35"> size_t mbrtoc32(char32_t* __restrict,</code><br />
						
            
            <a class="navhash" href="#36">#</a>
						
              <code id="36">                 ^</code><br />
						
            
            <a class="navhash" href="#37">#</a>
						
              <code id="37">In file included from core/liblog/logd_write.c:25:0:</code><br />
						
            
            <a class="navhash" href="#38">#</a>
						<span class="error">
              <code id="38">/toolchain_root/sysroot/usr/include/stdatomic.h:361:11: error: expected specifier-qualifier-list before 'char16_t'</code><br />
						</span>
            
            <a class="navhash" href="#39">#</a>
						
              <code id="39">   typedef _Atomic(char16_t)  atomic_char16_t;</code><br />
						
            
            <a class="navhash" href="#40">#</a>
						
              <code id="40">           ^</code><br />
						
            
            <a class="navhash" href="#41">#</a>
						<span class="error">
              <code id="41">/toolchain_root/sysroot/usr/include/stdatomic.h:362:11: error: expected specifier-qualifier-list before 'char32_t'</code><br />
						</span>
            
            <a class="navhash" href="#42">#</a>
						
              <code id="42">   typedef _Atomic(char32_t)  atomic_char32_t;</code><br />
						
            
            <a class="navhash" href="#43">#</a>
						
              <code id="43">           ^</code><br />
						
            
            <a class="navhash" href="#44">#</a>
						<span class="error">
              <code id="44">core/liblog/logd_write.c:39:39: fatal error: android/set_abort_message.h: No such file or directory</code><br />
						</span>
            
            <a class="navhash" href="#45">#</a>
						
              <code id="45"> #include <android/set_abort_message.h></code><br />
						
            
            <a class="navhash" href="#46">#</a>
						
              <code id="46">                                       ^</code><br />
						
            
            <a class="navhash" href="#47">#</a>
						
              <code id="47">compilation terminated.</code><br />
						
            
            <a class="navhash" href="#48">#</a>
						
              <code id="48">arm-linux-androideabi-g++: error: core/base/file.cpp.o: No such file or directory</code><br />
						
            
            <a class="navhash" href="#49">#</a>
						
              <code id="49">arm-linux-androideabi-g++: error: core/liblog/logd_write.c.o: No such file or directory</code><br />
						
            
            <a class="navhash" href="#50">#</a>
						
              <code id="50">arm-linux-androideabi-g++: error: core/adb/adb_auth_host.cpp.o: No such file or directory</code><br />
						
            
            <a class="navhash" href="#51">#</a>
						
              <code id="51">In file included from /toolchain_root/sysroot/usr/include/asm/signal.h:89:0,</code><br />
						
            
            <a class="navhash" href="#52">#</a>
						
              <code id="52">                 from /toolchain_root/sysroot/usr/include/linux/signal.h:21,</code><br />
						
            
            <a class="navhash" href="#53">#</a>
						
              <code id="53">                 from /toolchain_root/sysroot/usr/include/signal.h:48,</code><br />
						
            
            <a class="navhash" href="#54">#</a>
						
              <code id="54">                 from /toolchain_root/sysroot/usr/include/sys/select.h:35,</code><br />
						
            
            <a class="navhash" href="#55">#</a>
						
              <code id="55">                 from /toolchain_root/sysroot/usr/include/unistd.h:34,</code><br />
						
            
            <a class="navhash" href="#56">#</a>
						
              <code id="56">                 from extras/ext4_utils/ext4_utils.h:30,</code><br />
						
            
            <a class="navhash" href="#57">#</a>
						
              <code id="57">                 from extras/ext4_utils/contents.c:30:</code><br />
						
            
            <a class="navhash" href="#58">#</a>
						<span class="error">
              <code id="58">/toolchain_root/sysroot/usr/include/asm-generic/signal-defs.h:36:29: error: expected '=', ',', ';', 'asm' or '__attribute__' before '*' token</code><br />
						</span>
            
            <a class="navhash" href="#59">#</a>
						
              <code id="59"> typedef __signalfn_t __user *__sighandler_t;</code><br />
						
            
            <a class="navhash" href="#60">#</a>
						
              <code id="60">                             ^</code><br />
						
            
            <a class="navhash" href="#61">#</a>
						<span class="error">
              <code id="61">/toolchain_root/sysroot/usr/include/asm-generic/signal-defs.h:39:30: error: expected '=', ',', ';', 'asm' or '__attribute__' before '*' token</code><br />
						</span>
            
            <a class="navhash" href="#62">#</a>
						
              <code id="62"> typedef __restorefn_t __user *__sigrestore_t;</code><br />
						
            
            <a class="navhash" href="#63">#</a>
						
              <code id="63">                              ^</code><br />
						
            
            <a class="navhash" href="#64">#</a>
						
              <code id="64">In file included from /toolchain_root/sysroot/usr/include/linux/signal.h:21:0,</code><br />
						
            
            <a class="navhash" href="#65">#</a>
						
              <code id="65">                 from /toolchain_root/sysroot/usr/include/signal.h:48,</code><br />
						
            
            <a class="navhash" href="#66">#</a>
						
              <code id="66">                 from /toolchain_root/sysroot/usr/include/sys/select.h:35,</code><br />
						
            
            <a class="navhash" href="#67">#</a>
						
              <code id="67">                 from /toolchain_root/sysroot/usr/include/unistd.h:34,</code><br />
						
            
            <a class="navhash" href="#68">#</a>
						
              <code id="68">                 from extras/ext4_utils/ext4_utils.h:30,</code><br />
						
            
            <a class="navhash" href="#69">#</a>
						
              <code id="69">                 from extras/ext4_utils/contents.c:30:</code><br />
						
            
            <a class="navhash" href="#70">#</a>
						<span class="error">
              <code id="70">/toolchain_root/sysroot/usr/include/asm/signal.h:92:2: error: unknown type name '__sighandler_t'</code><br />
						</span>
            
            <a class="navhash" href="#71">#</a>
						
              <code id="71">  __sighandler_t _sa_handler;</code><br />
						
            
            <a class="navhash" href="#72">#</a>
						
              <code id="72">  ^</code><br />
						
            
            <a class="navhash" href="#73">#</a>
						<span class="error">
              <code id="73">/toolchain_root/sysroot/usr/include/asm/signal.h:105:14: error: expected ':', ',', ';', '}' or '__attribute__' before '*' token</code><br />
						</span>
            
            <a class="navhash" href="#74">#</a>
						
              <code id="74">  void __user *ss_sp;</code><br />
						
            
            <a class="navhash" href="#75">#</a>
						
              <code id="75">              ^</code><br />
						
            
            <a class="navhash" href="#76">#</a>
						
              <code id="76">In file included from /toolchain_root/sysroot/usr/include/asm/siginfo.h:19:0,</code><br />
						
            
            <a class="navhash" href="#77">#</a>
						
              <code id="77">                 from /toolchain_root/sysroot/usr/include/linux/signal.h:22,</code><br />
						
            
            <a class="navhash" href="#78">#</a>
						
              <code id="78">                 from /toolchain_root/sysroot/usr/include/signal.h:48,</code><br />
						
            
            <a class="navhash" href="#79">#</a>
						
              <code id="79">                 from /toolchain_root/sysroot/usr/include/sys/select.h:35,</code><br />
						
            
            <a class="navhash" href="#80">#</a>
						
              <code id="80">                 from /toolchain_root/sysroot/usr/include/unistd.h:34,</code><br />
						
            
            <a class="navhash" href="#81">#</a>
						
              <code id="81">                 from extras/ext4_utils/ext4_utils.h:30,</code><br />
						
            
            <a class="navhash" href="#82">#</a>
						
              <code id="82">                 from extras/ext4_utils/contents.c:30:</code><br />
						
            
            <a class="navhash" href="#83">#</a>
						<span class="error">
              <code id="83">/toolchain_root/sysroot/usr/include/asm-generic/siginfo.h:26:14: error: expected ':', ',', ';', '}' or '__attribute__' before '*' token</code><br />
						</span>
            
            <a class="navhash" href="#84">#</a>
						
              <code id="84">  void __user *sival_ptr;</code><br />
						
            
            <a class="navhash" href="#85">#</a>
						
              <code id="85">              ^</code><br />
						
            
            <a class="navhash" href="#86">#</a>
						<span class="error">
              <code id="86">/toolchain_root/sysroot/usr/include/asm-generic/siginfo.h:91:14: error: expected ':', ',', ';', '}' or '__attribute__' before '*' token</code><br />
						</span>
            
            <a class="navhash" href="#87">#</a>
						
              <code id="87">  void __user *_addr;</code><br />
						
            
            <a class="navhash" href="#88">#</a>
						
              <code id="88">              ^</code><br />
						
            
            <a class="navhash" href="#89">#</a>
						<span class="error">
              <code id="89">/toolchain_root/sysroot/usr/include/asm-generic/siginfo.h:105:14: error: expected ':', ',', ';', '}' or '__attribute__' before '*' token</code><br />
						</span>
            
            <a class="navhash" href="#90">#</a>
						
              <code id="90">  void __user *_call_addr;</code><br />
						
            
            <a class="navhash" href="#91">#</a>
						
              <code id="91">              ^</code><br />
						
            
            <a class="navhash" href="#92">#</a>
						
              <code id="92">In file included from /toolchain_root/sysroot/usr/include/sys/select.h:35:0,</code><br />
						
            
            <a class="navhash" href="#93">#</a>
						
              <code id="93">                 from /toolchain_root/sysroot/usr/include/unistd.h:34,</code><br />
						
            
            <a class="navhash" href="#94">#</a>
						
              <code id="94">                 from extras/ext4_utils/ext4_utils.h:30,</code><br />
						
            
            <a class="navhash" href="#95">#</a>
						
              <code id="95">                 from extras/ext4_utils/contents.c:30:</code><br />
						
            
            <a class="navhash" href="#96">#</a>
						<span class="error">
              <code id="96">/toolchain_root/sysroot/usr/include/signal.h:76:1: error: unknown type name '__sighandler_t'</code><br />
						</span>
            
            <a class="navhash" href="#97">#</a>
						
              <code id="97"> typedef __sighandler_t sig_t; /* BSD compatibility. */</code><br />
						
            
            <a class="navhash" href="#98">#</a>
						
              <code id="98"> ^</code><br />
						
            
            <a class="navhash" href="#99">#</a>
						<span class="error">
              <code id="99">/toolchain_root/sysroot/usr/include/signal.h:77:1: error: unknown type name '__sighandler_t'</code><br />
						</span>
            
            <a class="navhash" href="#100">#</a>
						
              <code id="100"> typedef __sighandler_t sighandler_t; /* glibc compatibility. */</code><br />
						
            
            <a class="navhash" href="#101">#</a>
						
              <code id="101"> ^</code><br />
						
            
            <a class="navhash" href="#102">#</a>
						<span class="error">
              <code id="102">libselinux/src/label_file.c:19:18: fatal error: pcre.h: No such file or directory</code><br />
						</span>
            
            <a class="navhash" href="#103">#</a>
						
              <code id="103"> #include <pcre.h></code><br />
						
            
            <a class="navhash" href="#104">#</a>
						
              <code id="104">                  ^</code><br />
						
            
            <a class="navhash" href="#105">#</a>
						
              <code id="105">compilation terminated.</code><br />
						
            
            <a class="navhash" href="#106">#</a>
						
              <code id="106">arm-linux-androideabi-g++: error: core/liblog/logd_write.c.o: No such file or directory</code><br />
						
            
            <a class="navhash" href="#107">#</a>
						
              <code id="107">arm-linux-androideabi-g++: error: core/base/file.cpp.o: No such file or directory</code><br />
						
            
            <a class="navhash" href="#108">#</a>
						
              <code id="108">arm-linux-androideabi-g++: error: extras/ext4_utils/contents.c.o: No such file or directory</code><br />
						
            
            <a class="navhash" href="#109">#</a>
						
              <code id="109">arm-linux-androideabi-g++: error: libselinux/src/label_file.c.o: No such file or directory</code><br />
						
            
            <a class="navhash" href="#110">#</a>
						
              <code id="110">==> ERROR: A failure occurred in build().</code><br />
						
            
            <a class="navhash" href="#111">#</a>
						
              <code id="111">    Aborting...</code><br />
						
            
          </div>
        
      </div>
      <br />
    
      <div class="block">
        <div class="info">
          <code>Printing config.logs</code>
        </div>
        
      </div>
      <br />
    
  </body>
</html>