<!DOCTYPE html>
<html>
<!-- Jinja template for reports of individual builds

  Copyright 2016 Kareem Khazem. All Rights Reserved.
  Licensed under the Apache License, Version 2.0 (the "License");
  you may not use this file except in compliance with the License.
  You may obtain a copy of the License at

 		 http://www.apache.org/licenses/LICENSE-2.0

  Unless required by applicable law or agreed to in writing, software
  distributed under the License is distributed on an "AS IS" BASIS,
  WITHOUT WARRANTIES OR CONDITIONS OF ANY KIND, either express or
  implied.
  See the License for the specific language governing permissions and
  limitations under the License.
-->
  <head>
    <meta charset="UTF-8">
    <title>android/apg</title>
    <link href='https://fonts.googleapis.com/css?family=Roboto:400,900'
          rel='stylesheet' type='text/css'>
    <link
    href='https://fonts.googleapis.com/css?family=Source+Code+Pro:400,700'
          rel='stylesheet' type='text/css'>
    <link href="../style.css" type="text/css" rel="stylesheet">
  </head>
  <body>
    <h1>Build of apg
        with <a href="../index.html">android</a>
        toolchain</h1>
    <p>The build took 00h 01m 00s and was
    NOT successful.</p>
    <p>
      The process tree of the build process is <a
      href="apg-tree.html">here</a>.
    </p>
    
    
    
    
    
    <h2>List of Errors</h2>
    <ul>
      
      <li>parse_error
        <ul>
          
          <li><a href="#75">/usr/include/crypt.h:33:6: error: expected declaration specifiers before '__THROW'</a></li>
          
          <li><a href="#81">/usr/include/crypt.h:41:6: error: expected '=', ',', ';', 'asm' or '__attribute__' before '__THROW'</a></li>
          
          <li><a href="#135">/sysroot/sysroot/usr/include/asm/signal.h:96:2: error: expected specifier-qualifier-list before 'sigset_t'</a></li>
          
          <li><a href="#153">/sysroot/sysroot/usr/include/asm-generic/siginfo.h:71:2: error: expected specifier-qualifier-list before 'sigval_t'</a></li>
          
          <li><a href="#156">/sysroot/sysroot/usr/include/asm-generic/siginfo.h:79:2: error: expected specifier-qualifier-list before 'sigval_t'</a></li>
          
          <li><a href="#162">/sysroot/sysroot/usr/include/asm-generic/siginfo.h:241:2: error: expected specifier-qualifier-list before 'sigval_t'</a></li>
          
          <li><a href="#210">/sysroot/sysroot/usr/include/sys/ucontext.h:292:3: error: expected specifier-qualifier-list before 'fpregset_t'</a></li>
          
          <li><a href="#216">/sysroot/sysroot/usr/include/sys/ucontext.h:299:3: error: expected specifier-qualifier-list before 'stack_t'</a></li>
          
          <li><a href="#252">/sysroot/sysroot/usr/include/signal.h:86:5: error: expected specifier-qualifier-list before 'sighandler_t'</a></li>
          
          <li><a href="#255">/sysroot/sysroot/usr/include/signal.h:89:3: error: expected specifier-qualifier-list before 'sigset_t'</a></li>
          
          <li><a href="#722">rnd.h:50:1: error: expected declaration specifiers before 'UINT32'</a></li>
          
          <li><a href="#732">pronpass.h:73:1: error: expected declaration specifiers before 'USHORT'</a></li>
          
          <li><a href="#735">pronpass.h:74:1: error: expected declaration specifiers before 'USHORT'</a></li>
          
          <li><a href="#738">pronpass.h:75:1: error: expected declaration specifiers before 'boolean'</a></li>
          
          <li><a href="#741">pronpass.h:76:1: error: expected declaration specifiers before 'boolean'</a></li>
          
          <li><a href="#744">pronpass.h:77:1: error: expected declaration specifiers before 'boolean'</a></li>
          
          <li><a href="#747">pronpass.h:78:1: error: expected declaration specifiers before 'boolean'</a></li>
          
          <li><a href="#763">randpass.h:53:3: error: expected specifier-qualifier-list before 'USHORT'</a></li>
          
          <li><a href="#781">/sysroot/sysroot/usr/include/math.h:24:9: error: expected declaration specifiers before '#pragma'</a></li>
          
          <li><a href="#784">/sysroot/sysroot/usr/include/math.h:32:3: error: expected declaration specifiers before '__infinity'</a></li>
          
          <li><a href="#811">/sysroot/sysroot/usr/include/math.h:755:9: error: expected declaration specifiers before '#pragma'</a></li>
          
          <li><a href="#820">sha/sha.h:29:3: error: expected specifier-qualifier-list before 'LONG'</a></li>
          
          <li><a href="#852">bloom.h:77:3: error: expected specifier-qualifier-list before 'f_mode'</a></li>
          
          <li><a href="#918">apg.c:95:1: error: expected declaration specifiers before 'UINT32'</a></li>
          
          <li><a href="#921">apg.c:96:1: error: expected declaration specifiers before 'UINT32'</a></li>
          
          <li><a href="#927">apg.c:110:1: error: expected '=', ',', ';', 'asm' or '__attribute__' before '{' token</a></li>
          
          <li><a href="#930">apg.c:568:1: error: expected declaration specifiers before 'UINT32'</a></li>
          
          <li><a href="#933">apg.c:594:1: error: expected declaration specifiers before 'UINT32'</a></li>
          
          <li><a href="#936">apg.c:618:1: error: expected '=', ',', ';', 'asm' or '__attribute__' before '{' token</a></li>
          
          <li><a href="#939">apg.c:664:1: error: expected '=', ',', ';', 'asm' or '__attribute__' before '{' token</a></li>
          
          <li><a href="#942">apg.c:683:1: error: expected '=', ',', ';', 'asm' or '__attribute__' before '{' token</a></li>
          
          <li><a href="#945">apg.c:706:1: error: expected '=', ',', ';', 'asm' or '__attribute__' before '{' token</a></li>
          
        </ul>
      </li>
      
    </ul>
    
    <h2>Log</h2>
    
      <div class="block">
        <div class="info">
          <code>Removed vanilla repositories from pacman.conf and added:</code>
        </div>
        
          <div class="output">
            
            <a class="navhash" href="#1">#</a>
						
              <code id="1">[tuscan]</code><br />
						
            
            <a class="navhash" href="#2">#</a>
						
              <code id="2">Server = file:///var/cache/pacman/pkg/</code><br />
						
            
          </div>
        
      </div>
      <br />
    
      <div class="block">
        <div class="command">
          <code><span class="prompt">CMD: </span>pacman -Syy --noconfirm</code>
        </div>
        
          <div class="output">
            
            <a class="navhash" href="#3">#</a>
						
              <code id="3">:: Synchronizing package databases...</code><br />
						
            
            <a class="navhash" href="#4">#</a>
						
              <code id="4">downloading tuscan.db...</code><br />
						
            
          </div>
        
      </div>
      <br />
    
      <div class="block">
        <div class="info">
          <code>Copying directory '/toolchain_root/arm-linux-androideabi' to '/sysroot/arm-linux-androideabi'</code>
        </div>
        
      </div>
      <br />
    
      <div class="block">
        <div class="info">
          <code>Copying file '/toolchain_root/COPYING3.LIB' to '/sysroot/COPYING3.LIB'</code>
        </div>
        
      </div>
      <br />
    
      <div class="block">
        <div class="info">
          <code>Copying directory '/toolchain_root/sysroot' to '/sysroot/sysroot'</code>
        </div>
        
      </div>
      <br />
    
      <div class="block">
        <div class="info">
          <code>Copying file '/toolchain_root/COPYING.RUNTIME' to '/sysroot/COPYING.RUNTIME'</code>
        </div>
        
      </div>
      <br />
    
      <div class="block">
        <div class="info">
          <code>Copying directory '/toolchain_root/lib' to '/sysroot/lib'</code>
        </div>
        
      </div>
      <br />
    
      <div class="block">
        <div class="info">
          <code>Copying file '/toolchain_root/SOURCES' to '/sysroot/SOURCES'</code>
        </div>
        
      </div>
      <br />
    
      <div class="block">
        <div class="info">
          <code>Copying directory '/toolchain_root/lib64' to '/sysroot/lib64'</code>
        </div>
        
      </div>
      <br />
    
      <div class="block">
        <div class="info">
          <code>Copying directory '/toolchain_root/share' to '/sysroot/share'</code>
        </div>
        
      </div>
      <br />
    
      <div class="block">
        <div class="info">
          <code>Copying directory '/toolchain_root/bin' to '/sysroot/bin'</code>
        </div>
        
      </div>
      <br />
    
      <div class="block">
        <div class="info">
          <code>Copying file '/toolchain_root/COPYING' to '/sysroot/COPYING'</code>
        </div>
        
      </div>
      <br />
    
      <div class="block">
        <div class="info">
          <code>Copying file '/toolchain_root/COPYING3' to '/sysroot/COPYING3'</code>
        </div>
        
      </div>
      <br />
    
      <div class="block">
        <div class="info">
          <code>Copying file '/toolchain_root/COPYING.LIB' to '/sysroot/COPYING.LIB'</code>
        </div>
        
      </div>
      <br />
    
      <div class="block">
        <div class="info">
          <code>Copying directory '/toolchain_root/include' to '/sysroot/include'</code>
        </div>
        
      </div>
      <br />
    
      <div class="block">
        <div class="info">
          <code>Copying directory '/toolchain_root/libexec' to '/sysroot/libexec'</code>
        </div>
        
      </div>
      <br />
    
      <div class="block">
        <div class="command">
          <code><span class="prompt">CMD: </span>sudo -u tuscan PATH=/sysroot/bin:/sysroot/libexec/gcc/arm-linux-androideabi/4.8:/usr/local/sbin:/usr/local/bin:/usr/sbin:/usr/bin:/sbin:/bin CC=arm-linux-androideabi-gcc CXX=arm-linux-androideabi-g++ SYSROOT=/sysroot/sysroot LIBRARY_PATH=/sysroot/sysroot/usr/lib CPATH=/sysroot/sysroot/usr/include red makepkg --noextract --syncdeps --skipinteg --skippgpcheck --skipchecksums --noconfirm --nocolor --log --noprogressbar --nocheck</code>
        </div>
        
          <div class="output">
            
            <a class="navhash" href="#5">#</a>
						
              <code id="5">==> Making package: apg 2.2.3-4 (Thu Aug 11 12:48:31 UTC 2016)</code><br />
						
            
            <a class="navhash" href="#6">#</a>
						
              <code id="6">==> Checking runtime dependencies...</code><br />
						
            
            <a class="navhash" href="#7">#</a>
						
              <code id="7">==> Checking buildtime dependencies...</code><br />
						
            
            <a class="navhash" href="#8">#</a>
						
              <code id="8">==> WARNING: Using existing $srcdir/ tree</code><br />
						
            
            <a class="navhash" href="#9">#</a>
						
              <code id="9">==> Starting build()...</code><br />
						
            
            <a class="navhash" href="#10">#</a>
						
              <code id="10">gcc -Wall -DAPG_USE_CRYPT -DAPG_DONOTUSE_SHA -o apg bloom.c ./sha/sha.c ./cast/cast.c rnd.c pronpass.c randpass.c restrict.c errors.c apg.c getopt.c convert.c -lcrypt -lm</code><br />
						
            
            <a class="navhash" href="#11">#</a>
						
              <code id="11">gcc -Wall -DAPGBFM -o apgbfm apgbfm.c bloom.c sha/sha.c errors.c getopt.c convert.c -lm</code><br />
						
            
            <a class="navhash" href="#12">#</a>
						
              <code id="12">In file included from /sysroot/sysroot/usr/include/linux/signal.h:21:0,</code><br />
						
            
            <a class="navhash" href="#13">#</a>
						
              <code id="13">                 from /sysroot/sysroot/usr/include/signal.h:43,</code><br />
						
            
            <a class="navhash" href="#14">#</a>
						
              <code id="14">                 from /sysroot/sysroot/usr/include/sys/select.h:35,</code><br />
						
            
            <a class="navhash" href="#15">#</a>
						
              <code id="15">                 from /sysroot/sysroot/usr/include/unistd.h:34,</code><br />
						
            
            <a class="navhash" href="#16">#</a>
						
              <code id="16">                 from apgbfm.c:32:</code><br />
						
            
            <a class="navhash" href="#17">#</a>
						
              <code id="17">/sysroot/sysroot/usr/include/asm/signal.h:101:22: error: expected ':', ',', ';', '}' or '__attribute__' before '.' token</code><br />
						
            
            <a class="navhash" href="#18">#</a>
						
              <code id="18"> #define sa_handler _u._sa_handler</code><br />
						
            
            <a class="navhash" href="#19">#</a>
						
              <code id="19">                      ^</code><br />
						
            
            <a class="navhash" href="#20">#</a>
						
              <code id="20">/sysroot/sysroot/usr/include/signal.h:86:18: note: in expansion of macro 'sa_handler'</code><br />
						
            
            <a class="navhash" href="#21">#</a>
						
              <code id="21">     sighandler_t sa_handler;</code><br />
						
            
            <a class="navhash" href="#22">#</a>
						
              <code id="22">                  ^~~~~~~~~~</code><br />
						
            
            <a class="navhash" href="#23">#</a>
						
              <code id="23">apgbfm.c: In function 'main':</code><br />
						
            
            <a class="navhash" href="#24">#</a>
						
              <code id="24">apgbfm.c:82:7: warning: variable 'case_insensitive_flag' set but not used [-Wunused-but-set-variable]</code><br />
						
            
            <a class="navhash" href="#25">#</a>
						
              <code id="25">  flag case_insensitive_flag = FALSE; /* -q */</code><br />
						
            
            <a class="navhash" href="#26">#</a>
						
              <code id="26">       ^~~~~~~~~~~~~~~~~~~~~</code><br />
						
            
            <a class="navhash" href="#27">#</a>
						
              <code id="27">In file included from /sysroot/sysroot/usr/include/linux/signal.h:21:0,</code><br />
						
            
            <a class="navhash" href="#28">#</a>
						
              <code id="28">                 from /sysroot/sysroot/usr/include/signal.h:43,</code><br />
						
            
            <a class="navhash" href="#29">#</a>
						
              <code id="29">                 from /sysroot/sysroot/usr/include/sys/select.h:35,</code><br />
						
            
            <a class="navhash" href="#30">#</a>
						
              <code id="30">                 from /sysroot/sysroot/usr/include/unistd.h:34,</code><br />
						
            
            <a class="navhash" href="#31">#</a>
						
              <code id="31">                 from errors.c:32:</code><br />
						
            
            <a class="navhash" href="#32">#</a>
						
              <code id="32">/sysroot/sysroot/usr/include/asm/signal.h:101:22: error: expected ':', ',', ';', '}' or '__attribute__' before '.' token</code><br />
						
            
            <a class="navhash" href="#33">#</a>
						
              <code id="33"> #define sa_handler _u._sa_handler</code><br />
						
            
            <a class="navhash" href="#34">#</a>
						
              <code id="34">                      ^</code><br />
						
            
            <a class="navhash" href="#35">#</a>
						
              <code id="35">/sysroot/sysroot/usr/include/signal.h:86:18: note: in expansion of macro 'sa_handler'</code><br />
						
            
            <a class="navhash" href="#36">#</a>
						
              <code id="36">     sighandler_t sa_handler;</code><br />
						
            
            <a class="navhash" href="#37">#</a>
						
              <code id="37">                  ^~~~~~~~~~</code><br />
						
            
            <a class="navhash" href="#38">#</a>
						
              <code id="38">make: *** [Makefile:105: apgbfm] Error 1</code><br />
						
            
            <a class="navhash" href="#39">#</a>
						
              <code id="39">make: *** Waiting for unfinished jobs....</code><br />
						
            
            <a class="navhash" href="#40">#</a>
						
              <code id="40">In file included from /sysroot/sysroot/usr/include/linux/signal.h:21:0,</code><br />
						
            
            <a class="navhash" href="#41">#</a>
						
              <code id="41">                 from /sysroot/sysroot/usr/include/signal.h:43,</code><br />
						
            
            <a class="navhash" href="#42">#</a>
						
              <code id="42">                 from /sysroot/sysroot/usr/include/sys/select.h:35,</code><br />
						
            
            <a class="navhash" href="#43">#</a>
						
              <code id="43">                 from /sysroot/sysroot/usr/include/unistd.h:34,</code><br />
						
            
            <a class="navhash" href="#44">#</a>
						
              <code id="44">                 from rnd.c:36:</code><br />
						
            
            <a class="navhash" href="#45">#</a>
						
              <code id="45">/sysroot/sysroot/usr/include/asm/signal.h:101:22: error: expected ':', ',', ';', '}' or '__attribute__' before '.' token</code><br />
						
            
            <a class="navhash" href="#46">#</a>
						
              <code id="46"> #define sa_handler _u._sa_handler</code><br />
						
            
            <a class="navhash" href="#47">#</a>
						
              <code id="47">                      ^</code><br />
						
            
            <a class="navhash" href="#48">#</a>
						
              <code id="48">/sysroot/sysroot/usr/include/signal.h:86:18: note: in expansion of macro 'sa_handler'</code><br />
						
            
            <a class="navhash" href="#49">#</a>
						
              <code id="49">     sighandler_t sa_handler;</code><br />
						
            
            <a class="navhash" href="#50">#</a>
						
              <code id="50">                  ^~~~~~~~~~</code><br />
						
            
            <a class="navhash" href="#51">#</a>
						
              <code id="51">In file included from /sysroot/sysroot/usr/include/linux/signal.h:21:0,</code><br />
						
            
            <a class="navhash" href="#52">#</a>
						
              <code id="52">                 from /sysroot/sysroot/usr/include/signal.h:43,</code><br />
						
            
            <a class="navhash" href="#53">#</a>
						
              <code id="53">                 from /sysroot/sysroot/usr/include/sys/select.h:35,</code><br />
						
            
            <a class="navhash" href="#54">#</a>
						
              <code id="54">                 from /sysroot/sysroot/usr/include/unistd.h:34,</code><br />
						
            
            <a class="navhash" href="#55">#</a>
						
              <code id="55">                 from randpass.c:40:</code><br />
						
            
            <a class="navhash" href="#56">#</a>
						
              <code id="56">/sysroot/sysroot/usr/include/asm/signal.h:101:22: error: expected ':', ',', ';', '}' or '__attribute__' before '.' token</code><br />
						
            
            <a class="navhash" href="#57">#</a>
						
              <code id="57"> #define sa_handler _u._sa_handler</code><br />
						
            
            <a class="navhash" href="#58">#</a>
						
              <code id="58">                      ^</code><br />
						
            
            <a class="navhash" href="#59">#</a>
						
              <code id="59">/sysroot/sysroot/usr/include/signal.h:86:18: note: in expansion of macro 'sa_handler'</code><br />
						
            
            <a class="navhash" href="#60">#</a>
						
              <code id="60">     sighandler_t sa_handler;</code><br />
						
            
            <a class="navhash" href="#61">#</a>
						
              <code id="61">                  ^~~~~~~~~~</code><br />
						
            
            <a class="navhash" href="#62">#</a>
						
              <code id="62">In file included from /sysroot/sysroot/usr/include/linux/signal.h:21:0,</code><br />
						
            
            <a class="navhash" href="#63">#</a>
						
              <code id="63">                 from /sysroot/sysroot/usr/include/signal.h:43,</code><br />
						
            
            <a class="navhash" href="#64">#</a>
						
              <code id="64">                 from /sysroot/sysroot/usr/include/sys/select.h:35,</code><br />
						
            
            <a class="navhash" href="#65">#</a>
						
              <code id="65">                 from /sysroot/sysroot/usr/include/unistd.h:34,</code><br />
						
            
            <a class="navhash" href="#66">#</a>
						
              <code id="66">                 from errors.c:32:</code><br />
						
            
            <a class="navhash" href="#67">#</a>
						
              <code id="67">/sysroot/sysroot/usr/include/asm/signal.h:101:22: error: expected ':', ',', ';', '}' or '__attribute__' before '.' token</code><br />
						
            
            <a class="navhash" href="#68">#</a>
						
              <code id="68"> #define sa_handler _u._sa_handler</code><br />
						
            
            <a class="navhash" href="#69">#</a>
						
              <code id="69">                      ^</code><br />
						
            
            <a class="navhash" href="#70">#</a>
						
              <code id="70">/sysroot/sysroot/usr/include/signal.h:86:18: note: in expansion of macro 'sa_handler'</code><br />
						
            
            <a class="navhash" href="#71">#</a>
						
              <code id="71">     sighandler_t sa_handler;</code><br />
						
            
            <a class="navhash" href="#72">#</a>
						
              <code id="72">                  ^~~~~~~~~~</code><br />
						
            
            <a class="navhash" href="#73">#</a>
						
              <code id="73">In file included from apg.c:52:0:</code><br />
						
            
            <a class="navhash" href="#74">#</a>
						
              <code id="74">/usr/include/crypt.h: In function 'crypt':</code><br />
						
            
            <a class="navhash" href="#75">#</a>
						<span class="error">
              <code id="75">/usr/include/crypt.h:33:6: error: expected declaration specifiers before '__THROW'</code><br />
						</span>
            
            <a class="navhash" href="#76">#</a>
						
              <code id="76">      __THROW __nonnull ((1, 2));</code><br />
						
            
            <a class="navhash" href="#77">#</a>
						
              <code id="77">      ^~~~~~~</code><br />
						
            
            <a class="navhash" href="#78">#</a>
						
              <code id="78">/usr/include/crypt.h:36:40: error: expected '=', ',', ';', 'asm' or '__attribute__' before '__THROW'</code><br />
						
            
            <a class="navhash" href="#79">#</a>
						
              <code id="79"> extern void setkey (const char *__key) __THROW __nonnull ((1));</code><br />
						
            
            <a class="navhash" href="#80">#</a>
						
              <code id="80">                                        ^~~~~~~</code><br />
						
            
            <a class="navhash" href="#81">#</a>
						<span class="error">
              <code id="81">/usr/include/crypt.h:41:6: error: expected '=', ',', ';', 'asm' or '__attribute__' before '__THROW'</code><br />
						</span>
            
            <a class="navhash" href="#82">#</a>
						
              <code id="82">      __THROW __nonnull ((1));</code><br />
						
            
            <a class="navhash" href="#83">#</a>
						
              <code id="83">      ^~~~~~~</code><br />
						
            
            <a class="navhash" href="#84">#</a>
						
              <code id="84">In file included from /sysroot/sysroot/usr/include/signal.h:32:0,</code><br />
						
            
            <a class="navhash" href="#85">#</a>
						
              <code id="85">                 from /sysroot/sysroot/usr/include/sys/select.h:35,</code><br />
						
            
            <a class="navhash" href="#86">#</a>
						
              <code id="86">                 from /sysroot/sysroot/usr/include/unistd.h:34,</code><br />
						
            
            <a class="navhash" href="#87">#</a>
						
              <code id="87">                 from apg.c:65:</code><br />
						
            
            <a class="navhash" href="#88">#</a>
						
              <code id="88">/sysroot/sysroot/usr/include/errno.h:44:22: error: storage class specified for parameter '__errno'</code><br />
						
            
            <a class="navhash" href="#89">#</a>
						
              <code id="89"> extern volatile int* __errno(void) __pure2;</code><br />
						
            
            <a class="navhash" href="#90">#</a>
						
              <code id="90">                      ^~~~~~~</code><br />
						
            
            <a class="navhash" href="#91">#</a>
						
              <code id="91">In file included from /sysroot/sysroot/usr/include/signal.h:37:0,</code><br />
						
            
            <a class="navhash" href="#92">#</a>
						
              <code id="92">                 from /sysroot/sysroot/usr/include/sys/select.h:35,</code><br />
						
            
            <a class="navhash" href="#93">#</a>
						
              <code id="93">                 from /sysroot/sysroot/usr/include/unistd.h:34,</code><br />
						
            
            <a class="navhash" href="#94">#</a>
						
              <code id="94">                 from apg.c:65:</code><br />
						
            
            <a class="navhash" href="#95">#</a>
						
              <code id="95">/sysroot/sysroot/usr/include/asm/sigcontext.h:21:1: warning: empty declaration</code><br />
						
            
            <a class="navhash" href="#96">#</a>
						
              <code id="96"> struct sigcontext {</code><br />
						
            
            <a class="navhash" href="#97">#</a>
						
              <code id="97"> ^~~~~~</code><br />
						
            
            <a class="navhash" href="#98">#</a>
						
              <code id="98">In file included from /sysroot/sysroot/usr/include/linux/signal.h:21:0,</code><br />
						
            
            <a class="navhash" href="#99">#</a>
						
              <code id="99">                 from /sysroot/sysroot/usr/include/signal.h:43,</code><br />
						
            
            <a class="navhash" href="#100">#</a>
						
              <code id="100">                 from /sysroot/sysroot/usr/include/sys/select.h:35,</code><br />
						
            
            <a class="navhash" href="#101">#</a>
						
              <code id="101">                 from /sysroot/sysroot/usr/include/unistd.h:34,</code><br />
						
            
            <a class="navhash" href="#102">#</a>
						
              <code id="102">                 from apg.c:65:</code><br />
						
            
            <a class="navhash" href="#103">#</a>
						
              <code id="103">/sysroot/sysroot/usr/include/asm/signal.h:22:1: warning: empty declaration</code><br />
						
            
            <a class="navhash" href="#104">#</a>
						
              <code id="104"> struct siginfo;</code><br />
						
            
            <a class="navhash" href="#105">#</a>
						
              <code id="105"> ^~~~~~</code><br />
						
            
            <a class="navhash" href="#106">#</a>
						
              <code id="106">/sysroot/sysroot/usr/include/asm/signal.h:25:23: error: storage class specified for parameter 'sigset_t'</code><br />
						
            
            <a class="navhash" href="#107">#</a>
						
              <code id="107"> typedef unsigned long sigset_t;</code><br />
						
            
            <a class="navhash" href="#108">#</a>
						
              <code id="108">                       ^~~~~~~~</code><br />
						
            
            <a class="navhash" href="#109">#</a>
						
              <code id="109">In file included from /sysroot/sysroot/usr/include/asm/signal.h:89:0,</code><br />
						
            
            <a class="navhash" href="#110">#</a>
						
              <code id="110">                 from /sysroot/sysroot/usr/include/linux/signal.h:21,</code><br />
						
            
            <a class="navhash" href="#111">#</a>
						
              <code id="111">                 from /sysroot/sysroot/usr/include/signal.h:43,</code><br />
						
            
            <a class="navhash" href="#112">#</a>
						
              <code id="112">                 from /sysroot/sysroot/usr/include/sys/select.h:35,</code><br />
						
            
            <a class="navhash" href="#113">#</a>
						
              <code id="113">                 from /sysroot/sysroot/usr/include/unistd.h:34,</code><br />
						
            
            <a class="navhash" href="#114">#</a>
						
              <code id="114">                 from apg.c:65:</code><br />
						
            
            <a class="navhash" href="#115">#</a>
						
              <code id="115">/sysroot/sysroot/usr/include/asm-generic/signal-defs.h:35:14: error: storage class specified for parameter '__signalfn_t'</code><br />
						
            
            <a class="navhash" href="#116">#</a>
						
              <code id="116"> typedef void __signalfn_t(int);</code><br />
						
            
            <a class="navhash" href="#117">#</a>
						
              <code id="117">              ^~~~~~~~~~~~</code><br />
						
            
            <a class="navhash" href="#118">#</a>
						
              <code id="118">/sysroot/sysroot/usr/include/asm-generic/signal-defs.h:36:29: error: expected '=', ',', ';', 'asm' or '__attribute__' before '*' token</code><br />
						
            
            <a class="navhash" href="#119">#</a>
						
              <code id="119"> typedef __signalfn_t __user *__sighandler_t;</code><br />
						
            
            <a class="navhash" href="#120">#</a>
						
              <code id="120">                             ^</code><br />
						
            
            <a class="navhash" href="#121">#</a>
						
              <code id="121">/sysroot/sysroot/usr/include/asm-generic/signal-defs.h:37:14: error: storage class specified for parameter '__restorefn_t'</code><br />
						
            
            <a class="navhash" href="#122">#</a>
						
              <code id="122"> typedef void __restorefn_t(void);</code><br />
						
            
            <a class="navhash" href="#123">#</a>
						
              <code id="123">              ^~~~~~~~~~~~~</code><br />
						
            
            <a class="navhash" href="#124">#</a>
						
              <code id="124">/sysroot/sysroot/usr/include/asm-generic/signal-defs.h:39:30: error: expected '=', ',', ';', 'asm' or '__attribute__' before '*' token</code><br />
						
            
            <a class="navhash" href="#125">#</a>
						
              <code id="125"> typedef __restorefn_t __user *__sigrestore_t;</code><br />
						
            
            <a class="navhash" href="#126">#</a>
						
              <code id="126">                              ^</code><br />
						
            
            <a class="navhash" href="#127">#</a>
						
              <code id="127">In file included from /sysroot/sysroot/usr/include/linux/signal.h:21:0,</code><br />
						
            
            <a class="navhash" href="#128">#</a>
						
              <code id="128">                 from /sysroot/sysroot/usr/include/signal.h:43,</code><br />
						
            
            <a class="navhash" href="#129">#</a>
						
              <code id="129">                 from /sysroot/sysroot/usr/include/sys/select.h:35,</code><br />
						
            
            <a class="navhash" href="#130">#</a>
						
              <code id="130">                 from /sysroot/sysroot/usr/include/unistd.h:34,</code><br />
						
            
            <a class="navhash" href="#131">#</a>
						
              <code id="131">                 from apg.c:65:</code><br />
						
            
            <a class="navhash" href="#132">#</a>
						
              <code id="132">/sysroot/sysroot/usr/include/asm/signal.h:92:2: error: unknown type name '__sighandler_t'</code><br />
						
            
            <a class="navhash" href="#133">#</a>
						
              <code id="133">  __sighandler_t _sa_handler;</code><br />
						
            
            <a class="navhash" href="#134">#</a>
						
              <code id="134">  ^~~~~~~~~~~~~~</code><br />
						
            
            <a class="navhash" href="#135">#</a>
						<span class="error">
              <code id="135">/sysroot/sysroot/usr/include/asm/signal.h:96:2: error: expected specifier-qualifier-list before 'sigset_t'</code><br />
						</span>
            
            <a class="navhash" href="#136">#</a>
						
              <code id="136">  sigset_t sa_mask;</code><br />
						
            
            <a class="navhash" href="#137">#</a>
						
              <code id="137">  ^~~~~~~~</code><br />
						
            
            <a class="navhash" href="#138">#</a>
						
              <code id="138">/sysroot/sysroot/usr/include/asm/signal.h:90:1: warning: empty declaration</code><br />
						
            
            <a class="navhash" href="#139">#</a>
						
              <code id="139"> struct sigaction {</code><br />
						
            
            <a class="navhash" href="#140">#</a>
						
              <code id="140"> ^~~~~~</code><br />
						
            
            <a class="navhash" href="#141">#</a>
						
              <code id="141">/sysroot/sysroot/usr/include/asm/signal.h:109:3: error: storage class specified for parameter 'stack_t'</code><br />
						
            
            <a class="navhash" href="#142">#</a>
						
              <code id="142"> } stack_t;</code><br />
						
            
            <a class="navhash" href="#143">#</a>
						
              <code id="143">   ^~~~~~~</code><br />
						
            
            <a class="navhash" href="#144">#</a>
						
              <code id="144">In file included from /sysroot/sysroot/usr/include/asm/siginfo.h:19:0,</code><br />
						
            
            <a class="navhash" href="#145">#</a>
						
              <code id="145">                 from /sysroot/sysroot/usr/include/linux/signal.h:22,</code><br />
						
            
            <a class="navhash" href="#146">#</a>
						
              <code id="146">                 from /sysroot/sysroot/usr/include/signal.h:43,</code><br />
						
            
            <a class="navhash" href="#147">#</a>
						
              <code id="147">                 from /sysroot/sysroot/usr/include/sys/select.h:35,</code><br />
						
            
            <a class="navhash" href="#148">#</a>
						
              <code id="148">                 from /sysroot/sysroot/usr/include/unistd.h:34,</code><br />
						
            
            <a class="navhash" href="#149">#</a>
						
              <code id="149">                 from apg.c:65:</code><br />
						
            
            <a class="navhash" href="#150">#</a>
						
              <code id="150">/sysroot/sysroot/usr/include/asm-generic/siginfo.h:27:3: error: storage class specified for parameter 'sigval_t'</code><br />
						
            
            <a class="navhash" href="#151">#</a>
						
              <code id="151"> } sigval_t;</code><br />
						
            
            <a class="navhash" href="#152">#</a>
						
              <code id="152">   ^~~~~~~~</code><br />
						
            
            <a class="navhash" href="#153">#</a>
						<span class="error">
              <code id="153">/sysroot/sysroot/usr/include/asm-generic/siginfo.h:71:2: error: expected specifier-qualifier-list before 'sigval_t'</code><br />
						</span>
            
            <a class="navhash" href="#154">#</a>
						
              <code id="154">  sigval_t _sigval;</code><br />
						
            
            <a class="navhash" href="#155">#</a>
						
              <code id="155">  ^~~~~~~~</code><br />
						
            
            <a class="navhash" href="#156">#</a>
						<span class="error">
              <code id="156">/sysroot/sysroot/usr/include/asm-generic/siginfo.h:79:2: error: expected specifier-qualifier-list before 'sigval_t'</code><br />
						</span>
            
            <a class="navhash" href="#157">#</a>
						
              <code id="157">  sigval_t _sigval;</code><br />
						
            
            <a class="navhash" href="#158">#</a>
						
              <code id="158">  ^~~~~~~~</code><br />
						
            
            <a class="navhash" href="#159">#</a>
						
              <code id="159">/sysroot/sysroot/usr/include/asm-generic/siginfo.h:111:24: error: storage class specified for parameter 'siginfo_t'</code><br />
						
            
            <a class="navhash" href="#160">#</a>
						
              <code id="160"> } __ARCH_SI_ATTRIBUTES siginfo_t;</code><br />
						
            
            <a class="navhash" href="#161">#</a>
						
              <code id="161">                        ^~~~~~~~~</code><br />
						
            
            <a class="navhash" href="#162">#</a>
						<span class="error">
              <code id="162">/sysroot/sysroot/usr/include/asm-generic/siginfo.h:241:2: error: expected specifier-qualifier-list before 'sigval_t'</code><br />
						</span>
            
            <a class="navhash" href="#163">#</a>
						
              <code id="163">  sigval_t sigev_value;</code><br />
						
            
            <a class="navhash" href="#164">#</a>
						
              <code id="164">  ^~~~~~~~</code><br />
						
            
            <a class="navhash" href="#165">#</a>
						
              <code id="165">/sysroot/sysroot/usr/include/asm-generic/siginfo.h:255:3: error: storage class specified for parameter 'sigevent_t'</code><br />
						
            
            <a class="navhash" href="#166">#</a>
						
              <code id="166"> } sigevent_t;</code><br />
						
            
            <a class="navhash" href="#167">#</a>
						
              <code id="167">   ^~~~~~~~~~</code><br />
						
            
            <a class="navhash" href="#168">#</a>
						
              <code id="168">In file included from /sysroot/sysroot/usr/include/sys/ucontext.h:33:0,</code><br />
						
            
            <a class="navhash" href="#169">#</a>
						
              <code id="169">                 from /sysroot/sysroot/usr/include/signal.h:51,</code><br />
						
            
            <a class="navhash" href="#170">#</a>
						
              <code id="170">                 from /sysroot/sysroot/usr/include/sys/select.h:35,</code><br />
						
            
            <a class="navhash" href="#171">#</a>
						
              <code id="171">                 from /sysroot/sysroot/usr/include/unistd.h:34,</code><br />
						
            
            <a class="navhash" href="#172">#</a>
						
              <code id="172">                 from apg.c:65:</code><br />
						
            
            <a class="navhash" href="#173">#</a>
						
              <code id="173">/sysroot/sysroot/usr/include/sys/user.h:104:1: warning: empty declaration</code><br />
						
            
            <a class="navhash" href="#174">#</a>
						
              <code id="174"> struct user_fpregs_struct {</code><br />
						
            
            <a class="navhash" href="#175">#</a>
						
              <code id="175"> ^~~~~~</code><br />
						
            
            <a class="navhash" href="#176">#</a>
						
              <code id="176">/sysroot/sysroot/usr/include/sys/user.h:117:1: warning: empty declaration</code><br />
						
            
            <a class="navhash" href="#177">#</a>
						
              <code id="177"> struct user_regs_struct {</code><br />
						
            
            <a class="navhash" href="#178">#</a>
						
              <code id="178"> ^~~~~~</code><br />
						
            
            <a class="navhash" href="#179">#</a>
						
              <code id="179">/sysroot/sysroot/usr/include/sys/user.h:146:1: warning: empty declaration</code><br />
						
            
            <a class="navhash" href="#180">#</a>
						
              <code id="180"> struct user {</code><br />
						
            
            <a class="navhash" href="#181">#</a>
						
              <code id="181"> ^~~~~~</code><br />
						
            
            <a class="navhash" href="#182">#</a>
						
              <code id="182">In file included from /sysroot/sysroot/usr/include/signal.h:51:0,</code><br />
						
            
            <a class="navhash" href="#183">#</a>
						
              <code id="183">                 from /sysroot/sysroot/usr/include/sys/select.h:35,</code><br />
						
            
            <a class="navhash" href="#184">#</a>
						
              <code id="184">                 from /sysroot/sysroot/usr/include/unistd.h:34,</code><br />
						
            
            <a class="navhash" href="#185">#</a>
						
              <code id="185">                 from apg.c:65:</code><br />
						
            
            <a class="navhash" href="#186">#</a>
						
              <code id="186">/sysroot/sysroot/usr/include/sys/ucontext.h:234:1: warning: empty declaration</code><br />
						
            
            <a class="navhash" href="#187">#</a>
						
              <code id="187"> enum {</code><br />
						
            
            <a class="navhash" href="#188">#</a>
						
              <code id="188"> ^~~~</code><br />
						
            
            <a class="navhash" href="#189">#</a>
						
              <code id="189">/sysroot/sysroot/usr/include/sys/ucontext.h:261:14: error: storage class specified for parameter 'greg_t'</code><br />
						
            
            <a class="navhash" href="#190">#</a>
						
              <code id="190"> typedef long greg_t;</code><br />
						
            
            <a class="navhash" href="#191">#</a>
						
              <code id="191">              ^~~~~~</code><br />
						
            
            <a class="navhash" href="#192">#</a>
						
              <code id="192">/sysroot/sysroot/usr/include/sys/ucontext.h:262:16: error: expected '=', ',', ';', 'asm' or '__attribute__' before 'gregset_t'</code><br />
						
            
            <a class="navhash" href="#193">#</a>
						
              <code id="193"> typedef greg_t gregset_t[NGREG];</code><br />
						
            
            <a class="navhash" href="#194">#</a>
						
              <code id="194">                ^~~~~~~~~</code><br />
						
            
            <a class="navhash" href="#195">#</a>
						
              <code id="195">/sysroot/sysroot/usr/include/sys/ucontext.h:264:1: warning: empty declaration</code><br />
						
            
            <a class="navhash" href="#196">#</a>
						
              <code id="196"> struct _libc_fpxreg {</code><br />
						
            
            <a class="navhash" href="#197">#</a>
						
              <code id="197"> ^~~~~~</code><br />
						
            
            <a class="navhash" href="#198">#</a>
						
              <code id="198">/sysroot/sysroot/usr/include/sys/ucontext.h:270:1: warning: empty declaration</code><br />
						
            
            <a class="navhash" href="#199">#</a>
						
              <code id="199"> struct _libc_xmmreg {</code><br />
						
            
            <a class="navhash" href="#200">#</a>
						
              <code id="200"> ^~~~~~</code><br />
						
            
            <a class="navhash" href="#201">#</a>
						
              <code id="201">/sysroot/sysroot/usr/include/sys/ucontext.h:274:1: warning: empty declaration</code><br />
						
            
            <a class="navhash" href="#202">#</a>
						
              <code id="202"> struct _libc_fpstate {</code><br />
						
            
            <a class="navhash" href="#203">#</a>
						
              <code id="203"> ^~~~~~</code><br />
						
            
            <a class="navhash" href="#204">#</a>
						
              <code id="204">/sysroot/sysroot/usr/include/sys/ucontext.h:288:31: error: storage class specified for parameter 'fpregset_t'</code><br />
						
            
            <a class="navhash" href="#205">#</a>
						
              <code id="205"> typedef struct _libc_fpstate* fpregset_t;</code><br />
						
            
            <a class="navhash" href="#206">#</a>
						
              <code id="206">                               ^~~~~~~~~~</code><br />
						
            
            <a class="navhash" href="#207">#</a>
						
              <code id="207">/sysroot/sysroot/usr/include/sys/ucontext.h:291:3: error: unknown type name 'gregset_t'</code><br />
						
            
            <a class="navhash" href="#208">#</a>
						
              <code id="208">   gregset_t gregs;</code><br />
						
            
            <a class="navhash" href="#209">#</a>
						
              <code id="209">   ^~~~~~~~~</code><br />
						
            
            <a class="navhash" href="#210">#</a>
						<span class="error">
              <code id="210">/sysroot/sysroot/usr/include/sys/ucontext.h:292:3: error: expected specifier-qualifier-list before 'fpregset_t'</code><br />
						</span>
            
            <a class="navhash" href="#211">#</a>
						
              <code id="211">   fpregset_t fpregs;</code><br />
						
            
            <a class="navhash" href="#212">#</a>
						
              <code id="212">   ^~~~~~~~~~</code><br />
						
            
            <a class="navhash" href="#213">#</a>
						
              <code id="213">/sysroot/sysroot/usr/include/sys/ucontext.h:294:3: error: storage class specified for parameter 'mcontext_t'</code><br />
						
            
            <a class="navhash" href="#214">#</a>
						
              <code id="214"> } mcontext_t;</code><br />
						
            
            <a class="navhash" href="#215">#</a>
						
              <code id="215">   ^~~~~~~~~~</code><br />
						
            
            <a class="navhash" href="#216">#</a>
						<span class="error">
              <code id="216">/sysroot/sysroot/usr/include/sys/ucontext.h:299:3: error: expected specifier-qualifier-list before 'stack_t'</code><br />
						</span>
            
            <a class="navhash" href="#217">#</a>
						
              <code id="217">   stack_t uc_stack;</code><br />
						
            
            <a class="navhash" href="#218">#</a>
						
              <code id="218">   ^~~~~~~</code><br />
						
            
            <a class="navhash" href="#219">#</a>
						
              <code id="219">/sysroot/sysroot/usr/include/sys/ucontext.h:303:3: error: storage class specified for parameter 'ucontext_t'</code><br />
						
            
            <a class="navhash" href="#220">#</a>
						
              <code id="220"> } ucontext_t;</code><br />
						
            
            <a class="navhash" href="#221">#</a>
						
              <code id="221">   ^~~~~~~~~~</code><br />
						
            
            <a class="navhash" href="#222">#</a>
						
              <code id="222">In file included from /sysroot/sysroot/usr/include/sys/select.h:35:0,</code><br />
						
            
            <a class="navhash" href="#223">#</a>
						
              <code id="223">                 from /sysroot/sysroot/usr/include/unistd.h:34,</code><br />
						
            
            <a class="navhash" href="#224">#</a>
						
              <code id="224">                 from apg.c:65:</code><br />
						
            
            <a class="navhash" href="#225">#</a>
						
              <code id="225">/sysroot/sysroot/usr/include/signal.h:56:13: error: storage class specified for parameter 'sig_atomic_t'</code><br />
						
            
            <a class="navhash" href="#226">#</a>
						
              <code id="226"> typedef int sig_atomic_t;</code><br />
						
            
            <a class="navhash" href="#227">#</a>
						
              <code id="227">             ^~~~~~~~~~~~</code><br />
						
            
            <a class="navhash" href="#228">#</a>
						
              <code id="228">/sysroot/sysroot/usr/include/signal.h:70:12: error: storage class specified for parameter '__libc_current_sigrtmin'</code><br />
						
            
            <a class="navhash" href="#229">#</a>
						
              <code id="229"> extern int __libc_current_sigrtmin(void);</code><br />
						
            
            <a class="navhash" href="#230">#</a>
						
              <code id="230">            ^~~~~~~~~~~~~~~~~~~~~~~</code><br />
						
            
            <a class="navhash" href="#231">#</a>
						
              <code id="231">/sysroot/sysroot/usr/include/signal.h:71:12: error: storage class specified for parameter '__libc_current_sigrtmax'</code><br />
						
            
            <a class="navhash" href="#232">#</a>
						
              <code id="232"> extern int __libc_current_sigrtmax(void);</code><br />
						
            
            <a class="navhash" href="#233">#</a>
						
              <code id="233">            ^~~~~~~~~~~~~~~~~~~~~~~</code><br />
						
            
            <a class="navhash" href="#234">#</a>
						
              <code id="234">/sysroot/sysroot/usr/include/signal.h:73:26: error: storage class specified for parameter 'sys_siglist'</code><br />
						
            
            <a class="navhash" href="#235">#</a>
						
              <code id="235"> extern const char* const sys_siglist[];</code><br />
						
            
            <a class="navhash" href="#236">#</a>
						
              <code id="236">                          ^~~~~~~~~~~</code><br />
						
            
            <a class="navhash" href="#237">#</a>
						
              <code id="237">/sysroot/sysroot/usr/include/signal.h:74:26: error: storage class specified for parameter 'sys_signame'</code><br />
						
            
            <a class="navhash" href="#238">#</a>
						
              <code id="238"> extern const char* const sys_signame[]; /* BSD compatibility. */</code><br />
						
            
            <a class="navhash" href="#239">#</a>
						
              <code id="239">                          ^~~~~~~~~~~</code><br />
						
            
            <a class="navhash" href="#240">#</a>
						
              <code id="240">/sysroot/sysroot/usr/include/signal.h:76:9: error: unknown type name '__sighandler_t'</code><br />
						
            
            <a class="navhash" href="#241">#</a>
						
              <code id="241"> typedef __sighandler_t sig_t; /* BSD compatibility. */</code><br />
						
            
            <a class="navhash" href="#242">#</a>
						
              <code id="242">         ^~~~~~~~~~~~~~</code><br />
						
            
            <a class="navhash" href="#243">#</a>
						
              <code id="243">/sysroot/sysroot/usr/include/signal.h:76:24: error: storage class specified for parameter 'sig_t'</code><br />
						
            
            <a class="navhash" href="#244">#</a>
						
              <code id="244"> typedef __sighandler_t sig_t; /* BSD compatibility. */</code><br />
						
            
            <a class="navhash" href="#245">#</a>
						
              <code id="245">                        ^~~~~</code><br />
						
            
            <a class="navhash" href="#246">#</a>
						
              <code id="246">/sysroot/sysroot/usr/include/signal.h:77:9: error: unknown type name '__sighandler_t'</code><br />
						
            
            <a class="navhash" href="#247">#</a>
						
              <code id="247"> typedef __sighandler_t sighandler_t; /* glibc compatibility. */</code><br />
						
            
            <a class="navhash" href="#248">#</a>
						
              <code id="248">         ^~~~~~~~~~~~~~</code><br />
						
            
            <a class="navhash" href="#249">#</a>
						
              <code id="249">/sysroot/sysroot/usr/include/signal.h:77:24: error: storage class specified for parameter 'sighandler_t'</code><br />
						
            
            <a class="navhash" href="#250">#</a>
						
              <code id="250"> typedef __sighandler_t sighandler_t; /* glibc compatibility. */</code><br />
						
            
            <a class="navhash" href="#251">#</a>
						
              <code id="251">                        ^~~~~~~~~~~~</code><br />
						
            
            <a class="navhash" href="#252">#</a>
						<span class="error">
              <code id="252">/sysroot/sysroot/usr/include/signal.h:86:5: error: expected specifier-qualifier-list before 'sighandler_t'</code><br />
						</span>
            
            <a class="navhash" href="#253">#</a>
						
              <code id="253">     sighandler_t sa_handler;</code><br />
						
            
            <a class="navhash" href="#254">#</a>
						
              <code id="254">     ^~~~~~~~~~~~</code><br />
						
            
            <a class="navhash" href="#255">#</a>
						<span class="error">
              <code id="255">/sysroot/sysroot/usr/include/signal.h:89:3: error: expected specifier-qualifier-list before 'sigset_t'</code><br />
						</span>
            
            <a class="navhash" href="#256">#</a>
						
              <code id="256">   sigset_t sa_mask;</code><br />
						
            
            <a class="navhash" href="#257">#</a>
						
              <code id="257">   ^~~~~~~~</code><br />
						
            
            <a class="navhash" href="#258">#</a>
						
              <code id="258">/sysroot/sysroot/usr/include/signal.h:83:1: warning: empty declaration</code><br />
						
            
            <a class="navhash" href="#259">#</a>
						
              <code id="259"> struct sigaction {</code><br />
						
            
            <a class="navhash" href="#260">#</a>
						
              <code id="260"> ^~~~~~</code><br />
						
            
            <a class="navhash" href="#261">#</a>
						
              <code id="261">/sysroot/sysroot/usr/include/signal.h:106:12: error: storage class specified for parameter 'sigaction'</code><br />
						
            
            <a class="navhash" href="#262">#</a>
						
              <code id="262"> extern int sigaction(int, const struct sigaction*, struct sigaction*);</code><br />
						
            
            <a class="navhash" href="#263">#</a>
						
              <code id="263">            ^~~~~~~~~</code><br />
						
            
            <a class="navhash" href="#264">#</a>
						
              <code id="264">/sysroot/sysroot/usr/include/signal.h:108:21: error: expected '=', ',', ';', 'asm' or '__attribute__' before 'signal'</code><br />
						
            
            <a class="navhash" href="#265">#</a>
						
              <code id="265"> extern sighandler_t signal(int, sighandler_t);</code><br />
						
            
            <a class="navhash" href="#266">#</a>
						
              <code id="266">                     ^~~~~~</code><br />
						
            
            <a class="navhash" href="#267">#</a>
						
              <code id="267">/sysroot/sysroot/usr/include/signal.h:110:12: error: storage class specified for parameter 'siginterrupt'</code><br />
						
            
            <a class="navhash" href="#268">#</a>
						
              <code id="268"> extern int siginterrupt(int, int);</code><br />
						
            
            <a class="navhash" href="#269">#</a>
						
              <code id="269">            ^~~~~~~~~~~~</code><br />
						
            
            <a class="navhash" href="#270">#</a>
						
              <code id="270">/sysroot/sysroot/usr/include/signal.h:112:22: error: expected declaration specifiers or '...' before 'sigset_t'</code><br />
						
            
            <a class="navhash" href="#271">#</a>
						
              <code id="271"> extern int sigaddset(sigset_t*, int);</code><br />
						
            
            <a class="navhash" href="#272">#</a>
						
              <code id="272">                      ^~~~~~~~</code><br />
						
            
            <a class="navhash" href="#273">#</a>
						
              <code id="273">/sysroot/sysroot/usr/include/signal.h:113:22: error: expected declaration specifiers or '...' before 'sigset_t'</code><br />
						
            
            <a class="navhash" href="#274">#</a>
						
              <code id="274"> extern int sigdelset(sigset_t*, int);</code><br />
						
            
            <a class="navhash" href="#275">#</a>
						
              <code id="275">                      ^~~~~~~~</code><br />
						
            
            <a class="navhash" href="#276">#</a>
						
              <code id="276">/sysroot/sysroot/usr/include/signal.h:114:24: error: expected declaration specifiers or '...' before 'sigset_t'</code><br />
						
            
            <a class="navhash" href="#277">#</a>
						
              <code id="277"> extern int sigemptyset(sigset_t*);</code><br />
						
            
            <a class="navhash" href="#278">#</a>
						
              <code id="278">                        ^~~~~~~~</code><br />
						
            
            <a class="navhash" href="#279">#</a>
						
              <code id="279">/sysroot/sysroot/usr/include/signal.h:115:23: error: expected declaration specifiers or '...' before 'sigset_t'</code><br />
						
            
            <a class="navhash" href="#280">#</a>
						
              <code id="280"> extern int sigfillset(sigset_t*);</code><br />
						
            
            <a class="navhash" href="#281">#</a>
						
              <code id="281">                       ^~~~~~~~</code><br />
						
            
            <a class="navhash" href="#282">#</a>
						
              <code id="282">/sysroot/sysroot/usr/include/signal.h:116:30: warning: type defaults to 'int' in declaration of 'sigset_t' [-Wimplicit-int]</code><br />
						
            
            <a class="navhash" href="#283">#</a>
						
              <code id="283"> extern int sigismember(const sigset_t*, int);</code><br />
						
            
            <a class="navhash" href="#284">#</a>
						
              <code id="284">                              ^~~~~~~~</code><br />
						
            
            <a class="navhash" href="#285">#</a>
						
              <code id="285">/sysroot/sysroot/usr/include/signal.h:116:38: error: expected ';', ',' or ')' before '*' token</code><br />
						
            
            <a class="navhash" href="#286">#</a>
						
              <code id="286"> extern int sigismember(const sigset_t*, int);</code><br />
						
            
            <a class="navhash" href="#287">#</a>
						
              <code id="287">                                      ^</code><br />
						
            
            <a class="navhash" href="#288">#</a>
						
              <code id="288">/sysroot/sysroot/usr/include/signal.h:118:23: error: expected declaration specifiers or '...' before 'sigset_t'</code><br />
						
            
            <a class="navhash" href="#289">#</a>
						
              <code id="289"> extern int sigpending(sigset_t*) __nonnull((1));</code><br />
						
            
            <a class="navhash" href="#290">#</a>
						
              <code id="290">                       ^~~~~~~~</code><br />
						
            
            <a class="navhash" href="#291">#</a>
						
              <code id="291">/sysroot/sysroot/usr/include/signal.h:119:35: warning: type defaults to 'int' in declaration of 'sigset_t' [-Wimplicit-int]</code><br />
						
            
            <a class="navhash" href="#292">#</a>
						
              <code id="292"> extern int sigprocmask(int, const sigset_t*, sigset_t*);</code><br />
						
            
            <a class="navhash" href="#293">#</a>
						
              <code id="293">                                   ^~~~~~~~</code><br />
						
            
            <a class="navhash" href="#294">#</a>
						
              <code id="294">/sysroot/sysroot/usr/include/signal.h:119:43: error: expected ';', ',' or ')' before '*' token</code><br />
						
            
            <a class="navhash" href="#295">#</a>
						
              <code id="295"> extern int sigprocmask(int, const sigset_t*, sigset_t*);</code><br />
						
            
            <a class="navhash" href="#296">#</a>
						
              <code id="296">                                           ^</code><br />
						
            
            <a class="navhash" href="#297">#</a>
						
              <code id="297">/sysroot/sysroot/usr/include/signal.h:120:29: warning: type defaults to 'int' in declaration of 'sigset_t' [-Wimplicit-int]</code><br />
						
            
            <a class="navhash" href="#298">#</a>
						
              <code id="298"> extern int sigsuspend(const sigset_t*) __nonnull((1));</code><br />
						
            
            <a class="navhash" href="#299">#</a>
						
              <code id="299">                             ^~~~~~~~</code><br />
						
            
            <a class="navhash" href="#300">#</a>
						
              <code id="300">/sysroot/sysroot/usr/include/signal.h:120:37: error: expected ';', ',' or ')' before '*' token</code><br />
						
            
            <a class="navhash" href="#301">#</a>
						
              <code id="301"> extern int sigsuspend(const sigset_t*) __nonnull((1));</code><br />
						
            
            <a class="navhash" href="#302">#</a>
						
              <code id="302">                                     ^</code><br />
						
            
            <a class="navhash" href="#303">#</a>
						
              <code id="303">/sysroot/sysroot/usr/include/signal.h:121:26: warning: type defaults to 'int' in declaration of 'sigset_t' [-Wimplicit-int]</code><br />
						
            
            <a class="navhash" href="#304">#</a>
						
              <code id="304"> extern int sigwait(const sigset_t*, int*) __nonnull((1, 2));</code><br />
						
            
            <a class="navhash" href="#305">#</a>
						
              <code id="305">                          ^~~~~~~~</code><br />
						
            
            <a class="navhash" href="#306">#</a>
						
              <code id="306">/sysroot/sysroot/usr/include/signal.h:121:34: error: expected ';', ',' or ')' before '*' token</code><br />
						
            
            <a class="navhash" href="#307">#</a>
						
              <code id="307"> extern int sigwait(const sigset_t*, int*) __nonnull((1, 2));</code><br />
						
            
            <a class="navhash" href="#308">#</a>
						
              <code id="308">                                  ^</code><br />
						
            
            <a class="navhash" href="#309">#</a>
						
              <code id="309">/sysroot/sysroot/usr/include/signal.h:123:12: error: storage class specified for parameter 'raise'</code><br />
						
            
            <a class="navhash" href="#310">#</a>
						
              <code id="310"> extern int raise(int);</code><br />
						
            
            <a class="navhash" href="#311">#</a>
						
              <code id="311">            ^~~~~</code><br />
						
            
            <a class="navhash" href="#312">#</a>
						
              <code id="312">/sysroot/sysroot/usr/include/signal.h:124:12: error: storage class specified for parameter 'kill'</code><br />
						
            
            <a class="navhash" href="#313">#</a>
						
              <code id="313"> extern int kill(pid_t, int);</code><br />
						
            
            <a class="navhash" href="#314">#</a>
						
              <code id="314">            ^~~~</code><br />
						
            
            <a class="navhash" href="#315">#</a>
						
              <code id="315">/sysroot/sysroot/usr/include/signal.h:125:12: error: storage class specified for parameter 'killpg'</code><br />
						
            
            <a class="navhash" href="#316">#</a>
						
              <code id="316"> extern int killpg(int, int);</code><br />
						
            
            <a class="navhash" href="#317">#</a>
						
              <code id="317">            ^~~~~~</code><br />
						
            
            <a class="navhash" href="#318">#</a>
						
              <code id="318">/sysroot/sysroot/usr/include/signal.h:127:30: warning: type defaults to 'int' in declaration of 'stack_t' [-Wimplicit-int]</code><br />
						
            
            <a class="navhash" href="#319">#</a>
						
              <code id="319"> extern int sigaltstack(const stack_t*, stack_t*);</code><br />
						
            
            <a class="navhash" href="#320">#</a>
						
              <code id="320">                              ^~~~~~~</code><br />
						
            
            <a class="navhash" href="#321">#</a>
						
              <code id="321">/sysroot/sysroot/usr/include/signal.h:127:37: error: expected ';', ',' or ')' before '*' token</code><br />
						
            
            <a class="navhash" href="#322">#</a>
						
              <code id="322"> extern int sigaltstack(const stack_t*, stack_t*);</code><br />
						
            
            <a class="navhash" href="#323">#</a>
						
              <code id="323">                                     ^</code><br />
						
            
            <a class="navhash" href="#324">#</a>
						
              <code id="324">/sysroot/sysroot/usr/include/signal.h:129:28: warning: type defaults to 'int' in declaration of 'siginfo_t' [-Wimplicit-int]</code><br />
						
            
            <a class="navhash" href="#325">#</a>
						
              <code id="325"> extern void psiginfo(const siginfo_t*, const char*);</code><br />
						
            
            <a class="navhash" href="#326">#</a>
						
              <code id="326">                            ^~~~~~~~~</code><br />
						
            
            <a class="navhash" href="#327">#</a>
						
              <code id="327">/sysroot/sysroot/usr/include/signal.h:129:37: error: expected ';', ',' or ')' before '*' token</code><br />
						
            
            <a class="navhash" href="#328">#</a>
						
              <code id="328"> extern void psiginfo(const siginfo_t*, const char*);</code><br />
						
            
            <a class="navhash" href="#329">#</a>
						
              <code id="329">                                     ^</code><br />
						
            
            <a class="navhash" href="#330">#</a>
						
              <code id="330">/sysroot/sysroot/usr/include/signal.h:130:13: error: storage class specified for parameter 'psignal'</code><br />
						
            
            <a class="navhash" href="#331">#</a>
						
              <code id="331"> extern void psignal(int, const char*);</code><br />
						
            
            <a class="navhash" href="#332">#</a>
						
              <code id="332">             ^~~~~~~</code><br />
						
            
            <a class="navhash" href="#333">#</a>
						
              <code id="333">In file included from /sysroot/sysroot/usr/include/unistd.h:34:0,</code><br />
						
            
            <a class="navhash" href="#334">#</a>
						
              <code id="334">                 from apg.c:65:</code><br />
						
            
            <a class="navhash" href="#335">#</a>
						
              <code id="335">/sysroot/sysroot/usr/include/sys/select.h:46:3: error: storage class specified for parameter 'fd_set'</code><br />
						
            
            <a class="navhash" href="#336">#</a>
						
              <code id="336"> } fd_set;</code><br />
						
            
            <a class="navhash" href="#337">#</a>
						
              <code id="337">   ^~~~~~</code><br />
						
            
            <a class="navhash" href="#338">#</a>
						
              <code id="338">/sysroot/sysroot/usr/include/sys/select.h:67:24: error: expected declaration specifiers or '...' before 'fd_set'</code><br />
						
            
            <a class="navhash" href="#339">#</a>
						
              <code id="339"> extern int select(int, fd_set*, fd_set*, fd_set*, struct timeval*);</code><br />
						
            
            <a class="navhash" href="#340">#</a>
						
              <code id="340">                        ^~~~~~</code><br />
						
            
            <a class="navhash" href="#341">#</a>
						
              <code id="341">/sysroot/sysroot/usr/include/sys/select.h:67:33: error: expected declaration specifiers or '...' before 'fd_set'</code><br />
						
            
            <a class="navhash" href="#342">#</a>
						
              <code id="342"> extern int select(int, fd_set*, fd_set*, fd_set*, struct timeval*);</code><br />
						
            
            <a class="navhash" href="#343">#</a>
						
              <code id="343">                                 ^~~~~~</code><br />
						
            
            <a class="navhash" href="#344">#</a>
						
              <code id="344">/sysroot/sysroot/usr/include/sys/select.h:67:42: error: expected declaration specifiers or '...' before 'fd_set'</code><br />
						
            
            <a class="navhash" href="#345">#</a>
						
              <code id="345"> extern int select(int, fd_set*, fd_set*, fd_set*, struct timeval*);</code><br />
						
            
            <a class="navhash" href="#346">#</a>
						
              <code id="346">                                          ^~~~~~</code><br />
						
            
            <a class="navhash" href="#347">#</a>
						
              <code id="347">/sysroot/sysroot/usr/include/sys/select.h:68:25: error: expected declaration specifiers or '...' before 'fd_set'</code><br />
						
            
            <a class="navhash" href="#348">#</a>
						
              <code id="348"> extern int pselect(int, fd_set*, fd_set*, fd_set*, const struct timespec*, const sigset_t*);</code><br />
						
            
            <a class="navhash" href="#349">#</a>
						
              <code id="349">                         ^~~~~~</code><br />
						
            
            <a class="navhash" href="#350">#</a>
						
              <code id="350">/sysroot/sysroot/usr/include/sys/select.h:68:34: error: expected declaration specifiers or '...' before 'fd_set'</code><br />
						
            
            <a class="navhash" href="#351">#</a>
						
              <code id="351"> extern int pselect(int, fd_set*, fd_set*, fd_set*, const struct timespec*, const sigset_t*);</code><br />
						
            
            <a class="navhash" href="#352">#</a>
						
              <code id="352">                                  ^~~~~~</code><br />
						
            
            <a class="navhash" href="#353">#</a>
						
              <code id="353">/sysroot/sysroot/usr/include/sys/select.h:68:43: error: expected declaration specifiers or '...' before 'fd_set'</code><br />
						
            
            <a class="navhash" href="#354">#</a>
						
              <code id="354"> extern int pselect(int, fd_set*, fd_set*, fd_set*, const struct timespec*, const sigset_t*);</code><br />
						
            
            <a class="navhash" href="#355">#</a>
						
              <code id="355">                                           ^~~~~~</code><br />
						
            
            <a class="navhash" href="#356">#</a>
						
              <code id="356">/sysroot/sysroot/usr/include/sys/select.h:68:82: warning: type defaults to 'int' in declaration of 'sigset_t' [-Wimplicit-int]</code><br />
						
            
            <a class="navhash" href="#357">#</a>
						
              <code id="357"> extern int pselect(int, fd_set*, fd_set*, fd_set*, const struct timespec*, const sigset_t*);</code><br />
						
            
            <a class="navhash" href="#358">#</a>
						
              <code id="358">                                                                                  ^~~~~~~~</code><br />
						
            
            <a class="navhash" href="#359">#</a>
						
              <code id="359">/sysroot/sysroot/usr/include/sys/select.h:68:90: error: expected ';', ',' or ')' before '*' token</code><br />
						
            
            <a class="navhash" href="#360">#</a>
						
              <code id="360"> extern int pselect(int, fd_set*, fd_set*, fd_set*, const struct timespec*, const sigset_t*);</code><br />
						
            
            <a class="navhash" href="#361">#</a>
						
              <code id="361">                                                                                          ^</code><br />
						
            
            <a class="navhash" href="#362">#</a>
						
              <code id="362">In file included from /sysroot/sysroot/usr/include/unistd.h:36:0,</code><br />
						
            
            <a class="navhash" href="#363">#</a>
						
              <code id="363">                 from apg.c:65:</code><br />
						
            
            <a class="navhash" href="#364">#</a>
						
              <code id="364">/sysroot/sysroot/usr/include/pathconf.h:58:13: error: storage class specified for parameter 'fpathconf'</code><br />
						
            
            <a class="navhash" href="#365">#</a>
						
              <code id="365"> extern long fpathconf(int fildes, int name);</code><br />
						
            
            <a class="navhash" href="#366">#</a>
						
              <code id="366">             ^~~~~~~~~</code><br />
						
            
            <a class="navhash" href="#367">#</a>
						
              <code id="367">/sysroot/sysroot/usr/include/pathconf.h:59:13: error: storage class specified for parameter 'pathconf'</code><br />
						
            
            <a class="navhash" href="#368">#</a>
						
              <code id="368"> extern long pathconf(const char *path, int name);</code><br />
						
            
            <a class="navhash" href="#369">#</a>
						
              <code id="369">             ^~~~~~~~</code><br />
						
            
            <a class="navhash" href="#370">#</a>
						
              <code id="370">In file included from apg.c:65:0:</code><br />
						
            
            <a class="navhash" href="#371">#</a>
						
              <code id="371">/sysroot/sysroot/usr/include/unistd.h:50:15: error: storage class specified for parameter 'environ'</code><br />
						
            
            <a class="navhash" href="#372">#</a>
						
              <code id="372"> extern char** environ;</code><br />
						
            
            <a class="navhash" href="#373">#</a>
						
              <code id="373">               ^~~~~~~</code><br />
						
            
            <a class="navhash" href="#374">#</a>
						
              <code id="374">/sysroot/sysroot/usr/include/unistd.h:52:24: error: storage class specified for parameter '_exit'</code><br />
						
            
            <a class="navhash" href="#375">#</a>
						
              <code id="375"> extern __noreturn void _exit(int);</code><br />
						
            
            <a class="navhash" href="#376">#</a>
						
              <code id="376">                        ^~~~~</code><br />
						
            
            <a class="navhash" href="#377">#</a>
						
              <code id="377">/sysroot/sysroot/usr/include/unistd.h:54:15: error: storage class specified for parameter 'fork'</code><br />
						
            
            <a class="navhash" href="#378">#</a>
						
              <code id="378"> extern pid_t  fork(void);</code><br />
						
            
            <a class="navhash" href="#379">#</a>
						
              <code id="379">               ^~~~</code><br />
						
            
            <a class="navhash" href="#380">#</a>
						
              <code id="380">/sysroot/sysroot/usr/include/unistd.h:55:15: error: storage class specified for parameter 'vfork'</code><br />
						
            
            <a class="navhash" href="#381">#</a>
						
              <code id="381"> extern pid_t  vfork(void);</code><br />
						
            
            <a class="navhash" href="#382">#</a>
						
              <code id="382">               ^~~~~</code><br />
						
            
            <a class="navhash" href="#383">#</a>
						
              <code id="383">/sysroot/sysroot/usr/include/unistd.h:56:15: error: storage class specified for parameter 'getpid'</code><br />
						
            
            <a class="navhash" href="#384">#</a>
						
              <code id="384"> extern pid_t  getpid(void);</code><br />
						
            
            <a class="navhash" href="#385">#</a>
						
              <code id="385">               ^~~~~~</code><br />
						
            
            <a class="navhash" href="#386">#</a>
						
              <code id="386">/sysroot/sysroot/usr/include/unistd.h:57:15: error: storage class specified for parameter 'gettid'</code><br />
						
            
            <a class="navhash" href="#387">#</a>
						
              <code id="387"> extern pid_t  gettid(void) __pure2;</code><br />
						
            
            <a class="navhash" href="#388">#</a>
						
              <code id="388">               ^~~~~~</code><br />
						
            
            <a class="navhash" href="#389">#</a>
						
              <code id="389">/sysroot/sysroot/usr/include/unistd.h:58:15: error: storage class specified for parameter 'getpgid'</code><br />
						
            
            <a class="navhash" href="#390">#</a>
						
              <code id="390"> extern pid_t  getpgid(pid_t);</code><br />
						
            
            <a class="navhash" href="#391">#</a>
						
              <code id="391">               ^~~~~~~</code><br />
						
            
            <a class="navhash" href="#392">#</a>
						
              <code id="392">/sysroot/sysroot/usr/include/unistd.h:59:15: error: storage class specified for parameter 'setpgid'</code><br />
						
            
            <a class="navhash" href="#393">#</a>
						
              <code id="393"> extern int    setpgid(pid_t, pid_t);</code><br />
						
            
            <a class="navhash" href="#394">#</a>
						
              <code id="394">               ^~~~~~~</code><br />
						
            
            <a class="navhash" href="#395">#</a>
						
              <code id="395">/sysroot/sysroot/usr/include/unistd.h:60:15: error: storage class specified for parameter 'getppid'</code><br />
						
            
            <a class="navhash" href="#396">#</a>
						
              <code id="396"> extern pid_t  getppid(void);</code><br />
						
            
            <a class="navhash" href="#397">#</a>
						
              <code id="397">               ^~~~~~~</code><br />
						
            
            <a class="navhash" href="#398">#</a>
						
              <code id="398">/sysroot/sysroot/usr/include/unistd.h:61:15: error: storage class specified for parameter 'getpgrp'</code><br />
						
            
            <a class="navhash" href="#399">#</a>
						
              <code id="399"> extern pid_t  getpgrp(void);</code><br />
						
            
            <a class="navhash" href="#400">#</a>
						
              <code id="400">               ^~~~~~~</code><br />
						
            
            <a class="navhash" href="#401">#</a>
						
              <code id="401">/sysroot/sysroot/usr/include/unistd.h:62:15: error: storage class specified for parameter 'setpgrp'</code><br />
						
            
            <a class="navhash" href="#402">#</a>
						
              <code id="402"> extern int    setpgrp(void);</code><br />
						
            
            <a class="navhash" href="#403">#</a>
						
              <code id="403">               ^~~~~~~</code><br />
						
            
            <a class="navhash" href="#404">#</a>
						
              <code id="404">/sysroot/sysroot/usr/include/unistd.h:63:15: error: storage class specified for parameter 'getsid'</code><br />
						
            
            <a class="navhash" href="#405">#</a>
						
              <code id="405"> extern pid_t  getsid(pid_t);</code><br />
						
            
            <a class="navhash" href="#406">#</a>
						
              <code id="406">               ^~~~~~</code><br />
						
            
            <a class="navhash" href="#407">#</a>
						
              <code id="407">/sysroot/sysroot/usr/include/unistd.h:64:15: error: storage class specified for parameter 'setsid'</code><br />
						
            
            <a class="navhash" href="#408">#</a>
						
              <code id="408"> extern pid_t  setsid(void);</code><br />
						
            
            <a class="navhash" href="#409">#</a>
						
              <code id="409">               ^~~~~~</code><br />
						
            
            <a class="navhash" href="#410">#</a>
						
              <code id="410">/sysroot/sysroot/usr/include/unistd.h:66:12: error: storage class specified for parameter 'execv'</code><br />
						
            
            <a class="navhash" href="#411">#</a>
						
              <code id="411"> extern int execv(const char *, char * const *);</code><br />
						
            
            <a class="navhash" href="#412">#</a>
						
              <code id="412">            ^~~~~</code><br />
						
            
            <a class="navhash" href="#413">#</a>
						
              <code id="413">/sysroot/sysroot/usr/include/unistd.h:67:12: error: storage class specified for parameter 'execvp'</code><br />
						
            
            <a class="navhash" href="#414">#</a>
						
              <code id="414"> extern int execvp(const char *, char * const *);</code><br />
						
            
            <a class="navhash" href="#415">#</a>
						
              <code id="415">            ^~~~~~</code><br />
						
            
            <a class="navhash" href="#416">#</a>
						
              <code id="416">/sysroot/sysroot/usr/include/unistd.h:68:12: error: storage class specified for parameter 'execvpe'</code><br />
						
            
            <a class="navhash" href="#417">#</a>
						
              <code id="417"> extern int execvpe(const char *, char * const *, char * const *);</code><br />
						
            
            <a class="navhash" href="#418">#</a>
						
              <code id="418">            ^~~~~~~</code><br />
						
            
            <a class="navhash" href="#419">#</a>
						
              <code id="419">/sysroot/sysroot/usr/include/unistd.h:69:12: error: storage class specified for parameter 'execve'</code><br />
						
            
            <a class="navhash" href="#420">#</a>
						
              <code id="420"> extern int execve(const char *, char * const *, char * const *);</code><br />
						
            
            <a class="navhash" href="#421">#</a>
						
              <code id="421">            ^~~~~~</code><br />
						
            
            <a class="navhash" href="#422">#</a>
						
              <code id="422">/sysroot/sysroot/usr/include/unistd.h:70:12: error: storage class specified for parameter 'execl'</code><br />
						
            
            <a class="navhash" href="#423">#</a>
						
              <code id="423"> extern int execl(const char *, const char *, ...);</code><br />
						
            
            <a class="navhash" href="#424">#</a>
						
              <code id="424">            ^~~~~</code><br />
						
            
            <a class="navhash" href="#425">#</a>
						
              <code id="425">/sysroot/sysroot/usr/include/unistd.h:71:12: error: storage class specified for parameter 'execlp'</code><br />
						
            
            <a class="navhash" href="#426">#</a>
						
              <code id="426"> extern int execlp(const char *, const char *, ...);</code><br />
						
            
            <a class="navhash" href="#427">#</a>
						
              <code id="427">            ^~~~~~</code><br />
						
            
            <a class="navhash" href="#428">#</a>
						
              <code id="428">/sysroot/sysroot/usr/include/unistd.h:72:12: error: storage class specified for parameter 'execle'</code><br />
						
            
            <a class="navhash" href="#429">#</a>
						
              <code id="429"> extern int execle(const char *, const char *, ...);</code><br />
						
            
            <a class="navhash" href="#430">#</a>
						
              <code id="430">            ^~~~~~</code><br />
						
            
            <a class="navhash" href="#431">#</a>
						
              <code id="431">/sysroot/sysroot/usr/include/unistd.h:74:12: error: storage class specified for parameter 'nice'</code><br />
						
            
            <a class="navhash" href="#432">#</a>
						
              <code id="432"> extern int nice(int);</code><br />
						
            
            <a class="navhash" href="#433">#</a>
						
              <code id="433">            ^~~~</code><br />
						
            
            <a class="navhash" href="#434">#</a>
						
              <code id="434">/sysroot/sysroot/usr/include/unistd.h:76:12: error: storage class specified for parameter 'setuid'</code><br />
						
            
            <a class="navhash" href="#435">#</a>
						
              <code id="435"> extern int setuid(uid_t);</code><br />
						
            
            <a class="navhash" href="#436">#</a>
						
              <code id="436">            ^~~~~~</code><br />
						
            
            <a class="navhash" href="#437">#</a>
						
              <code id="437">/sysroot/sysroot/usr/include/unistd.h:77:14: error: storage class specified for parameter 'getuid'</code><br />
						
            
            <a class="navhash" href="#438">#</a>
						
              <code id="438"> extern uid_t getuid(void);</code><br />
						
            
            <a class="navhash" href="#439">#</a>
						
              <code id="439">              ^~~~~~</code><br />
						
            
            <a class="navhash" href="#440">#</a>
						
              <code id="440">/sysroot/sysroot/usr/include/unistd.h:78:12: error: storage class specified for parameter 'seteuid'</code><br />
						
            
            <a class="navhash" href="#441">#</a>
						
              <code id="441"> extern int seteuid(uid_t);</code><br />
						
            
            <a class="navhash" href="#442">#</a>
						
              <code id="442">            ^~~~~~~</code><br />
						
            
            <a class="navhash" href="#443">#</a>
						
              <code id="443">/sysroot/sysroot/usr/include/unistd.h:79:14: error: storage class specified for parameter 'geteuid'</code><br />
						
            
            <a class="navhash" href="#444">#</a>
						
              <code id="444"> extern uid_t geteuid(void);</code><br />
						
            
            <a class="navhash" href="#445">#</a>
						
              <code id="445">              ^~~~~~~</code><br />
						
            
            <a class="navhash" href="#446">#</a>
						
              <code id="446">/sysroot/sysroot/usr/include/unistd.h:80:12: error: storage class specified for parameter 'setgid'</code><br />
						
            
            <a class="navhash" href="#447">#</a>
						
              <code id="447"> extern int setgid(gid_t);</code><br />
						
            
            <a class="navhash" href="#448">#</a>
						
              <code id="448">            ^~~~~~</code><br />
						
            
            <a class="navhash" href="#449">#</a>
						
              <code id="449">/sysroot/sysroot/usr/include/unistd.h:81:14: error: storage class specified for parameter 'getgid'</code><br />
						
            
            <a class="navhash" href="#450">#</a>
						
              <code id="450"> extern gid_t getgid(void);</code><br />
						
            
            <a class="navhash" href="#451">#</a>
						
              <code id="451">              ^~~~~~</code><br />
						
            
            <a class="navhash" href="#452">#</a>
						
              <code id="452">/sysroot/sysroot/usr/include/unistd.h:82:12: error: storage class specified for parameter 'setegid'</code><br />
						
            
            <a class="navhash" href="#453">#</a>
						
              <code id="453"> extern int setegid(gid_t);</code><br />
						
            
            <a class="navhash" href="#454">#</a>
						
              <code id="454">            ^~~~~~~</code><br />
						
            
            <a class="navhash" href="#455">#</a>
						
              <code id="455">/sysroot/sysroot/usr/include/unistd.h:83:14: error: storage class specified for parameter 'getegid'</code><br />
						
            
            <a class="navhash" href="#456">#</a>
						
              <code id="456"> extern gid_t getegid(void);</code><br />
						
            
            <a class="navhash" href="#457">#</a>
						
              <code id="457">              ^~~~~~~</code><br />
						
            
            <a class="navhash" href="#458">#</a>
						
              <code id="458">/sysroot/sysroot/usr/include/unistd.h:84:12: error: storage class specified for parameter 'getgroups'</code><br />
						
            
            <a class="navhash" href="#459">#</a>
						
              <code id="459"> extern int getgroups(int, gid_t *);</code><br />
						
            
            <a class="navhash" href="#460">#</a>
						
              <code id="460">            ^~~~~~~~~</code><br />
						
            
            <a class="navhash" href="#461">#</a>
						
              <code id="461">/sysroot/sysroot/usr/include/unistd.h:85:12: error: storage class specified for parameter 'setgroups'</code><br />
						
            
            <a class="navhash" href="#462">#</a>
						
              <code id="462"> extern int setgroups(size_t, const gid_t *);</code><br />
						
            
            <a class="navhash" href="#463">#</a>
						
              <code id="463">            ^~~~~~~~~</code><br />
						
            
            <a class="navhash" href="#464">#</a>
						
              <code id="464">/sysroot/sysroot/usr/include/unistd.h:86:12: error: storage class specified for parameter 'setreuid'</code><br />
						
            
            <a class="navhash" href="#465">#</a>
						
              <code id="465"> extern int setreuid(uid_t, uid_t);</code><br />
						
            
            <a class="navhash" href="#466">#</a>
						
              <code id="466">            ^~~~~~~~</code><br />
						
            
            <a class="navhash" href="#467">#</a>
						
              <code id="467">/sysroot/sysroot/usr/include/unistd.h:87:12: error: storage class specified for parameter 'setregid'</code><br />
						
            
            <a class="navhash" href="#468">#</a>
						
              <code id="468"> extern int setregid(gid_t, gid_t);</code><br />
						
            
            <a class="navhash" href="#469">#</a>
						
              <code id="469">            ^~~~~~~~</code><br />
						
            
            <a class="navhash" href="#470">#</a>
						
              <code id="470">/sysroot/sysroot/usr/include/unistd.h:88:12: error: storage class specified for parameter 'setresuid'</code><br />
						
            
            <a class="navhash" href="#471">#</a>
						
              <code id="471"> extern int setresuid(uid_t, uid_t, uid_t);</code><br />
						
            
            <a class="navhash" href="#472">#</a>
						
              <code id="472">            ^~~~~~~~~</code><br />
						
            
            <a class="navhash" href="#473">#</a>
						
              <code id="473">/sysroot/sysroot/usr/include/unistd.h:89:12: error: storage class specified for parameter 'setresgid'</code><br />
						
            
            <a class="navhash" href="#474">#</a>
						
              <code id="474"> extern int setresgid(gid_t, gid_t, gid_t);</code><br />
						
            
            <a class="navhash" href="#475">#</a>
						
              <code id="475">            ^~~~~~~~~</code><br />
						
            
            <a class="navhash" href="#476">#</a>
						
              <code id="476">/sysroot/sysroot/usr/include/unistd.h:90:12: error: storage class specified for parameter 'getresuid'</code><br />
						
            
            <a class="navhash" href="#477">#</a>
						
              <code id="477"> extern int getresuid(uid_t *ruid, uid_t *euid, uid_t *suid);</code><br />
						
            
            <a class="navhash" href="#478">#</a>
						
              <code id="478">            ^~~~~~~~~</code><br />
						
            
            <a class="navhash" href="#479">#</a>
						
              <code id="479">/sysroot/sysroot/usr/include/unistd.h:91:12: error: storage class specified for parameter 'getresgid'</code><br />
						
            
            <a class="navhash" href="#480">#</a>
						
              <code id="480"> extern int getresgid(gid_t *rgid, gid_t *egid, gid_t *sgid);</code><br />
						
            
            <a class="navhash" href="#481">#</a>
						
              <code id="481">            ^~~~~~~~~</code><br />
						
            
            <a class="navhash" href="#482">#</a>
						
              <code id="482">/sysroot/sysroot/usr/include/unistd.h:92:14: error: storage class specified for parameter 'getlogin'</code><br />
						
            
            <a class="navhash" href="#483">#</a>
						
              <code id="483"> extern char* getlogin(void);</code><br />
						
            
            <a class="navhash" href="#484">#</a>
						
              <code id="484">              ^~~~~~~~</code><br />
						
            
            <a class="navhash" href="#485">#</a>
						
              <code id="485">/sysroot/sysroot/usr/include/unistd.h:93:14: error: storage class specified for parameter 'getusershell'</code><br />
						
            
            <a class="navhash" href="#486">#</a>
						
              <code id="486"> extern char* getusershell(void);</code><br />
						
            
            <a class="navhash" href="#487">#</a>
						
              <code id="487">              ^~~~~~~~~~~~</code><br />
						
            
            <a class="navhash" href="#488">#</a>
						
              <code id="488">/sysroot/sysroot/usr/include/unistd.h:94:13: error: storage class specified for parameter 'setusershell'</code><br />
						
            
            <a class="navhash" href="#489">#</a>
						
              <code id="489"> extern void setusershell(void);</code><br />
						
            
            <a class="navhash" href="#490">#</a>
						
              <code id="490">             ^~~~~~~~~~~~</code><br />
						
            
            <a class="navhash" href="#491">#</a>
						
              <code id="491">/sysroot/sysroot/usr/include/unistd.h:95:13: error: storage class specified for parameter 'endusershell'</code><br />
						
            
            <a class="navhash" href="#492">#</a>
						
              <code id="492"> extern void endusershell(void);</code><br />
						
            
            <a class="navhash" href="#493">#</a>
						
              <code id="493">             ^~~~~~~~~~~~</code><br />
						
            
            <a class="navhash" href="#494">#</a>
						
              <code id="494">/sysroot/sysroot/usr/include/unistd.h:105:12: error: storage class specified for parameter 'access'</code><br />
						
            
            <a class="navhash" href="#495">#</a>
						
              <code id="495"> extern int access(const char*, int);</code><br />
						
            
            <a class="navhash" href="#496">#</a>
						
              <code id="496">            ^~~~~~</code><br />
						
            
            <a class="navhash" href="#497">#</a>
						
              <code id="497">/sysroot/sysroot/usr/include/unistd.h:106:12: error: storage class specified for parameter 'faccessat'</code><br />
						
            
            <a class="navhash" href="#498">#</a>
						
              <code id="498"> extern int faccessat(int, const char*, int, int);</code><br />
						
            
            <a class="navhash" href="#499">#</a>
						
              <code id="499">            ^~~~~~~~~</code><br />
						
            
            <a class="navhash" href="#500">#</a>
						
              <code id="500">/sysroot/sysroot/usr/include/unistd.h:107:12: error: storage class specified for parameter 'link'</code><br />
						
            
            <a class="navhash" href="#501">#</a>
						
              <code id="501"> extern int link(const char*, const char*);</code><br />
						
            
            <a class="navhash" href="#502">#</a>
						
              <code id="502">            ^~~~</code><br />
						
            
            <a class="navhash" href="#503">#</a>
						
              <code id="503">/sysroot/sysroot/usr/include/unistd.h:108:12: error: storage class specified for parameter 'linkat'</code><br />
						
            
            <a class="navhash" href="#504">#</a>
						
              <code id="504"> extern int linkat(int, const char*, int, const char*, int);</code><br />
						
            
            <a class="navhash" href="#505">#</a>
						
              <code id="505">            ^~~~~~</code><br />
						
            
            <a class="navhash" href="#506">#</a>
						
              <code id="506">/sysroot/sysroot/usr/include/unistd.h:109:12: error: storage class specified for parameter 'unlink'</code><br />
						
            
            <a class="navhash" href="#507">#</a>
						
              <code id="507"> extern int unlink(const char*);</code><br />
						
            
            <a class="navhash" href="#508">#</a>
						
              <code id="508">            ^~~~~~</code><br />
						
            
            <a class="navhash" href="#509">#</a>
						
              <code id="509">/sysroot/sysroot/usr/include/unistd.h:110:12: error: storage class specified for parameter 'unlinkat'</code><br />
						
            
            <a class="navhash" href="#510">#</a>
						
              <code id="510"> extern int unlinkat(int, const char*, int);</code><br />
						
            
            <a class="navhash" href="#511">#</a>
						
              <code id="511">            ^~~~~~~~</code><br />
						
            
            <a class="navhash" href="#512">#</a>
						
              <code id="512">/sysroot/sysroot/usr/include/unistd.h:111:12: error: storage class specified for parameter 'chdir'</code><br />
						
            
            <a class="navhash" href="#513">#</a>
						
              <code id="513"> extern int chdir(const char *);</code><br />
						
            
            <a class="navhash" href="#514">#</a>
						
              <code id="514">            ^~~~~</code><br />
						
            
            <a class="navhash" href="#515">#</a>
						
              <code id="515">/sysroot/sysroot/usr/include/unistd.h:112:12: error: storage class specified for parameter 'fchdir'</code><br />
						
            
            <a class="navhash" href="#516">#</a>
						
              <code id="516"> extern int fchdir(int);</code><br />
						
            
            <a class="navhash" href="#517">#</a>
						
              <code id="517">            ^~~~~~</code><br />
						
            
            <a class="navhash" href="#518">#</a>
						
              <code id="518">/sysroot/sysroot/usr/include/unistd.h:113:12: error: storage class specified for parameter 'rmdir'</code><br />
						
            
            <a class="navhash" href="#519">#</a>
						
              <code id="519"> extern int rmdir(const char *);</code><br />
						
            
            <a class="navhash" href="#520">#</a>
						
              <code id="520">            ^~~~~</code><br />
						
            
            <a class="navhash" href="#521">#</a>
						
              <code id="521">/sysroot/sysroot/usr/include/unistd.h:114:12: error: storage class specified for parameter 'pipe'</code><br />
						
            
            <a class="navhash" href="#522">#</a>
						
              <code id="522"> extern int pipe(int *);</code><br />
						
            
            <a class="navhash" href="#523">#</a>
						
              <code id="523">            ^~~~</code><br />
						
            
            <a class="navhash" href="#524">#</a>
						
              <code id="524">/sysroot/sysroot/usr/include/unistd.h:116:12: error: storage class specified for parameter 'pipe2'</code><br />
						
            
            <a class="navhash" href="#525">#</a>
						
              <code id="525"> extern int pipe2(int *, int);</code><br />
						
            
            <a class="navhash" href="#526">#</a>
						
              <code id="526">            ^~~~~</code><br />
						
            
            <a class="navhash" href="#527">#</a>
						
              <code id="527">/sysroot/sysroot/usr/include/unistd.h:118:12: error: storage class specified for parameter 'chroot'</code><br />
						
            
            <a class="navhash" href="#528">#</a>
						
              <code id="528"> extern int chroot(const char *);</code><br />
						
            
            <a class="navhash" href="#529">#</a>
						
              <code id="529">            ^~~~~~</code><br />
						
            
            <a class="navhash" href="#530">#</a>
						
              <code id="530">/sysroot/sysroot/usr/include/unistd.h:119:12: error: storage class specified for parameter 'symlink'</code><br />
						
            
            <a class="navhash" href="#531">#</a>
						
              <code id="531"> extern int symlink(const char*, const char*);</code><br />
						
            
            <a class="navhash" href="#532">#</a>
						
              <code id="532">            ^~~~~~~</code><br />
						
            
            <a class="navhash" href="#533">#</a>
						
              <code id="533">/sysroot/sysroot/usr/include/unistd.h:120:12: error: storage class specified for parameter 'symlinkat'</code><br />
						
            
            <a class="navhash" href="#534">#</a>
						
              <code id="534"> extern int symlinkat(const char*, int, const char*);</code><br />
						
            
            <a class="navhash" href="#535">#</a>
						
              <code id="535">            ^~~~~~~~~</code><br />
						
            
            <a class="navhash" href="#536">#</a>
						
              <code id="536">/sysroot/sysroot/usr/include/unistd.h:121:16: error: storage class specified for parameter 'readlink'</code><br />
						
            
            <a class="navhash" href="#537">#</a>
						
              <code id="537"> extern ssize_t readlink(const char*, char*, size_t);</code><br />
						
            
            <a class="navhash" href="#538">#</a>
						
              <code id="538">                ^~~~~~~~</code><br />
						
            
            <a class="navhash" href="#539">#</a>
						
              <code id="539">/sysroot/sysroot/usr/include/unistd.h:122:16: error: storage class specified for parameter 'readlinkat'</code><br />
						
            
            <a class="navhash" href="#540">#</a>
						
              <code id="540"> extern ssize_t readlinkat(int, const char*, char*, size_t);</code><br />
						
            
            <a class="navhash" href="#541">#</a>
						
              <code id="541">                ^~~~~~~~~~</code><br />
						
            
            <a class="navhash" href="#542">#</a>
						
              <code id="542">/sysroot/sysroot/usr/include/unistd.h:123:12: error: storage class specified for parameter 'chown'</code><br />
						
            
            <a class="navhash" href="#543">#</a>
						
              <code id="543"> extern int chown(const char *, uid_t, gid_t);</code><br />
						
            
            <a class="navhash" href="#544">#</a>
						
              <code id="544">            ^~~~~</code><br />
						
            
            <a class="navhash" href="#545">#</a>
						
              <code id="545">/sysroot/sysroot/usr/include/unistd.h:124:12: error: storage class specified for parameter 'fchown'</code><br />
						
            
            <a class="navhash" href="#546">#</a>
						
              <code id="546"> extern int fchown(int, uid_t, gid_t);</code><br />
						
            
            <a class="navhash" href="#547">#</a>
						
              <code id="547">            ^~~~~~</code><br />
						
            
            <a class="navhash" href="#548">#</a>
						
              <code id="548">/sysroot/sysroot/usr/include/unistd.h:125:12: error: storage class specified for parameter 'fchownat'</code><br />
						
            
            <a class="navhash" href="#549">#</a>
						
              <code id="549"> extern int fchownat(int, const char*, uid_t, gid_t, int);</code><br />
						
            
            <a class="navhash" href="#550">#</a>
						
              <code id="550">            ^~~~~~~~</code><br />
						
            
            <a class="navhash" href="#551">#</a>
						
              <code id="551">/sysroot/sysroot/usr/include/unistd.h:126:12: error: storage class specified for parameter 'lchown'</code><br />
						
            
            <a class="navhash" href="#552">#</a>
						
              <code id="552"> extern int lchown(const char *, uid_t, gid_t);</code><br />
						
            
            <a class="navhash" href="#553">#</a>
						
              <code id="553">            ^~~~~~</code><br />
						
            
            <a class="navhash" href="#554">#</a>
						
              <code id="554">/sysroot/sysroot/usr/include/unistd.h:127:12: error: storage class specified for parameter 'truncate'</code><br />
						
            
            <a class="navhash" href="#555">#</a>
						
              <code id="555"> extern int truncate(const char *, off_t);</code><br />
						
            
            <a class="navhash" href="#556">#</a>
						
              <code id="556">            ^~~~~~~~</code><br />
						
            
            <a class="navhash" href="#557">#</a>
						
              <code id="557">/sysroot/sysroot/usr/include/unistd.h:128:12: error: storage class specified for parameter 'truncate64'</code><br />
						
            
            <a class="navhash" href="#558">#</a>
						
              <code id="558"> extern int truncate64(const char *, off64_t);</code><br />
						
            
            <a class="navhash" href="#559">#</a>
						
              <code id="559">            ^~~~~~~~~~</code><br />
						
            
            <a class="navhash" href="#560">#</a>
						
              <code id="560">/sysroot/sysroot/usr/include/unistd.h:129:14: error: storage class specified for parameter 'getcwd'</code><br />
						
            
            <a class="navhash" href="#561">#</a>
						
              <code id="561"> extern char *getcwd(char *, size_t);</code><br />
						
            
            <a class="navhash" href="#562">#</a>
						
              <code id="562">              ^~~~~~</code><br />
						
            
            <a class="navhash" href="#563">#</a>
						
              <code id="563">/sysroot/sysroot/usr/include/unistd.h:131:12: error: storage class specified for parameter 'sync'</code><br />
						
            
            <a class="navhash" href="#564">#</a>
						
              <code id="564"> extern int sync(void);</code><br />
						
            
            <a class="navhash" href="#565">#</a>
						
              <code id="565">            ^~~~</code><br />
						
            
            <a class="navhash" href="#566">#</a>
						
              <code id="566">/sysroot/sysroot/usr/include/unistd.h:133:12: error: storage class specified for parameter 'close'</code><br />
						
            
            <a class="navhash" href="#567">#</a>
						
              <code id="567"> extern int close(int);</code><br />
						
            
            <a class="navhash" href="#568">#</a>
						
              <code id="568">            ^~~~~</code><br />
						
            
            <a class="navhash" href="#569">#</a>
						
              <code id="569">/sysroot/sysroot/usr/include/unistd.h:134:14: error: storage class specified for parameter 'lseek'</code><br />
						
            
            <a class="navhash" href="#570">#</a>
						
              <code id="570"> extern off_t lseek(int, off_t, int);</code><br />
						
            
            <a class="navhash" href="#571">#</a>
						
              <code id="571">              ^~~~~</code><br />
						
            
            <a class="navhash" href="#572">#</a>
						
              <code id="572">/sysroot/sysroot/usr/include/unistd.h:135:16: error: storage class specified for parameter 'lseek64'</code><br />
						
            
            <a class="navhash" href="#573">#</a>
						
              <code id="573"> extern off64_t lseek64(int, off64_t, int);</code><br />
						
            
            <a class="navhash" href="#574">#</a>
						
              <code id="574">                ^~~~~~~</code><br />
						
            
            <a class="navhash" href="#575">#</a>
						
              <code id="575">/sysroot/sysroot/usr/include/unistd.h:137:16: error: storage class specified for parameter 'read'</code><br />
						
            
            <a class="navhash" href="#576">#</a>
						
              <code id="576"> extern ssize_t read(int, void *, size_t);</code><br />
						
            
            <a class="navhash" href="#577">#</a>
						
              <code id="577">                ^~~~</code><br />
						
            
            <a class="navhash" href="#578">#</a>
						
              <code id="578">/sysroot/sysroot/usr/include/unistd.h:138:16: error: storage class specified for parameter 'write'</code><br />
						
            
            <a class="navhash" href="#579">#</a>
						
              <code id="579"> extern ssize_t write(int, const void *, size_t);</code><br />
						
            
            <a class="navhash" href="#580">#</a>
						
              <code id="580">                ^~~~~</code><br />
						
            
            <a class="navhash" href="#581">#</a>
						
              <code id="581">/sysroot/sysroot/usr/include/unistd.h:139:16: error: storage class specified for parameter 'pread'</code><br />
						
            
            <a class="navhash" href="#582">#</a>
						
              <code id="582"> extern ssize_t pread(int, void *, size_t, off_t);</code><br />
						
            
            <a class="navhash" href="#583">#</a>
						
              <code id="583">                ^~~~~</code><br />
						
            
            <a class="navhash" href="#584">#</a>
						
              <code id="584">/sysroot/sysroot/usr/include/unistd.h:140:16: error: storage class specified for parameter 'pread64'</code><br />
						
            
            <a class="navhash" href="#585">#</a>
						
              <code id="585"> extern ssize_t pread64(int, void *, size_t, off64_t);</code><br />
						
            
            <a class="navhash" href="#586">#</a>
						
              <code id="586">                ^~~~~~~</code><br />
						
            
            <a class="navhash" href="#587">#</a>
						
              <code id="587">/sysroot/sysroot/usr/include/unistd.h:141:16: error: storage class specified for parameter 'pwrite'</code><br />
						
            
            <a class="navhash" href="#588">#</a>
						
              <code id="588"> extern ssize_t pwrite(int, const void *, size_t, off_t);</code><br />
						
            
            <a class="navhash" href="#589">#</a>
						
              <code id="589">                ^~~~~~</code><br />
						
            
            <a class="navhash" href="#590">#</a>
						
              <code id="590">/sysroot/sysroot/usr/include/unistd.h:142:16: error: storage class specified for parameter 'pwrite64'</code><br />
						
            
            <a class="navhash" href="#591">#</a>
						
              <code id="591"> extern ssize_t pwrite64(int, const void *, size_t, off64_t);</code><br />
						
            
            <a class="navhash" href="#592">#</a>
						
              <code id="592">                ^~~~~~~~</code><br />
						
            
            <a class="navhash" href="#593">#</a>
						
              <code id="593">/sysroot/sysroot/usr/include/unistd.h:144:12: error: storage class specified for parameter 'dup'</code><br />
						
            
            <a class="navhash" href="#594">#</a>
						
              <code id="594"> extern int dup(int);</code><br />
						
            
            <a class="navhash" href="#595">#</a>
						
              <code id="595">            ^~~</code><br />
						
            
            <a class="navhash" href="#596">#</a>
						
              <code id="596">/sysroot/sysroot/usr/include/unistd.h:145:12: error: storage class specified for parameter 'dup2'</code><br />
						
            
            <a class="navhash" href="#597">#</a>
						
              <code id="597"> extern int dup2(int, int);</code><br />
						
            
            <a class="navhash" href="#598">#</a>
						
              <code id="598">            ^~~~</code><br />
						
            
            <a class="navhash" href="#599">#</a>
						
              <code id="599">/sysroot/sysroot/usr/include/unistd.h:147:12: error: storage class specified for parameter 'dup3'</code><br />
						
            
            <a class="navhash" href="#600">#</a>
						
              <code id="600"> extern int dup3(int, int, int);</code><br />
						
            
            <a class="navhash" href="#601">#</a>
						
              <code id="601">            ^~~~</code><br />
						
            
            <a class="navhash" href="#602">#</a>
						
              <code id="602">/sysroot/sysroot/usr/include/unistd.h:149:12: error: storage class specified for parameter 'fcntl'</code><br />
						
            
            <a class="navhash" href="#603">#</a>
						
              <code id="603"> extern int fcntl(int, int, ...);</code><br />
						
            
            <a class="navhash" href="#604">#</a>
						
              <code id="604">            ^~~~~</code><br />
						
            
            <a class="navhash" href="#605">#</a>
						
              <code id="605">/sysroot/sysroot/usr/include/unistd.h:150:12: error: storage class specified for parameter 'ioctl'</code><br />
						
            
            <a class="navhash" href="#606">#</a>
						
              <code id="606"> extern int ioctl(int, int, ...);</code><br />
						
            
            <a class="navhash" href="#607">#</a>
						
              <code id="607">            ^~~~~</code><br />
						
            
            <a class="navhash" href="#608">#</a>
						
              <code id="608">/sysroot/sysroot/usr/include/unistd.h:151:12: error: storage class specified for parameter 'flock'</code><br />
						
            
            <a class="navhash" href="#609">#</a>
						
              <code id="609"> extern int flock(int, int);</code><br />
						
            
            <a class="navhash" href="#610">#</a>
						
              <code id="610">            ^~~~~</code><br />
						
            
            <a class="navhash" href="#611">#</a>
						
              <code id="611">/sysroot/sysroot/usr/include/unistd.h:152:12: error: storage class specified for parameter 'fsync'</code><br />
						
            
            <a class="navhash" href="#612">#</a>
						
              <code id="612"> extern int fsync(int);</code><br />
						
            
            <a class="navhash" href="#613">#</a>
						
              <code id="613">            ^~~~~</code><br />
						
            
            <a class="navhash" href="#614">#</a>
						
              <code id="614">/sysroot/sysroot/usr/include/unistd.h:153:12: error: storage class specified for parameter 'fdatasync'</code><br />
						
            
            <a class="navhash" href="#615">#</a>
						
              <code id="615"> extern int fdatasync(int);</code><br />
						
            
            <a class="navhash" href="#616">#</a>
						
              <code id="616">            ^~~~~~~~~</code><br />
						
            
            <a class="navhash" href="#617">#</a>
						
              <code id="617">/sysroot/sysroot/usr/include/unistd.h:154:12: error: storage class specified for parameter 'ftruncate'</code><br />
						
            
            <a class="navhash" href="#618">#</a>
						
              <code id="618"> extern int ftruncate(int, off_t);</code><br />
						
            
            <a class="navhash" href="#619">#</a>
						
              <code id="619">            ^~~~~~~~~</code><br />
						
            
            <a class="navhash" href="#620">#</a>
						
              <code id="620">/sysroot/sysroot/usr/include/unistd.h:155:12: error: storage class specified for parameter 'ftruncate64'</code><br />
						
            
            <a class="navhash" href="#621">#</a>
						
              <code id="621"> extern int ftruncate64(int, off64_t);</code><br />
						
            
            <a class="navhash" href="#622">#</a>
						
              <code id="622">            ^~~~~~~~~~~</code><br />
						
            
            <a class="navhash" href="#623">#</a>
						
              <code id="623">/sysroot/sysroot/usr/include/unistd.h:157:12: error: storage class specified for parameter 'pause'</code><br />
						
            
            <a class="navhash" href="#624">#</a>
						
              <code id="624"> extern int pause(void);</code><br />
						
            
            <a class="navhash" href="#625">#</a>
						
              <code id="625">            ^~~~~</code><br />
						
            
            <a class="navhash" href="#626">#</a>
						
              <code id="626">/sysroot/sysroot/usr/include/unistd.h:158:21: error: storage class specified for parameter 'alarm'</code><br />
						
            
            <a class="navhash" href="#627">#</a>
						
              <code id="627"> extern unsigned int alarm(unsigned int);</code><br />
						
            
            <a class="navhash" href="#628">#</a>
						
              <code id="628">                     ^~~~~</code><br />
						
            
            <a class="navhash" href="#629">#</a>
						
              <code id="629">/sysroot/sysroot/usr/include/unistd.h:159:21: error: storage class specified for parameter 'sleep'</code><br />
						
            
            <a class="navhash" href="#630">#</a>
						
              <code id="630"> extern unsigned int sleep(unsigned int);</code><br />
						
            
            <a class="navhash" href="#631">#</a>
						
              <code id="631">                     ^~~~~</code><br />
						
            
            <a class="navhash" href="#632">#</a>
						
              <code id="632">/sysroot/sysroot/usr/include/unistd.h:160:12: error: storage class specified for parameter 'usleep'</code><br />
						
            
            <a class="navhash" href="#633">#</a>
						
              <code id="633"> extern int usleep(useconds_t);</code><br />
						
            
            <a class="navhash" href="#634">#</a>
						
              <code id="634">            ^~~~~~</code><br />
						
            
            <a class="navhash" href="#635">#</a>
						
              <code id="635">/sysroot/sysroot/usr/include/unistd.h:162:12: error: storage class specified for parameter 'gethostname'</code><br />
						
            
            <a class="navhash" href="#636">#</a>
						
              <code id="636"> extern int gethostname(char *, size_t);</code><br />
						
            
            <a class="navhash" href="#637">#</a>
						
              <code id="637">            ^~~~~~~~~~~</code><br />
						
            
            <a class="navhash" href="#638">#</a>
						
              <code id="638">/sysroot/sysroot/usr/include/unistd.h:164:14: error: storage class specified for parameter '__brk'</code><br />
						
            
            <a class="navhash" href="#639">#</a>
						
              <code id="639"> extern void *__brk(void *);</code><br />
						
            
            <a class="navhash" href="#640">#</a>
						
              <code id="640">              ^~~~~</code><br />
						
            
            <a class="navhash" href="#641">#</a>
						
              <code id="641">/sysroot/sysroot/usr/include/unistd.h:165:12: error: storage class specified for parameter 'brk'</code><br />
						
            
            <a class="navhash" href="#642">#</a>
						
              <code id="642"> extern int brk(void *);</code><br />
						
            
            <a class="navhash" href="#643">#</a>
						
              <code id="643">            ^~~</code><br />
						
            
            <a class="navhash" href="#644">#</a>
						
              <code id="644">/sysroot/sysroot/usr/include/unistd.h:166:14: error: storage class specified for parameter 'sbrk'</code><br />
						
            
            <a class="navhash" href="#645">#</a>
						
              <code id="645"> extern void *sbrk(ptrdiff_t);</code><br />
						
            
            <a class="navhash" href="#646">#</a>
						
              <code id="646">              ^~~~</code><br />
						
            
            <a class="navhash" href="#647">#</a>
						
              <code id="647">/sysroot/sysroot/usr/include/unistd.h:168:12: error: storage class specified for parameter 'getopt'</code><br />
						
            
            <a class="navhash" href="#648">#</a>
						
              <code id="648"> extern int getopt(int, char * const *, const char *);</code><br />
						
            
            <a class="navhash" href="#649">#</a>
						
              <code id="649">            ^~~~~~</code><br />
						
            
            <a class="navhash" href="#650">#</a>
						
              <code id="650">/sysroot/sysroot/usr/include/unistd.h:169:14: error: storage class specified for parameter 'optarg'</code><br />
						
            
            <a class="navhash" href="#651">#</a>
						
              <code id="651"> extern char *optarg;</code><br />
						
            
            <a class="navhash" href="#652">#</a>
						
              <code id="652">              ^~~~~~</code><br />
						
            
            <a class="navhash" href="#653">#</a>
						
              <code id="653">/sysroot/sysroot/usr/include/unistd.h:170:12: error: storage class specified for parameter 'optind'</code><br />
						
            
            <a class="navhash" href="#654">#</a>
						
              <code id="654"> extern int optind, opterr, optopt;</code><br />
						
            
            <a class="navhash" href="#655">#</a>
						
              <code id="655">            ^~~~~~</code><br />
						
            
            <a class="navhash" href="#656">#</a>
						
              <code id="656">/sysroot/sysroot/usr/include/unistd.h:170:20: error: storage class specified for parameter 'opterr'</code><br />
						
            
            <a class="navhash" href="#657">#</a>
						
              <code id="657"> extern int optind, opterr, optopt;</code><br />
						
            
            <a class="navhash" href="#658">#</a>
						
              <code id="658">                    ^~~~~~</code><br />
						
            
            <a class="navhash" href="#659">#</a>
						
              <code id="659">/sysroot/sysroot/usr/include/unistd.h:170:28: error: storage class specified for parameter 'optopt'</code><br />
						
            
            <a class="navhash" href="#660">#</a>
						
              <code id="660"> extern int optind, opterr, optopt;</code><br />
						
            
            <a class="navhash" href="#661">#</a>
						
              <code id="661">                            ^~~~~~</code><br />
						
            
            <a class="navhash" href="#662">#</a>
						
              <code id="662">/sysroot/sysroot/usr/include/unistd.h:172:12: error: storage class specified for parameter 'isatty'</code><br />
						
            
            <a class="navhash" href="#663">#</a>
						
              <code id="663"> extern int isatty(int);</code><br />
						
            
            <a class="navhash" href="#664">#</a>
						
              <code id="664">            ^~~~~~</code><br />
						
            
            <a class="navhash" href="#665">#</a>
						
              <code id="665">/sysroot/sysroot/usr/include/unistd.h:173:14: error: storage class specified for parameter 'ttyname'</code><br />
						
            
            <a class="navhash" href="#666">#</a>
						
              <code id="666"> extern char* ttyname(int) __warnattr("ttyname is not thread-safe; use ttyname_r instead");</code><br />
						
            
            <a class="navhash" href="#667">#</a>
						
              <code id="667">              ^~~~~~~</code><br />
						
            
            <a class="navhash" href="#668">#</a>
						
              <code id="668">/sysroot/sysroot/usr/include/unistd.h:173:1: warning: '__warning__' attribute ignored [-Wattributes]</code><br />
						
            
            <a class="navhash" href="#669">#</a>
						
              <code id="669"> extern char* ttyname(int) __warnattr("ttyname is not thread-safe; use ttyname_r instead");</code><br />
						
            
            <a class="navhash" href="#670">#</a>
						
              <code id="670"> ^~~~~~</code><br />
						
            
            <a class="navhash" href="#671">#</a>
						
              <code id="671">/sysroot/sysroot/usr/include/unistd.h:174:12: error: storage class specified for parameter 'ttyname_r'</code><br />
						
            
            <a class="navhash" href="#672">#</a>
						
              <code id="672"> extern int ttyname_r(int, char*, size_t);</code><br />
						
            
            <a class="navhash" href="#673">#</a>
						
              <code id="673">            ^~~~~~~~~</code><br />
						
            
            <a class="navhash" href="#674">#</a>
						
              <code id="674">/sysroot/sysroot/usr/include/unistd.h:176:13: error: storage class specified for parameter 'acct'</code><br />
						
            
            <a class="navhash" href="#675">#</a>
						
              <code id="675"> extern int  acct(const char*  filepath);</code><br />
						
            
            <a class="navhash" href="#676">#</a>
						
              <code id="676">             ^~~~</code><br />
						
            
            <a class="navhash" href="#677">#</a>
						
              <code id="677">/sysroot/sysroot/usr/include/unistd.h:180:6: error: redefinition of parameter 'sysconf'</code><br />
						
            
            <a class="navhash" href="#678">#</a>
						
              <code id="678"> long sysconf(int);</code><br />
						
            
            <a class="navhash" href="#679">#</a>
						
              <code id="679">      ^~~~~~~</code><br />
						
            
            <a class="navhash" href="#680">#</a>
						
              <code id="680">In file included from /sysroot/sysroot/usr/include/unistd.h:35:0,</code><br />
						
            
            <a class="navhash" href="#681">#</a>
						
              <code id="681">                 from apg.c:65:</code><br />
						
            
            <a class="navhash" href="#682">#</a>
						
              <code id="682">/sysroot/sysroot/usr/include/sys/sysconf.h:132:6: note: previous definition of 'sysconf' was here</code><br />
						
            
            <a class="navhash" href="#683">#</a>
						
              <code id="683"> long sysconf(int name);</code><br />
						
            
            <a class="navhash" href="#684">#</a>
						
              <code id="684">      ^~~~~~~</code><br />
						
            
            <a class="navhash" href="#685">#</a>
						
              <code id="685">In file included from apg.c:65:0:</code><br />
						
            
            <a class="navhash" href="#686">#</a>
						
              <code id="686">/sysroot/sysroot/usr/include/unistd.h:182:12: error: storage class specified for parameter 'daemon'</code><br />
						
            
            <a class="navhash" href="#687">#</a>
						
              <code id="687"> extern int daemon(int, int);</code><br />
						
            
            <a class="navhash" href="#688">#</a>
						
              <code id="688">            ^~~~~~</code><br />
						
            
            <a class="navhash" href="#689">#</a>
						
              <code id="689">/sysroot/sysroot/usr/include/unistd.h:189:14: error: storage class specified for parameter 'tcgetpgrp'</code><br />
						
            
            <a class="navhash" href="#690">#</a>
						
              <code id="690"> extern pid_t tcgetpgrp(int fd);</code><br />
						
            
            <a class="navhash" href="#691">#</a>
						
              <code id="691">              ^~~~~~~~~</code><br />
						
            
            <a class="navhash" href="#692">#</a>
						
              <code id="692">/sysroot/sysroot/usr/include/unistd.h:190:14: error: storage class specified for parameter 'tcsetpgrp'</code><br />
						
            
            <a class="navhash" href="#693">#</a>
						
              <code id="693"> extern int   tcsetpgrp(int fd, pid_t _pid);</code><br />
						
            
            <a class="navhash" href="#694">#</a>
						
              <code id="694">              ^~~~~~~~~</code><br />
						
            
            <a class="navhash" href="#695">#</a>
						
              <code id="695">In file included from apg.c:80:0:</code><br />
						
            
            <a class="navhash" href="#696">#</a>
						
              <code id="696">owntypes.h:33:28: error: storage class specified for parameter 'UINT'</code><br />
						
            
            <a class="navhash" href="#697">#</a>
						
              <code id="697"> typedef unsigned int       UINT;</code><br />
						
            
            <a class="navhash" href="#698">#</a>
						
              <code id="698">                            ^~~~</code><br />
						
            
            <a class="navhash" href="#699">#</a>
						
              <code id="699">owntypes.h:34:30: error: storage class specified for parameter 'USHORT'</code><br />
						
            
            <a class="navhash" href="#700">#</a>
						
              <code id="700"> typedef unsigned short       USHORT;</code><br />
						
            
            <a class="navhash" href="#701">#</a>
						
              <code id="701">                              ^~~~~~</code><br />
						
            
            <a class="navhash" href="#702">#</a>
						
              <code id="702">owntypes.h:35:25: error: storage class specified for parameter 'SHORT'</code><br />
						
            
            <a class="navhash" href="#703">#</a>
						
              <code id="703"> typedef short int       SHORT;</code><br />
						
            
            <a class="navhash" href="#704">#</a>
						
              <code id="704">                         ^~~~~</code><br />
						
            
            <a class="navhash" href="#705">#</a>
						
              <code id="705">owntypes.h:36:23: error: storage class specified for parameter 'boolean'</code><br />
						
            
            <a class="navhash" href="#706">#</a>
						
              <code id="706"> typedef int           boolean;</code><br />
						
            
            <a class="navhash" href="#707">#</a>
						
              <code id="707">                       ^~~~~~~</code><br />
						
            
            <a class="navhash" href="#708">#</a>
						
              <code id="708">owntypes.h:37:31: error: storage class specified for parameter 'UINT32'</code><br />
						
            
            <a class="navhash" href="#709">#</a>
						
              <code id="709"> typedef unsigned long int     UINT32;</code><br />
						
            
            <a class="navhash" href="#710">#</a>
						
              <code id="710">                               ^~~~~~</code><br />
						
            
            <a class="navhash" href="#711">#</a>
						
              <code id="711">In file included from pronpass.h:45:0,</code><br />
						
            
            <a class="navhash" href="#712">#</a>
						
              <code id="712">                 from apg.c:81:</code><br />
						
            
            <a class="navhash" href="#713">#</a>
						
              <code id="713">rnd.h:37:15: error: expected '=', ',', ';', 'asm' or '__attribute__' before '__rnd_seed'</code><br />
						
            
            <a class="navhash" href="#714">#</a>
						
              <code id="714"> extern UINT32 __rnd_seed[2];</code><br />
						
            
            <a class="navhash" href="#715">#</a>
						
              <code id="715">               ^~~~~~~~~~</code><br />
						
            
            <a class="navhash" href="#716">#</a>
						
              <code id="716">rnd.h:47:27: error: expected declaration specifiers or '...' before 'UINT32'</code><br />
						
            
            <a class="navhash" href="#717">#</a>
						
              <code id="717"> extern void x917_setseed (UINT32 seed, int quiet);</code><br />
						
            
            <a class="navhash" href="#718">#</a>
						
              <code id="718">                           ^~~~~~</code><br />
						
            
            <a class="navhash" href="#719">#</a>
						
              <code id="719">rnd.h:48:13: error: expected '=', ',', ';', 'asm' or '__attribute__' before 'randint'</code><br />
						
            
            <a class="navhash" href="#720">#</a>
						
              <code id="720"> extern UINT randint (int n);</code><br />
						
            
            <a class="navhash" href="#721">#</a>
						
              <code id="721">             ^~~~~~~</code><br />
						
            
            <a class="navhash" href="#722">#</a>
						<span class="error">
              <code id="722">rnd.h:50:1: error: expected declaration specifiers before 'UINT32'</code><br />
						</span>
            
            <a class="navhash" href="#723">#</a>
						
              <code id="723"> UINT32 x917cast_rnd (void);</code><br />
						
            
            <a class="navhash" href="#724">#</a>
						
              <code id="724"> ^~~~~~</code><br />
						
            
            <a class="navhash" href="#725">#</a>
						
              <code id="725">In file included from apg.c:81:0:</code><br />
						
            
            <a class="navhash" href="#726">#</a>
						
              <code id="726">pronpass.h:70:62: error: expected declaration specifiers or '...' before 'USHORT'</code><br />
						
            
            <a class="navhash" href="#727">#</a>
						
              <code id="727"> extern int gen_pron_pass (char *word, char *hyphenated_word, USHORT minlen,</code><br />
						
            
            <a class="navhash" href="#728">#</a>
						
              <code id="728">                                                              ^~~~~~</code><br />
						
            
            <a class="navhash" href="#729">#</a>
						
              <code id="729">pronpass.h:71:16: error: expected declaration specifiers or '...' before 'USHORT'</code><br />
						
            
            <a class="navhash" href="#730">#</a>
						
              <code id="730">                USHORT maxlen, unsigned int pass_mode);</code><br />
						
            
            <a class="navhash" href="#731">#</a>
						
              <code id="731">                ^~~~~~</code><br />
						
            
            <a class="navhash" href="#732">#</a>
						<span class="error">
              <code id="732">pronpass.h:73:1: error: expected declaration specifiers before 'USHORT'</code><br />
						</span>
            
            <a class="navhash" href="#733">#</a>
						
              <code id="733"> USHORT  random_unit (USHORT type);</code><br />
						
            
            <a class="navhash" href="#734">#</a>
						
              <code id="734"> ^~~~~~</code><br />
						
            
            <a class="navhash" href="#735">#</a>
						<span class="error">
              <code id="735">pronpass.h:74:1: error: expected declaration specifiers before 'USHORT'</code><br />
						</span>
            
            <a class="navhash" href="#736">#</a>
						
              <code id="736"> USHORT  get_random (USHORT minlen, USHORT maxlen);</code><br />
						
            
            <a class="navhash" href="#737">#</a>
						
              <code id="737"> ^~~~~~</code><br />
						
            
            <a class="navhash" href="#738">#</a>
						<span class="error">
              <code id="738">pronpass.h:75:1: error: expected declaration specifiers before 'boolean'</code><br />
						</span>
            
            <a class="navhash" href="#739">#</a>
						
              <code id="739"> boolean have_initial_y (USHORT *units, USHORT unit_size);</code><br />
						
            
            <a class="navhash" href="#740">#</a>
						
              <code id="740"> ^~~~~~~</code><br />
						
            
            <a class="navhash" href="#741">#</a>
						<span class="error">
              <code id="741">pronpass.h:76:1: error: expected declaration specifiers before 'boolean'</code><br />
						</span>
            
            <a class="navhash" href="#742">#</a>
						
              <code id="742"> boolean illegal_placement (USHORT *units, USHORT pwlen);</code><br />
						
            
            <a class="navhash" href="#743">#</a>
						
              <code id="743"> ^~~~~~~</code><br />
						
            
            <a class="navhash" href="#744">#</a>
						<span class="error">
              <code id="744">pronpass.h:77:1: error: expected declaration specifiers before 'boolean'</code><br />
						</span>
            
            <a class="navhash" href="#745">#</a>
						
              <code id="745"> boolean improper_word (USHORT *units, USHORT word_size);</code><br />
						
            
            <a class="navhash" href="#746">#</a>
						
              <code id="746"> ^~~~~~~</code><br />
						
            
            <a class="navhash" href="#747">#</a>
						<span class="error">
              <code id="747">pronpass.h:78:1: error: expected declaration specifiers before 'boolean'</code><br />
						</span>
            
            <a class="navhash" href="#748">#</a>
						
              <code id="748"> boolean have_final_split (USHORT *units, USHORT unit_size);</code><br />
						
            
            <a class="navhash" href="#749">#</a>
						
              <code id="749"> ^~~~~~~</code><br />
						
            
            <a class="navhash" href="#750">#</a>
						
              <code id="750">pronpass.h:79:50: error: expected declaration specifiers or '...' before 'USHORT'</code><br />
						
            
            <a class="navhash" href="#751">#</a>
						
              <code id="751"> int gen_word (char *word, char *hyphenated_word, USHORT pwlen,</code><br />
						
            
            <a class="navhash" href="#752">#</a>
						
              <code id="752">                                                  ^~~~~~</code><br />
						
            
            <a class="navhash" href="#753">#</a>
						
              <code id="753">pronpass.h:81:39: error: expected declaration specifiers or '...' before 'USHORT'</code><br />
						
            
            <a class="navhash" href="#754">#</a>
						
              <code id="754"> char    *gen_syllable(char *syllable, USHORT pwlen, USHORT *units_in_syllable,</code><br />
						
            
            <a class="navhash" href="#755">#</a>
						
              <code id="755">                                       ^~~~~~</code><br />
						
            
            <a class="navhash" href="#756">#</a>
						
              <code id="756">pronpass.h:81:53: error: expected declaration specifiers or '...' before 'USHORT'</code><br />
						
            
            <a class="navhash" href="#757">#</a>
						
              <code id="757"> char    *gen_syllable(char *syllable, USHORT pwlen, USHORT *units_in_syllable,</code><br />
						
            
            <a class="navhash" href="#758">#</a>
						
              <code id="758">                                                     ^~~~~~</code><br />
						
            
            <a class="navhash" href="#759">#</a>
						
              <code id="759">pronpass.h:82:23: error: expected declaration specifiers or '...' before 'USHORT'</code><br />
						
            
            <a class="navhash" href="#760">#</a>
						
              <code id="760">                       USHORT *syllable_length);</code><br />
						
            
            <a class="navhash" href="#761">#</a>
						
              <code id="761">                       ^~~~~~</code><br />
						
            
            <a class="navhash" href="#762">#</a>
						
              <code id="762">In file included from apg.c:82:0:</code><br />
						
            
            <a class="navhash" href="#763">#</a>
						<span class="error">
              <code id="763">randpass.h:53:3: error: expected specifier-qualifier-list before 'USHORT'</code><br />
						</span>
            
            <a class="navhash" href="#764">#</a>
						
              <code id="764">   USHORT type;</code><br />
						
            
            <a class="navhash" href="#765">#</a>
						
              <code id="765">   ^~~~~~</code><br />
						
            
            <a class="navhash" href="#766">#</a>
						
              <code id="766">randpass.h:50:1: warning: empty declaration</code><br />
						
            
            <a class="navhash" href="#767">#</a>
						
              <code id="767"> struct sym</code><br />
						
            
            <a class="navhash" href="#768">#</a>
						
              <code id="768"> ^~~~~~</code><br />
						
            
            <a class="navhash" href="#769">#</a>
						
              <code id="769">randpass.h:57:12: error: storage class specified for parameter 'gen_rand_pass'</code><br />
						
            
            <a class="navhash" href="#770">#</a>
						
              <code id="770"> extern int gen_rand_pass(char* password_string, int minl,</code><br />
						
            
            <a class="navhash" href="#771">#</a>
						
              <code id="771">            ^~~~~~~~~~~~~</code><br />
						
            
            <a class="navhash" href="#772">#</a>
						
              <code id="772">randpass.h:59:12: error: storage class specified for parameter 'gen_rand_symbol'</code><br />
						
            
            <a class="navhash" href="#773">#</a>
						
              <code id="773"> extern int gen_rand_symbol (char *symbol, unsigned int mode);</code><br />
						
            
            <a class="navhash" href="#774">#</a>
						
              <code id="774">            ^~~~~~~~~~~~~~~</code><br />
						
            
            <a class="navhash" href="#775">#</a>
						
              <code id="775">randpass.h:60:12: error: storage class specified for parameter 'is_restricted_symbol'</code><br />
						
            
            <a class="navhash" href="#776">#</a>
						
              <code id="776"> extern int is_restricted_symbol (char symbol);</code><br />
						
            
            <a class="navhash" href="#777">#</a>
						
              <code id="777">            ^~~~~~~~~~~~~~~~~~~~</code><br />
						
            
            <a class="navhash" href="#778">#</a>
						
              <code id="778">In file included from bloom.h:44:0,</code><br />
						
            
            <a class="navhash" href="#779">#</a>
						
              <code id="779">                 from restrict.h:36,</code><br />
						
            
            <a class="navhash" href="#780">#</a>
						
              <code id="780">                 from apg.c:83:</code><br />
						
            
            <a class="navhash" href="#781">#</a>
						<span class="error">
              <code id="781">/sysroot/sysroot/usr/include/math.h:24:9: error: expected declaration specifiers before '#pragma'</code><br />
						</span>
            
            <a class="navhash" href="#782">#</a>
						
              <code id="782"> #pragma GCC visibility push(default)</code><br />
						
            
            <a class="navhash" href="#783">#</a>
						
              <code id="783">         ^~~</code><br />
						
            
            <a class="navhash" href="#784">#</a>
						<span class="error">
              <code id="784">/sysroot/sysroot/usr/include/math.h:32:3: error: expected declaration specifiers before '__infinity'</code><br />
						</span>
            
            <a class="navhash" href="#785">#</a>
						
              <code id="785"> } __infinity;</code><br />
						
            
            <a class="navhash" href="#786">#</a>
						
              <code id="786">   ^~~~~~~~~~</code><br />
						
            
            <a class="navhash" href="#787">#</a>
						
              <code id="787">/sysroot/sysroot/usr/include/math.h:37:3: error: storage class specified for parameter '__nan'</code><br />
						
            
            <a class="navhash" href="#788">#</a>
						
              <code id="788"> } __nan;</code><br />
						
            
            <a class="navhash" href="#789">#</a>
						
              <code id="789">   ^~~~~</code><br />
						
            
            <a class="navhash" href="#790">#</a>
						
              <code id="790">/sysroot/sysroot/usr/include/math.h:129:16: error: storage class specified for parameter '__double_t'</code><br />
						
            
            <a class="navhash" href="#791">#</a>
						
              <code id="791"> typedef double __double_t;</code><br />
						
            
            <a class="navhash" href="#792">#</a>
						
              <code id="792">                ^~~~~~~~~~</code><br />
						
            
            <a class="navhash" href="#793">#</a>
						
              <code id="793">/sysroot/sysroot/usr/include/math.h:130:20: error: expected '=', ',', ';', 'asm' or '__attribute__' before 'double_t'</code><br />
						
            
            <a class="navhash" href="#794">#</a>
						
              <code id="794"> typedef __double_t double_t;</code><br />
						
            
            <a class="navhash" href="#795">#</a>
						
              <code id="795">                    ^~~~~~~~</code><br />
						
            
            <a class="navhash" href="#796">#</a>
						
              <code id="796">/sysroot/sysroot/usr/include/math.h:131:15: error: storage class specified for parameter '__float_t'</code><br />
						
            
            <a class="navhash" href="#797">#</a>
						
              <code id="797"> typedef float __float_t;</code><br />
						
            
            <a class="navhash" href="#798">#</a>
						
              <code id="798">               ^~~~~~~~~</code><br />
						
            
            <a class="navhash" href="#799">#</a>
						
              <code id="799">/sysroot/sysroot/usr/include/math.h:132:19: error: expected '=', ',', ';', 'asm' or '__attribute__' before 'float_t'</code><br />
						
            
            <a class="navhash" href="#800">#</a>
						
              <code id="800"> typedef __float_t float_t;</code><br />
						
            
            <a class="navhash" href="#801">#</a>
						
              <code id="801">                   ^~~~~~~</code><br />
						
            
            <a class="navhash" href="#802">#</a>
						
              <code id="802">/sysroot/sysroot/usr/include/math.h:154:12: error: storage class specified for parameter 'signgam'</code><br />
						
            
            <a class="navhash" href="#803">#</a>
						
              <code id="803"> extern int signgam;</code><br />
						
            
            <a class="navhash" href="#804">#</a>
						
              <code id="804">            ^~~~~~~</code><br />
						
            
            <a class="navhash" href="#805">#</a>
						
              <code id="805">/sysroot/sysroot/usr/include/math.h:572:13: error: redefinition of parameter 'significandl'</code><br />
						
            
            <a class="navhash" href="#806">#</a>
						
              <code id="806"> long double significandl(long double) __NDK_FPABI_MATH__;</code><br />
						
            
            <a class="navhash" href="#807">#</a>
						
              <code id="807">             ^~~~~~~~~~~~</code><br />
						
            
            <a class="navhash" href="#808">#</a>
						
              <code id="808">/sysroot/sysroot/usr/include/math.h:288:13: note: previous definition of 'significandl' was here</code><br />
						
            
            <a class="navhash" href="#809">#</a>
						
              <code id="809"> long double significandl(long double) __NDK_FPABI_MATH__;</code><br />
						
            
            <a class="navhash" href="#810">#</a>
						
              <code id="810">             ^~~~~~~~~~~~</code><br />
						
            
            <a class="navhash" href="#811">#</a>
						<span class="error">
              <code id="811">/sysroot/sysroot/usr/include/math.h:755:9: error: expected declaration specifiers before '#pragma'</code><br />
						</span>
            
            <a class="navhash" href="#812">#</a>
						
              <code id="812"> #pragma GCC visibility pop</code><br />
						
            
            <a class="navhash" href="#813">#</a>
						
              <code id="813">         ^~~</code><br />
						
            
            <a class="navhash" href="#814">#</a>
						
              <code id="814">In file included from bloom.h:46:0,</code><br />
						
            
            <a class="navhash" href="#815">#</a>
						
              <code id="815">                 from restrict.h:36,</code><br />
						
            
            <a class="navhash" href="#816">#</a>
						
              <code id="816">                 from apg.c:83:</code><br />
						
            
            <a class="navhash" href="#817">#</a>
						
              <code id="817">sha/sha.h:19:25: error: storage class specified for parameter 'LONG'</code><br />
						
            
            <a class="navhash" href="#818">#</a>
						
              <code id="818"> typedef unsigned long   LONG ;</code><br />
						
            
            <a class="navhash" href="#819">#</a>
						
              <code id="819">                         ^~~~</code><br />
						
            
            <a class="navhash" href="#820">#</a>
						<span class="error">
              <code id="820">sha/sha.h:29:3: error: expected specifier-qualifier-list before 'LONG'</code><br />
						</span>
            
            <a class="navhash" href="#821">#</a>
						
              <code id="821">   LONG digest[ 5 ] ;            /* Message digest */</code><br />
						
            
            <a class="navhash" href="#822">#</a>
						
              <code id="822">   ^~~~</code><br />
						
            
            <a class="navhash" href="#823">#</a>
						
              <code id="823">sha/sha.h:33:3: error: storage class specified for parameter 'apg_SHA_INFO'</code><br />
						
            
            <a class="navhash" href="#824">#</a>
						
              <code id="824"> } apg_SHA_INFO ;</code><br />
						
            
            <a class="navhash" href="#825">#</a>
						
              <code id="825">   ^~~~~~~~~~~~</code><br />
						
            
            <a class="navhash" href="#826">#</a>
						
              <code id="826">sha/sha.h:35:19: error: expected declaration specifiers or '...' before 'apg_SHA_INFO'</code><br />
						
            
            <a class="navhash" href="#827">#</a>
						
              <code id="827"> void apg_shaInit( apg_SHA_INFO *shaInfo ) ;</code><br />
						
            
            <a class="navhash" href="#828">#</a>
						
              <code id="828">                   ^~~~~~~~~~~~</code><br />
						
            
            <a class="navhash" href="#829">#</a>
						
              <code id="829">sha/sha.h:36:21: error: expected declaration specifiers or '...' before 'apg_SHA_INFO'</code><br />
						
            
            <a class="navhash" href="#830">#</a>
						
              <code id="830"> void apg_shaUpdate( apg_SHA_INFO *shaInfo, BYTE *buffer, int count ) ;</code><br />
						
            
            <a class="navhash" href="#831">#</a>
						
              <code id="831">                     ^~~~~~~~~~~~</code><br />
						
            
            <a class="navhash" href="#832">#</a>
						
              <code id="832">sha/sha.h:36:44: error: unknown type name 'BYTE'</code><br />
						
            
            <a class="navhash" href="#833">#</a>
						
              <code id="833"> void apg_shaUpdate( apg_SHA_INFO *shaInfo, BYTE *buffer, int count ) ;</code><br />
						
            
            <a class="navhash" href="#834">#</a>
						
              <code id="834">                                            ^~~~</code><br />
						
            
            <a class="navhash" href="#835">#</a>
						
              <code id="835">sha/sha.h:37:20: error: expected declaration specifiers or '...' before 'apg_SHA_INFO'</code><br />
						
            
            <a class="navhash" href="#836">#</a>
						
              <code id="836"> void apg_shaFinal( apg_SHA_INFO *shaInfo, BYTE hash[SHA_DIGESTSIZE] ) ;</code><br />
						
            
            <a class="navhash" href="#837">#</a>
						
              <code id="837">                    ^~~~~~~~~~~~</code><br />
						
            
            <a class="navhash" href="#838">#</a>
						
              <code id="838">sha/sha.h:37:43: error: unknown type name 'BYTE'</code><br />
						
            
            <a class="navhash" href="#839">#</a>
						
              <code id="839"> void apg_shaFinal( apg_SHA_INFO *shaInfo, BYTE hash[SHA_DIGESTSIZE] ) ;</code><br />
						
            
            <a class="navhash" href="#840">#</a>
						
              <code id="840">                                           ^~~~</code><br />
						
            
            <a class="navhash" href="#841">#</a>
						
              <code id="841">In file included from restrict.h:36:0,</code><br />
						
            
            <a class="navhash" href="#842">#</a>
						
              <code id="842">                 from apg.c:83:</code><br />
						
            
            <a class="navhash" href="#843">#</a>
						
              <code id="843">bloom.h:69:32: error: storage class specified for parameter 'h_val'</code><br />
						
            
            <a class="navhash" href="#844">#</a>
						
              <code id="844"> typedef unsigned long int      h_val; /* should be 32-bit */</code><br />
						
            
            <a class="navhash" href="#845">#</a>
						
              <code id="845">                                ^~~~~</code><br />
						
            
            <a class="navhash" href="#846">#</a>
						
              <code id="846">bloom.h:70:32: error: storage class specified for parameter 'flag'</code><br />
						
            
            <a class="navhash" href="#847">#</a>
						
              <code id="847"> typedef unsigned short int     flag;</code><br />
						
            
            <a class="navhash" href="#848">#</a>
						
              <code id="848">                                ^~~~</code><br />
						
            
            <a class="navhash" href="#849">#</a>
						
              <code id="849">bloom.h:71:32: error: storage class specified for parameter 'f_mode'</code><br />
						
            
            <a class="navhash" href="#850">#</a>
						
              <code id="850"> typedef unsigned char          f_mode;</code><br />
						
            
            <a class="navhash" href="#851">#</a>
						
              <code id="851">                                ^~~~~~</code><br />
						
            
            <a class="navhash" href="#852">#</a>
						<span class="error">
              <code id="852">bloom.h:77:3: error: expected specifier-qualifier-list before 'f_mode'</code><br />
						</span>
            
            <a class="navhash" href="#853">#</a>
						
              <code id="853">   f_mode mode;          /* filter flags   */</code><br />
						
            
            <a class="navhash" href="#854">#</a>
						
              <code id="854">   ^~~~~~</code><br />
						
            
            <a class="navhash" href="#855">#</a>
						
              <code id="855">bloom.h:73:1: warning: empty declaration</code><br />
						
            
            <a class="navhash" href="#856">#</a>
						
              <code id="856"> struct apg_bf_hdr {</code><br />
						
            
            <a class="navhash" href="#857">#</a>
						
              <code id="857"> ^~~~~~</code><br />
						
            
            <a class="navhash" href="#858">#</a>
						
              <code id="858">bloom.h:80:48: error: expected declaration specifiers or '...' before 'h_val'</code><br />
						
            
            <a class="navhash" href="#859">#</a>
						
              <code id="859"> extern int insert_word(char *word, FILE *file, h_val filter_size, f_mode mode);</code><br />
						
            
            <a class="navhash" href="#860">#</a>
						
              <code id="860">                                                ^~~~~</code><br />
						
            
            <a class="navhash" href="#861">#</a>
						
              <code id="861">bloom.h:80:67: error: expected declaration specifiers or '...' before 'f_mode'</code><br />
						
            
            <a class="navhash" href="#862">#</a>
						
              <code id="862"> extern int insert_word(char *word, FILE *file, h_val filter_size, f_mode mode);</code><br />
						
            
            <a class="navhash" href="#863">#</a>
						
              <code id="863">                                                                   ^~~~~~</code><br />
						
            
            <a class="navhash" href="#864">#</a>
						
              <code id="864">bloom.h:81:47: error: expected declaration specifiers or '...' before 'h_val'</code><br />
						
            
            <a class="navhash" href="#865">#</a>
						
              <code id="865"> extern int check_word(char *word, FILE *file, h_val filter_size, f_mode mode);</code><br />
						
            
            <a class="navhash" href="#866">#</a>
						
              <code id="866">                                               ^~~~~</code><br />
						
            
            <a class="navhash" href="#867">#</a>
						
              <code id="867">bloom.h:81:66: error: expected declaration specifiers or '...' before 'f_mode'</code><br />
						
            
            <a class="navhash" href="#868">#</a>
						
              <code id="868"> extern int check_word(char *word, FILE *file, h_val filter_size, f_mode mode);</code><br />
						
            
            <a class="navhash" href="#869">#</a>
						
              <code id="869">                                                                  ^~~~~~</code><br />
						
            
            <a class="navhash" href="#870">#</a>
						
              <code id="870">bloom.h:82:71: error: expected declaration specifiers or '...' before 'f_mode'</code><br />
						
            
            <a class="navhash" href="#871">#</a>
						
              <code id="871"> extern FILE * create_filter(char * f_name, unsigned long int n_words, f_mode mode);</code><br />
						
            
            <a class="navhash" href="#872">#</a>
						
              <code id="872">                                                                       ^~~~~~</code><br />
						
            
            <a class="navhash" href="#873">#</a>
						
              <code id="873">bloom.h:83:15: error: storage class specified for parameter 'open_filter'</code><br />
						
            
            <a class="navhash" href="#874">#</a>
						
              <code id="874"> extern FILE * open_filter(char * f_name, const char *mode);</code><br />
						
            
            <a class="navhash" href="#875">#</a>
						
              <code id="875">               ^~~~~~~~~~~</code><br />
						
            
            <a class="navhash" href="#876">#</a>
						
              <code id="876">bloom.h:84:12: error: storage class specified for parameter 'close_filter'</code><br />
						
            
            <a class="navhash" href="#877">#</a>
						
              <code id="877"> extern int close_filter(FILE *f_dsk);</code><br />
						
            
            <a class="navhash" href="#878">#</a>
						
              <code id="878">            ^~~~~~~~~~~~</code><br />
						
            
            <a class="navhash" href="#879">#</a>
						
              <code id="879">bloom.h:85:14: error: expected '=', ',', ';', 'asm' or '__attribute__' before 'get_filtersize'</code><br />
						
            
            <a class="navhash" href="#880">#</a>
						
              <code id="880"> extern h_val get_filtersize(FILE *f);</code><br />
						
            
            <a class="navhash" href="#881">#</a>
						
              <code id="881">              ^~~~~~~~~~~~~~</code><br />
						
            
            <a class="navhash" href="#882">#</a>
						
              <code id="882">bloom.h:86:15: error: expected '=', ',', ';', 'asm' or '__attribute__' before 'get_filtermode'</code><br />
						
            
            <a class="navhash" href="#883">#</a>
						
              <code id="883"> extern f_mode get_filtermode(FILE *f);</code><br />
						
            
            <a class="navhash" href="#884">#</a>
						
              <code id="884">               ^~~~~~~~~~~~~~</code><br />
						
            
            <a class="navhash" href="#885">#</a>
						
              <code id="885">bloom.h:87:14: error: expected '=', ',', ';', 'asm' or '__attribute__' before 'count_words'</code><br />
						
            
            <a class="navhash" href="#886">#</a>
						
              <code id="886"> extern h_val count_words(FILE *dict_file);</code><br />
						
            
            <a class="navhash" href="#887">#</a>
						
              <code id="887">              ^~~~~~~~~~~</code><br />
						
            
            <a class="navhash" href="#888">#</a>
						
              <code id="888">In file included from apg.c:83:0:</code><br />
						
            
            <a class="navhash" href="#889">#</a>
						
              <code id="889">restrict.h:41:63: error: expected declaration specifiers or '...' before 'USHORT'</code><br />
						
            
            <a class="navhash" href="#890">#</a>
						
              <code id="890"> int paranoid_bloom_check_pass (char * password, char *filter, USHORT s_len);</code><br />
						
            
            <a class="navhash" href="#891">#</a>
						
              <code id="891">                                                               ^~~~~~</code><br />
						
            
            <a class="navhash" href="#892">#</a>
						
              <code id="892">In file included from apg.c:86:0:</code><br />
						
            
            <a class="navhash" href="#893">#</a>
						
              <code id="893">errs.h:35:13: error: storage class specified for parameter 'err_sys'</code><br />
						
            
            <a class="navhash" href="#894">#</a>
						
              <code id="894"> extern void err_sys(const char *string);</code><br />
						
            
            <a class="navhash" href="#895">#</a>
						
              <code id="895">             ^~~~~~~</code><br />
						
            
            <a class="navhash" href="#896">#</a>
						
              <code id="896">errs.h:36:13: error: storage class specified for parameter 'err_sys_fatal'</code><br />
						
            
            <a class="navhash" href="#897">#</a>
						
              <code id="897"> extern void err_sys_fatal(const char *string);</code><br />
						
            
            <a class="navhash" href="#898">#</a>
						
              <code id="898">             ^~~~~~~~~~~~~</code><br />
						
            
            <a class="navhash" href="#899">#</a>
						
              <code id="899">errs.h:37:13: error: storage class specified for parameter 'err_app'</code><br />
						
            
            <a class="navhash" href="#900">#</a>
						
              <code id="900"> extern void err_app(const char *string, const char *err);</code><br />
						
            
            <a class="navhash" href="#901">#</a>
						
              <code id="901">             ^~~~~~~</code><br />
						
            
            <a class="navhash" href="#902">#</a>
						
              <code id="902">errs.h:38:13: error: storage class specified for parameter 'err_app_fatal'</code><br />
						
            
            <a class="navhash" href="#903">#</a>
						
              <code id="903"> extern void err_app_fatal(const char *string, const char *err);</code><br />
						
            
            <a class="navhash" href="#904">#</a>
						
              <code id="904">             ^~~~~~~~~~~~~</code><br />
						
            
            <a class="navhash" href="#905">#</a>
						
              <code id="905">In file included from apg.c:87:0:</code><br />
						
            
            <a class="navhash" href="#906">#</a>
						
              <code id="906">getopt.h:33:15: error: storage class specified for parameter 'apg_optarg'</code><br />
						
            
            <a class="navhash" href="#907">#</a>
						
              <code id="907"> extern char * apg_optarg;  /* global argument pointer */</code><br />
						
            
            <a class="navhash" href="#908">#</a>
						
              <code id="908">               ^~~~~~~~~~</code><br />
						
            
            <a class="navhash" href="#909">#</a>
						
              <code id="909">getopt.h:34:12: error: storage class specified for parameter 'apg_optind'</code><br />
						
            
            <a class="navhash" href="#910">#</a>
						
              <code id="910"> extern int apg_optind;  /* global argv index */</code><br />
						
            
            <a class="navhash" href="#911">#</a>
						
              <code id="911">            ^~~~~~~~~~</code><br />
						
            
            <a class="navhash" href="#912">#</a>
						
              <code id="912">getopt.h:36:12: error: storage class specified for parameter 'apg_getopt'</code><br />
						
            
            <a class="navhash" href="#913">#</a>
						
              <code id="913"> extern int apg_getopt(int argc,char *argv[],const char *optstring);</code><br />
						
            
            <a class="navhash" href="#914">#</a>
						
              <code id="914">            ^~~~~~~~~~</code><br />
						
            
            <a class="navhash" href="#915">#</a>
						
              <code id="915">apg.c:90:2: warning: empty declaration</code><br />
						
            
            <a class="navhash" href="#916">#</a>
						
              <code id="916">  struct pass_m {</code><br />
						
            
            <a class="navhash" href="#917">#</a>
						
              <code id="917">  ^~~~~~</code><br />
						
            
            <a class="navhash" href="#918">#</a>
						<span class="error">
              <code id="918">apg.c:95:1: error: expected declaration specifiers before 'UINT32'</code><br />
						</span>
            
            <a class="navhash" href="#919">#</a>
						
              <code id="919"> UINT32 get_user_seq (void);</code><br />
						
            
            <a class="navhash" href="#920">#</a>
						
              <code id="920"> ^~~~~~</code><br />
						
            
            <a class="navhash" href="#921">#</a>
						<span class="error">
              <code id="921">apg.c:96:1: error: expected declaration specifiers before 'UINT32'</code><br />
						</span>
            
            <a class="navhash" href="#922">#</a>
						
              <code id="922"> UINT32 com_line_user_seq (char * seq);</code><br />
						
            
            <a class="navhash" href="#923">#</a>
						
              <code id="923"> ^~~~~~</code><br />
						
            
            <a class="navhash" href="#924">#</a>
						
              <code id="924">apg.c:101:5: warning: 'main' is usually a function [-Wmain]</code><br />
						
            
            <a class="navhash" href="#925">#</a>
						
              <code id="925"> int main (int argc, char *argv[]);</code><br />
						
            
            <a class="navhash" href="#926">#</a>
						
              <code id="926">     ^~~~</code><br />
						
            
            <a class="navhash" href="#927">#</a>
						<span class="error">
              <code id="927">apg.c:110:1: error: expected '=', ',', ';', 'asm' or '__attribute__' before '{' token</code><br />
						</span>
            
            <a class="navhash" href="#928">#</a>
						
              <code id="928"> {</code><br />
						
            
            <a class="navhash" href="#929">#</a>
						
              <code id="929"> ^</code><br />
						
            
            <a class="navhash" href="#930">#</a>
						<span class="error">
              <code id="930">apg.c:568:1: error: expected declaration specifiers before 'UINT32'</code><br />
						</span>
            
            <a class="navhash" href="#931">#</a>
						
              <code id="931"> UINT32</code><br />
						
            
            <a class="navhash" href="#932">#</a>
						
              <code id="932"> ^~~~~~</code><br />
						
            
            <a class="navhash" href="#933">#</a>
						<span class="error">
              <code id="933">apg.c:594:1: error: expected declaration specifiers before 'UINT32'</code><br />
						</span>
            
            <a class="navhash" href="#934">#</a>
						
              <code id="934"> UINT32</code><br />
						
            
            <a class="navhash" href="#935">#</a>
						
              <code id="935"> ^~~~~~</code><br />
						
            
            <a class="navhash" href="#936">#</a>
						<span class="error">
              <code id="936">apg.c:618:1: error: expected '=', ',', ';', 'asm' or '__attribute__' before '{' token</code><br />
						</span>
            
            <a class="navhash" href="#937">#</a>
						
              <code id="937"> {</code><br />
						
            
            <a class="navhash" href="#938">#</a>
						
              <code id="938"> ^</code><br />
						
            
            <a class="navhash" href="#939">#</a>
						<span class="error">
              <code id="939">apg.c:664:1: error: expected '=', ',', ';', 'asm' or '__attribute__' before '{' token</code><br />
						</span>
            
            <a class="navhash" href="#940">#</a>
						
              <code id="940"> {</code><br />
						
            
            <a class="navhash" href="#941">#</a>
						
              <code id="941"> ^</code><br />
						
            
            <a class="navhash" href="#942">#</a>
						<span class="error">
              <code id="942">apg.c:683:1: error: expected '=', ',', ';', 'asm' or '__attribute__' before '{' token</code><br />
						</span>
            
            <a class="navhash" href="#943">#</a>
						
              <code id="943"> {</code><br />
						
            
            <a class="navhash" href="#944">#</a>
						
              <code id="944"> ^</code><br />
						
            
            <a class="navhash" href="#945">#</a>
						<span class="error">
              <code id="945">apg.c:706:1: error: expected '=', ',', ';', 'asm' or '__attribute__' before '{' token</code><br />
						</span>
            
            <a class="navhash" href="#946">#</a>
						
              <code id="946"> {</code><br />
						
            
            <a class="navhash" href="#947">#</a>
						
              <code id="947"> ^</code><br />
						
            
            <a class="navhash" href="#948">#</a>
						
              <code id="948">In file included from apg.c:52:0:</code><br />
						
            
            <a class="navhash" href="#949">#</a>
						
              <code id="949">/usr/include/crypt.h:32:14: error: old-style parameter declarations in prototyped function definition</code><br />
						
            
            <a class="navhash" href="#950">#</a>
						
              <code id="950"> extern char *crypt (const char *__key, const char *__salt)</code><br />
						
            
            <a class="navhash" href="#951">#</a>
						
              <code id="951">              ^~~~~</code><br />
						
            
            <a class="navhash" href="#952">#</a>
						
              <code id="952">apg.c:759:1: error: expected '{' at end of input</code><br />
						
            
            <a class="navhash" href="#953">#</a>
						
              <code id="953"> }</code><br />
						
            
            <a class="navhash" href="#954">#</a>
						
              <code id="954"> ^</code><br />
						
            
            <a class="navhash" href="#955">#</a>
						
              <code id="955">apg.c:759:1: warning: control reaches end of non-void function [-Wreturn-type]</code><br />
						
            
            <a class="navhash" href="#956">#</a>
						
              <code id="956"> }</code><br />
						
            
            <a class="navhash" href="#957">#</a>
						
              <code id="957"> ^</code><br />
						
            
            <a class="navhash" href="#958">#</a>
						
              <code id="958">make: *** [Makefile:99: apg] Error 1</code><br />
						
            
            <a class="navhash" href="#959">#</a>
						
              <code id="959">==> ERROR: A failure occurred in build().</code><br />
						
            
            <a class="navhash" href="#960">#</a>
						
              <code id="960">    Aborting...</code><br />
						
            
          </div>
        
      </div>
      <br />
    
      <div class="block">
        <div class="info">
          <code>Printing config.logs</code>
        </div>
        
      </div>
      <br />
    
  </body>
</html>