        <html><head></head><body>
        <h1>Report for blackbox on toolchain
            <a href="index.html">android</a>
        </h1>
        <p>Return code: 5</p>
        <p>Time to run: 00:00:59</p>
        <p>Log output:</p>
        <code><pre><docker run --rm -v /tuscan_data --volumes-from tuscan_data -v /sources --volumes-from sources -v /var/cache/pacman/pkg --volumes-from pkg_cache_android -v logs:/logs make_package_container --sources-directory /sources --shared-directory /tuscan_data blackbox
:: Synchronizing package databases...
downloading repo.db...
downloading core.db...
downloading extra.db...
downloading community.db...
Found 1268 packages in cache
===> sudo -u tuscan makepkg --nobuild --syncdeps --skipinteg --skippgpcheck --skipchecksums --noconfirm --nocolor --log --noprogressbar --nocheck
==> Making package: blackbox 0.70.1-12 (Fri Nov 13 23:27:08 UTC 2015)
==> Checking runtime dependencies...
==> Installing missing dependencies...
resolving dependencies...
looking for conflicting packages...
warning: dependency cycle detected:
warning: harfbuzz will be installed before its freetype2 dependency

Packages (20) fontconfig-2.11.1-2  freetype2-2.6.1-1  graphite-1:1.3.3-1  harfbuzz-1.0.6-2  kbproto-1.0.7-1  libice-1.0.9-1  libpng-1.6.18-1  libsm-1.2.2-2  libxau-1.0.8-2  libxcb-1.11.1-1  libxdmcp-1.1.2-1  libxrender-0.9.9-1  renderproto-0.11.1-3  xcb-proto-1.11-2  xextproto-7.3.0-1  xproto-7.0.28-1  libx11-1.6.3-1  libxext-1.3.3-1  libxft-2.3.2-1  libxt-1.1.5-1

Total Installed Size:  27.68 MiB

:: Proceed with installation? [Y/n] 
checking keyring...
checking package integrity...
loading package files...
checking for file conflicts...
checking available disk space...
installing libpng...
installing graphite...
installing harfbuzz...
Optional dependencies for harfbuzz
    cairo: hb-view program
installing freetype2...
installing fontconfig...

  Fontconfig configuration is done via /etc/fonts/conf.avail and conf.d.
  Read /etc/fonts/conf.d/README for more information.

  Configuration via /etc/fonts/local.conf is still possible,
  but is no longer recommended for options available in conf.avail.

  Main systemwide configuration should be done by symlinks
  (especially for autohinting, sub-pixel and lcdfilter):

  cd /etc/fonts/conf.d
  ln -s ../conf.avail/XX-foo.conf

  Check also https://wiki.archlinux.org/index.php/Font_Configuration
  and https://wiki.archlinux.org/index.php/Fonts.

updating font cache... done.
installing xcb-proto...
installing xproto...
installing libxdmcp...
installing libxau...
installing libxcb...
installing kbproto...
installing libx11...
installing renderproto...
installing libxrender...
installing libxft...
installing xextproto...
installing libxext...
installing libice...
installing libsm...
installing libxt...
==> Checking buildtime dependencies...
==> Retrieving sources...
  -> Downloading blackbox-0.70.1.tar.gz...
  -> Found gcc4.3.patch
  -> Found bbdock.patch
  -> Found bsetbg-feh.patch
  -> Found textpropertytostring-unconditional.patch
  -> Found blackbox-0.70.1-asneeded.patch
==> WARNING: Skipping all source file integrity checks.
==> Extracting sources...
  -> Extracting blackbox-0.70.1.tar.gz with bsdtar
==> Starting prepare()...
patching file lib/Image.cc
patching file lib/Resource.cc
patching file lib/XDG.cc
patching file src/BlackboxResource.cc
patching file src/Screen.cc
patching file src/ScreenResource.cc
patching file src/main.cc
patching file util/bsetbg
patching file util/bsetroot.cc
patching file src/Slit.cc
patching file util/bsetbg
patching file lib/Util.hh
patching file src/Makefile.am
patching file lib/Makefile.am
patching file util/Makefile.am
patching file configure.ac
configure.ac:85: warning: AC_LANG_CONFTEST: no AC_LANG_SOURCE call detected in body
../../lib/autoconf/lang.m4:193: AC_LANG_CONFTEST is expanded from...
../../lib/autoconf/general.m4:2590: _AC_COMPILE_IFELSE is expanded from...
../../lib/autoconf/general.m4:2606: AC_COMPILE_IFELSE is expanded from...
configure.ac:85: the top level
configure.ac:115: warning: AC_LANG_CONFTEST: no AC_LANG_SOURCE call detected in body
../../lib/autoconf/lang.m4:193: AC_LANG_CONFTEST is expanded from...
../../lib/autoconf/general.m4:2590: _AC_COMPILE_IFELSE is expanded from...
../../lib/autoconf/general.m4:2606: AC_COMPILE_IFELSE is expanded from...
configure.ac:115: the top level
configure.ac:85: warning: AC_LANG_CONFTEST: no AC_LANG_SOURCE call detected in body
../../lib/autoconf/lang.m4:193: AC_LANG_CONFTEST is expanded from...
../../lib/autoconf/general.m4:2590: _AC_COMPILE_IFELSE is expanded from...
../../lib/autoconf/general.m4:2606: AC_COMPILE_IFELSE is expanded from...
configure.ac:85: the top level
configure.ac:115: warning: AC_LANG_CONFTEST: no AC_LANG_SOURCE call detected in body
../../lib/autoconf/lang.m4:193: AC_LANG_CONFTEST is expanded from...
../../lib/autoconf/general.m4:2590: _AC_COMPILE_IFELSE is expanded from...
../../lib/autoconf/general.m4:2606: AC_COMPILE_IFELSE is expanded from...
configure.ac:115: the top level
libtoolize: putting auxiliary files in '.'.
libtoolize: copying file './ltmain.sh'
libtoolize: Consider adding 'AC_CONFIG_MACRO_DIRS([m4])' to configure.ac,
libtoolize: and rerunning libtoolize and aclocal.
libtoolize: Consider adding '-I m4' to ACLOCAL_AMFLAGS in Makefile.am.
configure.ac:85: warning: AC_LANG_CONFTEST: no AC_LANG_SOURCE call detected in body
../../lib/autoconf/lang.m4:193: AC_LANG_CONFTEST is expanded from...
../../lib/autoconf/general.m4:2590: _AC_COMPILE_IFELSE is expanded from...
../../lib/autoconf/general.m4:2606: AC_COMPILE_IFELSE is expanded from...
configure.ac:85: the top level
configure.ac:115: warning: AC_LANG_CONFTEST: no AC_LANG_SOURCE call detected in body
../../lib/autoconf/lang.m4:193: AC_LANG_CONFTEST is expanded from...
../../lib/autoconf/general.m4:2590: _AC_COMPILE_IFELSE is expanded from...
../../lib/autoconf/general.m4:2606: AC_COMPILE_IFELSE is expanded from...
configure.ac:115: the top level
configure.ac:85: warning: AC_LANG_CONFTEST: no AC_LANG_SOURCE call detected in body
../../lib/autoconf/lang.m4:193: AC_LANG_CONFTEST is expanded from...
../../lib/autoconf/general.m4:2590: _AC_COMPILE_IFELSE is expanded from...
../../lib/autoconf/general.m4:2606: AC_COMPILE_IFELSE is expanded from...
configure.ac:85: the top level
configure.ac:115: warning: AC_LANG_CONFTEST: no AC_LANG_SOURCE call detected in body
../../lib/autoconf/lang.m4:193: AC_LANG_CONFTEST is expanded from...
../../lib/autoconf/general.m4:2590: _AC_COMPILE_IFELSE is expanded from...
../../lib/autoconf/general.m4:2606: AC_COMPILE_IFELSE is expanded from...
configure.ac:115: the top level
configure.ac:85: warning: AC_LANG_CONFTEST: no AC_LANG_SOURCE call detected in body
../../lib/autoconf/lang.m4:193: AC_LANG_CONFTEST is expanded from...
../../lib/autoconf/general.m4:2590: _AC_COMPILE_IFELSE is expanded from...
../../lib/autoconf/general.m4:2606: AC_COMPILE_IFELSE is expanded from...
configure.ac:85: the top level
configure.ac:115: warning: AC_LANG_CONFTEST: no AC_LANG_SOURCE call detected in body
../../lib/autoconf/lang.m4:193: AC_LANG_CONFTEST is expanded from...
../../lib/autoconf/general.m4:2590: _AC_COMPILE_IFELSE is expanded from...
../../lib/autoconf/general.m4:2606: AC_COMPILE_IFELSE is expanded from...
configure.ac:115: the top level
Unescaped left brace in regex is deprecated, passed through in regex; marked by <-- HERE in m/\${ <-- HERE ([^ \t=:+{}]+)}/ at /usr/bin/automake line 3936.
configure.ac:85: warning: AC_LANG_CONFTEST: no AC_LANG_SOURCE call detected in body
../../lib/autoconf/lang.m4:193: AC_LANG_CONFTEST is expanded from...
../../lib/autoconf/general.m4:2590: _AC_COMPILE_IFELSE is expanded from...
../../lib/autoconf/general.m4:2606: AC_COMPILE_IFELSE is expanded from...
configure.ac:85: the top level
configure.ac:115: warning: AC_LANG_CONFTEST: no AC_LANG_SOURCE call detected in body
../../lib/autoconf/lang.m4:193: AC_LANG_CONFTEST is expanded from...
../../lib/autoconf/general.m4:2590: _AC_COMPILE_IFELSE is expanded from...
../../lib/autoconf/general.m4:2606: AC_COMPILE_IFELSE is expanded from...
configure.ac:115: the top level
configure.ac:5: warning: AM_INIT_AUTOMAKE: two- and three-arguments forms are deprecated.  For more info, see:
configure.ac:5: http://www.gnu.org/software/automake/manual/automake.html#Modernize-AM_005fINIT_005fAUTOMAKE-invocation
configure.ac:20: installing './compile'
configure.ac:5: installing './missing'
lib/Makefile.am: installing './depcomp'
==> Sources are ready.
Copied source directory to /sources/blackbox
===> sudo -u tuscan PATH=/tmp/toolchain/bin:/usr/local/sbin:/usr/local/bin:/usr/sbin:/usr/bin:/sbin:/bin CC=arm-linux-androideabi-gcc CXX=arm-linux-androideabi-g++ SYSROOT=/build/android-ndk-r10e/platforms/android-21/arch-arm makepkg --noextract --syncdeps --skipinteg --skippgpcheck --skipchecksums --noconfirm --nocolor --log --noprogressbar --nocheck
==> Making package: blackbox 0.70.1-12 (Fri Nov 13 23:27:36 UTC 2015)
==> Checking runtime dependencies...
==> Checking buildtime dependencies...
==> WARNING: Using existing $srcdir/ tree
==> Starting build()...
checking for a BSD-compatible install... /usr/bin/install -c
checking whether build environment is sane... yes
checking for x86_64-unknown-linux-strip... no
checking for strip... strip
checking for a thread-safe mkdir -p... /usr/sbin/mkdir -p
checking for gawk... gawk
checking whether make sets $(MAKE)... yes
checking whether make supports nested variables... yes
checking for x86_64-unknown-linux-gcc... arm-linux-androideabi-gcc
checking whether the C compiler works... yes
checking for C compiler default output file name... a.out
checking for suffix of executables... 
checking whether we are cross compiling... yes
checking for suffix of object files... o
checking whether we are using the GNU C compiler... yes
checking whether arm-linux-androideabi-gcc accepts -g... yes
checking for arm-linux-androideabi-gcc option to accept ISO C89... unsupported
checking whether arm-linux-androideabi-gcc understands -c and -o together... yes
checking for style of include used by make... GNU
checking dependency style of arm-linux-androideabi-gcc... gcc3
checking how to run the C preprocessor... /lib/cpp
configure: error: in `/tmp/blackbox/src/blackbox-0.70.1':
configure: error: C preprocessor "/lib/cpp" fails sanity check
See `config.log' for more details
==> ERROR: A failure occurred in build().
    Aborting...
===> Printing config.logs
found log at /tmp/blackbox/src/blackbox-0.70.1/config.log
____
File /tmp/blackbox/src/blackbox-0.70.1/config.log
This file contains any messages produced by compilers while
running configure, to aid debugging if configure makes a mistake.

It was created by blackbox configure 0.70.1, which was
generated by GNU Autoconf 2.69.  Invocation command line was

  $ ./configure --host x86_64-unknown-linux --prefix=/usr --mandir=/usr/share/man

## --------- ##
## Platform. ##
## --------- ##

hostname = 409eda27f9a7
uname -m = x86_64
uname -r = 3.13.0-66-generic
uname -s = Linux
uname -v = #108-Ubuntu SMP Wed Oct 7 15:20:27 UTC 2015

/usr/bin/uname -p = unknown
/bin/uname -X     = unknown

/bin/arch              = unknown
/usr/bin/arch -k       = unknown
/usr/convex/getsysinfo = unknown
/usr/bin/hostinfo      = unknown
/bin/machine           = unknown
/usr/bin/oslevel       = unknown
/bin/universe          = unknown

PATH: /tmp/toolchain/bin
PATH: /usr/local/sbin
PATH: /usr/local/bin
PATH: /usr/sbin
PATH: /usr/bin
PATH: /sbin
PATH: /bin


## ----------- ##
## Core tests. ##
## ----------- ##

configure:2546: checking for a BSD-compatible install
configure:2614: result: /usr/bin/install -c
configure:2625: checking whether build environment is sane
configure:2680: result: yes
configure:2739: checking for x86_64-unknown-linux-strip
configure:2769: result: no
configure:2779: checking for strip
configure:2795: found /usr/sbin/strip
configure:2806: result: strip
configure:2831: checking for a thread-safe mkdir -p
configure:2870: result: /usr/sbin/mkdir -p
configure:2877: checking for gawk
configure:2893: found /usr/sbin/gawk
configure:2904: result: gawk
configure:2915: checking whether make sets $(MAKE)
configure:2937: result: yes
configure:2966: checking whether make supports nested variables
configure:2983: result: yes
configure:3129: checking for x86_64-unknown-linux-gcc
configure:3156: result: arm-linux-androideabi-gcc
configure:3425: checking for C compiler version
configure:3434: arm-linux-androideabi-gcc --version >&5
arm-linux-androideabi-gcc (GCC) 4.8
Copyright (C) 2013 Free Software Foundation, Inc.
This is free software; see the source for copying conditions.  There is NO
warranty; not even for MERCHANTABILITY or FITNESS FOR A PARTICULAR PURPOSE.

configure:3445: $? = 0
configure:3434: arm-linux-androideabi-gcc -v >&5
Using built-in specs.
COLLECT_GCC=arm-linux-androideabi-gcc
COLLECT_LTO_WRAPPER=/tmp/toolchain/bin/../libexec/gcc/arm-linux-androideabi/4.8/lto-wrapper
Target: arm-linux-androideabi
Configured with: /s/ndk-toolchain/src/build/../gcc/gcc-4.8/configure --prefix=/tmp/ndk-andrewhsieh/build/toolchain/prefix --target=arm-linux-androideabi --host=x86_64-linux-gnu --build=x86_64-linux-gnu --with-gnu-as --with-gnu-ld --enable-languages=c,c++ --with-gmp=/tmp/ndk-andrewhsieh/build/toolchain/temp-install --with-mpfr=/tmp/ndk-andrewhsieh/build/toolchain/temp-install --with-mpc=/tmp/ndk-andrewhsieh/build/toolchain/temp-install --with-cloog=/tmp/ndk-andrewhsieh/build/toolchain/temp-install --with-isl=/tmp/ndk-andrewhsieh/build/toolchain/temp-install --with-ppl=/tmp/ndk-andrewhsieh/build/toolchain/temp-install --disable-ppl-version-check --disable-cloog-version-check --disable-isl-version-check --enable-cloog-backend=isl --with-host-libstdcxx='-static-libgcc -Wl,-Bstatic,-lstdc++,-Bdynamic -lm' --disable-libssp --enable-threads --disable-nls --disable-libmudflap --disable-libgomp --disable-libstdc__-v3 --disable-sjlj-exceptions --disable-shared --disable-tls --disable-libitm --with-float=soft --with-fpu=vfp --with-arch=armv5te --enable-target-optspace --enable-initfini-array --disable-nls --prefix=/tmp/ndk-andrewhsieh/build/toolchain/prefix --with-sysroot=/tmp/ndk-andrewhsieh/build/toolchain/prefix/sysroot --with-binutils-version=2.25 --with-mpfr-version=3.1.1 --with-mpc-version=1.0.1 --with-gmp-version=5.0.5 --with-gcc-version=4.8 --with-gdb-version=7.7 --with-python=/usr/local/google/home/andrewhsieh/mydroid/ndk/prebuilt/linux-x86_64/bin/python-config.sh --with-gxx-include-dir=/tmp/ndk-andrewhsieh/build/toolchain/prefix/include/c++/4.8 --with-bugurl=http://source.android.com/source/report-bugs.html --enable-languages=c,c++ --disable-bootstrap --enable-plugins --enable-libgomp --enable-gnu-indirect-function --disable-libsanitizer --enable-gold --enable-threads --enable-graphite=yes --with-cloog-version=0.18.0 --with-isl-version=0.11.1 --enable-eh-frame-hdr-for-static --with-arch=armv5te --program-transform-name='s&^&arm-linux-androideabi-&' --enable-gold=default
Thread model: posix
gcc version 4.8 (GCC) 
configure:3445: $? = 0
configure:3434: arm-linux-androideabi-gcc -V >&5
arm-linux-androideabi-gcc: error: unrecognized command line option '-V'
arm-linux-androideabi-gcc: fatal error: no input files
compilation terminated.
configure:3445: $? = 1
configure:3434: arm-linux-androideabi-gcc -qversion >&5
arm-linux-androideabi-gcc: error: unrecognized command line option '-qversion'
arm-linux-androideabi-gcc: fatal error: no input files
compilation terminated.
configure:3445: $? = 1
configure:3465: checking whether the C compiler works
configure:3487: arm-linux-androideabi-gcc   -I/usr/include -I/usr/local/include  -L/usr/lib -L/usr/local/lib conftest.c  >&5
/tmp/toolchain/bin/../lib/gcc/arm-linux-androideabi/4.8/../../../../arm-linux-androideabi/bin/ld: warning: skipping incompatible /usr/lib/libc.so while searching for c
/tmp/toolchain/bin/../lib/gcc/arm-linux-androideabi/4.8/../../../../arm-linux-androideabi/bin/ld: warning: skipping incompatible /usr/lib/libdl.so while searching for dl
configure:3491: $? = 0
configure:3539: result: yes
configure:3542: checking for C compiler default output file name
configure:3544: result: a.out
configure:3550: checking for suffix of executables
configure:3557: arm-linux-androideabi-gcc -o conftest   -I/usr/include -I/usr/local/include  -L/usr/lib -L/usr/local/lib conftest.c  >&5
/tmp/toolchain/bin/../lib/gcc/arm-linux-androideabi/4.8/../../../../arm-linux-androideabi/bin/ld: warning: skipping incompatible /usr/lib/libc.so while searching for c
/tmp/toolchain/bin/../lib/gcc/arm-linux-androideabi/4.8/../../../../arm-linux-androideabi/bin/ld: warning: skipping incompatible /usr/lib/libdl.so while searching for dl
configure:3561: $? = 0
configure:3583: result: 
configure:3605: checking whether we are cross compiling
configure:3613: arm-linux-androideabi-gcc -o conftest   -I/usr/include -I/usr/local/include  -L/usr/lib -L/usr/local/lib conftest.c  >&5
In file included from /usr/include/features.h:389:0,
                 from /usr/include/stdio.h:27,
                 from conftest.c:11:
/usr/include/gnu/stubs.h:7:27: fatal error: gnu/stubs-32.h: No such file or directory
 # include <gnu/stubs-32.h>
                           ^
compilation terminated.
configure:3617: $? = 1
configure:3624: ./conftest
./configure: line 3626: ./conftest: No such file or directory
configure:3628: $? = 127
configure:3643: result: yes
configure:3648: checking for suffix of object files
configure:3670: arm-linux-androideabi-gcc -c   -I/usr/include -I/usr/local/include conftest.c >&5
configure:3674: $? = 0
configure:3695: result: o
configure:3699: checking whether we are using the GNU C compiler
configure:3718: arm-linux-androideabi-gcc -c   -I/usr/include -I/usr/local/include conftest.c >&5
configure:3718: $? = 0
configure:3727: result: yes
configure:3736: checking whether arm-linux-androideabi-gcc accepts -g
configure:3756: arm-linux-androideabi-gcc -c -g  -I/usr/include -I/usr/local/include conftest.c >&5
configure:3756: $? = 0
configure:3797: result: yes
configure:3814: checking for arm-linux-androideabi-gcc option to accept ISO C89
configure:3877: arm-linux-androideabi-gcc  -c   -I/usr/include -I/usr/local/include conftest.c >&5
In file included from /usr/include/features.h:389:0,
                 from /usr/include/stdio.h:27,
                 from conftest.c:12:
/usr/include/gnu/stubs.h:7:27: fatal error: gnu/stubs-32.h: No such file or directory
 # include <gnu/stubs-32.h>
                           ^
compilation terminated.
configure:3877: $? = 1
configure: failed program was:
| /* confdefs.h */
| #define PACKAGE_NAME "blackbox"
| #define PACKAGE_TARNAME "blackbox"
| #define PACKAGE_VERSION "0.70.1"
| #define PACKAGE_STRING "blackbox 0.70.1"
| #define PACKAGE_BUGREPORT "http://blackboxwm.sourceforge.net"
| #define PACKAGE_URL ""
| #define PACKAGE "blackbox"
| #define VERSION "0.70.1"
| /* end confdefs.h.  */
| #include <stdarg.h>
| #include <stdio.h>
| struct stat;
| /* Most of the following tests are stolen from RCS 5.7's src/conf.sh.  */
| struct buf { int x; };
| FILE * (*rcsopen) (struct buf *, struct stat *, int);
| static char *e (p, i)
|      char **p;
|      int i;
| {
|   return p[i];
| }
| static char *f (char * (*g) (char **, int), char **p, ...)
| {
|   char *s;
|   va_list v;
|   va_start (v,p);
|   s = g (p, va_arg (v,int));
|   va_end (v);
|   return s;
| }
| 
| /* OSF 4.0 Compaq cc is some sort of almost-ANSI by default.  It has
|    function prototypes and stuff, but not '\xHH' hex character constants.
|    These don't provoke an error unfortunately, instead are silently treated
|    as 'x'.  The following induces an error, until -std is added to get
|    proper ANSI mode.  Curiously '\x00'!='x' always comes out true, for an
|    array size at least.  It's necessary to write '\x00'==0 to get something
|    that's true only with -std.  */
| int osf4_cc_array ['\x00' == 0 ? 1 : -1];
| 
| /* IBM C 6 for AIX is almost-ANSI by default, but it replaces macro parameters
|    inside strings and character constants.  */
| #define FOO(x) 'x'
| int xlc6_cc_array[FOO(a) == 'x' ? 1 : -1];
| 
| int test (int i, double x);
| struct s1 {int (*f) (int a);};
| struct s2 {int (*f) (double a);};
| int pairnames (int, char **, FILE *(*)(struct buf *, struct stat *, int), int, int);
| int argc;
| char **argv;
| int
| main ()
| {
| return f (e, argv, 0) != argv[0]  ||  f (e, argv, 1) != argv[1];
|   ;
|   return 0;
| }
configure:3877: arm-linux-androideabi-gcc -qlanglvl=extc89 -c   -I/usr/include -I/usr/local/include conftest.c >&5
arm-linux-androideabi-gcc: error: unrecognized command line option '-qlanglvl=extc89'
configure:3877: $? = 1
configure: failed program was:
| /* confdefs.h */
| #define PACKAGE_NAME "blackbox"
| #define PACKAGE_TARNAME "blackbox"
| #define PACKAGE_VERSION "0.70.1"
| #define PACKAGE_STRING "blackbox 0.70.1"
| #define PACKAGE_BUGREPORT "http://blackboxwm.sourceforge.net"
| #define PACKAGE_URL ""
| #define PACKAGE "blackbox"
| #define VERSION "0.70.1"
| /* end confdefs.h.  */
| #include <stdarg.h>
| #include <stdio.h>
| struct stat;
| /* Most of the following tests are stolen from RCS 5.7's src/conf.sh.  */
| struct buf { int x; };
| FILE * (*rcsopen) (struct buf *, struct stat *, int);
| static char *e (p, i)
|      char **p;
|      int i;
| {
|   return p[i];
| }
| static char *f (char * (*g) (char **, int), char **p, ...)
| {
|   char *s;
|   va_list v;
|   va_start (v,p);
|   s = g (p, va_arg (v,int));
|   va_end (v);
|   return s;
| }
| 
| /* OSF 4.0 Compaq cc is some sort of almost-ANSI by default.  It has
|    function prototypes and stuff, but not '\xHH' hex character constants.
|    These don't provoke an error unfortunately, instead are silently treated
|    as 'x'.  The following induces an error, until -std is added to get
|    proper ANSI mode.  Curiously '\x00'!='x' always comes out true, for an
|    array size at least.  It's necessary to write '\x00'==0 to get something
|    that's true only with -std.  */
| int osf4_cc_array ['\x00' == 0 ? 1 : -1];
| 
| /* IBM C 6 for AIX is almost-ANSI by default, but it replaces macro parameters
|    inside strings and character constants.  */
| #define FOO(x) 'x'
| int xlc6_cc_array[FOO(a) == 'x' ? 1 : -1];
| 
| int test (int i, double x);
| struct s1 {int (*f) (int a);};
| struct s2 {int (*f) (double a);};
| int pairnames (int, char **, FILE *(*)(struct buf *, struct stat *, int), int, int);
| int argc;
| char **argv;
| int
| main ()
| {
| return f (e, argv, 0) != argv[0]  ||  f (e, argv, 1) != argv[1];
|   ;
|   return 0;
| }
configure:3877: arm-linux-androideabi-gcc -qlanglvl=ansi -c   -I/usr/include -I/usr/local/include conftest.c >&5
arm-linux-androideabi-gcc: error: unrecognized command line option '-qlanglvl=ansi'
configure:3877: $? = 1
configure: failed program was:
| /* confdefs.h */
| #define PACKAGE_NAME "blackbox"
| #define PACKAGE_TARNAME "blackbox"
| #define PACKAGE_VERSION "0.70.1"
| #define PACKAGE_STRING "blackbox 0.70.1"
| #define PACKAGE_BUGREPORT "http://blackboxwm.sourceforge.net"
| #define PACKAGE_URL ""
| #define PACKAGE "blackbox"
| #define VERSION "0.70.1"
| /* end confdefs.h.  */
| #include <stdarg.h>
| #include <stdio.h>
| struct stat;
| /* Most of the following tests are stolen from RCS 5.7's src/conf.sh.  */
| struct buf { int x; };
| FILE * (*rcsopen) (struct buf *, struct stat *, int);
| static char *e (p, i)
|      char **p;
|      int i;
| {
|   return p[i];
| }
| static char *f (char * (*g) (char **, int), char **p, ...)
| {
|   char *s;
|   va_list v;
|   va_start (v,p);
|   s = g (p, va_arg (v,int));
|   va_end (v);
|   return s;
| }
| 
| /* OSF 4.0 Compaq cc is some sort of almost-ANSI by default.  It has
|    function prototypes and stuff, but not '\xHH' hex character constants.
|    These don't provoke an error unfortunately, instead are silently treated
|    as 'x'.  The following induces an error, until -std is added to get
|    proper ANSI mode.  Curiously '\x00'!='x' always comes out true, for an
|    array size at least.  It's necessary to write '\x00'==0 to get something
|    that's true only with -std.  */
| int osf4_cc_array ['\x00' == 0 ? 1 : -1];
| 
| /* IBM C 6 for AIX is almost-ANSI by default, but it replaces macro parameters
|    inside strings and character constants.  */
| #define FOO(x) 'x'
| int xlc6_cc_array[FOO(a) == 'x' ? 1 : -1];
| 
| int test (int i, double x);
| struct s1 {int (*f) (int a);};
| struct s2 {int (*f) (double a);};
| int pairnames (int, char **, FILE *(*)(struct buf *, struct stat *, int), int, int);
| int argc;
| char **argv;
| int
| main ()
| {
| return f (e, argv, 0) != argv[0]  ||  f (e, argv, 1) != argv[1];
|   ;
|   return 0;
| }
configure:3877: arm-linux-androideabi-gcc -std -c   -I/usr/include -I/usr/local/include conftest.c >&5
arm-linux-androideabi-gcc: error: unrecognized command line option '-std'
configure:3877: $? = 1
configure: failed program was:
| /* confdefs.h */
| #define PACKAGE_NAME "blackbox"
| #define PACKAGE_TARNAME "blackbox"
| #define PACKAGE_VERSION "0.70.1"
| #define PACKAGE_STRING "blackbox 0.70.1"
| #define PACKAGE_BUGREPORT "http://blackboxwm.sourceforge.net"
| #define PACKAGE_URL ""
| #define PACKAGE "blackbox"
| #define VERSION "0.70.1"
| /* end confdefs.h.  */
| #include <stdarg.h>
| #include <stdio.h>
| struct stat;
| /* Most of the following tests are stolen from RCS 5.7's src/conf.sh.  */
| struct buf { int x; };
| FILE * (*rcsopen) (struct buf *, struct stat *, int);
| static char *e (p, i)
|      char **p;
|      int i;
| {
|   return p[i];
| }
| static char *f (char * (*g) (char **, int), char **p, ...)
| {
|   char *s;
|   va_list v;
|   va_start (v,p);
|   s = g (p, va_arg (v,int));
|   va_end (v);
|   return s;
| }
| 
| /* OSF 4.0 Compaq cc is some sort of almost-ANSI by default.  It has
|    function prototypes and stuff, but not '\xHH' hex character constants.
|    These don't provoke an error unfortunately, instead are silently treated
|    as 'x'.  The following induces an error, until -std is added to get
|    proper ANSI mode.  Curiously '\x00'!='x' always comes out true, for an
|    array size at least.  It's necessary to write '\x00'==0 to get something
|    that's true only with -std.  */
| int osf4_cc_array ['\x00' == 0 ? 1 : -1];
| 
| /* IBM C 6 for AIX is almost-ANSI by default, but it replaces macro parameters
|    inside strings and character constants.  */
| #define FOO(x) 'x'
| int xlc6_cc_array[FOO(a) == 'x' ? 1 : -1];
| 
| int test (int i, double x);
| struct s1 {int (*f) (int a);};
| struct s2 {int (*f) (double a);};
| int pairnames (int, char **, FILE *(*)(struct buf *, struct stat *, int), int, int);
| int argc;
| char **argv;
| int
| main ()
| {
| return f (e, argv, 0) != argv[0]  ||  f (e, argv, 1) != argv[1];
|   ;
|   return 0;
| }
configure:3877: arm-linux-androideabi-gcc -Ae -c   -I/usr/include -I/usr/local/include conftest.c >&5
<command-line>:0:1: error: missing '(' after predicate
In file included from /usr/include/features.h:389:0,
                 from /usr/include/stdio.h:27,
                 from conftest.c:12:
/usr/include/gnu/stubs.h:7:27: fatal error: gnu/stubs-32.h: No such file or directory
 # include <gnu/stubs-32.h>
                           ^
compilation terminated.
configure:3877: $? = 1
configure: failed program was:
| /* confdefs.h */
| #define PACKAGE_NAME "blackbox"
| #define PACKAGE_TARNAME "blackbox"
| #define PACKAGE_VERSION "0.70.1"
| #define PACKAGE_STRING "blackbox 0.70.1"
| #define PACKAGE_BUGREPORT "http://blackboxwm.sourceforge.net"
| #define PACKAGE_URL ""
| #define PACKAGE "blackbox"
| #define VERSION "0.70.1"
| /* end confdefs.h.  */
| #include <stdarg.h>
| #include <stdio.h>
| struct stat;
| /* Most of the following tests are stolen from RCS 5.7's src/conf.sh.  */
| struct buf { int x; };
| FILE * (*rcsopen) (struct buf *, struct stat *, int);
| static char *e (p, i)
|      char **p;
|      int i;
| {
|   return p[i];
| }
| static char *f (char * (*g) (char **, int), char **p, ...)
| {
|   char *s;
|   va_list v;
|   va_start (v,p);
|   s = g (p, va_arg (v,int));
|   va_end (v);
|   return s;
| }
| 
| /* OSF 4.0 Compaq cc is some sort of almost-ANSI by default.  It has
|    function prototypes and stuff, but not '\xHH' hex character constants.
|    These don't provoke an error unfortunately, instead are silently treated
|    as 'x'.  The following induces an error, until -std is added to get
|    proper ANSI mode.  Curiously '\x00'!='x' always comes out true, for an
|    array size at least.  It's necessary to write '\x00'==0 to get something
|    that's true only with -std.  */
| int osf4_cc_array ['\x00' == 0 ? 1 : -1];
| 
| /* IBM C 6 for AIX is almost-ANSI by default, but it replaces macro parameters
|    inside strings and character constants.  */
| #define FOO(x) 'x'
| int xlc6_cc_array[FOO(a) == 'x' ? 1 : -1];
| 
| int test (int i, double x);
| struct s1 {int (*f) (int a);};
| struct s2 {int (*f) (double a);};
| int pairnames (int, char **, FILE *(*)(struct buf *, struct stat *, int), int, int);
| int argc;
| char **argv;
| int
| main ()
| {
| return f (e, argv, 0) != argv[0]  ||  f (e, argv, 1) != argv[1];
|   ;
|   return 0;
| }
configure:3877: arm-linux-androideabi-gcc -Aa -D_HPUX_SOURCE -c   -I/usr/include -I/usr/local/include conftest.c >&5
<command-line>:0:1: error: missing '(' after predicate
In file included from /usr/include/features.h:389:0,
                 from /usr/include/stdio.h:27,
                 from conftest.c:12:
/usr/include/gnu/stubs.h:7:27: fatal error: gnu/stubs-32.h: No such file or directory
 # include <gnu/stubs-32.h>
                           ^
compilation terminated.
configure:3877: $? = 1
configure: failed program was:
| /* confdefs.h */
| #define PACKAGE_NAME "blackbox"
| #define PACKAGE_TARNAME "blackbox"
| #define PACKAGE_VERSION "0.70.1"
| #define PACKAGE_STRING "blackbox 0.70.1"
| #define PACKAGE_BUGREPORT "http://blackboxwm.sourceforge.net"
| #define PACKAGE_URL ""
| #define PACKAGE "blackbox"
| #define VERSION "0.70.1"
| /* end confdefs.h.  */
| #include <stdarg.h>
| #include <stdio.h>
| struct stat;
| /* Most of the following tests are stolen from RCS 5.7's src/conf.sh.  */
| struct buf { int x; };
| FILE * (*rcsopen) (struct buf *, struct stat *, int);
| static char *e (p, i)
|      char **p;
|      int i;
| {
|   return p[i];
| }
| static char *f (char * (*g) (char **, int), char **p, ...)
| {
|   char *s;
|   va_list v;
|   va_start (v,p);
|   s = g (p, va_arg (v,int));
|   va_end (v);
|   return s;
| }
| 
| /* OSF 4.0 Compaq cc is some sort of almost-ANSI by default.  It has
|    function prototypes and stuff, but not '\xHH' hex character constants.
|    These don't provoke an error unfortunately, instead are silently treated
|    as 'x'.  The following induces an error, until -std is added to get
|    proper ANSI mode.  Curiously '\x00'!='x' always comes out true, for an
|    array size at least.  It's necessary to write '\x00'==0 to get something
|    that's true only with -std.  */
| int osf4_cc_array ['\x00' == 0 ? 1 : -1];
| 
| /* IBM C 6 for AIX is almost-ANSI by default, but it replaces macro parameters
|    inside strings and character constants.  */
| #define FOO(x) 'x'
| int xlc6_cc_array[FOO(a) == 'x' ? 1 : -1];
| 
| int test (int i, double x);
| struct s1 {int (*f) (int a);};
| struct s2 {int (*f) (double a);};
| int pairnames (int, char **, FILE *(*)(struct buf *, struct stat *, int), int, int);
| int argc;
| char **argv;
| int
| main ()
| {
| return f (e, argv, 0) != argv[0]  ||  f (e, argv, 1) != argv[1];
|   ;
|   return 0;
| }
configure:3877: arm-linux-androideabi-gcc -Xc -D__EXTENSIONS__ -c   -I/usr/include -I/usr/local/include conftest.c >&5
arm-linux-androideabi-gcc: error: unrecognized command line option '-Xc'
configure:3877: $? = 1
configure: failed program was:
| /* confdefs.h */
| #define PACKAGE_NAME "blackbox"
| #define PACKAGE_TARNAME "blackbox"
| #define PACKAGE_VERSION "0.70.1"
| #define PACKAGE_STRING "blackbox 0.70.1"
| #define PACKAGE_BUGREPORT "http://blackboxwm.sourceforge.net"
| #define PACKAGE_URL ""
| #define PACKAGE "blackbox"
| #define VERSION "0.70.1"
| /* end confdefs.h.  */
| #include <stdarg.h>
| #include <stdio.h>
| struct stat;
| /* Most of the following tests are stolen from RCS 5.7's src/conf.sh.  */
| struct buf { int x; };
| FILE * (*rcsopen) (struct buf *, struct stat *, int);
| static char *e (p, i)
|      char **p;
|      int i;
| {
|   return p[i];
| }
| static char *f (char * (*g) (char **, int), char **p, ...)
| {
|   char *s;
|   va_list v;
|   va_start (v,p);
|   s = g (p, va_arg (v,int));
|   va_end (v);
|   return s;
| }
| 
| /* OSF 4.0 Compaq cc is some sort of almost-ANSI by default.  It has
|    function prototypes and stuff, but not '\xHH' hex character constants.
|    These don't provoke an error unfortunately, instead are silently treated
|    as 'x'.  The following induces an error, until -std is added to get
|    proper ANSI mode.  Curiously '\x00'!='x' always comes out true, for an
|    array size at least.  It's necessary to write '\x00'==0 to get something
|    that's true only with -std.  */
| int osf4_cc_array ['\x00' == 0 ? 1 : -1];
| 
| /* IBM C 6 for AIX is almost-ANSI by default, but it replaces macro parameters
|    inside strings and character constants.  */
| #define FOO(x) 'x'
| int xlc6_cc_array[FOO(a) == 'x' ? 1 : -1];
| 
| int test (int i, double x);
| struct s1 {int (*f) (int a);};
| struct s2 {int (*f) (double a);};
| int pairnames (int, char **, FILE *(*)(struct buf *, struct stat *, int), int, int);
| int argc;
| char **argv;
| int
| main ()
| {
| return f (e, argv, 0) != argv[0]  ||  f (e, argv, 1) != argv[1];
|   ;
|   return 0;
| }
configure:3893: result: unsupported
configure:3915: checking whether arm-linux-androideabi-gcc understands -c and -o together
configure:3937: arm-linux-androideabi-gcc -c conftest.c -o conftest2.o
configure:3940: $? = 0
configure:3937: arm-linux-androideabi-gcc -c conftest.c -o conftest2.o
configure:3940: $? = 0
configure:3952: result: yes
configure:3980: checking for style of include used by make
configure:4008: result: GNU
configure:4034: checking dependency style of arm-linux-androideabi-gcc
configure:4145: result: gcc3
configure:4167: checking how to run the C preprocessor
configure:4198: arm-linux-androideabi-gcc -E  -I/usr/include -I/usr/local/include conftest.c
In file included from /usr/include/features.h:389:0,
                 from /usr/include/limits.h:25,
                 from conftest.c:12:
/usr/include/gnu/stubs.h:7:27: fatal error: gnu/stubs-32.h: No such file or directory
 # include <gnu/stubs-32.h>
                           ^
compilation terminated.
configure:4198: $? = 1
configure: failed program was:
| /* confdefs.h */
| #define PACKAGE_NAME "blackbox"
| #define PACKAGE_TARNAME "blackbox"
| #define PACKAGE_VERSION "0.70.1"
| #define PACKAGE_STRING "blackbox 0.70.1"
| #define PACKAGE_BUGREPORT "http://blackboxwm.sourceforge.net"
| #define PACKAGE_URL ""
| #define PACKAGE "blackbox"
| #define VERSION "0.70.1"
| /* end confdefs.h.  */
| #ifdef __STDC__
| # include <limits.h>
| #else
| # include <assert.h>
| #endif
| 		     Syntax error
configure:4198: arm-linux-androideabi-gcc -E  -I/usr/include -I/usr/local/include conftest.c
In file included from /usr/include/features.h:389:0,
                 from /usr/include/limits.h:25,
                 from conftest.c:12:
/usr/include/gnu/stubs.h:7:27: fatal error: gnu/stubs-32.h: No such file or directory
 # include <gnu/stubs-32.h>
                           ^
compilation terminated.
configure:4198: $? = 1
configure: failed program was:
| /* confdefs.h */
| #define PACKAGE_NAME "blackbox"
| #define PACKAGE_TARNAME "blackbox"
| #define PACKAGE_VERSION "0.70.1"
| #define PACKAGE_STRING "blackbox 0.70.1"
| #define PACKAGE_BUGREPORT "http://blackboxwm.sourceforge.net"
| #define PACKAGE_URL ""
| #define PACKAGE "blackbox"
| #define VERSION "0.70.1"
| /* end confdefs.h.  */
| #ifdef __STDC__
| # include <limits.h>
| #else
| # include <assert.h>
| #endif
| 		     Syntax error
configure:4198: arm-linux-androideabi-gcc -E -traditional-cpp  -I/usr/include -I/usr/local/include conftest.c
In file included from /usr/include/features.h:366:0,
                 from /usr/include/assert.h:36,
                 from conftest.c:15:
/usr/include/sys/cdefs.h:30:3: error: #error "You need a ISO C conforming compiler to use the glibc headers"
 # error "You need a ISO C conforming compiler to use the glibc headers"
   ^
In file included from /usr/include/features.h:390:0,
                 from /usr/include/assert.h:36,
                 from conftest.c:15:
/usr/include/gnu/stubs.h:7:0: fatal error: gnu/stubs-32.h: No such file or directory
 # include <gnu/stubs-32.h>
 ^
compilation terminated.
configure:4198: $? = 1
configure: failed program was:
| /* confdefs.h */
| #define PACKAGE_NAME "blackbox"
| #define PACKAGE_TARNAME "blackbox"
| #define PACKAGE_VERSION "0.70.1"
| #define PACKAGE_STRING "blackbox 0.70.1"
| #define PACKAGE_BUGREPORT "http://blackboxwm.sourceforge.net"
| #define PACKAGE_URL ""
| #define PACKAGE "blackbox"
| #define VERSION "0.70.1"
| /* end confdefs.h.  */
| #ifdef __STDC__
| # include <limits.h>
| #else
| # include <assert.h>
| #endif
| 		     Syntax error
configure:4198: arm-linux-androideabi-gcc -E -traditional-cpp  -I/usr/include -I/usr/local/include conftest.c
In file included from /usr/include/features.h:366:0,
                 from /usr/include/assert.h:36,
                 from conftest.c:15:
/usr/include/sys/cdefs.h:30:3: error: #error "You need a ISO C conforming compiler to use the glibc headers"
 # error "You need a ISO C conforming compiler to use the glibc headers"
   ^
In file included from /usr/include/features.h:390:0,
                 from /usr/include/assert.h:36,
                 from conftest.c:15:
/usr/include/gnu/stubs.h:7:0: fatal error: gnu/stubs-32.h: No such file or directory
 # include <gnu/stubs-32.h>
 ^
compilation terminated.
configure:4198: $? = 1
configure: failed program was:
| /* confdefs.h */
| #define PACKAGE_NAME "blackbox"
| #define PACKAGE_TARNAME "blackbox"
| #define PACKAGE_VERSION "0.70.1"
| #define PACKAGE_STRING "blackbox 0.70.1"
| #define PACKAGE_BUGREPORT "http://blackboxwm.sourceforge.net"
| #define PACKAGE_URL ""
| #define PACKAGE "blackbox"
| #define VERSION "0.70.1"
| /* end confdefs.h.  */
| #ifdef __STDC__
| # include <limits.h>
| #else
| # include <assert.h>
| #endif
| 		     Syntax error
configure:4198: /lib/cpp  -I/usr/include -I/usr/local/include conftest.c
./configure: line 1630: /lib/cpp: No such file or directory
configure:4198: $? = 127
configure: failed program was:
| /* confdefs.h */
| #define PACKAGE_NAME "blackbox"
| #define PACKAGE_TARNAME "blackbox"
| #define PACKAGE_VERSION "0.70.1"
| #define PACKAGE_STRING "blackbox 0.70.1"
| #define PACKAGE_BUGREPORT "http://blackboxwm.sourceforge.net"
| #define PACKAGE_URL ""
| #define PACKAGE "blackbox"
| #define VERSION "0.70.1"
| /* end confdefs.h.  */
| #ifdef __STDC__
| # include <limits.h>
| #else
| # include <assert.h>
| #endif
| 		     Syntax error
configure:4198: /lib/cpp  -I/usr/include -I/usr/local/include conftest.c
./configure: line 1630: /lib/cpp: No such file or directory
configure:4198: $? = 127
configure: failed program was:
| /* confdefs.h */
| #define PACKAGE_NAME "blackbox"
| #define PACKAGE_TARNAME "blackbox"
| #define PACKAGE_VERSION "0.70.1"
| #define PACKAGE_STRING "blackbox 0.70.1"
| #define PACKAGE_BUGREPORT "http://blackboxwm.sourceforge.net"
| #define PACKAGE_URL ""
| #define PACKAGE "blackbox"
| #define VERSION "0.70.1"
| /* end confdefs.h.  */
| #ifdef __STDC__
| # include <limits.h>
| #else
| # include <assert.h>
| #endif
| 		     Syntax error
configure:4237: result: /lib/cpp
configure:4257: /lib/cpp  -I/usr/include -I/usr/local/include conftest.c
./configure: line 1630: /lib/cpp: No such file or directory
configure:4257: $? = 127
configure: failed program was:
| /* confdefs.h */
| #define PACKAGE_NAME "blackbox"
| #define PACKAGE_TARNAME "blackbox"
| #define PACKAGE_VERSION "0.70.1"
| #define PACKAGE_STRING "blackbox 0.70.1"
| #define PACKAGE_BUGREPORT "http://blackboxwm.sourceforge.net"
| #define PACKAGE_URL ""
| #define PACKAGE "blackbox"
| #define VERSION "0.70.1"
| /* end confdefs.h.  */
| #ifdef __STDC__
| # include <limits.h>
| #else
| # include <assert.h>
| #endif
| 		     Syntax error
configure:4257: /lib/cpp  -I/usr/include -I/usr/local/include conftest.c
./configure: line 1630: /lib/cpp: No such file or directory
configure:4257: $? = 127
configure: failed program was:
| /* confdefs.h */
| #define PACKAGE_NAME "blackbox"
| #define PACKAGE_TARNAME "blackbox"
| #define PACKAGE_VERSION "0.70.1"
| #define PACKAGE_STRING "blackbox 0.70.1"
| #define PACKAGE_BUGREPORT "http://blackboxwm.sourceforge.net"
| #define PACKAGE_URL ""
| #define PACKAGE "blackbox"
| #define VERSION "0.70.1"
| /* end confdefs.h.  */
| #ifdef __STDC__
| # include <limits.h>
| #else
| # include <assert.h>
| #endif
| 		     Syntax error
configure:4287: error: in `/tmp/blackbox/src/blackbox-0.70.1':
configure:4289: error: C preprocessor "/lib/cpp" fails sanity check
See `config.log' for more details

## ---------------- ##
## Cache variables. ##
## ---------------- ##

ac_cv_c_compiler_gnu=yes
ac_cv_env_CCC_set=
ac_cv_env_CCC_value=
ac_cv_env_CC_set=set
ac_cv_env_CC_value=arm-linux-androideabi-gcc
ac_cv_env_CFLAGS_set=set
ac_cv_env_CFLAGS_value=
ac_cv_env_CPPFLAGS_set=set
ac_cv_env_CPPFLAGS_value=
ac_cv_env_CPP_set=
ac_cv_env_CPP_value=
ac_cv_env_CXXCPP_set=
ac_cv_env_CXXCPP_value=
ac_cv_env_CXXFLAGS_set=set
ac_cv_env_CXXFLAGS_value=
ac_cv_env_CXX_set=set
ac_cv_env_CXX_value=arm-linux-androideabi-g++
ac_cv_env_LDFLAGS_set=set
ac_cv_env_LDFLAGS_value=
ac_cv_env_LIBS_set=
ac_cv_env_LIBS_value=
ac_cv_env_LT_SYS_LIBRARY_PATH_set=
ac_cv_env_LT_SYS_LIBRARY_PATH_value=
ac_cv_env_PKG_CONFIG_LIBDIR_set=
ac_cv_env_PKG_CONFIG_LIBDIR_value=
ac_cv_env_PKG_CONFIG_PATH_set=
ac_cv_env_PKG_CONFIG_PATH_value=
ac_cv_env_PKG_CONFIG_set=
ac_cv_env_PKG_CONFIG_value=
ac_cv_env_XMKMF_set=
ac_cv_env_XMKMF_value=
ac_cv_env_build_alias_set=
ac_cv_env_build_alias_value=
ac_cv_env_host_alias_set=set
ac_cv_env_host_alias_value=x86_64-unknown-linux
ac_cv_env_target_alias_set=
ac_cv_env_target_alias_value=
ac_cv_env_xft_CFLAGS_set=
ac_cv_env_xft_CFLAGS_value=
ac_cv_env_xft_LIBS_set=
ac_cv_env_xft_LIBS_value=
ac_cv_objext=o
ac_cv_path_install='/usr/bin/install -c'
ac_cv_path_mkdir=/usr/sbin/mkdir
ac_cv_prog_AWK=gawk
ac_cv_prog_CC=arm-linux-androideabi-gcc
ac_cv_prog_CPP=/lib/cpp
ac_cv_prog_ac_ct_STRIP=strip
ac_cv_prog_cc_c89=no
ac_cv_prog_cc_g=yes
ac_cv_prog_make_make_set=yes
am_cv_CC_dependencies_compiler_type=gcc3
am_cv_make_support_nested_variables=yes
am_cv_prog_cc_c_o=yes

## ----------------- ##
## Output variables. ##
## ----------------- ##

ACLOCAL='${SHELL} /tmp/blackbox/src/blackbox-0.70.1/missing aclocal-1.15'
AMDEPBACKSLASH='\'
AMDEP_FALSE='#'
AMDEP_TRUE=''
AMTAR='$${TAR-tar}'
AM_BACKSLASH='\'
AM_DEFAULT_V='$(AM_DEFAULT_VERBOSITY)'
AM_DEFAULT_VERBOSITY='1'
AM_V='$(V)'
AR=''
AUTOCONF='${SHELL} /tmp/blackbox/src/blackbox-0.70.1/missing autoconf'
AUTOHEADER='${SHELL} /tmp/blackbox/src/blackbox-0.70.1/missing autoheader'
AUTOMAKE='${SHELL} /tmp/blackbox/src/blackbox-0.70.1/missing automake-1.15'
AWK='gawk'
CC='arm-linux-androideabi-gcc'
CCDEPMODE='depmode=gcc3'
CFLAGS=''
CPP='/lib/cpp'
CPPFLAGS=' -I/usr/include -I/usr/local/include'
CXX='arm-linux-androideabi-g++'
CXXCPP=''
CXXDEPMODE=''
CXXFLAGS=''
CYGPATH_W='echo'
DEBUG=''
DEFS=''
DEPDIR='.deps'
DLLTOOL=''
DSYMUTIL=''
DUMPBIN=''
ECHO_C=''
ECHO_N='-n'
ECHO_T=''
EGREP=''
EXEEXT=''
FGREP=''
GREP=''
ICONV=''
INSTALL_DATA='${INSTALL} -m 644'
INSTALL_PROGRAM='${INSTALL}'
INSTALL_SCRIPT='${INSTALL}'
INSTALL_STRIP_PROGRAM='$(install_sh) -c -s'
LD=''
LDFLAGS=' -L/usr/lib -L/usr/local/lib'
LIBOBJS=''
LIBS=''
LIBTOOL=''
LIBTOOL_DEPS=''
LIPO=''
LN_S=''
LOCALE=''
LTLIBOBJS=''
LT_SYS_LIBRARY_PATH=''
MAINT=''
MAINTAINER_MODE_FALSE=''
MAINTAINER_MODE_TRUE=''
MAKEINFO='${SHELL} /tmp/blackbox/src/blackbox-0.70.1/missing makeinfo'
MANIFEST_TOOL=''
MITSHM=''
MKDIR_P='/usr/sbin/mkdir -p'
NLS=''
NM=''
NMEDIT=''
OBJDUMP=''
OBJEXT='o'
OTOOL64=''
OTOOL=''
PACKAGE='blackbox'
PACKAGE_BUGREPORT='http://blackboxwm.sourceforge.net'
PACKAGE_NAME='blackbox'
PACKAGE_STRING='blackbox 0.70.1'
PACKAGE_TARNAME='blackbox'
PACKAGE_URL=''
PACKAGE_VERSION='0.70.1'
PATH_SEPARATOR=':'
PKG_CONFIG=''
PKG_CONFIG_LIBDIR=''
PKG_CONFIG_PATH=''
RANLIB=''
SED=''
SET_MAKE=''
SHAPE=''
SHELL='/bin/sh'
STRIP='strip'
VERSION='0.70.1'
XFT=''
XFT_PKGCONFIG=''
XMKMF=''
ac_ct_AR=''
ac_ct_CC=''
ac_ct_CXX=''
ac_ct_DUMPBIN=''
am__EXEEXT_FALSE=''
am__EXEEXT_TRUE=''
am__fastdepCC_FALSE='#'
am__fastdepCC_TRUE=''
am__fastdepCXX_FALSE=''
am__fastdepCXX_TRUE=''
am__include='include'
am__isrc=''
am__leading_dot='.'
am__nodep='_no'
am__quote=''
am__tar='$${TAR-tar} chof - "$$tardir"'
am__untar='$${TAR-tar} xf -'
bindir='${exec_prefix}/bin'
build=''
build_alias=''
build_cpu=''
build_os=''
build_vendor=''
datadir='${datarootdir}'
datarootdir='${prefix}/share'
docdir='${datarootdir}/doc/${PACKAGE_TARNAME}'
dvidir='${docdir}'
exec_prefix='NONE'
gencat_cmd=''
host='x86_64-unknown-linux'
host_alias='x86_64-unknown-linux'
host_cpu=''
host_os=''
host_vendor=''
htmldir='${docdir}'
includedir='${prefix}/include'
infodir='${datarootdir}/info'
install_sh='${SHELL} /tmp/blackbox/src/blackbox-0.70.1/install-sh'
libdir='${exec_prefix}/lib'
libexecdir='${exec_prefix}/libexec'
localedir='${datarootdir}/locale'
localstatedir='${prefix}/var'
mandir='/usr/share/man'
mkdir_p='$(MKDIR_P)'
oldincludedir='/usr/include'
pdfdir='${docdir}'
prefix='/usr'
program_transform_name='s,x,x,'
psdir='${docdir}'
regex_cmd=''
sbindir='${exec_prefix}/sbin'
sharedstatedir='${prefix}/com'
sysconfdir='${prefix}/etc'
target_alias=''
xft_CFLAGS=''
xft_LIBS=''

## ----------- ##
## confdefs.h. ##
## ----------- ##

/* confdefs.h */
#define PACKAGE_NAME "blackbox"
#define PACKAGE_TARNAME "blackbox"
#define PACKAGE_VERSION "0.70.1"
#define PACKAGE_STRING "blackbox 0.70.1"
#define PACKAGE_BUGREPORT "http://blackboxwm.sourceforge.net"
#define PACKAGE_URL ""
#define PACKAGE "blackbox"
#define VERSION "0.70.1"

configure: exit 1

===> Finished printing config.logs></pre></code>
        </body></html>
