        <html><head></head><body>
        <h1>Report for bup on toolchain
            <a href="index.html">android</a>
        </h1>
        <p>Return code: 5</p>
        <p>Time to run: 00:00:51</p>
        <p>Log output:</p>
        <code><pre><docker run --rm -v /tuscan_data --volumes-from tuscan_data -v /sources --volumes-from sources -v /var/cache/pacman/pkg --volumes-from pkg_cache_android -v logs:/logs make_package_container --sources-directory /sources --shared-directory /tuscan_data bup
:: Synchronizing package databases...
downloading repo.db...
downloading core.db...
downloading extra.db...
downloading community.db...
Found 1465 packages in cache
===> sudo -u tuscan makepkg --nobuild --syncdeps --skipinteg --skippgpcheck --skipchecksums --noconfirm --nocolor --log --noprogressbar --nocheck
==> Making package: bup 0.27-1 (Fri Nov 13 23:34:03 UTC 2015)
==> Checking runtime dependencies...
==> Installing missing dependencies...
resolving dependencies...
looking for conflicting packages...

Packages (9) fuse-2.9.4-1  perl-error-0.17024-1  python2-2.7.10-2  sqlite-3.9.2-1  git-2.6.2-1  par2cmdline-0.6.14-2  pylibacl-0.5.3-1  python2-fuse-0.2.1-5  python2-pyxattr-0.5.5-2

Total Download Size:     0.13 MiB
Total Installed Size:  102.90 MiB

:: Proceed with installation? [Y/n] 
:: Retrieving packages ...
downloading python2-fuse-0.2.1-5-x86_64.pkg.tar.xz...
downloading par2cmdline-0.6.14-2-x86_64.pkg.tar.xz...
downloading pylibacl-0.5.3-1-x86_64.pkg.tar.xz...
downloading python2-pyxattr-0.5.5-2-x86_64.pkg.tar.xz...
checking keyring...
checking package integrity...
loading package files...
checking for file conflicts...
checking available disk space...
installing fuse...
installing sqlite...
installing python2...
Optional dependencies for python2
    tk: for IDLE
    python2-setuptools
    python2-pip
installing python2-fuse...
installing par2cmdline...
installing pylibacl...
installing python2-pyxattr...
installing perl-error...
installing git...
Optional dependencies for git
    tk: gitk and git gui
    perl-libwww: git svn
    perl-term-readkey: git svn
    perl-mime-tools: git send-email
    perl-net-smtp-ssl: git send-email TLS support
    perl-authen-sasl: git send-email TLS support
    python2: various helper scripts [installed]
    subversion: git svn
    cvsps2: git cvsimport
    gnome-keyring: GNOME keyring credential helper
==> Checking buildtime dependencies...
==> Installing missing dependencies...
resolving dependencies...
looking for conflicting packages...

Packages (7) libyaml-0.1.6-1  ruby-2.2.3-1  ruby-hpricot-0.8.6-3  ruby-mustache-1.0.2-1  ruby-rdiscount-2.1.8-1  ruby-ronn-0.7.3-3  setconf-0.6.7-1

Total Download Size:    0.07 MiB
Total Installed Size:  22.08 MiB

:: Proceed with installation? [Y/n] 
:: Retrieving packages ...
downloading ruby-ronn-0.7.3-3-any.pkg.tar.xz...
checking keyring...
checking package integrity...
loading package files...
checking for file conflicts...
checking available disk space...
installing libyaml...
installing ruby...
The default location of gem installs is $HOME/.gem/ruby
Add the following line to your PATH if you plan to install using gem
$(ruby -rubygems -e "puts Gem.user_dir")/bin
If you want to install to the system wide location, you must either:
edit /etc/gemrc or run gem with the --no-user-install flag.
Optional dependencies for ruby
    ruby-docs: Ruby documentation
    tk: for Ruby/TK
installing ruby-hpricot...
installing ruby-rdiscount...
installing ruby-mustache...
installing ruby-ronn...
installing setconf...
==> Retrieving sources...
  -> Cloning bup git repo...
Cloning into bare repository '/sources/bup/bup'...
  -> Found avoid-using-pandoc.patch
==> WARNING: Skipping all source file integrity checks.
==> Extracting sources...
  -> Creating working copy of bup git repo...
Cloning into 'bup'...
done.
Switched to a new branch 'makepkg'
==> Starting prepare()...
patching file Documentation/Makefile
==> Sources are ready.
Copied source directory to /sources/bup
===> sudo -u tuscan PATH=/tmp/toolchain/bin:/usr/local/sbin:/usr/local/bin:/usr/sbin:/usr/bin:/sbin:/bin CC=arm-linux-androideabi-gcc CXX=arm-linux-androideabi-g++ SYSROOT=/build/android-ndk-r10e/platforms/android-21/arch-arm makepkg --noextract --syncdeps --skipinteg --skippgpcheck --skipchecksums --noconfirm --nocolor --log --noprogressbar --nocheck
==> Making package: bup 0.27-1 (Fri Nov 13 23:34:27 UTC 2015)
==> Checking runtime dependencies...
==> Checking buildtime dependencies...
==> WARNING: Using existing $srcdir/ tree
==> Starting build()...
make: Entering directory '/tmp/bup/src/bup'
ln -s main.py bup
cd config && make config.h
rm -f cmd/bup-mux
ln -s mux-cmd.py cmd/bup-mux
rm -f cmd/bup-ls
ln -s ls-cmd.py cmd/bup-ls
rm -f cmd/bup-drecurse
make[1]: Entering directory '/tmp/bup/src/bup/config'
MAKE=make ./configure
ln -s drecurse-cmd.py cmd/bup-drecurse
rm -f cmd/bup-cat-file
ln -s cat-file-cmd.py cmd/bup-cat-file
rm -f cmd/bup-newliner
ln -s newliner-cmd.py cmd/bup-newliner
rm -f cmd/bup-init
ln -s init-cmd.py cmd/bup-init
rm -f cmd/bup-daemon
ln -s daemon-cmd.py cmd/bup-daemon
rm -f cmd/bup-save
ln -s save-cmd.py cmd/bup-save
Configuring for [bup]
rm -f cmd/bup-list-idx
ln -s list-idx-cmd.py cmd/bup-list-idx
rm -f cmd/bup-split
ln -s split-cmd.py cmd/bup-split
rm -f cmd/bup-damage
ln -s damage-cmd.py cmd/bup-damage
rm -f cmd/bup-on
ln -s on-cmd.py cmd/bup-on
rm -f cmd/bup-join
ln -s join-cmd.py cmd/bup-join
rm -f cmd/bup-web
ln -s web-cmd.py cmd/bup-web
Looking for cpp (/usr/sbin/cpp)rm -f cmd/bup-xstat
ln -s xstat-cmd.py cmd/bup-xstat
rm -f cmd/bup-help
ln -s help-cmd.py cmd/bup-help
rm -f cmd/bup-midx
ln -s midx-cmd.py cmd/bup-midx
rm -f cmd/bup-tag
ln -s tag-cmd.py cmd/bup-tag
rm -f cmd/bup-restore
ln -s restore-cmd.py cmd/bup-restore
rm -f cmd/bup-import-duplicity
ln -s import-duplicity-cmd.py cmd/bup-import-duplicity
rm -f cmd/bup-version
ln -s version-cmd.py cmd/bup-version
rm -f cmd/bup-index
ln -s index-cmd.py cmd/bup-index
rm -f cmd/bup-margin
ln -s margin-cmd.py cmd/bup-margin
rm -f cmd/bup-memtest
ln -s memtest-cmd.py cmd/bup-memtest
rm -f cmd/bup-meta
ln -s meta-cmd.py cmd/bup-meta
rm -f cmd/bup-tick
ln -s tick-cmd.py cmd/bup-tick
rm -f cmd/bup-ftp
ln -s ftp-cmd.py cmd/bup-ftp
rm -f cmd/bup-fuse
ln -s fuse-cmd.py cmd/bup-fuse
rm -f cmd/bup-server
ln -s server-cmd.py cmd/bup-server
rm -f cmd/bup-random
ln -s random-cmd.py cmd/bup-random
 ok
rm -f cmd/bup-bloom
checking for installln -s bloom-cmd.py cmd/bup-bloom
rm -f cmd/bup-on--server
ln -s on--server-cmd.py cmd/bup-on--server
rm -f cmd/bup-fsck
ln -s fsck-cmd.py cmd/bup-fsck
rm -f cmd/bup-import-rsnapshot
 (/usr/sbin/install)
ln -s import-rsnapshot-cmd.sh cmd/bup-import-rsnapshot
rm -f cmd/bup-import-rdiff-backup
ln -s import-rdiff-backup-cmd.sh cmd/bup-import-rdiff-backup
t/configure-sampledata --setup
checking the C compiler (arm-linux-androideabi-gcc) ok
checking for make (make)
checking for python2 (/tmp/toolchain/bin/python2)
checking for git (/usr/sbin/git)
checking for header sys/stat.h (found)
checking for header sys/types.h (found)
checking for header unistd.h (found)
checking for header linux/fs.h (found)
checking for header sys/ioctl.h (found)
checking for the utimensat function (found)
checking for the utimes function (found)
checking for the lutimes function (not found)
checking that struct stat has a st_atim field (no)
checking that struct stat has a st_mtim field (no)
checking that struct stat has a st_ctim field (no)
checking that struct stat has a st_atimensec field (yes)
checking that struct stat has a st_mtimensec field (yes)
checking that struct stat has a st_ctimensec field (yes)
checking that struct tm has a tm_gmtoff field (yes)
looking for sed (/usr/sbin/sed)
generating config.vars
make[1]: Leaving directory '/tmp/bup/src/bup/config'
cd lib/bup && \
LDFLAGS="" CFLAGS="-D_FILE_OFFSET_BITS=64 -Wall -O2 -Werror -Wno-unknown-pragmas  " python2 csetup.py build
running build
running build_ext
building '_helpers' extension
creating build
creating build/temp.linux-x86_64-2.7
arm-linux-androideabi-gcc -DNDEBUG -fwrapv -O3 -Wall -Wstrict-prototypes -D_FILE_OFFSET_BITS=64 -Wall -O2 -Werror -Wno-unknown-pragmas -fPIC -I/tmp/toolchain/include/python2.7 -c _helpers.c -o build/temp.linux-x86_64-2.7/_helpers.o
In file included from /tmp/toolchain/include/python2.7/Python.h:58:0,
                 from _helpers.c:8:
/tmp/toolchain/include/python2.7/pyport.h:1029:2: error: #error "LONG_BIT definition appears wrong for platform (bad gcc/glibc config?)."
 #error "LONG_BIT definition appears wrong for platform (bad gcc/glibc config?)."
  ^
_helpers.c: In function 'stat_struct_to_py':
_helpers.c:1217:36: error: 'const struct stat' has no member named 'st_atimespec'
 # define BUP_STAT_ATIME_NS(st) (st)->st_atimespec.tv_nsec
                                    ^
_helpers.c:1248:33: note: in expansion of macro 'BUP_STAT_ATIME_NS'
                          (long) BUP_STAT_ATIME_NS(st),
                                 ^
_helpers.c:1218:36: error: 'const struct stat' has no member named 'st_mtimespec'
 # define BUP_STAT_MTIME_NS(st) (st)->st_mtimespec.tv_nsec
                                    ^
_helpers.c:1250:33: note: in expansion of macro 'BUP_STAT_MTIME_NS'
                          (long) BUP_STAT_MTIME_NS(st),
                                 ^
_helpers.c:1219:36: error: 'const struct stat' has no member named 'st_ctimespec'
 # define BUP_STAT_CTIME_NS(st) (st)->st_ctimespec.tv_nsec
                                    ^
_helpers.c:1252:33: note: in expansion of macro 'BUP_STAT_CTIME_NS'
                          (long) BUP_STAT_CTIME_NS(st));
                                 ^
_helpers.c:1253:1: error: control reaches end of non-void function [-Werror=return-type]
 }
 ^
cc1: all warnings being treated as errors
error: command 'arm-linux-androideabi-gcc' failed with exit status 1
Makefile:81: recipe for target 'lib/bup/_helpers.so' failed
make: *** [lib/bup/_helpers.so] Error 1
make: Leaving directory '/tmp/bup/src/bup'
==> ERROR: A failure occurred in build().
    Aborting...
===> Printing config.logs
found log at /tmp/bup/src/bup/config/config.log
____
File /tmp/bup/src/bup/config/config.log
[echo -n] works
Configuring for [bup]
Looking for cpp
CPP=[/usr/sbin/cpp], CPPFLAGS=[]
checking for install
 (/usr/sbin/install)
checking out the C compiler
validating CFLAGS=-D_FILE_OFFSET_BITS=64 -Wall -O2 -Werror -Wno-unknown-pragmas  
/tmp/ngc406.c:2:1: error: return type defaults to 'int' [-Werror=return-type]
 main()
 ^
/tmp/ngc406.c: In function 'main':
/tmp/ngc406.c:5:1: error: control reaches end of non-void function [-Werror=return-type]
 }
 ^
cc1: all warnings being treated as errors
ignoring bogus CFLAGS="-D_FILE_OFFSET_BITS=64 -Wall -O2 -Werror -Wno-unknown-pragmas  "
GNU Make 4.1
1
checking for header sys/stat.h
checking for header sys/types.h
checking for header unistd.h
checking for header linux/fs.h
checking for header sys/ioctl.h
checking for the utimensat function
checking for the utimes function
checking for the lutimes function
/tmp/cczGGcpl.o:ngc406.c:function main: error: undefined reference to 'lutimes'
collect2: error: ld returned 1 exit status
offending command was:
main()
{

    lutimes();
}
arm-linux-androideabi-gcc -o /tmp/ngc406 /tmp/ngc406.c 
checking that struct stat has a st_atim field
checking that struct stat has a st_mtim field
checking that struct stat has a st_ctim field
checking that struct stat has a st_atimensec field
checking that struct stat has a st_mtimensec field
checking that struct stat has a st_ctimensec field
checking that struct tm has a tm_gmtoff field
sed is /usr/sbin/sed
generating config.vars
stat' has no member named 'st_ctim'
     foo.st_ctim;
        ^

===> Finished printing config.logs></pre></code>
        </body></html>
