<!DOCTYPE html>
<html>
<!-- Jinja template for reports of individual builds

  Copyright 2016 Kareem Khazem. All Rights Reserved.
  Licensed under the Apache License, Version 2.0 (the "License");
  you may not use this file except in compliance with the License.
  You may obtain a copy of the License at

 		 http://www.apache.org/licenses/LICENSE-2.0

  Unless required by applicable law or agreed to in writing, software
  distributed under the License is distributed on an "AS IS" BASIS,
  WITHOUT WARRANTIES OR CONDITIONS OF ANY KIND, either express or
  implied.
  See the License for the specific language governing permissions and
  limitations under the License.
-->
  <head>
    <meta charset="UTF-8">
    <title>android/ebtables</title>
    <link href='https://fonts.googleapis.com/css?family=Roboto:400,900'
          rel='stylesheet' type='text/css'>
    <link
    href='https://fonts.googleapis.com/css?family=Source+Code+Pro:400,700'
          rel='stylesheet' type='text/css'>
    <link href="../style.css" type="text/css" rel="stylesheet">
  </head>
  <body>
    <h1>Build of ebtables
        with <a href="../index.html">android</a>
        toolchain</h1>
    <p>The build took 00h 00m 39s and was
    NOT successful.
    
    <p>This build attempted to bypass our toolchain by invoking native
    tools; we intercepted these invocations and sent them to our
    toolchain. The frequency of each native tool invocation is given
    here:</p>
    <table>
      <tr><th>tool</th><th>frequency</th></tr>
      
      <tr><td><code>gcc</code></td><td>2</td></tr>
      
    </table>
    
    </p>
    
    
    
    <h2>List of Errors</h2>
    <ul>
      
      <li>compile_error
        <ul>
          
          <li><a href="#14">include/ethernetdb.h:41:46: error: expected declaration specifiers before '__THROW'</a></li>
          
          <li><a href="#17">include/ethernetdb.h:44:35: error: expected '=', ',', ';', 'asm' or '__attribute__' before '__THROW'</a></li>
          
          <li><a href="#20">include/ethernetdb.h:48:51: error: expected '=', ',', ';', 'asm' or '__attribute__' before '__THROW'</a></li>
          
          <li><a href="#23">include/ethernetdb.h:52:5: error: expected '=', ',', ';', 'asm' or '__attribute__' before '__THROW'</a></li>
          
          <li><a href="#26">include/ethernetdb.h:55:67: error: expected '=', ',', ';', 'asm' or '__attribute__' before '__THROW'</a></li>
          
          <li><a href="#29">getethertype.c:50:14: error: storage class specified for parameter 'etherf'</a></li>
          
          <li><a href="#32">getethertype.c:50:1: error: parameter 'etherf' is initialized</a></li>
          
          <li><a href="#35">getethertype.c:51:13: error: storage class specified for parameter 'line'</a></li>
          
          <li><a href="#38">getethertype.c:52:28: error: storage class specified for parameter 'et_ent'</a></li>
          
          <li><a href="#41">getethertype.c:53:14: error: storage class specified for parameter 'ethertype_aliases'</a></li>
          
          <li><a href="#44">getethertype.c:54:12: error: storage class specified for parameter 'ethertype_stayopen'</a></li>
          
          <li><a href="#47">getethertype.c:57:1: error: expected '=', ',', ';', 'asm' or '__attribute__' before '{' token</a></li>
          
          <li><a href="#50">getethertype.c:66:1: error: expected '=', ',', ';', 'asm' or '__attribute__' before '{' token</a></li>
          
          <li><a href="#53">getethertype.c:75:1: error: expected '=', ',', ';', 'asm' or '__attribute__' before '{' token</a></li>
          
          <li><a href="#56">getethertype.c:132:1: error: expected '=', ',', ';', 'asm' or '__attribute__' before '{' token</a></li>
          
          <li><a href="#59">getethertype.c:151:1: error: expected '=', ',', ';', 'asm' or '__attribute__' before '{' token</a></li>
          
          <li><a href="#63">include/ethernetdb.h:41:13: error: old-style parameter declarations in prototyped function definition</a></li>
          
          <li><a href="#66">getethertype.c:161:1: error: expected '{' at end of input</a></li>
          
        </ul>
      </li>
      
    </ul>
    
    <h2>Log</h2>
    
      <div class="block">
        <div class="info">
          <code>Found permanent source directory in /sources/ebtables</code>
        </div>
        
      </div>
      <br />
    
      <div class="block">
        <div class="info">
          <code>Removed vanilla repositories from pacman.conf and added:</code>
        </div>
        
          <div class="output">
            
            <a class="navhash" href="#1">#</a>
						
              <code id="1">[tuscan]</code><br />
						
            
            <a class="navhash" href="#2">#</a>
						
              <code id="2">Server = file:///var/cache/pacman/pkg/</code><br />
						
            
          </div>
        
      </div>
      <br />
    
      <div class="block">
        <div class="command">
          <code><span class="prompt">CMD: </span>pacman -Syy --noconfirm</code>
        </div>
        
          <div class="output">
            
            <a class="navhash" href="#3">#</a>
						
              <code id="3">:: Synchronizing package databases...</code><br />
						
            
            <a class="navhash" href="#4">#</a>
						
              <code id="4">downloading tuscan.db...</code><br />
						
            
          </div>
        
      </div>
      <br />
    
      <div class="block">
        <div class="command">
          <code><span class="prompt">CMD: </span>sudo -u tuscan PATH=/toolchain_root/bin:/usr/local/sbin:/usr/local/bin:/usr/sbin:/usr/bin:/sbin:/bin CC=arm-linux-androideabi-gcc CXX=arm-linux-androideabi-g++ SYSROOT=/build/android-ndk-r10e/platforms/android-21/arch-arm LIBRARY_PATH=/toolchain_root/usr/lib CPATH=/toolchain_root/usr/include bear makepkg --noextract --syncdeps --skipinteg --skippgpcheck --skipchecksums --noconfirm --nocolor --log --noprogressbar --nocheck</code>
        </div>
        
          <div class="output">
            
            <a class="navhash" href="#5">#</a>
						
              <code id="5">==> Making package: ebtables 2.0.10_4-6 (Tue Jun 14 05:30:13 UTC 2016)</code><br />
						
            
            <a class="navhash" href="#6">#</a>
						
              <code id="6">==> Checking runtime dependencies...</code><br />
						
            
            <a class="navhash" href="#7">#</a>
						
              <code id="7">==> Checking buildtime dependencies...</code><br />
						
            
            <a class="navhash" href="#8">#</a>
						
              <code id="8">==> WARNING: Using existing $srcdir/ tree</code><br />
						
            
            <a class="navhash" href="#9">#</a>
						
              <code id="9">==> Starting build()...</code><br />
						
            
            <a class="navhash" href="#10">#</a>
						
              <code id="10">gcc -Wunused -Wall -Werror -Wno-error=unused-but-set-variable -fPIC -O3 -DPROGVERSION=\"2.0.10-4\" -DPROGNAME=\"ebtables\" -DPROGDATE=\"December\ 2011\" -D_PATH_ETHERTYPES=\"/etc/ethertypes\" -DEBTD_ARGC_MAX=50 -DEBTD_CMDLINE_MAXLN=2048 -DLOCKFILE=\"/var/lib/ebtables/lock\" -DLOCKDIR=\"/var/lib/ebtables/\" -c -o getethertype.o getethertype.c -Iinclude/</code><br />
						
            
            <a class="navhash" href="#11">#</a>
						
              <code id="11">gcc -Wunused -Wall -Werror -Wno-error=unused-but-set-variable -fPIC -O3 -DPROGVERSION=\"2.0.10-4\" -DPROGNAME=\"ebtables\" -DPROGDATE=\"December\ 2011\" -D_PATH_ETHERTYPES=\"/etc/ethertypes\" -DEBTD_ARGC_MAX=50 -DEBTD_CMDLINE_MAXLN=2048 -DLOCKFILE=\"/var/lib/ebtables/lock\" -DLOCKDIR=\"/var/lib/ebtables/\" -c -o communication.o communication.c -Iinclude/</code><br />
						
            
            <a class="navhash" href="#12">#</a>
						
              <code id="12">In file included from getethertype.c:46:0:</code><br />
						
            
            <a class="navhash" href="#13">#</a>
						
              <code id="13">include/ethernetdb.h: In function 'setethertypeent':</code><br />
						
            
            <a class="navhash" href="#14">#</a>
						<span class="error">
              <code id="14">include/ethernetdb.h:41:46: error: expected declaration specifiers before '__THROW'</code><br />
						</span>
            
            <a class="navhash" href="#15">#</a>
						
              <code id="15"> extern void setethertypeent(int __stay_open) __THROW;</code><br />
						
            
            <a class="navhash" href="#16">#</a>
						
              <code id="16">                                              ^</code><br />
						
            
            <a class="navhash" href="#17">#</a>
						<span class="error">
              <code id="17">include/ethernetdb.h:44:35: error: expected '=', ',', ';', 'asm' or '__attribute__' before '__THROW'</code><br />
						</span>
            
            <a class="navhash" href="#18">#</a>
						
              <code id="18"> extern void endethertypeent(void) __THROW;</code><br />
						
            
            <a class="navhash" href="#19">#</a>
						
              <code id="19">                                   ^</code><br />
						
            
            <a class="navhash" href="#20">#</a>
						<span class="error">
              <code id="20">include/ethernetdb.h:48:51: error: expected '=', ',', ';', 'asm' or '__attribute__' before '__THROW'</code><br />
						</span>
            
            <a class="navhash" href="#21">#</a>
						
              <code id="21"> extern struct ethertypeent *getethertypeent(void) __THROW;</code><br />
						
            
            <a class="navhash" href="#22">#</a>
						
              <code id="22">                                                   ^</code><br />
						
            
            <a class="navhash" href="#23">#</a>
						<span class="error">
              <code id="23">include/ethernetdb.h:52:5: error: expected '=', ',', ';', 'asm' or '__attribute__' before '__THROW'</code><br />
						</span>
            
            <a class="navhash" href="#24">#</a>
						
              <code id="24">     __THROW;</code><br />
						
            
            <a class="navhash" href="#25">#</a>
						
              <code id="25">     ^</code><br />
						
            
            <a class="navhash" href="#26">#</a>
						<span class="error">
              <code id="26">include/ethernetdb.h:55:67: error: expected '=', ',', ';', 'asm' or '__attribute__' before '__THROW'</code><br />
						</span>
            
            <a class="navhash" href="#27">#</a>
						
              <code id="27"> extern struct ethertypeent *getethertypebynumber(int __ethertype) __THROW;</code><br />
						
            
            <a class="navhash" href="#28">#</a>
						
              <code id="28">                                                                   ^</code><br />
						
            
            <a class="navhash" href="#29">#</a>
						<span class="error">
              <code id="29">getethertype.c:50:14: error: storage class specified for parameter 'etherf'</code><br />
						</span>
            
            <a class="navhash" href="#30">#</a>
						
              <code id="30"> static FILE *etherf = NULL;</code><br />
						
            
            <a class="navhash" href="#31">#</a>
						
              <code id="31">              ^</code><br />
						
            
            <a class="navhash" href="#32">#</a>
						<span class="error">
              <code id="32">getethertype.c:50:1: error: parameter 'etherf' is initialized</code><br />
						</span>
            
            <a class="navhash" href="#33">#</a>
						
              <code id="33"> static FILE *etherf = NULL;</code><br />
						
            
            <a class="navhash" href="#34">#</a>
						
              <code id="34"> ^</code><br />
						
            
            <a class="navhash" href="#35">#</a>
						<span class="error">
              <code id="35">getethertype.c:51:13: error: storage class specified for parameter 'line'</code><br />
						</span>
            
            <a class="navhash" href="#36">#</a>
						
              <code id="36"> static char line[BUFSIZ + 1];</code><br />
						
            
            <a class="navhash" href="#37">#</a>
						
              <code id="37">             ^</code><br />
						
            
            <a class="navhash" href="#38">#</a>
						<span class="error">
              <code id="38">getethertype.c:52:28: error: storage class specified for parameter 'et_ent'</code><br />
						</span>
            
            <a class="navhash" href="#39">#</a>
						
              <code id="39"> static struct ethertypeent et_ent;</code><br />
						
            
            <a class="navhash" href="#40">#</a>
						
              <code id="40">                            ^</code><br />
						
            
            <a class="navhash" href="#41">#</a>
						<span class="error">
              <code id="41">getethertype.c:53:14: error: storage class specified for parameter 'ethertype_aliases'</code><br />
						</span>
            
            <a class="navhash" href="#42">#</a>
						
              <code id="42"> static char *ethertype_aliases[MAXALIASES];</code><br />
						
            
            <a class="navhash" href="#43">#</a>
						
              <code id="43">              ^</code><br />
						
            
            <a class="navhash" href="#44">#</a>
						<span class="error">
              <code id="44">getethertype.c:54:12: error: storage class specified for parameter 'ethertype_stayopen'</code><br />
						</span>
            
            <a class="navhash" href="#45">#</a>
						
              <code id="45"> static int ethertype_stayopen;</code><br />
						
            
            <a class="navhash" href="#46">#</a>
						
              <code id="46">            ^</code><br />
						
            
            <a class="navhash" href="#47">#</a>
						<span class="error">
              <code id="47">getethertype.c:57:1: error: expected '=', ',', ';', 'asm' or '__attribute__' before '{' token</code><br />
						</span>
            
            <a class="navhash" href="#48">#</a>
						
              <code id="48"> {</code><br />
						
            
            <a class="navhash" href="#49">#</a>
						
              <code id="49"> ^</code><br />
						
            
            <a class="navhash" href="#50">#</a>
						<span class="error">
              <code id="50">getethertype.c:66:1: error: expected '=', ',', ';', 'asm' or '__attribute__' before '{' token</code><br />
						</span>
            
            <a class="navhash" href="#51">#</a>
						
              <code id="51"> {</code><br />
						
            
            <a class="navhash" href="#52">#</a>
						
              <code id="52"> ^</code><br />
						
            
            <a class="navhash" href="#53">#</a>
						<span class="error">
              <code id="53">getethertype.c:75:1: error: expected '=', ',', ';', 'asm' or '__attribute__' before '{' token</code><br />
						</span>
            
            <a class="navhash" href="#54">#</a>
						
              <code id="54"> {</code><br />
						
            
            <a class="navhash" href="#55">#</a>
						
              <code id="55"> ^</code><br />
						
            
            <a class="navhash" href="#56">#</a>
						<span class="error">
              <code id="56">getethertype.c:132:1: error: expected '=', ',', ';', 'asm' or '__attribute__' before '{' token</code><br />
						</span>
            
            <a class="navhash" href="#57">#</a>
						
              <code id="57"> {</code><br />
						
            
            <a class="navhash" href="#58">#</a>
						
              <code id="58"> ^</code><br />
						
            
            <a class="navhash" href="#59">#</a>
						<span class="error">
              <code id="59">getethertype.c:151:1: error: expected '=', ',', ';', 'asm' or '__attribute__' before '{' token</code><br />
						</span>
            
            <a class="navhash" href="#60">#</a>
						
              <code id="60"> {</code><br />
						
            
            <a class="navhash" href="#61">#</a>
						
              <code id="61"> ^</code><br />
						
            
            <a class="navhash" href="#62">#</a>
						
              <code id="62">In file included from getethertype.c:46:0:</code><br />
						
            
            <a class="navhash" href="#63">#</a>
						<span class="error">
              <code id="63">include/ethernetdb.h:41:13: error: old-style parameter declarations in prototyped function definition</code><br />
						</span>
            
            <a class="navhash" href="#64">#</a>
						
              <code id="64"> extern void setethertypeent(int __stay_open) __THROW;</code><br />
						
            
            <a class="navhash" href="#65">#</a>
						
              <code id="65">             ^</code><br />
						
            
            <a class="navhash" href="#66">#</a>
						<span class="error">
              <code id="66">getethertype.c:161:1: error: expected '{' at end of input</code><br />
						</span>
            
            <a class="navhash" href="#67">#</a>
						
              <code id="67"> }</code><br />
						
            
            <a class="navhash" href="#68">#</a>
						
              <code id="68"> ^</code><br />
						
            
            <a class="navhash" href="#69">#</a>
						
              <code id="69">Makefile:81: recipe for target 'getethertype.o' failed</code><br />
						
            
            <a class="navhash" href="#70">#</a>
						
              <code id="70">make: *** [getethertype.o] Error 1</code><br />
						
            
            <a class="navhash" href="#71">#</a>
						
              <code id="71">make: *** Waiting for unfinished jobs....</code><br />
						
            
            <a class="navhash" href="#72">#</a>
						
              <code id="72">communication.c: In function 'store_counters_in_file':</code><br />
						
            
            <a class="navhash" href="#73">#</a>
						
              <code id="73">communication.c:259:58: warning: variable 'ret' set but not used [-Wunused-but-set-variable]</code><br />
						
            
            <a class="navhash" href="#74">#</a>
						
              <code id="74">  int size = repl->nentries * sizeof(struct ebt_counter), ret = 0;</code><br />
						
            
            <a class="navhash" href="#75">#</a>
						
              <code id="75">                                                          ^</code><br />
						
            
            <a class="navhash" href="#76">#</a>
						
              <code id="76">==> ERROR: A failure occurred in build().</code><br />
						
            
            <a class="navhash" href="#77">#</a>
						
              <code id="77">    Aborting...</code><br />
						
            
          </div>
        
      </div>
      <br />
    
      <div class="block">
        <div class="info">
          <code>Printing config.logs</code>
        </div>
        
      </div>
      <br />
    
  </body>
</html>