        <html><head></head><body>
        <h1>Report for envoy on toolchain
            <a href="index.html">android</a>
        </h1>
        <p>Return code: 5</p>
        <p>Time to run: 00:00:35</p>
        <p>Log output:</p>
        <code><pre><docker run --rm -v /tuscan_data --volumes-from tuscan_data -v /sources --volumes-from sources -v /var/cache/pacman/pkg --volumes-from pkg_cache_android -v logs:/logs make_package_container --sources-directory /sources --shared-directory /tuscan_data envoy
:: Synchronizing package databases...
downloading repo.db...
downloading core.db...
downloading extra.db...
downloading community.db...
Found 1690 packages in cache
===> sudo -u tuscan makepkg --nobuild --syncdeps --skipinteg --skippgpcheck --skipchecksums --noconfirm --nocolor --log --noprogressbar --nocheck
==> Making package: envoy 14-1 (Fri Nov 13 23:44:58 UTC 2015)
==> Checking runtime dependencies...
==> Installing missing dependencies...
resolving dependencies...
looking for conflicting packages...

Packages (4) dnssec-anchors-20150403-1  ldns-1.6.17-3  libedit-20150325_3.1-2  openssh-7.1p1-1

Total Installed Size:  6.21 MiB

:: Proceed with installation? [Y/n] 
checking keyring...
checking package integrity...
loading package files...
checking for file conflicts...
checking available disk space...
installing libedit...
installing dnssec-anchors...
installing ldns...
Optional dependencies for ldns
    libpcap: ldns-dpa tool
installing openssh...
Optional dependencies for openssh
    xorg-xauth: X11 forwarding
    x11-ssh-askpass: input passphrase in X
==> Checking buildtime dependencies...
==> Installing missing dependencies...
resolving dependencies...
looking for conflicting packages...

Packages (1) ragel-6.9-1

Total Download Size:   0.45 MiB
Total Installed Size:  2.09 MiB

:: Proceed with installation? [Y/n] 
:: Retrieving packages ...
downloading ragel-6.9-1-x86_64.pkg.tar.xz...
checking keyring...
checking package integrity...
loading package files...
checking for file conflicts...
checking available disk space...
installing ragel...
==> Retrieving sources...
  -> Downloading envoy-14.tar.gz...
==> WARNING: Skipping all source file integrity checks.
==> Extracting sources...
  -> Extracting envoy-14.tar.gz with bsdtar
==> Sources are ready.
Copied source directory to /sources/envoy
===> sudo -u tuscan PATH=/tmp/toolchain/bin:/usr/local/sbin:/usr/local/bin:/usr/sbin:/usr/bin:/sbin:/bin CC=arm-linux-androideabi-gcc CXX=arm-linux-androideabi-g++ SYSROOT=/build/android-ndk-r10e/platforms/android-21/arch-arm makepkg --noextract --syncdeps --skipinteg --skippgpcheck --skipchecksums --noconfirm --nocolor --log --noprogressbar --nocheck
==> Making package: envoy 14-1 (Fri Nov 13 23:45:06 UTC 2015)
==> Checking runtime dependencies...
==> Checking buildtime dependencies...
==> WARNING: Using existing $srcdir/ tree
==> Starting build()...
make: Entering directory '/tmp/envoy/src/envoy-14'
arm-linux-androideabi-gcc -std=c11 -g -Wall -Wextra -pedantic -Wshadow -Wpointer-arith -Wcast-qual -Wstrict-prototypes -Wmissing-prototypes -D_GNU_SOURCE -DENVOY_VERSION=\"v14\"  -I/usr/include/dbus-1.0 -I/usr/lib/dbus-1.0/include   -c -o envoyd.o src/envoyd.c
arm-linux-androideabi-gcc -std=c11 -g -Wall -Wextra -pedantic -Wshadow -Wpointer-arith -Wcast-qual -Wstrict-prototypes -Wmissing-prototypes -D_GNU_SOURCE -DENVOY_VERSION=\"v14\"  -I/usr/include/dbus-1.0 -I/usr/lib/dbus-1.0/include   -c -o dbus.o src/dbus.c
src/envoyd.c:34:31: fatal error: systemd/sd-daemon.h: No such file or directory
 #include <systemd/sd-daemon.h>
                               ^
compilation terminated.
<builtin>: recipe for target 'envoyd.o' failed
make: *** [envoyd.o] Error 1
make: *** Waiting for unfinished jobs....
src/dbus.c: In function 'dbus_err':
src/dbus.c:42:29: error: 'program_invocation_short_name' undeclared (first use in this function)
     fprintf(stderr, "%s: ", program_invocation_short_name);
                             ^
src/dbus.c:42:29: note: each undeclared identifier is reported only once for each function it appears in
<builtin>: recipe for target 'dbus.o' failed
make: *** [dbus.o] Error 1
make: Leaving directory '/tmp/envoy/src/envoy-14'
==> ERROR: A failure occurred in build().
    Aborting...
===> Printing config.logs
===> Finished printing config.logs></pre></code>
        </body></html>
