        <html><head></head><body>
        <h1>Report for facter on toolchain
            <a href="index.html">android</a>
        </h1>
        <p>Return code: 5</p>
        <p>Time to run: 00:01:38</p>
        <p>Log output:</p>
        <code><pre><docker run --rm -v /tuscan_data --volumes-from tuscan_data -v /sources --volumes-from sources -v /var/cache/pacman/pkg --volumes-from pkg_cache_android -v logs:/logs make_package_container --sources-directory /sources --shared-directory /tuscan_data facter
:: Synchronizing package databases...
downloading repo.db...
downloading core.db...
downloading extra.db...
downloading community.db...
Found 2760 packages in cache
===> sudo -u tuscan makepkg --nobuild --syncdeps --skipinteg --skippgpcheck --skipchecksums --noconfirm --nocolor --log --noprogressbar --nocheck
==> Making package: facter 3.1.0-2 (Sat Nov 14 01:01:09 UTC 2015)
==> Checking runtime dependencies...
==> Installing missing dependencies...
resolving dependencies...
looking for conflicting packages...

Packages (5) icu-56.1-1  libyaml-0.1.6-1  boost-libs-1.59.0-3  ruby-2.2.3-1  yaml-cpp-0.5.2-2

Total Installed Size:  65.05 MiB

:: Proceed with installation? [Y/n] 
checking keyring...
checking package integrity...
loading package files...
checking for file conflicts...
checking available disk space...
installing libyaml...
installing ruby...
The default location of gem installs is $HOME/.gem/ruby
Add the following line to your PATH if you plan to install using gem
$(ruby -rubygems -e "puts Gem.user_dir")/bin
If you want to install to the system wide location, you must either:
edit /etc/gemrc or run gem with the --no-user-install flag.
Optional dependencies for ruby
    ruby-docs: Ruby documentation
    tk: for Ruby/TK
installing yaml-cpp...
installing icu...
installing boost-libs...
Optional dependencies for boost-libs
    openmpi: for mpi support
==> Checking buildtime dependencies...
==> Installing missing dependencies...
resolving dependencies...
looking for conflicting packages...

Packages (5) jsoncpp-1.6.5-1  libxml2-2.9.2-2  shared-mime-info-1.5-1  boost-1.59.0-3  cmake-3.3.2-3

Total Installed Size:  183.55 MiB

:: Proceed with installation? [Y/n] 
checking keyring...
checking package integrity...
loading package files...
checking for file conflicts...
checking available disk space...
installing boost...
Optional dependencies for boost
    python: for python bindings [installed]
    python2: for python2 bindings
    boost-build: to use boost jam for building your project.
installing libxml2...
Optional dependencies for libxml2
    python2: python bindings to libxml
installing shared-mime-info...
installing jsoncpp...
installing cmake...
Optional dependencies for cmake
    qt5-base: cmake-gui
    libxkbcommon-x11: cmake-gui
==> Retrieving sources...
  -> Downloading facter-3.1.0.tar.gz...
==> WARNING: Skipping all source file integrity checks.
==> Extracting sources...
  -> Extracting facter-3.1.0.tar.gz with bsdtar
==> Sources are ready.
Copied source directory to /sources/facter
===> sudo -u tuscan PATH=/tmp/toolchain/bin:/usr/local/sbin:/usr/local/bin:/usr/sbin:/usr/bin:/sbin:/bin CC=arm-linux-androideabi-gcc CXX=arm-linux-androideabi-g++ SYSROOT=/build/android-ndk-r10e/platforms/android-21/arch-arm makepkg --noextract --syncdeps --skipinteg --skippgpcheck --skipchecksums --noconfirm --nocolor --log --noprogressbar --nocheck
==> Making package: facter 3.1.0-2 (Sat Nov 14 01:01:43 UTC 2015)
==> Checking runtime dependencies...
==> Checking buildtime dependencies...
==> WARNING: Using existing $srcdir/ tree
==> Starting build()...
-- The C compiler identification is GNU 4.8.0
-- The CXX compiler identification is GNU 4.8.0
-- Check for working C compiler: /tmp/toolchain/bin/arm-linux-androideabi-gcc
-- Check for working C compiler: /tmp/toolchain/bin/arm-linux-androideabi-gcc -- works
-- Detecting C compiler ABI info
-- Detecting C compiler ABI info - done
-- Detecting C compile features
-- Detecting C compile features - done
-- Check for working CXX compiler: /tmp/toolchain/bin/arm-linux-androideabi-g++
-- Check for working CXX compiler: /tmp/toolchain/bin/arm-linux-androideabi-g++ -- works
-- Detecting CXX compiler ABI info
-- Detecting CXX compiler ABI info - done
-- Detecting CXX compile features
-- Detecting CXX compile features - done
-- Defaulting to a release build.
-- Boost version: 1.59.0
-- Found the following Boost libraries:
--   program_options
--   system
--   filesystem
--   date_time
--   regex
-- Found Ruby: /usr/sbin/ruby (found suitable version "2.2.0", minimum required is "1.9") 
-- Found YAMLCPP: /usr/lib/libyaml-cpp.so  
-- Found OPENSSL: /usr/lib/libcrypto.so  
-- Found BLKID: /usr/lib/libblkid.so.1  
-- Found CURL: /usr/lib/libcurl.so (found version "7.45.0") 
-- Could NOT find JNI (missing:  JAVA_AWT_LIBRARY JAVA_JVM_LIBRARY JAVA_INCLUDE_PATH JAVA_INCLUDE_PATH2 JAVA_AWT_INCLUDE_PATH) 
-- 
-- The following OPTIONAL packages have been found:

 * Ruby (required version >= 1.9)
 * OPENSSL , An open-source implementation of the SSL and TLS protocols , <https://www.openssl.org/>
   Enables SSH fingerprinting facts on POSIX systems.
 * BLKID , The library for the Linux blkid utility , <http://en.wikipedia.org/wiki/Util-linux>
   Enables the partitions fact on Linux.
 * CURL , A free and easy-to-use client-side URL transfer library , <http://curl.haxx.se/libcurl/>
   Enables facts that require HTTP.

-- The following REQUIRED packages have been found:

 * Boost (required version >= 1.54)
 * YAMLCPP , A YAML emitter and parser written in C++ , <https://code.google.com/p/yaml-cpp/>
   Enables support for outputting facts as YAML.

-- The following OPTIONAL packages have not been found:

 * JNI , Java Native Interface (JNI) is a programming framework that enables Java code running in a Java Virtual Machine (JVM) to call and be called by native applications.
   Enables JRuby support in Facter.

-- Boost version: 1.59.0
-- Boost version: 1.59.0
-- Boost version: 1.59.0
-- Found the following Boost libraries:
--   log
--   log_setup
--   thread
--   date_time
--   filesystem
--   system
--   chrono
--   regex
-- Looking for include file pthread.h
-- Looking for include file pthread.h - found
-- Looking for pthread_create
-- Looking for pthread_create - found
-- Found Threads: TRUE  
-- Boost version: 1.59.0
-- Found the following Boost libraries:
--   date_time
--   chrono
--   system
-- Boost version: 1.59.0
-- Found the following Boost libraries:
--   filesystem
--   system
-- Found PythonInterp: /tmp/toolchain/bin/python (found version "2.7.5") 
-- Performing Test COMPILER_HAS_HIDDEN_VISIBILITY
-- Performing Test COMPILER_HAS_HIDDEN_VISIBILITY - Success
-- Performing Test COMPILER_HAS_HIDDEN_INLINE_VISIBILITY
-- Performing Test COMPILER_HAS_HIDDEN_INLINE_VISIBILITY - Success
-- Performing Test COMPILER_HAS_DEPRECATED_ATTR
-- Performing Test COMPILER_HAS_DEPRECATED_ATTR - Failed
-- Performing Test COMPILER_HAS_DEPRECATED
-- Performing Test COMPILER_HAS_DEPRECATED - Failed
-- Ruby 2.2.0 found.
-- "make install" will install facter.rb to /usr/lib/ruby/vendor_ruby
-- Configuring done
-- Generating done
-- Build files have been written to: /tmp/facter/src/facter-3.1.0
Scanning dependencies of target leatherman_locale
Scanning dependencies of target leatherman_logging
[  0%] Building CXX object vendor/leatherman/logging/CMakeFiles/leatherman_logging.dir/src/logging.cc.o
[  0%] Building CXX object vendor/leatherman/locale/CMakeFiles/leatherman_locale.dir/src/posix/locale.cc.o
In file included from /tmp/facter/src/facter-3.1.0/vendor/leatherman/logging/src/logging.cc:1:0:
/tmp/facter/src/facter-3.1.0/vendor/leatherman/logging/inc/leatherman/logging/logging.hpp:14:30: fatal error: boost/log/core.hpp: No such file or directory
 #include <boost/log/core.hpp>
                              ^
compilation terminated.
vendor/leatherman/logging/CMakeFiles/leatherman_logging.dir/build.make:62: recipe for target 'vendor/leatherman/logging/CMakeFiles/leatherman_logging.dir/src/logging.cc.o' failed
make[2]: *** [vendor/leatherman/logging/CMakeFiles/leatherman_logging.dir/src/logging.cc.o] Error 1
CMakeFiles/Makefile2:303: recipe for target 'vendor/leatherman/logging/CMakeFiles/leatherman_logging.dir/all' failed
make[1]: *** [vendor/leatherman/logging/CMakeFiles/leatherman_logging.dir/all] Error 2
make[1]: *** Waiting for unfinished jobs....
[  1%] Linking CXX static library libleatherman_locale.a
[  1%] Built target leatherman_locale
Makefile:138: recipe for target 'all' failed
make: *** [all] Error 2
==> ERROR: A failure occurred in build().
    Aborting...
===> Printing config.logs
===> Finished printing config.logs></pre></code>
        </body></html>
