        <html><head></head><body>
        <h1>Report for garmindev on toolchain
            <a href="index.html">android</a>
        </h1>
        <p>Return code: 5</p>
        <p>Time to run: 00:00:43</p>
        <p>Log output:</p>
        <code><pre><docker run --rm -v /tuscan_data --volumes-from tuscan_data -v /sources --volumes-from sources -v /var/cache/pacman/pkg --volumes-from pkg_cache_android -v logs:/logs make_package_container --sources-directory /sources --shared-directory /tuscan_data garmindev
:: Synchronizing package databases...
downloading repo.db...
downloading core.db...
downloading extra.db...
downloading community.db...
Found 2115 packages in cache
===> sudo -u tuscan makepkg --nobuild --syncdeps --skipinteg --skippgpcheck --skipchecksums --noconfirm --nocolor --log --noprogressbar --nocheck
==> Making package: garmindev 0.3.4-7 (Sat Nov 14 00:01:53 UTC 2015)
==> Checking runtime dependencies...
==> Installing missing dependencies...
resolving dependencies...
looking for conflicting packages...

Packages (1) libusb-compat-0.1.5-1

Total Installed Size:  0.03 MiB

:: Proceed with installation? [Y/n] 
checking keyring...
checking package integrity...
loading package files...
checking for file conflicts...
checking available disk space...
installing libusb-compat...
==> Checking buildtime dependencies...
==> Installing missing dependencies...
resolving dependencies...
looking for conflicting packages...

Packages (4) jsoncpp-1.6.5-1  libxml2-2.9.2-2  shared-mime-info-1.5-1  cmake-3.3.2-3

Total Installed Size:  39.83 MiB

:: Proceed with installation? [Y/n] 
checking keyring...
checking package integrity...
loading package files...
checking for file conflicts...
checking available disk space...
installing libxml2...
Optional dependencies for libxml2
    python2: python bindings to libxml
installing shared-mime-info...
installing jsoncpp...
installing cmake...
Optional dependencies for cmake
    qt5-base: cmake-gui
    libxkbcommon-x11: cmake-gui
==> Retrieving sources...
  -> Downloading garmindev-0.3.4.tar.gz...
  -> Found 51-garmin.rules
==> WARNING: Skipping all source file integrity checks.
==> Extracting sources...
  -> Extracting garmindev-0.3.4.tar.gz with bsdtar
==> Sources are ready.
Copied source directory to /sources/garmindev
===> sudo -u tuscan PATH=/tmp/toolchain/bin:/usr/local/sbin:/usr/local/bin:/usr/sbin:/usr/bin:/sbin:/bin CC=arm-linux-androideabi-gcc CXX=arm-linux-androideabi-g++ SYSROOT=/build/android-ndk-r10e/platforms/android-21/arch-arm makepkg --noextract --syncdeps --skipinteg --skippgpcheck --skipchecksums --noconfirm --nocolor --log --noprogressbar --nocheck
==> Making package: garmindev 0.3.4-7 (Sat Nov 14 00:02:07 UTC 2015)
==> Checking runtime dependencies...
==> Checking buildtime dependencies...
==> WARNING: Using existing $srcdir/ tree
==> Starting build()...
-- The C compiler identification is GNU 4.8.0
-- The CXX compiler identification is GNU 4.8.0
-- Check for working C compiler: /tmp/toolchain/bin/arm-linux-androideabi-gcc
-- Check for working C compiler: /tmp/toolchain/bin/arm-linux-androideabi-gcc -- works
-- Detecting C compiler ABI info
-- Detecting C compiler ABI info - done
-- Detecting C compile features
-- Detecting C compile features - done
-- Check for working CXX compiler: /tmp/toolchain/bin/arm-linux-androideabi-g++
-- Check for working CXX compiler: /tmp/toolchain/bin/arm-linux-androideabi-g++ -- works
-- Detecting CXX compiler ABI info
-- Detecting CXX compiler ABI info - done
-- Detecting CXX compile features
-- Detecting CXX compile features - done
-- Performing Test WITH_FPIC
-- Performing Test WITH_FPIC - Success
-- GarminDev is used as APPLICATION_NAME
-- Looking for stdint.h
-- Looking for stdint.h - found
-- Looking for inttypes.h
-- Looking for inttypes.h - found
-- Looking for byteswap.h
-- Looking for byteswap.h - found
-- Check if the system is big endian
-- Searching 16 bit integer
-- Looking for sys/types.h
-- Looking for sys/types.h - found
-- Looking for stddef.h
-- Looking for stddef.h - found
-- Check size of unsigned short
-- Check size of unsigned short - done
-- Using unsigned short
-- Check if the system is big endian - little endian
-- Found LIBUSB: /usr/lib/libusb.so
 GPSMap60Cx
 GPSMap60
 EtrexVentureCx
 EtrexVistaCx
 GPSMap76CSx
 EtrexVentureHC
 EtrexSummitHC
 EtrexVistaHCx
 EtrexLegendHCx
 EtrexLegendCx
 GPSMap76Cx
 Quest
 GPSMap76S
 Rino120
 EtrexVistaC
 GPSMap60CS
 GPSMap60C
 GPSMap76CS
 EtrexVista
 EtrexClassic
 EtrexEuro
-- Configuring done
-- Generating done
-- Build files have been written to: /tmp/garmindev/src/garmindev-0.3.4/build
Scanning dependencies of target garmin
[  3%] Building CXX object src/CMakeFiles/garmin.dir/Garmin.cpp.o
[  7%] Building CXX object src/CMakeFiles/garmin.dir/IDeviceDefault.cpp.o
[ 10%] Building CXX object src/CMakeFiles/garmin.dir/ILink.cpp.o
[ 14%] Building CXX object src/CMakeFiles/garmin.dir/CUSB.cpp.o
In file included from /tmp/garmindev/src/garmindev-0.3.4/src/CUSB.cpp:22:0:
/tmp/garmindev/src/garmindev-0.3.4/src/CUSB.h:33:19: fatal error: usb.h: No such file or directory
 #  include <usb.h>
                   ^
compilation terminated.
src/CMakeFiles/garmin.dir/build.make:137: recipe for target 'src/CMakeFiles/garmin.dir/CUSB.cpp.o' failed
make[2]: *** [src/CMakeFiles/garmin.dir/CUSB.cpp.o] Error 1
make[2]: *** Waiting for unfinished jobs....
CMakeFiles/Makefile2:85: recipe for target 'src/CMakeFiles/garmin.dir/all' failed
make[1]: *** [src/CMakeFiles/garmin.dir/all] Error 2
Makefile:149: recipe for target 'all' failed
make: *** [all] Error 2
==> ERROR: A failure occurred in build().
    Aborting...
===> Printing config.logs
===> Finished printing config.logs></pre></code>
        </body></html>
