<!DOCTYPE html>
<html>
<!-- Jinja template for reports of individual builds

  Copyright 2016 Kareem Khazem. All Rights Reserved.
  Licensed under the Apache License, Version 2.0 (the "License");
  you may not use this file except in compliance with the License.
  You may obtain a copy of the License at

 		 http://www.apache.org/licenses/LICENSE-2.0

  Unless required by applicable law or agreed to in writing, software
  distributed under the License is distributed on an "AS IS" BASIS,
  WITHOUT WARRANTIES OR CONDITIONS OF ANY KIND, either express or
  implied.
  See the License for the specific language governing permissions and
  limitations under the License.
-->
  <head>
    <meta charset="UTF-8">
    <title>android/gptfdisk</title>
    <link href='https://fonts.googleapis.com/css?family=Roboto:400,900'
          rel='stylesheet' type='text/css'>
    <link
    href='https://fonts.googleapis.com/css?family=Source+Code+Pro:400,700'
          rel='stylesheet' type='text/css'>
    <link href="../style.css" type="text/css" rel="stylesheet">
  </head>
  <body>
    <h1>Build of gptfdisk
        with <a href="../index.html">android</a>
        toolchain</h1>
    <p>The build took 00h 00m 46s and was
    NOT successful.</p>
    <p>
      The process tree of the build process is <a
      href="gptfdisk-tree.html">here</a>.
    </p>
    
    
    
    
    
    <h2>List of Errors</h2>
    <ul>
      
      <li>parse_error
        <ul>
          
          <li><a href="#57">/sysroot/sysroot/usr/include/asm/signal.h:101:22: error: expected unqualified-id before '.' token</a></li>
          
          <li><a href="#63">/sysroot/sysroot/usr/include/asm/signal.h:102:24: error: expected ')' before '.' token</a></li>
          
          <li><a href="#118">/usr/include/stdlib.h:148:6: error: expected initializer before '__THROW'</a></li>
          
          <li><a href="#121">/usr/include/stdlib.h:151:6: error: expected initializer before '__THROW'</a></li>
          
          <li><a href="#130">/usr/include/stdlib.h:189:6: error: expected initializer before '__THROW'</a></li>
          
          <li><a href="#136">/usr/include/stdlib.h:376:41: error: expected initializer before '__THROW'</a></li>
          
          <li><a href="#145">/usr/include/stdlib.h:469:6: error: expected initializer before '__THROW'</a></li>
          
          <li><a href="#151">/usr/include/stdlib.h:483:32: error: expected initializer before '__THROW'</a></li>
          
          <li><a href="#157">/usr/include/stdlib.h:519:43: error: expected initializer before '__THROW'</a></li>
          
          <li><a href="#188">/usr/include/stdlib.h:774:26: error: expected initializer before '__THROW'</a></li>
          
          <li><a href="#191">/usr/include/stdlib.h:775:37: error: expected initializer before '__THROW'</a></li>
          
          <li><a href="#197">/usr/include/stdlib.h:791:6: error: expected initializer before '__THROW'</a></li>
          
          <li><a href="#203">/usr/include/stdlib.h:866:46: error: expected initializer before '__THROW'</a></li>
          
          <li><a href="#206">/usr/include/stdlib.h:869:48: error: expected initializer before '__THROW'</a></li>
          
          <li><a href="#209">/usr/include/stdlib.h:874:44: error: expected initializer before '__THROW'</a></li>
          
          <li><a href="#212">/usr/include/stdlib.h:878:6: error: expected initializer before '__THROW'</a></li>
          
          <li><a href="#408">/sysroot/sysroot/usr/include/signal.h:86:18: error: expected unqualified-id before '.' token</a></li>
          
          <li><a href="#411">/sysroot/sysroot/usr/include/signal.h:87:12: error: expected ')' before '.' token</a></li>
          
          <li><a href="#470">/usr/include/stdlib.h:148:6: error: expected initializer before '__THROW'</a></li>
          
          <li><a href="#473">/usr/include/stdlib.h:151:6: error: expected initializer before '__THROW'</a></li>
          
          <li><a href="#482">/usr/include/stdlib.h:189:6: error: expected initializer before '__THROW'</a></li>
          
          <li><a href="#488">/usr/include/stdlib.h:376:41: error: expected initializer before '__THROW'</a></li>
          
          <li><a href="#497">/usr/include/stdlib.h:469:6: error: expected initializer before '__THROW'</a></li>
          
          <li><a href="#503">/usr/include/stdlib.h:483:32: error: expected initializer before '__THROW'</a></li>
          
          <li><a href="#509">/usr/include/stdlib.h:519:43: error: expected initializer before '__THROW'</a></li>
          
          <li><a href="#540">/usr/include/stdlib.h:774:26: error: expected initializer before '__THROW'</a></li>
          
          <li><a href="#543">/usr/include/stdlib.h:775:37: error: expected initializer before '__THROW'</a></li>
          
          <li><a href="#549">/usr/include/stdlib.h:791:6: error: expected initializer before '__THROW'</a></li>
          
          <li><a href="#555">/usr/include/stdlib.h:866:46: error: expected initializer before '__THROW'</a></li>
          
          <li><a href="#558">/usr/include/stdlib.h:869:48: error: expected initializer before '__THROW'</a></li>
          
          <li><a href="#561">/usr/include/stdlib.h:874:44: error: expected initializer before '__THROW'</a></li>
          
          <li><a href="#564">/usr/include/stdlib.h:878:6: error: expected initializer before '__THROW'</a></li>
          
        </ul>
      </li>
      
    </ul>
    
    <h2>Log</h2>
    
      <div class="block">
        <div class="info">
          <code>Removed vanilla repositories from pacman.conf and added:</code>
        </div>
        
          <div class="output">
            
            <a class="navhash" href="#1">#</a>
						
              <code id="1">[tuscan]</code><br />
						
            
            <a class="navhash" href="#2">#</a>
						
              <code id="2">Server = file:///var/cache/pacman/pkg/</code><br />
						
            
          </div>
        
      </div>
      <br />
    
      <div class="block">
        <div class="command">
          <code><span class="prompt">CMD: </span>pacman -Syy --noconfirm</code>
        </div>
        
          <div class="output">
            
            <a class="navhash" href="#3">#</a>
						
              <code id="3">:: Synchronizing package databases...</code><br />
						
            
            <a class="navhash" href="#4">#</a>
						
              <code id="4">downloading tuscan.db...</code><br />
						
            
          </div>
        
      </div>
      <br />
    
      <div class="block">
        <div class="info">
          <code>Copying directory '/toolchain_root/arm-linux-androideabi' to '/sysroot/arm-linux-androideabi'</code>
        </div>
        
      </div>
      <br />
    
      <div class="block">
        <div class="info">
          <code>Copying file '/toolchain_root/COPYING3.LIB' to '/sysroot/COPYING3.LIB'</code>
        </div>
        
      </div>
      <br />
    
      <div class="block">
        <div class="info">
          <code>Copying directory '/toolchain_root/sysroot' to '/sysroot/sysroot'</code>
        </div>
        
      </div>
      <br />
    
      <div class="block">
        <div class="info">
          <code>Copying file '/toolchain_root/COPYING.RUNTIME' to '/sysroot/COPYING.RUNTIME'</code>
        </div>
        
      </div>
      <br />
    
      <div class="block">
        <div class="info">
          <code>Copying directory '/toolchain_root/lib' to '/sysroot/lib'</code>
        </div>
        
      </div>
      <br />
    
      <div class="block">
        <div class="info">
          <code>Copying file '/toolchain_root/SOURCES' to '/sysroot/SOURCES'</code>
        </div>
        
      </div>
      <br />
    
      <div class="block">
        <div class="info">
          <code>Copying directory '/toolchain_root/lib64' to '/sysroot/lib64'</code>
        </div>
        
      </div>
      <br />
    
      <div class="block">
        <div class="info">
          <code>Copying directory '/toolchain_root/share' to '/sysroot/share'</code>
        </div>
        
      </div>
      <br />
    
      <div class="block">
        <div class="info">
          <code>Copying directory '/toolchain_root/bin' to '/sysroot/bin'</code>
        </div>
        
      </div>
      <br />
    
      <div class="block">
        <div class="info">
          <code>Copying file '/toolchain_root/COPYING' to '/sysroot/COPYING'</code>
        </div>
        
      </div>
      <br />
    
      <div class="block">
        <div class="info">
          <code>Copying file '/toolchain_root/COPYING3' to '/sysroot/COPYING3'</code>
        </div>
        
      </div>
      <br />
    
      <div class="block">
        <div class="info">
          <code>Copying file '/toolchain_root/COPYING.LIB' to '/sysroot/COPYING.LIB'</code>
        </div>
        
      </div>
      <br />
    
      <div class="block">
        <div class="info">
          <code>Copying directory '/toolchain_root/include' to '/sysroot/include'</code>
        </div>
        
      </div>
      <br />
    
      <div class="block">
        <div class="info">
          <code>Copying directory '/toolchain_root/libexec' to '/sysroot/libexec'</code>
        </div>
        
      </div>
      <br />
    
      <div class="block">
        <div class="command">
          <code><span class="prompt">CMD: </span>sudo -u tuscan PATH=/sysroot/bin:/sysroot/libexec/gcc/arm-linux-androideabi/4.8:/usr/local/sbin:/usr/local/bin:/usr/sbin:/usr/bin:/sbin:/bin CC=arm-linux-androideabi-gcc CXX=arm-linux-androideabi-g++ SYSROOT=/sysroot/sysroot LIBRARY_PATH=/sysroot/sysroot/usr/lib CPATH=/sysroot/sysroot/usr/include red makepkg --noextract --syncdeps --skipinteg --skippgpcheck --skipchecksums --noconfirm --nocolor --log --noprogressbar --nocheck</code>
        </div>
        
          <div class="output">
            
            <a class="navhash" href="#5">#</a>
						
              <code id="5">==> Making package: gptfdisk 1.0.1-2 (Thu Aug 11 14:06:18 UTC 2016)</code><br />
						
            
            <a class="navhash" href="#6">#</a>
						
              <code id="6">==> Checking runtime dependencies...</code><br />
						
            
            <a class="navhash" href="#7">#</a>
						
              <code id="7">==> Checking buildtime dependencies...</code><br />
						
            
            <a class="navhash" href="#8">#</a>
						
              <code id="8">==> WARNING: Using existing $srcdir/ tree</code><br />
						
            
            <a class="navhash" href="#9">#</a>
						
              <code id="9">==> Starting build()...</code><br />
						
            
            <a class="navhash" href="#10">#</a>
						
              <code id="10">g++  -Wall -D_FILE_OFFSET_BITS=64   -c -o crc32.o crc32.cc</code><br />
						
            
            <a class="navhash" href="#11">#</a>
						
              <code id="11">g++  -Wall -D_FILE_OFFSET_BITS=64   -c -o support.o support.cc</code><br />
						
            
            <a class="navhash" href="#12">#</a>
						
              <code id="12">In file included from /usr/include/c++/6.1.1/x86_64-pc-linux-gnu/bits/c++config.h:495:0,</code><br />
						
            
            <a class="navhash" href="#13">#</a>
						
              <code id="13">                 from /usr/include/c++/6.1.1/string:38,</code><br />
						
            
            <a class="navhash" href="#14">#</a>
						
              <code id="14">                 from support.cc:18:</code><br />
						
            
            <a class="navhash" href="#15">#</a>
						
              <code id="15">/usr/include/c++/6.1.1/x86_64-pc-linux-gnu/bits/os_defines.h:44:19: error: missing binary operator before token "("</code><br />
						
            
            <a class="navhash" href="#16">#</a>
						
              <code id="16"> #if __GLIBC_PREREQ(2,15) && defined(_GNU_SOURCE)</code><br />
						
            
            <a class="navhash" href="#17">#</a>
						
              <code id="17">                   ^</code><br />
						
            
            <a class="navhash" href="#18">#</a>
						
              <code id="18">g++  -Wall -D_FILE_OFFSET_BITS=64   -c -o guid.o guid.cc</code><br />
						
            
            <a class="navhash" href="#19">#</a>
						
              <code id="19">In file included from support.h:5:0,</code><br />
						
            
            <a class="navhash" href="#20">#</a>
						
              <code id="20">                 from support.cc:21:</code><br />
						
            
            <a class="navhash" href="#21">#</a>
						
              <code id="21">/sysroot/sysroot/usr/include/stdlib.h:112:0: warning: "RAND_MAX" redefined</code><br />
						
            
            <a class="navhash" href="#22">#</a>
						
              <code id="22"> #define RAND_MAX 0x7fffffff</code><br />
						
            
            <a class="navhash" href="#23">#</a>
						
              <code id="23"> </code><br />
						
            
            <a class="navhash" href="#24">#</a>
						
              <code id="24">In file included from /usr/include/c++/6.1.1/cstdlib:75:0,</code><br />
						
            
            <a class="navhash" href="#25">#</a>
						
              <code id="25">                 from /usr/include/c++/6.1.1/ext/string_conversions.h:41,</code><br />
						
            
            <a class="navhash" href="#26">#</a>
						
              <code id="26">                 from /usr/include/c++/6.1.1/bits/basic_string.h:5402,</code><br />
						
            
            <a class="navhash" href="#27">#</a>
						
              <code id="27">                 from /usr/include/c++/6.1.1/string:52,</code><br />
						
            
            <a class="navhash" href="#28">#</a>
						
              <code id="28">                 from support.cc:18:</code><br />
						
            
            <a class="navhash" href="#29">#</a>
						
              <code id="29">/usr/include/stdlib.h:128:0: note: this is the location of the previous definition</code><br />
						
            
            <a class="navhash" href="#30">#</a>
						
              <code id="30"> #define RAND_MAX 2147483647</code><br />
						
            
            <a class="navhash" href="#31">#</a>
						
              <code id="31"> </code><br />
						
            
            <a class="navhash" href="#32">#</a>
						
              <code id="32">In file included from support.h:5:0,</code><br />
						
            
            <a class="navhash" href="#33">#</a>
						
              <code id="33">                 from support.cc:21:</code><br />
						
            
            <a class="navhash" href="#34">#</a>
						
              <code id="34">/sysroot/sysroot/usr/include/stdlib.h:165:0: warning: "MB_CUR_MAX" redefined</code><br />
						
            
            <a class="navhash" href="#35">#</a>
						
              <code id="35"> #define MB_CUR_MAX __ctype_get_mb_cur_max()</code><br />
						
            
            <a class="navhash" href="#36">#</a>
						
              <code id="36"> </code><br />
						
            
            <a class="navhash" href="#37">#</a>
						
              <code id="37">In file included from /usr/include/c++/6.1.1/cstdlib:75:0,</code><br />
						
            
            <a class="navhash" href="#38">#</a>
						
              <code id="38">                 from /usr/include/c++/6.1.1/ext/string_conversions.h:41,</code><br />
						
            
            <a class="navhash" href="#39">#</a>
						
              <code id="39">                 from /usr/include/c++/6.1.1/bits/basic_string.h:5402,</code><br />
						
            
            <a class="navhash" href="#40">#</a>
						
              <code id="40">                 from /usr/include/c++/6.1.1/string:52,</code><br />
						
            
            <a class="navhash" href="#41">#</a>
						
              <code id="41">                 from support.cc:18:</code><br />
						
            
            <a class="navhash" href="#42">#</a>
						
              <code id="42">/usr/include/stdlib.h:138:0: note: this is the location of the previous definition</code><br />
						
            
            <a class="navhash" href="#43">#</a>
						
              <code id="43"> #define MB_CUR_MAX (__ctype_get_mb_cur_max ())</code><br />
						
            
            <a class="navhash" href="#44">#</a>
						
              <code id="44"> </code><br />
						
            
            <a class="navhash" href="#45">#</a>
						
              <code id="45">In file included from /sysroot/sysroot/usr/include/linux/signal.h:21:0,</code><br />
						
            
            <a class="navhash" href="#46">#</a>
						
              <code id="46">                 from /sysroot/sysroot/usr/include/signal.h:43,</code><br />
						
            
            <a class="navhash" href="#47">#</a>
						
              <code id="47">                 from /sysroot/sysroot/usr/include/sys/select.h:35,</code><br />
						
            
            <a class="navhash" href="#48">#</a>
						
              <code id="48">                 from /sysroot/sysroot/usr/include/unistd.h:34,</code><br />
						
            
            <a class="navhash" href="#49">#</a>
						
              <code id="49">                 from /sysroot/sysroot/usr/include/fcntl.h:37,</code><br />
						
            
            <a class="navhash" href="#50">#</a>
						
              <code id="50">                 from support.cc:15:</code><br />
						
            
            <a class="navhash" href="#51">#</a>
						
              <code id="51">/sysroot/sysroot/usr/include/asm/signal.h:101:20: error: expected ';' at end of member declaration</code><br />
						
            
            <a class="navhash" href="#52">#</a>
						
              <code id="52"> #define sa_handler _u._sa_handler</code><br />
						
            
            <a class="navhash" href="#53">#</a>
						
              <code id="53">                    ^</code><br />
						
            
            <a class="navhash" href="#54">#</a>
						
              <code id="54">/sysroot/sysroot/usr/include/signal.h:86:18: note: in expansion of macro 'sa_handler'</code><br />
						
            
            <a class="navhash" href="#55">#</a>
						
              <code id="55">     sighandler_t sa_handler;</code><br />
						
            
            <a class="navhash" href="#56">#</a>
						
              <code id="56">                  ^~~~~~~~~~</code><br />
						
            
            <a class="navhash" href="#57">#</a>
						<span class="error">
              <code id="57">/sysroot/sysroot/usr/include/asm/signal.h:101:22: error: expected unqualified-id before '.' token</code><br />
						</span>
            
            <a class="navhash" href="#58">#</a>
						
              <code id="58"> #define sa_handler _u._sa_handler</code><br />
						
            
            <a class="navhash" href="#59">#</a>
						
              <code id="59">                      ^</code><br />
						
            
            <a class="navhash" href="#60">#</a>
						
              <code id="60">/sysroot/sysroot/usr/include/signal.h:86:18: note: in expansion of macro 'sa_handler'</code><br />
						
            
            <a class="navhash" href="#61">#</a>
						
              <code id="61">     sighandler_t sa_handler;</code><br />
						
            
            <a class="navhash" href="#62">#</a>
						
              <code id="62">                  ^~~~~~~~~~</code><br />
						
            
            <a class="navhash" href="#63">#</a>
						<span class="error">
              <code id="63">/sysroot/sysroot/usr/include/asm/signal.h:102:24: error: expected ')' before '.' token</code><br />
						</span>
            
            <a class="navhash" href="#64">#</a>
						
              <code id="64"> #define sa_sigaction _u._sa_sigaction</code><br />
						
            
            <a class="navhash" href="#65">#</a>
						
              <code id="65">                        ^</code><br />
						
            
            <a class="navhash" href="#66">#</a>
						
              <code id="66">/sysroot/sysroot/usr/include/signal.h:87:12: note: in expansion of macro 'sa_sigaction'</code><br />
						
            
            <a class="navhash" href="#67">#</a>
						
              <code id="67">     void (*sa_sigaction)(int, struct siginfo*, void*);</code><br />
						
            
            <a class="navhash" href="#68">#</a>
						
              <code id="68">            ^~~~~~~~~~~~</code><br />
						
            
            <a class="navhash" href="#69">#</a>
						
              <code id="69">In file included from /usr/include/c++/6.1.1/x86_64-pc-linux-gnu/bits/c++config.h:495:0,</code><br />
						
            
            <a class="navhash" href="#70">#</a>
						
              <code id="70">                 from /usr/include/c++/6.1.1/string:38,</code><br />
						
            
            <a class="navhash" href="#71">#</a>
						
              <code id="71">                 from guid.cc:20:</code><br />
						
            
            <a class="navhash" href="#72">#</a>
						
              <code id="72">/usr/include/c++/6.1.1/x86_64-pc-linux-gnu/bits/os_defines.h:44:19: error: missing binary operator before token "("</code><br />
						
            
            <a class="navhash" href="#73">#</a>
						
              <code id="73"> #if __GLIBC_PREREQ(2,15) && defined(_GNU_SOURCE)</code><br />
						
            
            <a class="navhash" href="#74">#</a>
						
              <code id="74">                   ^</code><br />
						
            
            <a class="navhash" href="#75">#</a>
						
              <code id="75">In file included from support.h:5:0,</code><br />
						
            
            <a class="navhash" href="#76">#</a>
						
              <code id="76">                 from guid.cc:23:</code><br />
						
            
            <a class="navhash" href="#77">#</a>
						
              <code id="77">/sysroot/sysroot/usr/include/stdlib.h:112:0: warning: "RAND_MAX" redefined</code><br />
						
            
            <a class="navhash" href="#78">#</a>
						
              <code id="78"> #define RAND_MAX 0x7fffffff</code><br />
						
            
            <a class="navhash" href="#79">#</a>
						
              <code id="79"> </code><br />
						
            
            <a class="navhash" href="#80">#</a>
						
              <code id="80">In file included from /usr/include/c++/6.1.1/cstdlib:75:0,</code><br />
						
            
            <a class="navhash" href="#81">#</a>
						
              <code id="81">                 from /usr/include/c++/6.1.1/ext/string_conversions.h:41,</code><br />
						
            
            <a class="navhash" href="#82">#</a>
						
              <code id="82">                 from /usr/include/c++/6.1.1/bits/basic_string.h:5402,</code><br />
						
            
            <a class="navhash" href="#83">#</a>
						
              <code id="83">                 from /usr/include/c++/6.1.1/string:52,</code><br />
						
            
            <a class="navhash" href="#84">#</a>
						
              <code id="84">                 from guid.cc:20:</code><br />
						
            
            <a class="navhash" href="#85">#</a>
						
              <code id="85">/usr/include/stdlib.h:128:0: note: this is the location of the previous definition</code><br />
						
            
            <a class="navhash" href="#86">#</a>
						
              <code id="86"> #define RAND_MAX 2147483647</code><br />
						
            
            <a class="navhash" href="#87">#</a>
						
              <code id="87"> </code><br />
						
            
            <a class="navhash" href="#88">#</a>
						
              <code id="88">In file included from support.h:5:0,</code><br />
						
            
            <a class="navhash" href="#89">#</a>
						
              <code id="89">                 from guid.cc:23:</code><br />
						
            
            <a class="navhash" href="#90">#</a>
						
              <code id="90">/sysroot/sysroot/usr/include/stdlib.h:165:0: warning: "MB_CUR_MAX" redefined</code><br />
						
            
            <a class="navhash" href="#91">#</a>
						
              <code id="91"> #define MB_CUR_MAX __ctype_get_mb_cur_max()</code><br />
						
            
            <a class="navhash" href="#92">#</a>
						
              <code id="92"> </code><br />
						
            
            <a class="navhash" href="#93">#</a>
						
              <code id="93">In file included from /usr/include/c++/6.1.1/cstdlib:75:0,</code><br />
						
            
            <a class="navhash" href="#94">#</a>
						
              <code id="94">                 from /usr/include/c++/6.1.1/ext/string_conversions.h:41,</code><br />
						
            
            <a class="navhash" href="#95">#</a>
						
              <code id="95">                 from /usr/include/c++/6.1.1/bits/basic_string.h:5402,</code><br />
						
            
            <a class="navhash" href="#96">#</a>
						
              <code id="96">                 from /usr/include/c++/6.1.1/string:52,</code><br />
						
            
            <a class="navhash" href="#97">#</a>
						
              <code id="97">                 from guid.cc:20:</code><br />
						
            
            <a class="navhash" href="#98">#</a>
						
              <code id="98">/usr/include/stdlib.h:138:0: note: this is the location of the previous definition</code><br />
						
            
            <a class="navhash" href="#99">#</a>
						
              <code id="99"> #define MB_CUR_MAX (__ctype_get_mb_cur_max ())</code><br />
						
            
            <a class="navhash" href="#100">#</a>
						
              <code id="100"> </code><br />
						
            
            <a class="navhash" href="#101">#</a>
						
              <code id="101">In file included from /usr/include/c++/6.1.1/cstdlib:75:0,</code><br />
						
            
            <a class="navhash" href="#102">#</a>
						
              <code id="102">                 from /usr/include/c++/6.1.1/ext/string_conversions.h:41,</code><br />
						
            
            <a class="navhash" href="#103">#</a>
						
              <code id="103">                 from /usr/include/c++/6.1.1/bits/basic_string.h:5402,</code><br />
						
            
            <a class="navhash" href="#104">#</a>
						
              <code id="104">                 from /usr/include/c++/6.1.1/string:52,</code><br />
						
            
            <a class="navhash" href="#105">#</a>
						
              <code id="105">                 from support.cc:18:</code><br />
						
            
            <a class="navhash" href="#106">#</a>
						
              <code id="106">/usr/include/stdlib.h:95:1: error: '__BEGIN_NAMESPACE_STD' does not name a type</code><br />
						
            
            <a class="navhash" href="#107">#</a>
						
              <code id="107"> __BEGIN_NAMESPACE_STD</code><br />
						
            
            <a class="navhash" href="#108">#</a>
						
              <code id="108"> ^~~~~~~~~~~~~~~~~~~~~</code><br />
						
            
            <a class="navhash" href="#109">#</a>
						
              <code id="109">/usr/include/stdlib.h:101:5: error: 'div_t' does not name a type</code><br />
						
            
            <a class="navhash" href="#110">#</a>
						
              <code id="110">   } div_t;</code><br />
						
            
            <a class="navhash" href="#111">#</a>
						
              <code id="111">     ^~~~~</code><br />
						
            
            <a class="navhash" href="#112">#</a>
						
              <code id="112">/usr/include/stdlib.h:112:1: error: '__END_NAMESPACE_STD' does not name a type</code><br />
						
            
            <a class="navhash" href="#113">#</a>
						
              <code id="113"> __END_NAMESPACE_STD</code><br />
						
            
            <a class="navhash" href="#114">#</a>
						
              <code id="114"> ^~~~~~~~~~~~~~~~~~~</code><br />
						
            
            <a class="navhash" href="#115">#</a>
						
              <code id="115">/usr/include/stdlib.h:142:1: error: '__BEGIN_NAMESPACE_STD' does not name a type</code><br />
						
            
            <a class="navhash" href="#116">#</a>
						
              <code id="116"> __BEGIN_NAMESPACE_STD</code><br />
						
            
            <a class="navhash" href="#117">#</a>
						
              <code id="117"> ^~~~~~~~~~~~~~~~~~~~~</code><br />
						
            
            <a class="navhash" href="#118">#</a>
						<span class="error">
              <code id="118">/usr/include/stdlib.h:148:6: error: expected initializer before '__THROW'</code><br />
						</span>
            
            <a class="navhash" href="#119">#</a>
						
              <code id="119">      __THROW __attribute_pure__ __nonnull ((1)) __wur;</code><br />
						
            
            <a class="navhash" href="#120">#</a>
						
              <code id="120">      ^~~~~~~</code><br />
						
            
            <a class="navhash" href="#121">#</a>
						<span class="error">
              <code id="121">/usr/include/stdlib.h:151:6: error: expected initializer before '__THROW'</code><br />
						</span>
            
            <a class="navhash" href="#122">#</a>
						
              <code id="122">      __THROW __attribute_pure__ __nonnull ((1)) __wur;</code><br />
						
            
            <a class="navhash" href="#123">#</a>
						
              <code id="123">      ^~~~~~~</code><br />
						
            
            <a class="navhash" href="#124">#</a>
						
              <code id="124">/usr/include/stdlib.h:152:1: error: '__END_NAMESPACE_STD' does not name a type</code><br />
						
            
            <a class="navhash" href="#125">#</a>
						
              <code id="125"> __END_NAMESPACE_STD</code><br />
						
            
            <a class="navhash" href="#126">#</a>
						
              <code id="126"> ^~~~~~~~~~~~~~~~~~~</code><br />
						
            
            <a class="navhash" href="#127">#</a>
						
              <code id="127">/usr/include/stdlib.h:167:1: error: '__END_NAMESPACE_STD' does not name a type</code><br />
						
            
            <a class="navhash" href="#128">#</a>
						
              <code id="128"> __END_NAMESPACE_STD</code><br />
						
            
            <a class="navhash" href="#129">#</a>
						
              <code id="129"> ^~~~~~~~~~~~~~~~~~~</code><br />
						
            
            <a class="navhash" href="#130">#</a>
						<span class="error">
              <code id="130">/usr/include/stdlib.h:189:6: error: expected initializer before '__THROW'</code><br />
						</span>
            
            <a class="navhash" href="#131">#</a>
						
              <code id="131">      __THROW __nonnull ((1));</code><br />
						
            
            <a class="navhash" href="#132">#</a>
						
              <code id="132">      ^~~~~~~</code><br />
						
            
            <a class="navhash" href="#133">#</a>
						
              <code id="133">/usr/include/stdlib.h:190:1: error: '__END_NAMESPACE_STD' does not name a type</code><br />
						
            
            <a class="navhash" href="#134">#</a>
						
              <code id="134"> __END_NAMESPACE_STD</code><br />
						
            
            <a class="navhash" href="#135">#</a>
						
              <code id="135"> ^~~~~~~~~~~~~~~~~~~</code><br />
						
            
            <a class="navhash" href="#136">#</a>
						<span class="error">
              <code id="136">/usr/include/stdlib.h:376:41: error: expected initializer before '__THROW'</code><br />
						</span>
            
            <a class="navhash" href="#137">#</a>
						
              <code id="137"> extern void srand (unsigned int __seed) __THROW;</code><br />
						
            
            <a class="navhash" href="#138">#</a>
						
              <code id="138">                                         ^~~~~~~</code><br />
						
            
            <a class="navhash" href="#139">#</a>
						
              <code id="139">/usr/include/stdlib.h:377:1: error: '__END_NAMESPACE_STD' does not name a type</code><br />
						
            
            <a class="navhash" href="#140">#</a>
						
              <code id="140"> __END_NAMESPACE_STD</code><br />
						
            
            <a class="navhash" href="#141">#</a>
						
              <code id="141"> ^~~~~~~~~~~~~~~~~~~</code><br />
						
            
            <a class="navhash" href="#142">#</a>
						
              <code id="142">/usr/include/stdlib.h:464:1: error: '__BEGIN_NAMESPACE_STD' does not name a type</code><br />
						
            
            <a class="navhash" href="#143">#</a>
						
              <code id="143"> __BEGIN_NAMESPACE_STD</code><br />
						
            
            <a class="navhash" href="#144">#</a>
						
              <code id="144"> ^~~~~~~~~~~~~~~~~~~~~</code><br />
						
            
            <a class="navhash" href="#145">#</a>
						<span class="error">
              <code id="145">/usr/include/stdlib.h:469:6: error: expected initializer before '__THROW'</code><br />
						</span>
            
            <a class="navhash" href="#146">#</a>
						
              <code id="146">      __THROW __attribute_malloc__ __wur;</code><br />
						
            
            <a class="navhash" href="#147">#</a>
						
              <code id="147">      ^~~~~~~</code><br />
						
            
            <a class="navhash" href="#148">#</a>
						
              <code id="148">/usr/include/stdlib.h:470:1: error: '__END_NAMESPACE_STD' does not name a type</code><br />
						
            
            <a class="navhash" href="#149">#</a>
						
              <code id="149"> __END_NAMESPACE_STD</code><br />
						
            
            <a class="navhash" href="#150">#</a>
						
              <code id="150"> ^~~~~~~~~~~~~~~~~~~</code><br />
						
            
            <a class="navhash" href="#151">#</a>
						<span class="error">
              <code id="151">/usr/include/stdlib.h:483:32: error: expected initializer before '__THROW'</code><br />
						</span>
            
            <a class="navhash" href="#152">#</a>
						
              <code id="152"> extern void free (void *__ptr) __THROW;</code><br />
						
            
            <a class="navhash" href="#153">#</a>
						
              <code id="153">                                ^~~~~~~</code><br />
						
            
            <a class="navhash" href="#154">#</a>
						
              <code id="154">/usr/include/stdlib.h:484:1: error: '__END_NAMESPACE_STD' does not name a type</code><br />
						
            
            <a class="navhash" href="#155">#</a>
						
              <code id="155"> __END_NAMESPACE_STD</code><br />
						
            
            <a class="navhash" href="#156">#</a>
						
              <code id="156"> ^~~~~~~~~~~~~~~~~~~</code><br />
						
            
            <a class="navhash" href="#157">#</a>
						<span class="error">
              <code id="157">/usr/include/stdlib.h:519:43: error: expected initializer before '__THROW'</code><br />
						</span>
            
            <a class="navhash" href="#158">#</a>
						
              <code id="158"> extern int atexit (void (*__func) (void)) __THROW __nonnull ((1));</code><br />
						
            
            <a class="navhash" href="#159">#</a>
						
              <code id="159">                                           ^~~~~~~</code><br />
						
            
            <a class="navhash" href="#160">#</a>
						
              <code id="160">/usr/include/stdlib.h:530:1: error: '__END_NAMESPACE_STD' does not name a type</code><br />
						
            
            <a class="navhash" href="#161">#</a>
						
              <code id="161"> __END_NAMESPACE_STD</code><br />
						
            
            <a class="navhash" href="#162">#</a>
						
              <code id="162"> ^~~~~~~~~~~~~~~~~~~</code><br />
						
            
            <a class="navhash" href="#163">#</a>
						
              <code id="163">/usr/include/stdlib.h:551:1: error: '__END_NAMESPACE_STD' does not name a type</code><br />
						
            
            <a class="navhash" href="#164">#</a>
						
              <code id="164"> __END_NAMESPACE_STD</code><br />
						
            
            <a class="navhash" href="#165">#</a>
						
              <code id="165"> ^~~~~~~~~~~~~~~~~~~</code><br />
						
            
            <a class="navhash" href="#166">#</a>
						
              <code id="166">/usr/include/stdlib.h:565:1: error: '__END_NAMESPACE_STD' does not name a type</code><br />
						
            
            <a class="navhash" href="#167">#</a>
						
              <code id="167"> __END_NAMESPACE_STD</code><br />
						
            
            <a class="navhash" href="#168">#</a>
						
              <code id="168"> ^~~~~~~~~~~~~~~~~~~</code><br />
						
            
            <a class="navhash" href="#169">#</a>
						
              <code id="169">/usr/include/stdlib.h:717:1: error: '__END_NAMESPACE_STD' does not name a type</code><br />
						
            
            <a class="navhash" href="#170">#</a>
						
              <code id="170"> __END_NAMESPACE_STD</code><br />
						
            
            <a class="navhash" href="#171">#</a>
						
              <code id="171"> ^~~~~~~~~~~~~~~~~~~</code><br />
						
            
            <a class="navhash" href="#172">#</a>
						
              <code id="172">/usr/include/stdlib.h:751:1: error: '__BEGIN_NAMESPACE_STD' does not name a type</code><br />
						
            
            <a class="navhash" href="#173">#</a>
						
              <code id="173"> __BEGIN_NAMESPACE_STD</code><br />
						
            
            <a class="navhash" href="#174">#</a>
						
              <code id="174"> ^~~~~~~~~~~~~~~~~~~~~</code><br />
						
            
            <a class="navhash" href="#175">#</a>
						
              <code id="175">/usr/include/stdlib.h:765:6: error: '__compar_fn_t' has not been declared</code><br />
						
            
            <a class="navhash" href="#176">#</a>
						
              <code id="176">      __compar_fn_t __compar) __nonnull ((1, 4));</code><br />
						
            
            <a class="navhash" href="#177">#</a>
						
              <code id="177">      ^~~~~~~~~~~~~</code><br />
						
            
            <a class="navhash" href="#178">#</a>
						
              <code id="178">In file included from /sysroot/sysroot/usr/include/stdio.h:49:0,</code><br />
						
            
            <a class="navhash" href="#179">#</a>
						
              <code id="179">                 from support.cc:12:</code><br />
						
            
            <a class="navhash" href="#180">#</a>
						
              <code id="180">/sysroot/sysroot/usr/include/sys/cdefs.h:232:57: error: nonnull argument references non-pointer operand (argument 2, operand 4)</code><br />
						
            
            <a class="navhash" href="#181">#</a>
						
              <code id="181"> #define __nonnull(args) __attribute__((__nonnull__ args))</code><br />
						
            
            <a class="navhash" href="#182">#</a>
						
              <code id="182">                                                         ^</code><br />
						
            
            <a class="navhash" href="#183">#</a>
						
              <code id="183">In file included from /usr/include/c++/6.1.1/cstdlib:75:0,</code><br />
						
            
            <a class="navhash" href="#184">#</a>
						
              <code id="184">                 from /usr/include/c++/6.1.1/ext/string_conversions.h:41,</code><br />
						
            
            <a class="navhash" href="#185">#</a>
						
              <code id="185">                 from /usr/include/c++/6.1.1/bits/basic_string.h:5402,</code><br />
						
            
            <a class="navhash" href="#186">#</a>
						
              <code id="186">                 from /usr/include/c++/6.1.1/string:52,</code><br />
						
            
            <a class="navhash" href="#187">#</a>
						
              <code id="187">                 from support.cc:18:</code><br />
						
            
            <a class="navhash" href="#188">#</a>
						<span class="error">
              <code id="188">/usr/include/stdlib.h:774:26: error: expected initializer before '__THROW'</code><br />
						</span>
            
            <a class="navhash" href="#189">#</a>
						
              <code id="189"> extern int abs (int __x) __THROW __attribute__ ((__const__)) __wur;</code><br />
						
            
            <a class="navhash" href="#190">#</a>
						
              <code id="190">                          ^~~~~~~</code><br />
						
            
            <a class="navhash" href="#191">#</a>
						<span class="error">
              <code id="191">/usr/include/stdlib.h:775:37: error: expected initializer before '__THROW'</code><br />
						</span>
            
            <a class="navhash" href="#192">#</a>
						
              <code id="192"> extern long int labs (long int __x) __THROW __attribute__ ((__const__)) __wur;</code><br />
						
            
            <a class="navhash" href="#193">#</a>
						
              <code id="193">                                     ^~~~~~~</code><br />
						
            
            <a class="navhash" href="#194">#</a>
						
              <code id="194">/usr/include/stdlib.h:776:1: error: '__END_NAMESPACE_STD' does not name a type</code><br />
						
            
            <a class="navhash" href="#195">#</a>
						
              <code id="195"> __END_NAMESPACE_STD</code><br />
						
            
            <a class="navhash" href="#196">#</a>
						
              <code id="196"> ^~~~~~~~~~~~~~~~~~~</code><br />
						
            
            <a class="navhash" href="#197">#</a>
						<span class="error">
              <code id="197">/usr/include/stdlib.h:791:6: error: expected initializer before '__THROW'</code><br />
						</span>
            
            <a class="navhash" href="#198">#</a>
						
              <code id="198">      __THROW __attribute__ ((__const__)) __wur;</code><br />
						
            
            <a class="navhash" href="#199">#</a>
						
              <code id="199">      ^~~~~~~</code><br />
						
            
            <a class="navhash" href="#200">#</a>
						
              <code id="200">/usr/include/stdlib.h:792:1: error: '__END_NAMESPACE_STD' does not name a type</code><br />
						
            
            <a class="navhash" href="#201">#</a>
						
              <code id="201"> __END_NAMESPACE_STD</code><br />
						
            
            <a class="navhash" href="#202">#</a>
						
              <code id="202"> ^~~~~~~~~~~~~~~~~~~</code><br />
						
            
            <a class="navhash" href="#203">#</a>
						<span class="error">
              <code id="203">/usr/include/stdlib.h:866:46: error: expected initializer before '__THROW'</code><br />
						</span>
            
            <a class="navhash" href="#204">#</a>
						
              <code id="204">      const char *__restrict __s, size_t __n) __THROW;</code><br />
						
            
            <a class="navhash" href="#205">#</a>
						
              <code id="205">                                              ^~~~~~~</code><br />
						
            
            <a class="navhash" href="#206">#</a>
						<span class="error">
              <code id="206">/usr/include/stdlib.h:869:48: error: expected initializer before '__THROW'</code><br />
						</span>
            
            <a class="navhash" href="#207">#</a>
						
              <code id="207"> extern int wctomb (char *__s, wchar_t __wchar) __THROW;</code><br />
						
            
            <a class="navhash" href="#208">#</a>
						
              <code id="208">                                                ^~~~~~~</code><br />
						
            
            <a class="navhash" href="#209">#</a>
						<span class="error">
              <code id="209">/usr/include/stdlib.h:874:44: error: expected initializer before '__THROW'</code><br />
						</span>
            
            <a class="navhash" href="#210">#</a>
						
              <code id="210">    const char *__restrict __s, size_t __n) __THROW;</code><br />
						
            
            <a class="navhash" href="#211">#</a>
						
              <code id="211">                                            ^~~~~~~</code><br />
						
            
            <a class="navhash" href="#212">#</a>
						<span class="error">
              <code id="212">/usr/include/stdlib.h:878:6: error: expected initializer before '__THROW'</code><br />
						</span>
            
            <a class="navhash" href="#213">#</a>
						
              <code id="213">      __THROW;</code><br />
						
            
            <a class="navhash" href="#214">#</a>
						
              <code id="214">      ^~~~~~~</code><br />
						
            
            <a class="navhash" href="#215">#</a>
						
              <code id="215">/usr/include/stdlib.h:879:1: error: '__END_NAMESPACE_STD' does not name a type</code><br />
						
            
            <a class="navhash" href="#216">#</a>
						
              <code id="216"> __END_NAMESPACE_STD</code><br />
						
            
            <a class="navhash" href="#217">#</a>
						
              <code id="217"> ^~~~~~~~~~~~~~~~~~~</code><br />
						
            
            <a class="navhash" href="#218">#</a>
						
              <code id="218">In file included from /usr/include/c++/6.1.1/ext/string_conversions.h:41:0,</code><br />
						
            
            <a class="navhash" href="#219">#</a>
						
              <code id="219">                 from /usr/include/c++/6.1.1/bits/basic_string.h:5402,</code><br />
						
            
            <a class="navhash" href="#220">#</a>
						
              <code id="220">                 from /usr/include/c++/6.1.1/string:52,</code><br />
						
            
            <a class="navhash" href="#221">#</a>
						
              <code id="221">                 from support.cc:18:</code><br />
						
            
            <a class="navhash" href="#222">#</a>
						
              <code id="222">/usr/include/c++/6.1.1/cstdlib:124:11: error: '::div_t' has not been declared</code><br />
						
            
            <a class="navhash" href="#223">#</a>
						
              <code id="223">   using ::div_t;</code><br />
						
            
            <a class="navhash" href="#224">#</a>
						
              <code id="224">           ^~~~~</code><br />
						
            
            <a class="navhash" href="#225">#</a>
						
              <code id="225">/usr/include/c++/6.1.1/cstdlib:127:11: error: '::abort' has not been declared</code><br />
						
            
            <a class="navhash" href="#226">#</a>
						
              <code id="226">   using ::abort;</code><br />
						
            
            <a class="navhash" href="#227">#</a>
						
              <code id="227">           ^~~~~</code><br />
						
            
            <a class="navhash" href="#228">#</a>
						
              <code id="228">/usr/include/c++/6.1.1/cstdlib:128:11: error: '::abs' has not been declared</code><br />
						
            
            <a class="navhash" href="#229">#</a>
						
              <code id="229">   using ::abs;</code><br />
						
            
            <a class="navhash" href="#230">#</a>
						
              <code id="230">           ^~~</code><br />
						
            
            <a class="navhash" href="#231">#</a>
						
              <code id="231">/usr/include/c++/6.1.1/cstdlib:129:11: error: '::atexit' has not been declared</code><br />
						
            
            <a class="navhash" href="#232">#</a>
						
              <code id="232">   using ::atexit;</code><br />
						
            
            <a class="navhash" href="#233">#</a>
						
              <code id="233">           ^~~~~~</code><br />
						
            
            <a class="navhash" href="#234">#</a>
						
              <code id="234">/usr/include/c++/6.1.1/cstdlib:132:11: error: '::at_quick_exit' has not been declared</code><br />
						
            
            <a class="navhash" href="#235">#</a>
						
              <code id="235">   using ::at_quick_exit;</code><br />
						
            
            <a class="navhash" href="#236">#</a>
						
              <code id="236">           ^~~~~~~~~~~~~</code><br />
						
            
            <a class="navhash" href="#237">#</a>
						
              <code id="237">/usr/include/c++/6.1.1/cstdlib:135:11: error: '::atof' has not been declared</code><br />
						
            
            <a class="navhash" href="#238">#</a>
						
              <code id="238">   using ::atof;</code><br />
						
            
            <a class="navhash" href="#239">#</a>
						
              <code id="239">           ^~~~</code><br />
						
            
            <a class="navhash" href="#240">#</a>
						
              <code id="240">/usr/include/c++/6.1.1/cstdlib:136:11: error: '::atoi' has not been declared</code><br />
						
            
            <a class="navhash" href="#241">#</a>
						
              <code id="241">   using ::atoi;</code><br />
						
            
            <a class="navhash" href="#242">#</a>
						
              <code id="242">           ^~~~</code><br />
						
            
            <a class="navhash" href="#243">#</a>
						
              <code id="243">/usr/include/c++/6.1.1/cstdlib:137:11: error: '::atol' has not been declared</code><br />
						
            
            <a class="navhash" href="#244">#</a>
						
              <code id="244">   using ::atol;</code><br />
						
            
            <a class="navhash" href="#245">#</a>
						
              <code id="245">           ^~~~</code><br />
						
            
            <a class="navhash" href="#246">#</a>
						
              <code id="246">/usr/include/c++/6.1.1/cstdlib:138:11: error: '::bsearch' has not been declared</code><br />
						
            
            <a class="navhash" href="#247">#</a>
						
              <code id="247">   using ::bsearch;</code><br />
						
            
            <a class="navhash" href="#248">#</a>
						
              <code id="248">           ^~~~~~~</code><br />
						
            
            <a class="navhash" href="#249">#</a>
						
              <code id="249">/usr/include/c++/6.1.1/cstdlib:140:11: error: '::div' has not been declared</code><br />
						
            
            <a class="navhash" href="#250">#</a>
						
              <code id="250">   using ::div;</code><br />
						
            
            <a class="navhash" href="#251">#</a>
						
              <code id="251">           ^~~</code><br />
						
            
            <a class="navhash" href="#252">#</a>
						
              <code id="252">/usr/include/c++/6.1.1/cstdlib:141:11: error: '::exit' has not been declared</code><br />
						
            
            <a class="navhash" href="#253">#</a>
						
              <code id="253">   using ::exit;</code><br />
						
            
            <a class="navhash" href="#254">#</a>
						
              <code id="254">           ^~~~</code><br />
						
            
            <a class="navhash" href="#255">#</a>
						
              <code id="255">/usr/include/c++/6.1.1/cstdlib:143:11: error: '::getenv' has not been declared</code><br />
						
            
            <a class="navhash" href="#256">#</a>
						
              <code id="256">   using ::getenv;</code><br />
						
            
            <a class="navhash" href="#257">#</a>
						
              <code id="257">           ^~~~~~</code><br />
						
            
            <a class="navhash" href="#258">#</a>
						
              <code id="258">/usr/include/c++/6.1.1/cstdlib:144:11: error: '::labs' has not been declared</code><br />
						
            
            <a class="navhash" href="#259">#</a>
						
              <code id="259">   using ::labs;</code><br />
						
            
            <a class="navhash" href="#260">#</a>
						
              <code id="260">           ^~~~</code><br />
						
            
            <a class="navhash" href="#261">#</a>
						
              <code id="261">/usr/include/c++/6.1.1/cstdlib:145:11: error: '::ldiv' has not been declared</code><br />
						
            
            <a class="navhash" href="#262">#</a>
						
              <code id="262">   using ::ldiv;</code><br />
						
            
            <a class="navhash" href="#263">#</a>
						
              <code id="263">           ^~~~</code><br />
						
            
            <a class="navhash" href="#264">#</a>
						
              <code id="264">/usr/include/c++/6.1.1/cstdlib:148:11: error: '::mblen' has not been declared</code><br />
						
            
            <a class="navhash" href="#265">#</a>
						
              <code id="265">   using ::mblen;</code><br />
						
            
            <a class="navhash" href="#266">#</a>
						
              <code id="266">           ^~~~~</code><br />
						
            
            <a class="navhash" href="#267">#</a>
						
              <code id="267">/usr/include/c++/6.1.1/cstdlib:150:11: error: '::mbtowc' has not been declared</code><br />
						
            
            <a class="navhash" href="#268">#</a>
						
              <code id="268">   using ::mbtowc;</code><br />
						
            
            <a class="navhash" href="#269">#</a>
						
              <code id="269">           ^~~~~~</code><br />
						
            
            <a class="navhash" href="#270">#</a>
						
              <code id="270">/usr/include/c++/6.1.1/cstdlib:155:11: error: '::quick_exit' has not been declared</code><br />
						
            
            <a class="navhash" href="#271">#</a>
						
              <code id="271">   using ::quick_exit;</code><br />
						
            
            <a class="navhash" href="#272">#</a>
						
              <code id="272">           ^~~~~~~~~~</code><br />
						
            
            <a class="navhash" href="#273">#</a>
						
              <code id="273">/usr/include/c++/6.1.1/cstdlib:158:11: error: '::rand' has not been declared</code><br />
						
            
            <a class="navhash" href="#274">#</a>
						
              <code id="274">   using ::rand;</code><br />
						
            
            <a class="navhash" href="#275">#</a>
						
              <code id="275">           ^~~~</code><br />
						
            
            <a class="navhash" href="#276">#</a>
						
              <code id="276">/usr/include/c++/6.1.1/cstdlib:160:11: error: '::srand' has not been declared</code><br />
						
            
            <a class="navhash" href="#277">#</a>
						
              <code id="277">   using ::srand;</code><br />
						
            
            <a class="navhash" href="#278">#</a>
						
              <code id="278">           ^~~~~</code><br />
						
            
            <a class="navhash" href="#279">#</a>
						
              <code id="279">/usr/include/c++/6.1.1/cstdlib:161:11: error: '::strtod' has not been declared</code><br />
						
            
            <a class="navhash" href="#280">#</a>
						
              <code id="280">   using ::strtod;</code><br />
						
            
            <a class="navhash" href="#281">#</a>
						
              <code id="281">           ^~~~~~</code><br />
						
            
            <a class="navhash" href="#282">#</a>
						
              <code id="282">/usr/include/c++/6.1.1/cstdlib:162:11: error: '::strtol' has not been declared</code><br />
						
            
            <a class="navhash" href="#283">#</a>
						
              <code id="283">   using ::strtol;</code><br />
						
            
            <a class="navhash" href="#284">#</a>
						
              <code id="284">           ^~~~~~</code><br />
						
            
            <a class="navhash" href="#285">#</a>
						
              <code id="285">/usr/include/c++/6.1.1/cstdlib:163:11: error: '::strtoul' has not been declared</code><br />
						
            
            <a class="navhash" href="#286">#</a>
						
              <code id="286">   using ::strtoul;</code><br />
						
            
            <a class="navhash" href="#287">#</a>
						
              <code id="287">           ^~~~~~~</code><br />
						
            
            <a class="navhash" href="#288">#</a>
						
              <code id="288">/usr/include/c++/6.1.1/cstdlib:164:11: error: '::system' has not been declared</code><br />
						
            
            <a class="navhash" href="#289">#</a>
						
              <code id="289">   using ::system;</code><br />
						
            
            <a class="navhash" href="#290">#</a>
						
              <code id="290">           ^~~~~~</code><br />
						
            
            <a class="navhash" href="#291">#</a>
						
              <code id="291">/usr/include/c++/6.1.1/cstdlib:166:11: error: '::wcstombs' has not been declared</code><br />
						
            
            <a class="navhash" href="#292">#</a>
						
              <code id="292">   using ::wcstombs;</code><br />
						
            
            <a class="navhash" href="#293">#</a>
						
              <code id="293">           ^~~~~~~~</code><br />
						
            
            <a class="navhash" href="#294">#</a>
						
              <code id="294">/usr/include/c++/6.1.1/cstdlib:167:11: error: '::wctomb' has not been declared</code><br />
						
            
            <a class="navhash" href="#295">#</a>
						
              <code id="295">   using ::wctomb;</code><br />
						
            
            <a class="navhash" href="#296">#</a>
						
              <code id="296">           ^~~~~~</code><br />
						
            
            <a class="navhash" href="#297">#</a>
						
              <code id="297">/usr/include/c++/6.1.1/cstdlib: In function 'ldiv_t std::div(long int, long int)':</code><br />
						
            
            <a class="navhash" href="#298">#</a>
						
              <code id="298">/usr/include/c++/6.1.1/cstdlib:175:49: error: 'ldiv' was not declared in this scope</code><br />
						
            
            <a class="navhash" href="#299">#</a>
						
              <code id="299">   div(long __i, long __j) { return ldiv(__i, __j); }</code><br />
						
            
            <a class="navhash" href="#300">#</a>
						
              <code id="300">                                                 ^</code><br />
						
            
            <a class="navhash" href="#301">#</a>
						
              <code id="301">/usr/include/c++/6.1.1/cstdlib: At global scope:</code><br />
						
            
            <a class="navhash" href="#302">#</a>
						
              <code id="302">/usr/include/c++/6.1.1/cstdlib:220:11: error: '::lldiv_t' has not been declared</code><br />
						
            
            <a class="navhash" href="#303">#</a>
						
              <code id="303">   using ::lldiv_t;</code><br />
						
            
            <a class="navhash" href="#304">#</a>
						
              <code id="304">           ^~~~~~~</code><br />
						
            
            <a class="navhash" href="#305">#</a>
						
              <code id="305">/usr/include/c++/6.1.1/cstdlib:226:11: error: '::_Exit' has not been declared</code><br />
						
            
            <a class="navhash" href="#306">#</a>
						
              <code id="306">   using ::_Exit;</code><br />
						
            
            <a class="navhash" href="#307">#</a>
						
              <code id="307">           ^~~~~</code><br />
						
            
            <a class="navhash" href="#308">#</a>
						
              <code id="308">/usr/include/c++/6.1.1/cstdlib:230:11: error: '::llabs' has not been declared</code><br />
						
            
            <a class="navhash" href="#309">#</a>
						
              <code id="309">   using ::llabs;</code><br />
						
            
            <a class="navhash" href="#310">#</a>
						
              <code id="310">           ^~~~~</code><br />
						
            
            <a class="navhash" href="#311">#</a>
						
              <code id="311">/usr/include/c++/6.1.1/cstdlib:232:10: error: 'lldiv_t' does not name a type</code><br />
						
            
            <a class="navhash" href="#312">#</a>
						
              <code id="312">   inline lldiv_t</code><br />
						
            
            <a class="navhash" href="#313">#</a>
						
              <code id="313">          ^~~~~~~</code><br />
						
            
            <a class="navhash" href="#314">#</a>
						
              <code id="314">/usr/include/c++/6.1.1/cstdlib:236:11: error: '::lldiv' has not been declared</code><br />
						
            
            <a class="navhash" href="#315">#</a>
						
              <code id="315">   using ::lldiv;</code><br />
						
            
            <a class="navhash" href="#316">#</a>
						
              <code id="316">           ^~~~~</code><br />
						
            
            <a class="navhash" href="#317">#</a>
						
              <code id="317">/usr/include/c++/6.1.1/cstdlib:247:11: error: '::atoll' has not been declared</code><br />
						
            
            <a class="navhash" href="#318">#</a>
						
              <code id="318">   using ::atoll;</code><br />
						
            
            <a class="navhash" href="#319">#</a>
						
              <code id="319">           ^~~~~</code><br />
						
            
            <a class="navhash" href="#320">#</a>
						
              <code id="320">/usr/include/c++/6.1.1/cstdlib:248:11: error: '::strtoll' has not been declared</code><br />
						
            
            <a class="navhash" href="#321">#</a>
						
              <code id="321">   using ::strtoll;</code><br />
						
            
            <a class="navhash" href="#322">#</a>
						
              <code id="322">           ^~~~~~~</code><br />
						
            
            <a class="navhash" href="#323">#</a>
						
              <code id="323">/usr/include/c++/6.1.1/cstdlib:249:11: error: '::strtoull' has not been declared</code><br />
						
            
            <a class="navhash" href="#324">#</a>
						
              <code id="324">   using ::strtoull;</code><br />
						
            
            <a class="navhash" href="#325">#</a>
						
              <code id="325">           ^~~~~~~~</code><br />
						
            
            <a class="navhash" href="#326">#</a>
						
              <code id="326">/usr/include/c++/6.1.1/cstdlib:251:11: error: '::strtof' has not been declared</code><br />
						
            
            <a class="navhash" href="#327">#</a>
						
              <code id="327">   using ::strtof;</code><br />
						
            
            <a class="navhash" href="#328">#</a>
						
              <code id="328">           ^~~~~~</code><br />
						
            
            <a class="navhash" href="#329">#</a>
						
              <code id="329">/usr/include/c++/6.1.1/cstdlib:252:11: error: '::strtold' has not been declared</code><br />
						
            
            <a class="navhash" href="#330">#</a>
						
              <code id="330">   using ::strtold;</code><br />
						
            
            <a class="navhash" href="#331">#</a>
						
              <code id="331">           ^~~~~~~</code><br />
						
            
            <a class="navhash" href="#332">#</a>
						
              <code id="332">/usr/include/c++/6.1.1/cstdlib:260:22: error: '__gnu_cxx::lldiv_t' has not been declared</code><br />
						
            
            <a class="navhash" href="#333">#</a>
						
              <code id="333">   using ::__gnu_cxx::lldiv_t;</code><br />
						
            
            <a class="navhash" href="#334">#</a>
						
              <code id="334">                      ^~~~~~~</code><br />
						
            
            <a class="navhash" href="#335">#</a>
						
              <code id="335">/usr/include/c++/6.1.1/cstdlib:262:22: error: '__gnu_cxx::_Exit' has not been declared</code><br />
						
            
            <a class="navhash" href="#336">#</a>
						
              <code id="336">   using ::__gnu_cxx::_Exit;</code><br />
						
            
            <a class="navhash" href="#337">#</a>
						
              <code id="337">                      ^~~~~</code><br />
						
            
            <a class="navhash" href="#338">#</a>
						
              <code id="338">/usr/include/c++/6.1.1/cstdlib:264:22: error: '__gnu_cxx::llabs' has not been declared</code><br />
						
            
            <a class="navhash" href="#339">#</a>
						
              <code id="339">   using ::__gnu_cxx::llabs;</code><br />
						
            
            <a class="navhash" href="#340">#</a>
						
              <code id="340">                      ^~~~~</code><br />
						
            
            <a class="navhash" href="#341">#</a>
						
              <code id="341">/usr/include/c++/6.1.1/cstdlib:265:22: error: '__gnu_cxx::div' has not been declared</code><br />
						
            
            <a class="navhash" href="#342">#</a>
						
              <code id="342">   using ::__gnu_cxx::div;</code><br />
						
            
            <a class="navhash" href="#343">#</a>
						
              <code id="343">                      ^~~</code><br />
						
            
            <a class="navhash" href="#344">#</a>
						
              <code id="344">/usr/include/c++/6.1.1/cstdlib:266:22: error: '__gnu_cxx::lldiv' has not been declared</code><br />
						
            
            <a class="navhash" href="#345">#</a>
						
              <code id="345">   using ::__gnu_cxx::lldiv;</code><br />
						
            
            <a class="navhash" href="#346">#</a>
						
              <code id="346">                      ^~~~~</code><br />
						
            
            <a class="navhash" href="#347">#</a>
						
              <code id="347">/usr/include/c++/6.1.1/cstdlib:268:22: error: '__gnu_cxx::atoll' has not been declared</code><br />
						
            
            <a class="navhash" href="#348">#</a>
						
              <code id="348">   using ::__gnu_cxx::atoll;</code><br />
						
            
            <a class="navhash" href="#349">#</a>
						
              <code id="349">                      ^~~~~</code><br />
						
            
            <a class="navhash" href="#350">#</a>
						
              <code id="350">/usr/include/c++/6.1.1/cstdlib:269:22: error: '__gnu_cxx::strtof' has not been declared</code><br />
						
            
            <a class="navhash" href="#351">#</a>
						
              <code id="351">   using ::__gnu_cxx::strtof;</code><br />
						
            
            <a class="navhash" href="#352">#</a>
						
              <code id="352">                      ^~~~~~</code><br />
						
            
            <a class="navhash" href="#353">#</a>
						
              <code id="353">/usr/include/c++/6.1.1/cstdlib:270:22: error: '__gnu_cxx::strtoll' has not been declared</code><br />
						
            
            <a class="navhash" href="#354">#</a>
						
              <code id="354">   using ::__gnu_cxx::strtoll;</code><br />
						
            
            <a class="navhash" href="#355">#</a>
						
              <code id="355">                      ^~~~~~~</code><br />
						
            
            <a class="navhash" href="#356">#</a>
						
              <code id="356">/usr/include/c++/6.1.1/cstdlib:271:22: error: '__gnu_cxx::strtoull' has not been declared</code><br />
						
            
            <a class="navhash" href="#357">#</a>
						
              <code id="357">   using ::__gnu_cxx::strtoull;</code><br />
						
            
            <a class="navhash" href="#358">#</a>
						
              <code id="358">                      ^~~~~~~~</code><br />
						
            
            <a class="navhash" href="#359">#</a>
						
              <code id="359">/usr/include/c++/6.1.1/cstdlib:272:22: error: '__gnu_cxx::strtold' has not been declared</code><br />
						
            
            <a class="navhash" href="#360">#</a>
						
              <code id="360">   using ::__gnu_cxx::strtold;</code><br />
						
            
            <a class="navhash" href="#361">#</a>
						
              <code id="361">                      ^~~~~~~</code><br />
						
            
            <a class="navhash" href="#362">#</a>
						
              <code id="362">In file included from /usr/include/c++/6.1.1/string:52:0,</code><br />
						
            
            <a class="navhash" href="#363">#</a>
						
              <code id="363">                 from support.cc:18:</code><br />
						
            
            <a class="navhash" href="#364">#</a>
						
              <code id="364">/usr/include/c++/6.1.1/bits/basic_string.h: In function 'int std::__cxx11::stoi(const string&, std::size_t*, int)':</code><br />
						
            
            <a class="navhash" href="#365">#</a>
						
              <code id="365">/usr/include/c++/6.1.1/bits/basic_string.h:5413:42: error: 'strtol' is not a member of 'std'</code><br />
						
            
            <a class="navhash" href="#366">#</a>
						
              <code id="366">   { return __gnu_cxx::__stoa<long, int>(&std::strtol, "stoi", __str.c_str(),</code><br />
						
            
            <a class="navhash" href="#367">#</a>
						
              <code id="367">                                          ^~~</code><br />
						
            
            <a class="navhash" href="#368">#</a>
						
              <code id="368">/usr/include/c++/6.1.1/bits/basic_string.h: In function 'long int std::__cxx11::stol(const string&, std::size_t*, int)':</code><br />
						
            
            <a class="navhash" href="#369">#</a>
						
              <code id="369">/usr/include/c++/6.1.1/bits/basic_string.h:5418:31: error: 'strtol' is not a member of 'std'</code><br />
						
            
            <a class="navhash" href="#370">#</a>
						
              <code id="370">   { return __gnu_cxx::__stoa(&std::strtol, "stol", __str.c_str(),</code><br />
						
            
            <a class="navhash" href="#371">#</a>
						
              <code id="371">                               ^~~</code><br />
						
            
            <a class="navhash" href="#372">#</a>
						
              <code id="372">/usr/include/c++/6.1.1/bits/basic_string.h: In function 'long unsigned int std::__cxx11::stoul(const string&, std::size_t*, int)':</code><br />
						
            
            <a class="navhash" href="#373">#</a>
						
              <code id="373">/usr/include/c++/6.1.1/bits/basic_string.h:5423:31: error: 'strtoul' is not a member of 'std'</code><br />
						
            
            <a class="navhash" href="#374">#</a>
						
              <code id="374">   { return __gnu_cxx::__stoa(&std::strtoul, "stoul", __str.c_str(),</code><br />
						
            
            <a class="navhash" href="#375">#</a>
						
              <code id="375">                               ^~~</code><br />
						
            
            <a class="navhash" href="#376">#</a>
						
              <code id="376">/usr/include/c++/6.1.1/bits/basic_string.h: In function 'long long int std::__cxx11::stoll(const string&, std::size_t*, int)':</code><br />
						
            
            <a class="navhash" href="#377">#</a>
						
              <code id="377">/usr/include/c++/6.1.1/bits/basic_string.h:5428:31: error: 'strtoll' is not a member of 'std'</code><br />
						
            
            <a class="navhash" href="#378">#</a>
						
              <code id="378">   { return __gnu_cxx::__stoa(&std::strtoll, "stoll", __str.c_str(),</code><br />
						
            
            <a class="navhash" href="#379">#</a>
						
              <code id="379">                               ^~~</code><br />
						
            
            <a class="navhash" href="#380">#</a>
						
              <code id="380">/usr/include/c++/6.1.1/bits/basic_string.h: In function 'long long unsigned int std::__cxx11::stoull(const string&, std::size_t*, int)':</code><br />
						
            
            <a class="navhash" href="#381">#</a>
						
              <code id="381">/usr/include/c++/6.1.1/bits/basic_string.h:5433:31: error: 'strtoull' is not a member of 'std'</code><br />
						
            
            <a class="navhash" href="#382">#</a>
						
              <code id="382">   { return __gnu_cxx::__stoa(&std::strtoull, "stoull", __str.c_str(),</code><br />
						
            
            <a class="navhash" href="#383">#</a>
						
              <code id="383">                               ^~~</code><br />
						
            
            <a class="navhash" href="#384">#</a>
						
              <code id="384">/usr/include/c++/6.1.1/bits/basic_string.h: In function 'float std::__cxx11::stof(const string&, std::size_t*)':</code><br />
						
            
            <a class="navhash" href="#385">#</a>
						
              <code id="385">/usr/include/c++/6.1.1/bits/basic_string.h:5439:31: error: 'strtof' is not a member of 'std'</code><br />
						
            
            <a class="navhash" href="#386">#</a>
						
              <code id="386">   { return __gnu_cxx::__stoa(&std::strtof, "stof", __str.c_str(), __idx); }</code><br />
						
            
            <a class="navhash" href="#387">#</a>
						
              <code id="387">                               ^~~</code><br />
						
            
            <a class="navhash" href="#388">#</a>
						
              <code id="388">/usr/include/c++/6.1.1/bits/basic_string.h: In function 'double std::__cxx11::stod(const string&, std::size_t*)':</code><br />
						
            
            <a class="navhash" href="#389">#</a>
						
              <code id="389">/usr/include/c++/6.1.1/bits/basic_string.h:5443:31: error: 'strtod' is not a member of 'std'</code><br />
						
            
            <a class="navhash" href="#390">#</a>
						
              <code id="390">   { return __gnu_cxx::__stoa(&std::strtod, "stod", __str.c_str(), __idx); }</code><br />
						
            
            <a class="navhash" href="#391">#</a>
						
              <code id="391">                               ^~~</code><br />
						
            
            <a class="navhash" href="#392">#</a>
						
              <code id="392">/usr/include/c++/6.1.1/bits/basic_string.h: In function 'long double std::__cxx11::stold(const string&, std::size_t*)':</code><br />
						
            
            <a class="navhash" href="#393">#</a>
						
              <code id="393">/usr/include/c++/6.1.1/bits/basic_string.h:5447:31: error: 'strtold' is not a member of 'std'</code><br />
						
            
            <a class="navhash" href="#394">#</a>
						
              <code id="394">   { return __gnu_cxx::__stoa(&std::strtold, "stold", __str.c_str(), __idx); }</code><br />
						
            
            <a class="navhash" href="#395">#</a>
						
              <code id="395">                               ^~~</code><br />
						
            
            <a class="navhash" href="#396">#</a>
						
              <code id="396">In file included from /sysroot/sysroot/usr/include/linux/signal.h:21:0,</code><br />
						
            
            <a class="navhash" href="#397">#</a>
						
              <code id="397">                 from /sysroot/sysroot/usr/include/signal.h:43,</code><br />
						
            
            <a class="navhash" href="#398">#</a>
						
              <code id="398">                 from /sysroot/sysroot/usr/include/pthread.h:33,</code><br />
						
            
            <a class="navhash" href="#399">#</a>
						
              <code id="399">                 from /usr/include/c++/6.1.1/x86_64-pc-linux-gnu/bits/gthr-default.h:35,</code><br />
						
            
            <a class="navhash" href="#400">#</a>
						
              <code id="400">                 from /usr/include/c++/6.1.1/x86_64-pc-linux-gnu/bits/gthr.h:148,</code><br />
						
            
            <a class="navhash" href="#401">#</a>
						
              <code id="401">                 from /usr/include/c++/6.1.1/ext/atomicity.h:35,</code><br />
						
            
            <a class="navhash" href="#402">#</a>
						
              <code id="402">                 from /usr/include/c++/6.1.1/bits/basic_string.h:39,</code><br />
						
            
            <a class="navhash" href="#403">#</a>
						
              <code id="403">                 from /usr/include/c++/6.1.1/string:52,</code><br />
						
            
            <a class="navhash" href="#404">#</a>
						
              <code id="404">                 from guid.cc:20:</code><br />
						
            
            <a class="navhash" href="#405">#</a>
						
              <code id="405">/sysroot/sysroot/usr/include/signal.h:86:18: error: expected ';' at end of member declaration</code><br />
						
            
            <a class="navhash" href="#406">#</a>
						
              <code id="406">     sighandler_t sa_handler;</code><br />
						
            
            <a class="navhash" href="#407">#</a>
						
              <code id="407">                  ^</code><br />
						
            
            <a class="navhash" href="#408">#</a>
						<span class="error">
              <code id="408">/sysroot/sysroot/usr/include/signal.h:86:18: error: expected unqualified-id before '.' token</code><br />
						</span>
            
            <a class="navhash" href="#409">#</a>
						
              <code id="409">     sighandler_t sa_handler;</code><br />
						
            
            <a class="navhash" href="#410">#</a>
						
              <code id="410">                  ^</code><br />
						
            
            <a class="navhash" href="#411">#</a>
						<span class="error">
              <code id="411">/sysroot/sysroot/usr/include/signal.h:87:12: error: expected ')' before '.' token</code><br />
						</span>
            
            <a class="navhash" href="#412">#</a>
						
              <code id="412">     void (*sa_sigaction)(int, struct siginfo*, void*);</code><br />
						
            
            <a class="navhash" href="#413">#</a>
						
              <code id="413">            ^</code><br />
						
            
            <a class="navhash" href="#414">#</a>
						
              <code id="414">In file included from /usr/include/c++/6.1.1/bits/ios_base.h:41:0,</code><br />
						
            
            <a class="navhash" href="#415">#</a>
						
              <code id="415">                 from /usr/include/c++/6.1.1/ios:42,</code><br />
						
            
            <a class="navhash" href="#416">#</a>
						
              <code id="416">                 from /usr/include/c++/6.1.1/ostream:38,</code><br />
						
            
            <a class="navhash" href="#417">#</a>
						
              <code id="417">                 from /usr/include/c++/6.1.1/iostream:39,</code><br />
						
            
            <a class="navhash" href="#418">#</a>
						
              <code id="418">                 from support.cc:19:</code><br />
						
            
            <a class="navhash" href="#419">#</a>
						
              <code id="419">/usr/include/c++/6.1.1/bits/locale_classes.h: At global scope:</code><br />
						
            
            <a class="navhash" href="#420">#</a>
						
              <code id="420">/usr/include/c++/6.1.1/bits/locale_classes.h:412:29: error: could not convert '0' from 'int' to 'std::__c_locale {aka __locale_t}'</code><br />
						
            
            <a class="navhash" href="#421">#</a>
						
              <code id="421">          __c_locale __old = 0);</code><br />
						
            
            <a class="navhash" href="#422">#</a>
						
              <code id="422">                             ^</code><br />
						
            
            <a class="navhash" href="#423">#</a>
						
              <code id="423">/usr/include/c++/6.1.1/bits/locale_classes.h:654:20: error: field '_M_c_locale_collate' has incomplete type 'std::__c_locale {aka __locale_t}'</code><br />
						
            
            <a class="navhash" href="#424">#</a>
						
              <code id="424">       __c_locale   _M_c_locale_collate;</code><br />
						
            
            <a class="navhash" href="#425">#</a>
						
              <code id="425">                    ^~~~~~~~~~~~~~~~~~~</code><br />
						
            
            <a class="navhash" href="#426">#</a>
						
              <code id="426">In file included from /sysroot/sysroot/usr/include/string.h:34:0,</code><br />
						
            
            <a class="navhash" href="#427">#</a>
						
              <code id="427">                 from /sysroot/sysroot/usr/include/signal.h:35,</code><br />
						
            
            <a class="navhash" href="#428">#</a>
						
              <code id="428">                 from /sysroot/sysroot/usr/include/sys/select.h:35,</code><br />
						
            
            <a class="navhash" href="#429">#</a>
						
              <code id="429">                 from /sysroot/sysroot/usr/include/unistd.h:34,</code><br />
						
            
            <a class="navhash" href="#430">#</a>
						
              <code id="430">                 from /sysroot/sysroot/usr/include/fcntl.h:37,</code><br />
						
            
            <a class="navhash" href="#431">#</a>
						
              <code id="431">                 from support.cc:15:</code><br />
						
            
            <a class="navhash" href="#432">#</a>
						
              <code id="432">/sysroot/sysroot/usr/include/xlocale.h:33:8: note: forward declaration of 'std::__c_locale {aka struct __locale_t}'</code><br />
						
            
            <a class="navhash" href="#433">#</a>
						
              <code id="433"> struct __locale_t;</code><br />
						
            
            <a class="navhash" href="#434">#</a>
						
              <code id="434">        ^~~~~~~~~~</code><br />
						
            
            <a class="navhash" href="#435">#</a>
						
              <code id="435">In file included from /usr/include/c++/6.1.1/bits/ios_base.h:41:0,</code><br />
						
            
            <a class="navhash" href="#436">#</a>
						
              <code id="436">                 from /usr/include/c++/6.1.1/ios:42,</code><br />
						
            
            <a class="navhash" href="#437">#</a>
						
              <code id="437">                 from /usr/include/c++/6.1.1/ostream:38,</code><br />
						
            
            <a class="navhash" href="#438">#</a>
						
              <code id="438">                 from /usr/include/c++/6.1.1/iostream:39,</code><br />
						
            
            <a class="navhash" href="#439">#</a>
						
              <code id="439">                 from support.cc:19:</code><br />
						
            
            <a class="navhash" href="#440">#</a>
						
              <code id="440">/usr/include/c++/6.1.1/bits/locale_classes.h: In constructor 'std::__cxx11::collate<_CharT>::collate(std::__c_locale, std::size_t)':</code><br />
						
            
            <a class="navhash" href="#441">#</a>
						
              <code id="441">/usr/include/c++/6.1.1/bits/locale_classes.h:682:26: error: '__cloc' has incomplete type</code><br />
						
            
            <a class="navhash" href="#442">#</a>
						
              <code id="442">       collate(__c_locale __cloc, size_t __refs = 0)</code><br />
						
            
            <a class="navhash" href="#443">#</a>
						
              <code id="443">                          ^~~~~~</code><br />
						
            
            <a class="navhash" href="#444">#</a>
						
              <code id="444">In file included from /sysroot/sysroot/usr/include/string.h:34:0,</code><br />
						
            
            <a class="navhash" href="#445">#</a>
						
              <code id="445">                 from /sysroot/sysroot/usr/include/signal.h:35,</code><br />
						
            
            <a class="navhash" href="#446">#</a>
						
              <code id="446">                 from /sysroot/sysroot/usr/include/sys/select.h:35,</code><br />
						
            
            <a class="navhash" href="#447">#</a>
						
              <code id="447">                 from /sysroot/sysroot/usr/include/unistd.h:34,</code><br />
						
            
            <a class="navhash" href="#448">#</a>
						
              <code id="448">                 from /sysroot/sysroot/usr/include/fcntl.h:37,</code><br />
						
            
            <a class="navhash" href="#449">#</a>
						
              <code id="449">                 from support.cc:15:</code><br />
						
            
            <a class="navhash" href="#450">#</a>
						
              <code id="450">/sysroot/sysroot/usr/include/xlocale.h:33:8: note: forward declaration of 'std::__c_locale {aka struct __locale_t}'</code><br />
						
            
            <a class="navhash" href="#451">#</a>
						
              <code id="451"> struct __locale_t;</code><br />
						
            
            <a class="navhash" href="#452">#</a>
						
              <code id="452">        ^~~~~~~~~~</code><br />
						
            
            <a class="navhash" href="#453">#</a>
						
              <code id="453">In file included from /usr/include/c++/6.1.1/cstdlib:75:0,</code><br />
						
            
            <a class="navhash" href="#454">#</a>
						
              <code id="454">                 from /usr/include/c++/6.1.1/ext/string_conversions.h:41,</code><br />
						
            
            <a class="navhash" href="#455">#</a>
						
              <code id="455">                 from /usr/include/c++/6.1.1/bits/basic_string.h:5402,</code><br />
						
            
            <a class="navhash" href="#456">#</a>
						
              <code id="456">                 from /usr/include/c++/6.1.1/string:52,</code><br />
						
            
            <a class="navhash" href="#457">#</a>
						
              <code id="457">                 from guid.cc:20:</code><br />
						
            
            <a class="navhash" href="#458">#</a>
						
              <code id="458">/usr/include/stdlib.h:95:1: error: '__BEGIN_NAMESPACE_STD' does not name a type</code><br />
						
            
            <a class="navhash" href="#459">#</a>
						
              <code id="459"> __BEGIN_NAMESPACE_STD</code><br />
						
            
            <a class="navhash" href="#460">#</a>
						
              <code id="460"> ^~~~~~~~~~~~~~~~~~~~~</code><br />
						
            
            <a class="navhash" href="#461">#</a>
						
              <code id="461">/usr/include/stdlib.h:101:5: error: 'div_t' does not name a type</code><br />
						
            
            <a class="navhash" href="#462">#</a>
						
              <code id="462">   } div_t;</code><br />
						
            
            <a class="navhash" href="#463">#</a>
						
              <code id="463">     ^~~~~</code><br />
						
            
            <a class="navhash" href="#464">#</a>
						
              <code id="464">/usr/include/stdlib.h:112:1: error: '__END_NAMESPACE_STD' does not name a type</code><br />
						
            
            <a class="navhash" href="#465">#</a>
						
              <code id="465"> __END_NAMESPACE_STD</code><br />
						
            
            <a class="navhash" href="#466">#</a>
						
              <code id="466"> ^~~~~~~~~~~~~~~~~~~</code><br />
						
            
            <a class="navhash" href="#467">#</a>
						
              <code id="467">/usr/include/stdlib.h:142:1: error: '__BEGIN_NAMESPACE_STD' does not name a type</code><br />
						
            
            <a class="navhash" href="#468">#</a>
						
              <code id="468"> __BEGIN_NAMESPACE_STD</code><br />
						
            
            <a class="navhash" href="#469">#</a>
						
              <code id="469"> ^~~~~~~~~~~~~~~~~~~~~</code><br />
						
            
            <a class="navhash" href="#470">#</a>
						<span class="error">
              <code id="470">/usr/include/stdlib.h:148:6: error: expected initializer before '__THROW'</code><br />
						</span>
            
            <a class="navhash" href="#471">#</a>
						
              <code id="471">      __THROW __attribute_pure__ __nonnull ((1)) __wur;</code><br />
						
            
            <a class="navhash" href="#472">#</a>
						
              <code id="472">      ^~~~~~~</code><br />
						
            
            <a class="navhash" href="#473">#</a>
						<span class="error">
              <code id="473">/usr/include/stdlib.h:151:6: error: expected initializer before '__THROW'</code><br />
						</span>
            
            <a class="navhash" href="#474">#</a>
						
              <code id="474">      __THROW __attribute_pure__ __nonnull ((1)) __wur;</code><br />
						
            
            <a class="navhash" href="#475">#</a>
						
              <code id="475">      ^~~~~~~</code><br />
						
            
            <a class="navhash" href="#476">#</a>
						
              <code id="476">/usr/include/stdlib.h:152:1: error: '__END_NAMESPACE_STD' does not name a type</code><br />
						
            
            <a class="navhash" href="#477">#</a>
						
              <code id="477"> __END_NAMESPACE_STD</code><br />
						
            
            <a class="navhash" href="#478">#</a>
						
              <code id="478"> ^~~~~~~~~~~~~~~~~~~</code><br />
						
            
            <a class="navhash" href="#479">#</a>
						
              <code id="479">/usr/include/stdlib.h:167:1: error: '__END_NAMESPACE_STD' does not name a type</code><br />
						
            
            <a class="navhash" href="#480">#</a>
						
              <code id="480"> __END_NAMESPACE_STD</code><br />
						
            
            <a class="navhash" href="#481">#</a>
						
              <code id="481"> ^~~~~~~~~~~~~~~~~~~</code><br />
						
            
            <a class="navhash" href="#482">#</a>
						<span class="error">
              <code id="482">/usr/include/stdlib.h:189:6: error: expected initializer before '__THROW'</code><br />
						</span>
            
            <a class="navhash" href="#483">#</a>
						
              <code id="483">      __THROW __nonnull ((1));</code><br />
						
            
            <a class="navhash" href="#484">#</a>
						
              <code id="484">      ^~~~~~~</code><br />
						
            
            <a class="navhash" href="#485">#</a>
						
              <code id="485">/usr/include/stdlib.h:190:1: error: '__END_NAMESPACE_STD' does not name a type</code><br />
						
            
            <a class="navhash" href="#486">#</a>
						
              <code id="486"> __END_NAMESPACE_STD</code><br />
						
            
            <a class="navhash" href="#487">#</a>
						
              <code id="487"> ^~~~~~~~~~~~~~~~~~~</code><br />
						
            
            <a class="navhash" href="#488">#</a>
						<span class="error">
              <code id="488">/usr/include/stdlib.h:376:41: error: expected initializer before '__THROW'</code><br />
						</span>
            
            <a class="navhash" href="#489">#</a>
						
              <code id="489"> extern void srand (unsigned int __seed) __THROW;</code><br />
						
            
            <a class="navhash" href="#490">#</a>
						
              <code id="490">                                         ^~~~~~~</code><br />
						
            
            <a class="navhash" href="#491">#</a>
						
              <code id="491">/usr/include/stdlib.h:377:1: error: '__END_NAMESPACE_STD' does not name a type</code><br />
						
            
            <a class="navhash" href="#492">#</a>
						
              <code id="492"> __END_NAMESPACE_STD</code><br />
						
            
            <a class="navhash" href="#493">#</a>
						
              <code id="493"> ^~~~~~~~~~~~~~~~~~~</code><br />
						
            
            <a class="navhash" href="#494">#</a>
						
              <code id="494">/usr/include/stdlib.h:464:1: error: '__BEGIN_NAMESPACE_STD' does not name a type</code><br />
						
            
            <a class="navhash" href="#495">#</a>
						
              <code id="495"> __BEGIN_NAMESPACE_STD</code><br />
						
            
            <a class="navhash" href="#496">#</a>
						
              <code id="496"> ^~~~~~~~~~~~~~~~~~~~~</code><br />
						
            
            <a class="navhash" href="#497">#</a>
						<span class="error">
              <code id="497">/usr/include/stdlib.h:469:6: error: expected initializer before '__THROW'</code><br />
						</span>
            
            <a class="navhash" href="#498">#</a>
						
              <code id="498">      __THROW __attribute_malloc__ __wur;</code><br />
						
            
            <a class="navhash" href="#499">#</a>
						
              <code id="499">      ^~~~~~~</code><br />
						
            
            <a class="navhash" href="#500">#</a>
						
              <code id="500">/usr/include/stdlib.h:470:1: error: '__END_NAMESPACE_STD' does not name a type</code><br />
						
            
            <a class="navhash" href="#501">#</a>
						
              <code id="501"> __END_NAMESPACE_STD</code><br />
						
            
            <a class="navhash" href="#502">#</a>
						
              <code id="502"> ^~~~~~~~~~~~~~~~~~~</code><br />
						
            
            <a class="navhash" href="#503">#</a>
						<span class="error">
              <code id="503">/usr/include/stdlib.h:483:32: error: expected initializer before '__THROW'</code><br />
						</span>
            
            <a class="navhash" href="#504">#</a>
						
              <code id="504"> extern void free (void *__ptr) __THROW;</code><br />
						
            
            <a class="navhash" href="#505">#</a>
						
              <code id="505">                                ^~~~~~~</code><br />
						
            
            <a class="navhash" href="#506">#</a>
						
              <code id="506">/usr/include/stdlib.h:484:1: error: '__END_NAMESPACE_STD' does not name a type</code><br />
						
            
            <a class="navhash" href="#507">#</a>
						
              <code id="507"> __END_NAMESPACE_STD</code><br />
						
            
            <a class="navhash" href="#508">#</a>
						
              <code id="508"> ^~~~~~~~~~~~~~~~~~~</code><br />
						
            
            <a class="navhash" href="#509">#</a>
						<span class="error">
              <code id="509">/usr/include/stdlib.h:519:43: error: expected initializer before '__THROW'</code><br />
						</span>
            
            <a class="navhash" href="#510">#</a>
						
              <code id="510"> extern int atexit (void (*__func) (void)) __THROW __nonnull ((1));</code><br />
						
            
            <a class="navhash" href="#511">#</a>
						
              <code id="511">                                           ^~~~~~~</code><br />
						
            
            <a class="navhash" href="#512">#</a>
						
              <code id="512">/usr/include/stdlib.h:530:1: error: '__END_NAMESPACE_STD' does not name a type</code><br />
						
            
            <a class="navhash" href="#513">#</a>
						
              <code id="513"> __END_NAMESPACE_STD</code><br />
						
            
            <a class="navhash" href="#514">#</a>
						
              <code id="514"> ^~~~~~~~~~~~~~~~~~~</code><br />
						
            
            <a class="navhash" href="#515">#</a>
						
              <code id="515">/usr/include/stdlib.h:551:1: error: '__END_NAMESPACE_STD' does not name a type</code><br />
						
            
            <a class="navhash" href="#516">#</a>
						
              <code id="516"> __END_NAMESPACE_STD</code><br />
						
            
            <a class="navhash" href="#517">#</a>
						
              <code id="517"> ^~~~~~~~~~~~~~~~~~~</code><br />
						
            
            <a class="navhash" href="#518">#</a>
						
              <code id="518">/usr/include/stdlib.h:565:1: error: '__END_NAMESPACE_STD' does not name a type</code><br />
						
            
            <a class="navhash" href="#519">#</a>
						
              <code id="519"> __END_NAMESPACE_STD</code><br />
						
            
            <a class="navhash" href="#520">#</a>
						
              <code id="520"> ^~~~~~~~~~~~~~~~~~~</code><br />
						
            
            <a class="navhash" href="#521">#</a>
						
              <code id="521">/usr/include/stdlib.h:717:1: error: '__END_NAMESPACE_STD' does not name a type</code><br />
						
            
            <a class="navhash" href="#522">#</a>
						
              <code id="522"> __END_NAMESPACE_STD</code><br />
						
            
            <a class="navhash" href="#523">#</a>
						
              <code id="523"> ^~~~~~~~~~~~~~~~~~~</code><br />
						
            
            <a class="navhash" href="#524">#</a>
						
              <code id="524">/usr/include/stdlib.h:751:1: error: '__BEGIN_NAMESPACE_STD' does not name a type</code><br />
						
            
            <a class="navhash" href="#525">#</a>
						
              <code id="525"> __BEGIN_NAMESPACE_STD</code><br />
						
            
            <a class="navhash" href="#526">#</a>
						
              <code id="526"> ^~~~~~~~~~~~~~~~~~~~~</code><br />
						
            
            <a class="navhash" href="#527">#</a>
						
              <code id="527">/usr/include/stdlib.h:765:6: error: '__compar_fn_t' has not been declared</code><br />
						
            
            <a class="navhash" href="#528">#</a>
						
              <code id="528">      __compar_fn_t __compar) __nonnull ((1, 4));</code><br />
						
            
            <a class="navhash" href="#529">#</a>
						
              <code id="529">      ^~~~~~~~~~~~~</code><br />
						
            
            <a class="navhash" href="#530">#</a>
						
              <code id="530">In file included from /sysroot/sysroot/usr/include/stdio.h:49:0,</code><br />
						
            
            <a class="navhash" href="#531">#</a>
						
              <code id="531">                 from guid.cc:17:</code><br />
						
            
            <a class="navhash" href="#532">#</a>
						
              <code id="532">/sysroot/sysroot/usr/include/sys/cdefs.h:232:57: error: nonnull argument references non-pointer operand (argument 2, operand 4)</code><br />
						
            
            <a class="navhash" href="#533">#</a>
						
              <code id="533"> #define __nonnull(args) __attribute__((__nonnull__ args))</code><br />
						
            
            <a class="navhash" href="#534">#</a>
						
              <code id="534">                                                         ^</code><br />
						
            
            <a class="navhash" href="#535">#</a>
						
              <code id="535">In file included from /usr/include/c++/6.1.1/cstdlib:75:0,</code><br />
						
            
            <a class="navhash" href="#536">#</a>
						
              <code id="536">                 from /usr/include/c++/6.1.1/ext/string_conversions.h:41,</code><br />
						
            
            <a class="navhash" href="#537">#</a>
						
              <code id="537">                 from /usr/include/c++/6.1.1/bits/basic_string.h:5402,</code><br />
						
            
            <a class="navhash" href="#538">#</a>
						
              <code id="538">                 from /usr/include/c++/6.1.1/string:52,</code><br />
						
            
            <a class="navhash" href="#539">#</a>
						
              <code id="539">                 from guid.cc:20:</code><br />
						
            
            <a class="navhash" href="#540">#</a>
						<span class="error">
              <code id="540">/usr/include/stdlib.h:774:26: error: expected initializer before '__THROW'</code><br />
						</span>
            
            <a class="navhash" href="#541">#</a>
						
              <code id="541"> extern int abs (int __x) __THROW __attribute__ ((__const__)) __wur;</code><br />
						
            
            <a class="navhash" href="#542">#</a>
						
              <code id="542">                          ^~~~~~~</code><br />
						
            
            <a class="navhash" href="#543">#</a>
						<span class="error">
              <code id="543">/usr/include/stdlib.h:775:37: error: expected initializer before '__THROW'</code><br />
						</span>
            
            <a class="navhash" href="#544">#</a>
						
              <code id="544"> extern long int labs (long int __x) __THROW __attribute__ ((__const__)) __wur;</code><br />
						
            
            <a class="navhash" href="#545">#</a>
						
              <code id="545">                                     ^~~~~~~</code><br />
						
            
            <a class="navhash" href="#546">#</a>
						
              <code id="546">/usr/include/stdlib.h:776:1: error: '__END_NAMESPACE_STD' does not name a type</code><br />
						
            
            <a class="navhash" href="#547">#</a>
						
              <code id="547"> __END_NAMESPACE_STD</code><br />
						
            
            <a class="navhash" href="#548">#</a>
						
              <code id="548"> ^~~~~~~~~~~~~~~~~~~</code><br />
						
            
            <a class="navhash" href="#549">#</a>
						<span class="error">
              <code id="549">/usr/include/stdlib.h:791:6: error: expected initializer before '__THROW'</code><br />
						</span>
            
            <a class="navhash" href="#550">#</a>
						
              <code id="550">      __THROW __attribute__ ((__const__)) __wur;</code><br />
						
            
            <a class="navhash" href="#551">#</a>
						
              <code id="551">      ^~~~~~~</code><br />
						
            
            <a class="navhash" href="#552">#</a>
						
              <code id="552">/usr/include/stdlib.h:792:1: error: '__END_NAMESPACE_STD' does not name a type</code><br />
						
            
            <a class="navhash" href="#553">#</a>
						
              <code id="553"> __END_NAMESPACE_STD</code><br />
						
            
            <a class="navhash" href="#554">#</a>
						
              <code id="554"> ^~~~~~~~~~~~~~~~~~~</code><br />
						
            
            <a class="navhash" href="#555">#</a>
						<span class="error">
              <code id="555">/usr/include/stdlib.h:866:46: error: expected initializer before '__THROW'</code><br />
						</span>
            
            <a class="navhash" href="#556">#</a>
						
              <code id="556">      const char *__restrict __s, size_t __n) __THROW;</code><br />
						
            
            <a class="navhash" href="#557">#</a>
						
              <code id="557">                                              ^~~~~~~</code><br />
						
            
            <a class="navhash" href="#558">#</a>
						<span class="error">
              <code id="558">/usr/include/stdlib.h:869:48: error: expected initializer before '__THROW'</code><br />
						</span>
            
            <a class="navhash" href="#559">#</a>
						
              <code id="559"> extern int wctomb (char *__s, wchar_t __wchar) __THROW;</code><br />
						
            
            <a class="navhash" href="#560">#</a>
						
              <code id="560">                                                ^~~~~~~</code><br />
						
            
            <a class="navhash" href="#561">#</a>
						<span class="error">
              <code id="561">/usr/include/stdlib.h:874:44: error: expected initializer before '__THROW'</code><br />
						</span>
            
            <a class="navhash" href="#562">#</a>
						
              <code id="562">    const char *__restrict __s, size_t __n) __THROW;</code><br />
						
            
            <a class="navhash" href="#563">#</a>
						
              <code id="563">                                            ^~~~~~~</code><br />
						
            
            <a class="navhash" href="#564">#</a>
						<span class="error">
              <code id="564">/usr/include/stdlib.h:878:6: error: expected initializer before '__THROW'</code><br />
						</span>
            
            <a class="navhash" href="#565">#</a>
						
              <code id="565">      __THROW;</code><br />
						
            
            <a class="navhash" href="#566">#</a>
						
              <code id="566">      ^~~~~~~</code><br />
						
            
            <a class="navhash" href="#567">#</a>
						
              <code id="567">/usr/include/stdlib.h:879:1: error: '__END_NAMESPACE_STD' does not name a type</code><br />
						
            
            <a class="navhash" href="#568">#</a>
						
              <code id="568"> __END_NAMESPACE_STD</code><br />
						
            
            <a class="navhash" href="#569">#</a>
						
              <code id="569"> ^~~~~~~~~~~~~~~~~~~</code><br />
						
            
            <a class="navhash" href="#570">#</a>
						
              <code id="570">In file included from /usr/include/c++/6.1.1/ext/string_conversions.h:41:0,</code><br />
						
            
            <a class="navhash" href="#571">#</a>
						
              <code id="571">                 from /usr/include/c++/6.1.1/bits/basic_string.h:5402,</code><br />
						
            
            <a class="navhash" href="#572">#</a>
						
              <code id="572">                 from /usr/include/c++/6.1.1/string:52,</code><br />
						
            
            <a class="navhash" href="#573">#</a>
						
              <code id="573">                 from guid.cc:20:</code><br />
						
            
            <a class="navhash" href="#574">#</a>
						
              <code id="574">/usr/include/c++/6.1.1/cstdlib:124:11: error: '::div_t' has not been declared</code><br />
						
            
            <a class="navhash" href="#575">#</a>
						
              <code id="575">   using ::div_t;</code><br />
						
            
            <a class="navhash" href="#576">#</a>
						
              <code id="576">           ^~~~~</code><br />
						
            
            <a class="navhash" href="#577">#</a>
						
              <code id="577">/usr/include/c++/6.1.1/cstdlib:127:11: error: '::abort' has not been declared</code><br />
						
            
            <a class="navhash" href="#578">#</a>
						
              <code id="578">   using ::abort;</code><br />
						
            
            <a class="navhash" href="#579">#</a>
						
              <code id="579">           ^~~~~</code><br />
						
            
            <a class="navhash" href="#580">#</a>
						
              <code id="580">/usr/include/c++/6.1.1/cstdlib:128:11: error: '::abs' has not been declared</code><br />
						
            
            <a class="navhash" href="#581">#</a>
						
              <code id="581">   using ::abs;</code><br />
						
            
            <a class="navhash" href="#582">#</a>
						
              <code id="582">           ^~~</code><br />
						
            
            <a class="navhash" href="#583">#</a>
						
              <code id="583">/usr/include/c++/6.1.1/cstdlib:129:11: error: '::atexit' has not been declared</code><br />
						
            
            <a class="navhash" href="#584">#</a>
						
              <code id="584">   using ::atexit;</code><br />
						
            
            <a class="navhash" href="#585">#</a>
						
              <code id="585">           ^~~~~~</code><br />
						
            
            <a class="navhash" href="#586">#</a>
						
              <code id="586">/usr/include/c++/6.1.1/cstdlib:132:11: error: '::at_quick_exit' has not been declared</code><br />
						
            
            <a class="navhash" href="#587">#</a>
						
              <code id="587">   using ::at_quick_exit;</code><br />
						
            
            <a class="navhash" href="#588">#</a>
						
              <code id="588">           ^~~~~~~~~~~~~</code><br />
						
            
            <a class="navhash" href="#589">#</a>
						
              <code id="589">/usr/include/c++/6.1.1/cstdlib:135:11: error: '::atof' has not been declared</code><br />
						
            
            <a class="navhash" href="#590">#</a>
						
              <code id="590">   using ::atof;</code><br />
						
            
            <a class="navhash" href="#591">#</a>
						
              <code id="591">           ^~~~</code><br />
						
            
            <a class="navhash" href="#592">#</a>
						
              <code id="592">/usr/include/c++/6.1.1/cstdlib:136:11: error: '::atoi' has not been declared</code><br />
						
            
            <a class="navhash" href="#593">#</a>
						
              <code id="593">   using ::atoi;</code><br />
						
            
            <a class="navhash" href="#594">#</a>
						
              <code id="594">           ^~~~</code><br />
						
            
            <a class="navhash" href="#595">#</a>
						
              <code id="595">/usr/include/c++/6.1.1/cstdlib:137:11: error: '::atol' has not been declared</code><br />
						
            
            <a class="navhash" href="#596">#</a>
						
              <code id="596">   using ::atol;</code><br />
						
            
            <a class="navhash" href="#597">#</a>
						
              <code id="597">           ^~~~</code><br />
						
            
            <a class="navhash" href="#598">#</a>
						
              <code id="598">/usr/include/c++/6.1.1/cstdlib:138:11: error: '::bsearch' has not been declared</code><br />
						
            
            <a class="navhash" href="#599">#</a>
						
              <code id="599">   using ::bsearch;</code><br />
						
            
            <a class="navhash" href="#600">#</a>
						
              <code id="600">           ^~~~~~~</code><br />
						
            
            <a class="navhash" href="#601">#</a>
						
              <code id="601">/usr/include/c++/6.1.1/cstdlib:140:11: error: '::div' has not been declared</code><br />
						
            
            <a class="navhash" href="#602">#</a>
						
              <code id="602">   using ::div;</code><br />
						
            
            <a class="navhash" href="#603">#</a>
						
              <code id="603">           ^~~</code><br />
						
            
            <a class="navhash" href="#604">#</a>
						
              <code id="604">/usr/include/c++/6.1.1/cstdlib:141:11: error: '::exit' has not been declared</code><br />
						
            
            <a class="navhash" href="#605">#</a>
						
              <code id="605">   using ::exit;</code><br />
						
            
            <a class="navhash" href="#606">#</a>
						
              <code id="606">           ^~~~</code><br />
						
            
            <a class="navhash" href="#607">#</a>
						
              <code id="607">/usr/include/c++/6.1.1/cstdlib:143:11: error: '::getenv' has not been declared</code><br />
						
            
            <a class="navhash" href="#608">#</a>
						
              <code id="608">   using ::getenv;</code><br />
						
            
            <a class="navhash" href="#609">#</a>
						
              <code id="609">           ^~~~~~</code><br />
						
            
            <a class="navhash" href="#610">#</a>
						
              <code id="610">/usr/include/c++/6.1.1/cstdlib:144:11: error: '::labs' has not been declared</code><br />
						
            
            <a class="navhash" href="#611">#</a>
						
              <code id="611">   using ::labs;</code><br />
						
            
            <a class="navhash" href="#612">#</a>
						
              <code id="612">           ^~~~</code><br />
						
            
            <a class="navhash" href="#613">#</a>
						
              <code id="613">/usr/include/c++/6.1.1/cstdlib:145:11: error: '::ldiv' has not been declared</code><br />
						
            
            <a class="navhash" href="#614">#</a>
						
              <code id="614">   using ::ldiv;</code><br />
						
            
            <a class="navhash" href="#615">#</a>
						
              <code id="615">           ^~~~</code><br />
						
            
            <a class="navhash" href="#616">#</a>
						
              <code id="616">/usr/include/c++/6.1.1/cstdlib:148:11: error: '::mblen' has not been declared</code><br />
						
            
            <a class="navhash" href="#617">#</a>
						
              <code id="617">   using ::mblen;</code><br />
						
            
            <a class="navhash" href="#618">#</a>
						
              <code id="618">           ^~~~~</code><br />
						
            
            <a class="navhash" href="#619">#</a>
						
              <code id="619">/usr/include/c++/6.1.1/cstdlib:150:11: error: '::mbtowc' has not been declared</code><br />
						
            
            <a class="navhash" href="#620">#</a>
						
              <code id="620">   using ::mbtowc;</code><br />
						
            
            <a class="navhash" href="#621">#</a>
						
              <code id="621">           ^~~~~~</code><br />
						
            
            <a class="navhash" href="#622">#</a>
						
              <code id="622">/usr/include/c++/6.1.1/cstdlib:155:11: error: '::quick_exit' has not been declared</code><br />
						
            
            <a class="navhash" href="#623">#</a>
						
              <code id="623">   using ::quick_exit;</code><br />
						
            
            <a class="navhash" href="#624">#</a>
						
              <code id="624">           ^~~~~~~~~~</code><br />
						
            
            <a class="navhash" href="#625">#</a>
						
              <code id="625">/usr/include/c++/6.1.1/cstdlib:158:11: error: '::rand' has not been declared</code><br />
						
            
            <a class="navhash" href="#626">#</a>
						
              <code id="626">   using ::rand;</code><br />
						
            
            <a class="navhash" href="#627">#</a>
						
              <code id="627">           ^~~~</code><br />
						
            
            <a class="navhash" href="#628">#</a>
						
              <code id="628">/usr/include/c++/6.1.1/cstdlib:160:11: error: '::srand' has not been declared</code><br />
						
            
            <a class="navhash" href="#629">#</a>
						
              <code id="629">   using ::srand;</code><br />
						
            
            <a class="navhash" href="#630">#</a>
						
              <code id="630">           ^~~~~</code><br />
						
            
            <a class="navhash" href="#631">#</a>
						
              <code id="631">/usr/include/c++/6.1.1/cstdlib:161:11: error: '::strtod' has not been declared</code><br />
						
            
            <a class="navhash" href="#632">#</a>
						
              <code id="632">   using ::strtod;</code><br />
						
            
            <a class="navhash" href="#633">#</a>
						
              <code id="633">           ^~~~~~</code><br />
						
            
            <a class="navhash" href="#634">#</a>
						
              <code id="634">/usr/include/c++/6.1.1/cstdlib:162:11: error: '::strtol' has not been declared</code><br />
						
            
            <a class="navhash" href="#635">#</a>
						
              <code id="635">   using ::strtol;</code><br />
						
            
            <a class="navhash" href="#636">#</a>
						
              <code id="636">           ^~~~~~</code><br />
						
            
            <a class="navhash" href="#637">#</a>
						
              <code id="637">/usr/include/c++/6.1.1/cstdlib:163:11: error: '::strtoul' has not been declared</code><br />
						
            
            <a class="navhash" href="#638">#</a>
						
              <code id="638">   using ::strtoul;</code><br />
						
            
            <a class="navhash" href="#639">#</a>
						
              <code id="639">           ^~~~~~~</code><br />
						
            
            <a class="navhash" href="#640">#</a>
						
              <code id="640">/usr/include/c++/6.1.1/cstdlib:164:11: error: '::system' has not been declared</code><br />
						
            
            <a class="navhash" href="#641">#</a>
						
              <code id="641">   using ::system;</code><br />
						
            
            <a class="navhash" href="#642">#</a>
						
              <code id="642">           ^~~~~~</code><br />
						
            
            <a class="navhash" href="#643">#</a>
						
              <code id="643">/usr/include/c++/6.1.1/cstdlib:166:11: error: '::wcstombs' has not been declared</code><br />
						
            
            <a class="navhash" href="#644">#</a>
						
              <code id="644">   using ::wcstombs;</code><br />
						
            
            <a class="navhash" href="#645">#</a>
						
              <code id="645">           ^~~~~~~~</code><br />
						
            
            <a class="navhash" href="#646">#</a>
						
              <code id="646">/usr/include/c++/6.1.1/cstdlib:167:11: error: '::wctomb' has not been declared</code><br />
						
            
            <a class="navhash" href="#647">#</a>
						
              <code id="647">   using ::wctomb;</code><br />
						
            
            <a class="navhash" href="#648">#</a>
						
              <code id="648">           ^~~~~~</code><br />
						
            
            <a class="navhash" href="#649">#</a>
						
              <code id="649">/usr/include/c++/6.1.1/cstdlib: In function 'ldiv_t std::div(long int, long int)':</code><br />
						
            
            <a class="navhash" href="#650">#</a>
						
              <code id="650">/usr/include/c++/6.1.1/cstdlib:175:49: error: 'ldiv' was not declared in this scope</code><br />
						
            
            <a class="navhash" href="#651">#</a>
						
              <code id="651">   div(long __i, long __j) { return ldiv(__i, __j); }</code><br />
						
            
            <a class="navhash" href="#652">#</a>
						
              <code id="652">                                                 ^</code><br />
						
            
            <a class="navhash" href="#653">#</a>
						
              <code id="653">/usr/include/c++/6.1.1/cstdlib: At global scope:</code><br />
						
            
            <a class="navhash" href="#654">#</a>
						
              <code id="654">/usr/include/c++/6.1.1/cstdlib:220:11: error: '::lldiv_t' has not been declared</code><br />
						
            
            <a class="navhash" href="#655">#</a>
						
              <code id="655">   using ::lldiv_t;</code><br />
						
            
            <a class="navhash" href="#656">#</a>
						
              <code id="656">           ^~~~~~~</code><br />
						
            
            <a class="navhash" href="#657">#</a>
						
              <code id="657">/usr/include/c++/6.1.1/cstdlib:226:11: error: '::_Exit' has not been declared</code><br />
						
            
            <a class="navhash" href="#658">#</a>
						
              <code id="658">   using ::_Exit;</code><br />
						
            
            <a class="navhash" href="#659">#</a>
						
              <code id="659">           ^~~~~</code><br />
						
            
            <a class="navhash" href="#660">#</a>
						
              <code id="660">/usr/include/c++/6.1.1/cstdlib:230:11: error: '::llabs' has not been declared</code><br />
						
            
            <a class="navhash" href="#661">#</a>
						
              <code id="661">   using ::llabs;</code><br />
						
            
            <a class="navhash" href="#662">#</a>
						
              <code id="662">           ^~~~~</code><br />
						
            
            <a class="navhash" href="#663">#</a>
						
              <code id="663">/usr/include/c++/6.1.1/cstdlib:232:10: error: 'lldiv_t' does not name a type</code><br />
						
            
            <a class="navhash" href="#664">#</a>
						
              <code id="664">   inline lldiv_t</code><br />
						
            
            <a class="navhash" href="#665">#</a>
						
              <code id="665">          ^~~~~~~</code><br />
						
            
            <a class="navhash" href="#666">#</a>
						
              <code id="666">/usr/include/c++/6.1.1/cstdlib:236:11: error: '::lldiv' has not been declared</code><br />
						
            
            <a class="navhash" href="#667">#</a>
						
              <code id="667">   using ::lldiv;</code><br />
						
            
            <a class="navhash" href="#668">#</a>
						
              <code id="668">           ^~~~~</code><br />
						
            
            <a class="navhash" href="#669">#</a>
						
              <code id="669">/usr/include/c++/6.1.1/cstdlib:247:11: error: '::atoll' has not been declared</code><br />
						
            
            <a class="navhash" href="#670">#</a>
						
              <code id="670">   using ::atoll;</code><br />
						
            
            <a class="navhash" href="#671">#</a>
						
              <code id="671">           ^~~~~</code><br />
						
            
            <a class="navhash" href="#672">#</a>
						
              <code id="672">/usr/include/c++/6.1.1/cstdlib:248:11: error: '::strtoll' has not been declared</code><br />
						
            
            <a class="navhash" href="#673">#</a>
						
              <code id="673">   using ::strtoll;</code><br />
						
            
            <a class="navhash" href="#674">#</a>
						
              <code id="674">           ^~~~~~~</code><br />
						
            
            <a class="navhash" href="#675">#</a>
						
              <code id="675">/usr/include/c++/6.1.1/cstdlib:249:11: error: '::strtoull' has not been declared</code><br />
						
            
            <a class="navhash" href="#676">#</a>
						
              <code id="676">   using ::strtoull;</code><br />
						
            
            <a class="navhash" href="#677">#</a>
						
              <code id="677">           ^~~~~~~~</code><br />
						
            
            <a class="navhash" href="#678">#</a>
						
              <code id="678">/usr/include/c++/6.1.1/cstdlib:251:11: error: '::strtof' has not been declared</code><br />
						
            
            <a class="navhash" href="#679">#</a>
						
              <code id="679">   using ::strtof;</code><br />
						
            
            <a class="navhash" href="#680">#</a>
						
              <code id="680">           ^~~~~~</code><br />
						
            
            <a class="navhash" href="#681">#</a>
						
              <code id="681">/usr/include/c++/6.1.1/cstdlib:252:11: error: '::strtold' has not been declared</code><br />
						
            
            <a class="navhash" href="#682">#</a>
						
              <code id="682">   using ::strtold;</code><br />
						
            
            <a class="navhash" href="#683">#</a>
						
              <code id="683">           ^~~~~~~</code><br />
						
            
            <a class="navhash" href="#684">#</a>
						
              <code id="684">/usr/include/c++/6.1.1/cstdlib:260:22: error: '__gnu_cxx::lldiv_t' has not been declared</code><br />
						
            
            <a class="navhash" href="#685">#</a>
						
              <code id="685">   using ::__gnu_cxx::lldiv_t;</code><br />
						
            
            <a class="navhash" href="#686">#</a>
						
              <code id="686">                      ^~~~~~~</code><br />
						
            
            <a class="navhash" href="#687">#</a>
						
              <code id="687">/usr/include/c++/6.1.1/cstdlib:262:22: error: '__gnu_cxx::_Exit' has not been declared</code><br />
						
            
            <a class="navhash" href="#688">#</a>
						
              <code id="688">   using ::__gnu_cxx::_Exit;</code><br />
						
            
            <a class="navhash" href="#689">#</a>
						
              <code id="689">                      ^~~~~</code><br />
						
            
            <a class="navhash" href="#690">#</a>
						
              <code id="690">/usr/include/c++/6.1.1/cstdlib:264:22: error: '__gnu_cxx::llabs' has not been declared</code><br />
						
            
            <a class="navhash" href="#691">#</a>
						
              <code id="691">   using ::__gnu_cxx::llabs;</code><br />
						
            
            <a class="navhash" href="#692">#</a>
						
              <code id="692">                      ^~~~~</code><br />
						
            
            <a class="navhash" href="#693">#</a>
						
              <code id="693">/usr/include/c++/6.1.1/cstdlib:265:22: error: '__gnu_cxx::div' has not been declared</code><br />
						
            
            <a class="navhash" href="#694">#</a>
						
              <code id="694">   using ::__gnu_cxx::div;</code><br />
						
            
            <a class="navhash" href="#695">#</a>
						
              <code id="695">                      ^~~</code><br />
						
            
            <a class="navhash" href="#696">#</a>
						
              <code id="696">/usr/include/c++/6.1.1/cstdlib:266:22: error: '__gnu_cxx::lldiv' has not been declared</code><br />
						
            
            <a class="navhash" href="#697">#</a>
						
              <code id="697">   using ::__gnu_cxx::lldiv;</code><br />
						
            
            <a class="navhash" href="#698">#</a>
						
              <code id="698">                      ^~~~~</code><br />
						
            
            <a class="navhash" href="#699">#</a>
						
              <code id="699">/usr/include/c++/6.1.1/cstdlib:268:22: error: '__gnu_cxx::atoll' has not been declared</code><br />
						
            
            <a class="navhash" href="#700">#</a>
						
              <code id="700">   using ::__gnu_cxx::atoll;</code><br />
						
            
            <a class="navhash" href="#701">#</a>
						
              <code id="701">                      ^~~~~</code><br />
						
            
            <a class="navhash" href="#702">#</a>
						
              <code id="702">/usr/include/c++/6.1.1/cstdlib:269:22: error: '__gnu_cxx::strtof' has not been declared</code><br />
						
            
            <a class="navhash" href="#703">#</a>
						
              <code id="703">   using ::__gnu_cxx::strtof;</code><br />
						
            
            <a class="navhash" href="#704">#</a>
						
              <code id="704">                      ^~~~~~</code><br />
						
            
            <a class="navhash" href="#705">#</a>
						
              <code id="705">/usr/include/c++/6.1.1/cstdlib:270:22: error: '__gnu_cxx::strtoll' has not been declared</code><br />
						
            
            <a class="navhash" href="#706">#</a>
						
              <code id="706">   using ::__gnu_cxx::strtoll;</code><br />
						
            
            <a class="navhash" href="#707">#</a>
						
              <code id="707">                      ^~~~~~~</code><br />
						
            
            <a class="navhash" href="#708">#</a>
						
              <code id="708">/usr/include/c++/6.1.1/cstdlib:271:22: error: '__gnu_cxx::strtoull' has not been declared</code><br />
						
            
            <a class="navhash" href="#709">#</a>
						
              <code id="709">   using ::__gnu_cxx::strtoull;</code><br />
						
            
            <a class="navhash" href="#710">#</a>
						
              <code id="710">                      ^~~~~~~~</code><br />
						
            
            <a class="navhash" href="#711">#</a>
						
              <code id="711">/usr/include/c++/6.1.1/cstdlib:272:22: error: '__gnu_cxx::strtold' has not been declared</code><br />
						
            
            <a class="navhash" href="#712">#</a>
						
              <code id="712">   using ::__gnu_cxx::strtold;</code><br />
						
            
            <a class="navhash" href="#713">#</a>
						
              <code id="713">                      ^~~~~~~</code><br />
						
            
            <a class="navhash" href="#714">#</a>
						
              <code id="714">In file included from /usr/include/c++/6.1.1/string:52:0,</code><br />
						
            
            <a class="navhash" href="#715">#</a>
						
              <code id="715">                 from guid.cc:20:</code><br />
						
            
            <a class="navhash" href="#716">#</a>
						
              <code id="716">/usr/include/c++/6.1.1/bits/basic_string.h: In function 'int std::__cxx11::stoi(const string&, std::size_t*, int)':</code><br />
						
            
            <a class="navhash" href="#717">#</a>
						
              <code id="717">/usr/include/c++/6.1.1/bits/basic_string.h:5413:42: error: 'strtol' is not a member of 'std'</code><br />
						
            
            <a class="navhash" href="#718">#</a>
						
              <code id="718">   { return __gnu_cxx::__stoa<long, int>(&std::strtol, "stoi", __str.c_str(),</code><br />
						
            
            <a class="navhash" href="#719">#</a>
						
              <code id="719">                                          ^~~</code><br />
						
            
            <a class="navhash" href="#720">#</a>
						
              <code id="720">/usr/include/c++/6.1.1/bits/basic_string.h: In function 'long int std::__cxx11::stol(const string&, std::size_t*, int)':</code><br />
						
            
            <a class="navhash" href="#721">#</a>
						
              <code id="721">/usr/include/c++/6.1.1/bits/basic_string.h:5418:31: error: 'strtol' is not a member of 'std'</code><br />
						
            
            <a class="navhash" href="#722">#</a>
						
              <code id="722">   { return __gnu_cxx::__stoa(&std::strtol, "stol", __str.c_str(),</code><br />
						
            
            <a class="navhash" href="#723">#</a>
						
              <code id="723">                               ^~~</code><br />
						
            
            <a class="navhash" href="#724">#</a>
						
              <code id="724">/usr/include/c++/6.1.1/bits/basic_string.h: In function 'long unsigned int std::__cxx11::stoul(const string&, std::size_t*, int)':</code><br />
						
            
            <a class="navhash" href="#725">#</a>
						
              <code id="725">/usr/include/c++/6.1.1/bits/basic_string.h:5423:31: error: 'strtoul' is not a member of 'std'</code><br />
						
            
            <a class="navhash" href="#726">#</a>
						
              <code id="726">   { return __gnu_cxx::__stoa(&std::strtoul, "stoul", __str.c_str(),</code><br />
						
            
            <a class="navhash" href="#727">#</a>
						
              <code id="727">                               ^~~</code><br />
						
            
            <a class="navhash" href="#728">#</a>
						
              <code id="728">/usr/include/c++/6.1.1/bits/basic_string.h: In function 'long long int std::__cxx11::stoll(const string&, std::size_t*, int)':</code><br />
						
            
            <a class="navhash" href="#729">#</a>
						
              <code id="729">/usr/include/c++/6.1.1/bits/basic_string.h:5428:31: error: 'strtoll' is not a member of 'std'</code><br />
						
            
            <a class="navhash" href="#730">#</a>
						
              <code id="730">   { return __gnu_cxx::__stoa(&std::strtoll, "stoll", __str.c_str(),</code><br />
						
            
            <a class="navhash" href="#731">#</a>
						
              <code id="731">                               ^~~</code><br />
						
            
            <a class="navhash" href="#732">#</a>
						
              <code id="732">/usr/include/c++/6.1.1/bits/basic_string.h: In function 'long long unsigned int std::__cxx11::stoull(const string&, std::size_t*, int)':</code><br />
						
            
            <a class="navhash" href="#733">#</a>
						
              <code id="733">/usr/include/c++/6.1.1/bits/basic_string.h:5433:31: error: 'strtoull' is not a member of 'std'</code><br />
						
            
            <a class="navhash" href="#734">#</a>
						
              <code id="734">   { return __gnu_cxx::__stoa(&std::strtoull, "stoull", __str.c_str(),</code><br />
						
            
            <a class="navhash" href="#735">#</a>
						
              <code id="735">                               ^~~</code><br />
						
            
            <a class="navhash" href="#736">#</a>
						
              <code id="736">/usr/include/c++/6.1.1/bits/basic_string.h: In function 'float std::__cxx11::stof(const string&, std::size_t*)':</code><br />
						
            
            <a class="navhash" href="#737">#</a>
						
              <code id="737">/usr/include/c++/6.1.1/bits/basic_string.h:5439:31: error: 'strtof' is not a member of 'std'</code><br />
						
            
            <a class="navhash" href="#738">#</a>
						
              <code id="738">   { return __gnu_cxx::__stoa(&std::strtof, "stof", __str.c_str(), __idx); }</code><br />
						
            
            <a class="navhash" href="#739">#</a>
						
              <code id="739">                               ^~~</code><br />
						
            
            <a class="navhash" href="#740">#</a>
						
              <code id="740">/usr/include/c++/6.1.1/bits/basic_string.h: In function 'double std::__cxx11::stod(const string&, std::size_t*)':</code><br />
						
            
            <a class="navhash" href="#741">#</a>
						
              <code id="741">/usr/include/c++/6.1.1/bits/basic_string.h:5443:31: error: 'strtod' is not a member of 'std'</code><br />
						
            
            <a class="navhash" href="#742">#</a>
						
              <code id="742">   { return __gnu_cxx::__stoa(&std::strtod, "stod", __str.c_str(), __idx); }</code><br />
						
            
            <a class="navhash" href="#743">#</a>
						
              <code id="743">                               ^~~</code><br />
						
            
            <a class="navhash" href="#744">#</a>
						
              <code id="744">/usr/include/c++/6.1.1/bits/basic_string.h: In function 'long double std::__cxx11::stold(const string&, std::size_t*)':</code><br />
						
            
            <a class="navhash" href="#745">#</a>
						
              <code id="745">/usr/include/c++/6.1.1/bits/basic_string.h:5447:31: error: 'strtold' is not a member of 'std'</code><br />
						
            
            <a class="navhash" href="#746">#</a>
						
              <code id="746">   { return __gnu_cxx::__stoa(&std::strtold, "stold", __str.c_str(), __idx); }</code><br />
						
            
            <a class="navhash" href="#747">#</a>
						
              <code id="747">                               ^~~</code><br />
						
            
            <a class="navhash" href="#748">#</a>
						
              <code id="748">In file included from /usr/include/c++/6.1.1/bits/locale_facets.h:41:0,</code><br />
						
            
            <a class="navhash" href="#749">#</a>
						
              <code id="749">                 from /usr/include/c++/6.1.1/bits/basic_ios.h:37,</code><br />
						
            
            <a class="navhash" href="#750">#</a>
						
              <code id="750">                 from /usr/include/c++/6.1.1/ios:44,</code><br />
						
            
            <a class="navhash" href="#751">#</a>
						
              <code id="751">                 from /usr/include/c++/6.1.1/ostream:38,</code><br />
						
            
            <a class="navhash" href="#752">#</a>
						
              <code id="752">                 from /usr/include/c++/6.1.1/iostream:39,</code><br />
						
            
            <a class="navhash" href="#753">#</a>
						
              <code id="753">                 from support.cc:19:</code><br />
						
            
            <a class="navhash" href="#754">#</a>
						
              <code id="754">/usr/include/c++/6.1.1/x86_64-pc-linux-gnu/bits/ctype_base.h: At global scope:</code><br />
						
            
            <a class="navhash" href="#755">#</a>
						
              <code id="755">/usr/include/c++/6.1.1/x86_64-pc-linux-gnu/bits/ctype_base.h:49:35: error: '_ISupper' was not declared in this scope</code><br />
						
            
            <a class="navhash" href="#756">#</a>
						
              <code id="756">     static const mask upper     = _ISupper;</code><br />
						
            
            <a class="navhash" href="#757">#</a>
						
              <code id="757">                                   ^~~~~~~~</code><br />
						
            
            <a class="navhash" href="#758">#</a>
						
              <code id="758">/usr/include/c++/6.1.1/x86_64-pc-linux-gnu/bits/ctype_base.h:50:32: error: '_ISlower' was not declared in this scope</code><br />
						
            
            <a class="navhash" href="#759">#</a>
						
              <code id="759">     static const mask lower  = _ISlower;</code><br />
						
            
            <a class="navhash" href="#760">#</a>
						
              <code id="760">                                ^~~~~~~~</code><br />
						
            
            <a class="navhash" href="#761">#</a>
						
              <code id="761">/usr/include/c++/6.1.1/x86_64-pc-linux-gnu/bits/ctype_base.h:51:32: error: '_ISalpha' was not declared in this scope</code><br />
						
            
            <a class="navhash" href="#762">#</a>
						
              <code id="762">     static const mask alpha  = _ISalpha;</code><br />
						
            
            <a class="navhash" href="#763">#</a>
						
              <code id="763">                                ^~~~~~~~</code><br />
						
            
            <a class="navhash" href="#764">#</a>
						
              <code id="764">/usr/include/c++/6.1.1/x86_64-pc-linux-gnu/bits/ctype_base.h:52:32: error: '_ISdigit' was not declared in this scope</code><br />
						
            
            <a class="navhash" href="#765">#</a>
						
              <code id="765">     static const mask digit  = _ISdigit;</code><br />
						
            
            <a class="navhash" href="#766">#</a>
						
              <code id="766">                                ^~~~~~~~</code><br />
						
            
            <a class="navhash" href="#767">#</a>
						
              <code id="767">/usr/include/c++/6.1.1/x86_64-pc-linux-gnu/bits/ctype_base.h:53:33: error: '_ISxdigit' was not declared in this scope</code><br />
						
            
            <a class="navhash" href="#768">#</a>
						
              <code id="768">     static const mask xdigit  = _ISxdigit;</code><br />
						
            
            <a class="navhash" href="#769">#</a>
						
              <code id="769">                                 ^~~~~~~~~</code><br />
						
            
            <a class="navhash" href="#770">#</a>
						
              <code id="770">/usr/include/c++/6.1.1/x86_64-pc-linux-gnu/bits/ctype_base.h:54:32: error: '_ISspace' was not declared in this scope</code><br />
						
            
            <a class="navhash" href="#771">#</a>
						
              <code id="771">     static const mask space  = _ISspace;</code><br />
						
            
            <a class="navhash" href="#772">#</a>
						
              <code id="772">                                ^~~~~~~~</code><br />
						
            
            <a class="navhash" href="#773">#</a>
						
              <code id="773">/usr/include/c++/6.1.1/x86_64-pc-linux-gnu/bits/ctype_base.h:55:32: error: '_ISprint' was not declared in this scope</code><br />
						
            
            <a class="navhash" href="#774">#</a>
						
              <code id="774">     static const mask print  = _ISprint;</code><br />
						
            
            <a class="navhash" href="#775">#</a>
						
              <code id="775">                                ^~~~~~~~</code><br />
						
            
            <a class="navhash" href="#776">#</a>
						
              <code id="776">/usr/include/c++/6.1.1/x86_64-pc-linux-gnu/bits/ctype_base.h:56:32: error: '_ISalpha' was not declared in this scope</code><br />
						
            
            <a class="navhash" href="#777">#</a>
						
              <code id="777">     static const mask graph  = _ISalpha | _ISdigit | _ISpunct;</code><br />
						
            
            <a class="navhash" href="#778">#</a>
						
              <code id="778">                                ^~~~~~~~</code><br />
						
            
            <a class="navhash" href="#779">#</a>
						
              <code id="779">/usr/include/c++/6.1.1/x86_64-pc-linux-gnu/bits/ctype_base.h:56:43: error: '_ISdigit' was not declared in this scope</code><br />
						
            
            <a class="navhash" href="#780">#</a>
						
              <code id="780">     static const mask graph  = _ISalpha | _ISdigit | _ISpunct;</code><br />
						
            
            <a class="navhash" href="#781">#</a>
						
              <code id="781">                                           ^~~~~~~~</code><br />
						
            
            <a class="navhash" href="#782">#</a>
						
              <code id="782">/usr/include/c++/6.1.1/x86_64-pc-linux-gnu/bits/ctype_base.h:56:54: error: '_ISpunct' was not declared in this scope</code><br />
						
            
            <a class="navhash" href="#783">#</a>
						
              <code id="783">     static const mask graph  = _ISalpha | _ISdigit | _ISpunct;</code><br />
						
            
            <a class="navhash" href="#784">#</a>
						
              <code id="784">                                                      ^~~~~~~~</code><br />
						
            
            <a class="navhash" href="#785">#</a>
						
              <code id="785">/usr/include/c++/6.1.1/x86_64-pc-linux-gnu/bits/ctype_base.h:57:32: error: '_IScntrl' was not declared in this scope</code><br />
						
            
            <a class="navhash" href="#786">#</a>
						
              <code id="786">     static const mask cntrl  = _IScntrl;</code><br />
						
            
            <a class="navhash" href="#787">#</a>
						
              <code id="787">                                ^~~~~~~~</code><br />
						
            
            <a class="navhash" href="#788">#</a>
						
              <code id="788">/usr/include/c++/6.1.1/x86_64-pc-linux-gnu/bits/ctype_base.h:58:32: error: '_ISpunct' was not declared in this scope</code><br />
						
            
            <a class="navhash" href="#789">#</a>
						
              <code id="789">     static const mask punct  = _ISpunct;</code><br />
						
            
            <a class="navhash" href="#790">#</a>
						
              <code id="790">                                ^~~~~~~~</code><br />
						
            
            <a class="navhash" href="#791">#</a>
						
              <code id="791">/usr/include/c++/6.1.1/x86_64-pc-linux-gnu/bits/ctype_base.h:59:32: error: '_ISalpha' was not declared in this scope</code><br />
						
            
            <a class="navhash" href="#792">#</a>
						
              <code id="792">     static const mask alnum  = _ISalpha | _ISdigit;</code><br />
						
            
            <a class="navhash" href="#793">#</a>
						
              <code id="793">                                ^~~~~~~~</code><br />
						
            
            <a class="navhash" href="#794">#</a>
						
              <code id="794">/usr/include/c++/6.1.1/x86_64-pc-linux-gnu/bits/ctype_base.h:59:43: error: '_ISdigit' was not declared in this scope</code><br />
						
            
            <a class="navhash" href="#795">#</a>
						
              <code id="795">     static const mask alnum  = _ISalpha | _ISdigit;</code><br />
						
            
            <a class="navhash" href="#796">#</a>
						
              <code id="796">                                           ^~~~~~~~</code><br />
						
            
            <a class="navhash" href="#797">#</a>
						
              <code id="797">/usr/include/c++/6.1.1/x86_64-pc-linux-gnu/bits/ctype_base.h:61:31: error: '_ISblank' was not declared in this scope</code><br />
						
            
            <a class="navhash" href="#798">#</a>
						
              <code id="798">     static const mask blank = _ISblank;</code><br />
						
            
            <a class="navhash" href="#799">#</a>
						
              <code id="799">                               ^~~~~~~~</code><br />
						
            
            <a class="navhash" href="#800">#</a>
						
              <code id="800">In file included from /usr/include/c++/6.1.1/bits/basic_ios.h:37:0,</code><br />
						
            
            <a class="navhash" href="#801">#</a>
						
              <code id="801">                 from /usr/include/c++/6.1.1/ios:44,</code><br />
						
            
            <a class="navhash" href="#802">#</a>
						
              <code id="802">                 from /usr/include/c++/6.1.1/ostream:38,</code><br />
						
            
            <a class="navhash" href="#803">#</a>
						
              <code id="803">                 from /usr/include/c++/6.1.1/iostream:39,</code><br />
						
            
            <a class="navhash" href="#804">#</a>
						
              <code id="804">                 from support.cc:19:</code><br />
						
            
            <a class="navhash" href="#805">#</a>
						
              <code id="805">/usr/include/c++/6.1.1/bits/locale_facets.h:690:19: error: field '_M_c_locale_ctype' has incomplete type 'std::__c_locale {aka __locale_t}'</code><br />
						
            
            <a class="navhash" href="#806">#</a>
						
              <code id="806">       __c_locale  _M_c_locale_ctype;</code><br />
						
            
            <a class="navhash" href="#807">#</a>
						
              <code id="807">                   ^~~~~~~~~~~~~~~~~</code><br />
						
            
            <a class="navhash" href="#808">#</a>
						
              <code id="808">In file included from /sysroot/sysroot/usr/include/string.h:34:0,</code><br />
						
            
            <a class="navhash" href="#809">#</a>
						
              <code id="809">                 from /sysroot/sysroot/usr/include/signal.h:35,</code><br />
						
            
            <a class="navhash" href="#810">#</a>
						
              <code id="810">                 from /sysroot/sysroot/usr/include/sys/select.h:35,</code><br />
						
            
            <a class="navhash" href="#811">#</a>
						
              <code id="811">                 from /sysroot/sysroot/usr/include/unistd.h:34,</code><br />
						
            
            <a class="navhash" href="#812">#</a>
						
              <code id="812">                 from /sysroot/sysroot/usr/include/fcntl.h:37,</code><br />
						
            
            <a class="navhash" href="#813">#</a>
						
              <code id="813">                 from support.cc:15:</code><br />
						
            
            <a class="navhash" href="#814">#</a>
						
              <code id="814">/sysroot/sysroot/usr/include/xlocale.h:33:8: note: forward declaration of 'std::__c_locale {aka struct __locale_t}'</code><br />
						
            
            <a class="navhash" href="#815">#</a>
						
              <code id="815"> struct __locale_t;</code><br />
						
            
            <a class="navhash" href="#816">#</a>
						
              <code id="816">        ^~~~~~~~~~</code><br />
						
            
            <a class="navhash" href="#817">#</a>
						
              <code id="817">In file included from /usr/include/c++/6.1.1/bits/basic_ios.h:37:0,</code><br />
						
            
            <a class="navhash" href="#818">#</a>
						
              <code id="818">                 from /usr/include/c++/6.1.1/ios:44,</code><br />
						
            
            <a class="navhash" href="#819">#</a>
						
              <code id="819">                 from /usr/include/c++/6.1.1/ostream:38,</code><br />
						
            
            <a class="navhash" href="#820">#</a>
						
              <code id="820">                 from /usr/include/c++/6.1.1/iostream:39,</code><br />
						
            
            <a class="navhash" href="#821">#</a>
						
              <code id="821">                 from support.cc:19:</code><br />
						
            
            <a class="navhash" href="#822">#</a>
						
              <code id="822">/usr/include/c++/6.1.1/bits/locale_facets.h:1191:19: error: field '_M_c_locale_ctype' has incomplete type 'std::__c_locale {aka __locale_t}'</code><br />
						
            
            <a class="navhash" href="#823">#</a>
						
              <code id="823">       __c_locale  _M_c_locale_ctype;</code><br />
						
            
            <a class="navhash" href="#824">#</a>
						
              <code id="824">                   ^~~~~~~~~~~~~~~~~</code><br />
						
            
            <a class="navhash" href="#825">#</a>
						
              <code id="825">In file included from /sysroot/sysroot/usr/include/string.h:34:0,</code><br />
						
            
            <a class="navhash" href="#826">#</a>
						
              <code id="826">                 from /sysroot/sysroot/usr/include/signal.h:35,</code><br />
						
            
            <a class="navhash" href="#827">#</a>
						
              <code id="827">                 from /sysroot/sysroot/usr/include/sys/select.h:35,</code><br />
						
            
            <a class="navhash" href="#828">#</a>
						
              <code id="828">                 from /sysroot/sysroot/usr/include/unistd.h:34,</code><br />
						
            
            <a class="navhash" href="#829">#</a>
						
              <code id="829">                 from /sysroot/sysroot/usr/include/fcntl.h:37,</code><br />
						
            
            <a class="navhash" href="#830">#</a>
						
              <code id="830">                 from support.cc:15:</code><br />
						
            
            <a class="navhash" href="#831">#</a>
						
              <code id="831">/sysroot/sysroot/usr/include/xlocale.h:33:8: note: forward declaration of 'std::__c_locale {aka struct __locale_t}'</code><br />
						
            
            <a class="navhash" href="#832">#</a>
						
              <code id="832"> struct __locale_t;</code><br />
						
            
            <a class="navhash" href="#833">#</a>
						
              <code id="833">        ^~~~~~~~~~</code><br />
						
            
            <a class="navhash" href="#834">#</a>
						
              <code id="834">In file included from /usr/include/c++/6.1.1/bits/basic_ios.h:37:0,</code><br />
						
            
            <a class="navhash" href="#835">#</a>
						
              <code id="835">                 from /usr/include/c++/6.1.1/ios:44,</code><br />
						
            
            <a class="navhash" href="#836">#</a>
						
              <code id="836">                 from /usr/include/c++/6.1.1/ostream:38,</code><br />
						
            
            <a class="navhash" href="#837">#</a>
						
              <code id="837">                 from /usr/include/c++/6.1.1/iostream:39,</code><br />
						
            
            <a class="navhash" href="#838">#</a>
						
              <code id="838">                 from support.cc:19:</code><br />
						
            
            <a class="navhash" href="#839">#</a>
						
              <code id="839">/usr/include/c++/6.1.1/bits/locale_facets.h: In constructor 'std::__cxx11::numpunct<_CharT>::numpunct(std::__c_locale, std::size_t)':</code><br />
						
            
            <a class="navhash" href="#840">#</a>
						
              <code id="840">/usr/include/c++/6.1.1/bits/locale_facets.h:1718:27: error: '__cloc' has incomplete type</code><br />
						
            
            <a class="navhash" href="#841">#</a>
						
              <code id="841">       numpunct(__c_locale __cloc, size_t __refs = 0)</code><br />
						
            
            <a class="navhash" href="#842">#</a>
						
              <code id="842">                           ^~~~~~</code><br />
						
            
            <a class="navhash" href="#843">#</a>
						
              <code id="843">In file included from /sysroot/sysroot/usr/include/string.h:34:0,</code><br />
						
            
            <a class="navhash" href="#844">#</a>
						
              <code id="844">                 from /sysroot/sysroot/usr/include/signal.h:35,</code><br />
						
            
            <a class="navhash" href="#845">#</a>
						
              <code id="845">                 from /sysroot/sysroot/usr/include/sys/select.h:35,</code><br />
						
            
            <a class="navhash" href="#846">#</a>
						
              <code id="846">                 from /sysroot/sysroot/usr/include/unistd.h:34,</code><br />
						
            
            <a class="navhash" href="#847">#</a>
						
              <code id="847">                 from /sysroot/sysroot/usr/include/fcntl.h:37,</code><br />
						
            
            <a class="navhash" href="#848">#</a>
						
              <code id="848">                 from support.cc:15:</code><br />
						
            
            <a class="navhash" href="#849">#</a>
						
              <code id="849">/sysroot/sysroot/usr/include/xlocale.h:33:8: note: forward declaration of 'std::__c_locale {aka struct __locale_t}'</code><br />
						
            
            <a class="navhash" href="#850">#</a>
						
              <code id="850"> struct __locale_t;</code><br />
						
            
            <a class="navhash" href="#851">#</a>
						
              <code id="851">        ^~~~~~~~~~</code><br />
						
            
            <a class="navhash" href="#852">#</a>
						
              <code id="852">In file included from /usr/include/c++/6.1.1/bits/ios_base.h:41:0,</code><br />
						
            
            <a class="navhash" href="#853">#</a>
						
              <code id="853">                 from /usr/include/c++/6.1.1/ios:42,</code><br />
						
            
            <a class="navhash" href="#854">#</a>
						
              <code id="854">                 from /usr/include/c++/6.1.1/ostream:38,</code><br />
						
            
            <a class="navhash" href="#855">#</a>
						
              <code id="855">                 from /usr/include/c++/6.1.1/iostream:39,</code><br />
						
            
            <a class="navhash" href="#856">#</a>
						
              <code id="856">                 from guid.cc:21:</code><br />
						
            
            <a class="navhash" href="#857">#</a>
						
              <code id="857">/usr/include/c++/6.1.1/bits/locale_classes.h: At global scope:</code><br />
						
            
            <a class="navhash" href="#858">#</a>
						
              <code id="858">/usr/include/c++/6.1.1/bits/locale_classes.h:412:29: error: could not convert '0' from 'int' to 'std::__c_locale {aka __locale_t}'</code><br />
						
            
            <a class="navhash" href="#859">#</a>
						
              <code id="859">          __c_locale __old = 0);</code><br />
						
            
            <a class="navhash" href="#860">#</a>
						
              <code id="860">                             ^</code><br />
						
            
            <a class="navhash" href="#861">#</a>
						
              <code id="861">/usr/include/c++/6.1.1/bits/locale_classes.h:654:20: error: field '_M_c_locale_collate' has incomplete type 'std::__c_locale {aka __locale_t}'</code><br />
						
            
            <a class="navhash" href="#862">#</a>
						
              <code id="862">       __c_locale   _M_c_locale_collate;</code><br />
						
            
            <a class="navhash" href="#863">#</a>
						
              <code id="863">                    ^~~~~~~~~~~~~~~~~~~</code><br />
						
            
            <a class="navhash" href="#864">#</a>
						
              <code id="864">In file included from /sysroot/sysroot/usr/include/time.h:34:0,</code><br />
						
            
            <a class="navhash" href="#865">#</a>
						
              <code id="865">                 from guid.cc:18:</code><br />
						
            
            <a class="navhash" href="#866">#</a>
						
              <code id="866">/sysroot/sysroot/usr/include/xlocale.h:33:8: note: forward declaration of 'std::__c_locale {aka struct __locale_t}'</code><br />
						
            
            <a class="navhash" href="#867">#</a>
						
              <code id="867"> struct __locale_t;</code><br />
						
            
            <a class="navhash" href="#868">#</a>
						
              <code id="868">        ^~~~~~~~~~</code><br />
						
            
            <a class="navhash" href="#869">#</a>
						
              <code id="869">In file included from /usr/include/c++/6.1.1/bits/ios_base.h:41:0,</code><br />
						
            
            <a class="navhash" href="#870">#</a>
						
              <code id="870">                 from /usr/include/c++/6.1.1/ios:42,</code><br />
						
            
            <a class="navhash" href="#871">#</a>
						
              <code id="871">                 from /usr/include/c++/6.1.1/ostream:38,</code><br />
						
            
            <a class="navhash" href="#872">#</a>
						
              <code id="872">                 from /usr/include/c++/6.1.1/iostream:39,</code><br />
						
            
            <a class="navhash" href="#873">#</a>
						
              <code id="873">                 from guid.cc:21:</code><br />
						
            
            <a class="navhash" href="#874">#</a>
						
              <code id="874">/usr/include/c++/6.1.1/bits/locale_classes.h: In constructor 'std::__cxx11::collate<_CharT>::collate(std::__c_locale, std::size_t)':</code><br />
						
            
            <a class="navhash" href="#875">#</a>
						
              <code id="875">/usr/include/c++/6.1.1/bits/locale_classes.h:682:26: error: '__cloc' has incomplete type</code><br />
						
            
            <a class="navhash" href="#876">#</a>
						
              <code id="876">       collate(__c_locale __cloc, size_t __refs = 0)</code><br />
						
            
            <a class="navhash" href="#877">#</a>
						
              <code id="877">                          ^~~~~~</code><br />
						
            
            <a class="navhash" href="#878">#</a>
						
              <code id="878">In file included from /sysroot/sysroot/usr/include/time.h:34:0,</code><br />
						
            
            <a class="navhash" href="#879">#</a>
						
              <code id="879">                 from guid.cc:18:</code><br />
						
            
            <a class="navhash" href="#880">#</a>
						
              <code id="880">/sysroot/sysroot/usr/include/xlocale.h:33:8: note: forward declaration of 'std::__c_locale {aka struct __locale_t}'</code><br />
						
            
            <a class="navhash" href="#881">#</a>
						
              <code id="881"> struct __locale_t;</code><br />
						
            
            <a class="navhash" href="#882">#</a>
						
              <code id="882">        ^~~~~~~~~~</code><br />
						
            
            <a class="navhash" href="#883">#</a>
						
              <code id="883">In file included from /usr/include/c++/6.1.1/bits/locale_facets.h:41:0,</code><br />
						
            
            <a class="navhash" href="#884">#</a>
						
              <code id="884">                 from /usr/include/c++/6.1.1/bits/basic_ios.h:37,</code><br />
						
            
            <a class="navhash" href="#885">#</a>
						
              <code id="885">                 from /usr/include/c++/6.1.1/ios:44,</code><br />
						
            
            <a class="navhash" href="#886">#</a>
						
              <code id="886">                 from /usr/include/c++/6.1.1/ostream:38,</code><br />
						
            
            <a class="navhash" href="#887">#</a>
						
              <code id="887">                 from /usr/include/c++/6.1.1/iostream:39,</code><br />
						
            
            <a class="navhash" href="#888">#</a>
						
              <code id="888">                 from guid.cc:21:</code><br />
						
            
            <a class="navhash" href="#889">#</a>
						
              <code id="889">/usr/include/c++/6.1.1/x86_64-pc-linux-gnu/bits/ctype_base.h: At global scope:</code><br />
						
            
            <a class="navhash" href="#890">#</a>
						
              <code id="890">/usr/include/c++/6.1.1/x86_64-pc-linux-gnu/bits/ctype_base.h:49:35: error: '_ISupper' was not declared in this scope</code><br />
						
            
            <a class="navhash" href="#891">#</a>
						
              <code id="891">     static const mask upper     = _ISupper;</code><br />
						
            
            <a class="navhash" href="#892">#</a>
						
              <code id="892">                                   ^~~~~~~~</code><br />
						
            
            <a class="navhash" href="#893">#</a>
						
              <code id="893">/usr/include/c++/6.1.1/x86_64-pc-linux-gnu/bits/ctype_base.h:50:32: error: '_ISlower' was not declared in this scope</code><br />
						
            
            <a class="navhash" href="#894">#</a>
						
              <code id="894">     static const mask lower  = _ISlower;</code><br />
						
            
            <a class="navhash" href="#895">#</a>
						
              <code id="895">                                ^~~~~~~~</code><br />
						
            
            <a class="navhash" href="#896">#</a>
						
              <code id="896">/usr/include/c++/6.1.1/x86_64-pc-linux-gnu/bits/ctype_base.h:51:32: error: '_ISalpha' was not declared in this scope</code><br />
						
            
            <a class="navhash" href="#897">#</a>
						
              <code id="897">     static const mask alpha  = _ISalpha;</code><br />
						
            
            <a class="navhash" href="#898">#</a>
						
              <code id="898">                                ^~~~~~~~</code><br />
						
            
            <a class="navhash" href="#899">#</a>
						
              <code id="899">/usr/include/c++/6.1.1/x86_64-pc-linux-gnu/bits/ctype_base.h:52:32: error: '_ISdigit' was not declared in this scope</code><br />
						
            
            <a class="navhash" href="#900">#</a>
						
              <code id="900">     static const mask digit  = _ISdigit;</code><br />
						
            
            <a class="navhash" href="#901">#</a>
						
              <code id="901">                                ^~~~~~~~</code><br />
						
            
            <a class="navhash" href="#902">#</a>
						
              <code id="902">/usr/include/c++/6.1.1/x86_64-pc-linux-gnu/bits/ctype_base.h:53:33: error: '_ISxdigit' was not declared in this scope</code><br />
						
            
            <a class="navhash" href="#903">#</a>
						
              <code id="903">     static const mask xdigit  = _ISxdigit;</code><br />
						
            
            <a class="navhash" href="#904">#</a>
						
              <code id="904">                                 ^~~~~~~~~</code><br />
						
            
            <a class="navhash" href="#905">#</a>
						
              <code id="905">/usr/include/c++/6.1.1/x86_64-pc-linux-gnu/bits/ctype_base.h:54:32: error: '_ISspace' was not declared in this scope</code><br />
						
            
            <a class="navhash" href="#906">#</a>
						
              <code id="906">     static const mask space  = _ISspace;</code><br />
						
            
            <a class="navhash" href="#907">#</a>
						
              <code id="907">                                ^~~~~~~~</code><br />
						
            
            <a class="navhash" href="#908">#</a>
						
              <code id="908">/usr/include/c++/6.1.1/x86_64-pc-linux-gnu/bits/ctype_base.h:55:32: error: '_ISprint' was not declared in this scope</code><br />
						
            
            <a class="navhash" href="#909">#</a>
						
              <code id="909">     static const mask print  = _ISprint;</code><br />
						
            
            <a class="navhash" href="#910">#</a>
						
              <code id="910">                                ^~~~~~~~</code><br />
						
            
            <a class="navhash" href="#911">#</a>
						
              <code id="911">/usr/include/c++/6.1.1/x86_64-pc-linux-gnu/bits/ctype_base.h:56:32: error: '_ISalpha' was not declared in this scope</code><br />
						
            
            <a class="navhash" href="#912">#</a>
						
              <code id="912">     static const mask graph  = _ISalpha | _ISdigit | _ISpunct;</code><br />
						
            
            <a class="navhash" href="#913">#</a>
						
              <code id="913">                                ^~~~~~~~</code><br />
						
            
            <a class="navhash" href="#914">#</a>
						
              <code id="914">/usr/include/c++/6.1.1/x86_64-pc-linux-gnu/bits/ctype_base.h:56:43: error: '_ISdigit' was not declared in this scope</code><br />
						
            
            <a class="navhash" href="#915">#</a>
						
              <code id="915">     static const mask graph  = _ISalpha | _ISdigit | _ISpunct;</code><br />
						
            
            <a class="navhash" href="#916">#</a>
						
              <code id="916">                                           ^~~~~~~~</code><br />
						
            
            <a class="navhash" href="#917">#</a>
						
              <code id="917">/usr/include/c++/6.1.1/x86_64-pc-linux-gnu/bits/ctype_base.h:56:54: error: '_ISpunct' was not declared in this scope</code><br />
						
            
            <a class="navhash" href="#918">#</a>
						
              <code id="918">     static const mask graph  = _ISalpha | _ISdigit | _ISpunct;</code><br />
						
            
            <a class="navhash" href="#919">#</a>
						
              <code id="919">                                                      ^~~~~~~~</code><br />
						
            
            <a class="navhash" href="#920">#</a>
						
              <code id="920">/usr/include/c++/6.1.1/x86_64-pc-linux-gnu/bits/ctype_base.h:57:32: error: '_IScntrl' was not declared in this scope</code><br />
						
            
            <a class="navhash" href="#921">#</a>
						
              <code id="921">     static const mask cntrl  = _IScntrl;</code><br />
						
            
            <a class="navhash" href="#922">#</a>
						
              <code id="922">                                ^~~~~~~~</code><br />
						
            
            <a class="navhash" href="#923">#</a>
						
              <code id="923">/usr/include/c++/6.1.1/x86_64-pc-linux-gnu/bits/ctype_base.h:58:32: error: '_ISpunct' was not declared in this scope</code><br />
						
            
            <a class="navhash" href="#924">#</a>
						
              <code id="924">     static const mask punct  = _ISpunct;</code><br />
						
            
            <a class="navhash" href="#925">#</a>
						
              <code id="925">                                ^~~~~~~~</code><br />
						
            
            <a class="navhash" href="#926">#</a>
						
              <code id="926">/usr/include/c++/6.1.1/x86_64-pc-linux-gnu/bits/ctype_base.h:59:32: error: '_ISalpha' was not declared in this scope</code><br />
						
            
            <a class="navhash" href="#927">#</a>
						
              <code id="927">     static const mask alnum  = _ISalpha | _ISdigit;</code><br />
						
            
            <a class="navhash" href="#928">#</a>
						
              <code id="928">                                ^~~~~~~~</code><br />
						
            
            <a class="navhash" href="#929">#</a>
						
              <code id="929">/usr/include/c++/6.1.1/x86_64-pc-linux-gnu/bits/ctype_base.h:59:43: error: '_ISdigit' was not declared in this scope</code><br />
						
            
            <a class="navhash" href="#930">#</a>
						
              <code id="930">     static const mask alnum  = _ISalpha | _ISdigit;</code><br />
						
            
            <a class="navhash" href="#931">#</a>
						
              <code id="931">                                           ^~~~~~~~</code><br />
						
            
            <a class="navhash" href="#932">#</a>
						
              <code id="932">/usr/include/c++/6.1.1/x86_64-pc-linux-gnu/bits/ctype_base.h:61:31: error: '_ISblank' was not declared in this scope</code><br />
						
            
            <a class="navhash" href="#933">#</a>
						
              <code id="933">     static const mask blank = _ISblank;</code><br />
						
            
            <a class="navhash" href="#934">#</a>
						
              <code id="934">                               ^~~~~~~~</code><br />
						
            
            <a class="navhash" href="#935">#</a>
						
              <code id="935">In file included from /usr/include/c++/6.1.1/bits/basic_ios.h:37:0,</code><br />
						
            
            <a class="navhash" href="#936">#</a>
						
              <code id="936">                 from /usr/include/c++/6.1.1/ios:44,</code><br />
						
            
            <a class="navhash" href="#937">#</a>
						
              <code id="937">                 from /usr/include/c++/6.1.1/ostream:38,</code><br />
						
            
            <a class="navhash" href="#938">#</a>
						
              <code id="938">                 from /usr/include/c++/6.1.1/iostream:39,</code><br />
						
            
            <a class="navhash" href="#939">#</a>
						
              <code id="939">                 from guid.cc:21:</code><br />
						
            
            <a class="navhash" href="#940">#</a>
						
              <code id="940">/usr/include/c++/6.1.1/bits/locale_facets.h:690:19: error: field '_M_c_locale_ctype' has incomplete type 'std::__c_locale {aka __locale_t}'</code><br />
						
            
            <a class="navhash" href="#941">#</a>
						
              <code id="941">       __c_locale  _M_c_locale_ctype;</code><br />
						
            
            <a class="navhash" href="#942">#</a>
						
              <code id="942">                   ^~~~~~~~~~~~~~~~~</code><br />
						
            
            <a class="navhash" href="#943">#</a>
						
              <code id="943">In file included from /sysroot/sysroot/usr/include/time.h:34:0,</code><br />
						
            
            <a class="navhash" href="#944">#</a>
						
              <code id="944">                 from guid.cc:18:</code><br />
						
            
            <a class="navhash" href="#945">#</a>
						
              <code id="945">/sysroot/sysroot/usr/include/xlocale.h:33:8: note: forward declaration of 'std::__c_locale {aka struct __locale_t}'</code><br />
						
            
            <a class="navhash" href="#946">#</a>
						
              <code id="946"> struct __locale_t;</code><br />
						
            
            <a class="navhash" href="#947">#</a>
						
              <code id="947">        ^~~~~~~~~~</code><br />
						
            
            <a class="navhash" href="#948">#</a>
						
              <code id="948">In file included from /usr/include/c++/6.1.1/bits/basic_ios.h:37:0,</code><br />
						
            
            <a class="navhash" href="#949">#</a>
						
              <code id="949">                 from /usr/include/c++/6.1.1/ios:44,</code><br />
						
            
            <a class="navhash" href="#950">#</a>
						
              <code id="950">                 from /usr/include/c++/6.1.1/ostream:38,</code><br />
						
            
            <a class="navhash" href="#951">#</a>
						
              <code id="951">                 from /usr/include/c++/6.1.1/iostream:39,</code><br />
						
            
            <a class="navhash" href="#952">#</a>
						
              <code id="952">                 from guid.cc:21:</code><br />
						
            
            <a class="navhash" href="#953">#</a>
						
              <code id="953">/usr/include/c++/6.1.1/bits/locale_facets.h:1191:19: error: field '_M_c_locale_ctype' has incomplete type 'std::__c_locale {aka __locale_t}'</code><br />
						
            
            <a class="navhash" href="#954">#</a>
						
              <code id="954">       __c_locale  _M_c_locale_ctype;</code><br />
						
            
            <a class="navhash" href="#955">#</a>
						
              <code id="955">                   ^~~~~~~~~~~~~~~~~</code><br />
						
            
            <a class="navhash" href="#956">#</a>
						
              <code id="956">In file included from /sysroot/sysroot/usr/include/time.h:34:0,</code><br />
						
            
            <a class="navhash" href="#957">#</a>
						
              <code id="957">                 from guid.cc:18:</code><br />
						
            
            <a class="navhash" href="#958">#</a>
						
              <code id="958">/sysroot/sysroot/usr/include/xlocale.h:33:8: note: forward declaration of 'std::__c_locale {aka struct __locale_t}'</code><br />
						
            
            <a class="navhash" href="#959">#</a>
						
              <code id="959"> struct __locale_t;</code><br />
						
            
            <a class="navhash" href="#960">#</a>
						
              <code id="960">        ^~~~~~~~~~</code><br />
						
            
            <a class="navhash" href="#961">#</a>
						
              <code id="961">In file included from /usr/include/c++/6.1.1/bits/basic_ios.h:37:0,</code><br />
						
            
            <a class="navhash" href="#962">#</a>
						
              <code id="962">                 from /usr/include/c++/6.1.1/ios:44,</code><br />
						
            
            <a class="navhash" href="#963">#</a>
						
              <code id="963">                 from /usr/include/c++/6.1.1/ostream:38,</code><br />
						
            
            <a class="navhash" href="#964">#</a>
						
              <code id="964">                 from /usr/include/c++/6.1.1/iostream:39,</code><br />
						
            
            <a class="navhash" href="#965">#</a>
						
              <code id="965">                 from guid.cc:21:</code><br />
						
            
            <a class="navhash" href="#966">#</a>
						
              <code id="966">/usr/include/c++/6.1.1/bits/locale_facets.h: In constructor 'std::__cxx11::numpunct<_CharT>::numpunct(std::__c_locale, std::size_t)':</code><br />
						
            
            <a class="navhash" href="#967">#</a>
						
              <code id="967">/usr/include/c++/6.1.1/bits/locale_facets.h:1718:27: error: '__cloc' has incomplete type</code><br />
						
            
            <a class="navhash" href="#968">#</a>
						
              <code id="968">       numpunct(__c_locale __cloc, size_t __refs = 0)</code><br />
						
            
            <a class="navhash" href="#969">#</a>
						
              <code id="969">                           ^~~~~~</code><br />
						
            
            <a class="navhash" href="#970">#</a>
						
              <code id="970">In file included from /sysroot/sysroot/usr/include/time.h:34:0,</code><br />
						
            
            <a class="navhash" href="#971">#</a>
						
              <code id="971">                 from guid.cc:18:</code><br />
						
            
            <a class="navhash" href="#972">#</a>
						
              <code id="972">/sysroot/sysroot/usr/include/xlocale.h:33:8: note: forward declaration of 'std::__c_locale {aka struct __locale_t}'</code><br />
						
            
            <a class="navhash" href="#973">#</a>
						
              <code id="973"> struct __locale_t;</code><br />
						
            
            <a class="navhash" href="#974">#</a>
						
              <code id="974">        ^~~~~~~~~~</code><br />
						
            
            <a class="navhash" href="#975">#</a>
						
              <code id="975">In file included from support.h:5:0,</code><br />
						
            
            <a class="navhash" href="#976">#</a>
						
              <code id="976">                 from support.cc:21:</code><br />
						
            
            <a class="navhash" href="#977">#</a>
						
              <code id="977">/sysroot/sysroot/usr/include/stdlib.h: At global scope:</code><br />
						
            
            <a class="navhash" href="#978">#</a>
						
              <code id="978">/sysroot/sysroot/usr/include/stdlib.h:97:13: error: conflicting declaration of C function 'void qsort(void*, size_t, size_t, int (*)(const void*, const void*))'</code><br />
						
            
            <a class="navhash" href="#979">#</a>
						
              <code id="979"> extern void qsort(void *, size_t, size_t, int (*)(const void *, const void *));</code><br />
						
            
            <a class="navhash" href="#980">#</a>
						
              <code id="980">             ^~~~~</code><br />
						
            
            <a class="navhash" href="#981">#</a>
						
              <code id="981">In file included from /usr/include/c++/6.1.1/cstdlib:75:0,</code><br />
						
            
            <a class="navhash" href="#982">#</a>
						
              <code id="982">                 from /usr/include/c++/6.1.1/ext/string_conversions.h:41,</code><br />
						
            
            <a class="navhash" href="#983">#</a>
						
              <code id="983">                 from /usr/include/c++/6.1.1/bits/basic_string.h:5402,</code><br />
						
            
            <a class="navhash" href="#984">#</a>
						
              <code id="984">                 from /usr/include/c++/6.1.1/string:52,</code><br />
						
            
            <a class="navhash" href="#985">#</a>
						
              <code id="985">                 from support.cc:18:</code><br />
						
            
            <a class="navhash" href="#986">#</a>
						
              <code id="986">/usr/include/stdlib.h:764:13: note: previous declaration 'void qsort(void*, size_t, size_t, int)'</code><br />
						
            
            <a class="navhash" href="#987">#</a>
						
              <code id="987"> extern void qsort (void *__base, size_t __nmemb, size_t __size,</code><br />
						
            
            <a class="navhash" href="#988">#</a>
						
              <code id="988">             ^~~~~</code><br />
						
            
            <a class="navhash" href="#989">#</a>
						
              <code id="989">In file included from support.h:5:0,</code><br />
						
            
            <a class="navhash" href="#990">#</a>
						
              <code id="990">                 from support.cc:21:</code><br />
						
            
            <a class="navhash" href="#991">#</a>
						
              <code id="991">/sysroot/sysroot/usr/include/stdlib.h:140:3: error: conflicting declaration 'typedef struct ldiv_t ldiv_t'</code><br />
						
            
            <a class="navhash" href="#992">#</a>
						
              <code id="992"> } ldiv_t;</code><br />
						
            
            <a class="navhash" href="#993">#</a>
						
              <code id="993">   ^~~~~~</code><br />
						
            
            <a class="navhash" href="#994">#</a>
						
              <code id="994">In file included from /usr/include/c++/6.1.1/cstdlib:75:0,</code><br />
						
            
            <a class="navhash" href="#995">#</a>
						
              <code id="995">                 from /usr/include/c++/6.1.1/ext/string_conversions.h:41,</code><br />
						
            
            <a class="navhash" href="#996">#</a>
						
              <code id="996">                 from /usr/include/c++/6.1.1/bits/basic_string.h:5402,</code><br />
						
            
            <a class="navhash" href="#997">#</a>
						
              <code id="997">                 from /usr/include/c++/6.1.1/string:52,</code><br />
						
            
            <a class="navhash" href="#998">#</a>
						
              <code id="998">                 from support.cc:18:</code><br />
						
            
            <a class="navhash" href="#999">#</a>
						
              <code id="999">/usr/include/stdlib.h:109:5: note: previous declaration as 'typedef struct ldiv_t ldiv_t'</code><br />
						
            
            <a class="navhash" href="#1000">#</a>
						
              <code id="1000">   } ldiv_t;</code><br />
						
            
            <a class="navhash" href="#1001">#</a>
						
              <code id="1001">     ^~~~~~</code><br />
						
            
            <a class="navhash" href="#1002">#</a>
						
              <code id="1002">In file included from support.h:5:0,</code><br />
						
            
            <a class="navhash" href="#1003">#</a>
						
              <code id="1003">                 from guid.cc:23:</code><br />
						
            
            <a class="navhash" href="#1004">#</a>
						
              <code id="1004">/sysroot/sysroot/usr/include/stdlib.h: At global scope:</code><br />
						
            
            <a class="navhash" href="#1005">#</a>
						
              <code id="1005">/sysroot/sysroot/usr/include/stdlib.h:97:13: error: conflicting declaration of C function 'void qsort(void*, size_t, size_t, int (*)(const void*, const void*))'</code><br />
						
            
            <a class="navhash" href="#1006">#</a>
						
              <code id="1006"> extern void qsort(void *, size_t, size_t, int (*)(const void *, const void *));</code><br />
						
            
            <a class="navhash" href="#1007">#</a>
						
              <code id="1007">             ^~~~~</code><br />
						
            
            <a class="navhash" href="#1008">#</a>
						
              <code id="1008">In file included from /usr/include/c++/6.1.1/cstdlib:75:0,</code><br />
						
            
            <a class="navhash" href="#1009">#</a>
						
              <code id="1009">                 from /usr/include/c++/6.1.1/ext/string_conversions.h:41,</code><br />
						
            
            <a class="navhash" href="#1010">#</a>
						
              <code id="1010">                 from /usr/include/c++/6.1.1/bits/basic_string.h:5402,</code><br />
						
            
            <a class="navhash" href="#1011">#</a>
						
              <code id="1011">                 from /usr/include/c++/6.1.1/string:52,</code><br />
						
            
            <a class="navhash" href="#1012">#</a>
						
              <code id="1012">                 from guid.cc:20:</code><br />
						
            
            <a class="navhash" href="#1013">#</a>
						
              <code id="1013">/usr/include/stdlib.h:764:13: note: previous declaration 'void qsort(void*, size_t, size_t, int)'</code><br />
						
            
            <a class="navhash" href="#1014">#</a>
						
              <code id="1014"> extern void qsort (void *__base, size_t __nmemb, size_t __size,</code><br />
						
            
            <a class="navhash" href="#1015">#</a>
						
              <code id="1015">             ^~~~~</code><br />
						
            
            <a class="navhash" href="#1016">#</a>
						
              <code id="1016">In file included from support.h:5:0,</code><br />
						
            
            <a class="navhash" href="#1017">#</a>
						
              <code id="1017">                 from guid.cc:23:</code><br />
						
            
            <a class="navhash" href="#1018">#</a>
						
              <code id="1018">/sysroot/sysroot/usr/include/stdlib.h:140:3: error: conflicting declaration 'typedef struct ldiv_t ldiv_t'</code><br />
						
            
            <a class="navhash" href="#1019">#</a>
						
              <code id="1019"> } ldiv_t;</code><br />
						
            
            <a class="navhash" href="#1020">#</a>
						
              <code id="1020">   ^~~~~~</code><br />
						
            
            <a class="navhash" href="#1021">#</a>
						
              <code id="1021">In file included from /usr/include/c++/6.1.1/cstdlib:75:0,</code><br />
						
            
            <a class="navhash" href="#1022">#</a>
						
              <code id="1022">                 from /usr/include/c++/6.1.1/ext/string_conversions.h:41,</code><br />
						
            
            <a class="navhash" href="#1023">#</a>
						
              <code id="1023">                 from /usr/include/c++/6.1.1/bits/basic_string.h:5402,</code><br />
						
            
            <a class="navhash" href="#1024">#</a>
						
              <code id="1024">                 from /usr/include/c++/6.1.1/string:52,</code><br />
						
            
            <a class="navhash" href="#1025">#</a>
						
              <code id="1025">                 from guid.cc:20:</code><br />
						
            
            <a class="navhash" href="#1026">#</a>
						
              <code id="1026">/usr/include/stdlib.h:109:5: note: previous declaration as 'typedef struct ldiv_t ldiv_t'</code><br />
						
            
            <a class="navhash" href="#1027">#</a>
						
              <code id="1027">   } ldiv_t;</code><br />
						
            
            <a class="navhash" href="#1028">#</a>
						
              <code id="1028">     ^~~~~~</code><br />
						
            
            <a class="navhash" href="#1029">#</a>
						
              <code id="1029">make: *** [<builtin>: guid.o] Error 1</code><br />
						
            
            <a class="navhash" href="#1030">#</a>
						
              <code id="1030">make: *** Waiting for unfinished jobs....</code><br />
						
            
            <a class="navhash" href="#1031">#</a>
						
              <code id="1031">make: *** [<builtin>: support.o] Error 1</code><br />
						
            
            <a class="navhash" href="#1032">#</a>
						
              <code id="1032">==> ERROR: A failure occurred in build().</code><br />
						
            
            <a class="navhash" href="#1033">#</a>
						
              <code id="1033">    Aborting...</code><br />
						
            
          </div>
        
      </div>
      <br />
    
      <div class="block">
        <div class="info">
          <code>Printing config.logs</code>
        </div>
        
      </div>
      <br />
    
  </body>
</html>