        <html><head></head><body>
        <h1>Report for graphite on toolchain
            <a href="index.html">android</a>
        </h1>
        <p>Return code: 5</p>
        <p>Time to run: 00:01:21</p>
        <p>Log output:</p>
        <code><pre><docker run --rm -v /tuscan_data --volumes-from tuscan_data -v /sources --volumes-from sources -v /var/cache/pacman/pkg --volumes-from pkg_cache_android -v logs:/logs make_package_container --sources-directory /sources --shared-directory /tuscan_data graphite
:: Synchronizing package databases...
downloading repo.db...
downloading core.db...
downloading extra.db...
downloading community.db...
Found 2852 packages in cache
===> sudo -u tuscan makepkg --nobuild --syncdeps --skipinteg --skippgpcheck --skipchecksums --noconfirm --nocolor --log --noprogressbar --nocheck
==> Making package: graphite 1:1.3.3-1 (Sat Nov 14 01:15:49 UTC 2015)
==> Checking runtime dependencies...
==> Checking buildtime dependencies...
==> Installing missing dependencies...
resolving dependencies...
looking for conflicting packages...
warning: dependency cycle detected:
warning: harfbuzz will be installed before its freetype2 dependency

Packages (10) graphite-1:1.3.3-1  harfbuzz-1.0.6-2  jsoncpp-1.6.5-1  libpng-1.6.18-1  libxml2-2.9.2-2  shared-mime-info-1.5-1  sqlite-3.9.2-1  cmake-3.3.2-3  freetype2-2.6.1-1  python2-2.7.10-2

Total Installed Size:  120.07 MiB

:: Proceed with installation? [Y/n] 
checking keyring...
checking package integrity...
loading package files...
checking for file conflicts...
checking available disk space...
installing libxml2...
Optional dependencies for libxml2
    python2: python bindings to libxml [pending]
installing shared-mime-info...
installing jsoncpp...
installing cmake...
Optional dependencies for cmake
    qt5-base: cmake-gui
    libxkbcommon-x11: cmake-gui
installing libpng...
installing graphite...
installing harfbuzz...
Optional dependencies for harfbuzz
    cairo: hb-view program
installing freetype2...
installing sqlite...
installing python2...
Optional dependencies for python2
    tk: for IDLE
    python2-setuptools
    python2-pip
==> Retrieving sources...
  -> Downloading graphite2-1.3.3.tgz...
  -> Found graphite2-1.2.0-cmakepath.patch
==> WARNING: Skipping all source file integrity checks.
==> Extracting sources...
  -> Extracting graphite2-1.3.3.tgz with bsdtar
==> Starting prepare()...
/sources/graphite/src/graphite2-1.3.3 /sources/graphite/src
patching file src/CMakeLists.txt
Hunk #1 succeeded at 148 (offset 12 lines).
/sources/graphite/src
==> Sources are ready.
Copied source directory to /sources/graphite
===> sudo -u tuscan PATH=/tmp/toolchain/bin:/usr/local/sbin:/usr/local/bin:/usr/sbin:/usr/bin:/sbin:/bin CC=arm-linux-androideabi-gcc CXX=arm-linux-androideabi-g++ SYSROOT=/build/android-ndk-r10e/platforms/android-21/arch-arm makepkg --noextract --syncdeps --skipinteg --skippgpcheck --skipchecksums --noconfirm --nocolor --log --noprogressbar --nocheck
==> Making package: graphite 1:1.3.3-1 (Sat Nov 14 01:16:14 UTC 2015)
==> Checking runtime dependencies...
==> Checking buildtime dependencies...
==> WARNING: Using existing $srcdir/ tree
==> Starting build()...
-- The C compiler identification is GNU 4.8.0
-- The CXX compiler identification is GNU 4.8.0
-- Check for working C compiler: /tmp/toolchain/bin/arm-linux-androideabi-gcc
-- Check for working C compiler: /tmp/toolchain/bin/arm-linux-androideabi-gcc -- works
-- Detecting C compiler ABI info
-- Detecting C compiler ABI info - done
-- Detecting C compile features
-- Detecting C compile features - done
-- Check for working CXX compiler: /tmp/toolchain/bin/arm-linux-androideabi-g++
-- Check for working CXX compiler: /tmp/toolchain/bin/arm-linux-androideabi-g++ -- works
-- Detecting CXX compiler ABI info
-- Detecting CXX compiler ABI info - done
-- Detecting CXX compile features
-- Detecting CXX compile features - done
-- Build: Release
-- Segment Cache support: enabled
-- File Face support: enabled
-- Tracing support: enabled
-- Using vm machine type: direct
CMake Warning (dev) at Graphite.cmake:28 (GET_TARGET_PROPERTY):
  Policy CMP0026 is not set: Disallow use of the LOCATION target property.
  Run "cmake --help-policy CMP0026" for policy details.  Use the cmake_policy
  command to set the policy and suppress this warning.

  The LOCATION property should not be read from target "graphite2".  Use the
  target name directly with add_custom_command, or use the generator
  expression $<TARGET_FILE>, as appropriate.

Call Stack (most recent call first):
  src/CMakeLists.txt:129 (CREATE_LIBTOOL_FILE)
This warning is for project developers.  Use -Wno-dev to suppress it.

-- Looking for sys/types.h
-- Looking for sys/types.h - found
-- Looking for stdint.h
-- Looking for stdint.h - found
-- Looking for stddef.h
-- Looking for stddef.h - found
-- Check size of size_t
-- Check size of size_t - done
-- Found Freetype: /usr/lib/libfreetype.so (found version "2.6.1") 
-- Configuring done
-- Generating done
-- Build files have been written to: /tmp/graphite/src/build
-- Build: Release
-- Segment Cache support: enabled
-- File Face support: enabled
-- Tracing support: enabled
-- Using vm machine type: direct
CMake Warning (dev) at Graphite.cmake:28 (GET_TARGET_PROPERTY):
  Policy CMP0026 is not set: Disallow use of the LOCATION target property.
  Run "cmake --help-policy CMP0026" for policy details.  Use the cmake_policy
  command to set the policy and suppress this warning.

  The LOCATION property should not be read from target "graphite2".  Use the
  target name directly with add_custom_command, or use the generator
  expression $<TARGET_FILE>, as appropriate.

Call Stack (most recent call first):
  src/CMakeLists.txt:129 (CREATE_LIBTOOL_FILE)
This warning is for project developers.  Use -Wno-dev to suppress it.

-- Configuring done
-- Generating done
-- Build files have been written to: /tmp/graphite/src/build
Scanning dependencies of target graphite2
Scanning dependencies of target graphite2-base
[  1%] Building CXX object tests/CMakeFiles/graphite2-base.dir/__/src/FeatureMap.cpp.o
[  2%] Building CXX object src/CMakeFiles/graphite2.dir/direct_machine.cpp.o
[  3%] Building CXX object tests/CMakeFiles/graphite2-base.dir/__/src/Intervals.cpp.o
[  4%] Building CXX object src/CMakeFiles/graphite2.dir/gr_char_info.cpp.o
[  5%] Building CXX object src/CMakeFiles/graphite2.dir/gr_features.cpp.o
[  6%] Building CXX object tests/CMakeFiles/graphite2-base.dir/__/src/NameTable.cpp.o
[  7%] Building CXX object src/CMakeFiles/graphite2.dir/gr_face.cpp.o
[  8%] Building CXX object tests/CMakeFiles/graphite2-base.dir/__/src/Sparse.cpp.o
[  9%] Building CXX object src/CMakeFiles/graphite2.dir/gr_font.cpp.o
[ 10%] Building CXX object tests/CMakeFiles/graphite2-base.dir/__/src/TtfUtil.cpp.o
[ 11%] Building CXX object src/CMakeFiles/graphite2.dir/gr_logging.cpp.o
[ 12%] Building CXX object tests/CMakeFiles/graphite2-base.dir/__/src/UtfCodec.cpp.o
[ 13%] Building CXX object src/CMakeFiles/graphite2.dir/gr_segment.cpp.o
[ 14%] Linking C static library libgraphite2-base.a
[ 15%] Building CXX object src/CMakeFiles/graphite2.dir/gr_slot.cpp.o
[ 15%] Built target graphite2-base
Scanning dependencies of target graphite2-segcache
[ 16%] Building CXX object tests/CMakeFiles/graphite2-segcache.dir/__/src/call_machine.cpp.o
[ 17%] Building CXX object src/CMakeFiles/graphite2.dir/CachedFace.cpp.o
[ 18%] Building CXX object src/CMakeFiles/graphite2.dir/CmapCache.cpp.o
[ 20%] Building CXX object tests/CMakeFiles/graphite2-segcache.dir/__/src/Code.cpp.o
[ 20%] Building CXX object src/CMakeFiles/graphite2.dir/Code.cpp.o
[ 22%] Building CXX object tests/CMakeFiles/graphite2-segcache.dir/__/src/Collider.cpp.o
[ 22%] Building CXX object src/CMakeFiles/graphite2.dir/Collider.cpp.o
[ 23%] Building CXX object tests/CMakeFiles/graphite2-segcache.dir/__/src/CmapCache.cpp.o
[ 24%] Building CXX object src/CMakeFiles/graphite2.dir/Decompressor.cpp.o
[ 25%] Building CXX object src/CMakeFiles/graphite2.dir/Face.cpp.o
[ 26%] Building CXX object tests/CMakeFiles/graphite2-segcache.dir/__/src/Decompressor.cpp.o
[ 27%] Building CXX object tests/CMakeFiles/graphite2-segcache.dir/__/src/Face.cpp.o
[ 28%] Building CXX object src/CMakeFiles/graphite2.dir/FeatureMap.cpp.o
[ 29%] Building CXX object tests/CMakeFiles/graphite2-segcache.dir/__/src/FileFace.cpp.o
[ 30%] Building CXX object tests/CMakeFiles/graphite2-segcache.dir/__/src/GlyphCache.cpp.o
[ 31%] Building CXX object src/CMakeFiles/graphite2.dir/Font.cpp.o
[ 32%] Building CXX object src/CMakeFiles/graphite2.dir/GlyphFace.cpp.o
[ 33%] Building CXX object tests/CMakeFiles/graphite2-segcache.dir/__/src/GlyphFace.cpp.o
[ 34%] Building CXX object src/CMakeFiles/graphite2.dir/GlyphCache.cpp.o
[ 35%] Building CXX object tests/CMakeFiles/graphite2-segcache.dir/__/src/gr_logging.cpp.o
[ 36%] Building CXX object tests/CMakeFiles/graphite2-segcache.dir/__/src/Pass.cpp.o
[ 37%] Building CXX object src/CMakeFiles/graphite2.dir/Intervals.cpp.o
[ 38%] Building CXX object src/CMakeFiles/graphite2.dir/Justifier.cpp.o
[ 39%] Building CXX object tests/CMakeFiles/graphite2-segcache.dir/__/src/SegCache.cpp.o
[ 40%] Building CXX object src/CMakeFiles/graphite2.dir/NameTable.cpp.o
[ 41%] Building CXX object tests/CMakeFiles/graphite2-segcache.dir/__/src/SegCacheEntry.cpp.o
[ 42%] Building CXX object src/CMakeFiles/graphite2.dir/Pass.cpp.o
[ 43%] Building CXX object tests/CMakeFiles/graphite2-segcache.dir/__/src/Segment.cpp.o
[ 44%] Building CXX object tests/CMakeFiles/graphite2-segcache.dir/__/src/Silf.cpp.o
[ 45%] Building CXX object src/CMakeFiles/graphite2.dir/Position.cpp.o
[ 46%] Building CXX object src/CMakeFiles/graphite2.dir/Segment.cpp.o
[ 47%] Building CXX object tests/CMakeFiles/graphite2-segcache.dir/__/src/Slot.cpp.o
[ 48%] Linking C static library libgraphite2-segcache.a
[ 49%] Building CXX object src/CMakeFiles/graphite2.dir/Silf.cpp.o
[ 49%] Built target graphite2-segcache
Scanning dependencies of target endiantest
[ 50%] Building CXX object tests/endian/CMakeFiles/endiantest.dir/endiantest.cpp.o
[ 51%] Building CXX object src/CMakeFiles/graphite2.dir/Slot.cpp.o
[ 52%] Linking CXX executable endiantest
[ 52%] Built target endiantest
Scanning dependencies of target bits
[ 53%] Building CXX object tests/bittwiddling/CMakeFiles/bits.dir/bits.cpp.o
[ 54%] Building CXX object src/CMakeFiles/graphite2.dir/Sparse.cpp.o
[ 55%] Building CXX object src/CMakeFiles/graphite2.dir/TtfUtil.cpp.o
[ 56%] Linking CXX executable bits
[ 57%] Building CXX object src/CMakeFiles/graphite2.dir/UtfCodec.cpp.o
[ 57%] Built target bits
Scanning dependencies of target grlisttest
[ 58%] Building CXX object tests/grlist/CMakeFiles/grlisttest.dir/grlisttest.cpp.o
[ 59%] Building CXX object src/CMakeFiles/graphite2.dir/FileFace.cpp.o
[ 60%] Building CXX object src/CMakeFiles/graphite2.dir/SegCache.cpp.o
[ 61%] Linking CXX executable grlisttest
[ 62%] Building CXX object src/CMakeFiles/graphite2.dir/SegCacheEntry.cpp.o
[ 62%] Built target grlisttest
Scanning dependencies of target jsontest
[ 63%] Building CXX object tests/json/CMakeFiles/jsontest.dir/jsontest.cpp.o
[ 64%] Building CXX object tests/json/CMakeFiles/jsontest.dir/__/__/src/json.cpp.o
[ 65%] Building CXX object src/CMakeFiles/graphite2.dir/SegCacheStore.cpp.o
[ 66%] Linking CXX executable jsontest
[ 66%] Built target jsontest
[ 67%] Building CXX object src/CMakeFiles/graphite2.dir/json.cpp.o
Scanning dependencies of target nametabletest
[ 68%] Building CXX object tests/nametabletest/CMakeFiles/nametabletest.dir/nametabletest.cpp.o
[ 69%] Linking CXX executable nametabletest
[ 70%] Linking C shared library libgraphite2.so
[ 70%] Built target nametabletest
[ 70%] Built target graphite2
Scanning dependencies of target sparsetest
[ 71%] Building CXX object tests/sparsetest/CMakeFiles/sparsetest.dir/sparsetest.cpp.o
Scanning dependencies of target comparerenderer
[ 72%] Building CXX object tests/comparerenderer/CMakeFiles/comparerenderer.dir/CompareRenderer.cpp.o
In file included from /tmp/toolchain/sysroot/usr/include/assert.h:45:0,
                 from /tmp/toolchain/include/c++/4.8/cassert:43,
                 from /tmp/graphite/src/graphite2-1.3.3/tests/comparerenderer/CompareRenderer.cpp:22:
/tmp/graphite/src/graphite2-1.3.3/tests/comparerenderer/FeatureParser.h:142:9: error: expected unqualified-id before '__extension__'
     int swap32(int x)
         ^
/tmp/graphite/src/graphite2-1.3.3/tests/comparerenderer/FeatureParser.h:142:9: error: expected unqualified-id before ')' token
     int swap32(int x)
         ^
tests/comparerenderer/CMakeFiles/comparerenderer.dir/build.make:62: recipe for target 'tests/comparerenderer/CMakeFiles/comparerenderer.dir/CompareRenderer.cpp.o' failed
make[2]: *** [tests/comparerenderer/CMakeFiles/comparerenderer.dir/CompareRenderer.cpp.o] Error 1
CMakeFiles/Makefile2:273: recipe for target 'tests/comparerenderer/CMakeFiles/comparerenderer.dir/all' failed
make[1]: *** [tests/comparerenderer/CMakeFiles/comparerenderer.dir/all] Error 2
make[1]: *** Waiting for unfinished jobs....
[ 73%] Linking CXX executable sparsetest
[ 73%] Built target sparsetest
Makefile:138: recipe for target 'all' failed
make: *** [all] Error 2
==> ERROR: A failure occurred in build().
    Aborting...
===> Printing config.logs
===> Finished printing config.logs></pre></code>
        </body></html>
