<!DOCTYPE html>
<html>
<!-- Jinja template for reports of individual builds

  Copyright 2016 Kareem Khazem. All Rights Reserved.
  Licensed under the Apache License, Version 2.0 (the "License");
  you may not use this file except in compliance with the License.
  You may obtain a copy of the License at

 		 http://www.apache.org/licenses/LICENSE-2.0

  Unless required by applicable law or agreed to in writing, software
  distributed under the License is distributed on an "AS IS" BASIS,
  WITHOUT WARRANTIES OR CONDITIONS OF ANY KIND, either express or
  implied.
  See the License for the specific language governing permissions and
  limitations under the License.
-->
  <head>
    <meta charset="UTF-8">
    <title>android/libgit2</title>
    <link href='https://fonts.googleapis.com/css?family=Roboto:400,900'
          rel='stylesheet' type='text/css'>
    <link
    href='https://fonts.googleapis.com/css?family=Source+Code+Pro:400,700'
          rel='stylesheet' type='text/css'>
    <link href="../style.css" type="text/css" rel="stylesheet">
  </head>
  <body>
    <h1>Build of libgit2
        with <a href="../index.html">android</a>
        toolchain</h1>
    <p>The build took 00h 01m 03s and was
    NOT successful.
    </p>
    
    
    
    <h2>List of Errors</h2>
    <ul>
      
      <li>missing_header
        <ul>
          
          <li><a href="#72">/tmp/libgit2/src/libgit2-0.24.1/src/hash/hash_openssl.h:13:25: fatal error: openssl/sha.h: No such file or directory</a></li>
          
          <li><a href="#87">/tmp/libgit2/src/libgit2-0.24.1/src/hash/hash_openssl.h:13:25: fatal error: openssl/sha.h: No such file or directory</a></li>
          
        </ul>
      </li>
      
    </ul>
    
    <h2>Log</h2>
    
      <div class="block">
        <div class="info">
          <code>Found permanent source directory in /sources/libgit2</code>
        </div>
        
      </div>
      <br />
    
      <div class="block">
        <div class="info">
          <code>Removed vanilla repositories from pacman.conf and added:</code>
        </div>
        
          <div class="output">
            
            <a class="navhash" href="#1">#</a>
						
              <code id="1">[tuscan]</code><br />
						
            
            <a class="navhash" href="#2">#</a>
						
              <code id="2">Server = file:///var/cache/pacman/pkg/</code><br />
						
            
          </div>
        
      </div>
      <br />
    
      <div class="block">
        <div class="command">
          <code><span class="prompt">CMD: </span>pacman -Syy --noconfirm</code>
        </div>
        
          <div class="output">
            
            <a class="navhash" href="#3">#</a>
						
              <code id="3">:: Synchronizing package databases...</code><br />
						
            
            <a class="navhash" href="#4">#</a>
						
              <code id="4">downloading tuscan.db...</code><br />
						
            
          </div>
        
      </div>
      <br />
    
      <div class="block">
        <div class="command">
          <code><span class="prompt">CMD: </span>sudo -u tuscan PATH=/toolchain_root/bin:/usr/local/sbin:/usr/local/bin:/usr/sbin:/usr/bin:/sbin:/bin CC=arm-linux-androideabi-gcc CXX=arm-linux-androideabi-g++ SYSROOT=/build/android-ndk-r10e/platforms/android-21/arch-arm LIBRARY_PATH=/toolchain_root/usr/lib CPATH=/toolchain_root/usr/include bear makepkg --noextract --syncdeps --skipinteg --skippgpcheck --skipchecksums --noconfirm --nocolor --log --noprogressbar --nocheck</code>
        </div>
        
          <div class="output">
            
            <a class="navhash" href="#5">#</a>
						
              <code id="5">==> Making package: libgit2 1:0.24.1-1 (Tue Jun 14 05:57:35 UTC 2016)</code><br />
						
            
            <a class="navhash" href="#6">#</a>
						
              <code id="6">==> Checking runtime dependencies...</code><br />
						
            
            <a class="navhash" href="#7">#</a>
						
              <code id="7">==> Checking buildtime dependencies...</code><br />
						
            
            <a class="navhash" href="#8">#</a>
						
              <code id="8">==> WARNING: Using existing $srcdir/ tree</code><br />
						
            
            <a class="navhash" href="#9">#</a>
						
              <code id="9">==> Starting build()...</code><br />
						
            
            <a class="navhash" href="#10">#</a>
						
              <code id="10">-- The C compiler identification is GNU 4.8.0</code><br />
						
            
            <a class="navhash" href="#11">#</a>
						
              <code id="11">-- Check for working C compiler: /toolchain_root/bin/arm-linux-androideabi-gcc</code><br />
						
            
            <a class="navhash" href="#12">#</a>
						
              <code id="12">-- Check for working C compiler: /toolchain_root/bin/arm-linux-androideabi-gcc -- works</code><br />
						
            
            <a class="navhash" href="#13">#</a>
						
              <code id="13">-- Detecting C compiler ABI info</code><br />
						
            
            <a class="navhash" href="#14">#</a>
						
              <code id="14">-- Detecting C compiler ABI info - done</code><br />
						
            
            <a class="navhash" href="#15">#</a>
						
              <code id="15">-- Detecting C compile features</code><br />
						
            
            <a class="navhash" href="#16">#</a>
						
              <code id="16">-- Detecting C compile features - done</code><br />
						
            
            <a class="navhash" href="#17">#</a>
						
              <code id="17">-- Found PkgConfig: /usr/sbin/pkg-config (found version "0.29.1") </code><br />
						
            
            <a class="navhash" href="#18">#</a>
						
              <code id="18">-- Performing Test HAVE_STRUCT_STAT_ST_MTIM</code><br />
						
            
            <a class="navhash" href="#19">#</a>
						
              <code id="19">-- Performing Test HAVE_STRUCT_STAT_ST_MTIM - Failed</code><br />
						
            
            <a class="navhash" href="#20">#</a>
						
              <code id="20">-- Performing Test HAVE_STRUCT_STAT_ST_MTIMESPEC</code><br />
						
            
            <a class="navhash" href="#21">#</a>
						
              <code id="21">-- Performing Test HAVE_STRUCT_STAT_ST_MTIMESPEC - Failed</code><br />
						
            
            <a class="navhash" href="#22">#</a>
						
              <code id="22">-- Performing Test HAVE_STRUCT_STAT_MTIME_NSEC</code><br />
						
            
            <a class="navhash" href="#23">#</a>
						
              <code id="23">-- Performing Test HAVE_STRUCT_STAT_MTIME_NSEC - Success</code><br />
						
            
            <a class="navhash" href="#24">#</a>
						
              <code id="24">-- Checking for module 'libcurl'</code><br />
						
            
            <a class="navhash" href="#25">#</a>
						
              <code id="25">--   Found libcurl, version 7.48.0</code><br />
						
            
            <a class="navhash" href="#26">#</a>
						
              <code id="26">-- Found OpenSSL: /usr/lib/libssl.so;/usr/lib/libcrypto.so (found version "1.0.2g") </code><br />
						
            
            <a class="navhash" href="#27">#</a>
						
              <code id="27">-- Could NOT find HTTP_Parser (missing:  HTTP_PARSER_INCLUDE_DIR HTTP_PARSER_LIBRARY) </code><br />
						
            
            <a class="navhash" href="#28">#</a>
						
              <code id="28">-- http-parser was not found or is too old; using bundled 3rd-party sources.</code><br />
						
            
            <a class="navhash" href="#29">#</a>
						
              <code id="29">-- Found ZLIB: /usr/lib/libz.so (found version "1.2.8") </code><br />
						
            
            <a class="navhash" href="#30">#</a>
						
              <code id="30">-- Checking for module 'libssh2'</code><br />
						
            
            <a class="navhash" href="#31">#</a>
						
              <code id="31">--   Found libssh2, version 1.7.0</code><br />
						
            
            <a class="navhash" href="#32">#</a>
						
              <code id="32">-- Looking for libssh2_userauth_publickey_frommemory in ssh2</code><br />
						
            
            <a class="navhash" href="#33">#</a>
						
              <code id="33">-- Looking for libssh2_userauth_publickey_frommemory in ssh2 - not found</code><br />
						
            
            <a class="navhash" href="#34">#</a>
						
              <code id="34">-- Performing Test IS_FVISIBILITY=HIDDEN_SUPPORTED</code><br />
						
            
            <a class="navhash" href="#35">#</a>
						
              <code id="35">-- Performing Test IS_FVISIBILITY=HIDDEN_SUPPORTED - Success</code><br />
						
            
            <a class="navhash" href="#36">#</a>
						
              <code id="36">-- Performing Test IS_WDOCUMENTATION_SUPPORTED</code><br />
						
            
            <a class="navhash" href="#37">#</a>
						
              <code id="37">-- Performing Test IS_WDOCUMENTATION_SUPPORTED - Failed</code><br />
						
            
            <a class="navhash" href="#38">#</a>
						
              <code id="38">-- Performing Test IS_WNO-MISSING-FIELD-INITIALIZERS_SUPPORTED</code><br />
						
            
            <a class="navhash" href="#39">#</a>
						
              <code id="39">-- Performing Test IS_WNO-MISSING-FIELD-INITIALIZERS_SUPPORTED - Success</code><br />
						
            
            <a class="navhash" href="#40">#</a>
						
              <code id="40">-- Performing Test IS_WSTRICT-ALIASING=2_SUPPORTED</code><br />
						
            
            <a class="navhash" href="#41">#</a>
						
              <code id="41">-- Performing Test IS_WSTRICT-ALIASING=2_SUPPORTED - Success</code><br />
						
            
            <a class="navhash" href="#42">#</a>
						
              <code id="42">-- Performing Test IS_WSTRICT-PROTOTYPES_SUPPORTED</code><br />
						
            
            <a class="navhash" href="#43">#</a>
						
              <code id="43">-- Performing Test IS_WSTRICT-PROTOTYPES_SUPPORTED - Success</code><br />
						
            
            <a class="navhash" href="#44">#</a>
						
              <code id="44">-- Performing Test IS_WDECLARATION-AFTER-STATEMENT_SUPPORTED</code><br />
						
            
            <a class="navhash" href="#45">#</a>
						
              <code id="45">-- Performing Test IS_WDECLARATION-AFTER-STATEMENT_SUPPORTED - Success</code><br />
						
            
            <a class="navhash" href="#46">#</a>
						
              <code id="46">-- Performing Test IS_WNO-UNUSED-CONST-VARIABLE_SUPPORTED</code><br />
						
            
            <a class="navhash" href="#47">#</a>
						
              <code id="47">-- Performing Test IS_WNO-UNUSED-CONST-VARIABLE_SUPPORTED - Failed</code><br />
						
            
            <a class="navhash" href="#48">#</a>
						
              <code id="48">-- Performing Test IS_WNO-UNUSED-FUNCTION_SUPPORTED</code><br />
						
            
            <a class="navhash" href="#49">#</a>
						
              <code id="49">-- Performing Test IS_WNO-UNUSED-FUNCTION_SUPPORTED - Success</code><br />
						
            
            <a class="navhash" href="#50">#</a>
						
              <code id="50">-- Looking for futimens</code><br />
						
            
            <a class="navhash" href="#51">#</a>
						
              <code id="51">-- Looking for futimens - found</code><br />
						
            
            <a class="navhash" href="#52">#</a>
						
              <code id="52">-- Looking for qsort_r</code><br />
						
            
            <a class="navhash" href="#53">#</a>
						
              <code id="53">-- Looking for qsort_r - not found</code><br />
						
            
            <a class="navhash" href="#54">#</a>
						
              <code id="54">-- Looking for qsort_s</code><br />
						
            
            <a class="navhash" href="#55">#</a>
						
              <code id="55">-- Looking for qsort_s - not found</code><br />
						
            
            <a class="navhash" href="#56">#</a>
						
              <code id="56">-- Looking for pthread.h</code><br />
						
            
            <a class="navhash" href="#57">#</a>
						
              <code id="57">-- Looking for pthread.h - found</code><br />
						
            
            <a class="navhash" href="#58">#</a>
						
              <code id="58">-- Looking for pthread_create</code><br />
						
            
            <a class="navhash" href="#59">#</a>
						
              <code id="59">-- Looking for pthread_create - found</code><br />
						
            
            <a class="navhash" href="#60">#</a>
						
              <code id="60">-- Found Threads: TRUE  </code><br />
						
            
            <a class="navhash" href="#61">#</a>
						
              <code id="61">-- Looking for clock_gettime in rt</code><br />
						
            
            <a class="navhash" href="#62">#</a>
						
              <code id="62">-- Looking for clock_gettime in rt - not found</code><br />
						
            
            <a class="navhash" href="#63">#</a>
						
              <code id="63">-- Found PythonInterp: /toolchain_root/bin/python (found version "2.7.5") </code><br />
						
            
            <a class="navhash" href="#64">#</a>
						
              <code id="64">-- Configuring done</code><br />
						
            
            <a class="navhash" href="#65">#</a>
						
              <code id="65">-- Generating done</code><br />
						
            
            <a class="navhash" href="#66">#</a>
						
              <code id="66">-- Build files have been written to: /tmp/libgit2/src/libgit2-0.24.1</code><br />
						
            
            <a class="navhash" href="#67">#</a>
						
              <code id="67">[  1%] Generating tests/clar.suite</code><br />
						
            
            <a class="navhash" href="#68">#</a>
						
              <code id="68">Scanning dependencies of target git2</code><br />
						
            
            <a class="navhash" href="#69">#</a>
						
              <code id="69">[  1%] Building C object CMakeFiles/git2.dir/src/refdb.c.o</code><br />
						
            
            <a class="navhash" href="#70">#</a>
						
              <code id="70">In file included from /tmp/libgit2/src/libgit2-0.24.1/src/hash.h:22:0,</code><br />
						
            
            <a class="navhash" href="#71">#</a>
						
              <code id="71">                 from /tmp/libgit2/src/libgit2-0.24.1/src/refdb.c:16:</code><br />
						
            
            <a class="navhash" href="#72">#</a>
						<span class="error">
              <code id="72">/tmp/libgit2/src/libgit2-0.24.1/src/hash/hash_openssl.h:13:25: fatal error: openssl/sha.h: No such file or directory</code><br />
						</span>
            
            <a class="navhash" href="#73">#</a>
						
              <code id="73"> #include <openssl/sha.h></code><br />
						
            
            <a class="navhash" href="#74">#</a>
						
              <code id="74">                         ^</code><br />
						
            
            <a class="navhash" href="#75">#</a>
						
              <code id="75">compilation terminated.</code><br />
						
            
            <a class="navhash" href="#76">#</a>
						
              <code id="76">CMakeFiles/git2.dir/build.make:62: recipe for target 'CMakeFiles/git2.dir/src/refdb.c.o' failed</code><br />
						
            
            <a class="navhash" href="#77">#</a>
						
              <code id="77">make[2]: *** [CMakeFiles/git2.dir/src/refdb.c.o] Error 1</code><br />
						
            
            <a class="navhash" href="#78">#</a>
						
              <code id="78">CMakeFiles/Makefile2:67: recipe for target 'CMakeFiles/git2.dir/all' failed</code><br />
						
            
            <a class="navhash" href="#79">#</a>
						
              <code id="79">make[1]: *** [CMakeFiles/git2.dir/all] Error 2</code><br />
						
            
            <a class="navhash" href="#80">#</a>
						
              <code id="80">make[1]: *** Waiting for unfinished jobs....</code><br />
						
            
            <a class="navhash" href="#81">#</a>
						
              <code id="81">Written `clar.suite` (2131 tests in 308 suites)</code><br />
						
            
            <a class="navhash" href="#82">#</a>
						
              <code id="82">Scanning dependencies of target libgit2_clar</code><br />
						
            
            <a class="navhash" href="#83">#</a>
						
              <code id="83">[  1%] Building C object CMakeFiles/libgit2_clar.dir/src/refdb.c.o</code><br />
						
            
            <a class="navhash" href="#84">#</a>
						
              <code id="84">[  1%] Building C object CMakeFiles/libgit2_clar.dir/src/pqueue.c.o</code><br />
						
            
            <a class="navhash" href="#85">#</a>
						
              <code id="85">In file included from /tmp/libgit2/src/libgit2-0.24.1/src/hash.h:22:0,</code><br />
						
            
            <a class="navhash" href="#86">#</a>
						
              <code id="86">                 from /tmp/libgit2/src/libgit2-0.24.1/src/refdb.c:16:</code><br />
						
            
            <a class="navhash" href="#87">#</a>
						<span class="error">
              <code id="87">/tmp/libgit2/src/libgit2-0.24.1/src/hash/hash_openssl.h:13:25: fatal error: openssl/sha.h: No such file or directory</code><br />
						</span>
            
            <a class="navhash" href="#88">#</a>
						
              <code id="88"> #include <openssl/sha.h></code><br />
						
            
            <a class="navhash" href="#89">#</a>
						
              <code id="89">                         ^</code><br />
						
            
            <a class="navhash" href="#90">#</a>
						
              <code id="90">compilation terminated.</code><br />
						
            
            <a class="navhash" href="#91">#</a>
						
              <code id="91">CMakeFiles/libgit2_clar.dir/build.make:420: recipe for target 'CMakeFiles/libgit2_clar.dir/src/refdb.c.o' failed</code><br />
						
            
            <a class="navhash" href="#92">#</a>
						
              <code id="92">make[2]: *** [CMakeFiles/libgit2_clar.dir/src/refdb.c.o] Error 1</code><br />
						
            
            <a class="navhash" href="#93">#</a>
						
              <code id="93">make[2]: *** Waiting for unfinished jobs....</code><br />
						
            
            <a class="navhash" href="#94">#</a>
						
              <code id="94">CMakeFiles/Makefile2:104: recipe for target 'CMakeFiles/libgit2_clar.dir/all' failed</code><br />
						
            
            <a class="navhash" href="#95">#</a>
						
              <code id="95">make[1]: *** [CMakeFiles/libgit2_clar.dir/all] Error 2</code><br />
						
            
            <a class="navhash" href="#96">#</a>
						
              <code id="96">Makefile:138: recipe for target 'all' failed</code><br />
						
            
            <a class="navhash" href="#97">#</a>
						
              <code id="97">make: *** [all] Error 2</code><br />
						
            
            <a class="navhash" href="#98">#</a>
						
              <code id="98">==> ERROR: A failure occurred in build().</code><br />
						
            
            <a class="navhash" href="#99">#</a>
						
              <code id="99">    Aborting...</code><br />
						
            
          </div>
        
      </div>
      <br />
    
      <div class="block">
        <div class="info">
          <code>Printing config.logs</code>
        </div>
        
      </div>
      <br />
    
  </body>
</html>