        <html><head></head><body>
        <h1>Report for libssh on toolchain
            <a href="index.html">android</a>
        </h1>
        <p>Return code: 5</p>
        <p>Time to run: 00:01:54</p>
        <p>Log output:</p>
        <code><pre><docker run --rm -v /tuscan_data --volumes-from tuscan_data -v /sources --volumes-from sources -v /var/cache/pacman/pkg --volumes-from pkg_cache_android -v logs:/logs make_package_container --sources-directory /sources --shared-directory /tuscan_data libssh
:: Synchronizing package databases...
downloading repo.db...
downloading core.db...
downloading extra.db...
downloading community.db...
Found 3108 packages in cache
===> sudo -u tuscan makepkg --nobuild --syncdeps --skipinteg --skippgpcheck --skipchecksums --noconfirm --nocolor --log --noprogressbar --nocheck
==> Making package: libssh 0.7.1-2 (Sat Nov 14 02:11:28 UTC 2015)
==> Checking runtime dependencies...
==> Checking buildtime dependencies...
==> Installing missing dependencies...
resolving dependencies...
looking for conflicting packages...

Packages (6) jsoncpp-1.6.5-1  libxml2-2.9.2-2  shared-mime-info-1.5-1  cmake-3.3.2-3  cmocka-1.0.1-1  doxygen-1.8.10-1

Total Download Size:    0.03 MiB
Total Installed Size:  54.26 MiB

:: Proceed with installation? [Y/n] 
:: Retrieving packages ...
downloading cmocka-1.0.1-1-x86_64.pkg.tar.xz...
checking keyring...
checking package integrity...
loading package files...
checking for file conflicts...
checking available disk space...
installing libxml2...
Optional dependencies for libxml2
    python2: python bindings to libxml
installing shared-mime-info...
installing jsoncpp...
installing cmake...
Optional dependencies for cmake
    qt5-base: cmake-gui
    libxkbcommon-x11: cmake-gui
installing cmocka...
installing doxygen...
Optional dependencies for doxygen
    graphviz: for caller/callee graph generation
    qt4: for doxywizard
==> Retrieving sources...
  -> Downloading libssh-0.7.1.tar.xz...
  -> Downloading libssh-0.7.1.tar.asc...
==> WARNING: Skipping all source file integrity checks.
==> Extracting sources...
  -> Extracting libssh-0.7.1.tar.xz with bsdtar
==> Starting prepare()...
==> Sources are ready.
Copied source directory to /sources/libssh
===> sudo -u tuscan PATH=/tmp/toolchain/bin:/usr/local/sbin:/usr/local/bin:/usr/sbin:/usr/bin:/sbin:/bin CC=arm-linux-androideabi-gcc CXX=arm-linux-androideabi-g++ SYSROOT=/build/android-ndk-r10e/platforms/android-21/arch-arm makepkg --noextract --syncdeps --skipinteg --skippgpcheck --skipchecksums --noconfirm --nocolor --log --noprogressbar --nocheck
==> Making package: libssh 0.7.1-2 (Sat Nov 14 02:11:47 UTC 2015)
==> Checking runtime dependencies...
==> Checking buildtime dependencies...
==> WARNING: Using existing $srcdir/ tree
==> Starting build()...
-- The C compiler identification is GNU 4.8.0
-- Check for working C compiler: /tmp/toolchain/bin/arm-linux-androideabi-gcc
-- Check for working C compiler: /tmp/toolchain/bin/arm-linux-androideabi-gcc -- works
-- Detecting C compiler ABI info
-- Detecting C compiler ABI info - done
-- Detecting C compile features
-- Detecting C compile features - done
-- Performing Test WITH_FPIC
-- Performing Test WITH_FPIC - Success
-- Performing Test WITH_STACK_PROTECTOR
-- Performing Test WITH_STACK_PROTECTOR - Success
-- Found ZLIB: /usr/lib/libz.so (found version "1.2.8") 
-- Found OpenSSL: /usr/lib/libssl.so;/usr/lib/libcrypto.so (found version "1.0.2d") 
-- Looking for include file pthread.h
-- Looking for include file pthread.h - found
-- Looking for pthread_create
-- Looking for pthread_create - not found
-- Looking for pthread_create in pthreads
-- Looking for pthread_create in pthreads - not found
-- Looking for pthread_create in pthread
-- Looking for pthread_create in pthread - not found
-- Check if compiler accepts -pthread
-- Check if compiler accepts -pthread - no
-- Found Threads: TRUE  
-- Could NOT find NaCl (missing:  NACL_LIBRARIES NACL_INCLUDE_DIRS) 
-- Performing Test WITH_VISIBILITY_HIDDEN
-- Performing Test WITH_VISIBILITY_HIDDEN - Success
-- Looking for argp.h
-- Looking for argp.h - not found
-- Looking for pty.h
-- Looking for pty.h - not found
-- Looking for utmp.h
-- Looking for utmp.h - found
-- Looking for termios.h
-- Looking for termios.h - found
-- Looking for unistd.h
-- Looking for unistd.h - found
-- Looking for util.h
-- Looking for util.h - found
-- Looking for libutil.h
-- Looking for libutil.h - not found
-- Looking for sys/time.h
-- Looking for sys/time.h - found
-- Looking for sys/param.h
-- Looking for sys/param.h - found
-- Looking for arpa/inet.h
-- Looking for arpa/inet.h - found
-- Looking for openssl/aes.h
-- Looking for openssl/aes.h - not found
-- Looking for openssl/blowfish.h
-- Looking for openssl/blowfish.h - not found
-- Looking for openssl/des.h
-- Looking for openssl/des.h - not found
-- Looking for openssl/ecdh.h
-- Looking for openssl/ecdh.h - not found
-- Looking for openssl/ec.h
-- Looking for openssl/ec.h - not found
-- Looking for openssl/ecdsa.h
-- Looking for openssl/ecdsa.h - not found
-- Looking for isblank
-- Looking for isblank - found
-- Looking for strncpy
-- Looking for strncpy - found
-- Looking for vsnprintf
-- Looking for vsnprintf - found
-- Looking for snprintf
-- Looking for snprintf - found
-- Looking for poll
-- Looking for poll - found
-- Looking for select
-- Looking for select - found
-- Looking for getaddrinfo
-- Looking for getaddrinfo - found
-- Looking for ntohll
-- Looking for ntohll - not found
-- Looking for htonll
-- Looking for htonll - not found
-- Looking for clock_gettime in rt
-- Looking for clock_gettime in rt - not found
-- Looking for forkpty in util
-- Looking for forkpty in util - not found
-- Looking for cfmakeraw
-- Looking for cfmakeraw - found
-- Looking for strtoull
-- Looking for strtoull - found
-- Looking for __strtoull
-- Looking for __strtoull - not found
-- Performing Test HAVE_GCC_THREAD_LOCAL_STORAGE
-- Performing Test HAVE_GCC_THREAD_LOCAL_STORAGE - Success
-- Performing Test HAVE_MSC_THREAD_LOCAL_STORAGE
-- Performing Test HAVE_MSC_THREAD_LOCAL_STORAGE - Failed
-- Performing Test HAVE_GCC_VOLATILE_MEMORY_PROTECTION
-- Performing Test HAVE_GCC_VOLATILE_MEMORY_PROTECTION - Success
-- Performing Test HAVE_GCC_NARG_MACRO
-- Performing Test HAVE_GCC_NARG_MACRO - Success
-- Performing Test HAVE_COMPILER__FUNC__
-- Performing Test HAVE_COMPILER__FUNC__ - Success
-- Performing Test HAVE_COMPILER__FUNCTION__
-- Performing Test HAVE_COMPILER__FUNCTION__ - Success
-- Check if the system is big endian
-- Searching 16 bit integer
-- Looking for sys/types.h
-- Looking for sys/types.h - found
-- Looking for stdint.h
-- Looking for stdint.h - found
-- Looking for stddef.h
-- Looking for stddef.h - found
-- Check size of unsigned short
-- Check size of unsigned short - done
-- Using unsigned short
-- Check if the system is big endian - little endian
-- Found Doxygen: /usr/sbin/doxygen (found version "1.8.10") 
-- Found DOXYFILE_IN: /tmp/libssh/src/libssh-0.7.1/doc/Doxyfile.in  
-- The CXX compiler identification is GNU 4.8.0
-- Check for working CXX compiler: /tmp/toolchain/bin/arm-linux-androideabi-g++
-- Check for working CXX compiler: /tmp/toolchain/bin/arm-linux-androideabi-g++ -- works
-- Detecting CXX compiler ABI info
-- Detecting CXX compiler ABI info - done
-- Detecting CXX compile features
-- Detecting CXX compile features - done
-- Found CMocka: /usr/lib/libcmocka.so  
-- ********************************************
-- ********** libssh build options : **********
-- zlib support: ON
-- libgcrypt support: OFF
-- libnacl support: OFF
-- SSH-1 support: OFF
-- SFTP support: ON
-- Server support : ON
-- GSSAPI support : OFF
-- Pcap debugging support : ON
-- With static library: ON
-- Unit testing: ON
-- Client code Unit testing: OFF
-- Public API documentation generation
-- Benchmarks: OFF
-- ********************************************
-- Configuring done
-- Generating done
-- Build files have been written to: /tmp/libssh/src/build
Scanning dependencies of target ssh_shared
Scanning dependencies of target ssh_static
[  1%] Building C object src/CMakeFiles/ssh_shared.dir/agent.c.o
[  1%] Building C object src/CMakeFiles/ssh_static.dir/agent.c.o
In file included from /tmp/libssh/src/libssh-0.7.1/include/libssh/wrapper.h:26:0,
                 from /tmp/libssh/src/libssh-0.7.1/include/libssh/packet.h:24,
                 from /tmp/libssh/src/libssh-0.7.1/include/libssh/session.h:25,
                 from /tmp/libssh/src/libssh-0.7.1/src/agent.c:56:
/tmp/libssh/src/libssh-0.7.1/include/libssh/libcrypto.h:28:25: fatal error: openssl/dsa.h: No such file or directory
 #include <openssl/dsa.h>
                         ^
In file included from /tmp/libssh/src/libssh-0.7.1/include/libssh/wrapper.h:26:0,
                 from /tmp/libssh/src/libssh-0.7.1/include/libssh/packet.h:24,
                 from /tmp/libssh/src/libssh-0.7.1/include/libssh/session.h:25,
                 from /tmp/libssh/src/libssh-0.7.1/src/agent.c:56:
/tmp/libssh/src/libssh-0.7.1/include/libssh/libcrypto.h:28:25: fatal error: openssl/dsa.h: No such file or directory
 #include <openssl/dsa.h>
                         ^
compilation terminated.
compilation terminated.
src/CMakeFiles/ssh_static.dir/build.make:62: recipe for target 'src/CMakeFiles/ssh_static.dir/agent.c.o' failed
make[2]: *** [src/CMakeFiles/ssh_static.dir/agent.c.o] Error 1
src/CMakeFiles/ssh_shared.dir/build.make:62: recipe for target 'src/CMakeFiles/ssh_shared.dir/agent.c.o' failed
make[2]: *** [src/CMakeFiles/ssh_shared.dir/agent.c.o] Error 1
CMakeFiles/Makefile2:1104: recipe for target 'src/CMakeFiles/ssh_shared.dir/all' failed
make[1]: *** [src/CMakeFiles/ssh_shared.dir/all] Error 2
make[1]: *** Waiting for unfinished jobs....
CMakeFiles/Makefile2:1141: recipe for target 'src/CMakeFiles/ssh_static.dir/all' failed
make[1]: *** [src/CMakeFiles/ssh_static.dir/all] Error 2
Makefile:160: recipe for target 'all' failed
make: *** [all] Error 2
==> ERROR: A failure occurred in build().
    Aborting...
===> Printing config.logs
===> Finished printing config.logs></pre></code>
        </body></html>
