        <html><head></head><body>
        <h1>Report for ninja on toolchain
            <a href="index.html">android</a>
        </h1>
        <p>Return code: 5</p>
        <p>Time to run: 00:00:51</p>
        <p>Log output:</p>
        <code><pre><docker run --rm -v /tuscan_data --volumes-from tuscan_data -v /sources --volumes-from sources -v /var/cache/pacman/pkg --volumes-from pkg_cache_android -v logs:/logs make_package_container --sources-directory /sources --shared-directory /tuscan_data ninja
:: Synchronizing package databases...
downloading repo.db...
downloading core.db...
downloading extra.db...
downloading community.db...
Found 794 packages in cache
===> sudo -u tuscan makepkg --nobuild --syncdeps --skipinteg --skippgpcheck --skipchecksums --noconfirm --nocolor --log --noprogressbar --nocheck
==> Making package: ninja 1.6.0-1 (Fri Nov 13 23:15:21 UTC 2015)
==> Checking runtime dependencies...
==> Checking buildtime dependencies...
==> Installing missing dependencies...
resolving dependencies...
looking for conflicting packages...

Packages (5) libxml2-2.9.2-2  sqlite-3.9.2-1  emacs-nox-24.5-2  python2-2.7.10-2  re2c-0.14.3-1

Total Download Size:    36.03 MiB
Total Installed Size:  182.40 MiB

:: Proceed with installation? [Y/n] 
:: Retrieving packages ...
downloading re2c-0.14.3-1-x86_64.pkg.tar.xz...
downloading emacs-nox-24.5-2-x86_64.pkg.tar.xz...
checking keyring...
checking package integrity...
loading package files...
checking for file conflicts...
checking available disk space...
installing sqlite...
installing python2...
Optional dependencies for python2
    tk: for IDLE
    python2-setuptools
    python2-pip
installing re2c...
installing libxml2...
Optional dependencies for libxml2
    python2: python bindings to libxml [installed]
installing emacs-nox...
==> Retrieving sources...
  -> Downloading ninja-1.6.0.zip...
==> WARNING: Skipping all source file integrity checks.
==> Extracting sources...
  -> Extracting ninja-1.6.0.zip with bsdtar
==> Sources are ready.
Copied source directory to /sources/ninja
===> sudo -u tuscan PATH=/tmp/toolchain/bin:/usr/local/sbin:/usr/local/bin:/usr/sbin:/usr/bin:/sbin:/bin CC=arm-linux-androideabi-gcc CXX=arm-linux-androideabi-g++ SYSROOT=/build/android-ndk-r10e/platforms/android-21/arch-arm makepkg --noextract --syncdeps --skipinteg --skippgpcheck --skipchecksums --noconfirm --nocolor --log --noprogressbar --nocheck
==> Making package: ninja 1.6.0-1 (Fri Nov 13 23:15:36 UTC 2015)
==> Checking runtime dependencies...
==> Checking buildtime dependencies...
==> WARNING: Using existing $srcdir/ tree
==> Starting build()...
[01m[Ksrc/util.cc:[m[K In function '[01m[Kdouble GetLoadAverage()[m[K':
[01m[Ksrc/util.cc:579:28:[m[K [01;31m[Kerror: [m[K'[01m[Kgetloadavg[m[K' was not declared in this scope
   if (getloadavg(loadavg, 3) < 0) {
[01;32m[K                            ^[m[K
bootstrapping ninja...
when running:  arm-linux-androideabi-g++ -MMD -MT build/util.o -MF build/util.o.d -g -Wall -Wextra -Wno-deprecated -Wno-unused-parameter -fno-rtti -fno-exceptions -fvisibility=hidden -pipe -Wno-missing-field-initializers '-DNINJA_PYTHON="python2"' -O2 -DNDEBUG -fdiagnostics-color -DUSE_PPOLL -DNINJA_HAVE_BROWSE  -c src/util.cc -o build/util.o
Traceback (most recent call last):
  File "configure.py", line 466, in <module>
    objs += cxx(name)
  File "configure.py", line 262, in cxx
    return n.build(built(name + objext), 'cxx', src(name + '.cc'), **kwargs)
  File "configure.py", line 148, in build
    self._run_command(self._expand(cmd, local_vars))
  File "configure.py", line 169, in _run_command
    subprocess.check_call(cmdline, shell=True)
  File "/tmp/toolchain/lib/python2.7/subprocess.py", line 542, in check_call
    raise CalledProcessError(retcode, cmd)
subprocess.CalledProcessError: Command 'arm-linux-androideabi-g++ -MMD -MT build/util.o -MF build/util.o.d -g -Wall -Wextra -Wno-deprecated -Wno-unused-parameter -fno-rtti -fno-exceptions -fvisibility=hidden -pipe -Wno-missing-field-initializers '-DNINJA_PYTHON="python2"' -O2 -DNDEBUG -fdiagnostics-color -DUSE_PPOLL -DNINJA_HAVE_BROWSE  -c src/util.cc -o build/util.o' returned non-zero exit status 1
==> ERROR: A failure occurred in build().
    Aborting...
===> Printing config.logs
===> Finished printing config.logs></pre></code>
        </body></html>
