<!DOCTYPE html>
<html>
<!-- Jinja template for reports of individual builds

  Copyright 2016 Kareem Khazem. All Rights Reserved.
  Licensed under the Apache License, Version 2.0 (the "License");
  you may not use this file except in compliance with the License.
  You may obtain a copy of the License at

 		 http://www.apache.org/licenses/LICENSE-2.0

  Unless required by applicable law or agreed to in writing, software
  distributed under the License is distributed on an "AS IS" BASIS,
  WITHOUT WARRANTIES OR CONDITIONS OF ANY KIND, either express or
  implied.
  See the License for the specific language governing permissions and
  limitations under the License.
-->
  <head>
    <meta charset="UTF-8">
    <title>android/ocrad</title>
    <link href='https://fonts.googleapis.com/css?family=Roboto:400,900'
          rel='stylesheet' type='text/css'>
    <link
    href='https://fonts.googleapis.com/css?family=Source+Code+Pro:400,700'
          rel='stylesheet' type='text/css'>
    <link href="../style.css" type="text/css" rel="stylesheet">
  </head>
  <body>
    <h1>Build of ocrad
        with <a href="../index.html">android</a>
        toolchain</h1>
    <p>The build took 00h 00m 48s and was
    NOT successful.</p>
    <p>
      The process tree of the build process is <a
      href="ocrad-tree.html">here</a>.
    </p>
    
    
    
    
    
    <h2>List of Errors</h2>
    <ul>
      
      <li>parse_error
        <ul>
          
          <li><a href="#62">/usr/include/stdlib.h:148:6: error: expected initializer before '__THROW'</a></li>
          
          <li><a href="#65">/usr/include/stdlib.h:151:6: error: expected initializer before '__THROW'</a></li>
          
          <li><a href="#74">/usr/include/stdlib.h:189:6: error: expected initializer before '__THROW'</a></li>
          
          <li><a href="#80">/usr/include/stdlib.h:376:41: error: expected initializer before '__THROW'</a></li>
          
          <li><a href="#89">/usr/include/stdlib.h:469:6: error: expected initializer before '__THROW'</a></li>
          
          <li><a href="#95">/usr/include/stdlib.h:483:32: error: expected initializer before '__THROW'</a></li>
          
          <li><a href="#101">/usr/include/stdlib.h:519:43: error: expected initializer before '__THROW'</a></li>
          
          <li><a href="#122">/usr/include/stdlib.h:765:30: error: expected initializer before '__nonnull'</a></li>
          
          <li><a href="#125">/usr/include/stdlib.h:774:26: error: expected initializer before '__THROW'</a></li>
          
          <li><a href="#128">/usr/include/stdlib.h:775:37: error: expected initializer before '__THROW'</a></li>
          
          <li><a href="#134">/usr/include/stdlib.h:791:6: error: expected initializer before '__THROW'</a></li>
          
          <li><a href="#140">/usr/include/stdlib.h:866:46: error: expected initializer before '__THROW'</a></li>
          
          <li><a href="#143">/usr/include/stdlib.h:869:48: error: expected initializer before '__THROW'</a></li>
          
          <li><a href="#146">/usr/include/stdlib.h:874:44: error: expected initializer before '__THROW'</a></li>
          
          <li><a href="#149">/usr/include/stdlib.h:878:6: error: expected initializer before '__THROW'</a></li>
          
          <li><a href="#174">/sysroot/sysroot/usr/include/signal.h:86:18: error: expected unqualified-id before '.' token</a></li>
          
          <li><a href="#177">/sysroot/sysroot/usr/include/signal.h:87:12: error: expected ')' before '.' token</a></li>
          
        </ul>
      </li>
      
    </ul>
    
    <h2>Log</h2>
    
      <div class="block">
        <div class="info">
          <code>Removed vanilla repositories from pacman.conf and added:</code>
        </div>
        
          <div class="output">
            
            <a class="navhash" href="#1">#</a>
						
              <code id="1">[tuscan]</code><br />
						
            
            <a class="navhash" href="#2">#</a>
						
              <code id="2">Server = file:///var/cache/pacman/pkg/</code><br />
						
            
          </div>
        
      </div>
      <br />
    
      <div class="block">
        <div class="command">
          <code><span class="prompt">CMD: </span>pacman -Syy --noconfirm</code>
        </div>
        
          <div class="output">
            
            <a class="navhash" href="#3">#</a>
						
              <code id="3">:: Synchronizing package databases...</code><br />
						
            
            <a class="navhash" href="#4">#</a>
						
              <code id="4">downloading tuscan.db...</code><br />
						
            
          </div>
        
      </div>
      <br />
    
      <div class="block">
        <div class="info">
          <code>Copying directory '/toolchain_root/arm-linux-androideabi' to '/sysroot/arm-linux-androideabi'</code>
        </div>
        
      </div>
      <br />
    
      <div class="block">
        <div class="info">
          <code>Copying file '/toolchain_root/COPYING3.LIB' to '/sysroot/COPYING3.LIB'</code>
        </div>
        
      </div>
      <br />
    
      <div class="block">
        <div class="info">
          <code>Copying directory '/toolchain_root/sysroot' to '/sysroot/sysroot'</code>
        </div>
        
      </div>
      <br />
    
      <div class="block">
        <div class="info">
          <code>Copying file '/toolchain_root/COPYING.RUNTIME' to '/sysroot/COPYING.RUNTIME'</code>
        </div>
        
      </div>
      <br />
    
      <div class="block">
        <div class="info">
          <code>Copying directory '/toolchain_root/lib' to '/sysroot/lib'</code>
        </div>
        
      </div>
      <br />
    
      <div class="block">
        <div class="info">
          <code>Copying file '/toolchain_root/SOURCES' to '/sysroot/SOURCES'</code>
        </div>
        
      </div>
      <br />
    
      <div class="block">
        <div class="info">
          <code>Copying directory '/toolchain_root/lib64' to '/sysroot/lib64'</code>
        </div>
        
      </div>
      <br />
    
      <div class="block">
        <div class="info">
          <code>Copying directory '/toolchain_root/share' to '/sysroot/share'</code>
        </div>
        
      </div>
      <br />
    
      <div class="block">
        <div class="info">
          <code>Copying directory '/toolchain_root/bin' to '/sysroot/bin'</code>
        </div>
        
      </div>
      <br />
    
      <div class="block">
        <div class="info">
          <code>Copying file '/toolchain_root/COPYING' to '/sysroot/COPYING'</code>
        </div>
        
      </div>
      <br />
    
      <div class="block">
        <div class="info">
          <code>Copying file '/toolchain_root/COPYING3' to '/sysroot/COPYING3'</code>
        </div>
        
      </div>
      <br />
    
      <div class="block">
        <div class="info">
          <code>Copying file '/toolchain_root/COPYING.LIB' to '/sysroot/COPYING.LIB'</code>
        </div>
        
      </div>
      <br />
    
      <div class="block">
        <div class="info">
          <code>Copying directory '/toolchain_root/include' to '/sysroot/include'</code>
        </div>
        
      </div>
      <br />
    
      <div class="block">
        <div class="info">
          <code>Copying directory '/toolchain_root/libexec' to '/sysroot/libexec'</code>
        </div>
        
      </div>
      <br />
    
      <div class="block">
        <div class="command">
          <code><span class="prompt">CMD: </span>sudo -u tuscan PATH=/sysroot/bin:/sysroot/libexec/gcc/arm-linux-androideabi/4.8:/usr/local/sbin:/usr/local/bin:/usr/sbin:/usr/bin:/sbin:/bin CC=arm-linux-androideabi-gcc CXX=arm-linux-androideabi-g++ SYSROOT=/sysroot/sysroot LIBRARY_PATH=/sysroot/sysroot/usr/lib CPATH=/sysroot/sysroot/usr/include red makepkg --noextract --syncdeps --skipinteg --skippgpcheck --skipchecksums --noconfirm --nocolor --log --noprogressbar --nocheck</code>
        </div>
        
          <div class="output">
            
            <a class="navhash" href="#5">#</a>
						
              <code id="5">==> Making package: ocrad 0.25-3 (Thu Aug 11 13:26:49 UTC 2016)</code><br />
						
            
            <a class="navhash" href="#6">#</a>
						
              <code id="6">==> Checking runtime dependencies...</code><br />
						
            
            <a class="navhash" href="#7">#</a>
						
              <code id="7">==> Checking buildtime dependencies...</code><br />
						
            
            <a class="navhash" href="#8">#</a>
						
              <code id="8">==> WARNING: Using existing $srcdir/ tree</code><br />
						
            
            <a class="navhash" href="#9">#</a>
						
              <code id="9">==> Starting build()...</code><br />
						
            
            <a class="navhash" href="#10">#</a>
						
              <code id="10">configure: WARNING: unrecognized option: '--build=x86_64-unknown-linux'</code><br />
						
            
            <a class="navhash" href="#11">#</a>
						
              <code id="11">configure: WARNING: unrecognized option: '--host=arm-linux-androideabi'</code><br />
						
            
            <a class="navhash" href="#12">#</a>
						
              <code id="12"></code><br />
						
            
            <a class="navhash" href="#13">#</a>
						
              <code id="13">creating config.status</code><br />
						
            
            <a class="navhash" href="#14">#</a>
						
              <code id="14">creating Makefile</code><br />
						
            
            <a class="navhash" href="#15">#</a>
						
              <code id="15">VPATH = .</code><br />
						
            
            <a class="navhash" href="#16">#</a>
						
              <code id="16">prefix = /usr</code><br />
						
            
            <a class="navhash" href="#17">#</a>
						
              <code id="17">exec_prefix = $(prefix)</code><br />
						
            
            <a class="navhash" href="#18">#</a>
						
              <code id="18">bindir = $(exec_prefix)/bin</code><br />
						
            
            <a class="navhash" href="#19">#</a>
						
              <code id="19">datarootdir = $(prefix)/share</code><br />
						
            
            <a class="navhash" href="#20">#</a>
						
              <code id="20">includedir = ${prefix}/include</code><br />
						
            
            <a class="navhash" href="#21">#</a>
						
              <code id="21">infodir = $(datarootdir)/info</code><br />
						
            
            <a class="navhash" href="#22">#</a>
						
              <code id="22">libdir = ${exec_prefix}/lib</code><br />
						
            
            <a class="navhash" href="#23">#</a>
						
              <code id="23">mandir = $(datarootdir)/man</code><br />
						
            
            <a class="navhash" href="#24">#</a>
						
              <code id="24">CXX = g++</code><br />
						
            
            <a class="navhash" href="#25">#</a>
						
              <code id="25">CPPFLAGS = </code><br />
						
            
            <a class="navhash" href="#26">#</a>
						
              <code id="26">CXXFLAGS = </code><br />
						
            
            <a class="navhash" href="#27">#</a>
						
              <code id="27">LDFLAGS = </code><br />
						
            
            <a class="navhash" href="#28">#</a>
						
              <code id="28">OK. Now you can run make.</code><br />
						
            
            <a class="navhash" href="#29">#</a>
						
              <code id="29">g++   -c -o common.o common.cc</code><br />
						
            
            <a class="navhash" href="#30">#</a>
						
              <code id="30">g++   -c -o segment.o segment.cc</code><br />
						
            
            <a class="navhash" href="#31">#</a>
						
              <code id="31">In file included from /usr/include/c++/6.1.1/x86_64-pc-linux-gnu/bits/c++config.h:495:0,</code><br />
						
            
            <a class="navhash" href="#32">#</a>
						
              <code id="32">                 from /usr/include/c++/6.1.1/climits:41,</code><br />
						
            
            <a class="navhash" href="#33">#</a>
						
              <code id="33">                 from segment.cc:18:</code><br />
						
            
            <a class="navhash" href="#34">#</a>
						
              <code id="34">/usr/include/c++/6.1.1/x86_64-pc-linux-gnu/bits/os_defines.h:44:19: error: missing binary operator before token "("</code><br />
						
            
            <a class="navhash" href="#35">#</a>
						
              <code id="35"> #if __GLIBC_PREREQ(2,15) && defined(_GNU_SOURCE)</code><br />
						
            
            <a class="navhash" href="#36">#</a>
						
              <code id="36">                   ^</code><br />
						
            
            <a class="navhash" href="#37">#</a>
						
              <code id="37">In file included from /usr/include/c++/6.1.1/x86_64-pc-linux-gnu/bits/c++config.h:495:0,</code><br />
						
            
            <a class="navhash" href="#38">#</a>
						
              <code id="38">                 from /usr/include/c++/6.1.1/utility:68,</code><br />
						
            
            <a class="navhash" href="#39">#</a>
						
              <code id="39">                 from /usr/include/c++/6.1.1/algorithm:60,</code><br />
						
            
            <a class="navhash" href="#40">#</a>
						
              <code id="40">                 from common.cc:18:</code><br />
						
            
            <a class="navhash" href="#41">#</a>
						
              <code id="41">/usr/include/c++/6.1.1/x86_64-pc-linux-gnu/bits/os_defines.h:44:19: error: missing binary operator before token "("</code><br />
						
            
            <a class="navhash" href="#42">#</a>
						
              <code id="42"> #if __GLIBC_PREREQ(2,15) && defined(_GNU_SOURCE)</code><br />
						
            
            <a class="navhash" href="#43">#</a>
						
              <code id="43">                   ^</code><br />
						
            
            <a class="navhash" href="#44">#</a>
						
              <code id="44">make: *** [Makefile:67: segment.o] Error 1</code><br />
						
            
            <a class="navhash" href="#45">#</a>
						
              <code id="45">make: *** Waiting for unfinished jobs....</code><br />
						
            
            <a class="navhash" href="#46">#</a>
						
              <code id="46">In file included from /usr/include/c++/6.1.1/cstdlib:75:0,</code><br />
						
            
            <a class="navhash" href="#47">#</a>
						
              <code id="47">                 from /usr/include/c++/6.1.1/bits/stl_algo.h:59,</code><br />
						
            
            <a class="navhash" href="#48">#</a>
						
              <code id="48">                 from /usr/include/c++/6.1.1/algorithm:62,</code><br />
						
            
            <a class="navhash" href="#49">#</a>
						
              <code id="49">                 from common.cc:18:</code><br />
						
            
            <a class="navhash" href="#50">#</a>
						
              <code id="50">/usr/include/stdlib.h:34:1: error: '__BEGIN_DECLS' does not name a type</code><br />
						
            
            <a class="navhash" href="#51">#</a>
						
              <code id="51"> __BEGIN_DECLS</code><br />
						
            
            <a class="navhash" href="#52">#</a>
						
              <code id="52"> ^~~~~~~~~~~~~</code><br />
						
            
            <a class="navhash" href="#53">#</a>
						
              <code id="53">/usr/include/stdlib.h:101:5: error: 'div_t' does not name a type</code><br />
						
            
            <a class="navhash" href="#54">#</a>
						
              <code id="54">   } div_t;</code><br />
						
            
            <a class="navhash" href="#55">#</a>
						
              <code id="55">     ^~~~~</code><br />
						
            
            <a class="navhash" href="#56">#</a>
						
              <code id="56">/usr/include/stdlib.h:112:1: error: '__END_NAMESPACE_STD' does not name a type</code><br />
						
            
            <a class="navhash" href="#57">#</a>
						
              <code id="57"> __END_NAMESPACE_STD</code><br />
						
            
            <a class="navhash" href="#58">#</a>
						
              <code id="58"> ^~~~~~~~~~~~~~~~~~~</code><br />
						
            
            <a class="navhash" href="#59">#</a>
						
              <code id="59">/usr/include/stdlib.h:142:1: error: '__BEGIN_NAMESPACE_STD' does not name a type</code><br />
						
            
            <a class="navhash" href="#60">#</a>
						
              <code id="60"> __BEGIN_NAMESPACE_STD</code><br />
						
            
            <a class="navhash" href="#61">#</a>
						
              <code id="61"> ^~~~~~~~~~~~~~~~~~~~~</code><br />
						
            
            <a class="navhash" href="#62">#</a>
						<span class="error">
              <code id="62">/usr/include/stdlib.h:148:6: error: expected initializer before '__THROW'</code><br />
						</span>
            
            <a class="navhash" href="#63">#</a>
						
              <code id="63">      __THROW __attribute_pure__ __nonnull ((1)) __wur;</code><br />
						
            
            <a class="navhash" href="#64">#</a>
						
              <code id="64">      ^~~~~~~</code><br />
						
            
            <a class="navhash" href="#65">#</a>
						<span class="error">
              <code id="65">/usr/include/stdlib.h:151:6: error: expected initializer before '__THROW'</code><br />
						</span>
            
            <a class="navhash" href="#66">#</a>
						
              <code id="66">      __THROW __attribute_pure__ __nonnull ((1)) __wur;</code><br />
						
            
            <a class="navhash" href="#67">#</a>
						
              <code id="67">      ^~~~~~~</code><br />
						
            
            <a class="navhash" href="#68">#</a>
						
              <code id="68">/usr/include/stdlib.h:152:1: error: '__END_NAMESPACE_STD' does not name a type</code><br />
						
            
            <a class="navhash" href="#69">#</a>
						
              <code id="69"> __END_NAMESPACE_STD</code><br />
						
            
            <a class="navhash" href="#70">#</a>
						
              <code id="70"> ^~~~~~~~~~~~~~~~~~~</code><br />
						
            
            <a class="navhash" href="#71">#</a>
						
              <code id="71">/usr/include/stdlib.h:167:1: error: '__END_NAMESPACE_STD' does not name a type</code><br />
						
            
            <a class="navhash" href="#72">#</a>
						
              <code id="72"> __END_NAMESPACE_STD</code><br />
						
            
            <a class="navhash" href="#73">#</a>
						
              <code id="73"> ^~~~~~~~~~~~~~~~~~~</code><br />
						
            
            <a class="navhash" href="#74">#</a>
						<span class="error">
              <code id="74">/usr/include/stdlib.h:189:6: error: expected initializer before '__THROW'</code><br />
						</span>
            
            <a class="navhash" href="#75">#</a>
						
              <code id="75">      __THROW __nonnull ((1));</code><br />
						
            
            <a class="navhash" href="#76">#</a>
						
              <code id="76">      ^~~~~~~</code><br />
						
            
            <a class="navhash" href="#77">#</a>
						
              <code id="77">/usr/include/stdlib.h:190:1: error: '__END_NAMESPACE_STD' does not name a type</code><br />
						
            
            <a class="navhash" href="#78">#</a>
						
              <code id="78"> __END_NAMESPACE_STD</code><br />
						
            
            <a class="navhash" href="#79">#</a>
						
              <code id="79"> ^~~~~~~~~~~~~~~~~~~</code><br />
						
            
            <a class="navhash" href="#80">#</a>
						<span class="error">
              <code id="80">/usr/include/stdlib.h:376:41: error: expected initializer before '__THROW'</code><br />
						</span>
            
            <a class="navhash" href="#81">#</a>
						
              <code id="81"> extern void srand (unsigned int __seed) __THROW;</code><br />
						
            
            <a class="navhash" href="#82">#</a>
						
              <code id="82">                                         ^~~~~~~</code><br />
						
            
            <a class="navhash" href="#83">#</a>
						
              <code id="83">/usr/include/stdlib.h:377:1: error: '__END_NAMESPACE_STD' does not name a type</code><br />
						
            
            <a class="navhash" href="#84">#</a>
						
              <code id="84"> __END_NAMESPACE_STD</code><br />
						
            
            <a class="navhash" href="#85">#</a>
						
              <code id="85"> ^~~~~~~~~~~~~~~~~~~</code><br />
						
            
            <a class="navhash" href="#86">#</a>
						
              <code id="86">/usr/include/stdlib.h:464:1: error: '__BEGIN_NAMESPACE_STD' does not name a type</code><br />
						
            
            <a class="navhash" href="#87">#</a>
						
              <code id="87"> __BEGIN_NAMESPACE_STD</code><br />
						
            
            <a class="navhash" href="#88">#</a>
						
              <code id="88"> ^~~~~~~~~~~~~~~~~~~~~</code><br />
						
            
            <a class="navhash" href="#89">#</a>
						<span class="error">
              <code id="89">/usr/include/stdlib.h:469:6: error: expected initializer before '__THROW'</code><br />
						</span>
            
            <a class="navhash" href="#90">#</a>
						
              <code id="90">      __THROW __attribute_malloc__ __wur;</code><br />
						
            
            <a class="navhash" href="#91">#</a>
						
              <code id="91">      ^~~~~~~</code><br />
						
            
            <a class="navhash" href="#92">#</a>
						
              <code id="92">/usr/include/stdlib.h:470:1: error: '__END_NAMESPACE_STD' does not name a type</code><br />
						
            
            <a class="navhash" href="#93">#</a>
						
              <code id="93"> __END_NAMESPACE_STD</code><br />
						
            
            <a class="navhash" href="#94">#</a>
						
              <code id="94"> ^~~~~~~~~~~~~~~~~~~</code><br />
						
            
            <a class="navhash" href="#95">#</a>
						<span class="error">
              <code id="95">/usr/include/stdlib.h:483:32: error: expected initializer before '__THROW'</code><br />
						</span>
            
            <a class="navhash" href="#96">#</a>
						
              <code id="96"> extern void free (void *__ptr) __THROW;</code><br />
						
            
            <a class="navhash" href="#97">#</a>
						
              <code id="97">                                ^~~~~~~</code><br />
						
            
            <a class="navhash" href="#98">#</a>
						
              <code id="98">/usr/include/stdlib.h:484:1: error: '__END_NAMESPACE_STD' does not name a type</code><br />
						
            
            <a class="navhash" href="#99">#</a>
						
              <code id="99"> __END_NAMESPACE_STD</code><br />
						
            
            <a class="navhash" href="#100">#</a>
						
              <code id="100"> ^~~~~~~~~~~~~~~~~~~</code><br />
						
            
            <a class="navhash" href="#101">#</a>
						<span class="error">
              <code id="101">/usr/include/stdlib.h:519:43: error: expected initializer before '__THROW'</code><br />
						</span>
            
            <a class="navhash" href="#102">#</a>
						
              <code id="102"> extern int atexit (void (*__func) (void)) __THROW __nonnull ((1));</code><br />
						
            
            <a class="navhash" href="#103">#</a>
						
              <code id="103">                                           ^~~~~~~</code><br />
						
            
            <a class="navhash" href="#104">#</a>
						
              <code id="104">/usr/include/stdlib.h:530:1: error: '__END_NAMESPACE_STD' does not name a type</code><br />
						
            
            <a class="navhash" href="#105">#</a>
						
              <code id="105"> __END_NAMESPACE_STD</code><br />
						
            
            <a class="navhash" href="#106">#</a>
						
              <code id="106"> ^~~~~~~~~~~~~~~~~~~</code><br />
						
            
            <a class="navhash" href="#107">#</a>
						
              <code id="107">/usr/include/stdlib.h:551:1: error: '__END_NAMESPACE_STD' does not name a type</code><br />
						
            
            <a class="navhash" href="#108">#</a>
						
              <code id="108"> __END_NAMESPACE_STD</code><br />
						
            
            <a class="navhash" href="#109">#</a>
						
              <code id="109"> ^~~~~~~~~~~~~~~~~~~</code><br />
						
            
            <a class="navhash" href="#110">#</a>
						
              <code id="110">/usr/include/stdlib.h:565:1: error: '__END_NAMESPACE_STD' does not name a type</code><br />
						
            
            <a class="navhash" href="#111">#</a>
						
              <code id="111"> __END_NAMESPACE_STD</code><br />
						
            
            <a class="navhash" href="#112">#</a>
						
              <code id="112"> ^~~~~~~~~~~~~~~~~~~</code><br />
						
            
            <a class="navhash" href="#113">#</a>
						
              <code id="113">/usr/include/stdlib.h:717:1: error: '__END_NAMESPACE_STD' does not name a type</code><br />
						
            
            <a class="navhash" href="#114">#</a>
						
              <code id="114"> __END_NAMESPACE_STD</code><br />
						
            
            <a class="navhash" href="#115">#</a>
						
              <code id="115"> ^~~~~~~~~~~~~~~~~~~</code><br />
						
            
            <a class="navhash" href="#116">#</a>
						
              <code id="116">/usr/include/stdlib.h:751:1: error: '__BEGIN_NAMESPACE_STD' does not name a type</code><br />
						
            
            <a class="navhash" href="#117">#</a>
						
              <code id="117"> __BEGIN_NAMESPACE_STD</code><br />
						
            
            <a class="navhash" href="#118">#</a>
						
              <code id="118"> ^~~~~~~~~~~~~~~~~~~~~</code><br />
						
            
            <a class="navhash" href="#119">#</a>
						
              <code id="119">/usr/include/stdlib.h:765:6: error: '__compar_fn_t' has not been declared</code><br />
						
            
            <a class="navhash" href="#120">#</a>
						
              <code id="120">      __compar_fn_t __compar) __nonnull ((1, 4));</code><br />
						
            
            <a class="navhash" href="#121">#</a>
						
              <code id="121">      ^~~~~~~~~~~~~</code><br />
						
            
            <a class="navhash" href="#122">#</a>
						<span class="error">
              <code id="122">/usr/include/stdlib.h:765:30: error: expected initializer before '__nonnull'</code><br />
						</span>
            
            <a class="navhash" href="#123">#</a>
						
              <code id="123">      __compar_fn_t __compar) __nonnull ((1, 4));</code><br />
						
            
            <a class="navhash" href="#124">#</a>
						
              <code id="124">                              ^~~~~~~~~</code><br />
						
            
            <a class="navhash" href="#125">#</a>
						<span class="error">
              <code id="125">/usr/include/stdlib.h:774:26: error: expected initializer before '__THROW'</code><br />
						</span>
            
            <a class="navhash" href="#126">#</a>
						
              <code id="126"> extern int abs (int __x) __THROW __attribute__ ((__const__)) __wur;</code><br />
						
            
            <a class="navhash" href="#127">#</a>
						
              <code id="127">                          ^~~~~~~</code><br />
						
            
            <a class="navhash" href="#128">#</a>
						<span class="error">
              <code id="128">/usr/include/stdlib.h:775:37: error: expected initializer before '__THROW'</code><br />
						</span>
            
            <a class="navhash" href="#129">#</a>
						
              <code id="129"> extern long int labs (long int __x) __THROW __attribute__ ((__const__)) __wur;</code><br />
						
            
            <a class="navhash" href="#130">#</a>
						
              <code id="130">                                     ^~~~~~~</code><br />
						
            
            <a class="navhash" href="#131">#</a>
						
              <code id="131">/usr/include/stdlib.h:776:1: error: '__END_NAMESPACE_STD' does not name a type</code><br />
						
            
            <a class="navhash" href="#132">#</a>
						
              <code id="132"> __END_NAMESPACE_STD</code><br />
						
            
            <a class="navhash" href="#133">#</a>
						
              <code id="133"> ^~~~~~~~~~~~~~~~~~~</code><br />
						
            
            <a class="navhash" href="#134">#</a>
						<span class="error">
              <code id="134">/usr/include/stdlib.h:791:6: error: expected initializer before '__THROW'</code><br />
						</span>
            
            <a class="navhash" href="#135">#</a>
						
              <code id="135">      __THROW __attribute__ ((__const__)) __wur;</code><br />
						
            
            <a class="navhash" href="#136">#</a>
						
              <code id="136">      ^~~~~~~</code><br />
						
            
            <a class="navhash" href="#137">#</a>
						
              <code id="137">/usr/include/stdlib.h:792:1: error: '__END_NAMESPACE_STD' does not name a type</code><br />
						
            
            <a class="navhash" href="#138">#</a>
						
              <code id="138"> __END_NAMESPACE_STD</code><br />
						
            
            <a class="navhash" href="#139">#</a>
						
              <code id="139"> ^~~~~~~~~~~~~~~~~~~</code><br />
						
            
            <a class="navhash" href="#140">#</a>
						<span class="error">
              <code id="140">/usr/include/stdlib.h:866:46: error: expected initializer before '__THROW'</code><br />
						</span>
            
            <a class="navhash" href="#141">#</a>
						
              <code id="141">      const char *__restrict __s, size_t __n) __THROW;</code><br />
						
            
            <a class="navhash" href="#142">#</a>
						
              <code id="142">                                              ^~~~~~~</code><br />
						
            
            <a class="navhash" href="#143">#</a>
						<span class="error">
              <code id="143">/usr/include/stdlib.h:869:48: error: expected initializer before '__THROW'</code><br />
						</span>
            
            <a class="navhash" href="#144">#</a>
						
              <code id="144"> extern int wctomb (char *__s, wchar_t __wchar) __THROW;</code><br />
						
            
            <a class="navhash" href="#145">#</a>
						
              <code id="145">                                                ^~~~~~~</code><br />
						
            
            <a class="navhash" href="#146">#</a>
						<span class="error">
              <code id="146">/usr/include/stdlib.h:874:44: error: expected initializer before '__THROW'</code><br />
						</span>
            
            <a class="navhash" href="#147">#</a>
						
              <code id="147">    const char *__restrict __s, size_t __n) __THROW;</code><br />
						
            
            <a class="navhash" href="#148">#</a>
						
              <code id="148">                                            ^~~~~~~</code><br />
						
            
            <a class="navhash" href="#149">#</a>
						<span class="error">
              <code id="149">/usr/include/stdlib.h:878:6: error: expected initializer before '__THROW'</code><br />
						</span>
            
            <a class="navhash" href="#150">#</a>
						
              <code id="150">      __THROW;</code><br />
						
            
            <a class="navhash" href="#151">#</a>
						
              <code id="151">      ^~~~~~~</code><br />
						
            
            <a class="navhash" href="#152">#</a>
						
              <code id="152">/usr/include/stdlib.h:879:1: error: '__END_NAMESPACE_STD' does not name a type</code><br />
						
            
            <a class="navhash" href="#153">#</a>
						
              <code id="153"> __END_NAMESPACE_STD</code><br />
						
            
            <a class="navhash" href="#154">#</a>
						
              <code id="154"> ^~~~~~~~~~~~~~~~~~~</code><br />
						
            
            <a class="navhash" href="#155">#</a>
						
              <code id="155">In file included from /usr/include/c++/6.1.1/algorithm:62:0,</code><br />
						
            
            <a class="navhash" href="#156">#</a>
						
              <code id="156">                 from common.cc:18:</code><br />
						
            
            <a class="navhash" href="#157">#</a>
						
              <code id="157">/usr/include/c++/6.1.1/bits/stl_algo.h: In function 'void std::random_shuffle(_RAIter, _RAIter)':</code><br />
						
            
            <a class="navhash" href="#158">#</a>
						
              <code id="158">/usr/include/c++/6.1.1/bits/stl_algo.h:4458:8: error: 'rand' is not a member of 'std'</code><br />
						
            
            <a class="navhash" href="#159">#</a>
						
              <code id="159">      + std::rand() % ((__i - __first) + 1);</code><br />
						
            
            <a class="navhash" href="#160">#</a>
						
              <code id="160">        ^~~</code><br />
						
            
            <a class="navhash" href="#161">#</a>
						
              <code id="161">In file included from /sysroot/sysroot/usr/include/linux/signal.h:21:0,</code><br />
						
            
            <a class="navhash" href="#162">#</a>
						
              <code id="162">                 from /sysroot/sysroot/usr/include/signal.h:43,</code><br />
						
            
            <a class="navhash" href="#163">#</a>
						
              <code id="163">                 from /sysroot/sysroot/usr/include/pthread.h:33,</code><br />
						
            
            <a class="navhash" href="#164">#</a>
						
              <code id="164">                 from /usr/include/c++/6.1.1/x86_64-pc-linux-gnu/bits/gthr-default.h:35,</code><br />
						
            
            <a class="navhash" href="#165">#</a>
						
              <code id="165">                 from /usr/include/c++/6.1.1/x86_64-pc-linux-gnu/bits/gthr.h:148,</code><br />
						
            
            <a class="navhash" href="#166">#</a>
						
              <code id="166">                 from /usr/include/c++/6.1.1/ext/atomicity.h:35,</code><br />
						
            
            <a class="navhash" href="#167">#</a>
						
              <code id="167">                 from /usr/include/c++/6.1.1/bits/basic_string.h:39,</code><br />
						
            
            <a class="navhash" href="#168">#</a>
						
              <code id="168">                 from /usr/include/c++/6.1.1/string:52,</code><br />
						
            
            <a class="navhash" href="#169">#</a>
						
              <code id="169">                 from common.cc:22:</code><br />
						
            
            <a class="navhash" href="#170">#</a>
						
              <code id="170">/sysroot/sysroot/usr/include/signal.h: At global scope:</code><br />
						
            
            <a class="navhash" href="#171">#</a>
						
              <code id="171">/sysroot/sysroot/usr/include/signal.h:86:18: error: expected ';' at end of member declaration</code><br />
						
            
            <a class="navhash" href="#172">#</a>
						
              <code id="172">     sighandler_t sa_handler;</code><br />
						
            
            <a class="navhash" href="#173">#</a>
						
              <code id="173">                  ^</code><br />
						
            
            <a class="navhash" href="#174">#</a>
						<span class="error">
              <code id="174">/sysroot/sysroot/usr/include/signal.h:86:18: error: expected unqualified-id before '.' token</code><br />
						</span>
            
            <a class="navhash" href="#175">#</a>
						
              <code id="175">     sighandler_t sa_handler;</code><br />
						
            
            <a class="navhash" href="#176">#</a>
						
              <code id="176">                  ^</code><br />
						
            
            <a class="navhash" href="#177">#</a>
						<span class="error">
              <code id="177">/sysroot/sysroot/usr/include/signal.h:87:12: error: expected ')' before '.' token</code><br />
						</span>
            
            <a class="navhash" href="#178">#</a>
						
              <code id="178">     void (*sa_sigaction)(int, struct siginfo*, void*);</code><br />
						
            
            <a class="navhash" href="#179">#</a>
						
              <code id="179">            ^</code><br />
						
            
            <a class="navhash" href="#180">#</a>
						
              <code id="180">In file included from /usr/include/c++/6.1.1/string:52:0,</code><br />
						
            
            <a class="navhash" href="#181">#</a>
						
              <code id="181">                 from common.cc:22:</code><br />
						
            
            <a class="navhash" href="#182">#</a>
						
              <code id="182">/usr/include/c++/6.1.1/bits/basic_string.h: In function 'int std::__cxx11::stoi(const string&, std::size_t*, int)':</code><br />
						
            
            <a class="navhash" href="#183">#</a>
						
              <code id="183">/usr/include/c++/6.1.1/bits/basic_string.h:5413:42: error: 'strtol' is not a member of 'std'</code><br />
						
            
            <a class="navhash" href="#184">#</a>
						
              <code id="184">   { return __gnu_cxx::__stoa<long, int>(&std::strtol, "stoi", __str.c_str(),</code><br />
						
            
            <a class="navhash" href="#185">#</a>
						
              <code id="185">                                          ^~~</code><br />
						
            
            <a class="navhash" href="#186">#</a>
						
              <code id="186">/usr/include/c++/6.1.1/bits/basic_string.h: In function 'long int std::__cxx11::stol(const string&, std::size_t*, int)':</code><br />
						
            
            <a class="navhash" href="#187">#</a>
						
              <code id="187">/usr/include/c++/6.1.1/bits/basic_string.h:5418:31: error: 'strtol' is not a member of 'std'</code><br />
						
            
            <a class="navhash" href="#188">#</a>
						
              <code id="188">   { return __gnu_cxx::__stoa(&std::strtol, "stol", __str.c_str(),</code><br />
						
            
            <a class="navhash" href="#189">#</a>
						
              <code id="189">                               ^~~</code><br />
						
            
            <a class="navhash" href="#190">#</a>
						
              <code id="190">/usr/include/c++/6.1.1/bits/basic_string.h: In function 'long unsigned int std::__cxx11::stoul(const string&, std::size_t*, int)':</code><br />
						
            
            <a class="navhash" href="#191">#</a>
						
              <code id="191">/usr/include/c++/6.1.1/bits/basic_string.h:5423:31: error: 'strtoul' is not a member of 'std'</code><br />
						
            
            <a class="navhash" href="#192">#</a>
						
              <code id="192">   { return __gnu_cxx::__stoa(&std::strtoul, "stoul", __str.c_str(),</code><br />
						
            
            <a class="navhash" href="#193">#</a>
						
              <code id="193">                               ^~~</code><br />
						
            
            <a class="navhash" href="#194">#</a>
						
              <code id="194">/usr/include/c++/6.1.1/bits/basic_string.h: In function 'long long int std::__cxx11::stoll(const string&, std::size_t*, int)':</code><br />
						
            
            <a class="navhash" href="#195">#</a>
						
              <code id="195">/usr/include/c++/6.1.1/bits/basic_string.h:5428:31: error: 'strtoll' is not a member of 'std'</code><br />
						
            
            <a class="navhash" href="#196">#</a>
						
              <code id="196">   { return __gnu_cxx::__stoa(&std::strtoll, "stoll", __str.c_str(),</code><br />
						
            
            <a class="navhash" href="#197">#</a>
						
              <code id="197">                               ^~~</code><br />
						
            
            <a class="navhash" href="#198">#</a>
						
              <code id="198">/usr/include/c++/6.1.1/bits/basic_string.h: In function 'long long unsigned int std::__cxx11::stoull(const string&, std::size_t*, int)':</code><br />
						
            
            <a class="navhash" href="#199">#</a>
						
              <code id="199">/usr/include/c++/6.1.1/bits/basic_string.h:5433:31: error: 'strtoull' is not a member of 'std'</code><br />
						
            
            <a class="navhash" href="#200">#</a>
						
              <code id="200">   { return __gnu_cxx::__stoa(&std::strtoull, "stoull", __str.c_str(),</code><br />
						
            
            <a class="navhash" href="#201">#</a>
						
              <code id="201">                               ^~~</code><br />
						
            
            <a class="navhash" href="#202">#</a>
						
              <code id="202">/usr/include/c++/6.1.1/bits/basic_string.h: In function 'float std::__cxx11::stof(const string&, std::size_t*)':</code><br />
						
            
            <a class="navhash" href="#203">#</a>
						
              <code id="203">/usr/include/c++/6.1.1/bits/basic_string.h:5439:31: error: 'strtof' is not a member of 'std'</code><br />
						
            
            <a class="navhash" href="#204">#</a>
						
              <code id="204">   { return __gnu_cxx::__stoa(&std::strtof, "stof", __str.c_str(), __idx); }</code><br />
						
            
            <a class="navhash" href="#205">#</a>
						
              <code id="205">                               ^~~</code><br />
						
            
            <a class="navhash" href="#206">#</a>
						
              <code id="206">/usr/include/c++/6.1.1/bits/basic_string.h: In function 'double std::__cxx11::stod(const string&, std::size_t*)':</code><br />
						
            
            <a class="navhash" href="#207">#</a>
						
              <code id="207">/usr/include/c++/6.1.1/bits/basic_string.h:5443:31: error: 'strtod' is not a member of 'std'</code><br />
						
            
            <a class="navhash" href="#208">#</a>
						
              <code id="208">   { return __gnu_cxx::__stoa(&std::strtod, "stod", __str.c_str(), __idx); }</code><br />
						
            
            <a class="navhash" href="#209">#</a>
						
              <code id="209">                               ^~~</code><br />
						
            
            <a class="navhash" href="#210">#</a>
						
              <code id="210">/usr/include/c++/6.1.1/bits/basic_string.h: In function 'long double std::__cxx11::stold(const string&, std::size_t*)':</code><br />
						
            
            <a class="navhash" href="#211">#</a>
						
              <code id="211">/usr/include/c++/6.1.1/bits/basic_string.h:5447:31: error: 'strtold' is not a member of 'std'</code><br />
						
            
            <a class="navhash" href="#212">#</a>
						
              <code id="212">   { return __gnu_cxx::__stoa(&std::strtold, "stold", __str.c_str(), __idx); }</code><br />
						
            
            <a class="navhash" href="#213">#</a>
						
              <code id="213">                               ^~~</code><br />
						
            
            <a class="navhash" href="#214">#</a>
						
              <code id="214">common.cc: In function 'void Ocrad::internal_error(const char*)':</code><br />
						
            
            <a class="navhash" href="#215">#</a>
						
              <code id="215">common.cc:86:3: error: 'exit' is not a member of 'std'</code><br />
						
            
            <a class="navhash" href="#216">#</a>
						
              <code id="216">   std::exit( 3 );</code><br />
						
            
            <a class="navhash" href="#217">#</a>
						
              <code id="217">   ^~~</code><br />
						
            
            <a class="navhash" href="#218">#</a>
						
              <code id="218">common.cc: In function 'bool Ocrad::similar(int, int, int, int)':</code><br />
						
            
            <a class="navhash" href="#219">#</a>
						
              <code id="219">common.cc:93:20: error: 'abs' is not a member of 'std'</code><br />
						
            
            <a class="navhash" href="#220">#</a>
						
              <code id="220">   int difference = std::abs( a - b );</code><br />
						
            
            <a class="navhash" href="#221">#</a>
						
              <code id="221">                    ^~~</code><br />
						
            
            <a class="navhash" href="#222">#</a>
						
              <code id="222">common.cc:95:27: error: 'abs' is not a member of 'std'</code><br />
						
            
            <a class="navhash" href="#223">#</a>
						
              <code id="223">   int max_abs = std::max( std::abs( a ), std::abs( b ) );</code><br />
						
            
            <a class="navhash" href="#224">#</a>
						
              <code id="224">                           ^~~</code><br />
						
            
            <a class="navhash" href="#225">#</a>
						
              <code id="225">common.cc:95:42: error: 'abs' is not a member of 'std'</code><br />
						
            
            <a class="navhash" href="#226">#</a>
						
              <code id="226">   int max_abs = std::max( std::abs( a ), std::abs( b ) );</code><br />
						
            
            <a class="navhash" href="#227">#</a>
						
              <code id="227">                                          ^~~</code><br />
						
            
            <a class="navhash" href="#228">#</a>
						
              <code id="228">make: *** [Makefile:67: common.o] Error 1</code><br />
						
            
            <a class="navhash" href="#229">#</a>
						
              <code id="229">==> ERROR: A failure occurred in build().</code><br />
						
            
            <a class="navhash" href="#230">#</a>
						
              <code id="230">    Aborting...</code><br />
						
            
          </div>
        
      </div>
      <br />
    
      <div class="block">
        <div class="info">
          <code>Printing config.logs</code>
        </div>
        
      </div>
      <br />
    
  </body>
</html>