        <html><head></head><body>
        <h1>Report for opencollada on toolchain
            <a href="index.html">android</a>
        </h1>
        <p>Return code: 5</p>
        <p>Time to run: 00:01:15</p>
        <p>Log output:</p>
        <code><pre><docker run --rm -v /tuscan_data --volumes-from tuscan_data -v /sources --volumes-from sources -v /var/cache/pacman/pkg --volumes-from pkg_cache_android -v logs:/logs make_package_container --sources-directory /sources --shared-directory /tuscan_data opencollada
:: Synchronizing package databases...
downloading repo.db...
downloading core.db...
downloading extra.db...
downloading community.db...
Found 1281 packages in cache
===> sudo -u tuscan makepkg --nobuild --syncdeps --skipinteg --skippgpcheck --skipchecksums --noconfirm --nocolor --log --noprogressbar --nocheck
==> Making package: opencollada 20150702-2 (Fri Nov 13 23:27:18 UTC 2015)
==> Checking runtime dependencies...
==> Installing missing dependencies...
resolving dependencies...
looking for conflicting packages...

Packages (1) libxml2-2.9.2-2

Total Installed Size:  8.41 MiB

:: Proceed with installation? [Y/n] 
checking keyring...
checking package integrity...
loading package files...
checking for file conflicts...
checking available disk space...
installing libxml2...
Optional dependencies for libxml2
    python2: python bindings to libxml
==> Checking buildtime dependencies...
==> Installing missing dependencies...
resolving dependencies...
looking for conflicting packages...

Packages (5) jsoncpp-1.6.5-1  perl-error-0.17024-1  shared-mime-info-1.5-1  cmake-3.3.2-3  git-2.6.2-1

Total Installed Size:  57.58 MiB

:: Proceed with installation? [Y/n] 
checking keyring...
checking package integrity...
loading package files...
checking for file conflicts...
checking available disk space...
installing perl-error...
installing git...
Optional dependencies for git
    tk: gitk and git gui
    perl-libwww: git svn
    perl-term-readkey: git svn
    perl-mime-tools: git send-email
    perl-net-smtp-ssl: git send-email TLS support
    perl-authen-sasl: git send-email TLS support
    python2: various helper scripts
    subversion: git svn
    cvsps2: git cvsimport
    gnome-keyring: GNOME keyring credential helper
installing shared-mime-info...
installing jsoncpp...
installing cmake...
Optional dependencies for cmake
    qt5-base: cmake-gui
    libxkbcommon-x11: cmake-gui
==> Retrieving sources...
  -> Found opencollada.conf
  -> Cloning OpenCOLLADA git repo...
Cloning into bare repository '/sources/opencollada/OpenCOLLADA'...
==> WARNING: Skipping all source file integrity checks.
==> Extracting sources...
  -> Creating working copy of OpenCOLLADA git repo...
Cloning into 'OpenCOLLADA'...
done.
Switched to a new branch 'makepkg'
==> Sources are ready.
Copied source directory to /sources/opencollada
===> sudo -u tuscan PATH=/tmp/toolchain/bin:/usr/local/sbin:/usr/local/bin:/usr/sbin:/usr/bin:/sbin:/bin CC=arm-linux-androideabi-gcc CXX=arm-linux-androideabi-g++ SYSROOT=/build/android-ndk-r10e/platforms/android-21/arch-arm makepkg --noextract --syncdeps --skipinteg --skippgpcheck --skipchecksums --noconfirm --nocolor --log --noprogressbar --nocheck
==> Making package: opencollada 20150702-2 (Fri Nov 13 23:27:40 UTC 2015)
==> Checking runtime dependencies...
==> Checking buildtime dependencies...
==> WARNING: Using existing $srcdir/ tree
==> Starting build()...
-- The C compiler identification is GNU 4.8.0
-- The CXX compiler identification is GNU 4.8.0
-- Check for working C compiler: /tmp/toolchain/bin/arm-linux-androideabi-gcc
-- Check for working C compiler: /tmp/toolchain/bin/arm-linux-androideabi-gcc -- works
-- Detecting C compiler ABI info
-- Detecting C compiler ABI info - done
-- Detecting C compile features
-- Detecting C compile features - done
-- Check for working CXX compiler: /tmp/toolchain/bin/arm-linux-androideabi-g++
-- Check for working CXX compiler: /tmp/toolchain/bin/arm-linux-androideabi-g++ -- works
-- Detecting CXX compiler ABI info
-- Detecting CXX compiler ABI info - done
-- Detecting CXX compile features
-- Detecting CXX compile features - done
-- Performing Test C_WARN_ALL
-- Performing Test C_WARN_ALL - Success
-- Performing Test C_WARN_EXTRA
-- Performing Test C_WARN_EXTRA - Success
-- Performing Test C_WARN_NO_UNKNOWN_PRAGMAS
-- Performing Test C_WARN_NO_UNKNOWN_PRAGMAS - Success
-- Performing Test C_WARN_NO_SWITCH
-- Performing Test C_WARN_NO_SWITCH - Success
-- Performing Test C_WARN_NO_UNUSED_PARAMETER
-- Performing Test C_WARN_NO_UNUSED_PARAMETER - Success
-- Performing Test C_WARN_NO_IGNORED_QUALIFIERS
-- Performing Test C_WARN_NO_IGNORED_QUALIFIERS - Success
-- Performing Test CXX_WARN_ALL
-- Performing Test CXX_WARN_ALL - Success
-- Performing Test CXX_WARN_EXTRA
-- Performing Test CXX_WARN_EXTRA - Success
-- Performing Test CXX_WARN_NO_UNKNOWN_PRAGMAS
-- Performing Test CXX_WARN_NO_UNKNOWN_PRAGMAS - Success
-- Performing Test CXX_WARN_NO_SWITCH
-- Performing Test CXX_WARN_NO_SWITCH - Success
-- Performing Test CXX_WARN_NO_REORDER
-- Performing Test CXX_WARN_NO_REORDER - Success
-- Performing Test CXX_WARN_NO_UNUSED_PARAMETER
-- Performing Test CXX_WARN_NO_UNUSED_PARAMETER - Success
-- Performing Test CXX_WARN_NO_IGNORED_QUALIFIERS
-- Performing Test CXX_WARN_NO_IGNORED_QUALIFIERS - Success
-- Found LibXml2: /usr/lib/libxml2.so (found version "2.9.2") 
-- SUCCESSFUL: LibXml2 found
-- Found PkgConfig: /usr/sbin/pkg-config (found version "0.29") 
-- Found PCRE: /usr/include  
-- SUCCESSFUL: PCRE found
-- Configuring done
-- Generating done
-- Build files have been written to: /tmp/opencollada/src/OpenCOLLADA/build
Scanning dependencies of target UTF_shared
[  1%] Building C object Externals/UTF/CMakeFiles/UTF_shared.dir/src/ConvertUTF.c.o
Scanning dependencies of target ftoa_shared
[  1%] Building CXX object common/libftoa/CMakeFiles/ftoa_shared.dir/src/Commondtoa.cpp.o
[  2%] Building CXX object common/libftoa/CMakeFiles/ftoa_shared.dir/src/Commonftoa.cpp.o
[  2%] Linking C shared library ../../lib/libUTF.so
[  2%] Built target UTF_shared
[  2%] Building CXX object common/libftoa/CMakeFiles/ftoa_shared.dir/src/Commonitoa.cpp.o
Scanning dependencies of target MathMLSolver_shared
[  3%] Building CXX object Externals/MathMLSolver/CMakeFiles/MathMLSolver_shared.dir/src/MathMLEvaluatorVisitor.cpp.o
[  4%] Linking CXX shared library ../../lib/libftoa.so
[  4%] Built target ftoa_shared
Scanning dependencies of target OpenCOLLADABaseUtils_shared
[  4%] Building CXX object COLLADABaseUtils/CMakeFiles/OpenCOLLADABaseUtils_shared.dir/src/COLLADABUUtils.cpp.o
[  5%] Building CXX object COLLADABaseUtils/CMakeFiles/OpenCOLLADABaseUtils_shared.dir/src/COLLADABUURI.cpp.o
/tmp/opencollada/src/OpenCOLLADA/COLLADABaseUtils/src/COLLADABUURI.cpp:18:18: fatal error: pcre.h: No such file or directory
 #include "pcre.h"
                  ^
compilation terminated.
COLLADABaseUtils/CMakeFiles/OpenCOLLADABaseUtils_shared.dir/build.make:86: recipe for target 'COLLADABaseUtils/CMakeFiles/OpenCOLLADABaseUtils_shared.dir/src/COLLADABUURI.cpp.o' failed
make[2]: *** [COLLADABaseUtils/CMakeFiles/OpenCOLLADABaseUtils_shared.dir/src/COLLADABUURI.cpp.o] Error 1
CMakeFiles/Makefile2:305: recipe for target 'COLLADABaseUtils/CMakeFiles/OpenCOLLADABaseUtils_shared.dir/all' failed
make[1]: *** [COLLADABaseUtils/CMakeFiles/OpenCOLLADABaseUtils_shared.dir/all] Error 2
make[1]: *** Waiting for unfinished jobs....
[  5%] Building CXX object Externals/MathMLSolver/CMakeFiles/MathMLSolver_shared.dir/src/MathMLSolverPrecompiled.cpp.o
[  5%] Building CXX object Externals/MathMLSolver/CMakeFiles/MathMLSolver_shared.dir/src/MathMLSymbolTable.cpp.o
[  6%] Building CXX object Externals/MathMLSolver/CMakeFiles/MathMLSolver_shared.dir/src/AST/MathMLASTStringVisitor.cpp.o
[  6%] Building CXX object Externals/MathMLSolver/CMakeFiles/MathMLSolver_shared.dir/src/AST/MathMLASTUnaryArithmeticExpression.cpp.o
[  7%] Building CXX object Externals/MathMLSolver/CMakeFiles/MathMLSolver_shared.dir/src/AST/MathMLASTBinaryComparisionExpression.cpp.o
[  7%] Building CXX object Externals/MathMLSolver/CMakeFiles/MathMLSolver_shared.dir/src/AST/MathMLASTLogicExpression.cpp.o
[  7%] Building CXX object Externals/MathMLSolver/CMakeFiles/MathMLSolver_shared.dir/src/AST/MathMLASTFragmentExpression.cpp.o
[  8%] Building CXX object Externals/MathMLSolver/CMakeFiles/MathMLSolver_shared.dir/src/AST/MathMLASTFunctionExpression.cpp.o
[  8%] Building CXX object Externals/MathMLSolver/CMakeFiles/MathMLSolver_shared.dir/src/AST/MathMLASTVariableExpression.cpp.o
[  8%] Building CXX object Externals/MathMLSolver/CMakeFiles/MathMLSolver_shared.dir/src/AST/MathMLASTConstantExpression.cpp.o
/tmp/opencollada/src/OpenCOLLADA/Externals/MathMLSolver/src/AST/MathMLASTConstantExpression.cpp: In copy constructor 'MathML::AST::ConstantExpression::ConstantExpression(const MathML::AST::ConstantExpression&)':
/tmp/opencollada/src/OpenCOLLADA/Externals/MathMLSolver/src/AST/MathMLASTConstantExpression.cpp:28:9: warning: base class 'class MathML::AST::INode' should be explicitly initialized in the copy constructor [-Wextra]
         ConstantExpression::ConstantExpression( const ConstantExpression& ref )
         ^
[  9%] Building CXX object Externals/MathMLSolver/CMakeFiles/MathMLSolver_shared.dir/src/AST/MathMLASTArithmeticExpression.cpp.o
[  9%] Building CXX object Externals/MathMLSolver/CMakeFiles/MathMLSolver_shared.dir/src/MathMLSolverFunctionExtensions.cpp.o
[ 10%] Building CXX object Externals/MathMLSolver/CMakeFiles/MathMLSolver_shared.dir/src/MathMLSerializationVisitor.cpp.o
[ 10%] Building CXX object Externals/MathMLSolver/CMakeFiles/MathMLSolver_shared.dir/src/MathMLSerializationUtil.cpp.o
[ 10%] Building CXX object Externals/MathMLSolver/CMakeFiles/MathMLSolver_shared.dir/src/MathMLString.cpp.o
[ 11%] Linking CXX shared library ../../lib/libMathMLSolver.so
[ 11%] Built target MathMLSolver_shared
Makefile:127: recipe for target 'all' failed
make: *** [all] Error 2
==> ERROR: A failure occurred in build().
    Aborting...
===> Printing config.logs
===> Finished printing config.logs></pre></code>
        </body></html>
