<!DOCTYPE html>
<html>
<!-- Jinja template for reports of individual builds

  Copyright 2016 Kareem Khazem. All Rights Reserved.
  Licensed under the Apache License, Version 2.0 (the "License");
  you may not use this file except in compliance with the License.
  You may obtain a copy of the License at

 		 http://www.apache.org/licenses/LICENSE-2.0

  Unless required by applicable law or agreed to in writing, software
  distributed under the License is distributed on an "AS IS" BASIS,
  WITHOUT WARRANTIES OR CONDITIONS OF ANY KIND, either express or
  implied.
  See the License for the specific language governing permissions and
  limitations under the License.
-->
  <head>
    <meta charset="UTF-8">
    <title>android/p3scan</title>
    <link href='https://fonts.googleapis.com/css?family=Roboto:400,900'
          rel='stylesheet' type='text/css'>
    <link
    href='https://fonts.googleapis.com/css?family=Source+Code+Pro:400,700'
          rel='stylesheet' type='text/css'>
    <link href="../style.css" type="text/css" rel="stylesheet">
  </head>
  <body>
    <h1>Build of p3scan
        with <a href="../index.html">android</a>
        toolchain</h1>
    <p>The build took 00h 00m 56s and was
    NOT successful.</p>
    <p>
    The program in this build is written in the following languages,
    according to <a
    href="http://www.dwheeler.com/sloccount/">sloccount</a>:
    </p>
    <table>
      <tr><th>SLOC</th><th>Language</th></tr>
      
      <tr><td class="loc"><code>14,622</code></td>
          <td class="lang">ansic</td></tr>
      <tr><td class="loc"><code>148</code></td>
          <td class="lang">sh</td></tr>
      <tr><td><code>14,770</code></td>
          <td><em>total</em></td></tr>
    </table>
    <p>
      The process tree of the build process is <a
      href="p3scan-tree.html">here</a>.
    </p>
    
    
      <p>
      Several sub-process invocations were improper; see the process tree
      for details. Summary:
      </p>
      <ul>
        <li>hardcoded invocation:<ul>
            <li>&times;2: /usr/sbin/gcc</li>
        </ul></li>
      </ul>
    
    
    
    
    <h2>List of Errors</h2>
    <ul>
      
      <li>unknown_type
        <ul>
          
          <li><a href="#79">getline_ssl.h:47:1: error: unknown type name 'BIO'</a></li>
          
          <li><a href="#82">getline_ssl.h:51:1: error: unknown type name 'SSL_CTX'</a></li>
          
          <li><a href="#85">getline_ssl.h:52:18: error: unknown type name 'SSL_CTX'</a></li>
          
          <li><a href="#91">getline_ssl.h:74:17: error: unknown type name 'SSL'</a></li>
          
          <li><a href="#94">getline_ssl.h:79:19: error: unknown type name 'SSL'</a></li>
          
          <li><a href="#97">getline_ssl.h:84:26: error: unknown type name 'SSL'</a></li>
          
          <li><a href="#100">getline_ssl.h:89:22: error: unknown type name 'SSL'</a></li>
          
          <li><a href="#103">getline_ssl.h:92:24: error: unknown type name 'SSL'</a></li>
          
          <li><a href="#106">getline_ssl.h:96:6: error: unknown type name 'SSL'</a></li>
          
          <li><a href="#109">getline_ssl.h:96:20: error: unknown type name 'SSL_CTX'</a></li>
          
          <li><a href="#112">getline_ssl.h:96:38: error: unknown type name 'BIO'</a></li>
          
          <li><a href="#115">getline_ssl.h:97:33: error: unknown type name 'SSL'</a></li>
          
          <li><a href="#118">getline_ssl.h:97:44: error: unknown type name 'SSL_CTX'</a></li>
          
          <li><a href="#121">getline_ssl.h:97:59: error: unknown type name 'BIO'</a></li>
          
          <li><a href="#124">getline_ssl.c:56:24: error: unknown type name 'size_t'</a></li>
          
          <li><a href="#139">getline_ssl.c:70:1: error: unknown type name 'SSL_CTX'</a></li>
          
          <li><a href="#143">getline_ssl.c:71:4: error: unknown type name 'SSL_METHOD'</a></li>
          
          <li><a href="#146">getline_ssl.c:72:4: error: unknown type name 'SSL_CTX'</a></li>
          
          <li><a href="#174">getline_ssl.c:90:22: error: unknown type name 'SSL'</a></li>
          
          <li><a href="#177">getline_ssl.c:111:24: error: unknown type name 'SSL'</a></li>
          
          <li><a href="#180">getline_ssl.c:142:17: error: unknown type name 'SSL'</a></li>
          
          <li><a href="#183">getline_ssl.c:224:19: error: unknown type name 'SSL'</a></li>
          
          <li><a href="#186">getline_ssl.c:249:26: error: unknown type name 'SSL'</a></li>
          
          <li><a href="#189">getline_ssl.c:274:4: error: unknown type name 'SSL'</a></li>
          
          <li><a href="#192">getline_ssl.c:274:18: error: unknown type name 'SSL_CTX'</a></li>
          
          <li><a href="#195">getline_ssl.c:274:36: error: unknown type name 'BIO'</a></li>
          
          <li><a href="#198">getline_ssl.c:303:33: error: unknown type name 'SSL'</a></li>
          
          <li><a href="#201">getline_ssl.c:303:44: error: unknown type name 'SSL_CTX'</a></li>
          
          <li><a href="#204">getline_ssl.c:303:59: error: unknown type name 'BIO'</a></li>
          
          <li><a href="#234">getlinep3.c:48:24: error: unknown type name 'size_t'</a></li>
          
          <li><a href="#249">getlinep3.c:72:4: error: unknown type name 'fd_set'</a></li>
          
          <li><a href="#304">getlinep3.c:189:4: error: unknown type name 'va_list'</a></li>
          
        </ul>
      </li>
      
      <li>preprocessor_error
        <ul>
          
          <li><a href="#88">getline_ssl.h:56:2: error: #error "Must use OpenSSL 0.9.6 or later"</a></li>
          
        </ul>
      </li>
      
    </ul>
    
    
    <h2>Log</h2>
    <p>
    To avoid scrolling, you may jump to the <a
    href="#334">last line</a> of the
    invocation of <code>makepkg</code> that was used to build this
    package.
    </p>
    
    
      <div class="block">
        <div class="info">
          <code>Removed vanilla repositories from pacman.conf and added:</code>
        </div>
        
          <div class="output">
            
            <a class="navhash" href="#1">#</a>
						
              <code id="1">[tuscan]</code><br />
						
            
            <a class="navhash" href="#2">#</a>
						
              <code id="2">Server = file:///var/cache/pacman/pkg/</code><br />
						
            
          </div>
        
      </div>
      <br />
    
      <div class="block">
        <div class="command">
          <code><span class="prompt">CMD: </span>pacman -Syy --noconfirm</code>
        </div>
        
          <div class="output">
            
            <a class="navhash" href="#3">#</a>
						
              <code id="3">:: Synchronizing package databases...</code><br />
						
            
            <a class="navhash" href="#4">#</a>
						
              <code id="4">downloading tuscan.db...</code><br />
						
            
          </div>
        
      </div>
      <br />
    
      <div class="block">
        <div class="info">
          <code>Copied permanent toolchain into container-local sysroot</code>
        </div>
        
          <div class="output">
            
            <a class="navhash" href="#5">#</a>
						
              <code id="5">/toolchain_root/arm-linux-androideabi  -->  /sysroot/arm-linux-androideabi</code><br />
						
            
            <a class="navhash" href="#6">#</a>
						
              <code id="6">/toolchain_root/COPYING3.LIB  -->  /sysroot/COPYING3.LIB</code><br />
						
            
            <a class="navhash" href="#7">#</a>
						
              <code id="7">/toolchain_root/sysroot  -->  /sysroot/sysroot</code><br />
						
            
            <a class="navhash" href="#8">#</a>
						
              <code id="8">/toolchain_root/COPYING.RUNTIME  -->  /sysroot/COPYING.RUNTIME</code><br />
						
            
            <a class="navhash" href="#9">#</a>
						
              <code id="9">/toolchain_root/lib  -->  /sysroot/lib</code><br />
						
            
            <a class="navhash" href="#10">#</a>
						
              <code id="10">/toolchain_root/SOURCES  -->  /sysroot/SOURCES</code><br />
						
            
            <a class="navhash" href="#11">#</a>
						
              <code id="11">/toolchain_root/lib64  -->  /sysroot/lib64</code><br />
						
            
            <a class="navhash" href="#12">#</a>
						
              <code id="12">/toolchain_root/share  -->  /sysroot/share</code><br />
						
            
            <a class="navhash" href="#13">#</a>
						
              <code id="13">/toolchain_root/bin  -->  /sysroot/bin</code><br />
						
            
            <a class="navhash" href="#14">#</a>
						
              <code id="14">/toolchain_root/COPYING  -->  /sysroot/COPYING</code><br />
						
            
            <a class="navhash" href="#15">#</a>
						
              <code id="15">/toolchain_root/COPYING3  -->  /sysroot/COPYING3</code><br />
						
            
            <a class="navhash" href="#16">#</a>
						
              <code id="16">/toolchain_root/COPYING.LIB  -->  /sysroot/COPYING.LIB</code><br />
						
            
            <a class="navhash" href="#17">#</a>
						
              <code id="17">/toolchain_root/include  -->  /sysroot/include</code><br />
						
            
            <a class="navhash" href="#18">#</a>
						
              <code id="18">/toolchain_root/libexec  -->  /sysroot/libexec</code><br />
						
            
          </div>
        
      </div>
      <br />
    
      <div class="block">
        <div class="command">
          <code><span class="prompt">CMD: </span>sudo -u tuscan PATH=/sysroot/bin:/sysroot/libexec/gcc/arm-linux-androideabi/4.8:/usr/local/sbin:/usr/local/bin:/usr/sbin:/usr/bin:/sbin:/bin CC=arm-linux-androideabi-gcc CXX=arm-linux-androideabi-g++ red makepkg --noextract --syncdeps --skipinteg --skippgpcheck --skipchecksums --noconfirm --nocolor --log --noprogressbar --nocheck</code>
        </div>
        
          <div class="output">
            
            <a class="navhash" href="#19">#</a>
						
              <code id="19">==> Making package: p3scan 2.3.2-11 (Tue Aug 23 12:58:47 UTC 2016)</code><br />
						
            
            <a class="navhash" href="#20">#</a>
						
              <code id="20">==> Checking runtime dependencies...</code><br />
						
            
            <a class="navhash" href="#21">#</a>
						
              <code id="21">==> Checking buildtime dependencies...</code><br />
						
            
            <a class="navhash" href="#22">#</a>
						
              <code id="22">==> WARNING: Using existing $srcdir/ tree</code><br />
						
            
            <a class="navhash" href="#23">#</a>
						
              <code id="23">==> Starting build()...</code><br />
						
            
            <a class="navhash" href="#24">#</a>
						
              <code id="24">gcc -Wall  -DLOGOPT="LOG_PID|LOG_CONS" -DLOGFAC="LOG_DAEMON" -c getlinep3.c</code><br />
						
            
            <a class="navhash" href="#25">#</a>
						
              <code id="25">gcc -Wall  -DLOGOPT="LOG_PID|LOG_CONS" -DLOGFAC="LOG_DAEMON" -c getline_ssl.c</code><br />
						
            
            <a class="navhash" href="#26">#</a>
						
              <code id="26">cc1: error: no include path in which to search for stdc-predef.h</code><br />
						
            
            <a class="navhash" href="#27">#</a>
						
              <code id="27">getline_ssl.c:38:19: error: no include path in which to search for stdio.h</code><br />
						
            
            <a class="navhash" href="#28">#</a>
						
              <code id="28"> #include <stdio.h></code><br />
						
            
            <a class="navhash" href="#29">#</a>
						
              <code id="29">                   ^</code><br />
						
            
            <a class="navhash" href="#30">#</a>
						
              <code id="30">getline_ssl.c:39:20: error: no include path in which to search for unistd.h</code><br />
						
            
            <a class="navhash" href="#31">#</a>
						
              <code id="31"> #include <unistd.h></code><br />
						
            
            <a class="navhash" href="#32">#</a>
						
              <code id="32">                    ^</code><br />
						
            
            <a class="navhash" href="#33">#</a>
						
              <code id="33">getline_ssl.c:40:20: error: no include path in which to search for string.h</code><br />
						
            
            <a class="navhash" href="#34">#</a>
						
              <code id="34"> #include <string.h></code><br />
						
            
            <a class="navhash" href="#35">#</a>
						
              <code id="35">                    ^</code><br />
						
            
            <a class="navhash" href="#36">#</a>
						
              <code id="36">getline_ssl.c:41:20: error: no include path in which to search for malloc.h</code><br />
						
            
            <a class="navhash" href="#37">#</a>
						
              <code id="37"> #include <malloc.h></code><br />
						
            
            <a class="navhash" href="#38">#</a>
						
              <code id="38">                    ^</code><br />
						
            
            <a class="navhash" href="#39">#</a>
						
              <code id="39">getline_ssl.c:42:20: error: no include path in which to search for stdarg.h</code><br />
						
            
            <a class="navhash" href="#40">#</a>
						
              <code id="40"> #include <stdarg.h></code><br />
						
            
            <a class="navhash" href="#41">#</a>
						
              <code id="41">                    ^</code><br />
						
            
            <a class="navhash" href="#42">#</a>
						
              <code id="42">getline_ssl.c:43:19: error: no include path in which to search for fcntl.h</code><br />
						
            
            <a class="navhash" href="#43">#</a>
						
              <code id="43"> #include <fcntl.h></code><br />
						
            
            <a class="navhash" href="#44">#</a>
						
              <code id="44">                   ^</code><br />
						
            
            <a class="navhash" href="#45">#</a>
						
              <code id="45">getline_ssl.c:44:22: error: no include path in which to search for sys/time.h</code><br />
						
            
            <a class="navhash" href="#46">#</a>
						
              <code id="46"> #include <sys/time.h></code><br />
						
            
            <a class="navhash" href="#47">#</a>
						
              <code id="47">                      ^</code><br />
						
            
            <a class="navhash" href="#48">#</a>
						
              <code id="48">getline_ssl.c:45:19: error: no include path in which to search for errno.h</code><br />
						
            
            <a class="navhash" href="#49">#</a>
						
              <code id="49"> #include <errno.h></code><br />
						
            
            <a class="navhash" href="#50">#</a>
						
              <code id="50">                   ^</code><br />
						
            
            <a class="navhash" href="#51">#</a>
						
              <code id="51">getline_ssl.c:46:23: error: no include path in which to search for sys/types.h</code><br />
						
            
            <a class="navhash" href="#52">#</a>
						
              <code id="52"> #include <sys/types.h></code><br />
						
            
            <a class="navhash" href="#53">#</a>
						
              <code id="53">                       ^</code><br />
						
            
            <a class="navhash" href="#54">#</a>
						
              <code id="54">getline_ssl.c:47:24: error: no include path in which to search for sys/socket.h</code><br />
						
            
            <a class="navhash" href="#55">#</a>
						
              <code id="55"> #include <sys/socket.h></code><br />
						
            
            <a class="navhash" href="#56">#</a>
						
              <code id="56">                        ^</code><br />
						
            
            <a class="navhash" href="#57">#</a>
						
              <code id="57">getline_ssl.c:48:24: error: no include path in which to search for netinet/in.h</code><br />
						
            
            <a class="navhash" href="#58">#</a>
						
              <code id="58"> #include <netinet/in.h></code><br />
						
            
            <a class="navhash" href="#59">#</a>
						
              <code id="59">                        ^</code><br />
						
            
            <a class="navhash" href="#60">#</a>
						
              <code id="60">getline_ssl.c:49:23: error: no include path in which to search for arpa/inet.h</code><br />
						
            
            <a class="navhash" href="#61">#</a>
						
              <code id="61"> #include <arpa/inet.h></code><br />
						
            
            <a class="navhash" href="#62">#</a>
						
              <code id="62">                       ^</code><br />
						
            
            <a class="navhash" href="#63">#</a>
						
              <code id="63">getline_ssl.c:50:19: error: no include path in which to search for netdb.h</code><br />
						
            
            <a class="navhash" href="#64">#</a>
						
              <code id="64"> #include <netdb.h></code><br />
						
            
            <a class="navhash" href="#65">#</a>
						
              <code id="65">                   ^</code><br />
						
            
            <a class="navhash" href="#66">#</a>
						
              <code id="66">getline_ssl.c:51:20: error: no include path in which to search for stdlib.h</code><br />
						
            
            <a class="navhash" href="#67">#</a>
						
              <code id="67"> #include <stdlib.h></code><br />
						
            
            <a class="navhash" href="#68">#</a>
						
              <code id="68">                    ^</code><br />
						
            
            <a class="navhash" href="#69">#</a>
						
              <code id="69">getline_ssl.c:52:22: error: no include path in which to search for sys/wait.h</code><br />
						
            
            <a class="navhash" href="#70">#</a>
						
              <code id="70"> #include <sys/wait.h></code><br />
						
            
            <a class="navhash" href="#71">#</a>
						
              <code id="71">                      ^</code><br />
						
            
            <a class="navhash" href="#72">#</a>
						
              <code id="72">In file included from getline_ssl.c:54:0:</code><br />
						
            
            <a class="navhash" href="#73">#</a>
						
              <code id="73">getline_ssl.h:42:25: error: no include path in which to search for openssl/ssl.h</code><br />
						
            
            <a class="navhash" href="#74">#</a>
						
              <code id="74"> #include <openssl/ssl.h></code><br />
						
            
            <a class="navhash" href="#75">#</a>
						
              <code id="75">                         ^</code><br />
						
            
            <a class="navhash" href="#76">#</a>
						
              <code id="76">getline_ssl.h:43:25: error: no include path in which to search for openssl/err.h</code><br />
						
            
            <a class="navhash" href="#77">#</a>
						
              <code id="77"> #include <openssl/err.h></code><br />
						
            
            <a class="navhash" href="#78">#</a>
						
              <code id="78">                         ^</code><br />
						
            
            <a class="navhash" href="#79">#</a>
						<span class="error">
              <code id="79">getline_ssl.h:47:1: error: unknown type name 'BIO'</code><br />
						</span>
            
            <a class="navhash" href="#80">#</a>
						
              <code id="80"> extern BIO *bio_err;</code><br />
						
            
            <a class="navhash" href="#81">#</a>
						
              <code id="81"> ^</code><br />
						
            
            <a class="navhash" href="#82">#</a>
						<span class="error">
              <code id="82">getline_ssl.h:51:1: error: unknown type name 'SSL_CTX'</code><br />
						</span>
            
            <a class="navhash" href="#83">#</a>
						
              <code id="83"> SSL_CTX *initialize_ctx();</code><br />
						
            
            <a class="navhash" href="#84">#</a>
						
              <code id="84"> ^</code><br />
						
            
            <a class="navhash" href="#85">#</a>
						<span class="error">
              <code id="85">getline_ssl.h:52:18: error: unknown type name 'SSL_CTX'</code><br />
						</span>
            
            <a class="navhash" href="#86">#</a>
						
              <code id="86"> void destroy_ctx(SSL_CTX *ctx);</code><br />
						
            
            <a class="navhash" href="#87">#</a>
						
              <code id="87">                  ^</code><br />
						
            
            <a class="navhash" href="#88">#</a>
						<span class="error">
              <code id="88">getline_ssl.h:56:2: error: #error "Must use OpenSSL 0.9.6 or later"</code><br />
						</span>
            
            <a class="navhash" href="#89">#</a>
						
              <code id="89"> #error "Must use OpenSSL 0.9.6 or later"</code><br />
						
            
            <a class="navhash" href="#90">#</a>
						
              <code id="90">  ^</code><br />
						
            
            <a class="navhash" href="#91">#</a>
						<span class="error">
              <code id="91">getline_ssl.h:74:17: error: unknown type name 'SSL'</code><br />
						</span>
            
            <a class="navhash" href="#92">#</a>
						
              <code id="92"> int getline_ssl(SSL * ssl, struct linebuf * l);</code><br />
						
            
            <a class="navhash" href="#93">#</a>
						
              <code id="93">                 ^</code><br />
						
            
            <a class="navhash" href="#94">#</a>
						<span class="error">
              <code id="94">getline_ssl.h:79:19: error: unknown type name 'SSL'</code><br />
						</span>
            
            <a class="navhash" href="#95">#</a>
						
              <code id="95"> int writeline_ssl(SSL * ssl, int leading, char * c);</code><br />
						
            
            <a class="navhash" href="#96">#</a>
						
              <code id="96">                   ^</code><br />
						
            
            <a class="navhash" href="#97">#</a>
						<span class="error">
              <code id="97">getline_ssl.h:84:26: error: unknown type name 'SSL'</code><br />
						</span>
            
            <a class="navhash" href="#98">#</a>
						
              <code id="98"> int writeline_format_ssl(SSL * ssl, int leading, char * fmt, ...);</code><br />
						
            
            <a class="navhash" href="#99">#</a>
						
              <code id="99">                          ^</code><br />
						
            
            <a class="navhash" href="#100">#</a>
						<span class="error">
              <code id="100">getline_ssl.h:89:22: error: unknown type name 'SSL'</code><br />
						</span>
            
            <a class="navhash" href="#101">#</a>
						
              <code id="101"> int secure_write_ssl(SSL * ssl, char * buf, int len);</code><br />
						
            
            <a class="navhash" href="#102">#</a>
						
              <code id="102">                      ^</code><br />
						
            
            <a class="navhash" href="#103">#</a>
						<span class="error">
              <code id="103">getline_ssl.h:92:24: error: unknown type name 'SSL'</code><br />
						</span>
            
            <a class="navhash" href="#104">#</a>
						
              <code id="104"> int select_fd_read_ssl(SSL * ssl);</code><br />
						
            
            <a class="navhash" href="#105">#</a>
						
              <code id="105">                        ^</code><br />
						
            
            <a class="navhash" href="#106">#</a>
						<span class="error">
              <code id="106">getline_ssl.h:96:6: error: unknown type name 'SSL'</code><br />
						</span>
            
            <a class="navhash" href="#107">#</a>
						
              <code id="107">      SSL ** p_ssl, SSL_CTX ** p_ctx, BIO ** p_sbio);</code><br />
						
            
            <a class="navhash" href="#108">#</a>
						
              <code id="108">      ^</code><br />
						
            
            <a class="navhash" href="#109">#</a>
						<span class="error">
              <code id="109">getline_ssl.h:96:20: error: unknown type name 'SSL_CTX'</code><br />
						</span>
            
            <a class="navhash" href="#110">#</a>
						
              <code id="110">      SSL ** p_ssl, SSL_CTX ** p_ctx, BIO ** p_sbio);</code><br />
						
            
            <a class="navhash" href="#111">#</a>
						
              <code id="111">                    ^</code><br />
						
            
            <a class="navhash" href="#112">#</a>
						<span class="error">
              <code id="112">getline_ssl.h:96:38: error: unknown type name 'BIO'</code><br />
						</span>
            
            <a class="navhash" href="#113">#</a>
						
              <code id="113">      SSL ** p_ssl, SSL_CTX ** p_ctx, BIO ** p_sbio);</code><br />
						
            
            <a class="navhash" href="#114">#</a>
						
              <code id="114">                                      ^</code><br />
						
            
            <a class="navhash" href="#115">#</a>
						<span class="error">
              <code id="115">getline_ssl.h:97:33: error: unknown type name 'SSL'</code><br />
						</span>
            
            <a class="navhash" href="#116">#</a>
						
              <code id="116"> void SSL_destroy_conn(int sock, SSL * ssl, SSL_CTX * ctx, BIO * sbio);</code><br />
						
            
            <a class="navhash" href="#117">#</a>
						
              <code id="117">                                 ^</code><br />
						
            
            <a class="navhash" href="#118">#</a>
						<span class="error">
              <code id="118">getline_ssl.h:97:44: error: unknown type name 'SSL_CTX'</code><br />
						</span>
            
            <a class="navhash" href="#119">#</a>
						
              <code id="119"> void SSL_destroy_conn(int sock, SSL * ssl, SSL_CTX * ctx, BIO * sbio);</code><br />
						
            
            <a class="navhash" href="#120">#</a>
						
              <code id="120">                                            ^</code><br />
						
            
            <a class="navhash" href="#121">#</a>
						<span class="error">
              <code id="121">getline_ssl.h:97:59: error: unknown type name 'BIO'</code><br />
						</span>
            
            <a class="navhash" href="#122">#</a>
						
              <code id="122"> void SSL_destroy_conn(int sock, SSL * ssl, SSL_CTX * ctx, BIO * sbio);</code><br />
						
            
            <a class="navhash" href="#123">#</a>
						
              <code id="123">                                                           ^</code><br />
						
            
            <a class="navhash" href="#124">#</a>
						<span class="error">
              <code id="124">getline_ssl.c:56:24: error: unknown type name 'size_t'</code><br />
						</span>
            
            <a class="navhash" href="#125">#</a>
						
              <code id="125"> extern void * w_malloc(size_t bytes);</code><br />
						
            
            <a class="navhash" href="#126">#</a>
						
              <code id="126">                        ^</code><br />
						
            
            <a class="navhash" href="#127">#</a>
						
              <code id="127">getline_ssl.c: In function 'password_cb':</code><br />
						
            
            <a class="navhash" href="#128">#</a>
						
              <code id="128">getline_ssl.c:64:4: warning: implicit declaration of function 'strlen' [-Wimplicit-function-declaration]</code><br />
						
            
            <a class="navhash" href="#129">#</a>
						
              <code id="129">    if(num<strlen(pass)+1) return(0);</code><br />
						
            
            <a class="navhash" href="#130">#</a>
						
              <code id="130">    ^</code><br />
						
            
            <a class="navhash" href="#131">#</a>
						
              <code id="131">getline_ssl.c:64:11: warning: incompatible implicit declaration of built-in function 'strlen' [enabled by default]</code><br />
						
            
            <a class="navhash" href="#132">#</a>
						
              <code id="132">    if(num<strlen(pass)+1) return(0);</code><br />
						
            
            <a class="navhash" href="#133">#</a>
						
              <code id="133">           ^</code><br />
						
            
            <a class="navhash" href="#134">#</a>
						
              <code id="134">getline_ssl.c:66:4: warning: implicit declaration of function 'strcpy' [-Wimplicit-function-declaration]</code><br />
						
            
            <a class="navhash" href="#135">#</a>
						
              <code id="135">    strcpy(buf,pass);</code><br />
						
            
            <a class="navhash" href="#136">#</a>
						
              <code id="136">    ^</code><br />
						
            
            <a class="navhash" href="#137">#</a>
						
              <code id="137">getline_ssl.c:66:4: warning: incompatible implicit declaration of built-in function 'strcpy' [enabled by default]</code><br />
						
            
            <a class="navhash" href="#138">#</a>
						
              <code id="138">getline_ssl.c: At top level:</code><br />
						
            
            <a class="navhash" href="#139">#</a>
						<span class="error">
              <code id="139">getline_ssl.c:70:1: error: unknown type name 'SSL_CTX'</code><br />
						</span>
            
            <a class="navhash" href="#140">#</a>
						
              <code id="140"> SSL_CTX *initialize_ctx() {</code><br />
						
            
            <a class="navhash" href="#141">#</a>
						
              <code id="141"> ^</code><br />
						
            
            <a class="navhash" href="#142">#</a>
						
              <code id="142">getline_ssl.c: In function 'initialize_ctx':</code><br />
						
            
            <a class="navhash" href="#143">#</a>
						<span class="error">
              <code id="143">getline_ssl.c:71:4: error: unknown type name 'SSL_METHOD'</code><br />
						</span>
            
            <a class="navhash" href="#144">#</a>
						
              <code id="144">    SSL_METHOD *meth;</code><br />
						
            
            <a class="navhash" href="#145">#</a>
						
              <code id="145">    ^</code><br />
						
            
            <a class="navhash" href="#146">#</a>
						<span class="error">
              <code id="146">getline_ssl.c:72:4: error: unknown type name 'SSL_CTX'</code><br />
						</span>
            
            <a class="navhash" href="#147">#</a>
						
              <code id="147">    SSL_CTX *ctx;</code><br />
						
            
            <a class="navhash" href="#148">#</a>
						
              <code id="148">    ^</code><br />
						
            
            <a class="navhash" href="#149">#</a>
						
              <code id="149">getline_ssl.c:74:4: warning: implicit declaration of function 'SSL_library_init' [-Wimplicit-function-declaration]</code><br />
						
            
            <a class="navhash" href="#150">#</a>
						
              <code id="150">    SSL_library_init();</code><br />
						
            
            <a class="navhash" href="#151">#</a>
						
              <code id="151">    ^</code><br />
						
            
            <a class="navhash" href="#152">#</a>
						
              <code id="152">getline_ssl.c:75:4: warning: implicit declaration of function 'SSL_load_error_strings' [-Wimplicit-function-declaration]</code><br />
						
            
            <a class="navhash" href="#153">#</a>
						
              <code id="153">    SSL_load_error_strings();</code><br />
						
            
            <a class="navhash" href="#154">#</a>
						
              <code id="154">    ^</code><br />
						
            
            <a class="navhash" href="#155">#</a>
						
              <code id="155">getline_ssl.c:78:4: warning: implicit declaration of function 'SSLv23_method' [-Wimplicit-function-declaration]</code><br />
						
            
            <a class="navhash" href="#156">#</a>
						
              <code id="156">    meth=SSLv23_method();</code><br />
						
            
            <a class="navhash" href="#157">#</a>
						
              <code id="157">    ^</code><br />
						
            
            <a class="navhash" href="#158">#</a>
						
              <code id="158">getline_ssl.c:78:8: warning: assignment makes pointer from integer without a cast [enabled by default]</code><br />
						
            
            <a class="navhash" href="#159">#</a>
						
              <code id="159">    meth=SSLv23_method();</code><br />
						
            
            <a class="navhash" href="#160">#</a>
						
              <code id="160">        ^</code><br />
						
            
            <a class="navhash" href="#161">#</a>
						
              <code id="161">getline_ssl.c:79:4: warning: implicit declaration of function 'SSL_CTX_new' [-Wimplicit-function-declaration]</code><br />
						
            
            <a class="navhash" href="#162">#</a>
						
              <code id="162">    ctx=SSL_CTX_new(meth);</code><br />
						
            
            <a class="navhash" href="#163">#</a>
						
              <code id="163">    ^</code><br />
						
            
            <a class="navhash" href="#164">#</a>
						
              <code id="164">getline_ssl.c:79:7: warning: assignment makes pointer from integer without a cast [enabled by default]</code><br />
						
            
            <a class="navhash" href="#165">#</a>
						
              <code id="165">    ctx=SSL_CTX_new(meth);</code><br />
						
            
            <a class="navhash" href="#166">#</a>
						
              <code id="166">       ^</code><br />
						
            
            <a class="navhash" href="#167">#</a>
						
              <code id="167">getline_ssl.c:81:4: warning: implicit declaration of function 'SSL_CTX_set_default_passwd_cb' [-Wimplicit-function-declaration]</code><br />
						
            
            <a class="navhash" href="#168">#</a>
						
              <code id="168">    SSL_CTX_set_default_passwd_cb(ctx, password_cb);</code><br />
						
            
            <a class="navhash" href="#169">#</a>
						
              <code id="169">    ^</code><br />
						
            
            <a class="navhash" href="#170">#</a>
						
              <code id="170">getline_ssl.c:84:5: warning: implicit declaration of function 'SSL_CTX_set_verify_depth' [-Wimplicit-function-declaration]</code><br />
						
            
            <a class="navhash" href="#171">#</a>
						
              <code id="171">     SSL_CTX_set_verify_depth(ctx,1);</code><br />
						
            
            <a class="navhash" href="#172">#</a>
						
              <code id="172">     ^</code><br />
						
            
            <a class="navhash" href="#173">#</a>
						
              <code id="173">getline_ssl.c: At top level:</code><br />
						
            
            <a class="navhash" href="#174">#</a>
						<span class="error">
              <code id="174">getline_ssl.c:90:22: error: unknown type name 'SSL'</code><br />
						</span>
            
            <a class="navhash" href="#175">#</a>
						
              <code id="175"> int secure_write_ssl(SSL * ssl, char * buf, int len){</code><br />
						
            
            <a class="navhash" href="#176">#</a>
						
              <code id="176">                      ^</code><br />
						
            
            <a class="navhash" href="#177">#</a>
						<span class="error">
              <code id="177">getline_ssl.c:111:24: error: unknown type name 'SSL'</code><br />
						</span>
            
            <a class="navhash" href="#178">#</a>
						
              <code id="178"> int select_fd_read_ssl(SSL * ssl){</code><br />
						
            
            <a class="navhash" href="#179">#</a>
						
              <code id="179">                        ^</code><br />
						
            
            <a class="navhash" href="#180">#</a>
						<span class="error">
              <code id="180">getline_ssl.c:142:17: error: unknown type name 'SSL'</code><br />
						</span>
            
            <a class="navhash" href="#181">#</a>
						
              <code id="181"> int getline_ssl(SSL * ssl, struct linebuf * l){</code><br />
						
            
            <a class="navhash" href="#182">#</a>
						
              <code id="182">                 ^</code><br />
						
            
            <a class="navhash" href="#183">#</a>
						<span class="error">
              <code id="183">getline_ssl.c:224:19: error: unknown type name 'SSL'</code><br />
						</span>
            
            <a class="navhash" href="#184">#</a>
						
              <code id="184"> int writeline_ssl(SSL * ssl, int leading, char * c){</code><br />
						
            
            <a class="navhash" href="#185">#</a>
						
              <code id="185">                   ^</code><br />
						
            
            <a class="navhash" href="#186">#</a>
						<span class="error">
              <code id="186">getline_ssl.c:249:26: error: unknown type name 'SSL'</code><br />
						</span>
            
            <a class="navhash" href="#187">#</a>
						
              <code id="187"> int writeline_format_ssl(SSL * ssl, int leading , char * fmt, ...){</code><br />
						
            
            <a class="navhash" href="#188">#</a>
						
              <code id="188">                          ^</code><br />
						
            
            <a class="navhash" href="#189">#</a>
						<span class="error">
              <code id="189">getline_ssl.c:274:4: error: unknown type name 'SSL'</code><br />
						</span>
            
            <a class="navhash" href="#190">#</a>
						
              <code id="190">    SSL ** p_ssl, SSL_CTX ** p_ctx, BIO ** p_sbio) {</code><br />
						
            
            <a class="navhash" href="#191">#</a>
						
              <code id="191">    ^</code><br />
						
            
            <a class="navhash" href="#192">#</a>
						<span class="error">
              <code id="192">getline_ssl.c:274:18: error: unknown type name 'SSL_CTX'</code><br />
						</span>
            
            <a class="navhash" href="#193">#</a>
						
              <code id="193">    SSL ** p_ssl, SSL_CTX ** p_ctx, BIO ** p_sbio) {</code><br />
						
            
            <a class="navhash" href="#194">#</a>
						
              <code id="194">                  ^</code><br />
						
            
            <a class="navhash" href="#195">#</a>
						<span class="error">
              <code id="195">getline_ssl.c:274:36: error: unknown type name 'BIO'</code><br />
						</span>
            
            <a class="navhash" href="#196">#</a>
						
              <code id="196">    SSL ** p_ssl, SSL_CTX ** p_ctx, BIO ** p_sbio) {</code><br />
						
            
            <a class="navhash" href="#197">#</a>
						
              <code id="197">                                    ^</code><br />
						
            
            <a class="navhash" href="#198">#</a>
						<span class="error">
              <code id="198">getline_ssl.c:303:33: error: unknown type name 'SSL'</code><br />
						</span>
            
            <a class="navhash" href="#199">#</a>
						
              <code id="199"> void SSL_destroy_conn(int sock, SSL * ssl, SSL_CTX * ctx, BIO * sbio) {</code><br />
						
            
            <a class="navhash" href="#200">#</a>
						
              <code id="200">                                 ^</code><br />
						
            
            <a class="navhash" href="#201">#</a>
						<span class="error">
              <code id="201">getline_ssl.c:303:44: error: unknown type name 'SSL_CTX'</code><br />
						</span>
            
            <a class="navhash" href="#202">#</a>
						
              <code id="202"> void SSL_destroy_conn(int sock, SSL * ssl, SSL_CTX * ctx, BIO * sbio) {</code><br />
						
            
            <a class="navhash" href="#203">#</a>
						
              <code id="203">                                            ^</code><br />
						
            
            <a class="navhash" href="#204">#</a>
						<span class="error">
              <code id="204">getline_ssl.c:303:59: error: unknown type name 'BIO'</code><br />
						</span>
            
            <a class="navhash" href="#205">#</a>
						
              <code id="205"> void SSL_destroy_conn(int sock, SSL * ssl, SSL_CTX * ctx, BIO * sbio) {</code><br />
						
            
            <a class="navhash" href="#206">#</a>
						
              <code id="206">                                                           ^</code><br />
						
            
            <a class="navhash" href="#207">#</a>
						
              <code id="207">make: *** [Makefile:82: getline_ssl.o] Error 1</code><br />
						
            
            <a class="navhash" href="#208">#</a>
						
              <code id="208">make: *** Waiting for unfinished jobs....</code><br />
						
            
            <a class="navhash" href="#209">#</a>
						
              <code id="209">cc1: error: no include path in which to search for stdc-predef.h</code><br />
						
            
            <a class="navhash" href="#210">#</a>
						
              <code id="210">getlinep3.c:37:19: error: no include path in which to search for stdio.h</code><br />
						
            
            <a class="navhash" href="#211">#</a>
						
              <code id="211"> #include <stdio.h></code><br />
						
            
            <a class="navhash" href="#212">#</a>
						
              <code id="212">                   ^</code><br />
						
            
            <a class="navhash" href="#213">#</a>
						
              <code id="213">getlinep3.c:38:20: error: no include path in which to search for unistd.h</code><br />
						
            
            <a class="navhash" href="#214">#</a>
						
              <code id="214"> #include <unistd.h></code><br />
						
            
            <a class="navhash" href="#215">#</a>
						
              <code id="215">                    ^</code><br />
						
            
            <a class="navhash" href="#216">#</a>
						
              <code id="216">getlinep3.c:39:20: error: no include path in which to search for string.h</code><br />
						
            
            <a class="navhash" href="#217">#</a>
						
              <code id="217"> #include <string.h></code><br />
						
            
            <a class="navhash" href="#218">#</a>
						
              <code id="218">                    ^</code><br />
						
            
            <a class="navhash" href="#219">#</a>
						
              <code id="219">getlinep3.c:40:20: error: no include path in which to search for malloc.h</code><br />
						
            
            <a class="navhash" href="#220">#</a>
						
              <code id="220"> #include <malloc.h></code><br />
						
            
            <a class="navhash" href="#221">#</a>
						
              <code id="221">                    ^</code><br />
						
            
            <a class="navhash" href="#222">#</a>
						
              <code id="222">getlinep3.c:41:20: error: no include path in which to search for stdarg.h</code><br />
						
            
            <a class="navhash" href="#223">#</a>
						
              <code id="223"> #include <stdarg.h></code><br />
						
            
            <a class="navhash" href="#224">#</a>
						
              <code id="224">                    ^</code><br />
						
            
            <a class="navhash" href="#225">#</a>
						
              <code id="225">getlinep3.c:42:19: error: no include path in which to search for fcntl.h</code><br />
						
            
            <a class="navhash" href="#226">#</a>
						
              <code id="226"> #include <fcntl.h></code><br />
						
            
            <a class="navhash" href="#227">#</a>
						
              <code id="227">                   ^</code><br />
						
            
            <a class="navhash" href="#228">#</a>
						
              <code id="228">getlinep3.c:43:22: error: no include path in which to search for sys/time.h</code><br />
						
            
            <a class="navhash" href="#229">#</a>
						
              <code id="229"> #include <sys/time.h></code><br />
						
            
            <a class="navhash" href="#230">#</a>
						
              <code id="230">                      ^</code><br />
						
            
            <a class="navhash" href="#231">#</a>
						
              <code id="231">getlinep3.c:44:19: error: no include path in which to search for errno.h</code><br />
						
            
            <a class="navhash" href="#232">#</a>
						
              <code id="232"> #include <errno.h></code><br />
						
            
            <a class="navhash" href="#233">#</a>
						
              <code id="233">                   ^</code><br />
						
            
            <a class="navhash" href="#234">#</a>
						<span class="error">
              <code id="234">getlinep3.c:48:24: error: unknown type name 'size_t'</code><br />
						</span>
            
            <a class="navhash" href="#235">#</a>
						
              <code id="235"> extern void * w_malloc(size_t bytes);</code><br />
						
            
            <a class="navhash" href="#236">#</a>
						
              <code id="236">                        ^</code><br />
						
            
            <a class="navhash" href="#237">#</a>
						
              <code id="237">getlinep3.c: In function 'secure_write':</code><br />
						
            
            <a class="navhash" href="#238">#</a>
						
              <code id="238">getlinep3.c:59:4: warning: implicit declaration of function 'write' [-Wimplicit-function-declaration]</code><br />
						
            
            <a class="navhash" href="#239">#</a>
						
              <code id="239">    while ((i=write(fd, &buf[written], len-written))<len){</code><br />
						
            
            <a class="navhash" href="#240">#</a>
						
              <code id="240">    ^</code><br />
						
            
            <a class="navhash" href="#241">#</a>
						
              <code id="241">getlinep3.c:61:20: error: 'errno' undeclared (first use in this function)</code><br />
						
            
            <a class="navhash" href="#242">#</a>
						
              <code id="242">       if (i==-1 && errno==EPIPE) return GETLINE_PIPE;</code><br />
						
            
            <a class="navhash" href="#243">#</a>
						
              <code id="243">                    ^</code><br />
						
            
            <a class="navhash" href="#244">#</a>
						
              <code id="244">getlinep3.c:61:20: note: each undeclared identifier is reported only once for each function it appears in</code><br />
						
            
            <a class="navhash" href="#245">#</a>
						
              <code id="245">getlinep3.c:61:27: error: 'EPIPE' undeclared (first use in this function)</code><br />
						
            
            <a class="navhash" href="#246">#</a>
						
              <code id="246">       if (i==-1 && errno==EPIPE) return GETLINE_PIPE;</code><br />
						
            
            <a class="navhash" href="#247">#</a>
						
              <code id="247">                           ^</code><br />
						
            
            <a class="navhash" href="#248">#</a>
						
              <code id="248">getlinep3.c: In function 'select_fd_read':</code><br />
						
            
            <a class="navhash" href="#249">#</a>
						<span class="error">
              <code id="249">getlinep3.c:72:4: error: unknown type name 'fd_set'</code><br />
						</span>
            
            <a class="navhash" href="#250">#</a>
						
              <code id="250">    fd_set fds;</code><br />
						
            
            <a class="navhash" href="#251">#</a>
						
              <code id="251">    ^</code><br />
						
            
            <a class="navhash" href="#252">#</a>
						
              <code id="252">getlinep3.c:73:19: error: storage size of 'timeout' isn't known</code><br />
						
            
            <a class="navhash" href="#253">#</a>
						
              <code id="253">    struct timeval timeout;</code><br />
						
            
            <a class="navhash" href="#254">#</a>
						
              <code id="254">                   ^</code><br />
						
            
            <a class="navhash" href="#255">#</a>
						
              <code id="255">getlinep3.c:76:4: warning: implicit declaration of function 'FD_ZERO' [-Wimplicit-function-declaration]</code><br />
						
            
            <a class="navhash" href="#256">#</a>
						
              <code id="256">    FD_ZERO(&fds);</code><br />
						
            
            <a class="navhash" href="#257">#</a>
						
              <code id="257">    ^</code><br />
						
            
            <a class="navhash" href="#258">#</a>
						
              <code id="258">getlinep3.c:77:4: warning: implicit declaration of function 'FD_SET' [-Wimplicit-function-declaration]</code><br />
						
            
            <a class="navhash" href="#259">#</a>
						
              <code id="259">    FD_SET(fd, &fds);</code><br />
						
            
            <a class="navhash" href="#260">#</a>
						
              <code id="260">    ^</code><br />
						
            
            <a class="navhash" href="#261">#</a>
						
              <code id="261">getlinep3.c:78:4: warning: implicit declaration of function 'select' [-Wimplicit-function-declaration]</code><br />
						
            
            <a class="navhash" href="#262">#</a>
						
              <code id="262">    return select(fd + 1, &fds, NULL, NULL, &timeout);</code><br />
						
            
            <a class="navhash" href="#263">#</a>
						
              <code id="263">    ^</code><br />
						
            
            <a class="navhash" href="#264">#</a>
						
              <code id="264">getlinep3.c:78:32: error: 'NULL' undeclared (first use in this function)</code><br />
						
            
            <a class="navhash" href="#265">#</a>
						
              <code id="265">    return select(fd + 1, &fds, NULL, NULL, &timeout);</code><br />
						
            
            <a class="navhash" href="#266">#</a>
						
              <code id="266">                                ^</code><br />
						
            
            <a class="navhash" href="#267">#</a>
						
              <code id="267">getlinep3.c:73:19: warning: unused variable 'timeout' [-Wunused-variable]</code><br />
						
            
            <a class="navhash" href="#268">#</a>
						
              <code id="268">    struct timeval timeout;</code><br />
						
            
            <a class="navhash" href="#269">#</a>
						
              <code id="269">                   ^</code><br />
						
            
            <a class="navhash" href="#270">#</a>
						
              <code id="270">getlinep3.c: In function 'getlinep3':</code><br />
						
            
            <a class="navhash" href="#271">#</a>
						
              <code id="271">getlinep3.c:90:7: warning: implicit declaration of function 'read' [-Wimplicit-function-declaration]</code><br />
						
            
            <a class="navhash" href="#272">#</a>
						
              <code id="272">       len=read(fd, l->buf, maxread );</code><br />
						
            
            <a class="navhash" href="#273">#</a>
						
              <code id="273">       ^</code><br />
						
            
            <a class="navhash" href="#274">#</a>
						
              <code id="274">getlinep3.c:99:10: warning: implicit declaration of function 'memmove' [-Wimplicit-function-declaration]</code><br />
						
            
            <a class="navhash" href="#275">#</a>
						
              <code id="275">          memmove(l->buf, l->lineend +1, len );</code><br />
						
            
            <a class="navhash" href="#276">#</a>
						
              <code id="276">          ^</code><br />
						
            
            <a class="navhash" href="#277">#</a>
						
              <code id="277">getlinep3.c:99:10: warning: incompatible implicit declaration of built-in function 'memmove' [enabled by default]</code><br />
						
            
            <a class="navhash" href="#278">#</a>
						
              <code id="278">getlinep3.c:117:24: error: 'NULL' undeclared (first use in this function)</code><br />
						
            
            <a class="navhash" href="#279">#</a>
						
              <code id="279">             l->lineend=NULL;</code><br />
						
            
            <a class="navhash" href="#280">#</a>
						
              <code id="280">                        ^</code><br />
						
            
            <a class="navhash" href="#281">#</a>
						
              <code id="281">getlinep3.c:147:13: warning: implicit declaration of function 'strlen' [-Wimplicit-function-declaration]</code><br />
						
            
            <a class="navhash" href="#282">#</a>
						
              <code id="282">             l->linelen=strlen(l->line);</code><br />
						
            
            <a class="navhash" href="#283">#</a>
						
              <code id="283">             ^</code><br />
						
            
            <a class="navhash" href="#284">#</a>
						
              <code id="284">getlinep3.c:147:24: warning: incompatible implicit declaration of built-in function 'strlen' [enabled by default]</code><br />
						
            
            <a class="navhash" href="#285">#</a>
						
              <code id="285">             l->linelen=strlen(l->line);</code><br />
						
            
            <a class="navhash" href="#286">#</a>
						
              <code id="286">                        ^</code><br />
						
            
            <a class="navhash" href="#287">#</a>
						
              <code id="287">getlinep3.c: In function 'writeline':</code><br />
						
            
            <a class="navhash" href="#288">#</a>
						
              <code id="288">getlinep3.c:167:4: warning: implicit declaration of function 'w_malloc' [-Wimplicit-function-declaration]</code><br />
						
            
            <a class="navhash" href="#289">#</a>
						
              <code id="289">    out=w_malloc(strlen(c)+3);</code><br />
						
            
            <a class="navhash" href="#290">#</a>
						
              <code id="290">    ^</code><br />
						
            
            <a class="navhash" href="#291">#</a>
						
              <code id="291">getlinep3.c:167:17: warning: incompatible implicit declaration of built-in function 'strlen' [enabled by default]</code><br />
						
            
            <a class="navhash" href="#292">#</a>
						
              <code id="292">    out=w_malloc(strlen(c)+3);</code><br />
						
            
            <a class="navhash" href="#293">#</a>
						
              <code id="293">                 ^</code><br />
						
            
            <a class="navhash" href="#294">#</a>
						
              <code id="294">getlinep3.c:167:7: warning: assignment makes pointer from integer without a cast [enabled by default]</code><br />
						
            
            <a class="navhash" href="#295">#</a>
						
              <code id="295">    out=w_malloc(strlen(c)+3);</code><br />
						
            
            <a class="navhash" href="#296">#</a>
						
              <code id="296">       ^</code><br />
						
            
            <a class="navhash" href="#297">#</a>
						
              <code id="297">getlinep3.c:170:10: warning: implicit declaration of function 'sprintf' [-Wimplicit-function-declaration]</code><br />
						
            
            <a class="navhash" href="#298">#</a>
						
              <code id="298">          len=sprintf(out, "%s", c);</code><br />
						
            
            <a class="navhash" href="#299">#</a>
						
              <code id="299">          ^</code><br />
						
            
            <a class="navhash" href="#300">#</a>
						
              <code id="300">getlinep3.c:170:14: warning: incompatible implicit declaration of built-in function 'sprintf' [enabled by default]</code><br />
						
            
            <a class="navhash" href="#301">#</a>
						
              <code id="301">          len=sprintf(out, "%s", c);</code><br />
						
            
            <a class="navhash" href="#302">#</a>
						
              <code id="302">              ^</code><br />
						
            
            <a class="navhash" href="#303">#</a>
						
              <code id="303">getlinep3.c: In function 'writeline_format':</code><br />
						
            
            <a class="navhash" href="#304">#</a>
						<span class="error">
              <code id="304">getlinep3.c:189:4: error: unknown type name 'va_list'</code><br />
						</span>
            
            <a class="navhash" href="#305">#</a>
						
              <code id="305">    va_list az;</code><br />
						
            
            <a class="navhash" href="#306">#</a>
						
              <code id="306">    ^</code><br />
						
            
            <a class="navhash" href="#307">#</a>
						
              <code id="307">getlinep3.c:191:4: warning: implicit declaration of function 'va_start' [-Wimplicit-function-declaration]</code><br />
						
            
            <a class="navhash" href="#308">#</a>
						
              <code id="308">    va_start(az,fmt);</code><br />
						
            
            <a class="navhash" href="#309">#</a>
						
              <code id="309">    ^</code><br />
						
            
            <a class="navhash" href="#310">#</a>
						
              <code id="310">getlinep3.c:192:4: warning: implicit declaration of function 'vsnprintf' [-Wimplicit-function-declaration]</code><br />
						
            
            <a class="navhash" href="#311">#</a>
						
              <code id="311">    len=vsnprintf(out, 4090, fmt, az);</code><br />
						
            
            <a class="navhash" href="#312">#</a>
						
              <code id="312">    ^</code><br />
						
            
            <a class="navhash" href="#313">#</a>
						
              <code id="313">getlinep3.c: In function 'linebuf_init':</code><br />
						
            
            <a class="navhash" href="#314">#</a>
						
              <code id="314">getlinep3.c:213:5: warning: assignment makes pointer from integer without a cast [enabled by default]</code><br />
						
            
            <a class="navhash" href="#315">#</a>
						
              <code id="315">    l=w_malloc(sizeof(linebuf));</code><br />
						
            
            <a class="navhash" href="#316">#</a>
						
              <code id="316">     ^</code><br />
						
            
            <a class="navhash" href="#317">#</a>
						
              <code id="317">getlinep3.c:215:10: warning: assignment makes pointer from integer without a cast [enabled by default]</code><br />
						
            
            <a class="navhash" href="#318">#</a>
						
              <code id="318">    l->buf=w_malloc(len);</code><br />
						
            
            <a class="navhash" href="#319">#</a>
						
              <code id="319">          ^</code><br />
						
            
            <a class="navhash" href="#320">#</a>
						
              <code id="320">getlinep3.c: In function 'linebuf_zero':</code><br />
						
            
            <a class="navhash" href="#321">#</a>
						
              <code id="321">getlinep3.c:222:15: error: 'NULL' undeclared (first use in this function)</code><br />
						
            
            <a class="navhash" href="#322">#</a>
						
              <code id="322">    l->lineend=NULL;</code><br />
						
            
            <a class="navhash" href="#323">#</a>
						
              <code id="323">               ^</code><br />
						
            
            <a class="navhash" href="#324">#</a>
						
              <code id="324">getlinep3.c: In function 'linebuf_uninit':</code><br />
						
            
            <a class="navhash" href="#325">#</a>
						
              <code id="325">getlinep3.c:230:11: error: 'NULL' undeclared (first use in this function)</code><br />
						
            
            <a class="navhash" href="#326">#</a>
						
              <code id="326">    if (l==NULL) return;</code><br />
						
            
            <a class="navhash" href="#327">#</a>
						
              <code id="327">           ^</code><br />
						
            
            <a class="navhash" href="#328">#</a>
						
              <code id="328">getlinep3.c: In function 'select_fd_read':</code><br />
						
            
            <a class="navhash" href="#329">#</a>
						
              <code id="329">getlinep3.c:79:1: warning: control reaches end of non-void function [-Wreturn-type]</code><br />
						
            
            <a class="navhash" href="#330">#</a>
						
              <code id="330"> }</code><br />
						
            
            <a class="navhash" href="#331">#</a>
						
              <code id="331"> ^</code><br />
						
            
            <a class="navhash" href="#332">#</a>
						
              <code id="332">make: *** [Makefile:82: getlinep3.o] Error 1</code><br />
						
            
            <a class="navhash" href="#333">#</a>
						
              <code id="333">==> ERROR: A failure occurred in build().</code><br />
						
            
            <a class="navhash" href="#334">#</a>
						
              <code id="334">    Aborting...</code><br />
						
            
          </div>
        
      </div>
      <br />
    
  </body>
</html>