        <html><head></head><body>
        <h1>Report for perl-mouse on toolchain
            <a href="index.html">android</a>
        </h1>
        <p>Return code: 5</p>
        <p>Time to run: 00:00:40</p>
        <p>Log output:</p>
        <code><pre><docker run --rm -v /tuscan_data --volumes-from tuscan_data -v /sources --volumes-from sources -v /var/cache/pacman/pkg --volumes-from pkg_cache_android -v logs:/logs make_package_container --sources-directory /sources --shared-directory /tuscan_data perl-mouse
:: Synchronizing package databases...
downloading repo.db...
downloading core.db...
downloading extra.db...
downloading community.db...
Found 2297 packages in cache
===> sudo -u tuscan makepkg --nobuild --syncdeps --skipinteg --skippgpcheck --skipchecksums --noconfirm --nocolor --log --noprogressbar --nocheck
==> Making package: perl-mouse 2.4.5-1 (Sat Nov 14 00:17:50 UTC 2015)
==> Checking runtime dependencies...
==> Checking buildtime dependencies...
==> Installing missing dependencies...
resolving dependencies...
looking for conflicting packages...

Packages (24) perl-capture-tiny-0.30-1  perl-data-optlist-0.109-2  perl-devel-checkcompiler-0.06-1  perl-devel-symdump-2.14-1  perl-inc-latest-0.500-1  perl-params-util-1.07-4  perl-pod-coverage-0.23-1  perl-sub-exporter-0.987-1  perl-sub-install-0.928-1  perl-sub-uplevel-0.25-1  perl-test-nowarnings-1.04-2  perl-test-pod-1.51-1  perl-test-pod-coverage-1.10-1  perl-test-tester-0.109-1  perl-try-tiny-0.22-1  perl-io-string-1.08-9  perl-module-build-0.4214-1  perl-module-build-xsutil-0.16-1  perl-test-deep-0.115-1  perl-test-exception-0.35-1  perl-test-fatal-0.014-1  perl-test-leaktrace-0.15-2  perl-test-output-1.03-1  perl-test-requires-0.10-1

Total Download Size:   0.04 MiB
Total Installed Size:  1.56 MiB

:: Proceed with installation? [Y/n] 
:: Retrieving packages ...
downloading perl-module-build-xsutil-0.16-1-any.pkg.tar.xz...
downloading perl-test-leaktrace-0.15-2-x86_64.pkg.tar.xz...
downloading perl-test-output-1.03-1-any.pkg.tar.xz...
checking keyring...
checking package integrity...
loading package files...
checking for file conflicts...
checking available disk space...
installing perl-sub-uplevel...
installing perl-test-exception...
installing perl-try-tiny...
installing perl-test-fatal...
installing perl-inc-latest...
installing perl-module-build...
installing perl-devel-checkcompiler...
installing perl-module-build-xsutil...
installing perl-test-requires...
installing perl-test-leaktrace...
installing perl-params-util...
installing perl-sub-install...
installing perl-data-optlist...
installing perl-sub-exporter...
installing perl-test-tester...
installing perl-test-pod...
installing perl-devel-symdump...
installing perl-pod-coverage...
installing perl-test-pod-coverage...
installing perl-capture-tiny...
installing perl-test-output...
installing perl-test-nowarnings...
installing perl-test-deep...
installing perl-io-string...
==> Retrieving sources...
  -> Downloading Mouse-v2.4.5.tar.gz...
==> WARNING: Skipping all source file integrity checks.
==> Extracting sources...
  -> Extracting Mouse-v2.4.5.tar.gz with bsdtar
==> Sources are ready.
Copied source directory to /sources/perl-mouse
===> sudo -u tuscan PATH=/tmp/toolchain/bin:/usr/local/sbin:/usr/local/bin:/usr/sbin:/usr/bin:/sbin:/bin CC=arm-linux-androideabi-gcc CXX=arm-linux-androideabi-g++ SYSROOT=/build/android-ndk-r10e/platforms/android-21/arch-arm makepkg --noextract --syncdeps --skipinteg --skippgpcheck --skipchecksums --noconfirm --nocolor --log --noprogressbar --nocheck
==> Making package: perl-mouse 2.4.5-1 (Sat Nov 14 00:18:07 UTC 2015)
==> Checking runtime dependencies...
==> Checking buildtime dependencies...
==> WARNING: Using existing $srcdir/ tree
==> Starting build()...
arm-linux-androideabi-gcc: error: unrecognized argument in option '-march=x86-64'
arm-linux-androideabi-gcc: note: valid arguments to '-march=' are: armv2 armv2a armv3 armv3m armv4 armv4t armv5 armv5e armv5t armv5te armv6 armv6-m armv6j armv6k armv6s-m armv6t2 armv6z armv6zk armv7 armv7-a armv7-m armv7-r armv7e-m armv8-a iwmmxt iwmmxt2 native
arm-linux-androideabi-gcc: error: unrecognized argument in option '-mtune=generic'
arm-linux-androideabi-gcc: note: valid arguments to '-mtune=' are: arm1020e arm1020t arm1022e arm1026ej-s arm10e arm10tdmi arm1136j-s arm1136jf-s arm1156t2-s arm1156t2f-s arm1176jz-s arm1176jzf-s arm2 arm250 arm3 arm6 arm60 arm600 arm610 arm620 arm7 arm70 arm700 arm700i arm710 arm7100 arm710c arm710t arm720 arm720t arm740t arm7500 arm7500fe arm7d arm7di arm7dm arm7dmi arm7m arm7tdmi arm7tdmi-s arm8 arm810 arm9 arm920 arm920t arm922t arm926ej-s arm940t arm946e-s arm966e-s arm968e-s arm9e arm9tdmi cortex-a15 cortex-a5 cortex-a7 cortex-a8 cortex-a9 cortex-m0 cortex-m0plus cortex-m1 cortex-m3 cortex-m4 cortex-r4 cortex-r4f cortex-r5 ep9312 fa526 fa606te fa626 fa626te fa726te fmp626 generic-armv7-a iwmmxt iwmmxt2 marvell-pj4 mpcore mpcorenovfp native strongarm strongarm110 strongarm1100 strongarm1110 xscale
arm-linux-androideabi-gcc: error: unrecognized command line option '-fstack-protector-strong'
arm-linux-androideabi-gcc: error: unrecognized command line option '-fstack-protector-strong'
Warning: ExtUtils::CBuilder not installed or no compiler detected
Proceeding with configuration, but compilation may fail during Build

This distribution requires a C compiler, but it's not available, stopped.
==> ERROR: A failure occurred in build().
    Aborting...
===> Printing config.logs
===> Finished printing config.logs></pre></code>
        </body></html>
