        <html><head></head><body>
        <h1>Report for pflask on toolchain
            <a href="index.html">android</a>
        </h1>
        <p>Return code: 5</p>
        <p>Time to run: 00:01:04</p>
        <p>Log output:</p>
        <code><pre><docker run --rm -v /tuscan_data --volumes-from tuscan_data -v /sources --volumes-from sources -v /var/cache/pacman/pkg --volumes-from pkg_cache_android -v logs:/logs make_package_container --sources-directory /sources --shared-directory /tuscan_data pflask
:: Synchronizing package databases...
downloading repo.db...
downloading core.db...
downloading extra.db...
downloading community.db...
Found 2311 packages in cache
===> sudo -u tuscan makepkg --nobuild --syncdeps --skipinteg --skippgpcheck --skipchecksums --noconfirm --nocolor --log --noprogressbar --nocheck
==> Making package: pflask 0.2.20150731-1 (Sat Nov 14 00:18:03 UTC 2015)
==> Checking runtime dependencies...
==> Checking buildtime dependencies...
==> Installing missing dependencies...
resolving dependencies...
looking for conflicting packages...

Packages (15) perl-error-0.17024-1  python-babel-2.1.1-2  python-docutils-0.12-3  python-jinja-2.8-2  python-markupsafe-0.23-3  python-packaging-15.3-2  python-pygments-2.0.2-3  python-pytz-2015.7-1  python-setuptools-1:18.5-1  python-six-1.10.0-1  python-snowballstemmer-1.2.0-2  python-sphinx-alabaster-theme-0.7.6-2  python-sphinx_rtd_theme-0.1.9-1  git-2.6.2-1  python-sphinx-1.3.1-10

Total Installed Size:  61.22 MiB

:: Proceed with installation? [Y/n] 
checking keyring...
checking package integrity...
loading package files...
checking for file conflicts...
checking available disk space...
installing python-packaging...
installing python-setuptools...
installing python-markupsafe...
installing python-jinja...
installing python-pygments...
installing python-docutils...
installing python-sphinx_rtd_theme...
installing python-sphinx-alabaster-theme...
installing python-pytz...
installing python-babel...
installing python-snowballstemmer...
installing python-six...
installing python-sphinx...
Optional dependencies for python-sphinx
    texlive-latexextra: for generation of PDF documentation
installing perl-error...
installing git...
Optional dependencies for git
    tk: gitk and git gui
    perl-libwww: git svn
    perl-term-readkey: git svn
    perl-mime-tools: git send-email
    perl-net-smtp-ssl: git send-email TLS support
    perl-authen-sasl: git send-email TLS support
    python2: various helper scripts
    subversion: git svn
    cvsps2: git cvsimport
    gnome-keyring: GNOME keyring credential helper
==> Retrieving sources...
  -> Cloning pflask git repo...
Cloning into bare repository '/sources/pflask/pflask'...
  -> Downloading waf-1.8.6...
==> WARNING: Skipping all source file integrity checks.
==> Extracting sources...
  -> Creating working copy of pflask git repo...
Cloning into 'pflask'...
done.
Switched to a new branch 'makepkg'
==> Starting prepare()...
==> Sources are ready.
Copied source directory to /sources/pflask
===> sudo -u tuscan PATH=/tmp/toolchain/bin:/usr/local/sbin:/usr/local/bin:/usr/sbin:/usr/bin:/sbin:/bin CC=arm-linux-androideabi-gcc CXX=arm-linux-androideabi-g++ SYSROOT=/build/android-ndk-r10e/platforms/android-21/arch-arm makepkg --noextract --syncdeps --skipinteg --skippgpcheck --skipchecksums --noconfirm --nocolor --log --noprogressbar --nocheck
==> Making package: pflask 0.2.20150731-1 (Sat Nov 14 00:18:24 UTC 2015)
==> Checking runtime dependencies...
==> Checking buildtime dependencies...
==> WARNING: Using existing $srcdir/ tree
==> Starting build()...
Setting top to                           : /tmp/pflask/src/pflask 
Setting out to                           : /tmp/pflask/src/pflask/build 
Checking for 'gcc' (C compiler)          : arm-linux-androideabi-gcc 
Checking for header linux/aufs_type.h    : not found 
Checking for program 'pkg-config'        : /usr/sbin/pkg-config 
Checking for 'dbus-1'                    : yes 
Checking for program 'sphinx-build'      : /usr/sbin/sphinx-build 
'configure' finished successfully (0.192s)
Waf: Entering directory `/tmp/pflask/src/pflask/build'
[ 1/18] Compiling src/cgroup.c
[ 2/18] Compiling src/cmdline.c
[ 3/18] Compiling src/dev.c
[ 4/18] Compiling src/machine.c
[ 5/18] Compiling src/mount.c
[ 6/18] Compiling src/netif.c
[ 7/18] Compiling src/nl.c
[ 8/18] Compiling src/path.c
[ 9/18] Compiling src/pflask.c
[10/18] Compiling src/printf.c
[11/18] Compiling src/pty.c
[12/18] Compiling src/sync.c
[13/18] Compiling src/user.c
[14/18] Compiling src/util.c
[15/18] Compiling docs/conf.py.in
[16/18] Processing docs/pflask.rst
[17/18] Processing html docs: docs/index.rst docs/pflask-debuild.rst docs/pflask.rst -> build/docs/html/index.html
../src/printf.c: In function 'do_log':
../src/printf.c:99:21: error: 'LINE_MAX' undeclared (first use in this function)
  static char format[LINE_MAX];
                     ^
../src/printf.c:99:21: note: each undeclared identifier is reported only once for each function it appears in
../src/printf.c:99:14: warning: unused variable 'format' [-Wunused-variable]
  static char format[LINE_MAX];
              ^

../src/user.c:47:8: error: redefinition of 'struct user'
 struct user {
        ^
In file included from /tmp/toolchain/sysroot/usr/include/sys/ucontext.h:33:0,
                 from /tmp/toolchain/sysroot/usr/include/signal.h:51,
                 from /tmp/toolchain/sysroot/usr/include/sys/select.h:35,
                 from /tmp/toolchain/sysroot/usr/include/unistd.h:34,
                 from /tmp/toolchain/sysroot/usr/include/fcntl.h:37,
                 from ../src/user.c:33:
/tmp/toolchain/sysroot/usr/include/sys/user.h:217:8: note: originally defined here
 struct user {
        ^
../src/user.c:57:6: error: conflicting types for 'user_add_map'
 void user_add_map(struct user **users, char type, uid_t id, uid_t host_id,
      ^
In file included from ../src/user.c:42:0:
../src/user.h:33:6: note: previous declaration of 'user_add_map' was here
 void user_add_map(struct user **users, char type, uid_t id, uid_t host_id,
      ^
../src/user.c: In function 'setup_user_map2':
../src/user.c:90:17: warning: format '%lu' expects argument of type 'long unsigned int', but argument 6 has type 'size_t' [-Wformat=]
                 have_cmd ? ' ' : '\n');
                 ^
../src/user.c: At top level:
../src/user.c:121:6: error: conflicting types for 'setup_user_map'
 void setup_user_map(struct user *users, pid_t pid) {
      ^
In file included from ../src/user.c:42:0:
../src/user.h:36:6: note: previous declaration of 'setup_user_map' was here
 void setup_user_map(struct user *users, pid_t pid);
      ^
../src/user.c:145:6: error: conflicting types for 'user_get_mapped_root'
 bool user_get_mapped_root(struct user *users, char type, unsigned *id) {
      ^
In file included from ../src/user.c:42:0:
../src/user.h:39:6: note: previous declaration of 'user_get_mapped_root' was here
 bool user_get_mapped_root(struct user *users, char type, unsigned *id);
      ^

../src/pty.c: In function 'open_master_pty':
../src/pty.c:67:24: warning: call to 'ptsname' declared with attribute warning: ptsname is not thread-safe; use ptsname_r instead [enabled by default]
  *master_name = ptsname(*master_fd);
                        ^

Running Sphinx v1.3.1
loading pickled environment... not yet created
building [mo]: targets for 0 po files that are out of date
building [man]: all manpages
updating environment: 3 added, 0 changed, 0 removed
reading sources... [ 33%] index
reading sources... [ 66%] pflask
reading sources... [100%] pflask-debuild

looking for now-outdated files... none found
pickling environment... done
checking consistency... done
writing... pflask.1 { } pflask-debuild.1 { } 
build succeeded, 3 warnings.

../README.rst:None: WARNING: nonlocal image URI found: https://travis-ci.org/ghedo/pflask.png
/tmp/pflask/src/pflask/docs/pflask.rst:: WARNING: document isn't included in any toctree
/tmp/pflask/src/pflask/docs/pflask-debuild.rst:: WARNING: document isn't included in any toctree

../src/pflask.c: In function 'main':
../src/pflask.c:206:4: warning: implicit declaration of function 'sethostname' [-Wimplicit-function-declaration]
    rc = sethostname(args.hostname_arg,
    ^

Running Sphinx v1.3.1
loading pickled environment... not yet created
building [mo]: targets for 0 po files that are out of date
building [html]: targets for 3 source files that are out of date
updating environment: 3 added, 0 changed, 0 removed
reading sources... [ 33%] index
reading sources... [ 66%] pflask
reading sources... [100%] pflask-debuild

looking for now-outdated files... none found
pickling environment... done
checking consistency... done
preparing documents... done
writing output... [ 33%] index
writing output... [ 66%] pflask
writing output... [100%] pflask-debuild

generating indices... genindex
writing additional pages... search
copying static files... done
copying extra files... done
dumping search index in English (code: en) ... done
dumping object inventory... done
build succeeded, 4 warnings.

../README.rst:None: WARNING: nonlocal image URI found: https://travis-ci.org/ghedo/pflask.png
/tmp/pflask/src/pflask/docs/pflask.rst:: WARNING: document isn't included in any toctree
/tmp/pflask/src/pflask/docs/pflask-debuild.rst:: WARNING: document isn't included in any toctree
WARNING: html_static_path entry '/tmp/pflask/src/pflask/build/docs/_static' does not exist

Waf: Leaving directory `/tmp/pflask/src/pflask/build'
Build failed
 -> task in 'pflask' failed (exit status 1): 
	{task 29702288: c printf.c -> printf.c.1.o}
['arm-linux-androideabi-gcc', '-Wall', '-Wextra', '-pedantic', '-g', '-std=gnu99', '-D_GNU_SOURCE', '-I/tmp/pflask/src/pflask/build/deps', '-I/tmp/pflask/src/pflask/deps', '-I/tmp/pflask/src/pflask/build/src', '-I/tmp/pflask/src/pflask/src', '-I/usr/include/dbus-1.0', '-I/usr/lib/dbus-1.0/include', '-DHAVE_DBUS=1', '../src/printf.c', '-c', '-o', '/tmp/pflask/src/pflask/build/src/printf.c.1.o']
 -> task in 'pflask' failed (exit status 1): 
	{task 29702672: c user.c -> user.c.1.o}
['arm-linux-androideabi-gcc', '-Wall', '-Wextra', '-pedantic', '-g', '-std=gnu99', '-D_GNU_SOURCE', '-I/tmp/pflask/src/pflask/build/deps', '-I/tmp/pflask/src/pflask/deps', '-I/tmp/pflask/src/pflask/build/src', '-I/tmp/pflask/src/pflask/src', '-I/usr/include/dbus-1.0', '-I/usr/lib/dbus-1.0/include', '-DHAVE_DBUS=1', '../src/user.c', '-c', '-o', '/tmp/pflask/src/pflask/build/src/user.c.1.o']
==> ERROR: A failure occurred in build().
    Aborting...
===> Printing config.logs
found log at /tmp/pflask/src/pflask/build/config.log
____
File /tmp/pflask/src/pflask/build/config.log
# project pflask (0.2) configured on Sat Nov 14 00:18:25 2015 by
# waf 1.8.6 (abi 98, python 20705f0 on linux2)
# using ./waf configure
#
----------------------------------------
Setting top to
/tmp/pflask/src/pflask
----------------------------------------
Setting out to
/tmp/pflask/src/pflask/build
----------------------------------------
Checking for 'gcc' (C compiler)
find program='arm-linux-androideabi-gcc' paths=['/tmp/toolchain/bin', '/usr/local/sbin', '/usr/local/bin', '/usr/sbin', '/usr/bin', '/sbin', '/bin'] var='CC' -> ['arm-linux-androideabi-gcc']
find program=['ar'] paths=['/tmp/toolchain/bin', '/usr/local/sbin', '/usr/local/bin', '/usr/sbin', '/usr/bin', '/sbin', '/bin'] var='AR' -> ['/usr/sbin/ar']
arm-linux-androideabi-gcc
----------------------------------------
Checking for header linux/aufs_type.h
==>
#include <linux/aufs_type.h>

int main(int argc, char **argv) {
	(void)argc; (void)argv;
	return 0;
}

<==
[1/2] Compiling build/.conf_check_dda50afbf5be1f4861370155d4683776/test.c

['arm-linux-androideabi-gcc', '-Wall', '-Wextra', '-pedantic', '-g', '-std=gnu99', '-D_GNU_SOURCE', '../test.c', '-c', '-o', '/tmp/pflask/src/pflask/build/.conf_check_dda50afbf5be1f4861370155d4683776/testbuild/test.c.1.o']
err: ../test.c:1:29: fatal error: linux/aufs_type.h: No such file or directory
 #include <linux/aufs_type.h>
                             ^
compilation terminated.

from /tmp/pflask/src/pflask: Test does not build: Traceback (most recent call last):
  File "/tmp/pflask/src/pflask/.waf-1.8.6-815b991931c187cd7c4e2bcfeb5f4a5d/waflib/Configure.py", line 329, in run_build
    bld.compile()
  File "/tmp/pflask/src/pflask/.waf-1.8.6-815b991931c187cd7c4e2bcfeb5f4a5d/waflib/Build.py", line 182, in compile
    raise Errors.BuildError(self.producer.error)
BuildError: Build failed
 -> task in 'testprog' failed (exit status 1): 
	{task 46126288: c test.c -> test.c.1.o}
['arm-linux-androideabi-gcc', '-Wall', '-Wextra', '-pedantic', '-g', '-std=gnu99', '-D_GNU_SOURCE', '../test.c', '-c', '-o', '/tmp/pflask/src/pflask/build/.conf_check_dda50afbf5be1f4861370155d4683776/testbuild/test.c.1.o']

not found
from /tmp/pflask/src/pflask: The configuration failed
----------------------------------------
Checking for program 'pkg-config'
/usr/sbin/pkg-config
find program=['pkg-config'] paths=['/tmp/toolchain/bin', '/usr/local/sbin', '/usr/local/bin', '/usr/sbin', '/usr/bin', '/sbin', '/bin'] var='PKGCONFIG' -> ['/usr/sbin/pkg-config']
----------------------------------------
Checking for 'dbus-1'
['/usr/sbin/pkg-config', '--cflags', '--libs', 'dbus-1']
out: -I/usr/include/dbus-1.0 -I/usr/lib/dbus-1.0/include -ldbus-1

yes
----------------------------------------
Checking for program 'sphinx-build'
/usr/sbin/sphinx-build
find program=['sphinx-build'] paths=['/tmp/toolchain/bin', '/usr/local/sbin', '/usr/local/bin', '/usr/sbin', '/usr/bin', '/sbin', '/bin'] var='SPHINX_BUILD' -> ['/usr/sbin/sphinx-build']

===> Finished printing config.logs></pre></code>
        </body></html>
