        <html><head></head><body>
        <h1>Report for povray on toolchain
            <a href="index.html">android</a>
        </h1>
        <p>Return code: 5</p>
        <p>Time to run: 00:01:50</p>
        <p>Log output:</p>
        <code><pre><docker run --rm -v /tuscan_data --volumes-from tuscan_data -v /sources --volumes-from sources -v /var/cache/pacman/pkg --volumes-from pkg_cache_android -v logs:/logs make_package_container --sources-directory /sources --shared-directory /tuscan_data povray
:: Synchronizing package databases...
downloading repo.db...
downloading core.db...
downloading extra.db...
downloading community.db...
Found 2776 packages in cache
===> sudo -u tuscan makepkg --nobuild --syncdeps --skipinteg --skippgpcheck --skipchecksums --noconfirm --nocolor --log --noprogressbar --nocheck
==> Making package: povray 1:3.7-9 (Sat Nov 14 01:04:42 UTC 2015)
==> Checking runtime dependencies...
==> Installing missing dependencies...
resolving dependencies...
looking for conflicting packages...

Packages (5) icu-56.1-1  libjpeg-turbo-1.4.2-1  boost-libs-1.59.0-3  libpng-1.6.18-1  libtiff-4.0.6-1

Total Installed Size:  47.89 MiB

:: Proceed with installation? [Y/n] 
checking keyring...
checking package integrity...
loading package files...
checking for file conflicts...
checking available disk space...
installing libjpeg-turbo...
installing libtiff...
Optional dependencies for libtiff
    freeglut: for using tiffgt
installing libpng...
installing icu...
installing boost-libs...
Optional dependencies for boost-libs
    openmpi: for mpi support
==> Checking buildtime dependencies...
==> Installing missing dependencies...
resolving dependencies...
looking for conflicting packages...

Packages (1) boost-1.59.0-3

Total Installed Size:  143.72 MiB

:: Proceed with installation? [Y/n] 
checking keyring...
checking package integrity...
loading package files...
checking for file conflicts...
checking available disk space...
installing boost...
Optional dependencies for boost
    python: for python bindings [installed]
    python2: for python2 bindings
    boost-build: to use boost jam for building your project.
==> Retrieving sources...
  -> Downloading povray-3.7.zip...
  -> Found povray3.7.0_rc3-user-conf.patch
==> WARNING: Skipping all source file integrity checks.
==> Extracting sources...
  -> Extracting povray-3.7.zip with bsdtar
==> Starting prepare()...
Detected autoconf 2.69
Unescaped left brace in regex is deprecated, passed through in regex; marked by <-- HERE in m/\${ <-- HERE ([^ \t=:+{}]+)}/ at /usr/bin/automake line 3936.
Detected automake 1.15
Create ../AUTHORS
Create ../ChangeLog
Create ../configure.ac
Create ../COPYING
Create ../NEWS
Create ../README
Create ../VERSION
Create ../povray.1
Create ../povray.conf
Create ../scripts/
Create ../ini/
Create ../include/
Create ../scenes/
Create ../INSTALL
Create ../icons/file_pov_classic_48.png
Create ../icons/file_pov_slick_48.png
Create ../icons/file_pov_slick_16.png
Create ../icons/file_pov_crystal_16.png
Create ../icons/file_inc_crystal_64.png
Create ../icons/file_inc_classic_32.png
Create ../icons/file_inc_slick_32.png
Create ../icons/file_pov_slick_32.png
Create ../icons/povray_32.png
Create ../icons/file_pov_crystal_32.png
Create ../icons/file_pov_slick_64.png
Create ../icons/file_inc_classic_64.png
Create ../icons/file_pov_classic_64.png
Create ../icons/povray_48.png
Create ../icons/file_pov_crystal_64.png
Create ../icons/file_inc_slick_64.png
Create ../icons/povray_64.png
Create ../icons/file_inc_crystal_48.png
Create ../icons/file_inc_slick_48.png
Create ../icons/file_inc_crystal_16.png
Create ../icons/file_pov_crystal_48.png
Create ../icons/file_inc_classic_48.png
Create ../icons/file_pov_classic_32.png
Create ../icons/povray_16.png
Create ../icons/file_pov_classic_16.png
Create ../icons/file_inc_classic_16.png
Create ../icons/file_inc_slick_16.png
Create ../icons/file_inc_crystal_32.png
Create ../doc/html
Create ./Makefile.am
Create ../kde_install.sh
Create ../povray.ini.in
Create ../Makefile.am
Create ../bootstrap
Create ../source/Makefile.am
Removing ../libraries/boost/boost
Create ../vfe/Makefile.am
Run ../bootstrap
+ rm -f config.log config.status
+ aclocal -I .
configure.ac:302: warning: AC_LANG_CONFTEST: no AC_LANG_SOURCE call detected in body
../../lib/autoconf/lang.m4:193: AC_LANG_CONFTEST is expanded from...
../../lib/autoconf/general.m4:2590: _AC_COMPILE_IFELSE is expanded from...
../../lib/autoconf/general.m4:2606: AC_COMPILE_IFELSE is expanded from...
../../lib/m4sugar/m4sh.m4:639: AS_IF is expanded from...
../../lib/autoconf/general.m4:2031: AC_CACHE_VAL is expanded from...
../../lib/autoconf/general.m4:2052: AC_CACHE_CHECK is expanded from...
unix/config/ax_boost_thread.m4:32: AX_BOOST_THREAD is expanded from...
configure.ac:302: the top level
+ autoheader --warnings=all
configure.ac:302: warning: AC_LANG_CONFTEST: no AC_LANG_SOURCE call detected in body
../../lib/autoconf/lang.m4:193: AC_LANG_CONFTEST is expanded from...
../../lib/autoconf/general.m4:2590: _AC_COMPILE_IFELSE is expanded from...
../../lib/autoconf/general.m4:2606: AC_COMPILE_IFELSE is expanded from...
../../lib/m4sugar/m4sh.m4:639: AS_IF is expanded from...
../../lib/autoconf/general.m4:2031: AC_CACHE_VAL is expanded from...
../../lib/autoconf/general.m4:2052: AC_CACHE_CHECK is expanded from...
unix/config/ax_boost_thread.m4:32: AX_BOOST_THREAD is expanded from...
configure.ac:302: the top level
+ automake --add-missing --warnings=all
Unescaped left brace in regex is deprecated, passed through in regex; marked by <-- HERE in m/\${ <-- HERE ([^ \t=:+{}]+)}/ at /usr/bin/automake line 3936.
configure.ac:302: warning: AC_LANG_CONFTEST: no AC_LANG_SOURCE call detected in body
../../lib/autoconf/lang.m4:193: AC_LANG_CONFTEST is expanded from...
../../lib/autoconf/general.m4:2590: _AC_COMPILE_IFELSE is expanded from...
../../lib/autoconf/general.m4:2606: AC_COMPILE_IFELSE is expanded from...
../../lib/m4sugar/m4sh.m4:639: AS_IF is expanded from...
../../lib/autoconf/general.m4:2031: AC_CACHE_VAL is expanded from...
../../lib/autoconf/general.m4:2052: AC_CACHE_CHECK is expanded from...
unix/config/ax_boost_thread.m4:32: AX_BOOST_THREAD is expanded from...
configure.ac:302: the top level
configure.ac:185: installing 'unix/config/compile'
/usr/share/automake-1.15/am/library.am: warning: 'libpovray.a': linking libraries using a non-POSIX
/usr/share/automake-1.15/am/library.am: archiver requires 'AM_PROG_AR' in 'configure.ac'
source/Makefile.am:32:   while processing library 'libpovray.a'
/usr/share/automake-1.15/am/library.am: warning: 'libvfe.a': linking libraries using a non-POSIX
/usr/share/automake-1.15/am/library.am: archiver requires 'AM_PROG_AR' in 'configure.ac'
vfe/Makefile.am:32:   while processing library 'libvfe.a'
+ autoconf --warnings=all
configure.ac:295: warning: The macro `AC_LANG_SAVE' is obsolete.
configure.ac:295: You should run autoupdate.
../../lib/autoconf/lang.m4:125: AC_LANG_SAVE is expanded from...
unix/config/acx_pthread.m4:78: ACX_PTHREAD is expanded from...
configure.ac:295: the top level
configure.ac:295: warning: The macro `AC_LANG_C' is obsolete.
configure.ac:295: You should run autoupdate.
../../lib/autoconf/c.m4:72: AC_LANG_C is expanded from...
unix/config/acx_pthread.m4:78: ACX_PTHREAD is expanded from...
configure.ac:295: the top level
configure.ac:295: warning: The macro `AC_TRY_LINK' is obsolete.
configure.ac:295: You should run autoupdate.
../../lib/autoconf/general.m4:2687: AC_TRY_LINK is expanded from...
unix/config/acx_pthread.m4:78: ACX_PTHREAD is expanded from...
configure.ac:295: the top level
configure.ac:295: warning: The macro `AC_LANG_RESTORE' is obsolete.
configure.ac:295: You should run autoupdate.
../../lib/autoconf/lang.m4:134: AC_LANG_RESTORE is expanded from...
unix/config/acx_pthread.m4:78: ACX_PTHREAD is expanded from...
configure.ac:295: the top level
configure.ac:302: warning: AC_LANG_CONFTEST: no AC_LANG_SOURCE call detected in body
../../lib/autoconf/lang.m4:193: AC_LANG_CONFTEST is expanded from...
../../lib/autoconf/general.m4:2590: _AC_COMPILE_IFELSE is expanded from...
../../lib/autoconf/general.m4:2606: AC_COMPILE_IFELSE is expanded from...
../../lib/m4sugar/m4sh.m4:639: AS_IF is expanded from...
../../lib/autoconf/general.m4:2031: AC_CACHE_VAL is expanded from...
../../lib/autoconf/general.m4:2052: AC_CACHE_CHECK is expanded from...
unix/config/ax_boost_thread.m4:32: AX_BOOST_THREAD is expanded from...
configure.ac:302: the top level
+ cat ./configure
+ sed -e 's,configure.gnu  --help=recursive,& --srcdir=$ac_srcdir,g' -e 's,\(cd \)\($ac_\)\(pop\)*\(dir\),\1"\2\3\4",g' -e 's,$am_aux_dir/missing,\\"$am_aux_dir\\"/missing,g'
+ mv -f ./configure.tmp ./configure
+ chmod +x ./configure
+ rm -f -r ./autom4te.cache
+ rm -f config.log config.status
+ aclocal -I .
configure.ac:302: warning: AC_LANG_CONFTEST: no AC_LANG_SOURCE call detected in body
../../lib/autoconf/lang.m4:193: AC_LANG_CONFTEST is expanded from...
../../lib/autoconf/general.m4:2590: _AC_COMPILE_IFELSE is expanded from...
../../lib/autoconf/general.m4:2606: AC_COMPILE_IFELSE is expanded from...
../../lib/m4sugar/m4sh.m4:639: AS_IF is expanded from...
../../lib/autoconf/general.m4:2031: AC_CACHE_VAL is expanded from...
../../lib/autoconf/general.m4:2052: AC_CACHE_CHECK is expanded from...
unix/config/ax_boost_thread.m4:32: AX_BOOST_THREAD is expanded from...
configure.ac:302: the top level
+ autoheader --warnings=all
configure.ac:302: warning: AC_LANG_CONFTEST: no AC_LANG_SOURCE call detected in body
../../lib/autoconf/lang.m4:193: AC_LANG_CONFTEST is expanded from...
../../lib/autoconf/general.m4:2590: _AC_COMPILE_IFELSE is expanded from...
../../lib/autoconf/general.m4:2606: AC_COMPILE_IFELSE is expanded from...
../../lib/m4sugar/m4sh.m4:639: AS_IF is expanded from...
../../lib/autoconf/general.m4:2031: AC_CACHE_VAL is expanded from...
../../lib/autoconf/general.m4:2052: AC_CACHE_CHECK is expanded from...
unix/config/ax_boost_thread.m4:32: AX_BOOST_THREAD is expanded from...
configure.ac:302: the top level
+ automake --add-missing --warnings=all
Unescaped left brace in regex is deprecated, passed through in regex; marked by <-- HERE in m/\${ <-- HERE ([^ \t=:+{}]+)}/ at /usr/bin/automake line 3936.
configure.ac:302: warning: AC_LANG_CONFTEST: no AC_LANG_SOURCE call detected in body
../../lib/autoconf/lang.m4:193: AC_LANG_CONFTEST is expanded from...
../../lib/autoconf/general.m4:2590: _AC_COMPILE_IFELSE is expanded from...
../../lib/autoconf/general.m4:2606: AC_COMPILE_IFELSE is expanded from...
../../lib/m4sugar/m4sh.m4:639: AS_IF is expanded from...
../../lib/autoconf/general.m4:2031: AC_CACHE_VAL is expanded from...
../../lib/autoconf/general.m4:2052: AC_CACHE_CHECK is expanded from...
unix/config/ax_boost_thread.m4:32: AX_BOOST_THREAD is expanded from...
configure.ac:302: the top level
/usr/share/automake-1.15/am/library.am: warning: 'libpovray.a': linking libraries using a non-POSIX
/usr/share/automake-1.15/am/library.am: archiver requires 'AM_PROG_AR' in 'configure.ac'
source/Makefile.am:32:   while processing library 'libpovray.a'
/usr/share/automake-1.15/am/library.am: warning: 'libvfe.a': linking libraries using a non-POSIX
/usr/share/automake-1.15/am/library.am: archiver requires 'AM_PROG_AR' in 'configure.ac'
vfe/Makefile.am:32:   while processing library 'libvfe.a'
+ autoconf --warnings=all
configure.ac:295: warning: The macro `AC_LANG_SAVE' is obsolete.
configure.ac:295: You should run autoupdate.
../../lib/autoconf/lang.m4:125: AC_LANG_SAVE is expanded from...
unix/config/acx_pthread.m4:78: ACX_PTHREAD is expanded from...
configure.ac:295: the top level
configure.ac:295: warning: The macro `AC_LANG_C' is obsolete.
configure.ac:295: You should run autoupdate.
../../lib/autoconf/c.m4:72: AC_LANG_C is expanded from...
unix/config/acx_pthread.m4:78: ACX_PTHREAD is expanded from...
configure.ac:295: the top level
configure.ac:295: warning: The macro `AC_TRY_LINK' is obsolete.
configure.ac:295: You should run autoupdate.
../../lib/autoconf/general.m4:2687: AC_TRY_LINK is expanded from...
unix/config/acx_pthread.m4:78: ACX_PTHREAD is expanded from...
configure.ac:295: the top level
configure.ac:295: warning: The macro `AC_LANG_RESTORE' is obsolete.
configure.ac:295: You should run autoupdate.
../../lib/autoconf/lang.m4:134: AC_LANG_RESTORE is expanded from...
unix/config/acx_pthread.m4:78: ACX_PTHREAD is expanded from...
configure.ac:295: the top level
configure.ac:302: warning: AC_LANG_CONFTEST: no AC_LANG_SOURCE call detected in body
../../lib/autoconf/lang.m4:193: AC_LANG_CONFTEST is expanded from...
../../lib/autoconf/general.m4:2590: _AC_COMPILE_IFELSE is expanded from...
../../lib/autoconf/general.m4:2606: AC_COMPILE_IFELSE is expanded from...
../../lib/m4sugar/m4sh.m4:639: AS_IF is expanded from...
../../lib/autoconf/general.m4:2031: AC_CACHE_VAL is expanded from...
../../lib/autoconf/general.m4:2052: AC_CACHE_CHECK is expanded from...
unix/config/ax_boost_thread.m4:32: AX_BOOST_THREAD is expanded from...
configure.ac:302: the top level
+ cat ./configure
+ sed -e 's,configure.gnu  --help=recursive,& --srcdir=$ac_srcdir,g' -e 's,\(cd \)\($ac_\)\(pop\)*\(dir\),\1"\2\3\4",g' -e 's,$am_aux_dir/missing,\\"$am_aux_dir\\"/missing,g'
+ mv -f ./configure.tmp ./configure
+ chmod +x ./configure
+ rm -f -r ./autom4te.cache
patching file Makefile.am
Hunk #1 succeeded at 110 (offset 3 lines).
==> Sources are ready.
Copied source directory to /sources/povray
===> sudo -u tuscan PATH=/tmp/toolchain/bin:/usr/local/sbin:/usr/local/bin:/usr/sbin:/usr/bin:/sbin:/bin CC=arm-linux-androideabi-gcc CXX=arm-linux-androideabi-g++ SYSROOT=/build/android-ndk-r10e/platforms/android-21/arch-arm makepkg --noextract --syncdeps --skipinteg --skippgpcheck --skipchecksums --noconfirm --nocolor --log --noprogressbar --nocheck
==> Making package: povray 1:3.7-9 (Sat Nov 14 01:05:25 UTC 2015)
==> Checking runtime dependencies...
==> Checking buildtime dependencies...
==> WARNING: Using existing $srcdir/ tree
==> Starting build()...

===============================================================================
Configure POV-Ray version 3.7.0
===============================================================================

This is an unofficial version compiled by:
 Arch Linux
The POV-Ray Team(tm) is not responsible for supporting this version.

Environment
-----------
checking build system type... x86_64-unknown-linux-gnu
checking host system type... x86_64-unknown-linux-gnu
checking for a BSD-compatible install... /usr/bin/install -c
checking whether build environment is sane... yes
/tmp/povray/src/povray-3.7-stable/unix/config/missing: Unknown `--is-lightweight' option
Try `/tmp/povray/src/povray-3.7-stable/unix/config/missing --help' for more information
configure: WARNING: 'missing' script is too old or missing
checking for x86_64-unknown-linux-strip... no
checking for strip... strip
checking for a thread-safe mkdir -p... /usr/sbin/mkdir -p
checking for gawk... gawk
checking whether make sets $(MAKE)... yes
checking whether make supports nested variables... yes
checking whether to enable maintainer-specific portions of Makefiles... no
checking whether $C_INCLUDE_PATH contains the "." path... no
checking whether $CPLUS_INCLUDE_PATH contains the "." path... no

Programs
--------
checking for x86_64-unknown-linux-gcc... arm-linux-androideabi-gcc
checking whether the C compiler works... no
configure: error: in `/tmp/povray/src/povray-3.7-stable':
configure: error: C compiler cannot create executables
See `config.log' for more details
==> ERROR: A failure occurred in build().
    Aborting...
===> Printing config.logs
found log at /tmp/povray/src/povray-3.7-stable/config.log
____
File /tmp/povray/src/povray-3.7-stable/config.log
This file contains any messages produced by compilers while
running configure, to aid debugging if configure makes a mistake.

It was created by POV-Ray configure 3.7.0, which was
generated by GNU Autoconf 2.69.  Invocation command line was

  $ ./configure --host x86_64-unknown-linux LIBS=-lboost_system -lboost_thread COMPILED_BY=Arch Linux --prefix=/usr --sysconfdir=/etc

## --------- ##
## Platform. ##
## --------- ##

hostname = f493f0f0f7f6
uname -m = x86_64
uname -r = 3.13.0-66-generic
uname -s = Linux
uname -v = #108-Ubuntu SMP Wed Oct 7 15:20:27 UTC 2015

/usr/bin/uname -p = unknown
/bin/uname -X     = unknown

/bin/arch              = unknown
/usr/bin/arch -k       = unknown
/usr/convex/getsysinfo = unknown
/usr/bin/hostinfo      = unknown
/bin/machine           = unknown
/usr/bin/oslevel       = unknown
/bin/universe          = unknown

PATH: /tmp/toolchain/bin
PATH: /usr/local/sbin
PATH: /usr/local/bin
PATH: /usr/sbin
PATH: /usr/bin
PATH: /sbin
PATH: /bin


## ----------- ##
## Core tests. ##
## ----------- ##

configure:3706: result:
===============================================================================
Configure POV-Ray version 3.7.0
===============================================================================

This is an unofficial version compiled by:
 Arch Linux
The POV-Ray Team(tm) is not responsible for supporting this version.
configure:3727: result:
Environment
-----------
configure:3736: checking build system type
configure:3750: result: x86_64-unknown-linux-gnu
configure:3770: checking host system type
configure:3783: result: x86_64-unknown-linux-gnu
configure:3820: checking for a BSD-compatible install
configure:3888: result: /usr/bin/install -c
configure:3899: checking whether build environment is sane
configure:3954: result: yes
configure:3992: WARNING: 'missing' script is too old or missing
configure:4013: checking for x86_64-unknown-linux-strip
configure:4043: result: no
configure:4053: checking for strip
configure:4069: found /usr/sbin/strip
configure:4080: result: strip
configure:4105: checking for a thread-safe mkdir -p
configure:4144: result: /usr/sbin/mkdir -p
configure:4151: checking for gawk
configure:4167: found /usr/sbin/gawk
configure:4178: result: gawk
configure:4189: checking whether make sets $(MAKE)
configure:4211: result: yes
configure:4240: checking whether make supports nested variables
configure:4257: result: yes
configure:4384: checking whether to enable maintainer-specific portions of Makefiles
configure:4393: result: no
ax_fix_incorrect_path_regexp = [=:]*\.:*
ax_fix_incorrect_path_old =
ax_fix_incorrect_path_new =
configure:4420: checking whether $C_INCLUDE_PATH contains the "." path
configure:4430: result: no
ax_fix_incorrect_path_regexp = [=:]*\.:*
ax_fix_incorrect_path_old =
ax_fix_incorrect_path_new =
configure:4448: checking whether $CPLUS_INCLUDE_PATH contains the "." path
configure:4458: result: no
configure:4469: result:
Programs
--------
configure:4485: checking for x86_64-unknown-linux-gcc
configure:4512: result: arm-linux-androideabi-gcc
configure:4781: checking for C compiler version
configure:4790: arm-linux-androideabi-gcc --version >&5
arm-linux-androideabi-gcc (GCC) 4.8
Copyright (C) 2013 Free Software Foundation, Inc.
This is free software; see the source for copying conditions.  There is NO
warranty; not even for MERCHANTABILITY or FITNESS FOR A PARTICULAR PURPOSE.

configure:4801: $? = 0
configure:4790: arm-linux-androideabi-gcc -v >&5
Using built-in specs.
COLLECT_GCC=arm-linux-androideabi-gcc
COLLECT_LTO_WRAPPER=/tmp/toolchain/bin/../libexec/gcc/arm-linux-androideabi/4.8/lto-wrapper
Target: arm-linux-androideabi
Configured with: /s/ndk-toolchain/src/build/../gcc/gcc-4.8/configure --prefix=/tmp/ndk-andrewhsieh/build/toolchain/prefix --target=arm-linux-androideabi --host=x86_64-linux-gnu --build=x86_64-linux-gnu --with-gnu-as --with-gnu-ld --enable-languages=c,c++ --with-gmp=/tmp/ndk-andrewhsieh/build/toolchain/temp-install --with-mpfr=/tmp/ndk-andrewhsieh/build/toolchain/temp-install --with-mpc=/tmp/ndk-andrewhsieh/build/toolchain/temp-install --with-cloog=/tmp/ndk-andrewhsieh/build/toolchain/temp-install --with-isl=/tmp/ndk-andrewhsieh/build/toolchain/temp-install --with-ppl=/tmp/ndk-andrewhsieh/build/toolchain/temp-install --disable-ppl-version-check --disable-cloog-version-check --disable-isl-version-check --enable-cloog-backend=isl --with-host-libstdcxx='-static-libgcc -Wl,-Bstatic,-lstdc++,-Bdynamic -lm' --disable-libssp --enable-threads --disable-nls --disable-libmudflap --disable-libgomp --disable-libstdc__-v3 --disable-sjlj-exceptions --disable-shared --disable-tls --disable-libitm --with-float=soft --with-fpu=vfp --with-arch=armv5te --enable-target-optspace --enable-initfini-array --disable-nls --prefix=/tmp/ndk-andrewhsieh/build/toolchain/prefix --with-sysroot=/tmp/ndk-andrewhsieh/build/toolchain/prefix/sysroot --with-binutils-version=2.25 --with-mpfr-version=3.1.1 --with-mpc-version=1.0.1 --with-gmp-version=5.0.5 --with-gcc-version=4.8 --with-gdb-version=7.7 --with-python=/usr/local/google/home/andrewhsieh/mydroid/ndk/prebuilt/linux-x86_64/bin/python-config.sh --with-gxx-include-dir=/tmp/ndk-andrewhsieh/build/toolchain/prefix/include/c++/4.8 --with-bugurl=http://source.android.com/source/report-bugs.html --enable-languages=c,c++ --disable-bootstrap --enable-plugins --enable-libgomp --enable-gnu-indirect-function --disable-libsanitizer --enable-gold --enable-threads --enable-graphite=yes --with-cloog-version=0.18.0 --with-isl-version=0.11.1 --enable-eh-frame-hdr-for-static --with-arch=armv5te --program-transform-name='s&^&arm-linux-androideabi-&' --enable-gold=default
Thread model: posix
gcc version 4.8 (GCC) 
configure:4801: $? = 0
configure:4790: arm-linux-androideabi-gcc -V >&5
arm-linux-androideabi-gcc: error: unrecognized command line option '-V'
arm-linux-androideabi-gcc: fatal error: no input files
compilation terminated.
configure:4801: $? = 1
configure:4790: arm-linux-androideabi-gcc -qversion >&5
arm-linux-androideabi-gcc: error: unrecognized command line option '-qversion'
arm-linux-androideabi-gcc: fatal error: no input files
compilation terminated.
configure:4801: $? = 1
configure:4821: checking whether the C compiler works
configure:4843: arm-linux-androideabi-gcc    conftest.c -lboost_system -lboost_thread >&5
/tmp/toolchain/bin/../lib/gcc/arm-linux-androideabi/4.8/../../../../arm-linux-androideabi/bin/ld: error: cannot find -lboost_system
/tmp/toolchain/bin/../lib/gcc/arm-linux-androideabi/4.8/../../../../arm-linux-androideabi/bin/ld: error: cannot find -lboost_thread
collect2: error: ld returned 1 exit status
configure:4847: $? = 1
configure:4885: result: no
configure: failed program was:
| /* confdefs.h */
| #define PACKAGE_NAME "POV-Ray"
| #define PACKAGE_TARNAME "povray"
| #define PACKAGE_VERSION "3.7.0"
| #define PACKAGE_STRING "POV-Ray 3.7.0"
| #define PACKAGE_BUGREPORT "unix-bugreports-2011@povray.org"
| #define PACKAGE_URL ""
| #define VERSION_BASE "3.7"
| #define DISTRIBUTION_MESSAGE_2 " Arch Linux"
| #define PACKAGE "povray"
| #define VERSION "3.7.0"
| /* end confdefs.h.  */
| 
| int
| main ()
| {
| 
|   ;
|   return 0;
| }
configure:4890: error: in `/tmp/povray/src/povray-3.7-stable':
configure:4892: error: C compiler cannot create executables
See `config.log' for more details

## ---------------- ##
## Cache variables. ##
## ---------------- ##

ac_cv_build=x86_64-unknown-linux-gnu
ac_cv_env_C99_COMPATIBLE_RADIOSITY_set=
ac_cv_env_C99_COMPATIBLE_RADIOSITY_value=
ac_cv_env_CCC_set=
ac_cv_env_CCC_value=
ac_cv_env_CC_set=set
ac_cv_env_CC_value=arm-linux-androideabi-gcc
ac_cv_env_CFLAGS_set=set
ac_cv_env_CFLAGS_value=
ac_cv_env_COMPILED_BY_set=set
ac_cv_env_COMPILED_BY_value='Arch Linux'
ac_cv_env_CPPFLAGS_set=set
ac_cv_env_CPPFLAGS_value=
ac_cv_env_CPP_set=
ac_cv_env_CPP_value=
ac_cv_env_CXXCPP_set=
ac_cv_env_CXXCPP_value=
ac_cv_env_CXXFLAGS_set=set
ac_cv_env_CXXFLAGS_value=
ac_cv_env_CXX_set=set
ac_cv_env_CXX_value=arm-linux-androideabi-g++
ac_cv_env_LDFLAGS_set=set
ac_cv_env_LDFLAGS_value=
ac_cv_env_LIBS_set=set
ac_cv_env_LIBS_value='-lboost_system -lboost_thread'
ac_cv_env_NON_REDISTRIBUTABLE_BUILD_set=
ac_cv_env_NON_REDISTRIBUTABLE_BUILD_value=
ac_cv_env_XMKMF_set=
ac_cv_env_XMKMF_value=
ac_cv_env_build_alias_set=
ac_cv_env_build_alias_value=
ac_cv_env_host_alias_set=set
ac_cv_env_host_alias_value=x86_64-unknown-linux
ac_cv_env_target_alias_set=
ac_cv_env_target_alias_value=
ac_cv_host=x86_64-unknown-linux-gnu
ac_cv_path_install='/usr/bin/install -c'
ac_cv_path_mkdir=/usr/sbin/mkdir
ac_cv_prog_AWK=gawk
ac_cv_prog_CC=arm-linux-androideabi-gcc
ac_cv_prog_ac_ct_STRIP=strip
ac_cv_prog_make_make_set=yes
am_cv_make_support_nested_variables=yes

## ----------------- ##
## Output variables. ##
## ----------------- ##

ACLOCAL='aclocal-1.15'
AMDEPBACKSLASH=''
AMDEP_FALSE=''
AMDEP_TRUE=''
AMTAR='$${TAR-tar}'
AM_BACKSLASH='\'
AM_DEFAULT_V='$(AM_DEFAULT_VERBOSITY)'
AM_DEFAULT_VERBOSITY='1'
AM_V='$(V)'
AUTOCONF='autoconf'
AUTOHEADER='autoheader'
AUTOMAKE='automake-1.15'
AWK='gawk'
BOOST_CPPFLAGS=''
BOOST_LDFLAGS=''
BOOST_THREAD_LIB=''
C99_COMPATIBLE_RADIOSITY=''
CC='arm-linux-androideabi-gcc'
CCDEPMODE=''
CFLAGS=''
COMPILED_BY='Arch Linux'
CPLUS_INCLUDE_PATH=''
CPP=''
CPPFLAGS=''
CXX='arm-linux-androideabi-g++'
CXXCPP=''
CXXDEPMODE=''
CXXFLAGS=''
CYGPATH_W='echo'
C_INCLUDE_PATH=''
DEFS=''
DEPDIR=''
ECHO_C=''
ECHO_N='-n'
ECHO_T=''
EGREP=''
EXEEXT=''
GREP=''
INSTALL_DATA='${INSTALL} -m 644'
INSTALL_PROGRAM='${INSTALL}'
INSTALL_SCRIPT='${INSTALL}'
INSTALL_STRIP_PROGRAM='$(install_sh) -c -s'
LDFLAGS=''
LIBOBJS=''
LIBS='-lboost_system -lboost_thread'
LTLIBOBJS=''
MAINT='#'
MAINTAINER_MODE_FALSE=''
MAINTAINER_MODE_TRUE='#'
MAKEINFO='makeinfo'
MKDIR_P='/usr/sbin/mkdir -p'
NON_REDISTRIBUTABLE_BUILD=''
OBJEXT=''
PACKAGE='povray'
PACKAGE_BUGREPORT='unix-bugreports-2011@povray.org'
PACKAGE_NAME='POV-Ray'
PACKAGE_STRING='POV-Ray 3.7.0'
PACKAGE_TARNAME='povray'
PACKAGE_URL=''
PACKAGE_VERSION='3.7.0'
PATH_SEPARATOR=':'
PKGCONFIG=''
PTHREAD_CC=''
PTHREAD_CFLAGS=''
PTHREAD_LIBS=''
RANLIB=''
SDLCONFIG=''
SET_MAKE=''
SHELL='/bin/sh'
STRIP='strip'
VERSION='3.7.0'
VERSION_BASE='3.7'
XMKMF=''
X_CFLAGS=''
X_EXTRA_LIBS=''
X_LIBS=''
X_PRE_LIBS=''
ac_ct_CC=''
ac_ct_CXX=''
acx_pthread_config=''
am__EXEEXT_FALSE=''
am__EXEEXT_TRUE=''
am__fastdepCC_FALSE=''
am__fastdepCC_TRUE=''
am__fastdepCXX_FALSE=''
am__fastdepCXX_TRUE=''
am__include=''
am__isrc=''
am__leading_dot='.'
am__nodep=''
am__quote=''
am__tar='$${TAR-tar} chof - "$$tardir"'
am__untar='$${TAR-tar} xf -'
bindir='${exec_prefix}/bin'
build='x86_64-unknown-linux-gnu'
build_alias=''
build_cpu='x86_64'
build_os='linux-gnu'
build_vendor='unknown'
datadir='${datarootdir}'
datarootdir='${prefix}/share'
docdir='${datarootdir}/doc/${PACKAGE_TARNAME}'
dvidir='${docdir}'
exec_prefix='NONE'
host='x86_64-unknown-linux-gnu'
host_alias='x86_64-unknown-linux'
host_cpu='x86_64'
host_os='linux-gnu'
host_vendor='unknown'
htmldir='${docdir}'
includedir='${prefix}/include'
infodir='${datarootdir}/info'
install_sh='${SHELL} /tmp/povray/src/povray-3.7-stable/unix/config/install-sh'
libdir='${exec_prefix}/lib'
libexecdir='${exec_prefix}/libexec'
localedir='${datarootdir}/locale'
localstatedir='${prefix}/var'
mandir='${datarootdir}/man'
mkdir_p='$(MKDIR_P)'
oldincludedir='/usr/include'
pdfdir='${docdir}'
povgroup=''
povowner=''
prefix='/usr'
program_transform_name='s,x,x,'
psdir='${docdir}'
sbindir='${exec_prefix}/sbin'
sharedstatedir='${prefix}/com'
sysconfdir='/etc'
target_alias=''

## ----------- ##
## confdefs.h. ##
## ----------- ##

/* confdefs.h */
#define PACKAGE_NAME "POV-Ray"
#define PACKAGE_TARNAME "povray"
#define PACKAGE_VERSION "3.7.0"
#define PACKAGE_STRING "POV-Ray 3.7.0"
#define PACKAGE_BUGREPORT "unix-bugreports-2011@povray.org"
#define PACKAGE_URL ""
#define VERSION_BASE "3.7"
#define DISTRIBUTION_MESSAGE_2 " Arch Linux"
#define PACKAGE "povray"
#define VERSION "3.7.0"

configure: exit 77

===> Finished printing config.logs></pre></code>
        </body></html>
