        <html><head></head><body>
        <h1>Report for python-pyzmq on toolchain
            <a href="index.html">android</a>
        </h1>
        <p>Return code: 5</p>
        <p>Time to run: 00:00:50</p>
        <p>Log output:</p>
        <code><pre><docker run --rm -v /tuscan_data --volumes-from tuscan_data -v /sources --volumes-from sources -v /var/cache/pacman/pkg --volumes-from pkg_cache_android -v logs:/logs make_package_container --sources-directory /sources --shared-directory /tuscan_data python-pyzmq
:: Synchronizing package databases...
downloading repo.db...
downloading core.db...
downloading extra.db...
downloading community.db...
Found 2178 packages in cache
===> sudo -u tuscan makepkg --nobuild --syncdeps --skipinteg --skippgpcheck --skipchecksums --noconfirm --nocolor --log --noprogressbar --nocheck
==> Making package: python-pyzmq 14.7.0-2 (Sat Nov 14 00:06:42 UTC 2015)
==> Checking runtime dependencies...
==> Installing missing dependencies...
resolving dependencies...
looking for conflicting packages...

Packages (3) libpgm-5.2.122-2  libsodium-1.0.6-1  zeromq-4.1.3-2

Total Installed Size:  2.75 MiB

:: Proceed with installation? [Y/n] 
checking keyring...
checking package integrity...
loading package files...
checking for file conflicts...
checking available disk space...
installing libsodium...
installing libpgm...
installing zeromq...
==> Checking buildtime dependencies...
==> Installing missing dependencies...
resolving dependencies...
looking for conflicting packages...

Packages (2) sqlite-3.9.2-1  python2-2.7.10-2

Total Installed Size:  75.75 MiB

:: Proceed with installation? [Y/n] 
checking keyring...
checking package integrity...
loading package files...
checking for file conflicts...
checking available disk space...
installing sqlite...
installing python2...
Optional dependencies for python2
    tk: for IDLE
    python2-setuptools
    python2-pip
==> Retrieving sources...
  -> Downloading pyzmq-14.7.0.tar.gz...
==> WARNING: Skipping all source file integrity checks.
==> Extracting sources...
  -> Extracting pyzmq-14.7.0.tar.gz with bsdtar
==> Starting prepare()...
==> Sources are ready.
Copied source directory to /sources/python-pyzmq
===> sudo -u tuscan PATH=/tmp/toolchain/bin:/usr/local/sbin:/usr/local/bin:/usr/sbin:/usr/bin:/sbin:/bin CC=arm-linux-androideabi-gcc CXX=arm-linux-androideabi-g++ SYSROOT=/build/android-ndk-r10e/platforms/android-21/arch-arm makepkg --noextract --syncdeps --skipinteg --skippgpcheck --skipchecksums --noconfirm --nocolor --log --noprogressbar --nocheck
==> Making package: python-pyzmq 14.7.0-2 (Sat Nov 14 00:06:57 UTC 2015)
==> Checking runtime dependencies...
==> Checking buildtime dependencies...
==> WARNING: Using existing $srcdir/ tree
==> Starting build()...
==> Entering fakeroot environment...
==> Starting package_python2-pyzmq()...
running install
running build
running build_py
creating build
creating build/lib.linux-x86_64-2.7
creating build/lib.linux-x86_64-2.7/zmq
copying zmq/__init__.py -> build/lib.linux-x86_64-2.7/zmq
copying zmq/error.py -> build/lib.linux-x86_64-2.7/zmq
creating build/lib.linux-x86_64-2.7/zmq/tests
copying zmq/tests/test_zmqstream.py -> build/lib.linux-x86_64-2.7/zmq/tests
copying zmq/tests/test_log.py -> build/lib.linux-x86_64-2.7/zmq/tests
copying zmq/tests/test_auth.py -> build/lib.linux-x86_64-2.7/zmq/tests
copying zmq/tests/test_security.py -> build/lib.linux-x86_64-2.7/zmq/tests
copying zmq/tests/test_context.py -> build/lib.linux-x86_64-2.7/zmq/tests
copying zmq/tests/test_win32_shim.py -> build/lib.linux-x86_64-2.7/zmq/tests
copying zmq/tests/test_cffi_backend.py -> build/lib.linux-x86_64-2.7/zmq/tests
copying zmq/tests/test_multipart.py -> build/lib.linux-x86_64-2.7/zmq/tests
copying zmq/tests/test_constants.py -> build/lib.linux-x86_64-2.7/zmq/tests
copying zmq/tests/test_reqrep.py -> build/lib.linux-x86_64-2.7/zmq/tests
copying zmq/tests/__init__.py -> build/lib.linux-x86_64-2.7/zmq/tests
copying zmq/tests/test_stopwatch.py -> build/lib.linux-x86_64-2.7/zmq/tests
copying zmq/tests/test_pair.py -> build/lib.linux-x86_64-2.7/zmq/tests
copying zmq/tests/test_monitor.py -> build/lib.linux-x86_64-2.7/zmq/tests
copying zmq/tests/test_socket.py -> build/lib.linux-x86_64-2.7/zmq/tests
copying zmq/tests/test_version.py -> build/lib.linux-x86_64-2.7/zmq/tests
copying zmq/tests/test_monqueue.py -> build/lib.linux-x86_64-2.7/zmq/tests
copying zmq/tests/test_error.py -> build/lib.linux-x86_64-2.7/zmq/tests
copying zmq/tests/test_retry_eintr.py -> build/lib.linux-x86_64-2.7/zmq/tests
copying zmq/tests/test_etc.py -> build/lib.linux-x86_64-2.7/zmq/tests
copying zmq/tests/test_message.py -> build/lib.linux-x86_64-2.7/zmq/tests
copying zmq/tests/test_imports.py -> build/lib.linux-x86_64-2.7/zmq/tests
copying zmq/tests/test_ioloop.py -> build/lib.linux-x86_64-2.7/zmq/tests
copying zmq/tests/test_poll.py -> build/lib.linux-x86_64-2.7/zmq/tests
copying zmq/tests/test_device.py -> build/lib.linux-x86_64-2.7/zmq/tests
copying zmq/tests/test_z85.py -> build/lib.linux-x86_64-2.7/zmq/tests
copying zmq/tests/test_pubsub.py -> build/lib.linux-x86_64-2.7/zmq/tests
creating build/lib.linux-x86_64-2.7/zmq/green
copying zmq/green/__init__.py -> build/lib.linux-x86_64-2.7/zmq/green
copying zmq/green/poll.py -> build/lib.linux-x86_64-2.7/zmq/green
copying zmq/green/core.py -> build/lib.linux-x86_64-2.7/zmq/green
copying zmq/green/device.py -> build/lib.linux-x86_64-2.7/zmq/green
creating build/lib.linux-x86_64-2.7/zmq/green/eventloop
copying zmq/green/eventloop/ioloop.py -> build/lib.linux-x86_64-2.7/zmq/green/eventloop
copying zmq/green/eventloop/zmqstream.py -> build/lib.linux-x86_64-2.7/zmq/green/eventloop
copying zmq/green/eventloop/__init__.py -> build/lib.linux-x86_64-2.7/zmq/green/eventloop
creating build/lib.linux-x86_64-2.7/zmq/devices
copying zmq/devices/monitoredqueue.py -> build/lib.linux-x86_64-2.7/zmq/devices
copying zmq/devices/proxydevice.py -> build/lib.linux-x86_64-2.7/zmq/devices
copying zmq/devices/basedevice.py -> build/lib.linux-x86_64-2.7/zmq/devices
copying zmq/devices/monitoredqueuedevice.py -> build/lib.linux-x86_64-2.7/zmq/devices
copying zmq/devices/__init__.py -> build/lib.linux-x86_64-2.7/zmq/devices
creating build/lib.linux-x86_64-2.7/zmq/sugar
copying zmq/sugar/attrsettr.py -> build/lib.linux-x86_64-2.7/zmq/sugar
copying zmq/sugar/socket.py -> build/lib.linux-x86_64-2.7/zmq/sugar
copying zmq/sugar/tracker.py -> build/lib.linux-x86_64-2.7/zmq/sugar
copying zmq/sugar/version.py -> build/lib.linux-x86_64-2.7/zmq/sugar
copying zmq/sugar/__init__.py -> build/lib.linux-x86_64-2.7/zmq/sugar
copying zmq/sugar/poll.py -> build/lib.linux-x86_64-2.7/zmq/sugar
copying zmq/sugar/context.py -> build/lib.linux-x86_64-2.7/zmq/sugar
copying zmq/sugar/constants.py -> build/lib.linux-x86_64-2.7/zmq/sugar
copying zmq/sugar/frame.py -> build/lib.linux-x86_64-2.7/zmq/sugar
creating build/lib.linux-x86_64-2.7/zmq/utils
copying zmq/utils/sixcerpt.py -> build/lib.linux-x86_64-2.7/zmq/utils
copying zmq/utils/garbage.py -> build/lib.linux-x86_64-2.7/zmq/utils
copying zmq/utils/interop.py -> build/lib.linux-x86_64-2.7/zmq/utils
copying zmq/utils/z85.py -> build/lib.linux-x86_64-2.7/zmq/utils
copying zmq/utils/jsonapi.py -> build/lib.linux-x86_64-2.7/zmq/utils
copying zmq/utils/__init__.py -> build/lib.linux-x86_64-2.7/zmq/utils
copying zmq/utils/constant_names.py -> build/lib.linux-x86_64-2.7/zmq/utils
copying zmq/utils/monitor.py -> build/lib.linux-x86_64-2.7/zmq/utils
copying zmq/utils/win32.py -> build/lib.linux-x86_64-2.7/zmq/utils
copying zmq/utils/strtypes.py -> build/lib.linux-x86_64-2.7/zmq/utils
creating build/lib.linux-x86_64-2.7/zmq/backend
copying zmq/backend/__init__.py -> build/lib.linux-x86_64-2.7/zmq/backend
copying zmq/backend/select.py -> build/lib.linux-x86_64-2.7/zmq/backend
creating build/lib.linux-x86_64-2.7/zmq/backend/cython
copying zmq/backend/cython/__init__.py -> build/lib.linux-x86_64-2.7/zmq/backend/cython
creating build/lib.linux-x86_64-2.7/zmq/backend/cffi
copying zmq/backend/cffi/socket.py -> build/lib.linux-x86_64-2.7/zmq/backend/cffi
copying zmq/backend/cffi/_cffi.py -> build/lib.linux-x86_64-2.7/zmq/backend/cffi
copying zmq/backend/cffi/__init__.py -> build/lib.linux-x86_64-2.7/zmq/backend/cffi
copying zmq/backend/cffi/_poll.py -> build/lib.linux-x86_64-2.7/zmq/backend/cffi
copying zmq/backend/cffi/message.py -> build/lib.linux-x86_64-2.7/zmq/backend/cffi
copying zmq/backend/cffi/context.py -> build/lib.linux-x86_64-2.7/zmq/backend/cffi
copying zmq/backend/cffi/utils.py -> build/lib.linux-x86_64-2.7/zmq/backend/cffi
copying zmq/backend/cffi/constants.py -> build/lib.linux-x86_64-2.7/zmq/backend/cffi
copying zmq/backend/cffi/error.py -> build/lib.linux-x86_64-2.7/zmq/backend/cffi
copying zmq/backend/cffi/devices.py -> build/lib.linux-x86_64-2.7/zmq/backend/cffi
creating build/lib.linux-x86_64-2.7/zmq/log
copying zmq/log/handlers.py -> build/lib.linux-x86_64-2.7/zmq/log
copying zmq/log/__init__.py -> build/lib.linux-x86_64-2.7/zmq/log
creating build/lib.linux-x86_64-2.7/zmq/ssh
copying zmq/ssh/tunnel.py -> build/lib.linux-x86_64-2.7/zmq/ssh
copying zmq/ssh/__init__.py -> build/lib.linux-x86_64-2.7/zmq/ssh
copying zmq/ssh/forward.py -> build/lib.linux-x86_64-2.7/zmq/ssh
creating build/lib.linux-x86_64-2.7/zmq/auth
copying zmq/auth/ioloop.py -> build/lib.linux-x86_64-2.7/zmq/auth
copying zmq/auth/__init__.py -> build/lib.linux-x86_64-2.7/zmq/auth
copying zmq/auth/base.py -> build/lib.linux-x86_64-2.7/zmq/auth
copying zmq/auth/thread.py -> build/lib.linux-x86_64-2.7/zmq/auth
copying zmq/auth/certs.py -> build/lib.linux-x86_64-2.7/zmq/auth
creating build/lib.linux-x86_64-2.7/zmq/eventloop
copying zmq/eventloop/ioloop.py -> build/lib.linux-x86_64-2.7/zmq/eventloop
copying zmq/eventloop/zmqstream.py -> build/lib.linux-x86_64-2.7/zmq/eventloop
copying zmq/eventloop/__init__.py -> build/lib.linux-x86_64-2.7/zmq/eventloop
creating build/lib.linux-x86_64-2.7/zmq/eventloop/minitornado
copying zmq/eventloop/minitornado/concurrent.py -> build/lib.linux-x86_64-2.7/zmq/eventloop/minitornado
copying zmq/eventloop/minitornado/util.py -> build/lib.linux-x86_64-2.7/zmq/eventloop/minitornado
copying zmq/eventloop/minitornado/ioloop.py -> build/lib.linux-x86_64-2.7/zmq/eventloop/minitornado
copying zmq/eventloop/minitornado/__init__.py -> build/lib.linux-x86_64-2.7/zmq/eventloop/minitornado
copying zmq/eventloop/minitornado/stack_context.py -> build/lib.linux-x86_64-2.7/zmq/eventloop/minitornado
copying zmq/eventloop/minitornado/log.py -> build/lib.linux-x86_64-2.7/zmq/eventloop/minitornado
creating build/lib.linux-x86_64-2.7/zmq/eventloop/minitornado/platform
copying zmq/eventloop/minitornado/platform/auto.py -> build/lib.linux-x86_64-2.7/zmq/eventloop/minitornado/platform
copying zmq/eventloop/minitornado/platform/posix.py -> build/lib.linux-x86_64-2.7/zmq/eventloop/minitornado/platform
copying zmq/eventloop/minitornado/platform/__init__.py -> build/lib.linux-x86_64-2.7/zmq/eventloop/minitornado/platform
copying zmq/eventloop/minitornado/platform/interface.py -> build/lib.linux-x86_64-2.7/zmq/eventloop/minitornado/platform
copying zmq/eventloop/minitornado/platform/common.py -> build/lib.linux-x86_64-2.7/zmq/eventloop/minitornado/platform
copying zmq/eventloop/minitornado/platform/windows.py -> build/lib.linux-x86_64-2.7/zmq/eventloop/minitornado/platform
copying zmq/devices/monitoredqueue.pxd -> build/lib.linux-x86_64-2.7/zmq/devices
copying zmq/utils/buffers.pxd -> build/lib.linux-x86_64-2.7/zmq/utils
copying zmq/utils/getpid_compat.h -> build/lib.linux-x86_64-2.7/zmq/utils
copying zmq/utils/zmq_compat.h -> build/lib.linux-x86_64-2.7/zmq/utils
copying zmq/utils/ipcmaxlen.h -> build/lib.linux-x86_64-2.7/zmq/utils
copying zmq/utils/pyversion_compat.h -> build/lib.linux-x86_64-2.7/zmq/utils
copying zmq/utils/zmq_constants.h -> build/lib.linux-x86_64-2.7/zmq/utils
copying zmq/backend/cython/context.pxd -> build/lib.linux-x86_64-2.7/zmq/backend/cython
copying zmq/backend/cython/message.pxd -> build/lib.linux-x86_64-2.7/zmq/backend/cython
copying zmq/backend/cython/socket.pxd -> build/lib.linux-x86_64-2.7/zmq/backend/cython
copying zmq/backend/cython/utils.pxd -> build/lib.linux-x86_64-2.7/zmq/backend/cython
copying zmq/backend/cython/libzmq.pxd -> build/lib.linux-x86_64-2.7/zmq/backend/cython
copying zmq/backend/cython/checkrc.pxd -> build/lib.linux-x86_64-2.7/zmq/backend/cython
copying zmq/backend/cffi/_cdefs.h -> build/lib.linux-x86_64-2.7/zmq/backend/cffi
copying zmq/backend/cffi/_verify.c -> build/lib.linux-x86_64-2.7/zmq/backend/cffi
running build_ext
running configure
Using zmq-prefix /usr (found via pkg-config).
arm-linux-androideabi-gcc -DNDEBUG -fwrapv -O3 -Wall -Wstrict-prototypes -fPIC -I/usr/include -c build/temp.linux-x86_64-2.7/scratch/check_sys_un.c -o build/temp.linux-x86_64-2.7/scratch/check_sys_un.o
In file included from /usr/include/features.h:389:0,
                 from /usr/include/stdio.h:27,
                 from build/temp.linux-x86_64-2.7/scratch/check_sys_un.c:1:
/usr/include/gnu/stubs.h:7:27: fatal error: gnu/stubs-32.h: No such file or directory
 # include <gnu/stubs-32.h>
                           ^
compilation terminated.
Warning: No sys/un.h, IPC_PATH_MAX_LEN will be undefined: command 'arm-linux-androideabi-gcc' failed with exit status 1
Configure: Autodetecting ZMQ settings...
    Custom ZMQ dir:       
************************************************
creating build/temp.linux-x86_64-2.7/scratch/tmp
cc -c /tmp/timer_createNftFW5.c -o build/temp.linux-x86_64-2.7/scratch/tmp/timer_createNftFW5.o
/tmp/timer_createNftFW5.c:1:1: warning: return type defaults to 'int' [-Wimplicit-int]
 main (int argc, char **argv) {
 ^
/tmp/timer_createNftFW5.c: In function 'main':
/tmp/timer_createNftFW5.c:2:5: warning: implicit declaration of function 'timer_create' [-Wimplicit-function-declaration]
     timer_create();
     ^
cc build/temp.linux-x86_64-2.7/scratch/tmp/timer_createNftFW5.o -o build/temp.linux-x86_64-2.7/scratch/a.out
build/temp.linux-x86_64-2.7/scratch/tmp/timer_createNftFW5.o: In function `main':
timer_createNftFW5.c:(.text+0x15): undefined reference to `timer_create'
collect2: error: ld returned 1 exit status
arm-linux-androideabi-gcc -DNDEBUG -fwrapv -O3 -Wall -Wstrict-prototypes -fPIC -I/usr/include -Izmq/utils -Izmq/backend/cython -Izmq/devices -c build/temp.linux-x86_64-2.7/scratch/vers.c -o build/temp.linux-x86_64-2.7/scratch/vers.o
In file included from /usr/include/features.h:389:0,
                 from /usr/include/stdio.h:27,
                 from build/temp.linux-x86_64-2.7/scratch/vers.c:3:
/usr/include/gnu/stubs.h:7:27: fatal error: gnu/stubs-32.h: No such file or directory
 # include <gnu/stubs-32.h>
                           ^
compilation terminated.

error: command 'arm-linux-androideabi-gcc' failed with exit status 1

Failed with default libzmq, trying again with /usr/local
Configure: Autodetecting ZMQ settings...
    Custom ZMQ dir:       /usr/local
************************************************
cc -c /tmp/timer_createWz8q9n.c -o build/temp.linux-x86_64-2.7/scratch/tmp/timer_createWz8q9n.o
/tmp/timer_createWz8q9n.c:1:1: warning: return type defaults to 'int' [-Wimplicit-int]
 main (int argc, char **argv) {
 ^
/tmp/timer_createWz8q9n.c: In function 'main':
/tmp/timer_createWz8q9n.c:2:5: warning: implicit declaration of function 'timer_create' [-Wimplicit-function-declaration]
     timer_create();
     ^
Assembler messages:
Fatal error: can't create build/temp.linux-x86_64-2.7/scratch/tmp/timer_createWz8q9n.o: No such file or directory
arm-linux-androideabi-gcc -DNDEBUG -fwrapv -O3 -Wall -Wstrict-prototypes -fPIC -I/usr/local/include -Izmq/utils -Izmq/backend/cython -Izmq/devices -c build/temp.linux-x86_64-2.7/scratch/vers.c -o build/temp.linux-x86_64-2.7/scratch/vers.o
build/temp.linux-x86_64-2.7/scratch/vers.c:4:17: fatal error: zmq.h: No such file or directory
 #include "zmq.h"
                 ^
compilation terminated.

error: command 'arm-linux-androideabi-gcc' failed with exit status 1

Warning: Failed to build or run libzmq detection test.

If you expected pyzmq to link against an installed libzmq, please check to make sure:

    * You have a C compiler installed
    * A development version of Python is installed (including headers)
    * A development version of ZMQ >= 2.1.4 is installed (including headers)
    * If ZMQ is not in a default location, supply the argument --zmq=<path>
    * If you did recently install ZMQ to a default location,
      try rebuilding the ld cache with `sudo ldconfig`
      or specify zmq's location with `--zmq=/usr/local`

You can skip all this detection/waiting nonsense if you know
you want pyzmq to bundle libzmq as an extension by passing:

    `--zmq=bundled`

I will now try to build libzmq as a Python extension
unless you interrupt me (^C) in the next 10 seconds...

************************************************

10...
 9...
 8...
 7...
 6...
 5...
 4...
 3...
 2...
 1...
Using bundled libzmq
already have bundled/zeromq
attempting ./configure to generate platform.hpp
Warning: failed to configure libzmq:
/bin/sh: ./configure: No such file or directory

staging platform.hpp from: /tmp/python-pyzmq/src/py2zmq-14.7.0/buildutils/include_linux
checking for timer_create
************************************************
************************************************
creating build/temp.linux-x86_64-2.7/tmp
cc -c /tmp/timer_createFxb95f.c -o build/temp.linux-x86_64-2.7/tmp/timer_createFxb95f.o
/tmp/timer_createFxb95f.c:1:1: warning: return type defaults to 'int' [-Wimplicit-int]
 main (int argc, char **argv) {
 ^
/tmp/timer_createFxb95f.c: In function 'main':
/tmp/timer_createFxb95f.c:2:5: warning: implicit declaration of function 'timer_create' [-Wimplicit-function-declaration]
     timer_create();
     ^
cc build/temp.linux-x86_64-2.7/tmp/timer_createFxb95f.o -o build/temp.linux-x86_64-2.7/a.out
build/temp.linux-x86_64-2.7/tmp/timer_createFxb95f.o: In function `main':
timer_createFxb95f.c:(.text+0x15): undefined reference to `timer_create'
collect2: error: ld returned 1 exit status
no timer_create, linking librt
Using bundled libsodium
already have bundled/libsodium
already have crypto_stream_salsa20.h
staging /tmp/python-pyzmq/src/py2zmq-14.7.0/buildutils/include_sodium/version.h to bundled/libsodium/src/libsodium/include/sodium/version.h
already have crypto_scalarmult_curve25519.h
************************************************
************************************************
building 'zmq.libsodium' extension
creating build/temp.linux-x86_64-2.7/buildutils
creating build/temp.linux-x86_64-2.7/bundled
creating build/temp.linux-x86_64-2.7/bundled/libsodium
creating build/temp.linux-x86_64-2.7/bundled/libsodium/src
creating build/temp.linux-x86_64-2.7/bundled/libsodium/src/libsodium
creating build/temp.linux-x86_64-2.7/bundled/libsodium/src/libsodium/crypto_auth
creating build/temp.linux-x86_64-2.7/bundled/libsodium/src/libsodium/crypto_auth/hmacsha512
creating build/temp.linux-x86_64-2.7/bundled/libsodium/src/libsodium/crypto_auth/hmacsha512/cp
creating build/temp.linux-x86_64-2.7/bundled/libsodium/src/libsodium/crypto_auth/hmacsha512256
creating build/temp.linux-x86_64-2.7/bundled/libsodium/src/libsodium/crypto_auth/hmacsha512256/cp
creating build/temp.linux-x86_64-2.7/bundled/libsodium/src/libsodium/crypto_auth/hmacsha256
creating build/temp.linux-x86_64-2.7/bundled/libsodium/src/libsodium/crypto_auth/hmacsha256/cp
creating build/temp.linux-x86_64-2.7/bundled/libsodium/src/libsodium/crypto_core
creating build/temp.linux-x86_64-2.7/bundled/libsodium/src/libsodium/crypto_core/salsa20
creating build/temp.linux-x86_64-2.7/bundled/libsodium/src/libsodium/crypto_core/salsa20/ref
creating build/temp.linux-x86_64-2.7/bundled/libsodium/src/libsodium/crypto_core/salsa2012
creating build/temp.linux-x86_64-2.7/bundled/libsodium/src/libsodium/crypto_core/salsa2012/ref
creating build/temp.linux-x86_64-2.7/bundled/libsodium/src/libsodium/crypto_core/salsa208
creating build/temp.linux-x86_64-2.7/bundled/libsodium/src/libsodium/crypto_core/salsa208/ref
creating build/temp.linux-x86_64-2.7/bundled/libsodium/src/libsodium/crypto_core/hsalsa20
creating build/temp.linux-x86_64-2.7/bundled/libsodium/src/libsodium/crypto_core/hsalsa20/ref2
creating build/temp.linux-x86_64-2.7/bundled/libsodium/src/libsodium/crypto_box
creating build/temp.linux-x86_64-2.7/bundled/libsodium/src/libsodium/crypto_box/curve25519xsalsa20poly1305
creating build/temp.linux-x86_64-2.7/bundled/libsodium/src/libsodium/crypto_box/curve25519xsalsa20poly1305/ref
creating build/temp.linux-x86_64-2.7/bundled/libsodium/src/libsodium/crypto_generichash
creating build/temp.linux-x86_64-2.7/bundled/libsodium/src/libsodium/crypto_generichash/blake2
creating build/temp.linux-x86_64-2.7/bundled/libsodium/src/libsodium/crypto_generichash/blake2/ref
creating build/temp.linux-x86_64-2.7/bundled/libsodium/src/libsodium/crypto_aead
creating build/temp.linux-x86_64-2.7/bundled/libsodium/src/libsodium/crypto_aead/chacha20poly1305
creating build/temp.linux-x86_64-2.7/bundled/libsodium/src/libsodium/crypto_aead/chacha20poly1305/sodium
creating build/temp.linux-x86_64-2.7/bundled/libsodium/src/libsodium/crypto_shorthash
creating build/temp.linux-x86_64-2.7/bundled/libsodium/src/libsodium/crypto_shorthash/siphash24
creating build/temp.linux-x86_64-2.7/bundled/libsodium/src/libsodium/crypto_shorthash/siphash24/ref
creating build/temp.linux-x86_64-2.7/bundled/libsodium/src/libsodium/crypto_hash
creating build/temp.linux-x86_64-2.7/bundled/libsodium/src/libsodium/crypto_hash/sha512
creating build/temp.linux-x86_64-2.7/bundled/libsodium/src/libsodium/crypto_hash/sha512/cp
creating build/temp.linux-x86_64-2.7/bundled/libsodium/src/libsodium/crypto_hash/sha256
creating build/temp.linux-x86_64-2.7/bundled/libsodium/src/libsodium/crypto_hash/sha256/cp
creating build/temp.linux-x86_64-2.7/bundled/libsodium/src/libsodium/crypto_secretbox
creating build/temp.linux-x86_64-2.7/bundled/libsodium/src/libsodium/crypto_secretbox/xsalsa20poly1305
creating build/temp.linux-x86_64-2.7/bundled/libsodium/src/libsodium/crypto_secretbox/xsalsa20poly1305/ref
creating build/temp.linux-x86_64-2.7/bundled/libsodium/src/libsodium/crypto_pwhash
creating build/temp.linux-x86_64-2.7/bundled/libsodium/src/libsodium/crypto_pwhash/scryptsalsa208sha256
creating build/temp.linux-x86_64-2.7/bundled/libsodium/src/libsodium/crypto_pwhash/scryptsalsa208sha256/sse
creating build/temp.linux-x86_64-2.7/bundled/libsodium/src/libsodium/crypto_pwhash/scryptsalsa208sha256/nosse
creating build/temp.linux-x86_64-2.7/bundled/libsodium/src/libsodium/crypto_onetimeauth
creating build/temp.linux-x86_64-2.7/bundled/libsodium/src/libsodium/crypto_onetimeauth/poly1305
creating build/temp.linux-x86_64-2.7/bundled/libsodium/src/libsodium/crypto_onetimeauth/poly1305/donna
creating build/temp.linux-x86_64-2.7/bundled/libsodium/src/libsodium/crypto_sign
creating build/temp.linux-x86_64-2.7/bundled/libsodium/src/libsodium/crypto_sign/edwards25519sha512batch
creating build/temp.linux-x86_64-2.7/bundled/libsodium/src/libsodium/crypto_sign/edwards25519sha512batch/ref
creating build/temp.linux-x86_64-2.7/bundled/libsodium/src/libsodium/crypto_sign/ed25519
creating build/temp.linux-x86_64-2.7/bundled/libsodium/src/libsodium/crypto_sign/ed25519/ref10
creating build/temp.linux-x86_64-2.7/bundled/libsodium/src/libsodium/randombytes
creating build/temp.linux-x86_64-2.7/bundled/libsodium/src/libsodium/randombytes/salsa20
creating build/temp.linux-x86_64-2.7/bundled/libsodium/src/libsodium/randombytes/sysrandom
creating build/temp.linux-x86_64-2.7/bundled/libsodium/src/libsodium/crypto_stream
creating build/temp.linux-x86_64-2.7/bundled/libsodium/src/libsodium/crypto_stream/salsa20
creating build/temp.linux-x86_64-2.7/bundled/libsodium/src/libsodium/crypto_stream/salsa20/ref
creating build/temp.linux-x86_64-2.7/bundled/libsodium/src/libsodium/crypto_stream/chacha20
creating build/temp.linux-x86_64-2.7/bundled/libsodium/src/libsodium/crypto_stream/chacha20/ref
creating build/temp.linux-x86_64-2.7/bundled/libsodium/src/libsodium/crypto_stream/salsa2012
creating build/temp.linux-x86_64-2.7/bundled/libsodium/src/libsodium/crypto_stream/salsa2012/ref
creating build/temp.linux-x86_64-2.7/bundled/libsodium/src/libsodium/crypto_stream/xsalsa20
creating build/temp.linux-x86_64-2.7/bundled/libsodium/src/libsodium/crypto_stream/xsalsa20/ref
creating build/temp.linux-x86_64-2.7/bundled/libsodium/src/libsodium/crypto_stream/aes128ctr
creating build/temp.linux-x86_64-2.7/bundled/libsodium/src/libsodium/crypto_stream/aes128ctr/portable
creating build/temp.linux-x86_64-2.7/bundled/libsodium/src/libsodium/crypto_stream/salsa208
creating build/temp.linux-x86_64-2.7/bundled/libsodium/src/libsodium/crypto_stream/salsa208/ref
creating build/temp.linux-x86_64-2.7/bundled/libsodium/src/libsodium/sodium
creating build/temp.linux-x86_64-2.7/bundled/libsodium/src/libsodium/crypto_scalarmult
creating build/temp.linux-x86_64-2.7/bundled/libsodium/src/libsodium/crypto_scalarmult/curve25519
creating build/temp.linux-x86_64-2.7/bundled/libsodium/src/libsodium/crypto_scalarmult/curve25519/ref10
creating build/temp.linux-x86_64-2.7/bundled/libsodium/src/libsodium/crypto_verify
creating build/temp.linux-x86_64-2.7/bundled/libsodium/src/libsodium/crypto_verify/16
creating build/temp.linux-x86_64-2.7/bundled/libsodium/src/libsodium/crypto_verify/16/ref
creating build/temp.linux-x86_64-2.7/bundled/libsodium/src/libsodium/crypto_verify/32
creating build/temp.linux-x86_64-2.7/bundled/libsodium/src/libsodium/crypto_verify/32/ref
creating build/temp.linux-x86_64-2.7/bundled/libsodium/src/libsodium/crypto_verify/64
creating build/temp.linux-x86_64-2.7/bundled/libsodium/src/libsodium/crypto_verify/64/ref
arm-linux-androideabi-gcc -DNDEBUG -fwrapv -O3 -Wall -Wstrict-prototypes -fPIC -DNATIVE_LITTLE_ENDIAN=1 -Ibundled/libsodium/src/libsodium/include -Ibundled/libsodium/src/libsodium/include/sodium -I/tmp/toolchain/include/python2.7 -c buildutils/initlibsodium.c -o build/temp.linux-x86_64-2.7/buildutils/initlibsodium.o
In file included from /tmp/toolchain/include/python2.7/Python.h:58:0,
                 from buildutils/initlibsodium.c:10:
/tmp/toolchain/include/python2.7/pyport.h:1029:2: error: #error "LONG_BIT definition appears wrong for platform (bad gcc/glibc config?)."
 #error "LONG_BIT definition appears wrong for platform (bad gcc/glibc config?)."
  ^
error: command 'arm-linux-androideabi-gcc' failed with exit status 1
==> ERROR: A failure occurred in package_python2-pyzmq().
    Aborting...
===> Printing config.logs
===> Finished printing config.logs></pre></code>
        </body></html>
