        <html><head></head><body>
        <h1>Report for python-urwid on toolchain
            <a href="index.html">android</a>
        </h1>
        <p>Return code: 0</p>
        <p>Time to run: 00:00:23</p>
        <p>Log output:</p>
        <code><pre><docker run --rm -v /tuscan_data --volumes-from tuscan_data -v /sources --volumes-from sources -v /var/cache/pacman/pkg --volumes-from pkg_cache_android -v logs:/logs make_package_container --sources-directory /sources --shared-directory /tuscan_data python-urwid
:: Synchronizing package databases...
downloading repo.db...
downloading core.db...
downloading extra.db...
downloading community.db...
Found 2473 packages in cache
===> sudo -u tuscan makepkg --nobuild --syncdeps --skipinteg --skippgpcheck --skipchecksums --noconfirm --nocolor --log --noprogressbar --nocheck
==> Making package: python-urwid 1.3.0-3 (Sat Nov 14 00:30:49 UTC 2015)
==> Checking runtime dependencies...
==> Checking buildtime dependencies...
==> Installing missing dependencies...
resolving dependencies...
looking for conflicting packages...

Packages (6) python-packaging-15.3-2  python2-2.7.10-2  python2-packaging-15.3-2  sqlite-3.9.2-1  python-setuptools-1:18.5-1  python2-setuptools-1:18.5-1

Total Installed Size:  78.53 MiB

:: Proceed with installation? [Y/n] 
checking keyring...
checking package integrity...
loading package files...
checking for file conflicts...
checking available disk space...
installing sqlite...
installing python2...
Optional dependencies for python2
    tk: for IDLE
    python2-setuptools [pending]
    python2-pip
installing python2-packaging...
installing python2-setuptools...
installing python-packaging...
installing python-setuptools...
==> Retrieving sources...
  -> Downloading urwid-1.3.0.tar.gz...
==> WARNING: Skipping all source file integrity checks.
==> Extracting sources...
  -> Extracting urwid-1.3.0.tar.gz with bsdtar
==> Sources are ready.
Copied source directory to /sources/python-urwid
===> sudo -u tuscan PATH=/tmp/toolchain/bin:/usr/local/sbin:/usr/local/bin:/usr/sbin:/usr/bin:/sbin:/bin CC=arm-linux-androideabi-gcc CXX=arm-linux-androideabi-g++ SYSROOT=/build/android-ndk-r10e/platforms/android-21/arch-arm makepkg --noextract --syncdeps --skipinteg --skippgpcheck --skipchecksums --noconfirm --nocolor --log --noprogressbar --nocheck
==> Making package: python-urwid 1.3.0-3 (Sat Nov 14 00:30:59 UTC 2015)
==> Checking runtime dependencies...
==> Checking buildtime dependencies...
==> WARNING: Using existing $srcdir/ tree
==> Starting build()...
running build
running build_py
creating build
creating build/lib.linux-x86_64-2.7
creating build/lib.linux-x86_64-2.7/urwid
copying urwid/treetools.py -> build/lib.linux-x86_64-2.7/urwid
copying urwid/escape.py -> build/lib.linux-x86_64-2.7/urwid
copying urwid/util.py -> build/lib.linux-x86_64-2.7/urwid
copying urwid/version.py -> build/lib.linux-x86_64-2.7/urwid
copying urwid/vterm.py -> build/lib.linux-x86_64-2.7/urwid
copying urwid/text_layout.py -> build/lib.linux-x86_64-2.7/urwid
copying urwid/command_map.py -> build/lib.linux-x86_64-2.7/urwid
copying urwid/display_common.py -> build/lib.linux-x86_64-2.7/urwid
copying urwid/split_repr.py -> build/lib.linux-x86_64-2.7/urwid
copying urwid/old_str_util.py -> build/lib.linux-x86_64-2.7/urwid
copying urwid/__init__.py -> build/lib.linux-x86_64-2.7/urwid
copying urwid/curses_display.py -> build/lib.linux-x86_64-2.7/urwid
copying urwid/compat.py -> build/lib.linux-x86_64-2.7/urwid
copying urwid/graphics.py -> build/lib.linux-x86_64-2.7/urwid
copying urwid/widget.py -> build/lib.linux-x86_64-2.7/urwid
copying urwid/monitored_list.py -> build/lib.linux-x86_64-2.7/urwid
copying urwid/listbox.py -> build/lib.linux-x86_64-2.7/urwid
copying urwid/signals.py -> build/lib.linux-x86_64-2.7/urwid
copying urwid/font.py -> build/lib.linux-x86_64-2.7/urwid
copying urwid/main_loop.py -> build/lib.linux-x86_64-2.7/urwid
copying urwid/web_display.py -> build/lib.linux-x86_64-2.7/urwid
copying urwid/canvas.py -> build/lib.linux-x86_64-2.7/urwid
copying urwid/lcd_display.py -> build/lib.linux-x86_64-2.7/urwid
copying urwid/raw_display.py -> build/lib.linux-x86_64-2.7/urwid
copying urwid/wimp.py -> build/lib.linux-x86_64-2.7/urwid
copying urwid/container.py -> build/lib.linux-x86_64-2.7/urwid
copying urwid/html_fragment.py -> build/lib.linux-x86_64-2.7/urwid
copying urwid/decoration.py -> build/lib.linux-x86_64-2.7/urwid
creating build/lib.linux-x86_64-2.7/urwid/tests
copying urwid/tests/test_str_util.py -> build/lib.linux-x86_64-2.7/urwid/tests
copying urwid/tests/test_widget.py -> build/lib.linux-x86_64-2.7/urwid/tests
copying urwid/tests/util.py -> build/lib.linux-x86_64-2.7/urwid/tests
copying urwid/tests/test_canvas.py -> build/lib.linux-x86_64-2.7/urwid/tests
copying urwid/tests/__init__.py -> build/lib.linux-x86_64-2.7/urwid/tests
copying urwid/tests/test_util.py -> build/lib.linux-x86_64-2.7/urwid/tests
copying urwid/tests/test_vterm.py -> build/lib.linux-x86_64-2.7/urwid/tests
copying urwid/tests/test_graphics.py -> build/lib.linux-x86_64-2.7/urwid/tests
copying urwid/tests/test_container.py -> build/lib.linux-x86_64-2.7/urwid/tests
copying urwid/tests/test_doctests.py -> build/lib.linux-x86_64-2.7/urwid/tests
copying urwid/tests/test_listbox.py -> build/lib.linux-x86_64-2.7/urwid/tests
copying urwid/tests/test_decoration.py -> build/lib.linux-x86_64-2.7/urwid/tests
copying urwid/tests/test_text_layout.py -> build/lib.linux-x86_64-2.7/urwid/tests
copying urwid/tests/test_event_loops.py -> build/lib.linux-x86_64-2.7/urwid/tests
running build_ext
building 'urwid.str_util' extension
creating build/temp.linux-x86_64-2.7
creating build/temp.linux-x86_64-2.7/source
arm-linux-androideabi-gcc -DNDEBUG -fwrapv -O3 -Wall -Wstrict-prototypes -fPIC -I/tmp/toolchain/include/python2.7 -c source/str_util.c -o build/temp.linux-x86_64-2.7/source/str_util.o
In file included from /tmp/toolchain/include/python2.7/Python.h:58:0,
                 from source/str_util.c:25:
/tmp/toolchain/include/python2.7/pyport.h:1029:2: error: #error "LONG_BIT definition appears wrong for platform (bad gcc/glibc config?)."
 #error "LONG_BIT definition appears wrong for platform (bad gcc/glibc config?)."
  ^
source/str_util.c: In function 'to_bool':
source/str_util.c:90:5: warning: dereferencing type-punned pointer will break strict-aliasing rules [-Wstrict-aliasing]
     if (val)  Py_RETURN_TRUE;
     ^
source/str_util.c:91:5: warning: dereferencing type-punned pointer will break strict-aliasing rules [-Wstrict-aliasing]
     else  Py_RETURN_FALSE;
     ^
Traceback (most recent call last):
  File "setup.py", line 85, in <module>
    setup(**setup_d)
  File "/tmp/toolchain/lib/python2.7/distutils/core.py", line 169, in setup
    raise SystemExit, "error: " + str(msg)
SystemExit: error: command 'arm-linux-androideabi-gcc' failed with exit status 1
Couldn't build the extension module, trying without it...
running build
running build_py
creating build/lib
creating build/lib/urwid
copying urwid/treetools.py -> build/lib/urwid
copying urwid/escape.py -> build/lib/urwid
copying urwid/util.py -> build/lib/urwid
copying urwid/version.py -> build/lib/urwid
copying urwid/vterm.py -> build/lib/urwid
copying urwid/text_layout.py -> build/lib/urwid
copying urwid/command_map.py -> build/lib/urwid
copying urwid/display_common.py -> build/lib/urwid
copying urwid/split_repr.py -> build/lib/urwid
copying urwid/old_str_util.py -> build/lib/urwid
copying urwid/__init__.py -> build/lib/urwid
copying urwid/curses_display.py -> build/lib/urwid
copying urwid/compat.py -> build/lib/urwid
copying urwid/graphics.py -> build/lib/urwid
copying urwid/widget.py -> build/lib/urwid
copying urwid/monitored_list.py -> build/lib/urwid
copying urwid/listbox.py -> build/lib/urwid
copying urwid/signals.py -> build/lib/urwid
copying urwid/font.py -> build/lib/urwid
copying urwid/main_loop.py -> build/lib/urwid
copying urwid/web_display.py -> build/lib/urwid
copying urwid/canvas.py -> build/lib/urwid
copying urwid/lcd_display.py -> build/lib/urwid
copying urwid/raw_display.py -> build/lib/urwid
copying urwid/wimp.py -> build/lib/urwid
copying urwid/container.py -> build/lib/urwid
copying urwid/html_fragment.py -> build/lib/urwid
copying urwid/decoration.py -> build/lib/urwid
creating build/lib/urwid/tests
copying urwid/tests/test_str_util.py -> build/lib/urwid/tests
copying urwid/tests/test_widget.py -> build/lib/urwid/tests
copying urwid/tests/util.py -> build/lib/urwid/tests
copying urwid/tests/test_canvas.py -> build/lib/urwid/tests
copying urwid/tests/__init__.py -> build/lib/urwid/tests
copying urwid/tests/test_util.py -> build/lib/urwid/tests
copying urwid/tests/test_vterm.py -> build/lib/urwid/tests
copying urwid/tests/test_graphics.py -> build/lib/urwid/tests
copying urwid/tests/test_container.py -> build/lib/urwid/tests
copying urwid/tests/test_doctests.py -> build/lib/urwid/tests
copying urwid/tests/test_listbox.py -> build/lib/urwid/tests
copying urwid/tests/test_decoration.py -> build/lib/urwid/tests
copying urwid/tests/test_text_layout.py -> build/lib/urwid/tests
copying urwid/tests/test_event_loops.py -> build/lib/urwid/tests
running build
running build_py
creating build
creating build/lib.linux-x86_64-2.7
creating build/lib.linux-x86_64-2.7/urwid
copying urwid/treetools.py -> build/lib.linux-x86_64-2.7/urwid
copying urwid/escape.py -> build/lib.linux-x86_64-2.7/urwid
copying urwid/util.py -> build/lib.linux-x86_64-2.7/urwid
copying urwid/version.py -> build/lib.linux-x86_64-2.7/urwid
copying urwid/vterm.py -> build/lib.linux-x86_64-2.7/urwid
copying urwid/text_layout.py -> build/lib.linux-x86_64-2.7/urwid
copying urwid/command_map.py -> build/lib.linux-x86_64-2.7/urwid
copying urwid/display_common.py -> build/lib.linux-x86_64-2.7/urwid
copying urwid/split_repr.py -> build/lib.linux-x86_64-2.7/urwid
copying urwid/old_str_util.py -> build/lib.linux-x86_64-2.7/urwid
copying urwid/__init__.py -> build/lib.linux-x86_64-2.7/urwid
copying urwid/curses_display.py -> build/lib.linux-x86_64-2.7/urwid
copying urwid/compat.py -> build/lib.linux-x86_64-2.7/urwid
copying urwid/graphics.py -> build/lib.linux-x86_64-2.7/urwid
copying urwid/widget.py -> build/lib.linux-x86_64-2.7/urwid
copying urwid/monitored_list.py -> build/lib.linux-x86_64-2.7/urwid
copying urwid/listbox.py -> build/lib.linux-x86_64-2.7/urwid
copying urwid/signals.py -> build/lib.linux-x86_64-2.7/urwid
copying urwid/font.py -> build/lib.linux-x86_64-2.7/urwid
copying urwid/main_loop.py -> build/lib.linux-x86_64-2.7/urwid
copying urwid/web_display.py -> build/lib.linux-x86_64-2.7/urwid
copying urwid/canvas.py -> build/lib.linux-x86_64-2.7/urwid
copying urwid/lcd_display.py -> build/lib.linux-x86_64-2.7/urwid
copying urwid/raw_display.py -> build/lib.linux-x86_64-2.7/urwid
copying urwid/wimp.py -> build/lib.linux-x86_64-2.7/urwid
copying urwid/container.py -> build/lib.linux-x86_64-2.7/urwid
copying urwid/html_fragment.py -> build/lib.linux-x86_64-2.7/urwid
copying urwid/decoration.py -> build/lib.linux-x86_64-2.7/urwid
creating build/lib.linux-x86_64-2.7/urwid/tests
copying urwid/tests/test_str_util.py -> build/lib.linux-x86_64-2.7/urwid/tests
copying urwid/tests/test_widget.py -> build/lib.linux-x86_64-2.7/urwid/tests
copying urwid/tests/util.py -> build/lib.linux-x86_64-2.7/urwid/tests
copying urwid/tests/test_canvas.py -> build/lib.linux-x86_64-2.7/urwid/tests
copying urwid/tests/__init__.py -> build/lib.linux-x86_64-2.7/urwid/tests
copying urwid/tests/test_util.py -> build/lib.linux-x86_64-2.7/urwid/tests
copying urwid/tests/test_vterm.py -> build/lib.linux-x86_64-2.7/urwid/tests
copying urwid/tests/test_graphics.py -> build/lib.linux-x86_64-2.7/urwid/tests
copying urwid/tests/test_container.py -> build/lib.linux-x86_64-2.7/urwid/tests
copying urwid/tests/test_doctests.py -> build/lib.linux-x86_64-2.7/urwid/tests
copying urwid/tests/test_listbox.py -> build/lib.linux-x86_64-2.7/urwid/tests
copying urwid/tests/test_decoration.py -> build/lib.linux-x86_64-2.7/urwid/tests
copying urwid/tests/test_text_layout.py -> build/lib.linux-x86_64-2.7/urwid/tests
copying urwid/tests/test_event_loops.py -> build/lib.linux-x86_64-2.7/urwid/tests
running build_ext
building 'urwid.str_util' extension
creating build/temp.linux-x86_64-2.7
creating build/temp.linux-x86_64-2.7/source
arm-linux-androideabi-gcc -DNDEBUG -fwrapv -O3 -Wall -Wstrict-prototypes -fPIC -I/tmp/toolchain/include/python2.7 -c source/str_util.c -o build/temp.linux-x86_64-2.7/source/str_util.o
In file included from /tmp/toolchain/include/python2.7/Python.h:58:0,
                 from source/str_util.c:25:
/tmp/toolchain/include/python2.7/pyport.h:1029:2: error: #error "LONG_BIT definition appears wrong for platform (bad gcc/glibc config?)."
 #error "LONG_BIT definition appears wrong for platform (bad gcc/glibc config?)."
  ^
source/str_util.c: In function 'to_bool':
source/str_util.c:90:5: warning: dereferencing type-punned pointer will break strict-aliasing rules [-Wstrict-aliasing]
     if (val)  Py_RETURN_TRUE;
     ^
source/str_util.c:91:5: warning: dereferencing type-punned pointer will break strict-aliasing rules [-Wstrict-aliasing]
     else  Py_RETURN_FALSE;
     ^
Traceback (most recent call last):
  File "setup.py", line 85, in <module>
    setup(**setup_d)
  File "/tmp/toolchain/lib/python2.7/distutils/core.py", line 169, in setup
    raise SystemExit, "error: " + str(msg)
SystemExit: error: command 'arm-linux-androideabi-gcc' failed with exit status 1
Couldn't build the extension module, trying without it...
running build
running build_py
creating build/lib
creating build/lib/urwid
copying urwid/treetools.py -> build/lib/urwid
copying urwid/escape.py -> build/lib/urwid
copying urwid/util.py -> build/lib/urwid
copying urwid/version.py -> build/lib/urwid
copying urwid/vterm.py -> build/lib/urwid
copying urwid/text_layout.py -> build/lib/urwid
copying urwid/command_map.py -> build/lib/urwid
copying urwid/display_common.py -> build/lib/urwid
copying urwid/split_repr.py -> build/lib/urwid
copying urwid/old_str_util.py -> build/lib/urwid
copying urwid/__init__.py -> build/lib/urwid
copying urwid/curses_display.py -> build/lib/urwid
copying urwid/compat.py -> build/lib/urwid
copying urwid/graphics.py -> build/lib/urwid
copying urwid/widget.py -> build/lib/urwid
copying urwid/monitored_list.py -> build/lib/urwid
copying urwid/listbox.py -> build/lib/urwid
copying urwid/signals.py -> build/lib/urwid
copying urwid/font.py -> build/lib/urwid
copying urwid/main_loop.py -> build/lib/urwid
copying urwid/web_display.py -> build/lib/urwid
copying urwid/canvas.py -> build/lib/urwid
copying urwid/lcd_display.py -> build/lib/urwid
copying urwid/raw_display.py -> build/lib/urwid
copying urwid/wimp.py -> build/lib/urwid
copying urwid/container.py -> build/lib/urwid
copying urwid/html_fragment.py -> build/lib/urwid
copying urwid/decoration.py -> build/lib/urwid
creating build/lib/urwid/tests
copying urwid/tests/test_str_util.py -> build/lib/urwid/tests
copying urwid/tests/test_widget.py -> build/lib/urwid/tests
copying urwid/tests/util.py -> build/lib/urwid/tests
copying urwid/tests/test_canvas.py -> build/lib/urwid/tests
copying urwid/tests/__init__.py -> build/lib/urwid/tests
copying urwid/tests/test_util.py -> build/lib/urwid/tests
copying urwid/tests/test_vterm.py -> build/lib/urwid/tests
copying urwid/tests/test_graphics.py -> build/lib/urwid/tests
copying urwid/tests/test_container.py -> build/lib/urwid/tests
copying urwid/tests/test_doctests.py -> build/lib/urwid/tests
copying urwid/tests/test_listbox.py -> build/lib/urwid/tests
copying urwid/tests/test_decoration.py -> build/lib/urwid/tests
copying urwid/tests/test_text_layout.py -> build/lib/urwid/tests
copying urwid/tests/test_event_loops.py -> build/lib/urwid/tests
==> Entering fakeroot environment...
==> Starting package_python-urwid()...
running install
running build
running build_py
running build_ext
building 'urwid.str_util' extension
arm-linux-androideabi-gcc -DNDEBUG -fwrapv -O3 -Wall -Wstrict-prototypes -fPIC -I/tmp/toolchain/include/python2.7 -c source/str_util.c -o build/temp.linux-x86_64-2.7/source/str_util.o
In file included from /tmp/toolchain/include/python2.7/Python.h:58:0,
                 from source/str_util.c:25:
/tmp/toolchain/include/python2.7/pyport.h:1029:2: error: #error "LONG_BIT definition appears wrong for platform (bad gcc/glibc config?)."
 #error "LONG_BIT definition appears wrong for platform (bad gcc/glibc config?)."
  ^
source/str_util.c: In function 'to_bool':
source/str_util.c:90:5: warning: dereferencing type-punned pointer will break strict-aliasing rules [-Wstrict-aliasing]
     if (val)  Py_RETURN_TRUE;
     ^
source/str_util.c:91:5: warning: dereferencing type-punned pointer will break strict-aliasing rules [-Wstrict-aliasing]
     else  Py_RETURN_FALSE;
     ^
Traceback (most recent call last):
  File "setup.py", line 85, in <module>
    setup(**setup_d)
  File "/tmp/toolchain/lib/python2.7/distutils/core.py", line 169, in setup
    raise SystemExit, "error: " + str(msg)
SystemExit: error: command 'arm-linux-androideabi-gcc' failed with exit status 1
Couldn't build the extension module, trying without it...
running install
running build
running build_py
running install_lib
creating /tmp/python-urwid/pkg/python-urwid/usr
creating /tmp/python-urwid/pkg/python-urwid/usr/lib
creating /tmp/python-urwid/pkg/python-urwid/usr/lib/python2.7
creating /tmp/python-urwid/pkg/python-urwid/usr/lib/python2.7/site-packages
creating /tmp/python-urwid/pkg/python-urwid/usr/lib/python2.7/site-packages/urwid
creating /tmp/python-urwid/pkg/python-urwid/usr/lib/python2.7/site-packages/urwid/tests
copying build/lib/urwid/tests/test_str_util.py -> /tmp/python-urwid/pkg/python-urwid/usr/lib/python2.7/site-packages/urwid/tests
copying build/lib/urwid/tests/test_widget.py -> /tmp/python-urwid/pkg/python-urwid/usr/lib/python2.7/site-packages/urwid/tests
copying build/lib/urwid/tests/util.py -> /tmp/python-urwid/pkg/python-urwid/usr/lib/python2.7/site-packages/urwid/tests
copying build/lib/urwid/tests/test_canvas.py -> /tmp/python-urwid/pkg/python-urwid/usr/lib/python2.7/site-packages/urwid/tests
copying build/lib/urwid/tests/__init__.py -> /tmp/python-urwid/pkg/python-urwid/usr/lib/python2.7/site-packages/urwid/tests
copying build/lib/urwid/tests/test_util.py -> /tmp/python-urwid/pkg/python-urwid/usr/lib/python2.7/site-packages/urwid/tests
copying build/lib/urwid/tests/test_vterm.py -> /tmp/python-urwid/pkg/python-urwid/usr/lib/python2.7/site-packages/urwid/tests
copying build/lib/urwid/tests/test_graphics.py -> /tmp/python-urwid/pkg/python-urwid/usr/lib/python2.7/site-packages/urwid/tests
copying build/lib/urwid/tests/test_container.py -> /tmp/python-urwid/pkg/python-urwid/usr/lib/python2.7/site-packages/urwid/tests
copying build/lib/urwid/tests/test_doctests.py -> /tmp/python-urwid/pkg/python-urwid/usr/lib/python2.7/site-packages/urwid/tests
copying build/lib/urwid/tests/test_listbox.py -> /tmp/python-urwid/pkg/python-urwid/usr/lib/python2.7/site-packages/urwid/tests
copying build/lib/urwid/tests/test_decoration.py -> /tmp/python-urwid/pkg/python-urwid/usr/lib/python2.7/site-packages/urwid/tests
copying build/lib/urwid/tests/test_text_layout.py -> /tmp/python-urwid/pkg/python-urwid/usr/lib/python2.7/site-packages/urwid/tests
copying build/lib/urwid/tests/test_event_loops.py -> /tmp/python-urwid/pkg/python-urwid/usr/lib/python2.7/site-packages/urwid/tests
copying build/lib/urwid/treetools.py -> /tmp/python-urwid/pkg/python-urwid/usr/lib/python2.7/site-packages/urwid
copying build/lib/urwid/escape.py -> /tmp/python-urwid/pkg/python-urwid/usr/lib/python2.7/site-packages/urwid
copying build/lib/urwid/util.py -> /tmp/python-urwid/pkg/python-urwid/usr/lib/python2.7/site-packages/urwid
copying build/lib/urwid/version.py -> /tmp/python-urwid/pkg/python-urwid/usr/lib/python2.7/site-packages/urwid
copying build/lib/urwid/vterm.py -> /tmp/python-urwid/pkg/python-urwid/usr/lib/python2.7/site-packages/urwid
copying build/lib/urwid/text_layout.py -> /tmp/python-urwid/pkg/python-urwid/usr/lib/python2.7/site-packages/urwid
copying build/lib/urwid/command_map.py -> /tmp/python-urwid/pkg/python-urwid/usr/lib/python2.7/site-packages/urwid
copying build/lib/urwid/display_common.py -> /tmp/python-urwid/pkg/python-urwid/usr/lib/python2.7/site-packages/urwid
copying build/lib/urwid/split_repr.py -> /tmp/python-urwid/pkg/python-urwid/usr/lib/python2.7/site-packages/urwid
copying build/lib/urwid/old_str_util.py -> /tmp/python-urwid/pkg/python-urwid/usr/lib/python2.7/site-packages/urwid
copying build/lib/urwid/__init__.py -> /tmp/python-urwid/pkg/python-urwid/usr/lib/python2.7/site-packages/urwid
copying build/lib/urwid/curses_display.py -> /tmp/python-urwid/pkg/python-urwid/usr/lib/python2.7/site-packages/urwid
copying build/lib/urwid/compat.py -> /tmp/python-urwid/pkg/python-urwid/usr/lib/python2.7/site-packages/urwid
copying build/lib/urwid/graphics.py -> /tmp/python-urwid/pkg/python-urwid/usr/lib/python2.7/site-packages/urwid
copying build/lib/urwid/widget.py -> /tmp/python-urwid/pkg/python-urwid/usr/lib/python2.7/site-packages/urwid
copying build/lib/urwid/monitored_list.py -> /tmp/python-urwid/pkg/python-urwid/usr/lib/python2.7/site-packages/urwid
copying build/lib/urwid/listbox.py -> /tmp/python-urwid/pkg/python-urwid/usr/lib/python2.7/site-packages/urwid
copying build/lib/urwid/signals.py -> /tmp/python-urwid/pkg/python-urwid/usr/lib/python2.7/site-packages/urwid
copying build/lib/urwid/font.py -> /tmp/python-urwid/pkg/python-urwid/usr/lib/python2.7/site-packages/urwid
copying build/lib/urwid/main_loop.py -> /tmp/python-urwid/pkg/python-urwid/usr/lib/python2.7/site-packages/urwid
copying build/lib/urwid/web_display.py -> /tmp/python-urwid/pkg/python-urwid/usr/lib/python2.7/site-packages/urwid
copying build/lib/urwid/canvas.py -> /tmp/python-urwid/pkg/python-urwid/usr/lib/python2.7/site-packages/urwid
copying build/lib/urwid/lcd_display.py -> /tmp/python-urwid/pkg/python-urwid/usr/lib/python2.7/site-packages/urwid
copying build/lib/urwid/raw_display.py -> /tmp/python-urwid/pkg/python-urwid/usr/lib/python2.7/site-packages/urwid
copying build/lib/urwid/wimp.py -> /tmp/python-urwid/pkg/python-urwid/usr/lib/python2.7/site-packages/urwid
copying build/lib/urwid/container.py -> /tmp/python-urwid/pkg/python-urwid/usr/lib/python2.7/site-packages/urwid
copying build/lib/urwid/html_fragment.py -> /tmp/python-urwid/pkg/python-urwid/usr/lib/python2.7/site-packages/urwid
copying build/lib/urwid/decoration.py -> /tmp/python-urwid/pkg/python-urwid/usr/lib/python2.7/site-packages/urwid
byte-compiling /tmp/python-urwid/pkg/python-urwid/usr/lib/python2.7/site-packages/urwid/tests/test_str_util.py to test_str_util.pyc
byte-compiling /tmp/python-urwid/pkg/python-urwid/usr/lib/python2.7/site-packages/urwid/tests/test_widget.py to test_widget.pyc
byte-compiling /tmp/python-urwid/pkg/python-urwid/usr/lib/python2.7/site-packages/urwid/tests/util.py to util.pyc
byte-compiling /tmp/python-urwid/pkg/python-urwid/usr/lib/python2.7/site-packages/urwid/tests/test_canvas.py to test_canvas.pyc
byte-compiling /tmp/python-urwid/pkg/python-urwid/usr/lib/python2.7/site-packages/urwid/tests/__init__.py to __init__.pyc
byte-compiling /tmp/python-urwid/pkg/python-urwid/usr/lib/python2.7/site-packages/urwid/tests/test_util.py to test_util.pyc
byte-compiling /tmp/python-urwid/pkg/python-urwid/usr/lib/python2.7/site-packages/urwid/tests/test_vterm.py to test_vterm.pyc
byte-compiling /tmp/python-urwid/pkg/python-urwid/usr/lib/python2.7/site-packages/urwid/tests/test_graphics.py to test_graphics.pyc
byte-compiling /tmp/python-urwid/pkg/python-urwid/usr/lib/python2.7/site-packages/urwid/tests/test_container.py to test_container.pyc
byte-compiling /tmp/python-urwid/pkg/python-urwid/usr/lib/python2.7/site-packages/urwid/tests/test_doctests.py to test_doctests.pyc
byte-compiling /tmp/python-urwid/pkg/python-urwid/usr/lib/python2.7/site-packages/urwid/tests/test_listbox.py to test_listbox.pyc
byte-compiling /tmp/python-urwid/pkg/python-urwid/usr/lib/python2.7/site-packages/urwid/tests/test_decoration.py to test_decoration.pyc
byte-compiling /tmp/python-urwid/pkg/python-urwid/usr/lib/python2.7/site-packages/urwid/tests/test_text_layout.py to test_text_layout.pyc
byte-compiling /tmp/python-urwid/pkg/python-urwid/usr/lib/python2.7/site-packages/urwid/tests/test_event_loops.py to test_event_loops.pyc
byte-compiling /tmp/python-urwid/pkg/python-urwid/usr/lib/python2.7/site-packages/urwid/treetools.py to treetools.pyc
byte-compiling /tmp/python-urwid/pkg/python-urwid/usr/lib/python2.7/site-packages/urwid/escape.py to escape.pyc
byte-compiling /tmp/python-urwid/pkg/python-urwid/usr/lib/python2.7/site-packages/urwid/util.py to util.pyc
byte-compiling /tmp/python-urwid/pkg/python-urwid/usr/lib/python2.7/site-packages/urwid/version.py to version.pyc
byte-compiling /tmp/python-urwid/pkg/python-urwid/usr/lib/python2.7/site-packages/urwid/vterm.py to vterm.pyc
byte-compiling /tmp/python-urwid/pkg/python-urwid/usr/lib/python2.7/site-packages/urwid/text_layout.py to text_layout.pyc
byte-compiling /tmp/python-urwid/pkg/python-urwid/usr/lib/python2.7/site-packages/urwid/command_map.py to command_map.pyc
byte-compiling /tmp/python-urwid/pkg/python-urwid/usr/lib/python2.7/site-packages/urwid/display_common.py to display_common.pyc
byte-compiling /tmp/python-urwid/pkg/python-urwid/usr/lib/python2.7/site-packages/urwid/split_repr.py to split_repr.pyc
byte-compiling /tmp/python-urwid/pkg/python-urwid/usr/lib/python2.7/site-packages/urwid/old_str_util.py to old_str_util.pyc
byte-compiling /tmp/python-urwid/pkg/python-urwid/usr/lib/python2.7/site-packages/urwid/__init__.py to __init__.pyc
byte-compiling /tmp/python-urwid/pkg/python-urwid/usr/lib/python2.7/site-packages/urwid/curses_display.py to curses_display.pyc
byte-compiling /tmp/python-urwid/pkg/python-urwid/usr/lib/python2.7/site-packages/urwid/compat.py to compat.pyc
byte-compiling /tmp/python-urwid/pkg/python-urwid/usr/lib/python2.7/site-packages/urwid/graphics.py to graphics.pyc
byte-compiling /tmp/python-urwid/pkg/python-urwid/usr/lib/python2.7/site-packages/urwid/widget.py to widget.pyc
byte-compiling /tmp/python-urwid/pkg/python-urwid/usr/lib/python2.7/site-packages/urwid/monitored_list.py to monitored_list.pyc
byte-compiling /tmp/python-urwid/pkg/python-urwid/usr/lib/python2.7/site-packages/urwid/listbox.py to listbox.pyc
byte-compiling /tmp/python-urwid/pkg/python-urwid/usr/lib/python2.7/site-packages/urwid/signals.py to signals.pyc
byte-compiling /tmp/python-urwid/pkg/python-urwid/usr/lib/python2.7/site-packages/urwid/font.py to font.pyc
byte-compiling /tmp/python-urwid/pkg/python-urwid/usr/lib/python2.7/site-packages/urwid/main_loop.py to main_loop.pyc
byte-compiling /tmp/python-urwid/pkg/python-urwid/usr/lib/python2.7/site-packages/urwid/web_display.py to web_display.pyc
byte-compiling /tmp/python-urwid/pkg/python-urwid/usr/lib/python2.7/site-packages/urwid/canvas.py to canvas.pyc
byte-compiling /tmp/python-urwid/pkg/python-urwid/usr/lib/python2.7/site-packages/urwid/lcd_display.py to lcd_display.pyc
byte-compiling /tmp/python-urwid/pkg/python-urwid/usr/lib/python2.7/site-packages/urwid/raw_display.py to raw_display.pyc
byte-compiling /tmp/python-urwid/pkg/python-urwid/usr/lib/python2.7/site-packages/urwid/wimp.py to wimp.pyc
byte-compiling /tmp/python-urwid/pkg/python-urwid/usr/lib/python2.7/site-packages/urwid/container.py to container.pyc
byte-compiling /tmp/python-urwid/pkg/python-urwid/usr/lib/python2.7/site-packages/urwid/html_fragment.py to html_fragment.pyc
byte-compiling /tmp/python-urwid/pkg/python-urwid/usr/lib/python2.7/site-packages/urwid/decoration.py to decoration.pyc
writing byte-compilation script '/tmp/tmprd2u1q.py'
/tmp/toolchain/bin/python -O /tmp/tmprd2u1q.py
removing /tmp/tmprd2u1q.py
running install_egg_info
Writing /tmp/python-urwid/pkg/python-urwid/usr/lib/python2.7/site-packages/urwid-1.3.0-py2.7.egg-info
==> Tidying install...
  -> Removing doc files...
  -> Purging unwanted files...
==> Creating package "python-urwid"...
  -> Generating .PKGINFO file...
  -> Generating .MTREE file...
  -> Compressing package...
==> Starting package_python2-urwid()...
running install
running build
running build_py
running build_ext
building 'urwid.str_util' extension
arm-linux-androideabi-gcc -DNDEBUG -fwrapv -O3 -Wall -Wstrict-prototypes -fPIC -I/tmp/toolchain/include/python2.7 -c source/str_util.c -o build/temp.linux-x86_64-2.7/source/str_util.o
In file included from /tmp/toolchain/include/python2.7/Python.h:58:0,
                 from source/str_util.c:25:
/tmp/toolchain/include/python2.7/pyport.h:1029:2: error: #error "LONG_BIT definition appears wrong for platform (bad gcc/glibc config?)."
 #error "LONG_BIT definition appears wrong for platform (bad gcc/glibc config?)."
  ^
source/str_util.c: In function 'to_bool':
source/str_util.c:90:5: warning: dereferencing type-punned pointer will break strict-aliasing rules [-Wstrict-aliasing]
     if (val)  Py_RETURN_TRUE;
     ^
source/str_util.c:91:5: warning: dereferencing type-punned pointer will break strict-aliasing rules [-Wstrict-aliasing]
     else  Py_RETURN_FALSE;
     ^
Traceback (most recent call last):
  File "setup.py", line 85, in <module>
    setup(**setup_d)
  File "/tmp/toolchain/lib/python2.7/distutils/core.py", line 169, in setup
    raise SystemExit, "error: " + str(msg)
SystemExit: error: command 'arm-linux-androideabi-gcc' failed with exit status 1
Couldn't build the extension module, trying without it...
running install
running build
running build_py
running install_lib
creating /tmp/python-urwid/pkg/python2-urwid/usr
creating /tmp/python-urwid/pkg/python2-urwid/usr/lib
creating /tmp/python-urwid/pkg/python2-urwid/usr/lib/python2.7
creating /tmp/python-urwid/pkg/python2-urwid/usr/lib/python2.7/site-packages
creating /tmp/python-urwid/pkg/python2-urwid/usr/lib/python2.7/site-packages/urwid
creating /tmp/python-urwid/pkg/python2-urwid/usr/lib/python2.7/site-packages/urwid/tests
copying build/lib/urwid/tests/test_str_util.py -> /tmp/python-urwid/pkg/python2-urwid/usr/lib/python2.7/site-packages/urwid/tests
copying build/lib/urwid/tests/test_widget.py -> /tmp/python-urwid/pkg/python2-urwid/usr/lib/python2.7/site-packages/urwid/tests
copying build/lib/urwid/tests/util.py -> /tmp/python-urwid/pkg/python2-urwid/usr/lib/python2.7/site-packages/urwid/tests
copying build/lib/urwid/tests/test_canvas.py -> /tmp/python-urwid/pkg/python2-urwid/usr/lib/python2.7/site-packages/urwid/tests
copying build/lib/urwid/tests/__init__.py -> /tmp/python-urwid/pkg/python2-urwid/usr/lib/python2.7/site-packages/urwid/tests
copying build/lib/urwid/tests/test_util.py -> /tmp/python-urwid/pkg/python2-urwid/usr/lib/python2.7/site-packages/urwid/tests
copying build/lib/urwid/tests/test_vterm.py -> /tmp/python-urwid/pkg/python2-urwid/usr/lib/python2.7/site-packages/urwid/tests
copying build/lib/urwid/tests/test_graphics.py -> /tmp/python-urwid/pkg/python2-urwid/usr/lib/python2.7/site-packages/urwid/tests
copying build/lib/urwid/tests/test_container.py -> /tmp/python-urwid/pkg/python2-urwid/usr/lib/python2.7/site-packages/urwid/tests
copying build/lib/urwid/tests/test_doctests.py -> /tmp/python-urwid/pkg/python2-urwid/usr/lib/python2.7/site-packages/urwid/tests
copying build/lib/urwid/tests/test_listbox.py -> /tmp/python-urwid/pkg/python2-urwid/usr/lib/python2.7/site-packages/urwid/tests
copying build/lib/urwid/tests/test_decoration.py -> /tmp/python-urwid/pkg/python2-urwid/usr/lib/python2.7/site-packages/urwid/tests
copying build/lib/urwid/tests/test_text_layout.py -> /tmp/python-urwid/pkg/python2-urwid/usr/lib/python2.7/site-packages/urwid/tests
copying build/lib/urwid/tests/test_event_loops.py -> /tmp/python-urwid/pkg/python2-urwid/usr/lib/python2.7/site-packages/urwid/tests
copying build/lib/urwid/treetools.py -> /tmp/python-urwid/pkg/python2-urwid/usr/lib/python2.7/site-packages/urwid
copying build/lib/urwid/escape.py -> /tmp/python-urwid/pkg/python2-urwid/usr/lib/python2.7/site-packages/urwid
copying build/lib/urwid/util.py -> /tmp/python-urwid/pkg/python2-urwid/usr/lib/python2.7/site-packages/urwid
copying build/lib/urwid/version.py -> /tmp/python-urwid/pkg/python2-urwid/usr/lib/python2.7/site-packages/urwid
copying build/lib/urwid/vterm.py -> /tmp/python-urwid/pkg/python2-urwid/usr/lib/python2.7/site-packages/urwid
copying build/lib/urwid/text_layout.py -> /tmp/python-urwid/pkg/python2-urwid/usr/lib/python2.7/site-packages/urwid
copying build/lib/urwid/command_map.py -> /tmp/python-urwid/pkg/python2-urwid/usr/lib/python2.7/site-packages/urwid
copying build/lib/urwid/display_common.py -> /tmp/python-urwid/pkg/python2-urwid/usr/lib/python2.7/site-packages/urwid
copying build/lib/urwid/split_repr.py -> /tmp/python-urwid/pkg/python2-urwid/usr/lib/python2.7/site-packages/urwid
copying build/lib/urwid/old_str_util.py -> /tmp/python-urwid/pkg/python2-urwid/usr/lib/python2.7/site-packages/urwid
copying build/lib/urwid/__init__.py -> /tmp/python-urwid/pkg/python2-urwid/usr/lib/python2.7/site-packages/urwid
copying build/lib/urwid/curses_display.py -> /tmp/python-urwid/pkg/python2-urwid/usr/lib/python2.7/site-packages/urwid
copying build/lib/urwid/compat.py -> /tmp/python-urwid/pkg/python2-urwid/usr/lib/python2.7/site-packages/urwid
copying build/lib/urwid/graphics.py -> /tmp/python-urwid/pkg/python2-urwid/usr/lib/python2.7/site-packages/urwid
copying build/lib/urwid/widget.py -> /tmp/python-urwid/pkg/python2-urwid/usr/lib/python2.7/site-packages/urwid
copying build/lib/urwid/monitored_list.py -> /tmp/python-urwid/pkg/python2-urwid/usr/lib/python2.7/site-packages/urwid
copying build/lib/urwid/listbox.py -> /tmp/python-urwid/pkg/python2-urwid/usr/lib/python2.7/site-packages/urwid
copying build/lib/urwid/signals.py -> /tmp/python-urwid/pkg/python2-urwid/usr/lib/python2.7/site-packages/urwid
copying build/lib/urwid/font.py -> /tmp/python-urwid/pkg/python2-urwid/usr/lib/python2.7/site-packages/urwid
copying build/lib/urwid/main_loop.py -> /tmp/python-urwid/pkg/python2-urwid/usr/lib/python2.7/site-packages/urwid
copying build/lib/urwid/web_display.py -> /tmp/python-urwid/pkg/python2-urwid/usr/lib/python2.7/site-packages/urwid
copying build/lib/urwid/canvas.py -> /tmp/python-urwid/pkg/python2-urwid/usr/lib/python2.7/site-packages/urwid
copying build/lib/urwid/lcd_display.py -> /tmp/python-urwid/pkg/python2-urwid/usr/lib/python2.7/site-packages/urwid
copying build/lib/urwid/raw_display.py -> /tmp/python-urwid/pkg/python2-urwid/usr/lib/python2.7/site-packages/urwid
copying build/lib/urwid/wimp.py -> /tmp/python-urwid/pkg/python2-urwid/usr/lib/python2.7/site-packages/urwid
copying build/lib/urwid/container.py -> /tmp/python-urwid/pkg/python2-urwid/usr/lib/python2.7/site-packages/urwid
copying build/lib/urwid/html_fragment.py -> /tmp/python-urwid/pkg/python2-urwid/usr/lib/python2.7/site-packages/urwid
copying build/lib/urwid/decoration.py -> /tmp/python-urwid/pkg/python2-urwid/usr/lib/python2.7/site-packages/urwid
byte-compiling /tmp/python-urwid/pkg/python2-urwid/usr/lib/python2.7/site-packages/urwid/tests/test_str_util.py to test_str_util.pyc
byte-compiling /tmp/python-urwid/pkg/python2-urwid/usr/lib/python2.7/site-packages/urwid/tests/test_widget.py to test_widget.pyc
byte-compiling /tmp/python-urwid/pkg/python2-urwid/usr/lib/python2.7/site-packages/urwid/tests/util.py to util.pyc
byte-compiling /tmp/python-urwid/pkg/python2-urwid/usr/lib/python2.7/site-packages/urwid/tests/test_canvas.py to test_canvas.pyc
byte-compiling /tmp/python-urwid/pkg/python2-urwid/usr/lib/python2.7/site-packages/urwid/tests/__init__.py to __init__.pyc
byte-compiling /tmp/python-urwid/pkg/python2-urwid/usr/lib/python2.7/site-packages/urwid/tests/test_util.py to test_util.pyc
byte-compiling /tmp/python-urwid/pkg/python2-urwid/usr/lib/python2.7/site-packages/urwid/tests/test_vterm.py to test_vterm.pyc
byte-compiling /tmp/python-urwid/pkg/python2-urwid/usr/lib/python2.7/site-packages/urwid/tests/test_graphics.py to test_graphics.pyc
byte-compiling /tmp/python-urwid/pkg/python2-urwid/usr/lib/python2.7/site-packages/urwid/tests/test_container.py to test_container.pyc
byte-compiling /tmp/python-urwid/pkg/python2-urwid/usr/lib/python2.7/site-packages/urwid/tests/test_doctests.py to test_doctests.pyc
byte-compiling /tmp/python-urwid/pkg/python2-urwid/usr/lib/python2.7/site-packages/urwid/tests/test_listbox.py to test_listbox.pyc
byte-compiling /tmp/python-urwid/pkg/python2-urwid/usr/lib/python2.7/site-packages/urwid/tests/test_decoration.py to test_decoration.pyc
byte-compiling /tmp/python-urwid/pkg/python2-urwid/usr/lib/python2.7/site-packages/urwid/tests/test_text_layout.py to test_text_layout.pyc
byte-compiling /tmp/python-urwid/pkg/python2-urwid/usr/lib/python2.7/site-packages/urwid/tests/test_event_loops.py to test_event_loops.pyc
byte-compiling /tmp/python-urwid/pkg/python2-urwid/usr/lib/python2.7/site-packages/urwid/treetools.py to treetools.pyc
byte-compiling /tmp/python-urwid/pkg/python2-urwid/usr/lib/python2.7/site-packages/urwid/escape.py to escape.pyc
byte-compiling /tmp/python-urwid/pkg/python2-urwid/usr/lib/python2.7/site-packages/urwid/util.py to util.pyc
byte-compiling /tmp/python-urwid/pkg/python2-urwid/usr/lib/python2.7/site-packages/urwid/version.py to version.pyc
byte-compiling /tmp/python-urwid/pkg/python2-urwid/usr/lib/python2.7/site-packages/urwid/vterm.py to vterm.pyc
byte-compiling /tmp/python-urwid/pkg/python2-urwid/usr/lib/python2.7/site-packages/urwid/text_layout.py to text_layout.pyc
byte-compiling /tmp/python-urwid/pkg/python2-urwid/usr/lib/python2.7/site-packages/urwid/command_map.py to command_map.pyc
byte-compiling /tmp/python-urwid/pkg/python2-urwid/usr/lib/python2.7/site-packages/urwid/display_common.py to display_common.pyc
byte-compiling /tmp/python-urwid/pkg/python2-urwid/usr/lib/python2.7/site-packages/urwid/split_repr.py to split_repr.pyc
byte-compiling /tmp/python-urwid/pkg/python2-urwid/usr/lib/python2.7/site-packages/urwid/old_str_util.py to old_str_util.pyc
byte-compiling /tmp/python-urwid/pkg/python2-urwid/usr/lib/python2.7/site-packages/urwid/__init__.py to __init__.pyc
byte-compiling /tmp/python-urwid/pkg/python2-urwid/usr/lib/python2.7/site-packages/urwid/curses_display.py to curses_display.pyc
byte-compiling /tmp/python-urwid/pkg/python2-urwid/usr/lib/python2.7/site-packages/urwid/compat.py to compat.pyc
byte-compiling /tmp/python-urwid/pkg/python2-urwid/usr/lib/python2.7/site-packages/urwid/graphics.py to graphics.pyc
byte-compiling /tmp/python-urwid/pkg/python2-urwid/usr/lib/python2.7/site-packages/urwid/widget.py to widget.pyc
byte-compiling /tmp/python-urwid/pkg/python2-urwid/usr/lib/python2.7/site-packages/urwid/monitored_list.py to monitored_list.pyc
byte-compiling /tmp/python-urwid/pkg/python2-urwid/usr/lib/python2.7/site-packages/urwid/listbox.py to listbox.pyc
byte-compiling /tmp/python-urwid/pkg/python2-urwid/usr/lib/python2.7/site-packages/urwid/signals.py to signals.pyc
byte-compiling /tmp/python-urwid/pkg/python2-urwid/usr/lib/python2.7/site-packages/urwid/font.py to font.pyc
byte-compiling /tmp/python-urwid/pkg/python2-urwid/usr/lib/python2.7/site-packages/urwid/main_loop.py to main_loop.pyc
byte-compiling /tmp/python-urwid/pkg/python2-urwid/usr/lib/python2.7/site-packages/urwid/web_display.py to web_display.pyc
byte-compiling /tmp/python-urwid/pkg/python2-urwid/usr/lib/python2.7/site-packages/urwid/canvas.py to canvas.pyc
byte-compiling /tmp/python-urwid/pkg/python2-urwid/usr/lib/python2.7/site-packages/urwid/lcd_display.py to lcd_display.pyc
byte-compiling /tmp/python-urwid/pkg/python2-urwid/usr/lib/python2.7/site-packages/urwid/raw_display.py to raw_display.pyc
byte-compiling /tmp/python-urwid/pkg/python2-urwid/usr/lib/python2.7/site-packages/urwid/wimp.py to wimp.pyc
byte-compiling /tmp/python-urwid/pkg/python2-urwid/usr/lib/python2.7/site-packages/urwid/container.py to container.pyc
byte-compiling /tmp/python-urwid/pkg/python2-urwid/usr/lib/python2.7/site-packages/urwid/html_fragment.py to html_fragment.pyc
byte-compiling /tmp/python-urwid/pkg/python2-urwid/usr/lib/python2.7/site-packages/urwid/decoration.py to decoration.pyc
writing byte-compilation script '/tmp/tmpWsOZY7.py'
/tmp/toolchain/bin/python2 -O /tmp/tmpWsOZY7.py
removing /tmp/tmpWsOZY7.py
running install_egg_info
Writing /tmp/python-urwid/pkg/python2-urwid/usr/lib/python2.7/site-packages/urwid-1.3.0-py2.7.egg-info
==> Tidying install...
  -> Removing doc files...
  -> Purging unwanted files...
==> Creating package "python2-urwid"...
  -> Generating .PKGINFO file...
  -> Generating .MTREE file...
  -> Compressing package...
==> Leaving fakeroot environment.
==> Finished making: python-urwid 1.3.0-3 (Sat Nov 14 00:31:07 UTC 2015)
===> Printing config.logs
===> Finished printing config.logs></pre></code>
        </body></html>
