        <html><head></head><body>
        <h1>Report for python-simplejson on toolchain
            <a href="index.html">android</a>
        </h1>
        <p>Return code: 0</p>
        <p>Time to run: 00:00:26</p>
        <p>Log output:</p>
        <code><pre><docker run --rm -v /tuscan_data --volumes-from tuscan_data -v /sources --volumes-from sources -v /var/cache/pacman/pkg --volumes-from pkg_cache_android -v logs:/logs make_package_container --sources-directory /sources --shared-directory /tuscan_data python-simplejson
:: Synchronizing package databases...
downloading repo.db...
downloading core.db...
downloading extra.db...
downloading community.db...
Found 1930 packages in cache
===> sudo -u tuscan makepkg --nobuild --syncdeps --skipinteg --skippgpcheck --skipchecksums --noconfirm --nocolor --log --noprogressbar --nocheck
==> Making package: python-simplejson 3.7.2-2 (Fri Nov 13 23:50:11 UTC 2015)
==> Checking runtime dependencies...
==> Checking buildtime dependencies...
==> Installing missing dependencies...
resolving dependencies...
looking for conflicting packages...

Packages (8) perl-error-0.17024-1  python-packaging-15.3-2  python2-2.7.10-2  python2-packaging-15.3-2  sqlite-3.9.2-1  git-2.6.2-1  python-setuptools-1:18.5-1  python2-setuptools-1:18.5-1

Total Installed Size:  104.69 MiB

:: Proceed with installation? [Y/n] 
checking keyring...
checking package integrity...
loading package files...
checking for file conflicts...
checking available disk space...
installing python-packaging...
installing python-setuptools...
installing sqlite...
installing python2...
Optional dependencies for python2
    tk: for IDLE
    python2-setuptools [pending]
    python2-pip
installing python2-packaging...
installing python2-setuptools...
installing perl-error...
installing git...
Optional dependencies for git
    tk: gitk and git gui
    perl-libwww: git svn
    perl-term-readkey: git svn
    perl-mime-tools: git send-email
    perl-net-smtp-ssl: git send-email TLS support
    perl-authen-sasl: git send-email TLS support
    python2: various helper scripts [installed]
    subversion: git svn
    cvsps2: git cvsimport
    gnome-keyring: GNOME keyring credential helper
==> Retrieving sources...
  -> Cloning simplejson git repo...
Cloning into bare repository '/sources/python-simplejson/simplejson'...
==> WARNING: Skipping all source file integrity checks.
==> Extracting sources...
  -> Creating working copy of simplejson git repo...
Cloning into 'simplejson'...
done.
Switched to a new branch 'makepkg'
==> Sources are ready.
Copied source directory to /sources/python-simplejson
===> sudo -u tuscan PATH=/tmp/toolchain/bin:/usr/local/sbin:/usr/local/bin:/usr/sbin:/usr/bin:/sbin:/bin CC=arm-linux-androideabi-gcc CXX=arm-linux-androideabi-g++ SYSROOT=/build/android-ndk-r10e/platforms/android-21/arch-arm makepkg --noextract --syncdeps --skipinteg --skippgpcheck --skipchecksums --noconfirm --nocolor --log --noprogressbar --nocheck
==> Making package: python-simplejson 3.7.2-2 (Fri Nov 13 23:50:20 UTC 2015)
==> Checking runtime dependencies...
==> Checking buildtime dependencies...
==> WARNING: Using existing $srcdir/ tree
==> Entering fakeroot environment...
==> Starting package_python-simplejson()...
running install
running build
running build_py
creating build
creating build/lib.linux-x86_64-2.7
creating build/lib.linux-x86_64-2.7/simplejson
copying simplejson/encoder.py -> build/lib.linux-x86_64-2.7/simplejson
copying simplejson/scanner.py -> build/lib.linux-x86_64-2.7/simplejson
copying simplejson/tool.py -> build/lib.linux-x86_64-2.7/simplejson
copying simplejson/decoder.py -> build/lib.linux-x86_64-2.7/simplejson
copying simplejson/__init__.py -> build/lib.linux-x86_64-2.7/simplejson
copying simplejson/compat.py -> build/lib.linux-x86_64-2.7/simplejson
copying simplejson/ordered_dict.py -> build/lib.linux-x86_64-2.7/simplejson
creating build/lib.linux-x86_64-2.7/simplejson/tests
copying simplejson/tests/test_subclass.py -> build/lib.linux-x86_64-2.7/simplejson/tests
copying simplejson/tests/test_indent.py -> build/lib.linux-x86_64-2.7/simplejson/tests
copying simplejson/tests/test_check_circular.py -> build/lib.linux-x86_64-2.7/simplejson/tests
copying simplejson/tests/test_decode.py -> build/lib.linux-x86_64-2.7/simplejson/tests
copying simplejson/tests/test_for_json.py -> build/lib.linux-x86_64-2.7/simplejson/tests
copying simplejson/tests/test_scanstring.py -> build/lib.linux-x86_64-2.7/simplejson/tests
copying simplejson/tests/test_item_sort_key.py -> build/lib.linux-x86_64-2.7/simplejson/tests
copying simplejson/tests/test_namedtuple.py -> build/lib.linux-x86_64-2.7/simplejson/tests
copying simplejson/tests/test_tuple.py -> build/lib.linux-x86_64-2.7/simplejson/tests
copying simplejson/tests/test_bitsize_int_as_string.py -> build/lib.linux-x86_64-2.7/simplejson/tests
copying simplejson/tests/test_tool.py -> build/lib.linux-x86_64-2.7/simplejson/tests
copying simplejson/tests/test_pass2.py -> build/lib.linux-x86_64-2.7/simplejson/tests
copying simplejson/tests/test_encode_basestring_ascii.py -> build/lib.linux-x86_64-2.7/simplejson/tests
copying simplejson/tests/__init__.py -> build/lib.linux-x86_64-2.7/simplejson/tests
copying simplejson/tests/test_default.py -> build/lib.linux-x86_64-2.7/simplejson/tests
copying simplejson/tests/test_dump.py -> build/lib.linux-x86_64-2.7/simplejson/tests
copying simplejson/tests/test_pass3.py -> build/lib.linux-x86_64-2.7/simplejson/tests
copying simplejson/tests/test_float.py -> build/lib.linux-x86_64-2.7/simplejson/tests
copying simplejson/tests/test_encode_for_html.py -> build/lib.linux-x86_64-2.7/simplejson/tests
copying simplejson/tests/test_pass1.py -> build/lib.linux-x86_64-2.7/simplejson/tests
copying simplejson/tests/test_unicode.py -> build/lib.linux-x86_64-2.7/simplejson/tests
copying simplejson/tests/test_bigint_as_string.py -> build/lib.linux-x86_64-2.7/simplejson/tests
copying simplejson/tests/test_separators.py -> build/lib.linux-x86_64-2.7/simplejson/tests
copying simplejson/tests/test_fail.py -> build/lib.linux-x86_64-2.7/simplejson/tests
copying simplejson/tests/test_recursion.py -> build/lib.linux-x86_64-2.7/simplejson/tests
copying simplejson/tests/test_speedups.py -> build/lib.linux-x86_64-2.7/simplejson/tests
copying simplejson/tests/test_decimal.py -> build/lib.linux-x86_64-2.7/simplejson/tests
copying simplejson/tests/test_errors.py -> build/lib.linux-x86_64-2.7/simplejson/tests
running build_ext
building 'simplejson._speedups' extension
creating build/temp.linux-x86_64-2.7
creating build/temp.linux-x86_64-2.7/simplejson
arm-linux-androideabi-gcc -DNDEBUG -fwrapv -O3 -Wall -Wstrict-prototypes -fPIC -I/tmp/toolchain/include/python2.7 -c simplejson/_speedups.c -o build/temp.linux-x86_64-2.7/simplejson/_speedups.o
In file included from /tmp/toolchain/include/python2.7/Python.h:58:0,
                 from simplejson/_speedups.c:2:
/tmp/toolchain/include/python2.7/pyport.h:1029:2: error: #error "LONG_BIT definition appears wrong for platform (bad gcc/glibc config?)."
 #error "LONG_BIT definition appears wrong for platform (bad gcc/glibc config?)."
  ^
simplejson/_speedups.c: In function 'scan_once_str':
simplejson/_speedups.c:2198:17: warning: dereferencing type-punned pointer will break strict-aliasing rules [-Wstrict-aliasing]
                 Py_INCREF(Py_True);
                 ^
simplejson/_speedups.c:2208:17: warning: dereferencing type-punned pointer will break strict-aliasing rules [-Wstrict-aliasing]
                 Py_INCREF(Py_False);
                 ^
simplejson/_speedups.c: In function 'scan_once_unicode':
simplejson/_speedups.c:2311:17: warning: dereferencing type-punned pointer will break strict-aliasing rules [-Wstrict-aliasing]
                 Py_INCREF(Py_True);
                 ^
simplejson/_speedups.c:2325:17: warning: dereferencing type-punned pointer will break strict-aliasing rules [-Wstrict-aliasing]
                 Py_INCREF(Py_False);
                 ^
simplejson/_speedups.c: In function 'moduleinit':
simplejson/_speedups.c:3362:5: warning: dereferencing type-punned pointer will break strict-aliasing rules [-Wstrict-aliasing]
     Py_INCREF((PyObject*)&PyScannerType);
     ^
simplejson/_speedups.c:3364:5: warning: dereferencing type-punned pointer will break strict-aliasing rules [-Wstrict-aliasing]
     Py_INCREF((PyObject*)&PyEncoderType);
     ^
***************************************************************************
WARNING: The C extension could not be compiled, speedups are not enabled.
Failure information, if any, is above.
I'm retrying the build without the C extension now.
***************************************************************************
running install
running build
running build_py
creating build/lib
creating build/lib/simplejson
copying simplejson/encoder.py -> build/lib/simplejson
copying simplejson/scanner.py -> build/lib/simplejson
copying simplejson/tool.py -> build/lib/simplejson
copying simplejson/decoder.py -> build/lib/simplejson
copying simplejson/__init__.py -> build/lib/simplejson
copying simplejson/compat.py -> build/lib/simplejson
copying simplejson/ordered_dict.py -> build/lib/simplejson
creating build/lib/simplejson/tests
copying simplejson/tests/test_subclass.py -> build/lib/simplejson/tests
copying simplejson/tests/test_indent.py -> build/lib/simplejson/tests
copying simplejson/tests/test_check_circular.py -> build/lib/simplejson/tests
copying simplejson/tests/test_decode.py -> build/lib/simplejson/tests
copying simplejson/tests/test_for_json.py -> build/lib/simplejson/tests
copying simplejson/tests/test_scanstring.py -> build/lib/simplejson/tests
copying simplejson/tests/test_item_sort_key.py -> build/lib/simplejson/tests
copying simplejson/tests/test_namedtuple.py -> build/lib/simplejson/tests
copying simplejson/tests/test_tuple.py -> build/lib/simplejson/tests
copying simplejson/tests/test_bitsize_int_as_string.py -> build/lib/simplejson/tests
copying simplejson/tests/test_tool.py -> build/lib/simplejson/tests
copying simplejson/tests/test_pass2.py -> build/lib/simplejson/tests
copying simplejson/tests/test_encode_basestring_ascii.py -> build/lib/simplejson/tests
copying simplejson/tests/__init__.py -> build/lib/simplejson/tests
copying simplejson/tests/test_default.py -> build/lib/simplejson/tests
copying simplejson/tests/test_dump.py -> build/lib/simplejson/tests
copying simplejson/tests/test_pass3.py -> build/lib/simplejson/tests
copying simplejson/tests/test_float.py -> build/lib/simplejson/tests
copying simplejson/tests/test_encode_for_html.py -> build/lib/simplejson/tests
copying simplejson/tests/test_pass1.py -> build/lib/simplejson/tests
copying simplejson/tests/test_unicode.py -> build/lib/simplejson/tests
copying simplejson/tests/test_bigint_as_string.py -> build/lib/simplejson/tests
copying simplejson/tests/test_separators.py -> build/lib/simplejson/tests
copying simplejson/tests/test_fail.py -> build/lib/simplejson/tests
copying simplejson/tests/test_recursion.py -> build/lib/simplejson/tests
copying simplejson/tests/test_speedups.py -> build/lib/simplejson/tests
copying simplejson/tests/test_decimal.py -> build/lib/simplejson/tests
copying simplejson/tests/test_errors.py -> build/lib/simplejson/tests
running install_lib
creating /tmp/python-simplejson/pkg/python-simplejson/tmp
creating /tmp/python-simplejson/pkg/python-simplejson/tmp/toolchain
creating /tmp/python-simplejson/pkg/python-simplejson/tmp/toolchain/lib
creating /tmp/python-simplejson/pkg/python-simplejson/tmp/toolchain/lib/python2.7
creating /tmp/python-simplejson/pkg/python-simplejson/tmp/toolchain/lib/python2.7/site-packages
creating /tmp/python-simplejson/pkg/python-simplejson/tmp/toolchain/lib/python2.7/site-packages/simplejson
copying build/lib/simplejson/encoder.py -> /tmp/python-simplejson/pkg/python-simplejson/tmp/toolchain/lib/python2.7/site-packages/simplejson
copying build/lib/simplejson/scanner.py -> /tmp/python-simplejson/pkg/python-simplejson/tmp/toolchain/lib/python2.7/site-packages/simplejson
creating /tmp/python-simplejson/pkg/python-simplejson/tmp/toolchain/lib/python2.7/site-packages/simplejson/tests
copying build/lib/simplejson/tests/test_subclass.py -> /tmp/python-simplejson/pkg/python-simplejson/tmp/toolchain/lib/python2.7/site-packages/simplejson/tests
copying build/lib/simplejson/tests/test_indent.py -> /tmp/python-simplejson/pkg/python-simplejson/tmp/toolchain/lib/python2.7/site-packages/simplejson/tests
copying build/lib/simplejson/tests/test_check_circular.py -> /tmp/python-simplejson/pkg/python-simplejson/tmp/toolchain/lib/python2.7/site-packages/simplejson/tests
copying build/lib/simplejson/tests/test_decode.py -> /tmp/python-simplejson/pkg/python-simplejson/tmp/toolchain/lib/python2.7/site-packages/simplejson/tests
copying build/lib/simplejson/tests/test_for_json.py -> /tmp/python-simplejson/pkg/python-simplejson/tmp/toolchain/lib/python2.7/site-packages/simplejson/tests
copying build/lib/simplejson/tests/test_scanstring.py -> /tmp/python-simplejson/pkg/python-simplejson/tmp/toolchain/lib/python2.7/site-packages/simplejson/tests
copying build/lib/simplejson/tests/test_item_sort_key.py -> /tmp/python-simplejson/pkg/python-simplejson/tmp/toolchain/lib/python2.7/site-packages/simplejson/tests
copying build/lib/simplejson/tests/test_namedtuple.py -> /tmp/python-simplejson/pkg/python-simplejson/tmp/toolchain/lib/python2.7/site-packages/simplejson/tests
copying build/lib/simplejson/tests/test_tuple.py -> /tmp/python-simplejson/pkg/python-simplejson/tmp/toolchain/lib/python2.7/site-packages/simplejson/tests
copying build/lib/simplejson/tests/test_bitsize_int_as_string.py -> /tmp/python-simplejson/pkg/python-simplejson/tmp/toolchain/lib/python2.7/site-packages/simplejson/tests
copying build/lib/simplejson/tests/test_tool.py -> /tmp/python-simplejson/pkg/python-simplejson/tmp/toolchain/lib/python2.7/site-packages/simplejson/tests
copying build/lib/simplejson/tests/test_pass2.py -> /tmp/python-simplejson/pkg/python-simplejson/tmp/toolchain/lib/python2.7/site-packages/simplejson/tests
copying build/lib/simplejson/tests/test_encode_basestring_ascii.py -> /tmp/python-simplejson/pkg/python-simplejson/tmp/toolchain/lib/python2.7/site-packages/simplejson/tests
copying build/lib/simplejson/tests/__init__.py -> /tmp/python-simplejson/pkg/python-simplejson/tmp/toolchain/lib/python2.7/site-packages/simplejson/tests
copying build/lib/simplejson/tests/test_default.py -> /tmp/python-simplejson/pkg/python-simplejson/tmp/toolchain/lib/python2.7/site-packages/simplejson/tests
copying build/lib/simplejson/tests/test_dump.py -> /tmp/python-simplejson/pkg/python-simplejson/tmp/toolchain/lib/python2.7/site-packages/simplejson/tests
copying build/lib/simplejson/tests/test_pass3.py -> /tmp/python-simplejson/pkg/python-simplejson/tmp/toolchain/lib/python2.7/site-packages/simplejson/tests
copying build/lib/simplejson/tests/test_float.py -> /tmp/python-simplejson/pkg/python-simplejson/tmp/toolchain/lib/python2.7/site-packages/simplejson/tests
copying build/lib/simplejson/tests/test_encode_for_html.py -> /tmp/python-simplejson/pkg/python-simplejson/tmp/toolchain/lib/python2.7/site-packages/simplejson/tests
copying build/lib/simplejson/tests/test_pass1.py -> /tmp/python-simplejson/pkg/python-simplejson/tmp/toolchain/lib/python2.7/site-packages/simplejson/tests
copying build/lib/simplejson/tests/test_unicode.py -> /tmp/python-simplejson/pkg/python-simplejson/tmp/toolchain/lib/python2.7/site-packages/simplejson/tests
copying build/lib/simplejson/tests/test_bigint_as_string.py -> /tmp/python-simplejson/pkg/python-simplejson/tmp/toolchain/lib/python2.7/site-packages/simplejson/tests
copying build/lib/simplejson/tests/test_separators.py -> /tmp/python-simplejson/pkg/python-simplejson/tmp/toolchain/lib/python2.7/site-packages/simplejson/tests
copying build/lib/simplejson/tests/test_fail.py -> /tmp/python-simplejson/pkg/python-simplejson/tmp/toolchain/lib/python2.7/site-packages/simplejson/tests
copying build/lib/simplejson/tests/test_recursion.py -> /tmp/python-simplejson/pkg/python-simplejson/tmp/toolchain/lib/python2.7/site-packages/simplejson/tests
copying build/lib/simplejson/tests/test_speedups.py -> /tmp/python-simplejson/pkg/python-simplejson/tmp/toolchain/lib/python2.7/site-packages/simplejson/tests
copying build/lib/simplejson/tests/test_decimal.py -> /tmp/python-simplejson/pkg/python-simplejson/tmp/toolchain/lib/python2.7/site-packages/simplejson/tests
copying build/lib/simplejson/tests/test_errors.py -> /tmp/python-simplejson/pkg/python-simplejson/tmp/toolchain/lib/python2.7/site-packages/simplejson/tests
copying build/lib/simplejson/tool.py -> /tmp/python-simplejson/pkg/python-simplejson/tmp/toolchain/lib/python2.7/site-packages/simplejson
copying build/lib/simplejson/decoder.py -> /tmp/python-simplejson/pkg/python-simplejson/tmp/toolchain/lib/python2.7/site-packages/simplejson
copying build/lib/simplejson/__init__.py -> /tmp/python-simplejson/pkg/python-simplejson/tmp/toolchain/lib/python2.7/site-packages/simplejson
copying build/lib/simplejson/compat.py -> /tmp/python-simplejson/pkg/python-simplejson/tmp/toolchain/lib/python2.7/site-packages/simplejson
copying build/lib/simplejson/ordered_dict.py -> /tmp/python-simplejson/pkg/python-simplejson/tmp/toolchain/lib/python2.7/site-packages/simplejson
byte-compiling /tmp/python-simplejson/pkg/python-simplejson/tmp/toolchain/lib/python2.7/site-packages/simplejson/encoder.py to encoder.pyc
byte-compiling /tmp/python-simplejson/pkg/python-simplejson/tmp/toolchain/lib/python2.7/site-packages/simplejson/scanner.py to scanner.pyc
byte-compiling /tmp/python-simplejson/pkg/python-simplejson/tmp/toolchain/lib/python2.7/site-packages/simplejson/tests/test_subclass.py to test_subclass.pyc
byte-compiling /tmp/python-simplejson/pkg/python-simplejson/tmp/toolchain/lib/python2.7/site-packages/simplejson/tests/test_indent.py to test_indent.pyc
byte-compiling /tmp/python-simplejson/pkg/python-simplejson/tmp/toolchain/lib/python2.7/site-packages/simplejson/tests/test_check_circular.py to test_check_circular.pyc
byte-compiling /tmp/python-simplejson/pkg/python-simplejson/tmp/toolchain/lib/python2.7/site-packages/simplejson/tests/test_decode.py to test_decode.pyc
byte-compiling /tmp/python-simplejson/pkg/python-simplejson/tmp/toolchain/lib/python2.7/site-packages/simplejson/tests/test_for_json.py to test_for_json.pyc
byte-compiling /tmp/python-simplejson/pkg/python-simplejson/tmp/toolchain/lib/python2.7/site-packages/simplejson/tests/test_scanstring.py to test_scanstring.pyc
byte-compiling /tmp/python-simplejson/pkg/python-simplejson/tmp/toolchain/lib/python2.7/site-packages/simplejson/tests/test_item_sort_key.py to test_item_sort_key.pyc
byte-compiling /tmp/python-simplejson/pkg/python-simplejson/tmp/toolchain/lib/python2.7/site-packages/simplejson/tests/test_namedtuple.py to test_namedtuple.pyc
byte-compiling /tmp/python-simplejson/pkg/python-simplejson/tmp/toolchain/lib/python2.7/site-packages/simplejson/tests/test_tuple.py to test_tuple.pyc
byte-compiling /tmp/python-simplejson/pkg/python-simplejson/tmp/toolchain/lib/python2.7/site-packages/simplejson/tests/test_bitsize_int_as_string.py to test_bitsize_int_as_string.pyc
byte-compiling /tmp/python-simplejson/pkg/python-simplejson/tmp/toolchain/lib/python2.7/site-packages/simplejson/tests/test_tool.py to test_tool.pyc
byte-compiling /tmp/python-simplejson/pkg/python-simplejson/tmp/toolchain/lib/python2.7/site-packages/simplejson/tests/test_pass2.py to test_pass2.pyc
byte-compiling /tmp/python-simplejson/pkg/python-simplejson/tmp/toolchain/lib/python2.7/site-packages/simplejson/tests/test_encode_basestring_ascii.py to test_encode_basestring_ascii.pyc
byte-compiling /tmp/python-simplejson/pkg/python-simplejson/tmp/toolchain/lib/python2.7/site-packages/simplejson/tests/__init__.py to __init__.pyc
byte-compiling /tmp/python-simplejson/pkg/python-simplejson/tmp/toolchain/lib/python2.7/site-packages/simplejson/tests/test_default.py to test_default.pyc
byte-compiling /tmp/python-simplejson/pkg/python-simplejson/tmp/toolchain/lib/python2.7/site-packages/simplejson/tests/test_dump.py to test_dump.pyc
byte-compiling /tmp/python-simplejson/pkg/python-simplejson/tmp/toolchain/lib/python2.7/site-packages/simplejson/tests/test_pass3.py to test_pass3.pyc
byte-compiling /tmp/python-simplejson/pkg/python-simplejson/tmp/toolchain/lib/python2.7/site-packages/simplejson/tests/test_float.py to test_float.pyc
byte-compiling /tmp/python-simplejson/pkg/python-simplejson/tmp/toolchain/lib/python2.7/site-packages/simplejson/tests/test_encode_for_html.py to test_encode_for_html.pyc
byte-compiling /tmp/python-simplejson/pkg/python-simplejson/tmp/toolchain/lib/python2.7/site-packages/simplejson/tests/test_pass1.py to test_pass1.pyc
byte-compiling /tmp/python-simplejson/pkg/python-simplejson/tmp/toolchain/lib/python2.7/site-packages/simplejson/tests/test_unicode.py to test_unicode.pyc
byte-compiling /tmp/python-simplejson/pkg/python-simplejson/tmp/toolchain/lib/python2.7/site-packages/simplejson/tests/test_bigint_as_string.py to test_bigint_as_string.pyc
byte-compiling /tmp/python-simplejson/pkg/python-simplejson/tmp/toolchain/lib/python2.7/site-packages/simplejson/tests/test_separators.py to test_separators.pyc
byte-compiling /tmp/python-simplejson/pkg/python-simplejson/tmp/toolchain/lib/python2.7/site-packages/simplejson/tests/test_fail.py to test_fail.pyc
byte-compiling /tmp/python-simplejson/pkg/python-simplejson/tmp/toolchain/lib/python2.7/site-packages/simplejson/tests/test_recursion.py to test_recursion.pyc
byte-compiling /tmp/python-simplejson/pkg/python-simplejson/tmp/toolchain/lib/python2.7/site-packages/simplejson/tests/test_speedups.py to test_speedups.pyc
byte-compiling /tmp/python-simplejson/pkg/python-simplejson/tmp/toolchain/lib/python2.7/site-packages/simplejson/tests/test_decimal.py to test_decimal.pyc
byte-compiling /tmp/python-simplejson/pkg/python-simplejson/tmp/toolchain/lib/python2.7/site-packages/simplejson/tests/test_errors.py to test_errors.pyc
byte-compiling /tmp/python-simplejson/pkg/python-simplejson/tmp/toolchain/lib/python2.7/site-packages/simplejson/tool.py to tool.pyc
byte-compiling /tmp/python-simplejson/pkg/python-simplejson/tmp/toolchain/lib/python2.7/site-packages/simplejson/decoder.py to decoder.pyc
byte-compiling /tmp/python-simplejson/pkg/python-simplejson/tmp/toolchain/lib/python2.7/site-packages/simplejson/__init__.py to __init__.pyc
byte-compiling /tmp/python-simplejson/pkg/python-simplejson/tmp/toolchain/lib/python2.7/site-packages/simplejson/compat.py to compat.pyc
byte-compiling /tmp/python-simplejson/pkg/python-simplejson/tmp/toolchain/lib/python2.7/site-packages/simplejson/ordered_dict.py to ordered_dict.pyc
running install_egg_info
Writing /tmp/python-simplejson/pkg/python-simplejson/tmp/toolchain/lib/python2.7/site-packages/simplejson-3.7.2-py2.7.egg-info
***************************************************************************
WARNING: The C extension could not be compiled, speedups are not enabled.
Plain-Python installation succeeded.
***************************************************************************
==> Tidying install...
  -> Removing doc files...
  -> Purging unwanted files...
==> Creating package "python-simplejson"...
  -> Generating .PKGINFO file...
  -> Generating .MTREE file...
  -> Compressing package...
==> Starting package_python2-simplejson()...
running install
running build
running build_py
running build_ext
building 'simplejson._speedups' extension
arm-linux-androideabi-gcc -DNDEBUG -fwrapv -O3 -Wall -Wstrict-prototypes -fPIC -I/tmp/toolchain/include/python2.7 -c simplejson/_speedups.c -o build/temp.linux-x86_64-2.7/simplejson/_speedups.o
In file included from /tmp/toolchain/include/python2.7/Python.h:58:0,
                 from simplejson/_speedups.c:2:
/tmp/toolchain/include/python2.7/pyport.h:1029:2: error: #error "LONG_BIT definition appears wrong for platform (bad gcc/glibc config?)."
 #error "LONG_BIT definition appears wrong for platform (bad gcc/glibc config?)."
  ^
simplejson/_speedups.c: In function 'scan_once_str':
simplejson/_speedups.c:2198:17: warning: dereferencing type-punned pointer will break strict-aliasing rules [-Wstrict-aliasing]
                 Py_INCREF(Py_True);
                 ^
simplejson/_speedups.c:2208:17: warning: dereferencing type-punned pointer will break strict-aliasing rules [-Wstrict-aliasing]
                 Py_INCREF(Py_False);
                 ^
simplejson/_speedups.c: In function 'scan_once_unicode':
simplejson/_speedups.c:2311:17: warning: dereferencing type-punned pointer will break strict-aliasing rules [-Wstrict-aliasing]
                 Py_INCREF(Py_True);
                 ^
simplejson/_speedups.c:2325:17: warning: dereferencing type-punned pointer will break strict-aliasing rules [-Wstrict-aliasing]
                 Py_INCREF(Py_False);
                 ^
simplejson/_speedups.c: In function 'moduleinit':
simplejson/_speedups.c:3362:5: warning: dereferencing type-punned pointer will break strict-aliasing rules [-Wstrict-aliasing]
     Py_INCREF((PyObject*)&PyScannerType);
     ^
simplejson/_speedups.c:3364:5: warning: dereferencing type-punned pointer will break strict-aliasing rules [-Wstrict-aliasing]
     Py_INCREF((PyObject*)&PyEncoderType);
     ^
***************************************************************************
WARNING: The C extension could not be compiled, speedups are not enabled.
Failure information, if any, is above.
I'm retrying the build without the C extension now.
***************************************************************************
running install
running build
running build_py
running install_lib
creating /tmp/python-simplejson/pkg/python2-simplejson/tmp
creating /tmp/python-simplejson/pkg/python2-simplejson/tmp/toolchain
creating /tmp/python-simplejson/pkg/python2-simplejson/tmp/toolchain/lib
creating /tmp/python-simplejson/pkg/python2-simplejson/tmp/toolchain/lib/python2.7
creating /tmp/python-simplejson/pkg/python2-simplejson/tmp/toolchain/lib/python2.7/site-packages
creating /tmp/python-simplejson/pkg/python2-simplejson/tmp/toolchain/lib/python2.7/site-packages/simplejson
copying build/lib/simplejson/encoder.py -> /tmp/python-simplejson/pkg/python2-simplejson/tmp/toolchain/lib/python2.7/site-packages/simplejson
copying build/lib/simplejson/scanner.py -> /tmp/python-simplejson/pkg/python2-simplejson/tmp/toolchain/lib/python2.7/site-packages/simplejson
creating /tmp/python-simplejson/pkg/python2-simplejson/tmp/toolchain/lib/python2.7/site-packages/simplejson/tests
copying build/lib/simplejson/tests/test_subclass.py -> /tmp/python-simplejson/pkg/python2-simplejson/tmp/toolchain/lib/python2.7/site-packages/simplejson/tests
copying build/lib/simplejson/tests/test_indent.py -> /tmp/python-simplejson/pkg/python2-simplejson/tmp/toolchain/lib/python2.7/site-packages/simplejson/tests
copying build/lib/simplejson/tests/test_check_circular.py -> /tmp/python-simplejson/pkg/python2-simplejson/tmp/toolchain/lib/python2.7/site-packages/simplejson/tests
copying build/lib/simplejson/tests/test_decode.py -> /tmp/python-simplejson/pkg/python2-simplejson/tmp/toolchain/lib/python2.7/site-packages/simplejson/tests
copying build/lib/simplejson/tests/test_for_json.py -> /tmp/python-simplejson/pkg/python2-simplejson/tmp/toolchain/lib/python2.7/site-packages/simplejson/tests
copying build/lib/simplejson/tests/test_scanstring.py -> /tmp/python-simplejson/pkg/python2-simplejson/tmp/toolchain/lib/python2.7/site-packages/simplejson/tests
copying build/lib/simplejson/tests/test_item_sort_key.py -> /tmp/python-simplejson/pkg/python2-simplejson/tmp/toolchain/lib/python2.7/site-packages/simplejson/tests
copying build/lib/simplejson/tests/test_namedtuple.py -> /tmp/python-simplejson/pkg/python2-simplejson/tmp/toolchain/lib/python2.7/site-packages/simplejson/tests
copying build/lib/simplejson/tests/test_tuple.py -> /tmp/python-simplejson/pkg/python2-simplejson/tmp/toolchain/lib/python2.7/site-packages/simplejson/tests
copying build/lib/simplejson/tests/test_bitsize_int_as_string.py -> /tmp/python-simplejson/pkg/python2-simplejson/tmp/toolchain/lib/python2.7/site-packages/simplejson/tests
copying build/lib/simplejson/tests/test_tool.py -> /tmp/python-simplejson/pkg/python2-simplejson/tmp/toolchain/lib/python2.7/site-packages/simplejson/tests
copying build/lib/simplejson/tests/test_pass2.py -> /tmp/python-simplejson/pkg/python2-simplejson/tmp/toolchain/lib/python2.7/site-packages/simplejson/tests
copying build/lib/simplejson/tests/test_encode_basestring_ascii.py -> /tmp/python-simplejson/pkg/python2-simplejson/tmp/toolchain/lib/python2.7/site-packages/simplejson/tests
copying build/lib/simplejson/tests/__init__.py -> /tmp/python-simplejson/pkg/python2-simplejson/tmp/toolchain/lib/python2.7/site-packages/simplejson/tests
copying build/lib/simplejson/tests/test_default.py -> /tmp/python-simplejson/pkg/python2-simplejson/tmp/toolchain/lib/python2.7/site-packages/simplejson/tests
copying build/lib/simplejson/tests/test_dump.py -> /tmp/python-simplejson/pkg/python2-simplejson/tmp/toolchain/lib/python2.7/site-packages/simplejson/tests
copying build/lib/simplejson/tests/test_pass3.py -> /tmp/python-simplejson/pkg/python2-simplejson/tmp/toolchain/lib/python2.7/site-packages/simplejson/tests
copying build/lib/simplejson/tests/test_float.py -> /tmp/python-simplejson/pkg/python2-simplejson/tmp/toolchain/lib/python2.7/site-packages/simplejson/tests
copying build/lib/simplejson/tests/test_encode_for_html.py -> /tmp/python-simplejson/pkg/python2-simplejson/tmp/toolchain/lib/python2.7/site-packages/simplejson/tests
copying build/lib/simplejson/tests/test_pass1.py -> /tmp/python-simplejson/pkg/python2-simplejson/tmp/toolchain/lib/python2.7/site-packages/simplejson/tests
copying build/lib/simplejson/tests/test_unicode.py -> /tmp/python-simplejson/pkg/python2-simplejson/tmp/toolchain/lib/python2.7/site-packages/simplejson/tests
copying build/lib/simplejson/tests/test_bigint_as_string.py -> /tmp/python-simplejson/pkg/python2-simplejson/tmp/toolchain/lib/python2.7/site-packages/simplejson/tests
copying build/lib/simplejson/tests/test_separators.py -> /tmp/python-simplejson/pkg/python2-simplejson/tmp/toolchain/lib/python2.7/site-packages/simplejson/tests
copying build/lib/simplejson/tests/test_fail.py -> /tmp/python-simplejson/pkg/python2-simplejson/tmp/toolchain/lib/python2.7/site-packages/simplejson/tests
copying build/lib/simplejson/tests/test_recursion.py -> /tmp/python-simplejson/pkg/python2-simplejson/tmp/toolchain/lib/python2.7/site-packages/simplejson/tests
copying build/lib/simplejson/tests/test_speedups.py -> /tmp/python-simplejson/pkg/python2-simplejson/tmp/toolchain/lib/python2.7/site-packages/simplejson/tests
copying build/lib/simplejson/tests/test_decimal.py -> /tmp/python-simplejson/pkg/python2-simplejson/tmp/toolchain/lib/python2.7/site-packages/simplejson/tests
copying build/lib/simplejson/tests/test_errors.py -> /tmp/python-simplejson/pkg/python2-simplejson/tmp/toolchain/lib/python2.7/site-packages/simplejson/tests
copying build/lib/simplejson/tool.py -> /tmp/python-simplejson/pkg/python2-simplejson/tmp/toolchain/lib/python2.7/site-packages/simplejson
copying build/lib/simplejson/decoder.py -> /tmp/python-simplejson/pkg/python2-simplejson/tmp/toolchain/lib/python2.7/site-packages/simplejson
copying build/lib/simplejson/__init__.py -> /tmp/python-simplejson/pkg/python2-simplejson/tmp/toolchain/lib/python2.7/site-packages/simplejson
copying build/lib/simplejson/compat.py -> /tmp/python-simplejson/pkg/python2-simplejson/tmp/toolchain/lib/python2.7/site-packages/simplejson
copying build/lib/simplejson/ordered_dict.py -> /tmp/python-simplejson/pkg/python2-simplejson/tmp/toolchain/lib/python2.7/site-packages/simplejson
byte-compiling /tmp/python-simplejson/pkg/python2-simplejson/tmp/toolchain/lib/python2.7/site-packages/simplejson/encoder.py to encoder.pyc
byte-compiling /tmp/python-simplejson/pkg/python2-simplejson/tmp/toolchain/lib/python2.7/site-packages/simplejson/scanner.py to scanner.pyc
byte-compiling /tmp/python-simplejson/pkg/python2-simplejson/tmp/toolchain/lib/python2.7/site-packages/simplejson/tests/test_subclass.py to test_subclass.pyc
byte-compiling /tmp/python-simplejson/pkg/python2-simplejson/tmp/toolchain/lib/python2.7/site-packages/simplejson/tests/test_indent.py to test_indent.pyc
byte-compiling /tmp/python-simplejson/pkg/python2-simplejson/tmp/toolchain/lib/python2.7/site-packages/simplejson/tests/test_check_circular.py to test_check_circular.pyc
byte-compiling /tmp/python-simplejson/pkg/python2-simplejson/tmp/toolchain/lib/python2.7/site-packages/simplejson/tests/test_decode.py to test_decode.pyc
byte-compiling /tmp/python-simplejson/pkg/python2-simplejson/tmp/toolchain/lib/python2.7/site-packages/simplejson/tests/test_for_json.py to test_for_json.pyc
byte-compiling /tmp/python-simplejson/pkg/python2-simplejson/tmp/toolchain/lib/python2.7/site-packages/simplejson/tests/test_scanstring.py to test_scanstring.pyc
byte-compiling /tmp/python-simplejson/pkg/python2-simplejson/tmp/toolchain/lib/python2.7/site-packages/simplejson/tests/test_item_sort_key.py to test_item_sort_key.pyc
byte-compiling /tmp/python-simplejson/pkg/python2-simplejson/tmp/toolchain/lib/python2.7/site-packages/simplejson/tests/test_namedtuple.py to test_namedtuple.pyc
byte-compiling /tmp/python-simplejson/pkg/python2-simplejson/tmp/toolchain/lib/python2.7/site-packages/simplejson/tests/test_tuple.py to test_tuple.pyc
byte-compiling /tmp/python-simplejson/pkg/python2-simplejson/tmp/toolchain/lib/python2.7/site-packages/simplejson/tests/test_bitsize_int_as_string.py to test_bitsize_int_as_string.pyc
byte-compiling /tmp/python-simplejson/pkg/python2-simplejson/tmp/toolchain/lib/python2.7/site-packages/simplejson/tests/test_tool.py to test_tool.pyc
byte-compiling /tmp/python-simplejson/pkg/python2-simplejson/tmp/toolchain/lib/python2.7/site-packages/simplejson/tests/test_pass2.py to test_pass2.pyc
byte-compiling /tmp/python-simplejson/pkg/python2-simplejson/tmp/toolchain/lib/python2.7/site-packages/simplejson/tests/test_encode_basestring_ascii.py to test_encode_basestring_ascii.pyc
byte-compiling /tmp/python-simplejson/pkg/python2-simplejson/tmp/toolchain/lib/python2.7/site-packages/simplejson/tests/__init__.py to __init__.pyc
byte-compiling /tmp/python-simplejson/pkg/python2-simplejson/tmp/toolchain/lib/python2.7/site-packages/simplejson/tests/test_default.py to test_default.pyc
byte-compiling /tmp/python-simplejson/pkg/python2-simplejson/tmp/toolchain/lib/python2.7/site-packages/simplejson/tests/test_dump.py to test_dump.pyc
byte-compiling /tmp/python-simplejson/pkg/python2-simplejson/tmp/toolchain/lib/python2.7/site-packages/simplejson/tests/test_pass3.py to test_pass3.pyc
byte-compiling /tmp/python-simplejson/pkg/python2-simplejson/tmp/toolchain/lib/python2.7/site-packages/simplejson/tests/test_float.py to test_float.pyc
byte-compiling /tmp/python-simplejson/pkg/python2-simplejson/tmp/toolchain/lib/python2.7/site-packages/simplejson/tests/test_encode_for_html.py to test_encode_for_html.pyc
byte-compiling /tmp/python-simplejson/pkg/python2-simplejson/tmp/toolchain/lib/python2.7/site-packages/simplejson/tests/test_pass1.py to test_pass1.pyc
byte-compiling /tmp/python-simplejson/pkg/python2-simplejson/tmp/toolchain/lib/python2.7/site-packages/simplejson/tests/test_unicode.py to test_unicode.pyc
byte-compiling /tmp/python-simplejson/pkg/python2-simplejson/tmp/toolchain/lib/python2.7/site-packages/simplejson/tests/test_bigint_as_string.py to test_bigint_as_string.pyc
byte-compiling /tmp/python-simplejson/pkg/python2-simplejson/tmp/toolchain/lib/python2.7/site-packages/simplejson/tests/test_separators.py to test_separators.pyc
byte-compiling /tmp/python-simplejson/pkg/python2-simplejson/tmp/toolchain/lib/python2.7/site-packages/simplejson/tests/test_fail.py to test_fail.pyc
byte-compiling /tmp/python-simplejson/pkg/python2-simplejson/tmp/toolchain/lib/python2.7/site-packages/simplejson/tests/test_recursion.py to test_recursion.pyc
byte-compiling /tmp/python-simplejson/pkg/python2-simplejson/tmp/toolchain/lib/python2.7/site-packages/simplejson/tests/test_speedups.py to test_speedups.pyc
byte-compiling /tmp/python-simplejson/pkg/python2-simplejson/tmp/toolchain/lib/python2.7/site-packages/simplejson/tests/test_decimal.py to test_decimal.pyc
byte-compiling /tmp/python-simplejson/pkg/python2-simplejson/tmp/toolchain/lib/python2.7/site-packages/simplejson/tests/test_errors.py to test_errors.pyc
byte-compiling /tmp/python-simplejson/pkg/python2-simplejson/tmp/toolchain/lib/python2.7/site-packages/simplejson/tool.py to tool.pyc
byte-compiling /tmp/python-simplejson/pkg/python2-simplejson/tmp/toolchain/lib/python2.7/site-packages/simplejson/decoder.py to decoder.pyc
byte-compiling /tmp/python-simplejson/pkg/python2-simplejson/tmp/toolchain/lib/python2.7/site-packages/simplejson/__init__.py to __init__.pyc
byte-compiling /tmp/python-simplejson/pkg/python2-simplejson/tmp/toolchain/lib/python2.7/site-packages/simplejson/compat.py to compat.pyc
byte-compiling /tmp/python-simplejson/pkg/python2-simplejson/tmp/toolchain/lib/python2.7/site-packages/simplejson/ordered_dict.py to ordered_dict.pyc
running install_egg_info
Writing /tmp/python-simplejson/pkg/python2-simplejson/tmp/toolchain/lib/python2.7/site-packages/simplejson-3.7.2-py2.7.egg-info
***************************************************************************
WARNING: The C extension could not be compiled, speedups are not enabled.
Plain-Python installation succeeded.
***************************************************************************
==> Tidying install...
  -> Removing doc files...
  -> Purging unwanted files...
==> Creating package "python2-simplejson"...
  -> Generating .PKGINFO file...
  -> Generating .MTREE file...
  -> Compressing package...
==> Leaving fakeroot environment.
==> Finished making: python-simplejson 3.7.2-2 (Fri Nov 13 23:50:22 UTC 2015)
===> Printing config.logs
===> Finished printing config.logs></pre></code>
        </body></html>
