        <html><head></head><body>
        <h1>Report for python-numpy on toolchain
            <a href="index.html">android</a>
        </h1>
        <p>Return code: 5</p>
        <p>Time to run: 00:00:55</p>
        <p>Log output:</p>
        <code><pre><docker run --rm -v /tuscan_data --volumes-from tuscan_data -v /sources --volumes-from sources -v /var/cache/pacman/pkg --volumes-from pkg_cache_android -v logs:/logs make_package_container --sources-directory /sources --shared-directory /tuscan_data python-numpy
:: Synchronizing package databases...
downloading repo.db...
downloading core.db...
downloading extra.db...
downloading community.db...
Found 2673 packages in cache
===> sudo -u tuscan makepkg --nobuild --syncdeps --skipinteg --skippgpcheck --skipchecksums --noconfirm --nocolor --log --noprogressbar --nocheck
==> Making package: python-numpy 1.10.1-1 (Sat Nov 14 00:53:02 UTC 2015)
==> Checking runtime dependencies...
==> Checking buildtime dependencies...
==> Installing missing dependencies...
resolving dependencies...
looking for conflicting packages...

Packages (14) blas-3.5.0-1  python-packaging-15.3-2  python2-packaging-15.3-2  sqlite-3.9.2-1  cblas-3.5.0-3  cython-0.23.4-1  cython2-0.23.4-1  gcc-fortran-5.2.0-2  lapack-3.5.0-1  python-nose-1.3.7-2  python-setuptools-1:18.5-1  python2-2.7.10-2  python2-nose-1.3.7-2  python2-setuptools-1:18.5-1

Total Download Size:     0.20 MiB
Total Installed Size:  136.20 MiB

:: Proceed with installation? [Y/n] 
:: Retrieving packages ...
downloading python-nose-1.3.7-2-any.pkg.tar.xz...
checking keyring...
checking package integrity...
loading package files...
checking for file conflicts...
checking available disk space...
installing blas...
installing cblas...
installing lapack...
installing sqlite...
installing python2...
Optional dependencies for python2
    tk: for IDLE
    python2-setuptools [pending]
    python2-pip
installing python-packaging...
installing python-setuptools...
installing python2-packaging...
installing python2-setuptools...
installing gcc-fortran...
installing python-nose...
installing python2-nose...
installing cython...
installing cython2...
==> Retrieving sources...
  -> Downloading python-numpy-1.10.1.tar.gz...
  -> Found site.cfg
==> WARNING: Skipping all source file integrity checks.
==> Extracting sources...
  -> Extracting python-numpy-1.10.1.tar.gz with bsdtar
==> Starting prepare()...
==> Sources are ready.
Copied source directory to /sources/python-numpy
===> sudo -u tuscan PATH=/tmp/toolchain/bin:/usr/local/sbin:/usr/local/bin:/usr/sbin:/usr/bin:/sbin:/bin CC=arm-linux-androideabi-gcc CXX=arm-linux-androideabi-g++ SYSROOT=/build/android-ndk-r10e/platforms/android-21/arch-arm makepkg --noextract --syncdeps --skipinteg --skippgpcheck --skipchecksums --noconfirm --nocolor --log --noprogressbar --nocheck
==> Making package: python-numpy 1.10.1-1 (Sat Nov 14 00:53:24 UTC 2015)
==> Checking runtime dependencies...
==> Checking buildtime dependencies...
==> WARNING: Using existing $srcdir/ tree
==> Starting build()...
Building Python2
Running from numpy source directory.
Processing numpy/random/mtrand/mtrand.pyx
/tmp/toolchain/lib/python2.7/distutils/dist.py:267: UserWarning: Unknown distribution option: 'test_suite'
  warnings.warn(msg)
Cythonizing sources
blas_opt_info:
blas_mkl_info:
  libraries mkl,vml,guide not found in ['/tmp/toolchain/lib', '/usr/local/lib', '/usr/lib64', '/usr/lib', '/usr/lib/']
  NOT AVAILABLE

openblas_info:
  libraries openblas not found in ['/tmp/toolchain/lib', '/usr/local/lib', '/usr/lib64', '/usr/lib', '/usr/lib/']
  NOT AVAILABLE

atlas_3_10_blas_threads_info:
Setting PTATLAS=ATLAS
Setting PTATLAS=ATLAS
Setting PTATLAS=ATLAS
Setting PTATLAS=ATLAS
/tmp/python-numpy/src/numpy-py2-1.10.1/numpy/distutils/system_info.py:635: UserWarning: Specified path  is invalid.
  warnings.warn('Specified path %s is invalid.' % d)
Setting PTATLAS=ATLAS
  libraries cblas not found in []
Runtime library cblas was not found. Ignoring
  FOUND:
    libraries = ['cblas', 'cblas']
    library_dirs = ['/usr/lib64']
    language = c
    define_macros = [('HAVE_CBLAS', None), ('NO_ATLAS_INFO', -1)]
    include_dirs = ['/usr/include']

  FOUND:
    libraries = ['cblas', 'cblas']
    library_dirs = ['/usr/lib64']
    language = c
    define_macros = [('HAVE_CBLAS', None), ('NO_ATLAS_INFO', -1)]
    include_dirs = ['/usr/include']

/bin/sh: svnversion: command not found
/bin/sh: svnversion: command not found
F2PY Version 2
lapack_opt_info:
openblas_lapack_info:
  libraries openblas not found in ['/tmp/toolchain/lib', '/usr/local/lib', '/usr/lib64', '/usr/lib', '/usr/lib/']
  NOT AVAILABLE

lapack_mkl_info:
mkl_info:
  libraries mkl,vml,guide not found in ['/tmp/toolchain/lib', '/usr/local/lib', '/usr/lib64', '/usr/lib', '/usr/lib/']
  NOT AVAILABLE

  NOT AVAILABLE

atlas_3_10_threads_info:
Setting PTATLAS=ATLAS
  libraries cblas not found in /tmp/toolchain/lib
  libraries lapack_atlas not found in /tmp/toolchain/lib
  libraries cblas not found in /usr/local/lib
  libraries lapack_atlas not found in /usr/local/lib
  libraries lapack_atlas not found in /usr/lib64
  libraries tatlas not found in ['/usr/lib64']
  libraries lapack_atlas not found in /usr/lib
  libraries tatlas not found in ['/usr/lib']
  libraries lapack_atlas not found in /usr/lib/
  libraries tatlas not found in ['/usr/lib/']
<class 'numpy.distutils.system_info.atlas_3_10_threads_info'>
Setting PTATLAS=ATLAS
/tmp/python-numpy/src/numpy-py2-1.10.1/numpy/distutils/system_info.py:1122: UserWarning: 
*********************************************************************
    Could not find lapack library within the ATLAS installation.
*********************************************************************

  warnings.warn(message)
Setting PTATLAS=ATLAS
Setting PTATLAS=ATLAS
Setting PTATLAS=ATLAS
  libraries cblas not found in []
Runtime library cblas was not found. Ignoring
  FOUND:
    libraries = ['cblas', 'cblas']
    library_dirs = ['/usr/lib/', '/usr/lib64']
    language = c
    define_macros = [('ATLAS_WITHOUT_LAPACK', None)]
    include_dirs = ['/usr/include']

lapack_info:
  FOUND:
    libraries = ['lapack']
    library_dirs = ['/usr/lib64']
    language = f77

  FOUND:
    libraries = ['cblas', 'cblas', 'lapack']
    library_dirs = ['/usr/lib/', '/usr/lib64']
    language = f77
    define_macros = [('ATLAS_WITHOUT_LAPACK', None)]
    include_dirs = ['/usr/include']

/tmp/toolchain/lib/python2.7/distutils/dist.py:267: UserWarning: Unknown distribution option: 'define_macros'
  warnings.warn(msg)
running config_fc
unifing config_fc, config, build_clib, build_ext, build commands --fcompiler options
running build
running config_cc
unifing config_cc, config, build_clib, build_ext, build commands --compiler options
running build_src
build_src
building py_modules sources
creating build
creating build/src.linux-x86_64-2.7
creating build/src.linux-x86_64-2.7/numpy
creating build/src.linux-x86_64-2.7/numpy/distutils
building library "npymath" sources
customize Gnu95FCompiler
Found executable /usr/bin/gfortran
customize Gnu95FCompiler using config
C compiler: arm-linux-androideabi-gcc -DNDEBUG -fwrapv -O3 -Wall -Wstrict-prototypes -fPIC

compile options: '-Inumpy/core/src/private -Inumpy/core/src -Inumpy/core -Inumpy/core/src/npymath -Inumpy/core/src/multiarray -Inumpy/core/src/umath -Inumpy/core/src/npysort -I/tmp/toolchain/include/python2.7 -c'
arm-linux-androideabi-gcc: _configtest.c
arm-linux-androideabi-gcc _configtest.o -o _configtest
success!
removing: _configtest.c _configtest.o _configtest
C compiler: arm-linux-androideabi-gcc -DNDEBUG -fwrapv -O3 -Wall -Wstrict-prototypes -fPIC

compile options: '-Inumpy/core/src/private -Inumpy/core/src -Inumpy/core -Inumpy/core/src/npymath -Inumpy/core/src/multiarray -Inumpy/core/src/umath -Inumpy/core/src/npysort -I/tmp/toolchain/include/python2.7 -c'
arm-linux-androideabi-gcc: _configtest.c
_configtest.c:1:5: warning: conflicting types for built-in function 'exp' [enabled by default]
 int exp (void);
     ^
arm-linux-androideabi-gcc _configtest.o -o _configtest
_configtest.o:_configtest.c:function main: error: undefined reference to 'exp'
collect2: error: ld returned 1 exit status
_configtest.o:_configtest.c:function main: error: undefined reference to 'exp'
collect2: error: ld returned 1 exit status
failure.
removing: _configtest.c _configtest.o
C compiler: arm-linux-androideabi-gcc -DNDEBUG -fwrapv -O3 -Wall -Wstrict-prototypes -fPIC

compile options: '-Inumpy/core/src/private -Inumpy/core/src -Inumpy/core -Inumpy/core/src/npymath -Inumpy/core/src/multiarray -Inumpy/core/src/umath -Inumpy/core/src/npysort -I/tmp/toolchain/include/python2.7 -c'
arm-linux-androideabi-gcc: _configtest.c
_configtest.c:1:5: warning: conflicting types for built-in function 'exp' [enabled by default]
 int exp (void);
     ^
arm-linux-androideabi-gcc _configtest.o -lm -o _configtest
success!
removing: _configtest.c _configtest.o _configtest
creating build/src.linux-x86_64-2.7/numpy/core
creating build/src.linux-x86_64-2.7/numpy/core/src
creating build/src.linux-x86_64-2.7/numpy/core/src/npymath
conv_template:> build/src.linux-x86_64-2.7/numpy/core/src/npymath/npy_math.c
conv_template:> build/src.linux-x86_64-2.7/numpy/core/src/npymath/ieee754.c
conv_template:> build/src.linux-x86_64-2.7/numpy/core/src/npymath/npy_math_complex.c
building library "npysort" sources
creating build/src.linux-x86_64-2.7/numpy/core/src/npysort
conv_template:> build/src.linux-x86_64-2.7/numpy/core/src/npysort/quicksort.c
conv_template:> build/src.linux-x86_64-2.7/numpy/core/src/npysort/mergesort.c
conv_template:> build/src.linux-x86_64-2.7/numpy/core/src/npysort/heapsort.c
creating build/src.linux-x86_64-2.7/numpy/core/src/private
conv_template:> build/src.linux-x86_64-2.7/numpy/core/src/private/npy_partition.h
  adding 'build/src.linux-x86_64-2.7/numpy/core/src/private' to include_dirs.
conv_template:> build/src.linux-x86_64-2.7/numpy/core/src/npysort/selection.c
conv_template:> build/src.linux-x86_64-2.7/numpy/core/src/private/npy_binsearch.h
conv_template:> build/src.linux-x86_64-2.7/numpy/core/src/npysort/binsearch.c
None - nothing done with h_files = ['build/src.linux-x86_64-2.7/numpy/core/src/private/npy_partition.h', 'build/src.linux-x86_64-2.7/numpy/core/src/private/npy_binsearch.h']
building extension "numpy.core._dummy" sources
Generating build/src.linux-x86_64-2.7/numpy/core/include/numpy/config.h
C compiler: arm-linux-androideabi-gcc -DNDEBUG -fwrapv -O3 -Wall -Wstrict-prototypes -fPIC

compile options: '-Inumpy/core/src/private -Inumpy/core/src -Inumpy/core -Inumpy/core/src/npymath -Inumpy/core/src/multiarray -Inumpy/core/src/umath -Inumpy/core/src/npysort -I/tmp/toolchain/include/python2.7 -c'
arm-linux-androideabi-gcc: _configtest.c
In file included from /tmp/toolchain/include/python2.7/Python.h:58:0,
                 from _configtest.c:1:
/tmp/toolchain/include/python2.7/pyport.h:1029:2: error: #error "LONG_BIT definition appears wrong for platform (bad gcc/glibc config?)."
 #error "LONG_BIT definition appears wrong for platform (bad gcc/glibc config?)."
  ^
In file included from /tmp/toolchain/include/python2.7/Python.h:58:0,
                 from _configtest.c:1:
/tmp/toolchain/include/python2.7/pyport.h:1029:2: error: #error "LONG_BIT definition appears wrong for platform (bad gcc/glibc config?)."
 #error "LONG_BIT definition appears wrong for platform (bad gcc/glibc config?)."
  ^
failure.
removing: _configtest.c _configtest.o
Traceback (most recent call last):
  File "setup.py", line 264, in <module>
    setup_package()
  File "setup.py", line 256, in setup_package
    setup(**metadata)
  File "/tmp/python-numpy/src/numpy-py2-1.10.1/numpy/distutils/core.py", line 169, in setup
    return old_setup(**new_attr)
  File "/tmp/toolchain/lib/python2.7/distutils/core.py", line 152, in setup
    dist.run_commands()
  File "/tmp/toolchain/lib/python2.7/distutils/dist.py", line 953, in run_commands
    self.run_command(cmd)
  File "/tmp/toolchain/lib/python2.7/distutils/dist.py", line 972, in run_command
    cmd_obj.run()
  File "/tmp/python-numpy/src/numpy-py2-1.10.1/numpy/distutils/command/build.py", line 47, in run
    old_build.run(self)
  File "/tmp/toolchain/lib/python2.7/distutils/command/build.py", line 127, in run
    self.run_command(cmd_name)
  File "/tmp/toolchain/lib/python2.7/distutils/cmd.py", line 326, in run_command
    self.distribution.run_command(command)
  File "/tmp/toolchain/lib/python2.7/distutils/dist.py", line 972, in run_command
    cmd_obj.run()
  File "/tmp/python-numpy/src/numpy-py2-1.10.1/numpy/distutils/command/build_src.py", line 153, in run
    self.build_sources()
  File "/tmp/python-numpy/src/numpy-py2-1.10.1/numpy/distutils/command/build_src.py", line 170, in build_sources
    self.build_extension_sources(ext)
  File "/tmp/python-numpy/src/numpy-py2-1.10.1/numpy/distutils/command/build_src.py", line 329, in build_extension_sources
    sources = self.generate_sources(sources, ext)
  File "/tmp/python-numpy/src/numpy-py2-1.10.1/numpy/distutils/command/build_src.py", line 386, in generate_sources
    source = func(extension, build_dir)
  File "numpy/core/setup.py", line 417, in generate_config_h
    moredefs, ignored = cocache.check_types(config_cmd, ext, build_dir)
  File "numpy/core/setup.py", line 42, in check_types
    out = check_types(*a, **kw)
  File "numpy/core/setup.py", line 278, in check_types
    "Cannot compile 'Python.h'. Perhaps you need to "
SystemError: Cannot compile 'Python.h'. Perhaps you need to install python-dev|python-devel.
==> ERROR: A failure occurred in build().
    Aborting...
===> Printing config.logs
===> Finished printing config.logs></pre></code>
        </body></html>
