        <html><head></head><body>
        <h1>Report for pycrypto on toolchain
            <a href="index.html">android</a>
        </h1>
        <p>Return code: 5</p>
        <p>Time to run: 00:00:23</p>
        <p>Log output:</p>
        <code><pre><docker run --rm -v /tuscan_data --volumes-from tuscan_data -v /sources --volumes-from sources -v /var/cache/pacman/pkg --volumes-from pkg_cache_android -v logs:/logs make_package_container --sources-directory /sources --shared-directory /tuscan_data pycrypto
:: Synchronizing package databases...
downloading repo.db...
downloading core.db...
downloading extra.db...
downloading community.db...
Found 2852 packages in cache
===> sudo -u tuscan makepkg --nobuild --syncdeps --skipinteg --skippgpcheck --skipchecksums --noconfirm --nocolor --log --noprogressbar --nocheck
==> Making package: pycrypto 2.6.1-3 (Sat Nov 14 01:15:46 UTC 2015)
==> Checking runtime dependencies...
==> Checking buildtime dependencies...
==> Installing missing dependencies...
resolving dependencies...
looking for conflicting packages...

Packages (2) sqlite-3.9.2-1  python2-2.7.10-2

Total Installed Size:  75.75 MiB

:: Proceed with installation? [Y/n] 
checking keyring...
checking package integrity...
loading package files...
checking for file conflicts...
checking available disk space...
installing sqlite...
installing python2...
Optional dependencies for python2
    tk: for IDLE
    python2-setuptools
    python2-pip
==> Retrieving sources...
  -> Downloading pycrypto-2.6.1.tar.gz...
  -> Downloading pycrypto-2.6.1.tar.gz.asc...
==> WARNING: Skipping all source file integrity checks.
==> Extracting sources...
  -> Extracting pycrypto-2.6.1.tar.gz with bsdtar
==> Starting prepare()...
==> Sources are ready.
Copied source directory to /sources/pycrypto
===> sudo -u tuscan PATH=/tmp/toolchain/bin:/usr/local/sbin:/usr/local/bin:/usr/sbin:/usr/bin:/sbin:/bin CC=arm-linux-androideabi-gcc CXX=arm-linux-androideabi-g++ SYSROOT=/build/android-ndk-r10e/platforms/android-21/arch-arm makepkg --noextract --syncdeps --skipinteg --skippgpcheck --skipchecksums --noconfirm --nocolor --log --noprogressbar --nocheck
==> Making package: pycrypto 2.6.1-3 (Sat Nov 14 01:16:01 UTC 2015)
==> Checking runtime dependencies...
==> Checking buildtime dependencies...
==> WARNING: Using existing $srcdir/ tree
==> Starting build()...
running build
running build_py
creating build
creating build/lib.linux-x86_64-2.7
creating build/lib.linux-x86_64-2.7/Crypto
copying lib/Crypto/__init__.py -> build/lib.linux-x86_64-2.7/Crypto
copying lib/Crypto/pct_warnings.py -> build/lib.linux-x86_64-2.7/Crypto
creating build/lib.linux-x86_64-2.7/Crypto/Hash
copying lib/Crypto/Hash/MD5.py -> build/lib.linux-x86_64-2.7/Crypto/Hash
copying lib/Crypto/Hash/MD2.py -> build/lib.linux-x86_64-2.7/Crypto/Hash
copying lib/Crypto/Hash/SHA384.py -> build/lib.linux-x86_64-2.7/Crypto/Hash
copying lib/Crypto/Hash/SHA512.py -> build/lib.linux-x86_64-2.7/Crypto/Hash
copying lib/Crypto/Hash/SHA224.py -> build/lib.linux-x86_64-2.7/Crypto/Hash
copying lib/Crypto/Hash/__init__.py -> build/lib.linux-x86_64-2.7/Crypto/Hash
copying lib/Crypto/Hash/HMAC.py -> build/lib.linux-x86_64-2.7/Crypto/Hash
copying lib/Crypto/Hash/RIPEMD.py -> build/lib.linux-x86_64-2.7/Crypto/Hash
copying lib/Crypto/Hash/hashalgo.py -> build/lib.linux-x86_64-2.7/Crypto/Hash
copying lib/Crypto/Hash/SHA.py -> build/lib.linux-x86_64-2.7/Crypto/Hash
copying lib/Crypto/Hash/SHA256.py -> build/lib.linux-x86_64-2.7/Crypto/Hash
copying lib/Crypto/Hash/MD4.py -> build/lib.linux-x86_64-2.7/Crypto/Hash
creating build/lib.linux-x86_64-2.7/Crypto/Cipher
copying lib/Crypto/Cipher/blockalgo.py -> build/lib.linux-x86_64-2.7/Crypto/Cipher
copying lib/Crypto/Cipher/XOR.py -> build/lib.linux-x86_64-2.7/Crypto/Cipher
copying lib/Crypto/Cipher/CAST.py -> build/lib.linux-x86_64-2.7/Crypto/Cipher
copying lib/Crypto/Cipher/AES.py -> build/lib.linux-x86_64-2.7/Crypto/Cipher
copying lib/Crypto/Cipher/Blowfish.py -> build/lib.linux-x86_64-2.7/Crypto/Cipher
copying lib/Crypto/Cipher/__init__.py -> build/lib.linux-x86_64-2.7/Crypto/Cipher
copying lib/Crypto/Cipher/ARC2.py -> build/lib.linux-x86_64-2.7/Crypto/Cipher
copying lib/Crypto/Cipher/PKCS1_OAEP.py -> build/lib.linux-x86_64-2.7/Crypto/Cipher
copying lib/Crypto/Cipher/PKCS1_v1_5.py -> build/lib.linux-x86_64-2.7/Crypto/Cipher
copying lib/Crypto/Cipher/DES.py -> build/lib.linux-x86_64-2.7/Crypto/Cipher
copying lib/Crypto/Cipher/ARC4.py -> build/lib.linux-x86_64-2.7/Crypto/Cipher
copying lib/Crypto/Cipher/DES3.py -> build/lib.linux-x86_64-2.7/Crypto/Cipher
creating build/lib.linux-x86_64-2.7/Crypto/Util
copying lib/Crypto/Util/asn1.py -> build/lib.linux-x86_64-2.7/Crypto/Util
copying lib/Crypto/Util/_number_new.py -> build/lib.linux-x86_64-2.7/Crypto/Util
copying lib/Crypto/Util/py3compat.py -> build/lib.linux-x86_64-2.7/Crypto/Util
copying lib/Crypto/Util/Counter.py -> build/lib.linux-x86_64-2.7/Crypto/Util
copying lib/Crypto/Util/py21compat.py -> build/lib.linux-x86_64-2.7/Crypto/Util
copying lib/Crypto/Util/__init__.py -> build/lib.linux-x86_64-2.7/Crypto/Util
copying lib/Crypto/Util/randpool.py -> build/lib.linux-x86_64-2.7/Crypto/Util
copying lib/Crypto/Util/RFC1751.py -> build/lib.linux-x86_64-2.7/Crypto/Util
copying lib/Crypto/Util/number.py -> build/lib.linux-x86_64-2.7/Crypto/Util
copying lib/Crypto/Util/winrandom.py -> build/lib.linux-x86_64-2.7/Crypto/Util
creating build/lib.linux-x86_64-2.7/Crypto/Random
copying lib/Crypto/Random/random.py -> build/lib.linux-x86_64-2.7/Crypto/Random
copying lib/Crypto/Random/__init__.py -> build/lib.linux-x86_64-2.7/Crypto/Random
copying lib/Crypto/Random/_UserFriendlyRNG.py -> build/lib.linux-x86_64-2.7/Crypto/Random
creating build/lib.linux-x86_64-2.7/Crypto/Random/Fortuna
copying lib/Crypto/Random/Fortuna/FortunaGenerator.py -> build/lib.linux-x86_64-2.7/Crypto/Random/Fortuna
copying lib/Crypto/Random/Fortuna/__init__.py -> build/lib.linux-x86_64-2.7/Crypto/Random/Fortuna
copying lib/Crypto/Random/Fortuna/SHAd256.py -> build/lib.linux-x86_64-2.7/Crypto/Random/Fortuna
copying lib/Crypto/Random/Fortuna/FortunaAccumulator.py -> build/lib.linux-x86_64-2.7/Crypto/Random/Fortuna
creating build/lib.linux-x86_64-2.7/Crypto/Random/OSRNG
copying lib/Crypto/Random/OSRNG/rng_base.py -> build/lib.linux-x86_64-2.7/Crypto/Random/OSRNG
copying lib/Crypto/Random/OSRNG/fallback.py -> build/lib.linux-x86_64-2.7/Crypto/Random/OSRNG
copying lib/Crypto/Random/OSRNG/posix.py -> build/lib.linux-x86_64-2.7/Crypto/Random/OSRNG
copying lib/Crypto/Random/OSRNG/__init__.py -> build/lib.linux-x86_64-2.7/Crypto/Random/OSRNG
copying lib/Crypto/Random/OSRNG/nt.py -> build/lib.linux-x86_64-2.7/Crypto/Random/OSRNG
creating build/lib.linux-x86_64-2.7/Crypto/SelfTest
copying lib/Crypto/SelfTest/st_common.py -> build/lib.linux-x86_64-2.7/Crypto/SelfTest
copying lib/Crypto/SelfTest/__init__.py -> build/lib.linux-x86_64-2.7/Crypto/SelfTest
creating build/lib.linux-x86_64-2.7/Crypto/SelfTest/Cipher
copying lib/Crypto/SelfTest/Cipher/test_Blowfish.py -> build/lib.linux-x86_64-2.7/Crypto/SelfTest/Cipher
copying lib/Crypto/SelfTest/Cipher/test_ARC4.py -> build/lib.linux-x86_64-2.7/Crypto/SelfTest/Cipher
copying lib/Crypto/SelfTest/Cipher/test_pkcs1_15.py -> build/lib.linux-x86_64-2.7/Crypto/SelfTest/Cipher
copying lib/Crypto/SelfTest/Cipher/test_DES.py -> build/lib.linux-x86_64-2.7/Crypto/SelfTest/Cipher
copying lib/Crypto/SelfTest/Cipher/__init__.py -> build/lib.linux-x86_64-2.7/Crypto/SelfTest/Cipher
copying lib/Crypto/SelfTest/Cipher/test_DES3.py -> build/lib.linux-x86_64-2.7/Crypto/SelfTest/Cipher
copying lib/Crypto/SelfTest/Cipher/common.py -> build/lib.linux-x86_64-2.7/Crypto/SelfTest/Cipher
copying lib/Crypto/SelfTest/Cipher/test_AES.py -> build/lib.linux-x86_64-2.7/Crypto/SelfTest/Cipher
copying lib/Crypto/SelfTest/Cipher/test_XOR.py -> build/lib.linux-x86_64-2.7/Crypto/SelfTest/Cipher
copying lib/Crypto/SelfTest/Cipher/test_pkcs1_oaep.py -> build/lib.linux-x86_64-2.7/Crypto/SelfTest/Cipher
copying lib/Crypto/SelfTest/Cipher/test_CAST.py -> build/lib.linux-x86_64-2.7/Crypto/SelfTest/Cipher
copying lib/Crypto/SelfTest/Cipher/test_ARC2.py -> build/lib.linux-x86_64-2.7/Crypto/SelfTest/Cipher
creating build/lib.linux-x86_64-2.7/Crypto/SelfTest/Hash
copying lib/Crypto/SelfTest/Hash/test_MD5.py -> build/lib.linux-x86_64-2.7/Crypto/SelfTest/Hash
copying lib/Crypto/SelfTest/Hash/test_SHA256.py -> build/lib.linux-x86_64-2.7/Crypto/SelfTest/Hash
copying lib/Crypto/SelfTest/Hash/test_RIPEMD.py -> build/lib.linux-x86_64-2.7/Crypto/SelfTest/Hash
copying lib/Crypto/SelfTest/Hash/test_MD2.py -> build/lib.linux-x86_64-2.7/Crypto/SelfTest/Hash
copying lib/Crypto/SelfTest/Hash/test_SHA384.py -> build/lib.linux-x86_64-2.7/Crypto/SelfTest/Hash
copying lib/Crypto/SelfTest/Hash/test_MD4.py -> build/lib.linux-x86_64-2.7/Crypto/SelfTest/Hash
copying lib/Crypto/SelfTest/Hash/test_SHA.py -> build/lib.linux-x86_64-2.7/Crypto/SelfTest/Hash
copying lib/Crypto/SelfTest/Hash/test_SHA512.py -> build/lib.linux-x86_64-2.7/Crypto/SelfTest/Hash
copying lib/Crypto/SelfTest/Hash/__init__.py -> build/lib.linux-x86_64-2.7/Crypto/SelfTest/Hash
copying lib/Crypto/SelfTest/Hash/common.py -> build/lib.linux-x86_64-2.7/Crypto/SelfTest/Hash
copying lib/Crypto/SelfTest/Hash/test_SHA224.py -> build/lib.linux-x86_64-2.7/Crypto/SelfTest/Hash
copying lib/Crypto/SelfTest/Hash/test_HMAC.py -> build/lib.linux-x86_64-2.7/Crypto/SelfTest/Hash
creating build/lib.linux-x86_64-2.7/Crypto/SelfTest/Protocol
copying lib/Crypto/SelfTest/Protocol/test_AllOrNothing.py -> build/lib.linux-x86_64-2.7/Crypto/SelfTest/Protocol
copying lib/Crypto/SelfTest/Protocol/__init__.py -> build/lib.linux-x86_64-2.7/Crypto/SelfTest/Protocol
copying lib/Crypto/SelfTest/Protocol/test_KDF.py -> build/lib.linux-x86_64-2.7/Crypto/SelfTest/Protocol
copying lib/Crypto/SelfTest/Protocol/test_chaffing.py -> build/lib.linux-x86_64-2.7/Crypto/SelfTest/Protocol
copying lib/Crypto/SelfTest/Protocol/test_rfc1751.py -> build/lib.linux-x86_64-2.7/Crypto/SelfTest/Protocol
creating build/lib.linux-x86_64-2.7/Crypto/SelfTest/PublicKey
copying lib/Crypto/SelfTest/PublicKey/test_ElGamal.py -> build/lib.linux-x86_64-2.7/Crypto/SelfTest/PublicKey
copying lib/Crypto/SelfTest/PublicKey/test_DSA.py -> build/lib.linux-x86_64-2.7/Crypto/SelfTest/PublicKey
copying lib/Crypto/SelfTest/PublicKey/__init__.py -> build/lib.linux-x86_64-2.7/Crypto/SelfTest/PublicKey
copying lib/Crypto/SelfTest/PublicKey/test_RSA.py -> build/lib.linux-x86_64-2.7/Crypto/SelfTest/PublicKey
copying lib/Crypto/SelfTest/PublicKey/test_importKey.py -> build/lib.linux-x86_64-2.7/Crypto/SelfTest/PublicKey
creating build/lib.linux-x86_64-2.7/Crypto/SelfTest/Random
copying lib/Crypto/SelfTest/Random/__init__.py -> build/lib.linux-x86_64-2.7/Crypto/SelfTest/Random
copying lib/Crypto/SelfTest/Random/test__UserFriendlyRNG.py -> build/lib.linux-x86_64-2.7/Crypto/SelfTest/Random
copying lib/Crypto/SelfTest/Random/test_rpoolcompat.py -> build/lib.linux-x86_64-2.7/Crypto/SelfTest/Random
copying lib/Crypto/SelfTest/Random/test_random.py -> build/lib.linux-x86_64-2.7/Crypto/SelfTest/Random
creating build/lib.linux-x86_64-2.7/Crypto/SelfTest/Random/Fortuna
copying lib/Crypto/SelfTest/Random/Fortuna/test_SHAd256.py -> build/lib.linux-x86_64-2.7/Crypto/SelfTest/Random/Fortuna
copying lib/Crypto/SelfTest/Random/Fortuna/test_FortunaGenerator.py -> build/lib.linux-x86_64-2.7/Crypto/SelfTest/Random/Fortuna
copying lib/Crypto/SelfTest/Random/Fortuna/test_FortunaAccumulator.py -> build/lib.linux-x86_64-2.7/Crypto/SelfTest/Random/Fortuna
copying lib/Crypto/SelfTest/Random/Fortuna/__init__.py -> build/lib.linux-x86_64-2.7/Crypto/SelfTest/Random/Fortuna
creating build/lib.linux-x86_64-2.7/Crypto/SelfTest/Random/OSRNG
copying lib/Crypto/SelfTest/Random/OSRNG/test_generic.py -> build/lib.linux-x86_64-2.7/Crypto/SelfTest/Random/OSRNG
copying lib/Crypto/SelfTest/Random/OSRNG/test_posix.py -> build/lib.linux-x86_64-2.7/Crypto/SelfTest/Random/OSRNG
copying lib/Crypto/SelfTest/Random/OSRNG/test_winrandom.py -> build/lib.linux-x86_64-2.7/Crypto/SelfTest/Random/OSRNG
copying lib/Crypto/SelfTest/Random/OSRNG/__init__.py -> build/lib.linux-x86_64-2.7/Crypto/SelfTest/Random/OSRNG
copying lib/Crypto/SelfTest/Random/OSRNG/test_nt.py -> build/lib.linux-x86_64-2.7/Crypto/SelfTest/Random/OSRNG
copying lib/Crypto/SelfTest/Random/OSRNG/test_fallback.py -> build/lib.linux-x86_64-2.7/Crypto/SelfTest/Random/OSRNG
creating build/lib.linux-x86_64-2.7/Crypto/SelfTest/Util
copying lib/Crypto/SelfTest/Util/test_winrandom.py -> build/lib.linux-x86_64-2.7/Crypto/SelfTest/Util
copying lib/Crypto/SelfTest/Util/__init__.py -> build/lib.linux-x86_64-2.7/Crypto/SelfTest/Util
copying lib/Crypto/SelfTest/Util/test_number.py -> build/lib.linux-x86_64-2.7/Crypto/SelfTest/Util
copying lib/Crypto/SelfTest/Util/test_asn1.py -> build/lib.linux-x86_64-2.7/Crypto/SelfTest/Util
copying lib/Crypto/SelfTest/Util/test_Counter.py -> build/lib.linux-x86_64-2.7/Crypto/SelfTest/Util
creating build/lib.linux-x86_64-2.7/Crypto/SelfTest/Signature
copying lib/Crypto/SelfTest/Signature/test_pkcs1_15.py -> build/lib.linux-x86_64-2.7/Crypto/SelfTest/Signature
copying lib/Crypto/SelfTest/Signature/__init__.py -> build/lib.linux-x86_64-2.7/Crypto/SelfTest/Signature
copying lib/Crypto/SelfTest/Signature/test_pkcs1_pss.py -> build/lib.linux-x86_64-2.7/Crypto/SelfTest/Signature
creating build/lib.linux-x86_64-2.7/Crypto/Protocol
copying lib/Crypto/Protocol/__init__.py -> build/lib.linux-x86_64-2.7/Crypto/Protocol
copying lib/Crypto/Protocol/KDF.py -> build/lib.linux-x86_64-2.7/Crypto/Protocol
copying lib/Crypto/Protocol/AllOrNothing.py -> build/lib.linux-x86_64-2.7/Crypto/Protocol
copying lib/Crypto/Protocol/Chaffing.py -> build/lib.linux-x86_64-2.7/Crypto/Protocol
creating build/lib.linux-x86_64-2.7/Crypto/PublicKey
copying lib/Crypto/PublicKey/_slowmath.py -> build/lib.linux-x86_64-2.7/Crypto/PublicKey
copying lib/Crypto/PublicKey/_RSA.py -> build/lib.linux-x86_64-2.7/Crypto/PublicKey
copying lib/Crypto/PublicKey/__init__.py -> build/lib.linux-x86_64-2.7/Crypto/PublicKey
copying lib/Crypto/PublicKey/DSA.py -> build/lib.linux-x86_64-2.7/Crypto/PublicKey
copying lib/Crypto/PublicKey/pubkey.py -> build/lib.linux-x86_64-2.7/Crypto/PublicKey
copying lib/Crypto/PublicKey/RSA.py -> build/lib.linux-x86_64-2.7/Crypto/PublicKey
copying lib/Crypto/PublicKey/ElGamal.py -> build/lib.linux-x86_64-2.7/Crypto/PublicKey
copying lib/Crypto/PublicKey/_DSA.py -> build/lib.linux-x86_64-2.7/Crypto/PublicKey
creating build/lib.linux-x86_64-2.7/Crypto/Signature
copying lib/Crypto/Signature/PKCS1_PSS.py -> build/lib.linux-x86_64-2.7/Crypto/Signature
copying lib/Crypto/Signature/__init__.py -> build/lib.linux-x86_64-2.7/Crypto/Signature
copying lib/Crypto/Signature/PKCS1_v1_5.py -> build/lib.linux-x86_64-2.7/Crypto/Signature
running build_ext
running build_configure
checking for gcc... arm-linux-androideabi-gcc
checking whether the C compiler works... yes
checking for C compiler default output file name... a.out
checking for suffix of executables... 
checking whether we are cross compiling... configure: error: in `/tmp/pycrypto/src/pycrypto-2.6.1':
configure: error: cannot run C compiled programs.
If you meant to cross compile, use `--host'.
See `config.log' for more details
Traceback (most recent call last):
  File "setup.py", line 456, in <module>
    core.setup(**kw)
  File "/tmp/toolchain/lib/python2.7/distutils/core.py", line 152, in setup
    dist.run_commands()
  File "/tmp/toolchain/lib/python2.7/distutils/dist.py", line 953, in run_commands
    self.run_command(cmd)
  File "/tmp/toolchain/lib/python2.7/distutils/dist.py", line 972, in run_command
    cmd_obj.run()
  File "/tmp/toolchain/lib/python2.7/distutils/command/build.py", line 127, in run
    self.run_command(cmd_name)
  File "/tmp/toolchain/lib/python2.7/distutils/cmd.py", line 326, in run_command
    self.distribution.run_command(command)
  File "/tmp/toolchain/lib/python2.7/distutils/dist.py", line 972, in run_command
    cmd_obj.run()
  File "setup.py", line 251, in run
    self.run_command(cmd_name)
  File "/tmp/toolchain/lib/python2.7/distutils/cmd.py", line 326, in run_command
    self.distribution.run_command(command)
  File "/tmp/toolchain/lib/python2.7/distutils/dist.py", line 972, in run_command
    cmd_obj.run()
  File "setup.py", line 278, in run
    raise RuntimeError("autoconf error")
RuntimeError: autoconf error
==> ERROR: A failure occurred in build().
    Aborting...
===> Printing config.logs
found log at /tmp/pycrypto/src/pycrypto-2.6.1/config.log
____
File /tmp/pycrypto/src/pycrypto-2.6.1/config.log
This file contains any messages produced by compilers while
running configure, to aid debugging if configure makes a mistake.

It was created by FULL-PACKAGE-NAME configure VERSION, which was
generated by GNU Autoconf 2.68.  Invocation command line was

  $ configure 

## --------- ##
## Platform. ##
## --------- ##

hostname = ed0f59801cd5
uname -m = x86_64
uname -r = 3.13.0-66-generic
uname -s = Linux
uname -v = #108-Ubuntu SMP Wed Oct 7 15:20:27 UTC 2015

/usr/bin/uname -p = unknown
/bin/uname -X     = unknown

/bin/arch              = unknown
/usr/bin/arch -k       = unknown
/usr/convex/getsysinfo = unknown
/usr/bin/hostinfo      = unknown
/bin/machine           = unknown
/usr/bin/oslevel       = unknown
/bin/universe          = unknown

PATH: /tmp/toolchain/bin
PATH: /usr/local/sbin
PATH: /usr/local/bin
PATH: /usr/sbin
PATH: /usr/bin
PATH: /sbin
PATH: /bin


## ----------- ##
## Core tests. ##
## ----------- ##

configure:2357: checking for gcc
configure:2384: result: arm-linux-androideabi-gcc
configure:2613: checking for C compiler version
configure:2622: arm-linux-androideabi-gcc --version >&5
arm-linux-androideabi-gcc (GCC) 4.8
Copyright (C) 2013 Free Software Foundation, Inc.
This is free software; see the source for copying conditions.  There is NO
warranty; not even for MERCHANTABILITY or FITNESS FOR A PARTICULAR PURPOSE.

configure:2633: $? = 0
configure:2622: arm-linux-androideabi-gcc -v >&5
Using built-in specs.
COLLECT_GCC=arm-linux-androideabi-gcc
COLLECT_LTO_WRAPPER=/tmp/toolchain/bin/../libexec/gcc/arm-linux-androideabi/4.8/lto-wrapper
Target: arm-linux-androideabi
Configured with: /s/ndk-toolchain/src/build/../gcc/gcc-4.8/configure --prefix=/tmp/ndk-andrewhsieh/build/toolchain/prefix --target=arm-linux-androideabi --host=x86_64-linux-gnu --build=x86_64-linux-gnu --with-gnu-as --with-gnu-ld --enable-languages=c,c++ --with-gmp=/tmp/ndk-andrewhsieh/build/toolchain/temp-install --with-mpfr=/tmp/ndk-andrewhsieh/build/toolchain/temp-install --with-mpc=/tmp/ndk-andrewhsieh/build/toolchain/temp-install --with-cloog=/tmp/ndk-andrewhsieh/build/toolchain/temp-install --with-isl=/tmp/ndk-andrewhsieh/build/toolchain/temp-install --with-ppl=/tmp/ndk-andrewhsieh/build/toolchain/temp-install --disable-ppl-version-check --disable-cloog-version-check --disable-isl-version-check --enable-cloog-backend=isl --with-host-libstdcxx='-static-libgcc -Wl,-Bstatic,-lstdc++,-Bdynamic -lm' --disable-libssp --enable-threads --disable-nls --disable-libmudflap --disable-libgomp --disable-libstdc__-v3 --disable-sjlj-exceptions --disable-shared --disable-tls --disable-libitm --with-float=soft --with-fpu=vfp --with-arch=armv5te --enable-target-optspace --enable-initfini-array --disable-nls --prefix=/tmp/ndk-andrewhsieh/build/toolchain/prefix --with-sysroot=/tmp/ndk-andrewhsieh/build/toolchain/prefix/sysroot --with-binutils-version=2.25 --with-mpfr-version=3.1.1 --with-mpc-version=1.0.1 --with-gmp-version=5.0.5 --with-gcc-version=4.8 --with-gdb-version=7.7 --with-python=/usr/local/google/home/andrewhsieh/mydroid/ndk/prebuilt/linux-x86_64/bin/python-config.sh --with-gxx-include-dir=/tmp/ndk-andrewhsieh/build/toolchain/prefix/include/c++/4.8 --with-bugurl=http://source.android.com/source/report-bugs.html --enable-languages=c,c++ --disable-bootstrap --enable-plugins --enable-libgomp --enable-gnu-indirect-function --disable-libsanitizer --enable-gold --enable-threads --enable-graphite=yes --with-cloog-version=0.18.0 --with-isl-version=0.11.1 --enable-eh-frame-hdr-for-static --with-arch=armv5te --program-transform-name='s&^&arm-linux-androideabi-&' --enable-gold=default
Thread model: posix
gcc version 4.8 (GCC) 
configure:2633: $? = 0
configure:2622: arm-linux-androideabi-gcc -V >&5
arm-linux-androideabi-gcc: error: unrecognized command line option '-V'
arm-linux-androideabi-gcc: fatal error: no input files
compilation terminated.
configure:2633: $? = 1
configure:2622: arm-linux-androideabi-gcc -qversion >&5
arm-linux-androideabi-gcc: error: unrecognized command line option '-qversion'
arm-linux-androideabi-gcc: fatal error: no input files
compilation terminated.
configure:2633: $? = 1
configure:2653: checking whether the C compiler works
configure:2675: arm-linux-androideabi-gcc    conftest.c  >&5
configure:2679: $? = 0
configure:2727: result: yes
configure:2730: checking for C compiler default output file name
configure:2732: result: a.out
configure:2738: checking for suffix of executables
configure:2745: arm-linux-androideabi-gcc -o conftest    conftest.c  >&5
configure:2749: $? = 0
configure:2771: result: 
configure:2793: checking whether we are cross compiling
configure:2801: arm-linux-androideabi-gcc -o conftest    conftest.c  >&5
configure:2805: $? = 0
configure:2812: ./conftest
configure: line 2814: ./conftest: cannot execute binary file: Exec format error
configure:2816: $? = 126
configure:2823: error: in `/tmp/pycrypto/src/pycrypto-2.6.1':
configure:2825: error: cannot run C compiled programs.
If you meant to cross compile, use `--host'.
See `config.log' for more details

## ---------------- ##
## Cache variables. ##
## ---------------- ##

ac_cv_env_CC_set=set
ac_cv_env_CC_value=arm-linux-androideabi-gcc
ac_cv_env_CFLAGS_set=set
ac_cv_env_CFLAGS_value=
ac_cv_env_CPPFLAGS_set=set
ac_cv_env_CPPFLAGS_value=
ac_cv_env_CPP_set=
ac_cv_env_CPP_value=
ac_cv_env_LDFLAGS_set=set
ac_cv_env_LDFLAGS_value=
ac_cv_env_LIBS_set=
ac_cv_env_LIBS_value=
ac_cv_env_build_alias_set=
ac_cv_env_build_alias_value=
ac_cv_env_host_alias_set=
ac_cv_env_host_alias_value=
ac_cv_env_target_alias_set=
ac_cv_env_target_alias_value=
ac_cv_prog_ac_ct_CC=arm-linux-androideabi-gcc

## ----------------- ##
## Output variables. ##
## ----------------- ##

CC='arm-linux-androideabi-gcc'
CFLAGS=''
CPP=''
CPPFLAGS=''
DEFS=''
ECHO_C=''
ECHO_N='-n'
ECHO_T=''
EGREP=''
EXEEXT=''
GREP=''
LDFLAGS=''
LIBOBJS=''
LIBS=''
LTLIBOBJS=''
OBJEXT=''
PACKAGE_BUGREPORT='BUG-REPORT-ADDRESS'
PACKAGE_NAME='FULL-PACKAGE-NAME'
PACKAGE_STRING='FULL-PACKAGE-NAME VERSION'
PACKAGE_TARNAME='full-package-name'
PACKAGE_URL=''
PACKAGE_VERSION='VERSION'
PATH_SEPARATOR=':'
SHELL='/bin/sh'
ac_ct_CC='arm-linux-androideabi-gcc'
bindir='${exec_prefix}/bin'
build_alias=''
datadir='${datarootdir}'
datarootdir='${prefix}/share'
docdir='${datarootdir}/doc/${PACKAGE_TARNAME}'
dvidir='${docdir}'
exec_prefix='NONE'
host_alias=''
htmldir='${docdir}'
includedir='${prefix}/include'
infodir='${datarootdir}/info'
libdir='${exec_prefix}/lib'
libexecdir='${exec_prefix}/libexec'
localedir='${datarootdir}/locale'
localstatedir='${prefix}/var'
mandir='${datarootdir}/man'
oldincludedir='/usr/include'
pdfdir='${docdir}'
prefix='NONE'
program_transform_name='s,x,x,'
psdir='${docdir}'
sbindir='${exec_prefix}/sbin'
sharedstatedir='${prefix}/com'
sysconfdir='${prefix}/etc'
target_alias=''

## ----------- ##
## confdefs.h. ##
## ----------- ##

/* confdefs.h */
#define PACKAGE_NAME "FULL-PACKAGE-NAME"
#define PACKAGE_TARNAME "full-package-name"
#define PACKAGE_VERSION "VERSION"
#define PACKAGE_STRING "FULL-PACKAGE-NAME VERSION"
#define PACKAGE_BUGREPORT "BUG-REPORT-ADDRESS"
#define PACKAGE_URL ""

configure: exit 1

===> Finished printing config.logs></pre></code>
        </body></html>
