<!DOCTYPE html>
<html>
<!-- Jinja template for reports of individual builds

  Copyright 2016 Kareem Khazem. All Rights Reserved.
  Licensed under the Apache License, Version 2.0 (the "License");
  you may not use this file except in compliance with the License.
  You may obtain a copy of the License at

 		 http://www.apache.org/licenses/LICENSE-2.0

  Unless required by applicable law or agreed to in writing, software
  distributed under the License is distributed on an "AS IS" BASIS,
  WITHOUT WARRANTIES OR CONDITIONS OF ANY KIND, either express or
  implied.
  See the License for the specific language governing permissions and
  limitations under the License.
-->
  <head>
    <meta charset="UTF-8">
    <title>android/qpress</title>
    <link href='https://fonts.googleapis.com/css?family=Roboto:400,900'
          rel='stylesheet' type='text/css'>
    <link
    href='https://fonts.googleapis.com/css?family=Source+Code+Pro:400,700'
          rel='stylesheet' type='text/css'>
    <link href="../style.css" type="text/css" rel="stylesheet">
  </head>
  <body>
    <h1>Build of qpress
        with <a href="../index.html">android</a>
        toolchain</h1>
    <p>The build took 00h 01m 07s and was
    NOT successful.</p>
    <p>
      The process tree of the build process is <a
      href="qpress-tree.html">here</a>.
    </p>
    
    
    
    
    
    <h2>List of Errors</h2>
    <ul>
      
      <li>parse_error
        <ul>
          
          <li><a href="#64">/usr/include/stdlib.h:148:6: error: expected initializer before '__THROW'</a></li>
          
          <li><a href="#67">/usr/include/stdlib.h:151:6: error: expected initializer before '__THROW'</a></li>
          
          <li><a href="#76">/usr/include/stdlib.h:189:6: error: expected initializer before '__THROW'</a></li>
          
          <li><a href="#91">/usr/include/stdlib.h:469:6: error: expected initializer before '__THROW'</a></li>
          
          <li><a href="#155">/usr/include/stdlib.h:791:6: error: expected initializer before '__THROW'</a></li>
          
          <li><a href="#170">/usr/include/stdlib.h:878:6: error: expected initializer before '__THROW'</a></li>
          
          <li><a href="#246">/usr/include/stdlib.h:148:6: error: expected initializer before '__THROW'</a></li>
          
          <li><a href="#249">/usr/include/stdlib.h:151:6: error: expected initializer before '__THROW'</a></li>
          
          <li><a href="#258">/usr/include/stdlib.h:189:6: error: expected initializer before '__THROW'</a></li>
          
          <li><a href="#273">/usr/include/stdlib.h:469:6: error: expected initializer before '__THROW'</a></li>
          
          <li><a href="#327">/usr/include/stdlib.h:791:6: error: expected initializer before '__THROW'</a></li>
          
          <li><a href="#342">/usr/include/stdlib.h:878:6: error: expected initializer before '__THROW'</a></li>
          
          <li><a href="#620">/usr/include/stdlib.h:148:6: error: expected initializer before '__THROW'</a></li>
          
          <li><a href="#623">/usr/include/stdlib.h:151:6: error: expected initializer before '__THROW'</a></li>
          
          <li><a href="#632">/usr/include/stdlib.h:189:6: error: expected initializer before '__THROW'</a></li>
          
          <li><a href="#647">/usr/include/stdlib.h:469:6: error: expected initializer before '__THROW'</a></li>
          
          <li><a href="#699">/usr/include/stdlib.h:791:6: error: expected initializer before '__THROW'</a></li>
          
          <li><a href="#714">/usr/include/stdlib.h:878:6: error: expected initializer before '__THROW'</a></li>
          
        </ul>
      </li>
      
    </ul>
    
    <h2>Log</h2>
    
      <div class="block">
        <div class="info">
          <code>Removed vanilla repositories from pacman.conf and added:</code>
        </div>
        
          <div class="output">
            
            <a class="navhash" href="#1">#</a>
						
              <code id="1">[tuscan]</code><br />
						
            
            <a class="navhash" href="#2">#</a>
						
              <code id="2">Server = file:///var/cache/pacman/pkg/</code><br />
						
            
          </div>
        
      </div>
      <br />
    
      <div class="block">
        <div class="command">
          <code><span class="prompt">CMD: </span>pacman -Syy --noconfirm</code>
        </div>
        
          <div class="output">
            
            <a class="navhash" href="#3">#</a>
						
              <code id="3">:: Synchronizing package databases...</code><br />
						
            
            <a class="navhash" href="#4">#</a>
						
              <code id="4">downloading tuscan.db...</code><br />
						
            
          </div>
        
      </div>
      <br />
    
      <div class="block">
        <div class="info">
          <code>Copying directory '/toolchain_root/arm-linux-androideabi' to '/sysroot/arm-linux-androideabi'</code>
        </div>
        
      </div>
      <br />
    
      <div class="block">
        <div class="info">
          <code>Copying file '/toolchain_root/COPYING3.LIB' to '/sysroot/COPYING3.LIB'</code>
        </div>
        
      </div>
      <br />
    
      <div class="block">
        <div class="info">
          <code>Copying directory '/toolchain_root/sysroot' to '/sysroot/sysroot'</code>
        </div>
        
      </div>
      <br />
    
      <div class="block">
        <div class="info">
          <code>Copying file '/toolchain_root/COPYING.RUNTIME' to '/sysroot/COPYING.RUNTIME'</code>
        </div>
        
      </div>
      <br />
    
      <div class="block">
        <div class="info">
          <code>Copying directory '/toolchain_root/lib' to '/sysroot/lib'</code>
        </div>
        
      </div>
      <br />
    
      <div class="block">
        <div class="info">
          <code>Copying file '/toolchain_root/SOURCES' to '/sysroot/SOURCES'</code>
        </div>
        
      </div>
      <br />
    
      <div class="block">
        <div class="info">
          <code>Copying directory '/toolchain_root/lib64' to '/sysroot/lib64'</code>
        </div>
        
      </div>
      <br />
    
      <div class="block">
        <div class="info">
          <code>Copying directory '/toolchain_root/share' to '/sysroot/share'</code>
        </div>
        
      </div>
      <br />
    
      <div class="block">
        <div class="info">
          <code>Copying directory '/toolchain_root/bin' to '/sysroot/bin'</code>
        </div>
        
      </div>
      <br />
    
      <div class="block">
        <div class="info">
          <code>Copying file '/toolchain_root/COPYING' to '/sysroot/COPYING'</code>
        </div>
        
      </div>
      <br />
    
      <div class="block">
        <div class="info">
          <code>Copying file '/toolchain_root/COPYING3' to '/sysroot/COPYING3'</code>
        </div>
        
      </div>
      <br />
    
      <div class="block">
        <div class="info">
          <code>Copying file '/toolchain_root/COPYING.LIB' to '/sysroot/COPYING.LIB'</code>
        </div>
        
      </div>
      <br />
    
      <div class="block">
        <div class="info">
          <code>Copying directory '/toolchain_root/include' to '/sysroot/include'</code>
        </div>
        
      </div>
      <br />
    
      <div class="block">
        <div class="info">
          <code>Copying directory '/toolchain_root/libexec' to '/sysroot/libexec'</code>
        </div>
        
      </div>
      <br />
    
      <div class="block">
        <div class="command">
          <code><span class="prompt">CMD: </span>sudo -u tuscan PATH=/sysroot/bin:/sysroot/libexec/gcc/arm-linux-androideabi/4.8:/usr/local/sbin:/usr/local/bin:/usr/sbin:/usr/bin:/sbin:/bin CC=arm-linux-androideabi-gcc CXX=arm-linux-androideabi-g++ SYSROOT=/sysroot/sysroot LIBRARY_PATH=/sysroot/sysroot/usr/lib CPATH=/sysroot/sysroot/usr/include red makepkg --noextract --syncdeps --skipinteg --skippgpcheck --skipchecksums --noconfirm --nocolor --log --noprogressbar --nocheck</code>
        </div>
        
          <div class="output">
            
            <a class="navhash" href="#5">#</a>
						
              <code id="5">==> Making package: qpress 1.1-2 (Thu Aug 11 13:43:52 UTC 2016)</code><br />
						
            
            <a class="navhash" href="#6">#</a>
						
              <code id="6">==> Checking runtime dependencies...</code><br />
						
            
            <a class="navhash" href="#7">#</a>
						
              <code id="7">==> Checking buildtime dependencies...</code><br />
						
            
            <a class="navhash" href="#8">#</a>
						
              <code id="8">==> WARNING: Using existing $srcdir/ tree</code><br />
						
            
            <a class="navhash" href="#9">#</a>
						
              <code id="9">==> Starting build()...</code><br />
						
            
            <a class="navhash" href="#10">#</a>
						
              <code id="10">g++ -O3 -o qpress qpress.cpp aio.cpp quicklz.c utilities.cpp -lpthread</code><br />
						
            
            <a class="navhash" href="#11">#</a>
						
              <code id="11">In file included from /usr/include/c++/6.1.1/x86_64-pc-linux-gnu/bits/c++config.h:495:0,</code><br />
						
            
            <a class="navhash" href="#12">#</a>
						
              <code id="12">                 from /usr/include/c++/6.1.1/string:38,</code><br />
						
            
            <a class="navhash" href="#13">#</a>
						
              <code id="13">                 from qpress.cpp:94:</code><br />
						
            
            <a class="navhash" href="#14">#</a>
						
              <code id="14">/usr/include/c++/6.1.1/x86_64-pc-linux-gnu/bits/os_defines.h:44:19: error: missing binary operator before token "("</code><br />
						
            
            <a class="navhash" href="#15">#</a>
						
              <code id="15"> #if __GLIBC_PREREQ(2,15) && defined(_GNU_SOURCE)</code><br />
						
            
            <a class="navhash" href="#16">#</a>
						
              <code id="16">                   ^</code><br />
						
            
            <a class="navhash" href="#17">#</a>
						
              <code id="17">In file included from /sysroot/sysroot/usr/include/linux/signal.h:21:0,</code><br />
						
            
            <a class="navhash" href="#18">#</a>
						
              <code id="18">                 from /sysroot/sysroot/usr/include/signal.h:43,</code><br />
						
            
            <a class="navhash" href="#19">#</a>
						
              <code id="19">                 from /sysroot/sysroot/usr/include/pthread.h:33,</code><br />
						
            
            <a class="navhash" href="#20">#</a>
						
              <code id="20">                 from /usr/include/c++/6.1.1/x86_64-pc-linux-gnu/bits/gthr-default.h:35,</code><br />
						
            
            <a class="navhash" href="#21">#</a>
						
              <code id="21">                 from /usr/include/c++/6.1.1/x86_64-pc-linux-gnu/bits/gthr.h:148,</code><br />
						
            
            <a class="navhash" href="#22">#</a>
						
              <code id="22">                 from /usr/include/c++/6.1.1/ext/atomicity.h:35,</code><br />
						
            
            <a class="navhash" href="#23">#</a>
						
              <code id="23">                 from /usr/include/c++/6.1.1/bits/basic_string.h:39,</code><br />
						
            
            <a class="navhash" href="#24">#</a>
						
              <code id="24">                 from /usr/include/c++/6.1.1/string:52,</code><br />
						
            
            <a class="navhash" href="#25">#</a>
						
              <code id="25">                 from qpress.cpp:94:</code><br />
						
            
            <a class="navhash" href="#26">#</a>
						
              <code id="26">/sysroot/sysroot/usr/include/signal.h:86:18: error: expected ';' at end of member declaration</code><br />
						
            
            <a class="navhash" href="#27">#</a>
						
              <code id="27">     sighandler_t sa_handler;</code><br />
						
            
            <a class="navhash" href="#28">#</a>
						
              <code id="28">                  ^</code><br />
						
            
            <a class="navhash" href="#29">#</a>
						
              <code id="29">/sysroot/sysroot/usr/include/signal.h:86:18: error: expected unqualified-id before '.' token</code><br />
						
            
            <a class="navhash" href="#30">#</a>
						
              <code id="30">     sighandler_t sa_handler;</code><br />
						
            
            <a class="navhash" href="#31">#</a>
						
              <code id="31">                  ^</code><br />
						
            
            <a class="navhash" href="#32">#</a>
						
              <code id="32">/sysroot/sysroot/usr/include/signal.h:87:12: error: expected ')' before '.' token</code><br />
						
            
            <a class="navhash" href="#33">#</a>
						
              <code id="33">     void (*sa_sigaction)(int, struct siginfo*, void*);</code><br />
						
            
            <a class="navhash" href="#34">#</a>
						
              <code id="34">            ^</code><br />
						
            
            <a class="navhash" href="#35">#</a>
						
              <code id="35">In file included from /usr/include/c++/6.1.1/cstdlib:75:0,</code><br />
						
            
            <a class="navhash" href="#36">#</a>
						
              <code id="36">                 from /usr/include/c++/6.1.1/ext/string_conversions.h:41,</code><br />
						
            
            <a class="navhash" href="#37">#</a>
						
              <code id="37">                 from /usr/include/c++/6.1.1/bits/basic_string.h:5402,</code><br />
						
            
            <a class="navhash" href="#38">#</a>
						
              <code id="38">                 from /usr/include/c++/6.1.1/string:52,</code><br />
						
            
            <a class="navhash" href="#39">#</a>
						
              <code id="39">                 from qpress.cpp:94:</code><br />
						
            
            <a class="navhash" href="#40">#</a>
						
              <code id="40">/usr/include/stdlib.h:95:1: error: '__BEGIN_NAMESPACE_STD' does not name a type</code><br />
						
            
            <a class="navhash" href="#41">#</a>
						
              <code id="41"> __BEGIN_NAMESPACE_STD</code><br />
						
            
            <a class="navhash" href="#42">#</a>
						
              <code id="42"> ^~~~~~~~~~~~~~~~~~~~~</code><br />
						
            
            <a class="navhash" href="#43">#</a>
						
              <code id="43">/usr/include/stdlib.h:101:5: error: declaration does not declare anything [-fpermissive]</code><br />
						
            
            <a class="navhash" href="#44">#</a>
						
              <code id="44">   } div_t;</code><br />
						
            
            <a class="navhash" href="#45">#</a>
						
              <code id="45">     ^~~~~</code><br />
						
            
            <a class="navhash" href="#46">#</a>
						
              <code id="46">/usr/include/stdlib.h:109:5: error: conflicting declaration 'typedef struct ldiv_t ldiv_t'</code><br />
						
            
            <a class="navhash" href="#47">#</a>
						
              <code id="47">   } ldiv_t;</code><br />
						
            
            <a class="navhash" href="#48">#</a>
						
              <code id="48">     ^~~~~~</code><br />
						
            
            <a class="navhash" href="#49">#</a>
						
              <code id="49">In file included from qpress.cpp:90:0:</code><br />
						
            
            <a class="navhash" href="#50">#</a>
						
              <code id="50">/sysroot/sysroot/usr/include/stdlib.h:140:3: note: previous declaration as 'typedef struct ldiv_t ldiv_t'</code><br />
						
            
            <a class="navhash" href="#51">#</a>
						
              <code id="51"> } ldiv_t;</code><br />
						
            
            <a class="navhash" href="#52">#</a>
						
              <code id="52">   ^~~~~~</code><br />
						
            
            <a class="navhash" href="#53">#</a>
						
              <code id="53">In file included from /usr/include/c++/6.1.1/cstdlib:75:0,</code><br />
						
            
            <a class="navhash" href="#54">#</a>
						
              <code id="54">                 from /usr/include/c++/6.1.1/ext/string_conversions.h:41,</code><br />
						
            
            <a class="navhash" href="#55">#</a>
						
              <code id="55">                 from /usr/include/c++/6.1.1/bits/basic_string.h:5402,</code><br />
						
            
            <a class="navhash" href="#56">#</a>
						
              <code id="56">                 from /usr/include/c++/6.1.1/string:52,</code><br />
						
            
            <a class="navhash" href="#57">#</a>
						
              <code id="57">                 from qpress.cpp:94:</code><br />
						
            
            <a class="navhash" href="#58">#</a>
						
              <code id="58">/usr/include/stdlib.h:112:1: error: '__END_NAMESPACE_STD' does not name a type</code><br />
						
            
            <a class="navhash" href="#59">#</a>
						
              <code id="59"> __END_NAMESPACE_STD</code><br />
						
            
            <a class="navhash" href="#60">#</a>
						
              <code id="60"> ^~~~~~~~~~~~~~~~~~~</code><br />
						
            
            <a class="navhash" href="#61">#</a>
						
              <code id="61">/usr/include/stdlib.h:142:1: error: '__BEGIN_NAMESPACE_STD' does not name a type</code><br />
						
            
            <a class="navhash" href="#62">#</a>
						
              <code id="62"> __BEGIN_NAMESPACE_STD</code><br />
						
            
            <a class="navhash" href="#63">#</a>
						
              <code id="63"> ^~~~~~~~~~~~~~~~~~~~~</code><br />
						
            
            <a class="navhash" href="#64">#</a>
						<span class="error">
              <code id="64">/usr/include/stdlib.h:148:6: error: expected initializer before '__THROW'</code><br />
						</span>
            
            <a class="navhash" href="#65">#</a>
						
              <code id="65">      __THROW __attribute_pure__ __nonnull ((1)) __wur;</code><br />
						
            
            <a class="navhash" href="#66">#</a>
						
              <code id="66">      ^~~~~~~</code><br />
						
            
            <a class="navhash" href="#67">#</a>
						<span class="error">
              <code id="67">/usr/include/stdlib.h:151:6: error: expected initializer before '__THROW'</code><br />
						</span>
            
            <a class="navhash" href="#68">#</a>
						
              <code id="68">      __THROW __attribute_pure__ __nonnull ((1)) __wur;</code><br />
						
            
            <a class="navhash" href="#69">#</a>
						
              <code id="69">      ^~~~~~~</code><br />
						
            
            <a class="navhash" href="#70">#</a>
						
              <code id="70">/usr/include/stdlib.h:152:1: error: '__END_NAMESPACE_STD' does not name a type</code><br />
						
            
            <a class="navhash" href="#71">#</a>
						
              <code id="71"> __END_NAMESPACE_STD</code><br />
						
            
            <a class="navhash" href="#72">#</a>
						
              <code id="72"> ^~~~~~~~~~~~~~~~~~~</code><br />
						
            
            <a class="navhash" href="#73">#</a>
						
              <code id="73">/usr/include/stdlib.h:167:1: error: '__END_NAMESPACE_STD' does not name a type</code><br />
						
            
            <a class="navhash" href="#74">#</a>
						
              <code id="74"> __END_NAMESPACE_STD</code><br />
						
            
            <a class="navhash" href="#75">#</a>
						
              <code id="75"> ^~~~~~~~~~~~~~~~~~~</code><br />
						
            
            <a class="navhash" href="#76">#</a>
						<span class="error">
              <code id="76">/usr/include/stdlib.h:189:6: error: expected initializer before '__THROW'</code><br />
						</span>
            
            <a class="navhash" href="#77">#</a>
						
              <code id="77">      __THROW __nonnull ((1));</code><br />
						
            
            <a class="navhash" href="#78">#</a>
						
              <code id="78">      ^~~~~~~</code><br />
						
            
            <a class="navhash" href="#79">#</a>
						
              <code id="79">/usr/include/stdlib.h:190:1: error: '__END_NAMESPACE_STD' does not name a type</code><br />
						
            
            <a class="navhash" href="#80">#</a>
						
              <code id="80"> __END_NAMESPACE_STD</code><br />
						
            
            <a class="navhash" href="#81">#</a>
						
              <code id="81"> ^~~~~~~~~~~~~~~~~~~</code><br />
						
            
            <a class="navhash" href="#82">#</a>
						
              <code id="82">/usr/include/stdlib.h:376:41: error: expected initializer before '__THROW'</code><br />
						
            
            <a class="navhash" href="#83">#</a>
						
              <code id="83"> extern void srand (unsigned int __seed) __THROW;</code><br />
						
            
            <a class="navhash" href="#84">#</a>
						
              <code id="84">                                         ^~~~~~~</code><br />
						
            
            <a class="navhash" href="#85">#</a>
						
              <code id="85">/usr/include/stdlib.h:377:1: error: '__END_NAMESPACE_STD' does not name a type</code><br />
						
            
            <a class="navhash" href="#86">#</a>
						
              <code id="86"> __END_NAMESPACE_STD</code><br />
						
            
            <a class="navhash" href="#87">#</a>
						
              <code id="87"> ^~~~~~~~~~~~~~~~~~~</code><br />
						
            
            <a class="navhash" href="#88">#</a>
						
              <code id="88">/usr/include/stdlib.h:464:1: error: '__BEGIN_NAMESPACE_STD' does not name a type</code><br />
						
            
            <a class="navhash" href="#89">#</a>
						
              <code id="89"> __BEGIN_NAMESPACE_STD</code><br />
						
            
            <a class="navhash" href="#90">#</a>
						
              <code id="90"> ^~~~~~~~~~~~~~~~~~~~~</code><br />
						
            
            <a class="navhash" href="#91">#</a>
						<span class="error">
              <code id="91">/usr/include/stdlib.h:469:6: error: expected initializer before '__THROW'</code><br />
						</span>
            
            <a class="navhash" href="#92">#</a>
						
              <code id="92">      __THROW __attribute_malloc__ __wur;</code><br />
						
            
            <a class="navhash" href="#93">#</a>
						
              <code id="93">      ^~~~~~~</code><br />
						
            
            <a class="navhash" href="#94">#</a>
						
              <code id="94">/usr/include/stdlib.h:470:1: error: '__END_NAMESPACE_STD' does not name a type</code><br />
						
            
            <a class="navhash" href="#95">#</a>
						
              <code id="95"> __END_NAMESPACE_STD</code><br />
						
            
            <a class="navhash" href="#96">#</a>
						
              <code id="96"> ^~~~~~~~~~~~~~~~~~~</code><br />
						
            
            <a class="navhash" href="#97">#</a>
						
              <code id="97">/usr/include/stdlib.h:483:32: error: expected initializer before '__THROW'</code><br />
						
            
            <a class="navhash" href="#98">#</a>
						
              <code id="98"> extern void free (void *__ptr) __THROW;</code><br />
						
            
            <a class="navhash" href="#99">#</a>
						
              <code id="99">                                ^~~~~~~</code><br />
						
            
            <a class="navhash" href="#100">#</a>
						
              <code id="100">/usr/include/stdlib.h:484:1: error: '__END_NAMESPACE_STD' does not name a type</code><br />
						
            
            <a class="navhash" href="#101">#</a>
						
              <code id="101"> __END_NAMESPACE_STD</code><br />
						
            
            <a class="navhash" href="#102">#</a>
						
              <code id="102"> ^~~~~~~~~~~~~~~~~~~</code><br />
						
            
            <a class="navhash" href="#103">#</a>
						
              <code id="103">/usr/include/stdlib.h:519:43: error: expected initializer before '__THROW'</code><br />
						
            
            <a class="navhash" href="#104">#</a>
						
              <code id="104"> extern int atexit (void (*__func) (void)) __THROW __nonnull ((1));</code><br />
						
            
            <a class="navhash" href="#105">#</a>
						
              <code id="105">                                           ^~~~~~~</code><br />
						
            
            <a class="navhash" href="#106">#</a>
						
              <code id="106">/usr/include/stdlib.h:530:1: error: '__END_NAMESPACE_STD' does not name a type</code><br />
						
            
            <a class="navhash" href="#107">#</a>
						
              <code id="107"> __END_NAMESPACE_STD</code><br />
						
            
            <a class="navhash" href="#108">#</a>
						
              <code id="108"> ^~~~~~~~~~~~~~~~~~~</code><br />
						
            
            <a class="navhash" href="#109">#</a>
						
              <code id="109">/usr/include/stdlib.h:551:1: error: '__END_NAMESPACE_STD' does not name a type</code><br />
						
            
            <a class="navhash" href="#110">#</a>
						
              <code id="110"> __END_NAMESPACE_STD</code><br />
						
            
            <a class="navhash" href="#111">#</a>
						
              <code id="111"> ^~~~~~~~~~~~~~~~~~~</code><br />
						
            
            <a class="navhash" href="#112">#</a>
						
              <code id="112">/usr/include/stdlib.h:565:1: error: '__END_NAMESPACE_STD' does not name a type</code><br />
						
            
            <a class="navhash" href="#113">#</a>
						
              <code id="113"> __END_NAMESPACE_STD</code><br />
						
            
            <a class="navhash" href="#114">#</a>
						
              <code id="114"> ^~~~~~~~~~~~~~~~~~~</code><br />
						
            
            <a class="navhash" href="#115">#</a>
						
              <code id="115">/usr/include/stdlib.h:717:1: error: '__END_NAMESPACE_STD' does not name a type</code><br />
						
            
            <a class="navhash" href="#116">#</a>
						
              <code id="116"> __END_NAMESPACE_STD</code><br />
						
            
            <a class="navhash" href="#117">#</a>
						
              <code id="117"> ^~~~~~~~~~~~~~~~~~~</code><br />
						
            
            <a class="navhash" href="#118">#</a>
						
              <code id="118">/usr/include/stdlib.h:751:1: error: '__BEGIN_NAMESPACE_STD' does not name a type</code><br />
						
            
            <a class="navhash" href="#119">#</a>
						
              <code id="119"> __BEGIN_NAMESPACE_STD</code><br />
						
            
            <a class="navhash" href="#120">#</a>
						
              <code id="120"> ^~~~~~~~~~~~~~~~~~~~~</code><br />
						
            
            <a class="navhash" href="#121">#</a>
						
              <code id="121">/usr/include/stdlib.h:765:6: error: '__compar_fn_t' has not been declared</code><br />
						
            
            <a class="navhash" href="#122">#</a>
						
              <code id="122">      __compar_fn_t __compar) __nonnull ((1, 4));</code><br />
						
            
            <a class="navhash" href="#123">#</a>
						
              <code id="123">      ^~~~~~~~~~~~~</code><br />
						
            
            <a class="navhash" href="#124">#</a>
						
              <code id="124">In file included from /sysroot/sysroot/usr/include/sys/stat.h:31:0,</code><br />
						
            
            <a class="navhash" href="#125">#</a>
						
              <code id="125">                 from qpress.cpp:89:</code><br />
						
            
            <a class="navhash" href="#126">#</a>
						
              <code id="126">/sysroot/sysroot/usr/include/sys/cdefs.h:232:57: error: nonnull argument references non-pointer operand (argument 2, operand 4)</code><br />
						
            
            <a class="navhash" href="#127">#</a>
						
              <code id="127"> #define __nonnull(args) __attribute__((__nonnull__ args))</code><br />
						
            
            <a class="navhash" href="#128">#</a>
						
              <code id="128">                                                         ^</code><br />
						
            
            <a class="navhash" href="#129">#</a>
						
              <code id="129">In file included from /usr/include/c++/6.1.1/cstdlib:75:0,</code><br />
						
            
            <a class="navhash" href="#130">#</a>
						
              <code id="130">                 from /usr/include/c++/6.1.1/ext/string_conversions.h:41,</code><br />
						
            
            <a class="navhash" href="#131">#</a>
						
              <code id="131">                 from /usr/include/c++/6.1.1/bits/basic_string.h:5402,</code><br />
						
            
            <a class="navhash" href="#132">#</a>
						
              <code id="132">                 from /usr/include/c++/6.1.1/string:52,</code><br />
						
            
            <a class="navhash" href="#133">#</a>
						
              <code id="133">                 from qpress.cpp:94:</code><br />
						
            
            <a class="navhash" href="#134">#</a>
						
              <code id="134">/usr/include/stdlib.h:764:13: error: conflicting declaration of C function 'void qsort(void*, size_t, size_t, int)'</code><br />
						
            
            <a class="navhash" href="#135">#</a>
						
              <code id="135"> extern void qsort (void *__base, size_t __nmemb, size_t __size,</code><br />
						
            
            <a class="navhash" href="#136">#</a>
						
              <code id="136">             ^~~~~</code><br />
						
            
            <a class="navhash" href="#137">#</a>
						
              <code id="137">In file included from qpress.cpp:90:0:</code><br />
						
            
            <a class="navhash" href="#138">#</a>
						
              <code id="138">/sysroot/sysroot/usr/include/stdlib.h:97:13: note: previous declaration 'void qsort(void*, size_t, size_t, int (*)(const void*, const void*))'</code><br />
						
            
            <a class="navhash" href="#139">#</a>
						
              <code id="139"> extern void qsort(void *, size_t, size_t, int (*)(const void *, const void *));</code><br />
						
            
            <a class="navhash" href="#140">#</a>
						
              <code id="140">             ^~~~~</code><br />
						
            
            <a class="navhash" href="#141">#</a>
						
              <code id="141">In file included from /usr/include/c++/6.1.1/cstdlib:75:0,</code><br />
						
            
            <a class="navhash" href="#142">#</a>
						
              <code id="142">                 from /usr/include/c++/6.1.1/ext/string_conversions.h:41,</code><br />
						
            
            <a class="navhash" href="#143">#</a>
						
              <code id="143">                 from /usr/include/c++/6.1.1/bits/basic_string.h:5402,</code><br />
						
            
            <a class="navhash" href="#144">#</a>
						
              <code id="144">                 from /usr/include/c++/6.1.1/string:52,</code><br />
						
            
            <a class="navhash" href="#145">#</a>
						
              <code id="145">                 from qpress.cpp:94:</code><br />
						
            
            <a class="navhash" href="#146">#</a>
						
              <code id="146">/usr/include/stdlib.h:774:26: error: expected initializer before '__THROW'</code><br />
						
            
            <a class="navhash" href="#147">#</a>
						
              <code id="147"> extern int abs (int __x) __THROW __attribute__ ((__const__)) __wur;</code><br />
						
            
            <a class="navhash" href="#148">#</a>
						
              <code id="148">                          ^~~~~~~</code><br />
						
            
            <a class="navhash" href="#149">#</a>
						
              <code id="149">/usr/include/stdlib.h:775:37: error: expected initializer before '__THROW'</code><br />
						
            
            <a class="navhash" href="#150">#</a>
						
              <code id="150"> extern long int labs (long int __x) __THROW __attribute__ ((__const__)) __wur;</code><br />
						
            
            <a class="navhash" href="#151">#</a>
						
              <code id="151">                                     ^~~~~~~</code><br />
						
            
            <a class="navhash" href="#152">#</a>
						
              <code id="152">/usr/include/stdlib.h:776:1: error: '__END_NAMESPACE_STD' does not name a type</code><br />
						
            
            <a class="navhash" href="#153">#</a>
						
              <code id="153"> __END_NAMESPACE_STD</code><br />
						
            
            <a class="navhash" href="#154">#</a>
						
              <code id="154"> ^~~~~~~~~~~~~~~~~~~</code><br />
						
            
            <a class="navhash" href="#155">#</a>
						<span class="error">
              <code id="155">/usr/include/stdlib.h:791:6: error: expected initializer before '__THROW'</code><br />
						</span>
            
            <a class="navhash" href="#156">#</a>
						
              <code id="156">      __THROW __attribute__ ((__const__)) __wur;</code><br />
						
            
            <a class="navhash" href="#157">#</a>
						
              <code id="157">      ^~~~~~~</code><br />
						
            
            <a class="navhash" href="#158">#</a>
						
              <code id="158">/usr/include/stdlib.h:792:1: error: '__END_NAMESPACE_STD' does not name a type</code><br />
						
            
            <a class="navhash" href="#159">#</a>
						
              <code id="159"> __END_NAMESPACE_STD</code><br />
						
            
            <a class="navhash" href="#160">#</a>
						
              <code id="160"> ^~~~~~~~~~~~~~~~~~~</code><br />
						
            
            <a class="navhash" href="#161">#</a>
						
              <code id="161">/usr/include/stdlib.h:866:46: error: expected initializer before '__THROW'</code><br />
						
            
            <a class="navhash" href="#162">#</a>
						
              <code id="162">      const char *__restrict __s, size_t __n) __THROW;</code><br />
						
            
            <a class="navhash" href="#163">#</a>
						
              <code id="163">                                              ^~~~~~~</code><br />
						
            
            <a class="navhash" href="#164">#</a>
						
              <code id="164">/usr/include/stdlib.h:869:48: error: expected initializer before '__THROW'</code><br />
						
            
            <a class="navhash" href="#165">#</a>
						
              <code id="165"> extern int wctomb (char *__s, wchar_t __wchar) __THROW;</code><br />
						
            
            <a class="navhash" href="#166">#</a>
						
              <code id="166">                                                ^~~~~~~</code><br />
						
            
            <a class="navhash" href="#167">#</a>
						
              <code id="167">/usr/include/stdlib.h:874:44: error: expected initializer before '__THROW'</code><br />
						
            
            <a class="navhash" href="#168">#</a>
						
              <code id="168">    const char *__restrict __s, size_t __n) __THROW;</code><br />
						
            
            <a class="navhash" href="#169">#</a>
						
              <code id="169">                                            ^~~~~~~</code><br />
						
            
            <a class="navhash" href="#170">#</a>
						<span class="error">
              <code id="170">/usr/include/stdlib.h:878:6: error: expected initializer before '__THROW'</code><br />
						</span>
            
            <a class="navhash" href="#171">#</a>
						
              <code id="171">      __THROW;</code><br />
						
            
            <a class="navhash" href="#172">#</a>
						
              <code id="172">      ^~~~~~~</code><br />
						
            
            <a class="navhash" href="#173">#</a>
						
              <code id="173">/usr/include/stdlib.h:879:1: error: '__END_NAMESPACE_STD' does not name a type</code><br />
						
            
            <a class="navhash" href="#174">#</a>
						
              <code id="174"> __END_NAMESPACE_STD</code><br />
						
            
            <a class="navhash" href="#175">#</a>
						
              <code id="175"> ^~~~~~~~~~~~~~~~~~~</code><br />
						
            
            <a class="navhash" href="#176">#</a>
						
              <code id="176">In file included from /usr/include/c++/6.1.1/x86_64-pc-linux-gnu/bits/c++config.h:495:0,</code><br />
						
            
            <a class="navhash" href="#177">#</a>
						
              <code id="177">                 from /usr/include/c++/6.1.1/string:38,</code><br />
						
            
            <a class="navhash" href="#178">#</a>
						
              <code id="178">                 from utilities.hpp:7,</code><br />
						
            
            <a class="navhash" href="#179">#</a>
						
              <code id="179">                 from aio.cpp:25:</code><br />
						
            
            <a class="navhash" href="#180">#</a>
						
              <code id="180">/usr/include/c++/6.1.1/x86_64-pc-linux-gnu/bits/os_defines.h:44:19: error: missing binary operator before token "("</code><br />
						
            
            <a class="navhash" href="#181">#</a>
						
              <code id="181"> #if __GLIBC_PREREQ(2,15) && defined(_GNU_SOURCE)</code><br />
						
            
            <a class="navhash" href="#182">#</a>
						
              <code id="182">                   ^</code><br />
						
            
            <a class="navhash" href="#183">#</a>
						
              <code id="183">In file included from aio.cpp:30:0:</code><br />
						
            
            <a class="navhash" href="#184">#</a>
						
              <code id="184">/sysroot/sysroot/usr/include/stdlib.h:112:0: warning: "RAND_MAX" redefined</code><br />
						
            
            <a class="navhash" href="#185">#</a>
						
              <code id="185"> #define RAND_MAX 0x7fffffff</code><br />
						
            
            <a class="navhash" href="#186">#</a>
						
              <code id="186"> </code><br />
						
            
            <a class="navhash" href="#187">#</a>
						
              <code id="187">In file included from /usr/include/c++/6.1.1/cstdlib:75:0,</code><br />
						
            
            <a class="navhash" href="#188">#</a>
						
              <code id="188">                 from /usr/include/c++/6.1.1/ext/string_conversions.h:41,</code><br />
						
            
            <a class="navhash" href="#189">#</a>
						
              <code id="189">                 from /usr/include/c++/6.1.1/bits/basic_string.h:5402,</code><br />
						
            
            <a class="navhash" href="#190">#</a>
						
              <code id="190">                 from /usr/include/c++/6.1.1/string:52,</code><br />
						
            
            <a class="navhash" href="#191">#</a>
						
              <code id="191">                 from utilities.hpp:7,</code><br />
						
            
            <a class="navhash" href="#192">#</a>
						
              <code id="192">                 from aio.cpp:25:</code><br />
						
            
            <a class="navhash" href="#193">#</a>
						
              <code id="193">/usr/include/stdlib.h:128:0: note: this is the location of the previous definition</code><br />
						
            
            <a class="navhash" href="#194">#</a>
						
              <code id="194"> #define RAND_MAX 2147483647</code><br />
						
            
            <a class="navhash" href="#195">#</a>
						
              <code id="195"> </code><br />
						
            
            <a class="navhash" href="#196">#</a>
						
              <code id="196">In file included from aio.cpp:30:0:</code><br />
						
            
            <a class="navhash" href="#197">#</a>
						
              <code id="197">/sysroot/sysroot/usr/include/stdlib.h:165:0: warning: "MB_CUR_MAX" redefined</code><br />
						
            
            <a class="navhash" href="#198">#</a>
						
              <code id="198"> #define MB_CUR_MAX __ctype_get_mb_cur_max()</code><br />
						
            
            <a class="navhash" href="#199">#</a>
						
              <code id="199"> </code><br />
						
            
            <a class="navhash" href="#200">#</a>
						
              <code id="200">In file included from /usr/include/c++/6.1.1/cstdlib:75:0,</code><br />
						
            
            <a class="navhash" href="#201">#</a>
						
              <code id="201">                 from /usr/include/c++/6.1.1/ext/string_conversions.h:41,</code><br />
						
            
            <a class="navhash" href="#202">#</a>
						
              <code id="202">                 from /usr/include/c++/6.1.1/bits/basic_string.h:5402,</code><br />
						
            
            <a class="navhash" href="#203">#</a>
						
              <code id="203">                 from /usr/include/c++/6.1.1/string:52,</code><br />
						
            
            <a class="navhash" href="#204">#</a>
						
              <code id="204">                 from utilities.hpp:7,</code><br />
						
            
            <a class="navhash" href="#205">#</a>
						
              <code id="205">                 from aio.cpp:25:</code><br />
						
            
            <a class="navhash" href="#206">#</a>
						
              <code id="206">/usr/include/stdlib.h:138:0: note: this is the location of the previous definition</code><br />
						
            
            <a class="navhash" href="#207">#</a>
						
              <code id="207"> #define MB_CUR_MAX (__ctype_get_mb_cur_max ())</code><br />
						
            
            <a class="navhash" href="#208">#</a>
						
              <code id="208"> </code><br />
						
            
            <a class="navhash" href="#209">#</a>
						
              <code id="209">In file included from /sysroot/sysroot/usr/include/linux/signal.h:21:0,</code><br />
						
            
            <a class="navhash" href="#210">#</a>
						
              <code id="210">                 from /sysroot/sysroot/usr/include/signal.h:43,</code><br />
						
            
            <a class="navhash" href="#211">#</a>
						
              <code id="211">                 from /sysroot/sysroot/usr/include/pthread.h:33,</code><br />
						
            
            <a class="navhash" href="#212">#</a>
						
              <code id="212">                 from /usr/include/c++/6.1.1/x86_64-pc-linux-gnu/bits/gthr-default.h:35,</code><br />
						
            
            <a class="navhash" href="#213">#</a>
						
              <code id="213">                 from /usr/include/c++/6.1.1/x86_64-pc-linux-gnu/bits/gthr.h:148,</code><br />
						
            
            <a class="navhash" href="#214">#</a>
						
              <code id="214">                 from /usr/include/c++/6.1.1/ext/atomicity.h:35,</code><br />
						
            
            <a class="navhash" href="#215">#</a>
						
              <code id="215">                 from /usr/include/c++/6.1.1/bits/basic_string.h:39,</code><br />
						
            
            <a class="navhash" href="#216">#</a>
						
              <code id="216">                 from /usr/include/c++/6.1.1/string:52,</code><br />
						
            
            <a class="navhash" href="#217">#</a>
						
              <code id="217">                 from utilities.hpp:7,</code><br />
						
            
            <a class="navhash" href="#218">#</a>
						
              <code id="218">                 from aio.cpp:25:</code><br />
						
            
            <a class="navhash" href="#219">#</a>
						
              <code id="219">/sysroot/sysroot/usr/include/signal.h:86:18: error: expected ';' at end of member declaration</code><br />
						
            
            <a class="navhash" href="#220">#</a>
						
              <code id="220">     sighandler_t sa_handler;</code><br />
						
            
            <a class="navhash" href="#221">#</a>
						
              <code id="221">                  ^</code><br />
						
            
            <a class="navhash" href="#222">#</a>
						
              <code id="222">/sysroot/sysroot/usr/include/signal.h:86:18: error: expected unqualified-id before '.' token</code><br />
						
            
            <a class="navhash" href="#223">#</a>
						
              <code id="223">     sighandler_t sa_handler;</code><br />
						
            
            <a class="navhash" href="#224">#</a>
						
              <code id="224">                  ^</code><br />
						
            
            <a class="navhash" href="#225">#</a>
						
              <code id="225">/sysroot/sysroot/usr/include/signal.h:87:12: error: expected ')' before '.' token</code><br />
						
            
            <a class="navhash" href="#226">#</a>
						
              <code id="226">     void (*sa_sigaction)(int, struct siginfo*, void*);</code><br />
						
            
            <a class="navhash" href="#227">#</a>
						
              <code id="227">            ^</code><br />
						
            
            <a class="navhash" href="#228">#</a>
						
              <code id="228">In file included from /usr/include/c++/6.1.1/cstdlib:75:0,</code><br />
						
            
            <a class="navhash" href="#229">#</a>
						
              <code id="229">                 from /usr/include/c++/6.1.1/ext/string_conversions.h:41,</code><br />
						
            
            <a class="navhash" href="#230">#</a>
						
              <code id="230">                 from /usr/include/c++/6.1.1/bits/basic_string.h:5402,</code><br />
						
            
            <a class="navhash" href="#231">#</a>
						
              <code id="231">                 from /usr/include/c++/6.1.1/string:52,</code><br />
						
            
            <a class="navhash" href="#232">#</a>
						
              <code id="232">                 from utilities.hpp:7,</code><br />
						
            
            <a class="navhash" href="#233">#</a>
						
              <code id="233">                 from aio.cpp:25:</code><br />
						
            
            <a class="navhash" href="#234">#</a>
						
              <code id="234">/usr/include/stdlib.h:95:1: error: '__BEGIN_NAMESPACE_STD' does not name a type</code><br />
						
            
            <a class="navhash" href="#235">#</a>
						
              <code id="235"> __BEGIN_NAMESPACE_STD</code><br />
						
            
            <a class="navhash" href="#236">#</a>
						
              <code id="236"> ^~~~~~~~~~~~~~~~~~~~~</code><br />
						
            
            <a class="navhash" href="#237">#</a>
						
              <code id="237">/usr/include/stdlib.h:101:5: error: 'div_t' does not name a type</code><br />
						
            
            <a class="navhash" href="#238">#</a>
						
              <code id="238">   } div_t;</code><br />
						
            
            <a class="navhash" href="#239">#</a>
						
              <code id="239">     ^~~~~</code><br />
						
            
            <a class="navhash" href="#240">#</a>
						
              <code id="240">/usr/include/stdlib.h:112:1: error: '__END_NAMESPACE_STD' does not name a type</code><br />
						
            
            <a class="navhash" href="#241">#</a>
						
              <code id="241"> __END_NAMESPACE_STD</code><br />
						
            
            <a class="navhash" href="#242">#</a>
						
              <code id="242"> ^~~~~~~~~~~~~~~~~~~</code><br />
						
            
            <a class="navhash" href="#243">#</a>
						
              <code id="243">/usr/include/stdlib.h:142:1: error: '__BEGIN_NAMESPACE_STD' does not name a type</code><br />
						
            
            <a class="navhash" href="#244">#</a>
						
              <code id="244"> __BEGIN_NAMESPACE_STD</code><br />
						
            
            <a class="navhash" href="#245">#</a>
						
              <code id="245"> ^~~~~~~~~~~~~~~~~~~~~</code><br />
						
            
            <a class="navhash" href="#246">#</a>
						<span class="error">
              <code id="246">/usr/include/stdlib.h:148:6: error: expected initializer before '__THROW'</code><br />
						</span>
            
            <a class="navhash" href="#247">#</a>
						
              <code id="247">      __THROW __attribute_pure__ __nonnull ((1)) __wur;</code><br />
						
            
            <a class="navhash" href="#248">#</a>
						
              <code id="248">      ^~~~~~~</code><br />
						
            
            <a class="navhash" href="#249">#</a>
						<span class="error">
              <code id="249">/usr/include/stdlib.h:151:6: error: expected initializer before '__THROW'</code><br />
						</span>
            
            <a class="navhash" href="#250">#</a>
						
              <code id="250">      __THROW __attribute_pure__ __nonnull ((1)) __wur;</code><br />
						
            
            <a class="navhash" href="#251">#</a>
						
              <code id="251">      ^~~~~~~</code><br />
						
            
            <a class="navhash" href="#252">#</a>
						
              <code id="252">/usr/include/stdlib.h:152:1: error: '__END_NAMESPACE_STD' does not name a type</code><br />
						
            
            <a class="navhash" href="#253">#</a>
						
              <code id="253"> __END_NAMESPACE_STD</code><br />
						
            
            <a class="navhash" href="#254">#</a>
						
              <code id="254"> ^~~~~~~~~~~~~~~~~~~</code><br />
						
            
            <a class="navhash" href="#255">#</a>
						
              <code id="255">/usr/include/stdlib.h:167:1: error: '__END_NAMESPACE_STD' does not name a type</code><br />
						
            
            <a class="navhash" href="#256">#</a>
						
              <code id="256"> __END_NAMESPACE_STD</code><br />
						
            
            <a class="navhash" href="#257">#</a>
						
              <code id="257"> ^~~~~~~~~~~~~~~~~~~</code><br />
						
            
            <a class="navhash" href="#258">#</a>
						<span class="error">
              <code id="258">/usr/include/stdlib.h:189:6: error: expected initializer before '__THROW'</code><br />
						</span>
            
            <a class="navhash" href="#259">#</a>
						
              <code id="259">      __THROW __nonnull ((1));</code><br />
						
            
            <a class="navhash" href="#260">#</a>
						
              <code id="260">      ^~~~~~~</code><br />
						
            
            <a class="navhash" href="#261">#</a>
						
              <code id="261">/usr/include/stdlib.h:190:1: error: '__END_NAMESPACE_STD' does not name a type</code><br />
						
            
            <a class="navhash" href="#262">#</a>
						
              <code id="262"> __END_NAMESPACE_STD</code><br />
						
            
            <a class="navhash" href="#263">#</a>
						
              <code id="263"> ^~~~~~~~~~~~~~~~~~~</code><br />
						
            
            <a class="navhash" href="#264">#</a>
						
              <code id="264">/usr/include/stdlib.h:376:41: error: expected initializer before '__THROW'</code><br />
						
            
            <a class="navhash" href="#265">#</a>
						
              <code id="265"> extern void srand (unsigned int __seed) __THROW;</code><br />
						
            
            <a class="navhash" href="#266">#</a>
						
              <code id="266">                                         ^~~~~~~</code><br />
						
            
            <a class="navhash" href="#267">#</a>
						
              <code id="267">/usr/include/stdlib.h:377:1: error: '__END_NAMESPACE_STD' does not name a type</code><br />
						
            
            <a class="navhash" href="#268">#</a>
						
              <code id="268"> __END_NAMESPACE_STD</code><br />
						
            
            <a class="navhash" href="#269">#</a>
						
              <code id="269"> ^~~~~~~~~~~~~~~~~~~</code><br />
						
            
            <a class="navhash" href="#270">#</a>
						
              <code id="270">/usr/include/stdlib.h:464:1: error: '__BEGIN_NAMESPACE_STD' does not name a type</code><br />
						
            
            <a class="navhash" href="#271">#</a>
						
              <code id="271"> __BEGIN_NAMESPACE_STD</code><br />
						
            
            <a class="navhash" href="#272">#</a>
						
              <code id="272"> ^~~~~~~~~~~~~~~~~~~~~</code><br />
						
            
            <a class="navhash" href="#273">#</a>
						<span class="error">
              <code id="273">/usr/include/stdlib.h:469:6: error: expected initializer before '__THROW'</code><br />
						</span>
            
            <a class="navhash" href="#274">#</a>
						
              <code id="274">      __THROW __attribute_malloc__ __wur;</code><br />
						
            
            <a class="navhash" href="#275">#</a>
						
              <code id="275">      ^~~~~~~</code><br />
						
            
            <a class="navhash" href="#276">#</a>
						
              <code id="276">/usr/include/stdlib.h:470:1: error: '__END_NAMESPACE_STD' does not name a type</code><br />
						
            
            <a class="navhash" href="#277">#</a>
						
              <code id="277"> __END_NAMESPACE_STD</code><br />
						
            
            <a class="navhash" href="#278">#</a>
						
              <code id="278"> ^~~~~~~~~~~~~~~~~~~</code><br />
						
            
            <a class="navhash" href="#279">#</a>
						
              <code id="279">/usr/include/stdlib.h:483:32: error: expected initializer before '__THROW'</code><br />
						
            
            <a class="navhash" href="#280">#</a>
						
              <code id="280"> extern void free (void *__ptr) __THROW;</code><br />
						
            
            <a class="navhash" href="#281">#</a>
						
              <code id="281">                                ^~~~~~~</code><br />
						
            
            <a class="navhash" href="#282">#</a>
						
              <code id="282">/usr/include/stdlib.h:484:1: error: '__END_NAMESPACE_STD' does not name a type</code><br />
						
            
            <a class="navhash" href="#283">#</a>
						
              <code id="283"> __END_NAMESPACE_STD</code><br />
						
            
            <a class="navhash" href="#284">#</a>
						
              <code id="284"> ^~~~~~~~~~~~~~~~~~~</code><br />
						
            
            <a class="navhash" href="#285">#</a>
						
              <code id="285">/usr/include/stdlib.h:519:43: error: expected initializer before '__THROW'</code><br />
						
            
            <a class="navhash" href="#286">#</a>
						
              <code id="286"> extern int atexit (void (*__func) (void)) __THROW __nonnull ((1));</code><br />
						
            
            <a class="navhash" href="#287">#</a>
						
              <code id="287">                                           ^~~~~~~</code><br />
						
            
            <a class="navhash" href="#288">#</a>
						
              <code id="288">/usr/include/stdlib.h:530:1: error: '__END_NAMESPACE_STD' does not name a type</code><br />
						
            
            <a class="navhash" href="#289">#</a>
						
              <code id="289"> __END_NAMESPACE_STD</code><br />
						
            
            <a class="navhash" href="#290">#</a>
						
              <code id="290"> ^~~~~~~~~~~~~~~~~~~</code><br />
						
            
            <a class="navhash" href="#291">#</a>
						
              <code id="291">/usr/include/stdlib.h:551:1: error: '__END_NAMESPACE_STD' does not name a type</code><br />
						
            
            <a class="navhash" href="#292">#</a>
						
              <code id="292"> __END_NAMESPACE_STD</code><br />
						
            
            <a class="navhash" href="#293">#</a>
						
              <code id="293"> ^~~~~~~~~~~~~~~~~~~</code><br />
						
            
            <a class="navhash" href="#294">#</a>
						
              <code id="294">/usr/include/stdlib.h:565:1: error: '__END_NAMESPACE_STD' does not name a type</code><br />
						
            
            <a class="navhash" href="#295">#</a>
						
              <code id="295"> __END_NAMESPACE_STD</code><br />
						
            
            <a class="navhash" href="#296">#</a>
						
              <code id="296"> ^~~~~~~~~~~~~~~~~~~</code><br />
						
            
            <a class="navhash" href="#297">#</a>
						
              <code id="297">/usr/include/stdlib.h:717:1: error: '__END_NAMESPACE_STD' does not name a type</code><br />
						
            
            <a class="navhash" href="#298">#</a>
						
              <code id="298"> __END_NAMESPACE_STD</code><br />
						
            
            <a class="navhash" href="#299">#</a>
						
              <code id="299"> ^~~~~~~~~~~~~~~~~~~</code><br />
						
            
            <a class="navhash" href="#300">#</a>
						
              <code id="300">/usr/include/stdlib.h:751:1: error: '__BEGIN_NAMESPACE_STD' does not name a type</code><br />
						
            
            <a class="navhash" href="#301">#</a>
						
              <code id="301"> __BEGIN_NAMESPACE_STD</code><br />
						
            
            <a class="navhash" href="#302">#</a>
						
              <code id="302"> ^~~~~~~~~~~~~~~~~~~~~</code><br />
						
            
            <a class="navhash" href="#303">#</a>
						
              <code id="303">/usr/include/stdlib.h:765:6: error: '__compar_fn_t' has not been declared</code><br />
						
            
            <a class="navhash" href="#304">#</a>
						
              <code id="304">      __compar_fn_t __compar) __nonnull ((1, 4));</code><br />
						
            
            <a class="navhash" href="#305">#</a>
						
              <code id="305">      ^~~~~~~~~~~~~</code><br />
						
            
            <a class="navhash" href="#306">#</a>
						
              <code id="306">In file included from /sysroot/sysroot/usr/include/string.h:31:0,</code><br />
						
            
            <a class="navhash" href="#307">#</a>
						
              <code id="307">                 from aio.hpp:11,</code><br />
						
            
            <a class="navhash" href="#308">#</a>
						
              <code id="308">                 from aio.cpp:24:</code><br />
						
            
            <a class="navhash" href="#309">#</a>
						
              <code id="309">/sysroot/sysroot/usr/include/sys/cdefs.h:232:57: error: nonnull argument references non-pointer operand (argument 2, operand 4)</code><br />
						
            
            <a class="navhash" href="#310">#</a>
						
              <code id="310"> #define __nonnull(args) __attribute__((__nonnull__ args))</code><br />
						
            
            <a class="navhash" href="#311">#</a>
						
              <code id="311">                                                         ^</code><br />
						
            
            <a class="navhash" href="#312">#</a>
						
              <code id="312">In file included from /usr/include/c++/6.1.1/cstdlib:75:0,</code><br />
						
            
            <a class="navhash" href="#313">#</a>
						
              <code id="313">                 from /usr/include/c++/6.1.1/ext/string_conversions.h:41,</code><br />
						
            
            <a class="navhash" href="#314">#</a>
						
              <code id="314">                 from /usr/include/c++/6.1.1/bits/basic_string.h:5402,</code><br />
						
            
            <a class="navhash" href="#315">#</a>
						
              <code id="315">                 from /usr/include/c++/6.1.1/string:52,</code><br />
						
            
            <a class="navhash" href="#316">#</a>
						
              <code id="316">                 from utilities.hpp:7,</code><br />
						
            
            <a class="navhash" href="#317">#</a>
						
              <code id="317">                 from aio.cpp:25:</code><br />
						
            
            <a class="navhash" href="#318">#</a>
						
              <code id="318">/usr/include/stdlib.h:774:26: error: expected initializer before '__THROW'</code><br />
						
            
            <a class="navhash" href="#319">#</a>
						
              <code id="319"> extern int abs (int __x) __THROW __attribute__ ((__const__)) __wur;</code><br />
						
            
            <a class="navhash" href="#320">#</a>
						
              <code id="320">                          ^~~~~~~</code><br />
						
            
            <a class="navhash" href="#321">#</a>
						
              <code id="321">/usr/include/stdlib.h:775:37: error: expected initializer before '__THROW'</code><br />
						
            
            <a class="navhash" href="#322">#</a>
						
              <code id="322"> extern long int labs (long int __x) __THROW __attribute__ ((__const__)) __wur;</code><br />
						
            
            <a class="navhash" href="#323">#</a>
						
              <code id="323">                                     ^~~~~~~</code><br />
						
            
            <a class="navhash" href="#324">#</a>
						
              <code id="324">/usr/include/stdlib.h:776:1: error: '__END_NAMESPACE_STD' does not name a type</code><br />
						
            
            <a class="navhash" href="#325">#</a>
						
              <code id="325"> __END_NAMESPACE_STD</code><br />
						
            
            <a class="navhash" href="#326">#</a>
						
              <code id="326"> ^~~~~~~~~~~~~~~~~~~</code><br />
						
            
            <a class="navhash" href="#327">#</a>
						<span class="error">
              <code id="327">/usr/include/stdlib.h:791:6: error: expected initializer before '__THROW'</code><br />
						</span>
            
            <a class="navhash" href="#328">#</a>
						
              <code id="328">      __THROW __attribute__ ((__const__)) __wur;</code><br />
						
            
            <a class="navhash" href="#329">#</a>
						
              <code id="329">      ^~~~~~~</code><br />
						
            
            <a class="navhash" href="#330">#</a>
						
              <code id="330">/usr/include/stdlib.h:792:1: error: '__END_NAMESPACE_STD' does not name a type</code><br />
						
            
            <a class="navhash" href="#331">#</a>
						
              <code id="331"> __END_NAMESPACE_STD</code><br />
						
            
            <a class="navhash" href="#332">#</a>
						
              <code id="332"> ^~~~~~~~~~~~~~~~~~~</code><br />
						
            
            <a class="navhash" href="#333">#</a>
						
              <code id="333">/usr/include/stdlib.h:866:46: error: expected initializer before '__THROW'</code><br />
						
            
            <a class="navhash" href="#334">#</a>
						
              <code id="334">      const char *__restrict __s, size_t __n) __THROW;</code><br />
						
            
            <a class="navhash" href="#335">#</a>
						
              <code id="335">                                              ^~~~~~~</code><br />
						
            
            <a class="navhash" href="#336">#</a>
						
              <code id="336">/usr/include/stdlib.h:869:48: error: expected initializer before '__THROW'</code><br />
						
            
            <a class="navhash" href="#337">#</a>
						
              <code id="337"> extern int wctomb (char *__s, wchar_t __wchar) __THROW;</code><br />
						
            
            <a class="navhash" href="#338">#</a>
						
              <code id="338">                                                ^~~~~~~</code><br />
						
            
            <a class="navhash" href="#339">#</a>
						
              <code id="339">/usr/include/stdlib.h:874:44: error: expected initializer before '__THROW'</code><br />
						
            
            <a class="navhash" href="#340">#</a>
						
              <code id="340">    const char *__restrict __s, size_t __n) __THROW;</code><br />
						
            
            <a class="navhash" href="#341">#</a>
						
              <code id="341">                                            ^~~~~~~</code><br />
						
            
            <a class="navhash" href="#342">#</a>
						<span class="error">
              <code id="342">/usr/include/stdlib.h:878:6: error: expected initializer before '__THROW'</code><br />
						</span>
            
            <a class="navhash" href="#343">#</a>
						
              <code id="343">      __THROW;</code><br />
						
            
            <a class="navhash" href="#344">#</a>
						
              <code id="344">      ^~~~~~~</code><br />
						
            
            <a class="navhash" href="#345">#</a>
						
              <code id="345">/usr/include/stdlib.h:879:1: error: '__END_NAMESPACE_STD' does not name a type</code><br />
						
            
            <a class="navhash" href="#346">#</a>
						
              <code id="346"> __END_NAMESPACE_STD</code><br />
						
            
            <a class="navhash" href="#347">#</a>
						
              <code id="347"> ^~~~~~~~~~~~~~~~~~~</code><br />
						
            
            <a class="navhash" href="#348">#</a>
						
              <code id="348">In file included from /usr/include/c++/6.1.1/ext/string_conversions.h:41:0,</code><br />
						
            
            <a class="navhash" href="#349">#</a>
						
              <code id="349">                 from /usr/include/c++/6.1.1/bits/basic_string.h:5402,</code><br />
						
            
            <a class="navhash" href="#350">#</a>
						
              <code id="350">                 from /usr/include/c++/6.1.1/string:52,</code><br />
						
            
            <a class="navhash" href="#351">#</a>
						
              <code id="351">                 from utilities.hpp:7,</code><br />
						
            
            <a class="navhash" href="#352">#</a>
						
              <code id="352">                 from aio.cpp:25:</code><br />
						
            
            <a class="navhash" href="#353">#</a>
						
              <code id="353">/usr/include/c++/6.1.1/cstdlib:124:11: error: '::div_t' has not been declared</code><br />
						
            
            <a class="navhash" href="#354">#</a>
						
              <code id="354">   using ::div_t;</code><br />
						
            
            <a class="navhash" href="#355">#</a>
						
              <code id="355">           ^~~~~</code><br />
						
            
            <a class="navhash" href="#356">#</a>
						
              <code id="356">/usr/include/c++/6.1.1/cstdlib:127:11: error: '::abort' has not been declared</code><br />
						
            
            <a class="navhash" href="#357">#</a>
						
              <code id="357">   using ::abort;</code><br />
						
            
            <a class="navhash" href="#358">#</a>
						
              <code id="358">           ^~~~~</code><br />
						
            
            <a class="navhash" href="#359">#</a>
						
              <code id="359">/usr/include/c++/6.1.1/cstdlib:128:11: error: '::abs' has not been declared</code><br />
						
            
            <a class="navhash" href="#360">#</a>
						
              <code id="360">   using ::abs;</code><br />
						
            
            <a class="navhash" href="#361">#</a>
						
              <code id="361">           ^~~</code><br />
						
            
            <a class="navhash" href="#362">#</a>
						
              <code id="362">/usr/include/c++/6.1.1/cstdlib:129:11: error: '::atexit' has not been declared</code><br />
						
            
            <a class="navhash" href="#363">#</a>
						
              <code id="363">   using ::atexit;</code><br />
						
            
            <a class="navhash" href="#364">#</a>
						
              <code id="364">           ^~~~~~</code><br />
						
            
            <a class="navhash" href="#365">#</a>
						
              <code id="365">/usr/include/c++/6.1.1/cstdlib:132:11: error: '::at_quick_exit' has not been declared</code><br />
						
            
            <a class="navhash" href="#366">#</a>
						
              <code id="366">   using ::at_quick_exit;</code><br />
						
            
            <a class="navhash" href="#367">#</a>
						
              <code id="367">           ^~~~~~~~~~~~~</code><br />
						
            
            <a class="navhash" href="#368">#</a>
						
              <code id="368">/usr/include/c++/6.1.1/cstdlib:135:11: error: '::atof' has not been declared</code><br />
						
            
            <a class="navhash" href="#369">#</a>
						
              <code id="369">   using ::atof;</code><br />
						
            
            <a class="navhash" href="#370">#</a>
						
              <code id="370">           ^~~~</code><br />
						
            
            <a class="navhash" href="#371">#</a>
						
              <code id="371">/usr/include/c++/6.1.1/cstdlib:136:11: error: '::atoi' has not been declared</code><br />
						
            
            <a class="navhash" href="#372">#</a>
						
              <code id="372">   using ::atoi;</code><br />
						
            
            <a class="navhash" href="#373">#</a>
						
              <code id="373">           ^~~~</code><br />
						
            
            <a class="navhash" href="#374">#</a>
						
              <code id="374">/usr/include/c++/6.1.1/cstdlib:137:11: error: '::atol' has not been declared</code><br />
						
            
            <a class="navhash" href="#375">#</a>
						
              <code id="375">   using ::atol;</code><br />
						
            
            <a class="navhash" href="#376">#</a>
						
              <code id="376">           ^~~~</code><br />
						
            
            <a class="navhash" href="#377">#</a>
						
              <code id="377">/usr/include/c++/6.1.1/cstdlib:138:11: error: '::bsearch' has not been declared</code><br />
						
            
            <a class="navhash" href="#378">#</a>
						
              <code id="378">   using ::bsearch;</code><br />
						
            
            <a class="navhash" href="#379">#</a>
						
              <code id="379">           ^~~~~~~</code><br />
						
            
            <a class="navhash" href="#380">#</a>
						
              <code id="380">/usr/include/c++/6.1.1/cstdlib:140:11: error: '::div' has not been declared</code><br />
						
            
            <a class="navhash" href="#381">#</a>
						
              <code id="381">   using ::div;</code><br />
						
            
            <a class="navhash" href="#382">#</a>
						
              <code id="382">           ^~~</code><br />
						
            
            <a class="navhash" href="#383">#</a>
						
              <code id="383">/usr/include/c++/6.1.1/cstdlib:141:11: error: '::exit' has not been declared</code><br />
						
            
            <a class="navhash" href="#384">#</a>
						
              <code id="384">   using ::exit;</code><br />
						
            
            <a class="navhash" href="#385">#</a>
						
              <code id="385">           ^~~~</code><br />
						
            
            <a class="navhash" href="#386">#</a>
						
              <code id="386">/usr/include/c++/6.1.1/cstdlib:143:11: error: '::getenv' has not been declared</code><br />
						
            
            <a class="navhash" href="#387">#</a>
						
              <code id="387">   using ::getenv;</code><br />
						
            
            <a class="navhash" href="#388">#</a>
						
              <code id="388">           ^~~~~~</code><br />
						
            
            <a class="navhash" href="#389">#</a>
						
              <code id="389">/usr/include/c++/6.1.1/cstdlib:144:11: error: '::labs' has not been declared</code><br />
						
            
            <a class="navhash" href="#390">#</a>
						
              <code id="390">   using ::labs;</code><br />
						
            
            <a class="navhash" href="#391">#</a>
						
              <code id="391">           ^~~~</code><br />
						
            
            <a class="navhash" href="#392">#</a>
						
              <code id="392">/usr/include/c++/6.1.1/cstdlib:145:11: error: '::ldiv' has not been declared</code><br />
						
            
            <a class="navhash" href="#393">#</a>
						
              <code id="393">   using ::ldiv;</code><br />
						
            
            <a class="navhash" href="#394">#</a>
						
              <code id="394">           ^~~~</code><br />
						
            
            <a class="navhash" href="#395">#</a>
						
              <code id="395">/usr/include/c++/6.1.1/cstdlib:148:11: error: '::mblen' has not been declared</code><br />
						
            
            <a class="navhash" href="#396">#</a>
						
              <code id="396">   using ::mblen;</code><br />
						
            
            <a class="navhash" href="#397">#</a>
						
              <code id="397">           ^~~~~</code><br />
						
            
            <a class="navhash" href="#398">#</a>
						
              <code id="398">/usr/include/c++/6.1.1/cstdlib:150:11: error: '::mbtowc' has not been declared</code><br />
						
            
            <a class="navhash" href="#399">#</a>
						
              <code id="399">   using ::mbtowc;</code><br />
						
            
            <a class="navhash" href="#400">#</a>
						
              <code id="400">           ^~~~~~</code><br />
						
            
            <a class="navhash" href="#401">#</a>
						
              <code id="401">/usr/include/c++/6.1.1/cstdlib:155:11: error: '::quick_exit' has not been declared</code><br />
						
            
            <a class="navhash" href="#402">#</a>
						
              <code id="402">   using ::quick_exit;</code><br />
						
            
            <a class="navhash" href="#403">#</a>
						
              <code id="403">           ^~~~~~~~~~</code><br />
						
            
            <a class="navhash" href="#404">#</a>
						
              <code id="404">/usr/include/c++/6.1.1/cstdlib:158:11: error: '::rand' has not been declared</code><br />
						
            
            <a class="navhash" href="#405">#</a>
						
              <code id="405">   using ::rand;</code><br />
						
            
            <a class="navhash" href="#406">#</a>
						
              <code id="406">           ^~~~</code><br />
						
            
            <a class="navhash" href="#407">#</a>
						
              <code id="407">/usr/include/c++/6.1.1/cstdlib:160:11: error: '::srand' has not been declared</code><br />
						
            
            <a class="navhash" href="#408">#</a>
						
              <code id="408">   using ::srand;</code><br />
						
            
            <a class="navhash" href="#409">#</a>
						
              <code id="409">           ^~~~~</code><br />
						
            
            <a class="navhash" href="#410">#</a>
						
              <code id="410">/usr/include/c++/6.1.1/cstdlib:161:11: error: '::strtod' has not been declared</code><br />
						
            
            <a class="navhash" href="#411">#</a>
						
              <code id="411">   using ::strtod;</code><br />
						
            
            <a class="navhash" href="#412">#</a>
						
              <code id="412">           ^~~~~~</code><br />
						
            
            <a class="navhash" href="#413">#</a>
						
              <code id="413">/usr/include/c++/6.1.1/cstdlib:162:11: error: '::strtol' has not been declared</code><br />
						
            
            <a class="navhash" href="#414">#</a>
						
              <code id="414">   using ::strtol;</code><br />
						
            
            <a class="navhash" href="#415">#</a>
						
              <code id="415">           ^~~~~~</code><br />
						
            
            <a class="navhash" href="#416">#</a>
						
              <code id="416">/usr/include/c++/6.1.1/cstdlib:163:11: error: '::strtoul' has not been declared</code><br />
						
            
            <a class="navhash" href="#417">#</a>
						
              <code id="417">   using ::strtoul;</code><br />
						
            
            <a class="navhash" href="#418">#</a>
						
              <code id="418">           ^~~~~~~</code><br />
						
            
            <a class="navhash" href="#419">#</a>
						
              <code id="419">/usr/include/c++/6.1.1/cstdlib:164:11: error: '::system' has not been declared</code><br />
						
            
            <a class="navhash" href="#420">#</a>
						
              <code id="420">   using ::system;</code><br />
						
            
            <a class="navhash" href="#421">#</a>
						
              <code id="421">           ^~~~~~</code><br />
						
            
            <a class="navhash" href="#422">#</a>
						
              <code id="422">/usr/include/c++/6.1.1/cstdlib:166:11: error: '::wcstombs' has not been declared</code><br />
						
            
            <a class="navhash" href="#423">#</a>
						
              <code id="423">   using ::wcstombs;</code><br />
						
            
            <a class="navhash" href="#424">#</a>
						
              <code id="424">           ^~~~~~~~</code><br />
						
            
            <a class="navhash" href="#425">#</a>
						
              <code id="425">/usr/include/c++/6.1.1/cstdlib:167:11: error: '::wctomb' has not been declared</code><br />
						
            
            <a class="navhash" href="#426">#</a>
						
              <code id="426">   using ::wctomb;</code><br />
						
            
            <a class="navhash" href="#427">#</a>
						
              <code id="427">           ^~~~~~</code><br />
						
            
            <a class="navhash" href="#428">#</a>
						
              <code id="428">/usr/include/c++/6.1.1/cstdlib: In function 'ldiv_t std::div(long int, long int)':</code><br />
						
            
            <a class="navhash" href="#429">#</a>
						
              <code id="429">/usr/include/c++/6.1.1/cstdlib:175:49: error: 'ldiv' was not declared in this scope</code><br />
						
            
            <a class="navhash" href="#430">#</a>
						
              <code id="430">   div(long __i, long __j) { return ldiv(__i, __j); }</code><br />
						
            
            <a class="navhash" href="#431">#</a>
						
              <code id="431">                                                 ^</code><br />
						
            
            <a class="navhash" href="#432">#</a>
						
              <code id="432">/usr/include/c++/6.1.1/cstdlib: At global scope:</code><br />
						
            
            <a class="navhash" href="#433">#</a>
						
              <code id="433">/usr/include/c++/6.1.1/cstdlib:220:11: error: '::lldiv_t' has not been declared</code><br />
						
            
            <a class="navhash" href="#434">#</a>
						
              <code id="434">   using ::lldiv_t;</code><br />
						
            
            <a class="navhash" href="#435">#</a>
						
              <code id="435">           ^~~~~~~</code><br />
						
            
            <a class="navhash" href="#436">#</a>
						
              <code id="436">/usr/include/c++/6.1.1/cstdlib:226:11: error: '::_Exit' has not been declared</code><br />
						
            
            <a class="navhash" href="#437">#</a>
						
              <code id="437">   using ::_Exit;</code><br />
						
            
            <a class="navhash" href="#438">#</a>
						
              <code id="438">           ^~~~~</code><br />
						
            
            <a class="navhash" href="#439">#</a>
						
              <code id="439">/usr/include/c++/6.1.1/cstdlib:230:11: error: '::llabs' has not been declared</code><br />
						
            
            <a class="navhash" href="#440">#</a>
						
              <code id="440">   using ::llabs;</code><br />
						
            
            <a class="navhash" href="#441">#</a>
						
              <code id="441">           ^~~~~</code><br />
						
            
            <a class="navhash" href="#442">#</a>
						
              <code id="442">/usr/include/c++/6.1.1/cstdlib:232:10: error: 'lldiv_t' does not name a type</code><br />
						
            
            <a class="navhash" href="#443">#</a>
						
              <code id="443">   inline lldiv_t</code><br />
						
            
            <a class="navhash" href="#444">#</a>
						
              <code id="444">          ^~~~~~~</code><br />
						
            
            <a class="navhash" href="#445">#</a>
						
              <code id="445">/usr/include/c++/6.1.1/cstdlib:236:11: error: '::lldiv' has not been declared</code><br />
						
            
            <a class="navhash" href="#446">#</a>
						
              <code id="446">   using ::lldiv;</code><br />
						
            
            <a class="navhash" href="#447">#</a>
						
              <code id="447">           ^~~~~</code><br />
						
            
            <a class="navhash" href="#448">#</a>
						
              <code id="448">/usr/include/c++/6.1.1/cstdlib:247:11: error: '::atoll' has not been declared</code><br />
						
            
            <a class="navhash" href="#449">#</a>
						
              <code id="449">   using ::atoll;</code><br />
						
            
            <a class="navhash" href="#450">#</a>
						
              <code id="450">           ^~~~~</code><br />
						
            
            <a class="navhash" href="#451">#</a>
						
              <code id="451">/usr/include/c++/6.1.1/cstdlib:248:11: error: '::strtoll' has not been declared</code><br />
						
            
            <a class="navhash" href="#452">#</a>
						
              <code id="452">   using ::strtoll;</code><br />
						
            
            <a class="navhash" href="#453">#</a>
						
              <code id="453">           ^~~~~~~</code><br />
						
            
            <a class="navhash" href="#454">#</a>
						
              <code id="454">/usr/include/c++/6.1.1/cstdlib:249:11: error: '::strtoull' has not been declared</code><br />
						
            
            <a class="navhash" href="#455">#</a>
						
              <code id="455">   using ::strtoull;</code><br />
						
            
            <a class="navhash" href="#456">#</a>
						
              <code id="456">           ^~~~~~~~</code><br />
						
            
            <a class="navhash" href="#457">#</a>
						
              <code id="457">/usr/include/c++/6.1.1/cstdlib:251:11: error: '::strtof' has not been declared</code><br />
						
            
            <a class="navhash" href="#458">#</a>
						
              <code id="458">   using ::strtof;</code><br />
						
            
            <a class="navhash" href="#459">#</a>
						
              <code id="459">           ^~~~~~</code><br />
						
            
            <a class="navhash" href="#460">#</a>
						
              <code id="460">/usr/include/c++/6.1.1/cstdlib:252:11: error: '::strtold' has not been declared</code><br />
						
            
            <a class="navhash" href="#461">#</a>
						
              <code id="461">   using ::strtold;</code><br />
						
            
            <a class="navhash" href="#462">#</a>
						
              <code id="462">           ^~~~~~~</code><br />
						
            
            <a class="navhash" href="#463">#</a>
						
              <code id="463">/usr/include/c++/6.1.1/cstdlib:260:22: error: '__gnu_cxx::lldiv_t' has not been declared</code><br />
						
            
            <a class="navhash" href="#464">#</a>
						
              <code id="464">   using ::__gnu_cxx::lldiv_t;</code><br />
						
            
            <a class="navhash" href="#465">#</a>
						
              <code id="465">                      ^~~~~~~</code><br />
						
            
            <a class="navhash" href="#466">#</a>
						
              <code id="466">/usr/include/c++/6.1.1/cstdlib:262:22: error: '__gnu_cxx::_Exit' has not been declared</code><br />
						
            
            <a class="navhash" href="#467">#</a>
						
              <code id="467">   using ::__gnu_cxx::_Exit;</code><br />
						
            
            <a class="navhash" href="#468">#</a>
						
              <code id="468">                      ^~~~~</code><br />
						
            
            <a class="navhash" href="#469">#</a>
						
              <code id="469">/usr/include/c++/6.1.1/cstdlib:264:22: error: '__gnu_cxx::llabs' has not been declared</code><br />
						
            
            <a class="navhash" href="#470">#</a>
						
              <code id="470">   using ::__gnu_cxx::llabs;</code><br />
						
            
            <a class="navhash" href="#471">#</a>
						
              <code id="471">                      ^~~~~</code><br />
						
            
            <a class="navhash" href="#472">#</a>
						
              <code id="472">/usr/include/c++/6.1.1/cstdlib:265:22: error: '__gnu_cxx::div' has not been declared</code><br />
						
            
            <a class="navhash" href="#473">#</a>
						
              <code id="473">   using ::__gnu_cxx::div;</code><br />
						
            
            <a class="navhash" href="#474">#</a>
						
              <code id="474">                      ^~~</code><br />
						
            
            <a class="navhash" href="#475">#</a>
						
              <code id="475">/usr/include/c++/6.1.1/cstdlib:266:22: error: '__gnu_cxx::lldiv' has not been declared</code><br />
						
            
            <a class="navhash" href="#476">#</a>
						
              <code id="476">   using ::__gnu_cxx::lldiv;</code><br />
						
            
            <a class="navhash" href="#477">#</a>
						
              <code id="477">                      ^~~~~</code><br />
						
            
            <a class="navhash" href="#478">#</a>
						
              <code id="478">/usr/include/c++/6.1.1/cstdlib:268:22: error: '__gnu_cxx::atoll' has not been declared</code><br />
						
            
            <a class="navhash" href="#479">#</a>
						
              <code id="479">   using ::__gnu_cxx::atoll;</code><br />
						
            
            <a class="navhash" href="#480">#</a>
						
              <code id="480">                      ^~~~~</code><br />
						
            
            <a class="navhash" href="#481">#</a>
						
              <code id="481">/usr/include/c++/6.1.1/cstdlib:269:22: error: '__gnu_cxx::strtof' has not been declared</code><br />
						
            
            <a class="navhash" href="#482">#</a>
						
              <code id="482">   using ::__gnu_cxx::strtof;</code><br />
						
            
            <a class="navhash" href="#483">#</a>
						
              <code id="483">                      ^~~~~~</code><br />
						
            
            <a class="navhash" href="#484">#</a>
						
              <code id="484">/usr/include/c++/6.1.1/cstdlib:270:22: error: '__gnu_cxx::strtoll' has not been declared</code><br />
						
            
            <a class="navhash" href="#485">#</a>
						
              <code id="485">   using ::__gnu_cxx::strtoll;</code><br />
						
            
            <a class="navhash" href="#486">#</a>
						
              <code id="486">                      ^~~~~~~</code><br />
						
            
            <a class="navhash" href="#487">#</a>
						
              <code id="487">/usr/include/c++/6.1.1/cstdlib:271:22: error: '__gnu_cxx::strtoull' has not been declared</code><br />
						
            
            <a class="navhash" href="#488">#</a>
						
              <code id="488">   using ::__gnu_cxx::strtoull;</code><br />
						
            
            <a class="navhash" href="#489">#</a>
						
              <code id="489">                      ^~~~~~~~</code><br />
						
            
            <a class="navhash" href="#490">#</a>
						
              <code id="490">/usr/include/c++/6.1.1/cstdlib:272:22: error: '__gnu_cxx::strtold' has not been declared</code><br />
						
            
            <a class="navhash" href="#491">#</a>
						
              <code id="491">   using ::__gnu_cxx::strtold;</code><br />
						
            
            <a class="navhash" href="#492">#</a>
						
              <code id="492">                      ^~~~~~~</code><br />
						
            
            <a class="navhash" href="#493">#</a>
						
              <code id="493">In file included from /usr/include/c++/6.1.1/string:52:0,</code><br />
						
            
            <a class="navhash" href="#494">#</a>
						
              <code id="494">                 from utilities.hpp:7,</code><br />
						
            
            <a class="navhash" href="#495">#</a>
						
              <code id="495">                 from aio.cpp:25:</code><br />
						
            
            <a class="navhash" href="#496">#</a>
						
              <code id="496">/usr/include/c++/6.1.1/bits/basic_string.h: In function 'int std::__cxx11::stoi(const string&, std::size_t*, int)':</code><br />
						
            
            <a class="navhash" href="#497">#</a>
						
              <code id="497">/usr/include/c++/6.1.1/bits/basic_string.h:5413:42: error: 'strtol' is not a member of 'std'</code><br />
						
            
            <a class="navhash" href="#498">#</a>
						
              <code id="498">   { return __gnu_cxx::__stoa<long, int>(&std::strtol, "stoi", __str.c_str(),</code><br />
						
            
            <a class="navhash" href="#499">#</a>
						
              <code id="499">                                          ^~~</code><br />
						
            
            <a class="navhash" href="#500">#</a>
						
              <code id="500">/usr/include/c++/6.1.1/bits/basic_string.h: In function 'long int std::__cxx11::stol(const string&, std::size_t*, int)':</code><br />
						
            
            <a class="navhash" href="#501">#</a>
						
              <code id="501">/usr/include/c++/6.1.1/bits/basic_string.h:5418:31: error: 'strtol' is not a member of 'std'</code><br />
						
            
            <a class="navhash" href="#502">#</a>
						
              <code id="502">   { return __gnu_cxx::__stoa(&std::strtol, "stol", __str.c_str(),</code><br />
						
            
            <a class="navhash" href="#503">#</a>
						
              <code id="503">                               ^~~</code><br />
						
            
            <a class="navhash" href="#504">#</a>
						
              <code id="504">/usr/include/c++/6.1.1/bits/basic_string.h: In function 'long unsigned int std::__cxx11::stoul(const string&, std::size_t*, int)':</code><br />
						
            
            <a class="navhash" href="#505">#</a>
						
              <code id="505">/usr/include/c++/6.1.1/bits/basic_string.h:5423:31: error: 'strtoul' is not a member of 'std'</code><br />
						
            
            <a class="navhash" href="#506">#</a>
						
              <code id="506">   { return __gnu_cxx::__stoa(&std::strtoul, "stoul", __str.c_str(),</code><br />
						
            
            <a class="navhash" href="#507">#</a>
						
              <code id="507">                               ^~~</code><br />
						
            
            <a class="navhash" href="#508">#</a>
						
              <code id="508">/usr/include/c++/6.1.1/bits/basic_string.h: In function 'long long int std::__cxx11::stoll(const string&, std::size_t*, int)':</code><br />
						
            
            <a class="navhash" href="#509">#</a>
						
              <code id="509">/usr/include/c++/6.1.1/bits/basic_string.h:5428:31: error: 'strtoll' is not a member of 'std'</code><br />
						
            
            <a class="navhash" href="#510">#</a>
						
              <code id="510">   { return __gnu_cxx::__stoa(&std::strtoll, "stoll", __str.c_str(),</code><br />
						
            
            <a class="navhash" href="#511">#</a>
						
              <code id="511">                               ^~~</code><br />
						
            
            <a class="navhash" href="#512">#</a>
						
              <code id="512">/usr/include/c++/6.1.1/bits/basic_string.h: In function 'long long unsigned int std::__cxx11::stoull(const string&, std::size_t*, int)':</code><br />
						
            
            <a class="navhash" href="#513">#</a>
						
              <code id="513">/usr/include/c++/6.1.1/bits/basic_string.h:5433:31: error: 'strtoull' is not a member of 'std'</code><br />
						
            
            <a class="navhash" href="#514">#</a>
						
              <code id="514">   { return __gnu_cxx::__stoa(&std::strtoull, "stoull", __str.c_str(),</code><br />
						
            
            <a class="navhash" href="#515">#</a>
						
              <code id="515">                               ^~~</code><br />
						
            
            <a class="navhash" href="#516">#</a>
						
              <code id="516">/usr/include/c++/6.1.1/bits/basic_string.h: In function 'float std::__cxx11::stof(const string&, std::size_t*)':</code><br />
						
            
            <a class="navhash" href="#517">#</a>
						
              <code id="517">/usr/include/c++/6.1.1/bits/basic_string.h:5439:31: error: 'strtof' is not a member of 'std'</code><br />
						
            
            <a class="navhash" href="#518">#</a>
						
              <code id="518">   { return __gnu_cxx::__stoa(&std::strtof, "stof", __str.c_str(), __idx); }</code><br />
						
            
            <a class="navhash" href="#519">#</a>
						
              <code id="519">                               ^~~</code><br />
						
            
            <a class="navhash" href="#520">#</a>
						
              <code id="520">/usr/include/c++/6.1.1/bits/basic_string.h: In function 'double std::__cxx11::stod(const string&, std::size_t*)':</code><br />
						
            
            <a class="navhash" href="#521">#</a>
						
              <code id="521">/usr/include/c++/6.1.1/bits/basic_string.h:5443:31: error: 'strtod' is not a member of 'std'</code><br />
						
            
            <a class="navhash" href="#522">#</a>
						
              <code id="522">   { return __gnu_cxx::__stoa(&std::strtod, "stod", __str.c_str(), __idx); }</code><br />
						
            
            <a class="navhash" href="#523">#</a>
						
              <code id="523">                               ^~~</code><br />
						
            
            <a class="navhash" href="#524">#</a>
						
              <code id="524">/usr/include/c++/6.1.1/bits/basic_string.h: In function 'long double std::__cxx11::stold(const string&, std::size_t*)':</code><br />
						
            
            <a class="navhash" href="#525">#</a>
						
              <code id="525">/usr/include/c++/6.1.1/bits/basic_string.h:5447:31: error: 'strtold' is not a member of 'std'</code><br />
						
            
            <a class="navhash" href="#526">#</a>
						
              <code id="526">   { return __gnu_cxx::__stoa(&std::strtold, "stold", __str.c_str(), __idx); }</code><br />
						
            
            <a class="navhash" href="#527">#</a>
						
              <code id="527">                               ^~~</code><br />
						
            
            <a class="navhash" href="#528">#</a>
						
              <code id="528">In file included from aio.cpp:30:0:</code><br />
						
            
            <a class="navhash" href="#529">#</a>
						
              <code id="529">/sysroot/sysroot/usr/include/stdlib.h: At global scope:</code><br />
						
            
            <a class="navhash" href="#530">#</a>
						
              <code id="530">/sysroot/sysroot/usr/include/stdlib.h:97:13: error: conflicting declaration of C function 'void qsort(void*, size_t, size_t, int (*)(const void*, const void*))'</code><br />
						
            
            <a class="navhash" href="#531">#</a>
						
              <code id="531"> extern void qsort(void *, size_t, size_t, int (*)(const void *, const void *));</code><br />
						
            
            <a class="navhash" href="#532">#</a>
						
              <code id="532">             ^~~~~</code><br />
						
            
            <a class="navhash" href="#533">#</a>
						
              <code id="533">In file included from /usr/include/c++/6.1.1/cstdlib:75:0,</code><br />
						
            
            <a class="navhash" href="#534">#</a>
						
              <code id="534">                 from /usr/include/c++/6.1.1/ext/string_conversions.h:41,</code><br />
						
            
            <a class="navhash" href="#535">#</a>
						
              <code id="535">                 from /usr/include/c++/6.1.1/bits/basic_string.h:5402,</code><br />
						
            
            <a class="navhash" href="#536">#</a>
						
              <code id="536">                 from /usr/include/c++/6.1.1/string:52,</code><br />
						
            
            <a class="navhash" href="#537">#</a>
						
              <code id="537">                 from utilities.hpp:7,</code><br />
						
            
            <a class="navhash" href="#538">#</a>
						
              <code id="538">                 from aio.cpp:25:</code><br />
						
            
            <a class="navhash" href="#539">#</a>
						
              <code id="539">/usr/include/stdlib.h:764:13: note: previous declaration 'void qsort(void*, size_t, size_t, int)'</code><br />
						
            
            <a class="navhash" href="#540">#</a>
						
              <code id="540"> extern void qsort (void *__base, size_t __nmemb, size_t __size,</code><br />
						
            
            <a class="navhash" href="#541">#</a>
						
              <code id="541">             ^~~~~</code><br />
						
            
            <a class="navhash" href="#542">#</a>
						
              <code id="542">In file included from aio.cpp:30:0:</code><br />
						
            
            <a class="navhash" href="#543">#</a>
						
              <code id="543">/sysroot/sysroot/usr/include/stdlib.h:140:3: error: conflicting declaration 'typedef struct ldiv_t ldiv_t'</code><br />
						
            
            <a class="navhash" href="#544">#</a>
						
              <code id="544"> } ldiv_t;</code><br />
						
            
            <a class="navhash" href="#545">#</a>
						
              <code id="545">   ^~~~~~</code><br />
						
            
            <a class="navhash" href="#546">#</a>
						
              <code id="546">In file included from /usr/include/c++/6.1.1/cstdlib:75:0,</code><br />
						
            
            <a class="navhash" href="#547">#</a>
						
              <code id="547">                 from /usr/include/c++/6.1.1/ext/string_conversions.h:41,</code><br />
						
            
            <a class="navhash" href="#548">#</a>
						
              <code id="548">                 from /usr/include/c++/6.1.1/bits/basic_string.h:5402,</code><br />
						
            
            <a class="navhash" href="#549">#</a>
						
              <code id="549">                 from /usr/include/c++/6.1.1/string:52,</code><br />
						
            
            <a class="navhash" href="#550">#</a>
						
              <code id="550">                 from utilities.hpp:7,</code><br />
						
            
            <a class="navhash" href="#551">#</a>
						
              <code id="551">                 from aio.cpp:25:</code><br />
						
            
            <a class="navhash" href="#552">#</a>
						
              <code id="552">/usr/include/stdlib.h:109:5: note: previous declaration as 'typedef struct ldiv_t ldiv_t'</code><br />
						
            
            <a class="navhash" href="#553">#</a>
						
              <code id="553">   } ldiv_t;</code><br />
						
            
            <a class="navhash" href="#554">#</a>
						
              <code id="554">     ^~~~~~</code><br />
						
            
            <a class="navhash" href="#555">#</a>
						
              <code id="555">In file included from /usr/include/c++/6.1.1/x86_64-pc-linux-gnu/bits/c++config.h:495:0,</code><br />
						
            
            <a class="navhash" href="#556">#</a>
						
              <code id="556">                 from /usr/include/c++/6.1.1/string:38,</code><br />
						
            
            <a class="navhash" href="#557">#</a>
						
              <code id="557">                 from utilities.cpp:4:</code><br />
						
            
            <a class="navhash" href="#558">#</a>
						
              <code id="558">/usr/include/c++/6.1.1/x86_64-pc-linux-gnu/bits/os_defines.h:44:19: error: missing binary operator before token "("</code><br />
						
            
            <a class="navhash" href="#559">#</a>
						
              <code id="559"> #if __GLIBC_PREREQ(2,15) && defined(_GNU_SOURCE)</code><br />
						
            
            <a class="navhash" href="#560">#</a>
						
              <code id="560">                   ^</code><br />
						
            
            <a class="navhash" href="#561">#</a>
						
              <code id="561">In file included from utilities.cpp:8:0:</code><br />
						
            
            <a class="navhash" href="#562">#</a>
						
              <code id="562">/sysroot/sysroot/usr/include/stdlib.h:112:0: warning: "RAND_MAX" redefined</code><br />
						
            
            <a class="navhash" href="#563">#</a>
						
              <code id="563"> #define RAND_MAX 0x7fffffff</code><br />
						
            
            <a class="navhash" href="#564">#</a>
						
              <code id="564"> </code><br />
						
            
            <a class="navhash" href="#565">#</a>
						
              <code id="565">In file included from /usr/include/c++/6.1.1/cstdlib:75:0,</code><br />
						
            
            <a class="navhash" href="#566">#</a>
						
              <code id="566">                 from /usr/include/c++/6.1.1/ext/string_conversions.h:41,</code><br />
						
            
            <a class="navhash" href="#567">#</a>
						
              <code id="567">                 from /usr/include/c++/6.1.1/bits/basic_string.h:5402,</code><br />
						
            
            <a class="navhash" href="#568">#</a>
						
              <code id="568">                 from /usr/include/c++/6.1.1/string:52,</code><br />
						
            
            <a class="navhash" href="#569">#</a>
						
              <code id="569">                 from utilities.cpp:4:</code><br />
						
            
            <a class="navhash" href="#570">#</a>
						
              <code id="570">/usr/include/stdlib.h:128:0: note: this is the location of the previous definition</code><br />
						
            
            <a class="navhash" href="#571">#</a>
						
              <code id="571"> #define RAND_MAX 2147483647</code><br />
						
            
            <a class="navhash" href="#572">#</a>
						
              <code id="572"> </code><br />
						
            
            <a class="navhash" href="#573">#</a>
						
              <code id="573">In file included from utilities.cpp:8:0:</code><br />
						
            
            <a class="navhash" href="#574">#</a>
						
              <code id="574">/sysroot/sysroot/usr/include/stdlib.h:165:0: warning: "MB_CUR_MAX" redefined</code><br />
						
            
            <a class="navhash" href="#575">#</a>
						
              <code id="575"> #define MB_CUR_MAX __ctype_get_mb_cur_max()</code><br />
						
            
            <a class="navhash" href="#576">#</a>
						
              <code id="576"> </code><br />
						
            
            <a class="navhash" href="#577">#</a>
						
              <code id="577">In file included from /usr/include/c++/6.1.1/cstdlib:75:0,</code><br />
						
            
            <a class="navhash" href="#578">#</a>
						
              <code id="578">                 from /usr/include/c++/6.1.1/ext/string_conversions.h:41,</code><br />
						
            
            <a class="navhash" href="#579">#</a>
						
              <code id="579">                 from /usr/include/c++/6.1.1/bits/basic_string.h:5402,</code><br />
						
            
            <a class="navhash" href="#580">#</a>
						
              <code id="580">                 from /usr/include/c++/6.1.1/string:52,</code><br />
						
            
            <a class="navhash" href="#581">#</a>
						
              <code id="581">                 from utilities.cpp:4:</code><br />
						
            
            <a class="navhash" href="#582">#</a>
						
              <code id="582">/usr/include/stdlib.h:138:0: note: this is the location of the previous definition</code><br />
						
            
            <a class="navhash" href="#583">#</a>
						
              <code id="583"> #define MB_CUR_MAX (__ctype_get_mb_cur_max ())</code><br />
						
            
            <a class="navhash" href="#584">#</a>
						
              <code id="584"> </code><br />
						
            
            <a class="navhash" href="#585">#</a>
						
              <code id="585">In file included from /sysroot/sysroot/usr/include/linux/signal.h:21:0,</code><br />
						
            
            <a class="navhash" href="#586">#</a>
						
              <code id="586">                 from /sysroot/sysroot/usr/include/signal.h:43,</code><br />
						
            
            <a class="navhash" href="#587">#</a>
						
              <code id="587">                 from /sysroot/sysroot/usr/include/pthread.h:33,</code><br />
						
            
            <a class="navhash" href="#588">#</a>
						
              <code id="588">                 from /usr/include/c++/6.1.1/x86_64-pc-linux-gnu/bits/gthr-default.h:35,</code><br />
						
            
            <a class="navhash" href="#589">#</a>
						
              <code id="589">                 from /usr/include/c++/6.1.1/x86_64-pc-linux-gnu/bits/gthr.h:148,</code><br />
						
            
            <a class="navhash" href="#590">#</a>
						
              <code id="590">                 from /usr/include/c++/6.1.1/ext/atomicity.h:35,</code><br />
						
            
            <a class="navhash" href="#591">#</a>
						
              <code id="591">                 from /usr/include/c++/6.1.1/bits/basic_string.h:39,</code><br />
						
            
            <a class="navhash" href="#592">#</a>
						
              <code id="592">                 from /usr/include/c++/6.1.1/string:52,</code><br />
						
            
            <a class="navhash" href="#593">#</a>
						
              <code id="593">                 from utilities.cpp:4:</code><br />
						
            
            <a class="navhash" href="#594">#</a>
						
              <code id="594">/sysroot/sysroot/usr/include/signal.h:86:18: error: expected ';' at end of member declaration</code><br />
						
            
            <a class="navhash" href="#595">#</a>
						
              <code id="595">     sighandler_t sa_handler;</code><br />
						
            
            <a class="navhash" href="#596">#</a>
						
              <code id="596">                  ^</code><br />
						
            
            <a class="navhash" href="#597">#</a>
						
              <code id="597">/sysroot/sysroot/usr/include/signal.h:86:18: error: expected unqualified-id before '.' token</code><br />
						
            
            <a class="navhash" href="#598">#</a>
						
              <code id="598">     sighandler_t sa_handler;</code><br />
						
            
            <a class="navhash" href="#599">#</a>
						
              <code id="599">                  ^</code><br />
						
            
            <a class="navhash" href="#600">#</a>
						
              <code id="600">/sysroot/sysroot/usr/include/signal.h:87:12: error: expected ')' before '.' token</code><br />
						
            
            <a class="navhash" href="#601">#</a>
						
              <code id="601">     void (*sa_sigaction)(int, struct siginfo*, void*);</code><br />
						
            
            <a class="navhash" href="#602">#</a>
						
              <code id="602">            ^</code><br />
						
            
            <a class="navhash" href="#603">#</a>
						
              <code id="603">In file included from /usr/include/c++/6.1.1/cstdlib:75:0,</code><br />
						
            
            <a class="navhash" href="#604">#</a>
						
              <code id="604">                 from /usr/include/c++/6.1.1/ext/string_conversions.h:41,</code><br />
						
            
            <a class="navhash" href="#605">#</a>
						
              <code id="605">                 from /usr/include/c++/6.1.1/bits/basic_string.h:5402,</code><br />
						
            
            <a class="navhash" href="#606">#</a>
						
              <code id="606">                 from /usr/include/c++/6.1.1/string:52,</code><br />
						
            
            <a class="navhash" href="#607">#</a>
						
              <code id="607">                 from utilities.cpp:4:</code><br />
						
            
            <a class="navhash" href="#608">#</a>
						
              <code id="608">/usr/include/stdlib.h:95:1: error: '__BEGIN_NAMESPACE_STD' does not name a type</code><br />
						
            
            <a class="navhash" href="#609">#</a>
						
              <code id="609"> __BEGIN_NAMESPACE_STD</code><br />
						
            
            <a class="navhash" href="#610">#</a>
						
              <code id="610"> ^~~~~~~~~~~~~~~~~~~~~</code><br />
						
            
            <a class="navhash" href="#611">#</a>
						
              <code id="611">/usr/include/stdlib.h:101:5: error: 'div_t' does not name a type</code><br />
						
            
            <a class="navhash" href="#612">#</a>
						
              <code id="612">   } div_t;</code><br />
						
            
            <a class="navhash" href="#613">#</a>
						
              <code id="613">     ^~~~~</code><br />
						
            
            <a class="navhash" href="#614">#</a>
						
              <code id="614">/usr/include/stdlib.h:112:1: error: '__END_NAMESPACE_STD' does not name a type</code><br />
						
            
            <a class="navhash" href="#615">#</a>
						
              <code id="615"> __END_NAMESPACE_STD</code><br />
						
            
            <a class="navhash" href="#616">#</a>
						
              <code id="616"> ^~~~~~~~~~~~~~~~~~~</code><br />
						
            
            <a class="navhash" href="#617">#</a>
						
              <code id="617">/usr/include/stdlib.h:142:1: error: '__BEGIN_NAMESPACE_STD' does not name a type</code><br />
						
            
            <a class="navhash" href="#618">#</a>
						
              <code id="618"> __BEGIN_NAMESPACE_STD</code><br />
						
            
            <a class="navhash" href="#619">#</a>
						
              <code id="619"> ^~~~~~~~~~~~~~~~~~~~~</code><br />
						
            
            <a class="navhash" href="#620">#</a>
						<span class="error">
              <code id="620">/usr/include/stdlib.h:148:6: error: expected initializer before '__THROW'</code><br />
						</span>
            
            <a class="navhash" href="#621">#</a>
						
              <code id="621">      __THROW __attribute_pure__ __nonnull ((1)) __wur;</code><br />
						
            
            <a class="navhash" href="#622">#</a>
						
              <code id="622">      ^~~~~~~</code><br />
						
            
            <a class="navhash" href="#623">#</a>
						<span class="error">
              <code id="623">/usr/include/stdlib.h:151:6: error: expected initializer before '__THROW'</code><br />
						</span>
            
            <a class="navhash" href="#624">#</a>
						
              <code id="624">      __THROW __attribute_pure__ __nonnull ((1)) __wur;</code><br />
						
            
            <a class="navhash" href="#625">#</a>
						
              <code id="625">      ^~~~~~~</code><br />
						
            
            <a class="navhash" href="#626">#</a>
						
              <code id="626">/usr/include/stdlib.h:152:1: error: '__END_NAMESPACE_STD' does not name a type</code><br />
						
            
            <a class="navhash" href="#627">#</a>
						
              <code id="627"> __END_NAMESPACE_STD</code><br />
						
            
            <a class="navhash" href="#628">#</a>
						
              <code id="628"> ^~~~~~~~~~~~~~~~~~~</code><br />
						
            
            <a class="navhash" href="#629">#</a>
						
              <code id="629">/usr/include/stdlib.h:167:1: error: '__END_NAMESPACE_STD' does not name a type</code><br />
						
            
            <a class="navhash" href="#630">#</a>
						
              <code id="630"> __END_NAMESPACE_STD</code><br />
						
            
            <a class="navhash" href="#631">#</a>
						
              <code id="631"> ^~~~~~~~~~~~~~~~~~~</code><br />
						
            
            <a class="navhash" href="#632">#</a>
						<span class="error">
              <code id="632">/usr/include/stdlib.h:189:6: error: expected initializer before '__THROW'</code><br />
						</span>
            
            <a class="navhash" href="#633">#</a>
						
              <code id="633">      __THROW __nonnull ((1));</code><br />
						
            
            <a class="navhash" href="#634">#</a>
						
              <code id="634">      ^~~~~~~</code><br />
						
            
            <a class="navhash" href="#635">#</a>
						
              <code id="635">/usr/include/stdlib.h:190:1: error: '__END_NAMESPACE_STD' does not name a type</code><br />
						
            
            <a class="navhash" href="#636">#</a>
						
              <code id="636"> __END_NAMESPACE_STD</code><br />
						
            
            <a class="navhash" href="#637">#</a>
						
              <code id="637"> ^~~~~~~~~~~~~~~~~~~</code><br />
						
            
            <a class="navhash" href="#638">#</a>
						
              <code id="638">/usr/include/stdlib.h:376:41: error: expected initializer before '__THROW'</code><br />
						
            
            <a class="navhash" href="#639">#</a>
						
              <code id="639"> extern void srand (unsigned int __seed) __THROW;</code><br />
						
            
            <a class="navhash" href="#640">#</a>
						
              <code id="640">                                         ^~~~~~~</code><br />
						
            
            <a class="navhash" href="#641">#</a>
						
              <code id="641">/usr/include/stdlib.h:377:1: error: '__END_NAMESPACE_STD' does not name a type</code><br />
						
            
            <a class="navhash" href="#642">#</a>
						
              <code id="642"> __END_NAMESPACE_STD</code><br />
						
            
            <a class="navhash" href="#643">#</a>
						
              <code id="643"> ^~~~~~~~~~~~~~~~~~~</code><br />
						
            
            <a class="navhash" href="#644">#</a>
						
              <code id="644">/usr/include/stdlib.h:464:1: error: '__BEGIN_NAMESPACE_STD' does not name a type</code><br />
						
            
            <a class="navhash" href="#645">#</a>
						
              <code id="645"> __BEGIN_NAMESPACE_STD</code><br />
						
            
            <a class="navhash" href="#646">#</a>
						
              <code id="646"> ^~~~~~~~~~~~~~~~~~~~~</code><br />
						
            
            <a class="navhash" href="#647">#</a>
						<span class="error">
              <code id="647">/usr/include/stdlib.h:469:6: error: expected initializer before '__THROW'</code><br />
						</span>
            
            <a class="navhash" href="#648">#</a>
						
              <code id="648">      __THROW __attribute_malloc__ __wur;</code><br />
						
            
            <a class="navhash" href="#649">#</a>
						
              <code id="649">      ^~~~~~~</code><br />
						
            
            <a class="navhash" href="#650">#</a>
						
              <code id="650">/usr/include/stdlib.h:470:1: error: '__END_NAMESPACE_STD' does not name a type</code><br />
						
            
            <a class="navhash" href="#651">#</a>
						
              <code id="651"> __END_NAMESPACE_STD</code><br />
						
            
            <a class="navhash" href="#652">#</a>
						
              <code id="652"> ^~~~~~~~~~~~~~~~~~~</code><br />
						
            
            <a class="navhash" href="#653">#</a>
						
              <code id="653">/usr/include/stdlib.h:483:32: error: expected initializer before '__THROW'</code><br />
						
            
            <a class="navhash" href="#654">#</a>
						
              <code id="654"> extern void free (void *__ptr) __THROW;</code><br />
						
            
            <a class="navhash" href="#655">#</a>
						
              <code id="655">                                ^~~~~~~</code><br />
						
            
            <a class="navhash" href="#656">#</a>
						
              <code id="656">/usr/include/stdlib.h:484:1: error: '__END_NAMESPACE_STD' does not name a type</code><br />
						
            
            <a class="navhash" href="#657">#</a>
						
              <code id="657"> __END_NAMESPACE_STD</code><br />
						
            
            <a class="navhash" href="#658">#</a>
						
              <code id="658"> ^~~~~~~~~~~~~~~~~~~</code><br />
						
            
            <a class="navhash" href="#659">#</a>
						
              <code id="659">/usr/include/stdlib.h:519:43: error: expected initializer before '__THROW'</code><br />
						
            
            <a class="navhash" href="#660">#</a>
						
              <code id="660"> extern int atexit (void (*__func) (void)) __THROW __nonnull ((1));</code><br />
						
            
            <a class="navhash" href="#661">#</a>
						
              <code id="661">                                           ^~~~~~~</code><br />
						
            
            <a class="navhash" href="#662">#</a>
						
              <code id="662">/usr/include/stdlib.h:530:1: error: '__END_NAMESPACE_STD' does not name a type</code><br />
						
            
            <a class="navhash" href="#663">#</a>
						
              <code id="663"> __END_NAMESPACE_STD</code><br />
						
            
            <a class="navhash" href="#664">#</a>
						
              <code id="664"> ^~~~~~~~~~~~~~~~~~~</code><br />
						
            
            <a class="navhash" href="#665">#</a>
						
              <code id="665">/usr/include/stdlib.h:551:1: error: '__END_NAMESPACE_STD' does not name a type</code><br />
						
            
            <a class="navhash" href="#666">#</a>
						
              <code id="666"> __END_NAMESPACE_STD</code><br />
						
            
            <a class="navhash" href="#667">#</a>
						
              <code id="667"> ^~~~~~~~~~~~~~~~~~~</code><br />
						
            
            <a class="navhash" href="#668">#</a>
						
              <code id="668">/usr/include/stdlib.h:565:1: error: '__END_NAMESPACE_STD' does not name a type</code><br />
						
            
            <a class="navhash" href="#669">#</a>
						
              <code id="669"> __END_NAMESPACE_STD</code><br />
						
            
            <a class="navhash" href="#670">#</a>
						
              <code id="670"> ^~~~~~~~~~~~~~~~~~~</code><br />
						
            
            <a class="navhash" href="#671">#</a>
						
              <code id="671">/usr/include/stdlib.h:717:1: error: '__END_NAMESPACE_STD' does not name a type</code><br />
						
            
            <a class="navhash" href="#672">#</a>
						
              <code id="672"> __END_NAMESPACE_STD</code><br />
						
            
            <a class="navhash" href="#673">#</a>
						
              <code id="673"> ^~~~~~~~~~~~~~~~~~~</code><br />
						
            
            <a class="navhash" href="#674">#</a>
						
              <code id="674">/usr/include/stdlib.h:751:1: error: '__BEGIN_NAMESPACE_STD' does not name a type</code><br />
						
            
            <a class="navhash" href="#675">#</a>
						
              <code id="675"> __BEGIN_NAMESPACE_STD</code><br />
						
            
            <a class="navhash" href="#676">#</a>
						
              <code id="676"> ^~~~~~~~~~~~~~~~~~~~~</code><br />
						
            
            <a class="navhash" href="#677">#</a>
						
              <code id="677">/usr/include/stdlib.h:765:6: error: '__compar_fn_t' has not been declared</code><br />
						
            
            <a class="navhash" href="#678">#</a>
						
              <code id="678">      __compar_fn_t __compar) __nonnull ((1, 4));</code><br />
						
            
            <a class="navhash" href="#679">#</a>
						
              <code id="679">      ^~~~~~~~~~~~~</code><br />
						
            
            <a class="navhash" href="#680">#</a>
						
              <code id="680">In file included from /sysroot/sysroot/usr/include/sys/types.h:33:0,</code><br />
						
            
            <a class="navhash" href="#681">#</a>
						
              <code id="681">                 from utilities.cpp:2:</code><br />
						
            
            <a class="navhash" href="#682">#</a>
						
              <code id="682">/sysroot/sysroot/usr/include/sys/cdefs.h:232:57: error: nonnull argument references non-pointer operand (argument 2, operand 4)</code><br />
						
            
            <a class="navhash" href="#683">#</a>
						
              <code id="683"> #define __nonnull(args) __attribute__((__nonnull__ args))</code><br />
						
            
            <a class="navhash" href="#684">#</a>
						
              <code id="684">                                                         ^</code><br />
						
            
            <a class="navhash" href="#685">#</a>
						
              <code id="685">In file included from /usr/include/c++/6.1.1/cstdlib:75:0,</code><br />
						
            
            <a class="navhash" href="#686">#</a>
						
              <code id="686">                 from /usr/include/c++/6.1.1/ext/string_conversions.h:41,</code><br />
						
            
            <a class="navhash" href="#687">#</a>
						
              <code id="687">                 from /usr/include/c++/6.1.1/bits/basic_string.h:5402,</code><br />
						
            
            <a class="navhash" href="#688">#</a>
						
              <code id="688">                 from /usr/include/c++/6.1.1/string:52,</code><br />
						
            
            <a class="navhash" href="#689">#</a>
						
              <code id="689">                 from utilities.cpp:4:</code><br />
						
            
            <a class="navhash" href="#690">#</a>
						
              <code id="690">/usr/include/stdlib.h:774:26: error: expected initializer before '__THROW'</code><br />
						
            
            <a class="navhash" href="#691">#</a>
						
              <code id="691"> extern int abs (int __x) __THROW __attribute__ ((__const__)) __wur;</code><br />
						
            
            <a class="navhash" href="#692">#</a>
						
              <code id="692">                          ^~~~~~~</code><br />
						
            
            <a class="navhash" href="#693">#</a>
						
              <code id="693">/usr/include/stdlib.h:775:37: error: expected initializer before '__THROW'</code><br />
						
            
            <a class="navhash" href="#694">#</a>
						
              <code id="694"> extern long int labs (long int __x) __THROW __attribute__ ((__const__)) __wur;</code><br />
						
            
            <a class="navhash" href="#695">#</a>
						
              <code id="695">                                     ^~~~~~~</code><br />
						
            
            <a class="navhash" href="#696">#</a>
						
              <code id="696">/usr/include/stdlib.h:776:1: error: '__END_NAMESPACE_STD' does not name a type</code><br />
						
            
            <a class="navhash" href="#697">#</a>
						
              <code id="697"> __END_NAMESPACE_STD</code><br />
						
            
            <a class="navhash" href="#698">#</a>
						
              <code id="698"> ^~~~~~~~~~~~~~~~~~~</code><br />
						
            
            <a class="navhash" href="#699">#</a>
						<span class="error">
              <code id="699">/usr/include/stdlib.h:791:6: error: expected initializer before '__THROW'</code><br />
						</span>
            
            <a class="navhash" href="#700">#</a>
						
              <code id="700">      __THROW __attribute__ ((__const__)) __wur;</code><br />
						
            
            <a class="navhash" href="#701">#</a>
						
              <code id="701">      ^~~~~~~</code><br />
						
            
            <a class="navhash" href="#702">#</a>
						
              <code id="702">/usr/include/stdlib.h:792:1: error: '__END_NAMESPACE_STD' does not name a type</code><br />
						
            
            <a class="navhash" href="#703">#</a>
						
              <code id="703"> __END_NAMESPACE_STD</code><br />
						
            
            <a class="navhash" href="#704">#</a>
						
              <code id="704"> ^~~~~~~~~~~~~~~~~~~</code><br />
						
            
            <a class="navhash" href="#705">#</a>
						
              <code id="705">/usr/include/stdlib.h:866:46: error: expected initializer before '__THROW'</code><br />
						
            
            <a class="navhash" href="#706">#</a>
						
              <code id="706">      const char *__restrict __s, size_t __n) __THROW;</code><br />
						
            
            <a class="navhash" href="#707">#</a>
						
              <code id="707">                                              ^~~~~~~</code><br />
						
            
            <a class="navhash" href="#708">#</a>
						
              <code id="708">/usr/include/stdlib.h:869:48: error: expected initializer before '__THROW'</code><br />
						
            
            <a class="navhash" href="#709">#</a>
						
              <code id="709"> extern int wctomb (char *__s, wchar_t __wchar) __THROW;</code><br />
						
            
            <a class="navhash" href="#710">#</a>
						
              <code id="710">                                                ^~~~~~~</code><br />
						
            
            <a class="navhash" href="#711">#</a>
						
              <code id="711">/usr/include/stdlib.h:874:44: error: expected initializer before '__THROW'</code><br />
						
            
            <a class="navhash" href="#712">#</a>
						
              <code id="712">    const char *__restrict __s, size_t __n) __THROW;</code><br />
						
            
            <a class="navhash" href="#713">#</a>
						
              <code id="713">                                            ^~~~~~~</code><br />
						
            
            <a class="navhash" href="#714">#</a>
						<span class="error">
              <code id="714">/usr/include/stdlib.h:878:6: error: expected initializer before '__THROW'</code><br />
						</span>
            
            <a class="navhash" href="#715">#</a>
						
              <code id="715">      __THROW;</code><br />
						
            
            <a class="navhash" href="#716">#</a>
						
              <code id="716">      ^~~~~~~</code><br />
						
            
            <a class="navhash" href="#717">#</a>
						
              <code id="717">/usr/include/stdlib.h:879:1: error: '__END_NAMESPACE_STD' does not name a type</code><br />
						
            
            <a class="navhash" href="#718">#</a>
						
              <code id="718"> __END_NAMESPACE_STD</code><br />
						
            
            <a class="navhash" href="#719">#</a>
						
              <code id="719"> ^~~~~~~~~~~~~~~~~~~</code><br />
						
            
            <a class="navhash" href="#720">#</a>
						
              <code id="720">In file included from /usr/include/c++/6.1.1/ext/string_conversions.h:41:0,</code><br />
						
            
            <a class="navhash" href="#721">#</a>
						
              <code id="721">                 from /usr/include/c++/6.1.1/bits/basic_string.h:5402,</code><br />
						
            
            <a class="navhash" href="#722">#</a>
						
              <code id="722">                 from /usr/include/c++/6.1.1/string:52,</code><br />
						
            
            <a class="navhash" href="#723">#</a>
						
              <code id="723">                 from utilities.cpp:4:</code><br />
						
            
            <a class="navhash" href="#724">#</a>
						
              <code id="724">/usr/include/c++/6.1.1/cstdlib:124:11: error: '::div_t' has not been declared</code><br />
						
            
            <a class="navhash" href="#725">#</a>
						
              <code id="725">   using ::div_t;</code><br />
						
            
            <a class="navhash" href="#726">#</a>
						
              <code id="726">           ^~~~~</code><br />
						
            
            <a class="navhash" href="#727">#</a>
						
              <code id="727">/usr/include/c++/6.1.1/cstdlib:127:11: error: '::abort' has not been declared</code><br />
						
            
            <a class="navhash" href="#728">#</a>
						
              <code id="728">   using ::abort;</code><br />
						
            
            <a class="navhash" href="#729">#</a>
						
              <code id="729">           ^~~~~</code><br />
						
            
            <a class="navhash" href="#730">#</a>
						
              <code id="730">/usr/include/c++/6.1.1/cstdlib:128:11: error: '::abs' has not been declared</code><br />
						
            
            <a class="navhash" href="#731">#</a>
						
              <code id="731">   using ::abs;</code><br />
						
            
            <a class="navhash" href="#732">#</a>
						
              <code id="732">           ^~~</code><br />
						
            
            <a class="navhash" href="#733">#</a>
						
              <code id="733">/usr/include/c++/6.1.1/cstdlib:129:11: error: '::atexit' has not been declared</code><br />
						
            
            <a class="navhash" href="#734">#</a>
						
              <code id="734">   using ::atexit;</code><br />
						
            
            <a class="navhash" href="#735">#</a>
						
              <code id="735">           ^~~~~~</code><br />
						
            
            <a class="navhash" href="#736">#</a>
						
              <code id="736">/usr/include/c++/6.1.1/cstdlib:132:11: error: '::at_quick_exit' has not been declared</code><br />
						
            
            <a class="navhash" href="#737">#</a>
						
              <code id="737">   using ::at_quick_exit;</code><br />
						
            
            <a class="navhash" href="#738">#</a>
						
              <code id="738">           ^~~~~~~~~~~~~</code><br />
						
            
            <a class="navhash" href="#739">#</a>
						
              <code id="739">/usr/include/c++/6.1.1/cstdlib:135:11: error: '::atof' has not been declared</code><br />
						
            
            <a class="navhash" href="#740">#</a>
						
              <code id="740">   using ::atof;</code><br />
						
            
            <a class="navhash" href="#741">#</a>
						
              <code id="741">           ^~~~</code><br />
						
            
            <a class="navhash" href="#742">#</a>
						
              <code id="742">/usr/include/c++/6.1.1/cstdlib:136:11: error: '::atoi' has not been declared</code><br />
						
            
            <a class="navhash" href="#743">#</a>
						
              <code id="743">   using ::atoi;</code><br />
						
            
            <a class="navhash" href="#744">#</a>
						
              <code id="744">           ^~~~</code><br />
						
            
            <a class="navhash" href="#745">#</a>
						
              <code id="745">/usr/include/c++/6.1.1/cstdlib:137:11: error: '::atol' has not been declared</code><br />
						
            
            <a class="navhash" href="#746">#</a>
						
              <code id="746">   using ::atol;</code><br />
						
            
            <a class="navhash" href="#747">#</a>
						
              <code id="747">           ^~~~</code><br />
						
            
            <a class="navhash" href="#748">#</a>
						
              <code id="748">/usr/include/c++/6.1.1/cstdlib:138:11: error: '::bsearch' has not been declared</code><br />
						
            
            <a class="navhash" href="#749">#</a>
						
              <code id="749">   using ::bsearch;</code><br />
						
            
            <a class="navhash" href="#750">#</a>
						
              <code id="750">           ^~~~~~~</code><br />
						
            
            <a class="navhash" href="#751">#</a>
						
              <code id="751">/usr/include/c++/6.1.1/cstdlib:140:11: error: '::div' has not been declared</code><br />
						
            
            <a class="navhash" href="#752">#</a>
						
              <code id="752">   using ::div;</code><br />
						
            
            <a class="navhash" href="#753">#</a>
						
              <code id="753">           ^~~</code><br />
						
            
            <a class="navhash" href="#754">#</a>
						
              <code id="754">/usr/include/c++/6.1.1/cstdlib:141:11: error: '::exit' has not been declared</code><br />
						
            
            <a class="navhash" href="#755">#</a>
						
              <code id="755">   using ::exit;</code><br />
						
            
            <a class="navhash" href="#756">#</a>
						
              <code id="756">           ^~~~</code><br />
						
            
            <a class="navhash" href="#757">#</a>
						
              <code id="757">/usr/include/c++/6.1.1/cstdlib:143:11: error: '::getenv' has not been declared</code><br />
						
            
            <a class="navhash" href="#758">#</a>
						
              <code id="758">   using ::getenv;</code><br />
						
            
            <a class="navhash" href="#759">#</a>
						
              <code id="759">           ^~~~~~</code><br />
						
            
            <a class="navhash" href="#760">#</a>
						
              <code id="760">/usr/include/c++/6.1.1/cstdlib:144:11: error: '::labs' has not been declared</code><br />
						
            
            <a class="navhash" href="#761">#</a>
						
              <code id="761">   using ::labs;</code><br />
						
            
            <a class="navhash" href="#762">#</a>
						
              <code id="762">           ^~~~</code><br />
						
            
            <a class="navhash" href="#763">#</a>
						
              <code id="763">/usr/include/c++/6.1.1/cstdlib:145:11: error: '::ldiv' has not been declared</code><br />
						
            
            <a class="navhash" href="#764">#</a>
						
              <code id="764">   using ::ldiv;</code><br />
						
            
            <a class="navhash" href="#765">#</a>
						
              <code id="765">           ^~~~</code><br />
						
            
            <a class="navhash" href="#766">#</a>
						
              <code id="766">/usr/include/c++/6.1.1/cstdlib:148:11: error: '::mblen' has not been declared</code><br />
						
            
            <a class="navhash" href="#767">#</a>
						
              <code id="767">   using ::mblen;</code><br />
						
            
            <a class="navhash" href="#768">#</a>
						
              <code id="768">           ^~~~~</code><br />
						
            
            <a class="navhash" href="#769">#</a>
						
              <code id="769">/usr/include/c++/6.1.1/cstdlib:150:11: error: '::mbtowc' has not been declared</code><br />
						
            
            <a class="navhash" href="#770">#</a>
						
              <code id="770">   using ::mbtowc;</code><br />
						
            
            <a class="navhash" href="#771">#</a>
						
              <code id="771">           ^~~~~~</code><br />
						
            
            <a class="navhash" href="#772">#</a>
						
              <code id="772">/usr/include/c++/6.1.1/cstdlib:155:11: error: '::quick_exit' has not been declared</code><br />
						
            
            <a class="navhash" href="#773">#</a>
						
              <code id="773">   using ::quick_exit;</code><br />
						
            
            <a class="navhash" href="#774">#</a>
						
              <code id="774">           ^~~~~~~~~~</code><br />
						
            
            <a class="navhash" href="#775">#</a>
						
              <code id="775">/usr/include/c++/6.1.1/cstdlib:158:11: error: '::rand' has not been declared</code><br />
						
            
            <a class="navhash" href="#776">#</a>
						
              <code id="776">   using ::rand;</code><br />
						
            
            <a class="navhash" href="#777">#</a>
						
              <code id="777">           ^~~~</code><br />
						
            
            <a class="navhash" href="#778">#</a>
						
              <code id="778">/usr/include/c++/6.1.1/cstdlib:160:11: error: '::srand' has not been declared</code><br />
						
            
            <a class="navhash" href="#779">#</a>
						
              <code id="779">   using ::srand;</code><br />
						
            
            <a class="navhash" href="#780">#</a>
						
              <code id="780">           ^~~~~</code><br />
						
            
            <a class="navhash" href="#781">#</a>
						
              <code id="781">/usr/include/c++/6.1.1/cstdlib:161:11: error: '::strtod' has not been declared</code><br />
						
            
            <a class="navhash" href="#782">#</a>
						
              <code id="782">   using ::strtod;</code><br />
						
            
            <a class="navhash" href="#783">#</a>
						
              <code id="783">           ^~~~~~</code><br />
						
            
            <a class="navhash" href="#784">#</a>
						
              <code id="784">/usr/include/c++/6.1.1/cstdlib:162:11: error: '::strtol' has not been declared</code><br />
						
            
            <a class="navhash" href="#785">#</a>
						
              <code id="785">   using ::strtol;</code><br />
						
            
            <a class="navhash" href="#786">#</a>
						
              <code id="786">           ^~~~~~</code><br />
						
            
            <a class="navhash" href="#787">#</a>
						
              <code id="787">/usr/include/c++/6.1.1/cstdlib:163:11: error: '::strtoul' has not been declared</code><br />
						
            
            <a class="navhash" href="#788">#</a>
						
              <code id="788">   using ::strtoul;</code><br />
						
            
            <a class="navhash" href="#789">#</a>
						
              <code id="789">           ^~~~~~~</code><br />
						
            
            <a class="navhash" href="#790">#</a>
						
              <code id="790">/usr/include/c++/6.1.1/cstdlib:164:11: error: '::system' has not been declared</code><br />
						
            
            <a class="navhash" href="#791">#</a>
						
              <code id="791">   using ::system;</code><br />
						
            
            <a class="navhash" href="#792">#</a>
						
              <code id="792">           ^~~~~~</code><br />
						
            
            <a class="navhash" href="#793">#</a>
						
              <code id="793">/usr/include/c++/6.1.1/cstdlib:166:11: error: '::wcstombs' has not been declared</code><br />
						
            
            <a class="navhash" href="#794">#</a>
						
              <code id="794">   using ::wcstombs;</code><br />
						
            
            <a class="navhash" href="#795">#</a>
						
              <code id="795">           ^~~~~~~~</code><br />
						
            
            <a class="navhash" href="#796">#</a>
						
              <code id="796">/usr/include/c++/6.1.1/cstdlib:167:11: error: '::wctomb' has not been declared</code><br />
						
            
            <a class="navhash" href="#797">#</a>
						
              <code id="797">   using ::wctomb;</code><br />
						
            
            <a class="navhash" href="#798">#</a>
						
              <code id="798">           ^~~~~~</code><br />
						
            
            <a class="navhash" href="#799">#</a>
						
              <code id="799">/usr/include/c++/6.1.1/cstdlib: In function 'ldiv_t std::div(long int, long int)':</code><br />
						
            
            <a class="navhash" href="#800">#</a>
						
              <code id="800">/usr/include/c++/6.1.1/cstdlib:175:49: error: 'ldiv' was not declared in this scope</code><br />
						
            
            <a class="navhash" href="#801">#</a>
						
              <code id="801">   div(long __i, long __j) { return ldiv(__i, __j); }</code><br />
						
            
            <a class="navhash" href="#802">#</a>
						
              <code id="802">                                                 ^</code><br />
						
            
            <a class="navhash" href="#803">#</a>
						
              <code id="803">/usr/include/c++/6.1.1/cstdlib: At global scope:</code><br />
						
            
            <a class="navhash" href="#804">#</a>
						
              <code id="804">/usr/include/c++/6.1.1/cstdlib:220:11: error: '::lldiv_t' has not been declared</code><br />
						
            
            <a class="navhash" href="#805">#</a>
						
              <code id="805">   using ::lldiv_t;</code><br />
						
            
            <a class="navhash" href="#806">#</a>
						
              <code id="806">           ^~~~~~~</code><br />
						
            
            <a class="navhash" href="#807">#</a>
						
              <code id="807">/usr/include/c++/6.1.1/cstdlib:226:11: error: '::_Exit' has not been declared</code><br />
						
            
            <a class="navhash" href="#808">#</a>
						
              <code id="808">   using ::_Exit;</code><br />
						
            
            <a class="navhash" href="#809">#</a>
						
              <code id="809">           ^~~~~</code><br />
						
            
            <a class="navhash" href="#810">#</a>
						
              <code id="810">/usr/include/c++/6.1.1/cstdlib:230:11: error: '::llabs' has not been declared</code><br />
						
            
            <a class="navhash" href="#811">#</a>
						
              <code id="811">   using ::llabs;</code><br />
						
            
            <a class="navhash" href="#812">#</a>
						
              <code id="812">           ^~~~~</code><br />
						
            
            <a class="navhash" href="#813">#</a>
						
              <code id="813">/usr/include/c++/6.1.1/cstdlib:232:10: error: 'lldiv_t' does not name a type</code><br />
						
            
            <a class="navhash" href="#814">#</a>
						
              <code id="814">   inline lldiv_t</code><br />
						
            
            <a class="navhash" href="#815">#</a>
						
              <code id="815">          ^~~~~~~</code><br />
						
            
            <a class="navhash" href="#816">#</a>
						
              <code id="816">/usr/include/c++/6.1.1/cstdlib:236:11: error: '::lldiv' has not been declared</code><br />
						
            
            <a class="navhash" href="#817">#</a>
						
              <code id="817">   using ::lldiv;</code><br />
						
            
            <a class="navhash" href="#818">#</a>
						
              <code id="818">           ^~~~~</code><br />
						
            
            <a class="navhash" href="#819">#</a>
						
              <code id="819">/usr/include/c++/6.1.1/cstdlib:247:11: error: '::atoll' has not been declared</code><br />
						
            
            <a class="navhash" href="#820">#</a>
						
              <code id="820">   using ::atoll;</code><br />
						
            
            <a class="navhash" href="#821">#</a>
						
              <code id="821">           ^~~~~</code><br />
						
            
            <a class="navhash" href="#822">#</a>
						
              <code id="822">/usr/include/c++/6.1.1/cstdlib:248:11: error: '::strtoll' has not been declared</code><br />
						
            
            <a class="navhash" href="#823">#</a>
						
              <code id="823">   using ::strtoll;</code><br />
						
            
            <a class="navhash" href="#824">#</a>
						
              <code id="824">           ^~~~~~~</code><br />
						
            
            <a class="navhash" href="#825">#</a>
						
              <code id="825">/usr/include/c++/6.1.1/cstdlib:249:11: error: '::strtoull' has not been declared</code><br />
						
            
            <a class="navhash" href="#826">#</a>
						
              <code id="826">   using ::strtoull;</code><br />
						
            
            <a class="navhash" href="#827">#</a>
						
              <code id="827">           ^~~~~~~~</code><br />
						
            
            <a class="navhash" href="#828">#</a>
						
              <code id="828">/usr/include/c++/6.1.1/cstdlib:251:11: error: '::strtof' has not been declared</code><br />
						
            
            <a class="navhash" href="#829">#</a>
						
              <code id="829">   using ::strtof;</code><br />
						
            
            <a class="navhash" href="#830">#</a>
						
              <code id="830">           ^~~~~~</code><br />
						
            
            <a class="navhash" href="#831">#</a>
						
              <code id="831">/usr/include/c++/6.1.1/cstdlib:252:11: error: '::strtold' has not been declared</code><br />
						
            
            <a class="navhash" href="#832">#</a>
						
              <code id="832">   using ::strtold;</code><br />
						
            
            <a class="navhash" href="#833">#</a>
						
              <code id="833">           ^~~~~~~</code><br />
						
            
            <a class="navhash" href="#834">#</a>
						
              <code id="834">/usr/include/c++/6.1.1/cstdlib:260:22: error: '__gnu_cxx::lldiv_t' has not been declared</code><br />
						
            
            <a class="navhash" href="#835">#</a>
						
              <code id="835">   using ::__gnu_cxx::lldiv_t;</code><br />
						
            
            <a class="navhash" href="#836">#</a>
						
              <code id="836">                      ^~~~~~~</code><br />
						
            
            <a class="navhash" href="#837">#</a>
						
              <code id="837">/usr/include/c++/6.1.1/cstdlib:262:22: error: '__gnu_cxx::_Exit' has not been declared</code><br />
						
            
            <a class="navhash" href="#838">#</a>
						
              <code id="838">   using ::__gnu_cxx::_Exit;</code><br />
						
            
            <a class="navhash" href="#839">#</a>
						
              <code id="839">                      ^~~~~</code><br />
						
            
            <a class="navhash" href="#840">#</a>
						
              <code id="840">/usr/include/c++/6.1.1/cstdlib:264:22: error: '__gnu_cxx::llabs' has not been declared</code><br />
						
            
            <a class="navhash" href="#841">#</a>
						
              <code id="841">   using ::__gnu_cxx::llabs;</code><br />
						
            
            <a class="navhash" href="#842">#</a>
						
              <code id="842">                      ^~~~~</code><br />
						
            
            <a class="navhash" href="#843">#</a>
						
              <code id="843">/usr/include/c++/6.1.1/cstdlib:265:22: error: '__gnu_cxx::div' has not been declared</code><br />
						
            
            <a class="navhash" href="#844">#</a>
						
              <code id="844">   using ::__gnu_cxx::div;</code><br />
						
            
            <a class="navhash" href="#845">#</a>
						
              <code id="845">                      ^~~</code><br />
						
            
            <a class="navhash" href="#846">#</a>
						
              <code id="846">/usr/include/c++/6.1.1/cstdlib:266:22: error: '__gnu_cxx::lldiv' has not been declared</code><br />
						
            
            <a class="navhash" href="#847">#</a>
						
              <code id="847">   using ::__gnu_cxx::lldiv;</code><br />
						
            
            <a class="navhash" href="#848">#</a>
						
              <code id="848">                      ^~~~~</code><br />
						
            
            <a class="navhash" href="#849">#</a>
						
              <code id="849">/usr/include/c++/6.1.1/cstdlib:268:22: error: '__gnu_cxx::atoll' has not been declared</code><br />
						
            
            <a class="navhash" href="#850">#</a>
						
              <code id="850">   using ::__gnu_cxx::atoll;</code><br />
						
            
            <a class="navhash" href="#851">#</a>
						
              <code id="851">                      ^~~~~</code><br />
						
            
            <a class="navhash" href="#852">#</a>
						
              <code id="852">/usr/include/c++/6.1.1/cstdlib:269:22: error: '__gnu_cxx::strtof' has not been declared</code><br />
						
            
            <a class="navhash" href="#853">#</a>
						
              <code id="853">   using ::__gnu_cxx::strtof;</code><br />
						
            
            <a class="navhash" href="#854">#</a>
						
              <code id="854">                      ^~~~~~</code><br />
						
            
            <a class="navhash" href="#855">#</a>
						
              <code id="855">/usr/include/c++/6.1.1/cstdlib:270:22: error: '__gnu_cxx::strtoll' has not been declared</code><br />
						
            
            <a class="navhash" href="#856">#</a>
						
              <code id="856">   using ::__gnu_cxx::strtoll;</code><br />
						
            
            <a class="navhash" href="#857">#</a>
						
              <code id="857">                      ^~~~~~~</code><br />
						
            
            <a class="navhash" href="#858">#</a>
						
              <code id="858">/usr/include/c++/6.1.1/cstdlib:271:22: error: '__gnu_cxx::strtoull' has not been declared</code><br />
						
            
            <a class="navhash" href="#859">#</a>
						
              <code id="859">   using ::__gnu_cxx::strtoull;</code><br />
						
            
            <a class="navhash" href="#860">#</a>
						
              <code id="860">                      ^~~~~~~~</code><br />
						
            
            <a class="navhash" href="#861">#</a>
						
              <code id="861">/usr/include/c++/6.1.1/cstdlib:272:22: error: '__gnu_cxx::strtold' has not been declared</code><br />
						
            
            <a class="navhash" href="#862">#</a>
						
              <code id="862">   using ::__gnu_cxx::strtold;</code><br />
						
            
            <a class="navhash" href="#863">#</a>
						
              <code id="863">                      ^~~~~~~</code><br />
						
            
            <a class="navhash" href="#864">#</a>
						
              <code id="864">In file included from /usr/include/c++/6.1.1/string:52:0,</code><br />
						
            
            <a class="navhash" href="#865">#</a>
						
              <code id="865">                 from utilities.cpp:4:</code><br />
						
            
            <a class="navhash" href="#866">#</a>
						
              <code id="866">/usr/include/c++/6.1.1/bits/basic_string.h: In function 'int std::__cxx11::stoi(const string&, std::size_t*, int)':</code><br />
						
            
            <a class="navhash" href="#867">#</a>
						
              <code id="867">/usr/include/c++/6.1.1/bits/basic_string.h:5413:42: error: 'strtol' is not a member of 'std'</code><br />
						
            
            <a class="navhash" href="#868">#</a>
						
              <code id="868">   { return __gnu_cxx::__stoa<long, int>(&std::strtol, "stoi", __str.c_str(),</code><br />
						
            
            <a class="navhash" href="#869">#</a>
						
              <code id="869">                                          ^~~</code><br />
						
            
            <a class="navhash" href="#870">#</a>
						
              <code id="870">/usr/include/c++/6.1.1/bits/basic_string.h: In function 'long int std::__cxx11::stol(const string&, std::size_t*, int)':</code><br />
						
            
            <a class="navhash" href="#871">#</a>
						
              <code id="871">/usr/include/c++/6.1.1/bits/basic_string.h:5418:31: error: 'strtol' is not a member of 'std'</code><br />
						
            
            <a class="navhash" href="#872">#</a>
						
              <code id="872">   { return __gnu_cxx::__stoa(&std::strtol, "stol", __str.c_str(),</code><br />
						
            
            <a class="navhash" href="#873">#</a>
						
              <code id="873">                               ^~~</code><br />
						
            
            <a class="navhash" href="#874">#</a>
						
              <code id="874">/usr/include/c++/6.1.1/bits/basic_string.h: In function 'long unsigned int std::__cxx11::stoul(const string&, std::size_t*, int)':</code><br />
						
            
            <a class="navhash" href="#875">#</a>
						
              <code id="875">/usr/include/c++/6.1.1/bits/basic_string.h:5423:31: error: 'strtoul' is not a member of 'std'</code><br />
						
            
            <a class="navhash" href="#876">#</a>
						
              <code id="876">   { return __gnu_cxx::__stoa(&std::strtoul, "stoul", __str.c_str(),</code><br />
						
            
            <a class="navhash" href="#877">#</a>
						
              <code id="877">                               ^~~</code><br />
						
            
            <a class="navhash" href="#878">#</a>
						
              <code id="878">/usr/include/c++/6.1.1/bits/basic_string.h: In function 'long long int std::__cxx11::stoll(const string&, std::size_t*, int)':</code><br />
						
            
            <a class="navhash" href="#879">#</a>
						
              <code id="879">/usr/include/c++/6.1.1/bits/basic_string.h:5428:31: error: 'strtoll' is not a member of 'std'</code><br />
						
            
            <a class="navhash" href="#880">#</a>
						
              <code id="880">   { return __gnu_cxx::__stoa(&std::strtoll, "stoll", __str.c_str(),</code><br />
						
            
            <a class="navhash" href="#881">#</a>
						
              <code id="881">                               ^~~</code><br />
						
            
            <a class="navhash" href="#882">#</a>
						
              <code id="882">/usr/include/c++/6.1.1/bits/basic_string.h: In function 'long long unsigned int std::__cxx11::stoull(const string&, std::size_t*, int)':</code><br />
						
            
            <a class="navhash" href="#883">#</a>
						
              <code id="883">/usr/include/c++/6.1.1/bits/basic_string.h:5433:31: error: 'strtoull' is not a member of 'std'</code><br />
						
            
            <a class="navhash" href="#884">#</a>
						
              <code id="884">   { return __gnu_cxx::__stoa(&std::strtoull, "stoull", __str.c_str(),</code><br />
						
            
            <a class="navhash" href="#885">#</a>
						
              <code id="885">                               ^~~</code><br />
						
            
            <a class="navhash" href="#886">#</a>
						
              <code id="886">/usr/include/c++/6.1.1/bits/basic_string.h: In function 'float std::__cxx11::stof(const string&, std::size_t*)':</code><br />
						
            
            <a class="navhash" href="#887">#</a>
						
              <code id="887">/usr/include/c++/6.1.1/bits/basic_string.h:5439:31: error: 'strtof' is not a member of 'std'</code><br />
						
            
            <a class="navhash" href="#888">#</a>
						
              <code id="888">   { return __gnu_cxx::__stoa(&std::strtof, "stof", __str.c_str(), __idx); }</code><br />
						
            
            <a class="navhash" href="#889">#</a>
						
              <code id="889">                               ^~~</code><br />
						
            
            <a class="navhash" href="#890">#</a>
						
              <code id="890">/usr/include/c++/6.1.1/bits/basic_string.h: In function 'double std::__cxx11::stod(const string&, std::size_t*)':</code><br />
						
            
            <a class="navhash" href="#891">#</a>
						
              <code id="891">/usr/include/c++/6.1.1/bits/basic_string.h:5443:31: error: 'strtod' is not a member of 'std'</code><br />
						
            
            <a class="navhash" href="#892">#</a>
						
              <code id="892">   { return __gnu_cxx::__stoa(&std::strtod, "stod", __str.c_str(), __idx); }</code><br />
						
            
            <a class="navhash" href="#893">#</a>
						
              <code id="893">                               ^~~</code><br />
						
            
            <a class="navhash" href="#894">#</a>
						
              <code id="894">/usr/include/c++/6.1.1/bits/basic_string.h: In function 'long double std::__cxx11::stold(const string&, std::size_t*)':</code><br />
						
            
            <a class="navhash" href="#895">#</a>
						
              <code id="895">/usr/include/c++/6.1.1/bits/basic_string.h:5447:31: error: 'strtold' is not a member of 'std'</code><br />
						
            
            <a class="navhash" href="#896">#</a>
						
              <code id="896">   { return __gnu_cxx::__stoa(&std::strtold, "stold", __str.c_str(), __idx); }</code><br />
						
            
            <a class="navhash" href="#897">#</a>
						
              <code id="897">                               ^~~</code><br />
						
            
            <a class="navhash" href="#898">#</a>
						
              <code id="898">In file included from utilities.cpp:8:0:</code><br />
						
            
            <a class="navhash" href="#899">#</a>
						
              <code id="899">/sysroot/sysroot/usr/include/stdlib.h: At global scope:</code><br />
						
            
            <a class="navhash" href="#900">#</a>
						
              <code id="900">/sysroot/sysroot/usr/include/stdlib.h:97:13: error: conflicting declaration of C function 'void qsort(void*, size_t, size_t, int (*)(const void*, const void*))'</code><br />
						
            
            <a class="navhash" href="#901">#</a>
						
              <code id="901"> extern void qsort(void *, size_t, size_t, int (*)(const void *, const void *));</code><br />
						
            
            <a class="navhash" href="#902">#</a>
						
              <code id="902">             ^~~~~</code><br />
						
            
            <a class="navhash" href="#903">#</a>
						
              <code id="903">In file included from /usr/include/c++/6.1.1/cstdlib:75:0,</code><br />
						
            
            <a class="navhash" href="#904">#</a>
						
              <code id="904">                 from /usr/include/c++/6.1.1/ext/string_conversions.h:41,</code><br />
						
            
            <a class="navhash" href="#905">#</a>
						
              <code id="905">                 from /usr/include/c++/6.1.1/bits/basic_string.h:5402,</code><br />
						
            
            <a class="navhash" href="#906">#</a>
						
              <code id="906">                 from /usr/include/c++/6.1.1/string:52,</code><br />
						
            
            <a class="navhash" href="#907">#</a>
						
              <code id="907">                 from utilities.cpp:4:</code><br />
						
            
            <a class="navhash" href="#908">#</a>
						
              <code id="908">/usr/include/stdlib.h:764:13: note: previous declaration 'void qsort(void*, size_t, size_t, int)'</code><br />
						
            
            <a class="navhash" href="#909">#</a>
						
              <code id="909"> extern void qsort (void *__base, size_t __nmemb, size_t __size,</code><br />
						
            
            <a class="navhash" href="#910">#</a>
						
              <code id="910">             ^~~~~</code><br />
						
            
            <a class="navhash" href="#911">#</a>
						
              <code id="911">In file included from utilities.cpp:8:0:</code><br />
						
            
            <a class="navhash" href="#912">#</a>
						
              <code id="912">/sysroot/sysroot/usr/include/stdlib.h:140:3: error: conflicting declaration 'typedef struct ldiv_t ldiv_t'</code><br />
						
            
            <a class="navhash" href="#913">#</a>
						
              <code id="913"> } ldiv_t;</code><br />
						
            
            <a class="navhash" href="#914">#</a>
						
              <code id="914">   ^~~~~~</code><br />
						
            
            <a class="navhash" href="#915">#</a>
						
              <code id="915">In file included from /usr/include/c++/6.1.1/cstdlib:75:0,</code><br />
						
            
            <a class="navhash" href="#916">#</a>
						
              <code id="916">                 from /usr/include/c++/6.1.1/ext/string_conversions.h:41,</code><br />
						
            
            <a class="navhash" href="#917">#</a>
						
              <code id="917">                 from /usr/include/c++/6.1.1/bits/basic_string.h:5402,</code><br />
						
            
            <a class="navhash" href="#918">#</a>
						
              <code id="918">                 from /usr/include/c++/6.1.1/string:52,</code><br />
						
            
            <a class="navhash" href="#919">#</a>
						
              <code id="919">                 from utilities.cpp:4:</code><br />
						
            
            <a class="navhash" href="#920">#</a>
						
              <code id="920">/usr/include/stdlib.h:109:5: note: previous declaration as 'typedef struct ldiv_t ldiv_t'</code><br />
						
            
            <a class="navhash" href="#921">#</a>
						
              <code id="921">   } ldiv_t;</code><br />
						
            
            <a class="navhash" href="#922">#</a>
						
              <code id="922">     ^~~~~~</code><br />
						
            
            <a class="navhash" href="#923">#</a>
						
              <code id="923">make: *** [makefile:2: g++] Error 1</code><br />
						
            
            <a class="navhash" href="#924">#</a>
						
              <code id="924">==> ERROR: A failure occurred in build().</code><br />
						
            
            <a class="navhash" href="#925">#</a>
						
              <code id="925">    Aborting...</code><br />
						
            
          </div>
        
      </div>
      <br />
    
      <div class="block">
        <div class="info">
          <code>Printing config.logs</code>
        </div>
        
      </div>
      <br />
    
  </body>
</html>