        <html><head></head><body>
        <h1>Report for sslh on toolchain
            <a href="index.html">android</a>
        </h1>
        <p>Return code: 5</p>
        <p>Time to run: 00:00:33</p>
        <p>Log output:</p>
        <code><pre><docker run --rm -v /tuscan_data --volumes-from tuscan_data -v /sources --volumes-from sources -v /var/cache/pacman/pkg --volumes-from pkg_cache_android -v logs:/logs make_package_container --sources-directory /sources --shared-directory /tuscan_data sslh
:: Synchronizing package databases...
downloading repo.db...
downloading core.db...
downloading extra.db...
downloading community.db...
Found 1426 packages in cache
===> sudo -u tuscan makepkg --nobuild --syncdeps --skipinteg --skippgpcheck --skipchecksums --noconfirm --nocolor --log --noprogressbar --nocheck
==> Making package: sslh 1.17-3 (Fri Nov 13 23:32:51 UTC 2015)
==> Checking runtime dependencies...
==> Installing missing dependencies...
resolving dependencies...
looking for conflicting packages...

Packages (1) libconfig-1.5-1

Total Installed Size:  0.19 MiB

:: Proceed with installation? [Y/n] 
checking keyring...
checking package integrity...
loading package files...
checking for file conflicts...
checking available disk space...
installing libconfig...
==> Checking buildtime dependencies...
==> Retrieving sources...
  -> Downloading sslh-v1.17.tar.gz...
  -> Found sslh.conf
  -> Found sslh.sysusers
  -> Found sslh-select.service
  -> Found sslh-fork.service
==> WARNING: Skipping all source file integrity checks.
==> Extracting sources...
  -> Extracting sslh-v1.17.tar.gz with bsdtar
==> Sources are ready.
Copied source directory to /sources/sslh
===> sudo -u tuscan PATH=/tmp/toolchain/bin:/usr/local/sbin:/usr/local/bin:/usr/sbin:/usr/bin:/sbin:/bin CC=arm-linux-androideabi-gcc CXX=arm-linux-androideabi-g++ SYSROOT=/build/android-ndk-r10e/platforms/android-21/arch-arm makepkg --noextract --syncdeps --skipinteg --skippgpcheck --skipchecksums --noconfirm --nocolor --log --noprogressbar --nocheck
==> Making package: sslh 1.17-3 (Fri Nov 13 23:32:54 UTC 2015)
==> Checking runtime dependencies...
==> Checking buildtime dependencies...
==> WARNING: Using existing $srcdir/ tree
==> Starting build()...
./genver.sh >version.h
arm-linux-androideabi-gcc   -DLIBCONFIG -DLIBCAP -c common.c
arm-linux-androideabi-gcc   -DLIBCONFIG -DLIBCAP -c sslh-main.c
sslh-main.c:26:23: fatal error: libconfig.h: No such file or directory
 #include <libconfig.h>
                       ^
compilation terminated.
Makefile:43: recipe for target 'sslh-main.o' failed
make: *** [sslh-main.o] Error 1
make: *** Waiting for unfinished jobs....
common.c: In function 'set_capabilities':
common.c:569:5: error: unknown type name 'cap_t'
     cap_t caps;
     ^
common.c:570:5: error: unknown type name 'cap_value_t'
     cap_value_t cap_list[10];
     ^
common.c:587:19: error: 'CAP_EFFECTIVE' undeclared (first use in this function)
     _cap_set_flag(CAP_EFFECTIVE);
                   ^
common.c:579:36: note: in definition of macro '_cap_set_flag'
         res = cap_clear_flag(caps, flag); \
                                    ^
common.c:587:19: note: each undeclared identifier is reported only once for each function it appears in
     _cap_set_flag(CAP_EFFECTIVE);
                   ^
common.c:579:36: note: in definition of macro '_cap_set_flag'
         res = cap_clear_flag(caps, flag); \
                                    ^
common.c:582:60: error: 'CAP_SET' undeclared (first use in this function)
             res = cap_set_flag(caps, flag, ncap, cap_list, CAP_SET); \
                                                            ^
common.c:587:5: note: in expansion of macro '_cap_set_flag'
     _cap_set_flag(CAP_EFFECTIVE);
     ^
common.c:588:19: error: 'CAP_PERMITTED' undeclared (first use in this function)
     _cap_set_flag(CAP_PERMITTED);
                   ^
common.c:579:36: note: in definition of macro '_cap_set_flag'
         res = cap_clear_flag(caps, flag); \
                                    ^
Makefile:43: recipe for target 'common.o' failed
make: *** [common.o] Error 1
==> ERROR: A failure occurred in build().
    Aborting...
===> Printing config.logs
===> Finished printing config.logs></pre></code>
        </body></html>
