        <html><head></head><body>
        <h1>Report for teeworlds on toolchain
            <a href="index.html">android</a>
        </h1>
        <p>Return code: 5</p>
        <p>Time to run: 00:02:58</p>
        <p>Log output:</p>
        <code><pre><docker run --rm -v /tuscan_data --volumes-from tuscan_data -v /sources --volumes-from sources -v /var/cache/pacman/pkg --volumes-from pkg_cache_android -v logs:/logs make_package_container --sources-directory /sources --shared-directory /tuscan_data teeworlds
:: Synchronizing package databases...
downloading repo.db...
downloading core.db...
downloading extra.db...
downloading community.db...
Found 3196 packages in cache
===> sudo -u tuscan makepkg --nobuild --syncdeps --skipinteg --skippgpcheck --skipchecksums --noconfirm --nocolor --log --noprogressbar --nocheck
==> Making package: teeworlds 0.6.3-1 (Sat Nov 14 02:34:56 UTC 2015)
==> Checking runtime dependencies...
==> Installing missing dependencies...
resolving dependencies...
:: There are 4 providers available for libgl:
:: Repository extra
   1) mesa-libgl  2) nvidia-304xx-libgl  3) nvidia-340xx-libgl  4) nvidia-libgl

Enter a number (default=1): 
looking for conflicting packages...
warning: dependency cycle detected:
warning: harfbuzz will be installed before its freetype2 dependency

Packages (36) damageproto-1.2.1-3  elfutils-0.164-1  fixesproto-5.0-3  graphite-1:1.3.3-1  harfbuzz-1.0.6-2  kbproto-1.0.7-1  libdrm-2.4.65-1  libedit-20150325_3.1-2  libelf-0.164-1  libomxil-bellagio-0.9.3-1  libpciaccess-0.13.4-1  libpng-1.6.18-1  libtxc_dxtn-1.0.1-6  libx11-1.6.3-1  libxau-1.0.8-2  libxcb-1.11.1-1  libxdamage-1.1.4-2  libxdmcp-1.1.2-1  libxext-1.3.3-1  libxfixes-5.0.1-1  libxrender-0.9.9-1  libxshmfence-1.2-1  libxxf86vm-1.1.4-1  llvm-libs-3.7.0-5  mesa-11.0.5-1  mesa-libgl-11.0.5-1  renderproto-0.11.1-3  wayland-1.9.0-1  xcb-proto-1.11-2  xextproto-7.3.0-1  xf86vidmodeproto-2.3.1-3  xproto-7.0.28-1  alsa-lib-1.0.29-1  freetype2-2.6.1-1  glu-9.0.0-3  sdl-1.2.15-7

Total Installed Size:  102.64 MiB

:: Proceed with installation? [Y/n] 
checking keyring...
checking package integrity...
loading package files...
checking for file conflicts...
checking available disk space...
installing alsa-lib...
Optional dependencies for alsa-lib
    python2: for python smixer plugin
installing libpciaccess...
installing libdrm...
installing wayland...
installing xcb-proto...
installing xproto...
installing libxdmcp...
installing libxau...
installing libxcb...
installing kbproto...
installing libx11...
installing xextproto...
installing libxext...
installing xf86vidmodeproto...
installing libxxf86vm...
installing fixesproto...
installing libxfixes...
installing damageproto...
installing libxdamage...
installing libxshmfence...
installing libelf...
installing elfutils...
installing libomxil-bellagio...
installing libtxc_dxtn...
installing libedit...
installing llvm-libs...
installing mesa...
Optional dependencies for mesa
    opengl-man-pages: for the OpenGL API man pages
    mesa-vdpau: for accelerated video playback
    libva-mesa-driver: for accelerated video playback
installing mesa-libgl...
installing glu...
installing renderproto...
installing libxrender...
installing sdl...
Optional dependencies for sdl
    alsa-lib: ALSA audio driver [installed]
    libpulse: PulseAudio audio driver
installing libpng...
installing graphite...
installing harfbuzz...
Optional dependencies for harfbuzz
    cairo: hb-view program
installing freetype2...
==> Checking buildtime dependencies...
==> Installing missing dependencies...
resolving dependencies...
looking for conflicting packages...

Packages (12) fontconfig-2.11.1-2  lcms2-2.7-1  libice-1.0.9-1  libjpeg-turbo-1.4.2-1  liblqr-0.4.2-1  libsm-1.2.2-2  libtiff-4.0.6-1  libxt-1.1.5-1  ocl-icd-2.2.7-1  bam-0.4.0-2  gendesk-0.6.2-2  imagemagick-6.9.2.4-1

Total Download Size:    0.09 MiB
Total Installed Size:  24.20 MiB

:: Proceed with installation? [Y/n] 
:: Retrieving packages ...
downloading bam-0.4.0-2-x86_64.pkg.tar.xz...
checking keyring...
checking package integrity...
loading package files...
checking for file conflicts...
checking available disk space...
installing bam...
installing libjpeg-turbo...
installing libtiff...
Optional dependencies for libtiff
    freeglut: for using tiffgt
installing lcms2...
installing libice...
installing libsm...
installing libxt...
installing fontconfig...

  Fontconfig configuration is done via /etc/fonts/conf.avail and conf.d.
  Read /etc/fonts/conf.d/README for more information.

  Configuration via /etc/fonts/local.conf is still possible,
  but is no longer recommended for options available in conf.avail.

  Main systemwide configuration should be done by symlinks
  (especially for autohinting, sub-pixel and lcdfilter):

  cd /etc/fonts/conf.d
  ln -s ../conf.avail/XX-foo.conf

  Check also https://wiki.archlinux.org/index.php/Font_Configuration
  and https://wiki.archlinux.org/index.php/Fonts.

updating font cache... done.
installing liblqr...
installing ocl-icd...
installing imagemagick...
Optional dependencies for imagemagick
    imagemagick-doc: for additional information
    ghostscript: for Ghostscript support
    openexr: for OpenEXR support
    openjpeg2: for JP2 support
    libwmf: for WMF support
    librsvg: for SVG support
    libxml2: for XML support
    libpng: for PNG support [installed]
    libwebp: for WEBP support
installing gendesk...
==> Retrieving sources...
  -> Downloading teeworlds-0.6.3-src.tar.gz...
==> WARNING: Skipping all source file integrity checks.
==> Extracting sources...
  -> Extracting teeworlds-0.6.3-src.tar.gz with bsdtar
==> Starting prepare()...
[1;30m[[0m[1;34mteeworlds[0m[1;30m][0m                       [1;30mGenerating desktop file...[0m [0;32mok[0m
==> Sources are ready.
Copied source directory to /sources/teeworlds
===> sudo -u tuscan PATH=/tmp/toolchain/bin:/usr/local/sbin:/usr/local/bin:/usr/sbin:/usr/bin:/sbin:/bin CC=arm-linux-androideabi-gcc CXX=arm-linux-androideabi-g++ SYSROOT=/build/android-ndk-r10e/platforms/android-21/arch-arm makepkg --noextract --syncdeps --skipinteg --skippgpcheck --skipchecksums --noconfirm --nocolor --log --noprogressbar --nocheck
==> Making package: teeworlds 0.6.3-1 (Sat Nov 14 02:35:47 UTC 2015)
==> Checking runtime dependencies...
==> Checking buildtime dependencies...
==> WARNING: Using existing $srcdir/ tree
==> Starting build()...
auto configuration

configuration:
AUTO  compiler             gcc
AUTO  stackprotector       yes
AUTO  minmacosxsdk         no
AUTO  macosxppc            no
AUTO  zlib                 (in system path)
AUTO  sdl                  using sdl-config
AUTO  freetype             using freetype-config

notes:
saved configuration to 'config.lua'

[  1/133] #1 c++ src/engine/shared/compression.cpp
[  2/133] #1 c++ src/engine/shared/memheap.cpp
[  3/133] #1 c++ src/engine/shared/network_console_conn.cpp
[  4/133] #1 c++ src/engine/shared/network_server.cpp
[  5/133] #1 c++ src/engine/shared/huffman.cpp
[  6/133] #1 c++ src/engine/shared/map.cpp
[  7/133] #1 c++ src/engine/shared/network_console.cpp
[  8/133] #1 c++ src/engine/shared/network_client.cpp
[  9/133] #1 c++ src/engine/shared/netban.cpp
[ 10/133] #1 c++ src/engine/shared/kernel.cpp
[ 11/133] #1 c++ src/engine/shared/mapchecker.cpp
[ 12/133] #1 c++ src/engine/shared/datafile.cpp
[ 13/133] #1 c++ src/engine/shared/masterserver.cpp
[ 14/133] #1 c++ src/engine/shared/jobs.cpp
[ 15/133] #1 c++ src/engine/shared/demo.cpp
[ 16/133] #1 c++ src/engine/shared/console.cpp
[ 17/133] #1 c++ src/engine/shared/ringbuffer.cpp
[ 18/133] #1 c++ src/engine/shared/packer.cpp
[ 19/133] #1 c++ src/engine/shared/econ.cpp
[ 20/133] #1 c++ src/engine/shared/network_conn.cpp
[ 21/133] #1 c++ src/engine/shared/config.cpp
[ 22/133] #1 c++ src/engine/shared/filecollection.cpp
[ 23/133] #1 c++ src/engine/shared/engine.cpp
[ 24/133] #1 c++ src/engine/shared/snapshot.cpp
[ 25/133] #1 c++ src/engine/shared/storage.cpp
[ 26/133] #1 c++ src/engine/shared/linereader.cpp
[ 27/133] #1 c++ src/engine/shared/network.cpp
[ 28/133] #1 c src/base/system.c
[ 29/133] #1 c++ src/engine/server/server.cpp
src/engine/server/server.cpp: In member function 'void CServer::ProcessClientPacket(CNetChunk*)':
src/engine/server/server.cpp:853:27: warning: comparison between signed and unsigned integer expressions [-Wsign-compare]
    if(Chunk < 0 || Offset > m_CurrentMapSize)
                           ^
src/engine/server/server.cpp:856:24: warning: comparison between signed and unsigned integer expressions [-Wsign-compare]
    if(Offset+ChunkSize >= m_CurrentMapSize)
                        ^
[ 30/133] #1 c++ src/engine/server/register.cpp
[ 31/133] #1 c++ src/game/layers.cpp
[ 32/133] #1 c++ src/game/collision.cpp
[ 33/133] #1 c++ src/game/localization.cpp
[ 34/133] #1 network_header > src/game/generated/protocol.h
[ 35/133] #1 c++ src/game/gamecore.cpp
[ 36/133] #1 cmd5 src/game/generated/nethash.cpp
[ 37/133] #1 c++ src/game/generated/nethash.cpp
[ 38/133] #1 network_source > src/game/generated/protocol.cpp
[ 39/133] #1 c++ src/game/generated/protocol.cpp
[ 40/133] #1 server_content_header > src/game/generated/server_data.h
[ 41/133] #1 c++ src/game/server/player.cpp
[ 42/133] #1 c++ src/game/server/gamecontroller.cpp
[ 43/133] #1 c++ src/game/server/gameworld.cpp
[ 44/133] #1 c++ src/game/server/gamemodes/mod.cpp
[ 45/133] #1 c++ src/game/server/gamemodes/tdm.cpp
[ 46/133] #1 c++ src/game/server/gamemodes/dm.cpp
[ 47/133] #1 c++ src/game/server/gamemodes/ctf.cpp
[ 48/133] #1 c++ src/game/server/entities/character.cpp
[ 49/133] #1 c++ src/game/server/entities/projectile.cpp
[ 50/133] #1 c++ src/game/server/entities/pickup.cpp
[ 51/133] #1 c++ src/game/server/entities/laser.cpp
[ 52/133] #1 c++ src/game/server/entities/flag.cpp
[ 53/133] #1 c++ src/game/server/eventhandler.cpp
[ 54/133] #1 c++ src/game/server/gamecontext.cpp
[ 55/133] #1 c++ src/game/server/entity.cpp
[ 56/133] #1 server_content_source > src/game/generated/server_data.cpp
[ 57/133] #1 c++ src/game/generated/server_data.cpp
[ 58/133] #1 c src/engine/external/zlib/zutil.c
[ 59/133] #1 c src/engine/external/zlib/compress.c
[ 60/133] #1 c src/engine/external/zlib/inffast.c
[ 61/133] #1 c src/engine/external/zlib/uncompr.c
[ 62/133] #1 c src/engine/external/zlib/trees.c
[ 63/133] #1 c src/engine/external/zlib/crc32.c
[ 64/133] #1 c src/engine/external/zlib/adler32.c
[ 65/133] #1 c src/engine/external/zlib/inflate.c
[ 66/133] #1 c src/engine/external/zlib/deflate.c
[ 67/133] #1 c src/engine/external/zlib/infback.c
[ 68/133] #1 c src/engine/external/zlib/inftrees.c
[ 69/133] #1 link teeworlds_srv
[ 70/133] #1 client_content_header > src/game/generated/client_data.h
[ 71/133] #1 c++ src/game/client/components/players.cpp
[ 72/133] #1 c++ src/game/client/components/maplayers.cpp
[ 73/133] #1 c++ src/game/client/components/menus.cpp
[ 74/133] #1 c++ src/game/client/components/menus_browser.cpp
[ 75/133] #1 c++ src/game/client/components/sounds.cpp
[ 76/133] #1 c++ src/game/client/components/spectator.cpp
[ 77/133] #1 c++ src/game/client/components/controls.cpp
[ 78/133] #1 c++ src/game/client/components/voting.cpp
[ 79/133] #1 c++ src/game/client/components/menus_ingame.cpp
[ 80/133] #1 c++ src/game/client/components/effects.cpp
[ 81/133] #1 c++ src/game/client/components/flow.cpp
[ 82/133] #1 c++ src/game/client/components/scoreboard.cpp
[ 83/133] #1 c++ src/game/client/components/console.cpp
[ 84/133] #1 c++ src/game/client/components/binds.cpp
[ 85/133] #1 c++ src/game/client/components/chat.cpp
[ 86/133] #1 c++ src/game/client/components/menus_demo.cpp
[ 87/133] #1 c++ src/game/client/components/motd.cpp
[ 88/133] #1 c++ src/game/client/components/countryflags.cpp
[ 89/133] #1 c++ src/game/client/components/nameplates.cpp
[ 90/133] #1 c++ src/game/client/components/hud.cpp
[ 91/133] #1 c++ src/game/client/components/broadcast.cpp
[ 92/133] #1 c++ src/game/client/components/damageind.cpp
[ 93/133] #1 c++ src/game/client/components/particles.cpp
[ 94/133] #1 c++ src/game/client/components/killmessages.cpp
[ 95/133] #1 c++ src/game/client/components/mapimages.cpp
[ 96/133] #1 c++ src/game/client/components/menus_settings.cpp
[ 97/133] #1 c++ src/game/client/components/debughud.cpp
[ 98/133] #1 c++ src/game/client/components/emoticon.cpp
[ 99/133] #1 c++ src/game/client/components/items.cpp
[100/133] #1 c++ src/game/client/components/camera.cpp
[101/133] #1 c++ src/game/client/components/skins.cpp
[102/133] #1 c++ src/game/client/lineinput.cpp
[103/133] #1 c++ src/game/client/render.cpp
[104/133] #1 c++ src/game/client/animstate.cpp
[105/133] #1 c++ src/game/client/gameclient.cpp
[106/133] #1 c++ src/game/client/ui.cpp
[107/133] #1 c++ src/game/client/render_map.cpp
[108/133] #1 client_content_source > src/game/generated/client_data.cpp
[109/133] #1 c++ src/game/generated/client_data.cpp
[110/133] #1 c++ src/engine/client/graphics_threaded.cpp
[111/133] #1 c++ src/engine/client/serverbrowser.cpp
[112/133] #1 c++ src/engine/client/text.cpp
In file included from other/freetype/include/freetype/config/ftconfig.h:42:0,
                 from other/freetype/include/freetype/freetype.h:33,
                 from src/engine/client/text.cpp:14:
other/freetype/include/freetype/config/ftoption.h:257:32: error: expected constructor, destructor, or type conversion before '(' token
 #define FT_EXPORT(x) __declspec(dllexport) x
                                ^
other/freetype/include/freetype/freetype.h:1671:3: note: in expansion of macro 'FT_EXPORT'
   FT_EXPORT( FT_Error )
   ^
other/freetype/include/freetype/config/ftoption.h:257:32: error: expected constructor, destructor, or type conversion before '(' token
 #define FT_EXPORT(x) __declspec(dllexport) x
                                ^
other/freetype/include/freetype/freetype.h:1690:3: note: in expansion of macro 'FT_EXPORT'
   FT_EXPORT( FT_Error )
   ^
other/freetype/include/freetype/config/ftoption.h:257:32: error: expected constructor, destructor, or type conversion before '(' token
 #define FT_EXPORT(x) __declspec(dllexport) x
                                ^
other/freetype/include/freetype/freetype.h:1865:3: note: in expansion of macro 'FT_EXPORT'
   FT_EXPORT( FT_Error )
   ^
other/freetype/include/freetype/config/ftoption.h:257:32: error: expected constructor, destructor, or type conversion before '(' token
 #define FT_EXPORT(x) __declspec(dllexport) x
                                ^
other/freetype/include/freetype/freetype.h:1903:3: note: in expansion of macro 'FT_EXPORT'
   FT_EXPORT( FT_Error )
   ^
other/freetype/include/freetype/config/ftoption.h:257:32: error: expected constructor, destructor, or type conversion before '(' token
 #define FT_EXPORT(x) __declspec(dllexport) x
                                ^
other/freetype/include/freetype/freetype.h:1959:3: note: in expansion of macro 'FT_EXPORT'
   FT_EXPORT( FT_Error )
   ^
other/freetype/include/freetype/config/ftoption.h:257:32: error: expected constructor, destructor, or type conversion before '(' token
 #define FT_EXPORT(x) __declspec(dllexport) x
                                ^
other/freetype/include/freetype/freetype.h:1983:3: note: in expansion of macro 'FT_EXPORT'
   FT_EXPORT( FT_Error )
   ^
other/freetype/include/freetype/config/ftoption.h:257:32: error: expected constructor, destructor, or type conversion before '(' token
 #define FT_EXPORT(x) __declspec(dllexport) x
                                ^
other/freetype/include/freetype/freetype.h:2018:3: note: in expansion of macro 'FT_EXPORT'
   FT_EXPORT( FT_Error )
   ^
other/freetype/include/freetype/config/ftoption.h:257:32: error: expected constructor, destructor, or type conversion before '(' token
 #define FT_EXPORT(x) __declspec(dllexport) x
                                ^
other/freetype/include/freetype/freetype.h:2046:3: note: in expansion of macro 'FT_EXPORT'
   FT_EXPORT( FT_Error )
   ^
other/freetype/include/freetype/config/ftoption.h:257:32: error: expected constructor, destructor, or type conversion before '(' token
 #define FT_EXPORT(x) __declspec(dllexport) x
                                ^
other/freetype/include/freetype/freetype.h:2069:3: note: in expansion of macro 'FT_EXPORT'
   FT_EXPORT( FT_Error )
   ^
other/freetype/include/freetype/config/ftoption.h:257:32: error: expected constructor, destructor, or type conversion before '(' token
 #define FT_EXPORT(x) __declspec(dllexport) x
                                ^
other/freetype/include/freetype/freetype.h:2091:3: note: in expansion of macro 'FT_EXPORT'
   FT_EXPORT( FT_Error )
   ^
other/freetype/include/freetype/config/ftoption.h:257:32: error: expected constructor, destructor, or type conversion before '(' token
 #define FT_EXPORT(x) __declspec(dllexport) x
                                ^
other/freetype/include/freetype/freetype.h:2223:3: note: in expansion of macro 'FT_EXPORT'
   FT_EXPORT( FT_Error )
   ^
other/freetype/include/freetype/config/ftoption.h:257:32: error: expected constructor, destructor, or type conversion before '(' token
 #define FT_EXPORT(x) __declspec(dllexport) x
                                ^
other/freetype/include/freetype/freetype.h:2264:3: note: in expansion of macro 'FT_EXPORT'
   FT_EXPORT( FT_Error )
   ^
other/freetype/include/freetype/config/ftoption.h:257:32: error: expected constructor, destructor, or type conversion before '(' token
 #define FT_EXPORT(x) __declspec(dllexport) x
                                ^
other/freetype/include/freetype/freetype.h:2292:3: note: in expansion of macro 'FT_EXPORT'
   FT_EXPORT( FT_Error )
   ^
other/freetype/include/freetype/config/ftoption.h:257:32: error: expected constructor, destructor, or type conversion before '(' token
 #define FT_EXPORT(x) __declspec(dllexport) x
                                ^
other/freetype/include/freetype/freetype.h:2334:3: note: in expansion of macro 'FT_EXPORT'
   FT_EXPORT( FT_Error )
   ^
other/freetype/include/freetype/config/ftoption.h:257:32: error: expected constructor, destructor, or type conversion before '(' token
 #define FT_EXPORT(x) __declspec(dllexport) x
                                ^
other/freetype/include/freetype/freetype.h:2369:3: note: in expansion of macro 'FT_EXPORT'
   FT_EXPORT( FT_Error )
   ^
other/freetype/include/freetype/config/ftoption.h:257:32: error: expected constructor, destructor, or type conversion before '(' token
 #define FT_EXPORT(x) __declspec(dllexport) x
                                ^
other/freetype/include/freetype/freetype.h:2636:3: note: in expansion of macro 'FT_EXPORT'
   FT_EXPORT( void )
   ^
other/freetype/include/freetype/config/ftoption.h:257:32: error: expected constructor, destructor, or type conversion before '(' token
 #define FT_EXPORT(x) __declspec(dllexport) x
                                ^
other/freetype/include/freetype/freetype.h:2749:3: note: in expansion of macro 'FT_EXPORT'
   FT_EXPORT( FT_Error )
   ^
other/freetype/include/freetype/config/ftoption.h:257:32: error: expected constructor, destructor, or type conversion before '(' token
 #define FT_EXPORT(x) __declspec(dllexport) x
                                ^
other/freetype/include/freetype/freetype.h:2851:3: note: in expansion of macro 'FT_EXPORT'
   FT_EXPORT( FT_Error )
   ^
other/freetype/include/freetype/config/ftoption.h:257:32: error: expected constructor, destructor, or type conversion before '(' token
 #define FT_EXPORT(x) __declspec(dllexport) x
                                ^
other/freetype/include/freetype/freetype.h:2880:3: note: in expansion of macro 'FT_EXPORT'
   FT_EXPORT( FT_Error )
   ^
other/freetype/include/freetype/config/ftoption.h:257:32: error: expected constructor, destructor, or type conversion before '(' token
 #define FT_EXPORT(x) __declspec(dllexport) x
                                ^
other/freetype/include/freetype/freetype.h:2927:3: note: in expansion of macro 'FT_EXPORT'
   FT_EXPORT( FT_Error )
   ^
other/freetype/include/freetype/config/ftoption.h:257:32: error: expected constructor, destructor, or type conversion before '(' token
 #define FT_EXPORT(x) __declspec(dllexport) x
                                ^
other/freetype/include/freetype/freetype.h:2953:3: note: in expansion of macro 'FT_EXPORT'
   FT_EXPORT( const char* )
   ^
other/freetype/include/freetype/config/ftoption.h:257:32: error: expected constructor, destructor, or type conversion before '(' token
 #define FT_EXPORT(x) __declspec(dllexport) x
                                ^
other/freetype/include/freetype/freetype.h:2985:3: note: in expansion of macro 'FT_EXPORT'
   FT_EXPORT( FT_Error )
   ^
other/freetype/include/freetype/config/ftoption.h:257:32: error: expected constructor, destructor, or type conversion before '(' token
 #define FT_EXPORT(x) __declspec(dllexport) x
                                ^
other/freetype/include/freetype/freetype.h:3014:3: note: in expansion of macro 'FT_EXPORT'
   FT_EXPORT( FT_Error )
   ^
other/freetype/include/freetype/config/ftoption.h:257:32: error: expected constructor, destructor, or type conversion before '(' token
 #define FT_EXPORT(x) __declspec(dllexport) x
                                ^
other/freetype/include/freetype/freetype.h:3036:3: note: in expansion of macro 'FT_EXPORT'
   FT_EXPORT( FT_Int )
   ^
other/freetype/include/freetype/config/ftoption.h:257:32: error: expected constructor, destructor, or type conversion before '(' token
 #define FT_EXPORT(x) __declspec(dllexport) x
                                ^
other/freetype/include/freetype/freetype.h:3064:3: note: in expansion of macro 'FT_EXPORT'
   FT_EXPORT( FT_UInt )
   ^
other/freetype/include/freetype/config/ftoption.h:257:32: error: expected constructor, destructor, or type conversion before '(' token
 #define FT_EXPORT(x) __declspec(dllexport) x
                                ^
other/freetype/include/freetype/freetype.h:3112:3: note: in expansion of macro 'FT_EXPORT'
   FT_EXPORT( FT_ULong )
   ^
other/freetype/include/freetype/config/ftoption.h:257:32: error: expected constructor, destructor, or type conversion before '(' token
 #define FT_EXPORT(x) __declspec(dllexport) x
                                ^
other/freetype/include/freetype/freetype.h:3146:3: note: in expansion of macro 'FT_EXPORT'
   FT_EXPORT( FT_ULong )
   ^
other/freetype/include/freetype/config/ftoption.h:257:32: error: expected constructor, destructor, or type conversion before '(' token
 #define FT_EXPORT(x) __declspec(dllexport) x
                                ^
other/freetype/include/freetype/freetype.h:3169:3: note: in expansion of macro 'FT_EXPORT'
   FT_EXPORT( FT_UInt )
   ^
other/freetype/include/freetype/config/ftoption.h:257:32: error: expected constructor, destructor, or type conversion before '(' token
 #define FT_EXPORT(x) __declspec(dllexport) x
                                ^
other/freetype/include/freetype/freetype.h:3245:3: note: in expansion of macro 'FT_EXPORT'
   FT_EXPORT( FT_Error )
   ^
other/freetype/include/freetype/config/ftoption.h:257:32: error: expected constructor, destructor, or type conversion before '(' token
 #define FT_EXPORT(x) __declspec(dllexport) x
                                ^
other/freetype/include/freetype/freetype.h:3336:3: note: in expansion of macro 'FT_EXPORT'
   FT_EXPORT( FT_UShort )
   ^
other/freetype/include/freetype/config/ftoption.h:257:32: error: expected constructor, destructor, or type conversion before '(' token
 #define FT_EXPORT(x) __declspec(dllexport) x
                                ^
other/freetype/include/freetype/freetype.h:3418:3: note: in expansion of macro 'FT_EXPORT'
   FT_EXPORT( FT_UInt )
   ^
other/freetype/include/freetype/config/ftoption.h:257:32: error: expected constructor, destructor, or type conversion before '(' token
 #define FT_EXPORT(x) __declspec(dllexport) x
                                ^
other/freetype/include/freetype/freetype.h:3454:3: note: in expansion of macro 'FT_EXPORT'
   FT_EXPORT( FT_Int )
   ^
other/freetype/include/freetype/config/ftoption.h:257:32: error: expected constructor, destructor, or type conversion before '(' token
 #define FT_EXPORT(x) __declspec(dllexport) x
                                ^
other/freetype/include/freetype/freetype.h:3485:3: note: in expansion of macro 'FT_EXPORT'
   FT_EXPORT( FT_UInt32* )
   ^
other/freetype/include/freetype/config/ftoption.h:257:32: error: expected constructor, destructor, or type conversion before '(' token
 #define FT_EXPORT(x) __declspec(dllexport) x
                                ^
other/freetype/include/freetype/freetype.h:3518:3: note: in expansion of macro 'FT_EXPORT'
   FT_EXPORT( FT_UInt32* )
   ^
other/freetype/include/freetype/config/ftoption.h:257:32: error: expected constructor, destructor, or type conversion before '(' token
 #define FT_EXPORT(x) __declspec(dllexport) x
                                ^
other/freetype/include/freetype/freetype.h:3552:3: note: in expansion of macro 'FT_EXPORT'
   FT_EXPORT( FT_UInt32* )
   ^
other/freetype/include/freetype/config/ftoption.h:257:32: error: expected constructor, destructor, or type conversion before '(' token
 #define FT_EXPORT(x) __declspec(dllexport) x
                                ^
other/freetype/include/freetype/freetype.h:3609:3: note: in expansion of macro 'FT_EXPORT'
   FT_EXPORT( FT_Long )
   ^
other/freetype/include/freetype/config/ftoption.h:257:32: error: expected constructor, destructor, or type conversion before '(' token
 #define FT_EXPORT(x) __declspec(dllexport) x
                                ^
other/freetype/include/freetype/freetype.h:3660:3: note: in expansion of macro 'FT_EXPORT'
   FT_EXPORT( FT_Long )
   ^
other/freetype/include/freetype/config/ftoption.h:257:32: error: expected constructor, destructor, or type conversion before '(' token
 #define FT_EXPORT(x) __declspec(dllexport) x
                                ^
other/freetype/include/freetype/freetype.h:3689:3: note: in expansion of macro 'FT_EXPORT'
   FT_EXPORT( FT_Long )
   ^
other/freetype/include/freetype/config/ftoption.h:257:32: error: expected constructor, destructor, or type conversion before '(' token
 #define FT_EXPORT(x) __declspec(dllexport) x
                                ^
other/freetype/include/freetype/freetype.h:3708:3: note: in expansion of macro 'FT_EXPORT'
   FT_EXPORT( FT_Fixed )
   ^
other/freetype/include/freetype/config/ftoption.h:257:32: error: expected constructor, destructor, or type conversion before '(' token
 #define FT_EXPORT(x) __declspec(dllexport) x
                                ^
other/freetype/include/freetype/freetype.h:3727:3: note: in expansion of macro 'FT_EXPORT'
   FT_EXPORT( FT_Fixed )
   ^
other/freetype/include/freetype/config/ftoption.h:257:32: error: expected constructor, destructor, or type conversion before '(' token
 #define FT_EXPORT(x) __declspec(dllexport) x
                                ^
other/freetype/include/freetype/freetype.h:3746:3: note: in expansion of macro 'FT_EXPORT'
   FT_EXPORT( FT_Fixed )
   ^
other/freetype/include/freetype/config/ftoption.h:257:32: error: expected constructor, destructor, or type conversion before '(' token
 #define FT_EXPORT(x) __declspec(dllexport) x
                                ^
other/freetype/include/freetype/freetype.h:3767:3: note: in expansion of macro 'FT_EXPORT'
   FT_EXPORT( void )
   ^
other/freetype/include/freetype/config/ftoption.h:257:32: error: expected constructor, destructor, or type conversion before '(' token
 #define FT_EXPORT(x) __declspec(dllexport) x
                                ^
other/freetype/include/freetype/freetype.h:3845:3: note: in expansion of macro 'FT_EXPORT'
   FT_EXPORT( void )
   ^
other/freetype/include/freetype/config/ftoption.h:257:32: error: expected constructor, destructor, or type conversion before '(' token
 #define FT_EXPORT(x) __declspec(dllexport) x
                                ^
other/freetype/include/freetype/freetype.h:3879:3: note: in expansion of macro 'FT_EXPORT'
   FT_EXPORT( FT_Bool )
   ^
other/freetype/include/freetype/config/ftoption.h:257:32: error: expected constructor, destructor, or type conversion before '(' token
 #define FT_EXPORT(x) __declspec(dllexport) x
                                ^
other/freetype/include/freetype/freetype.h:3909:3: note: in expansion of macro 'FT_EXPORT'
   FT_EXPORT( FT_Bool )
   ^
src/engine/client/text.cpp: In member function 'void CTextRender::InitIndex(CFont*, int)':
src/engine/client/text.cpp:200:63: error: 'FT_Set_Pixel_Sizes' was not declared in this scope
   FT_Set_Pixel_Sizes(pFont->m_FtFace, 0, pSizeData->m_FontSize);
                                                               ^
src/engine/client/text.cpp:209:65: error: 'FT_Get_First_Char' was not declared in this scope
    int Charcode = FT_Get_First_Char(pFont->m_FtFace, &GlyphIndex);
                                                                 ^
src/engine/client/text.cpp:213:63: error: 'FT_Load_Glyph' was not declared in this scope
     FT_Load_Glyph(pFont->m_FtFace, GlyphIndex, FT_LOAD_DEFAULT);
                                                               ^
src/engine/client/text.cpp:217:71: error: 'FT_Get_Next_Char' was not declared in this scope
     Charcode = FT_Get_Next_Char(pFont->m_FtFace, Charcode, &GlyphIndex);
                                                                       ^
src/engine/client/text.cpp: In member function 'int CTextRender::RenderGlyph(CFont*, CFontSizeData*, int)':
src/engine/client/text.cpp:304:63: error: 'FT_Set_Pixel_Sizes' was not declared in this scope
   FT_Set_Pixel_Sizes(pFont->m_FtFace, 0, pSizeData->m_FontSize);
                                                               ^
src/engine/client/text.cpp:306:73: error: 'FT_Load_Char' was not declared in this scope
   if(FT_Load_Char(pFont->m_FtFace, Chr, FT_LOAD_RENDER|FT_LOAD_NO_BITMAP))
                                                                         ^
src/engine/client/text.cpp: In member function 'void CTextRender::RenderSetup(CFont*, int)':
src/engine/client/text.cpp:425:46: error: 'FT_Set_Pixel_Sizes' was not declared in this scope
   FT_Set_Pixel_Sizes(pFont->m_FtFace, 0, size);
                                              ^
src/engine/client/text.cpp: In member function 'float CTextRender::Kerning(CFont*, int, int)':
src/engine/client/text.cpp:431:76: error: 'FT_Get_Kerning' was not declared in this scope
   FT_Get_Kerning(pFont->m_FtFace, Left, Right, FT_KERNING_DEFAULT, &Kerning);
                                                                            ^
src/engine/client/text.cpp: In member function 'virtual void CTextRender::Init()':
src/engine/client/text.cpp:459:32: error: 'FT_Init_FreeType' was not declared in this scope
   FT_Init_FreeType(&m_FTLibrary);
                                ^
src/engine/client/text.cpp: In member function 'virtual CFont* CTextRender::LoadFont(const char*)':
src/engine/client/text.cpp:470:70: error: 'FT_New_Face' was not declared in this scope
   if(FT_New_Face(m_FTLibrary, pFont->m_aFilename, 0, &pFont->m_FtFace))
                                                                      ^
bam: 'objs/engine/client/text.o' error 256
[113/133] #1 c++ src/engine/client/backend_sdl.cpp
[114/133] #1 c++ src/engine/client/graphics.cpp
[115/133] #1 c++ src/engine/client/sound.cpp
[116/133] #1 c++ src/engine/client/client.cpp
src/engine/client/client.cpp: In member function 'void CClient::ProcessConnlessPacket(CNetChunk*)':
src/engine/client/client.cpp:938:105: warning: narrowing conversion of '255' from 'int' to 'char' inside { } is ill-formed in C++11 [-Wnarrowing]
    static char IPV4Mapping[] = { 0x00, 0x00, 0x00, 0x00, 0x00, 0x00, 0x00, 0x00, 0x00, 0x00, 0xFF, 0xFF };
                                                                                                         ^
src/engine/client/client.cpp:938:105: warning: narrowing conversion of '255' from 'int' to 'char' inside { } is ill-formed in C++11 [-Wnarrowing]
[117/133] #1 c++ src/engine/client/input.cpp
[118/133] #1 c++ src/engine/client/friends.cpp
[119/133] #1 c++ src/game/editor/io.cpp
[120/133] #1 c++ src/game/editor/layer_quads.cpp
[121/133] #1 c++ src/game/editor/layer_tiles.cpp
[122/133] #1 c++ src/game/editor/editor.cpp
[123/133] #1 c++ src/game/editor/popups.cpp
[124/133] #1 c++ src/game/editor/layer_game.cpp
[125/133] #1 c++ src/game/editor/auto_map.cpp
[126/133] #1 c src/engine/external/pnglite/pnglite.c
[127/133] #1 c src/engine/external/wavpack/unpack.c
[128/133] #1 c src/engine/external/wavpack/wputils.c
[129/133] #1 c src/engine/external/wavpack/float.c
[130/133] #1 c src/engine/external/wavpack/words.c
[131/133] #1 c src/engine/external/wavpack/metadata.c
[132/133] #1 c src/engine/external/wavpack/bits.c
bam: error: a build step failed
==> ERROR: A failure occurred in build().
    Aborting...
===> Printing config.logs
===> Finished printing config.logs></pre></code>
        </body></html>
