<!DOCTYPE html>
<html>
<!-- Jinja template for reports of individual builds

  Copyright 2016 Kareem Khazem. All Rights Reserved.
  Licensed under the Apache License, Version 2.0 (the "License");
  you may not use this file except in compliance with the License.
  You may obtain a copy of the License at

 		 http://www.apache.org/licenses/LICENSE-2.0

  Unless required by applicable law or agreed to in writing, software
  distributed under the License is distributed on an "AS IS" BASIS,
  WITHOUT WARRANTIES OR CONDITIONS OF ANY KIND, either express or
  implied.
  See the License for the specific language governing permissions and
  limitations under the License.
-->
  <head>
    <meta charset="UTF-8">
    <title>android/unittestpp</title>
    <link href='https://fonts.googleapis.com/css?family=Roboto:400,900'
          rel='stylesheet' type='text/css'>
    <link
    href='https://fonts.googleapis.com/css?family=Source+Code+Pro:400,700'
          rel='stylesheet' type='text/css'>
    <link href="../style.css" type="text/css" rel="stylesheet">
  </head>
  <body>
    <h1>Build of unittestpp
        with <a href="../index.html">android</a>
        toolchain</h1>
    <p>The build took 00h 00m 43s and was
    NOT successful.
    
    </p>
    
    
    
    <h2>Log</h2>
    
      <div class="block">
        <div class="info">
          <code>Removed vanilla repositories from pacman.conf and added:</code>
        </div>
        
          <div class="output">
            
            <a class="navhash" href="#1">#</a>
						
              <code id="1">[tuscan]</code><br />
						
            
            <a class="navhash" href="#2">#</a>
						
              <code id="2">Server = file:///var/cache/pacman/pkg/</code><br />
						
            
          </div>
        
      </div>
      <br />
    
      <div class="block">
        <div class="command">
          <code><span class="prompt">CMD: </span>pacman -Syy --noconfirm</code>
        </div>
        
          <div class="output">
            
            <a class="navhash" href="#3">#</a>
						
              <code id="3">:: Synchronizing package databases...</code><br />
						
            
            <a class="navhash" href="#4">#</a>
						
              <code id="4">downloading tuscan.db...</code><br />
						
            
          </div>
        
      </div>
      <br />
    
      <div class="block">
        <div class="command">
          <code><span class="prompt">CMD: </span>sudo -u tuscan PATH=/toolchain_root/bin:/usr/local/sbin:/usr/local/bin:/usr/sbin:/usr/bin:/sbin:/bin CC=arm-linux-androideabi-gcc CXX=arm-linux-androideabi-g++ SYSROOT=/build/android-ndk-r10e/platforms/android-21/arch-arm LIBRARY_PATH=/toolchain_root/usr/lib CPATH=/toolchain_root/usr/include bear makepkg --noextract --syncdeps --skipinteg --skippgpcheck --skipchecksums --noconfirm --nocolor --log --noprogressbar --nocheck</code>
        </div>
        
          <div class="output">
            
            <a class="navhash" href="#5">#</a>
						
              <code id="5">==> Making package: unittestpp 1.6.1-1 (Tue Jun 28 02:52:59 UTC 2016)</code><br />
						
            
            <a class="navhash" href="#6">#</a>
						
              <code id="6">==> Checking runtime dependencies...</code><br />
						
            
            <a class="navhash" href="#7">#</a>
						
              <code id="7">==> Checking buildtime dependencies...</code><br />
						
            
            <a class="navhash" href="#8">#</a>
						
              <code id="8">==> WARNING: Using existing $srcdir/ tree</code><br />
						
            
            <a class="navhash" href="#9">#</a>
						
              <code id="9">==> Starting build()...</code><br />
						
            
            <a class="navhash" href="#10">#</a>
						
              <code id="10">-- The C compiler identification is GNU 4.8.0</code><br />
						
            
            <a class="navhash" href="#11">#</a>
						
              <code id="11">-- The CXX compiler identification is GNU 4.8.0</code><br />
						
            
            <a class="navhash" href="#12">#</a>
						
              <code id="12">-- Check for working C compiler: /toolchain_root/bin/arm-linux-androideabi-gcc</code><br />
						
            
            <a class="navhash" href="#13">#</a>
						
              <code id="13">-- Check for working C compiler: /toolchain_root/bin/arm-linux-androideabi-gcc -- works</code><br />
						
            
            <a class="navhash" href="#14">#</a>
						
              <code id="14">-- Detecting C compiler ABI info</code><br />
						
            
            <a class="navhash" href="#15">#</a>
						
              <code id="15">-- Detecting C compiler ABI info - done</code><br />
						
            
            <a class="navhash" href="#16">#</a>
						
              <code id="16">-- Detecting C compile features</code><br />
						
            
            <a class="navhash" href="#17">#</a>
						
              <code id="17">-- Detecting C compile features - done</code><br />
						
            
            <a class="navhash" href="#18">#</a>
						
              <code id="18">-- Check for working CXX compiler: /toolchain_root/bin/arm-linux-androideabi-g++</code><br />
						
            
            <a class="navhash" href="#19">#</a>
						
              <code id="19">-- Check for working CXX compiler: /toolchain_root/bin/arm-linux-androideabi-g++ -- works</code><br />
						
            
            <a class="navhash" href="#20">#</a>
						
              <code id="20">-- Detecting CXX compiler ABI info</code><br />
						
            
            <a class="navhash" href="#21">#</a>
						
              <code id="21">-- Detecting CXX compiler ABI info - done</code><br />
						
            
            <a class="navhash" href="#22">#</a>
						
              <code id="22">-- Detecting CXX compile features</code><br />
						
            
            <a class="navhash" href="#23">#</a>
						
              <code id="23">-- Detecting CXX compile features - done</code><br />
						
            
            <a class="navhash" href="#24">#</a>
						
              <code id="24">-- Performing Test COMPILER_SUPPORTS_CXX14</code><br />
						
            
            <a class="navhash" href="#25">#</a>
						
              <code id="25">-- Performing Test COMPILER_SUPPORTS_CXX14 - Failed</code><br />
						
            
            <a class="navhash" href="#26">#</a>
						
              <code id="26">-- Performing Test COMPILER_SUPPORTS_CXX11</code><br />
						
            
            <a class="navhash" href="#27">#</a>
						
              <code id="27">-- Performing Test COMPILER_SUPPORTS_CXX11 - Success</code><br />
						
            
            <a class="navhash" href="#28">#</a>
						
              <code id="28">-- Configuring done</code><br />
						
            
            <a class="navhash" href="#29">#</a>
						
              <code id="29">-- Generating done</code><br />
						
            
            <a class="navhash" href="#30">#</a>
						
              <code id="30">-- Build files have been written to: /tmp/unittestpp/src/unittest-cpp-1.6.1</code><br />
						
            
            <a class="navhash" href="#31">#</a>
						
              <code id="31">Scanning dependencies of target UnitTest++</code><br />
						
            
            <a class="navhash" href="#32">#</a>
						
              <code id="32">[  2%] Building CXX object CMakeFiles/UnitTest++.dir/UnitTest++/RequiredCheckException.cpp.o</code><br />
						
            
            <a class="navhash" href="#33">#</a>
						
              <code id="33">[  4%] Building CXX object CMakeFiles/UnitTest++.dir/UnitTest++/ReportAssert.cpp.o</code><br />
						
            
            <a class="navhash" href="#34">#</a>
						
              <code id="34">[  6%] Building CXX object CMakeFiles/UnitTest++.dir/UnitTest++/Checks.cpp.o</code><br />
						
            
            <a class="navhash" href="#35">#</a>
						
              <code id="35">[  8%] Building CXX object CMakeFiles/UnitTest++.dir/UnitTest++/CompositeTestReporter.cpp.o</code><br />
						
            
            <a class="navhash" href="#36">#</a>
						
              <code id="36">[ 11%] Building CXX object CMakeFiles/UnitTest++.dir/UnitTest++/ThrowingTestReporter.cpp.o</code><br />
						
            
            <a class="navhash" href="#37">#</a>
						
              <code id="37">[ 13%] Building CXX object CMakeFiles/UnitTest++.dir/UnitTest++/TimeConstraint.cpp.o</code><br />
						
            
            <a class="navhash" href="#38">#</a>
						
              <code id="38">[ 15%] Building CXX object CMakeFiles/UnitTest++.dir/UnitTest++/TestResults.cpp.o</code><br />
						
            
            <a class="navhash" href="#39">#</a>
						
              <code id="39">[ 17%] Building CXX object CMakeFiles/UnitTest++.dir/UnitTest++/DeferredTestResult.cpp.o</code><br />
						
            
            <a class="navhash" href="#40">#</a>
						
              <code id="40">[ 20%] Building CXX object CMakeFiles/UnitTest++.dir/UnitTest++/TestReporter.cpp.o</code><br />
						
            
            <a class="navhash" href="#41">#</a>
						
              <code id="41">[ 22%] Building CXX object CMakeFiles/UnitTest++.dir/UnitTest++/DeferredTestReporter.cpp.o</code><br />
						
            
            <a class="navhash" href="#42">#</a>
						
              <code id="42">[ 24%] Building CXX object CMakeFiles/UnitTest++.dir/UnitTest++/AssertException.cpp.o</code><br />
						
            
            <a class="navhash" href="#43">#</a>
						
              <code id="43">[ 26%] Building CXX object CMakeFiles/UnitTest++.dir/UnitTest++/TestReporterStdout.cpp.o</code><br />
						
            
            <a class="navhash" href="#44">#</a>
						
              <code id="44">[ 28%] Building CXX object CMakeFiles/UnitTest++.dir/UnitTest++/TestDetails.cpp.o</code><br />
						
            
            <a class="navhash" href="#45">#</a>
						
              <code id="45">[ 31%] Building CXX object CMakeFiles/UnitTest++.dir/UnitTest++/CurrentTest.cpp.o</code><br />
						
            
            <a class="navhash" href="#46">#</a>
						
              <code id="46">[ 33%] Building CXX object CMakeFiles/UnitTest++.dir/UnitTest++/Test.cpp.o</code><br />
						
            
            <a class="navhash" href="#47">#</a>
						
              <code id="47">[ 35%] Building CXX object CMakeFiles/UnitTest++.dir/UnitTest++/TestList.cpp.o</code><br />
						
            
            <a class="navhash" href="#48">#</a>
						
              <code id="48">[ 37%] Building CXX object CMakeFiles/UnitTest++.dir/UnitTest++/XmlTestReporter.cpp.o</code><br />
						
            
            <a class="navhash" href="#49">#</a>
						
              <code id="49">[ 40%] Building CXX object CMakeFiles/UnitTest++.dir/UnitTest++/RequiredCheckTestReporter.cpp.o</code><br />
						
            
            <a class="navhash" href="#50">#</a>
						
              <code id="50">[ 42%] Building CXX object CMakeFiles/UnitTest++.dir/UnitTest++/MemoryOutStream.cpp.o</code><br />
						
            
            <a class="navhash" href="#51">#</a>
						
              <code id="51">[ 44%] Building CXX object CMakeFiles/UnitTest++.dir/UnitTest++/TestRunner.cpp.o</code><br />
						
            
            <a class="navhash" href="#52">#</a>
						
              <code id="52">[ 46%] Building CXX object CMakeFiles/UnitTest++.dir/UnitTest++/Posix/TimeHelpers.cpp.o</code><br />
						
            
            <a class="navhash" href="#53">#</a>
						
              <code id="53">[ 48%] Building CXX object CMakeFiles/UnitTest++.dir/UnitTest++/Posix/SignalTranslator.cpp.o</code><br />
						
            
            <a class="navhash" href="#54">#</a>
						
              <code id="54">[ 51%] Linking CXX static library libUnitTest++.a</code><br />
						
            
            <a class="navhash" href="#55">#</a>
						
              <code id="55">Error running link command: Segmentation fault</code><br />
						
            
            <a class="navhash" href="#56">#</a>
						
              <code id="56">make[2]: *** [CMakeFiles/UnitTest++.dir/build.make:642: libUnitTest++.a] Error 1</code><br />
						
            
            <a class="navhash" href="#57">#</a>
						
              <code id="57">make[1]: *** [CMakeFiles/Makefile2:68: CMakeFiles/UnitTest++.dir/all] Error 2</code><br />
						
            
            <a class="navhash" href="#58">#</a>
						
              <code id="58">make: *** [Makefile:128: all] Error 2</code><br />
						
            
            <a class="navhash" href="#59">#</a>
						
              <code id="59">==> ERROR: A failure occurred in build().</code><br />
						
            
            <a class="navhash" href="#60">#</a>
						
              <code id="60">    Aborting...</code><br />
						
            
          </div>
        
      </div>
      <br />
    
      <div class="block">
        <div class="info">
          <code>Printing config.logs</code>
        </div>
        
      </div>
      <br />
    
  </body>
</html>