<!DOCTYPE html>
<html>
<!-- Jinja template for reports of individual builds

  Copyright 2016 Kareem Khazem. All Rights Reserved.
  Licensed under the Apache License, Version 2.0 (the "License");
  you may not use this file except in compliance with the License.
  You may obtain a copy of the License at

 		 http://www.apache.org/licenses/LICENSE-2.0

  Unless required by applicable law or agreed to in writing, software
  distributed under the License is distributed on an "AS IS" BASIS,
  WITHOUT WARRANTIES OR CONDITIONS OF ANY KIND, either express or
  implied.
  See the License for the specific language governing permissions and
  limitations under the License.
-->
  <head>
    <meta charset="UTF-8">
    <title>android/unrar</title>
    <link href='https://fonts.googleapis.com/css?family=Roboto:400,900'
          rel='stylesheet' type='text/css'>
    <link
    href='https://fonts.googleapis.com/css?family=Source+Code+Pro:400,700'
          rel='stylesheet' type='text/css'>
    <link href="../style.css" type="text/css" rel="stylesheet">
  </head>
  <body>
    <h1>Build of unrar
        with <a href="../index.html">android</a>
        toolchain</h1>
    <p>The build took 00h 00m 57s and was
    NOT successful.</p>
    <p>
      The process tree of the build process is <a
      href="unrar-tree.html">here</a>.
    </p>
    
    
      <p>
      Several sub-process invocations were improper; see the process tree
      for details. Summary:
      </p>
      <ul>
        <li>malformed path:<ul>
            <li>&times;1: PATH=/usr/local/sbin:/usr/local/bin:/usr/bin</li>
        
            <li>&times;17: PATH=/usr/lib/hardening-wrapper/bin:/usr/local/sbin:/usr/local/bin:/usr/bin:/usr/lib/jvm/default/bin:/usr/bin/site_perl:/usr/bin/vendor_perl:/usr/bin/core_perl</li>
        </ul></li>
      </ul>
    
    
    
    
    <h2>Log</h2>
    
      <div class="block">
        <div class="info">
          <code>Removed vanilla repositories from pacman.conf and added:</code>
        </div>
        
          <div class="output">
            
            <a class="navhash" href="#1">#</a>
						
              <code id="1">[tuscan]</code><br />
						
            
            <a class="navhash" href="#2">#</a>
						
              <code id="2">Server = file:///var/cache/pacman/pkg/</code><br />
						
            
          </div>
        
      </div>
      <br />
    
      <div class="block">
        <div class="command">
          <code><span class="prompt">CMD: </span>pacman -Syy --noconfirm</code>
        </div>
        
          <div class="output">
            
            <a class="navhash" href="#3">#</a>
						
              <code id="3">:: Synchronizing package databases...</code><br />
						
            
            <a class="navhash" href="#4">#</a>
						
              <code id="4">downloading tuscan.db...</code><br />
						
            
          </div>
        
      </div>
      <br />
    
      <div class="block">
        <div class="info">
          <code>Copying directory '/toolchain_root/arm-linux-androideabi' to '/sysroot/arm-linux-androideabi'</code>
        </div>
        
      </div>
      <br />
    
      <div class="block">
        <div class="info">
          <code>Copying file '/toolchain_root/COPYING3.LIB' to '/sysroot/COPYING3.LIB'</code>
        </div>
        
      </div>
      <br />
    
      <div class="block">
        <div class="info">
          <code>Copying directory '/toolchain_root/sysroot' to '/sysroot/sysroot'</code>
        </div>
        
      </div>
      <br />
    
      <div class="block">
        <div class="info">
          <code>Copying file '/toolchain_root/COPYING.RUNTIME' to '/sysroot/COPYING.RUNTIME'</code>
        </div>
        
      </div>
      <br />
    
      <div class="block">
        <div class="info">
          <code>Copying directory '/toolchain_root/lib' to '/sysroot/lib'</code>
        </div>
        
      </div>
      <br />
    
      <div class="block">
        <div class="info">
          <code>Copying file '/toolchain_root/SOURCES' to '/sysroot/SOURCES'</code>
        </div>
        
      </div>
      <br />
    
      <div class="block">
        <div class="info">
          <code>Copying directory '/toolchain_root/lib64' to '/sysroot/lib64'</code>
        </div>
        
      </div>
      <br />
    
      <div class="block">
        <div class="info">
          <code>Copying directory '/toolchain_root/share' to '/sysroot/share'</code>
        </div>
        
      </div>
      <br />
    
      <div class="block">
        <div class="info">
          <code>Copying directory '/toolchain_root/bin' to '/sysroot/bin'</code>
        </div>
        
      </div>
      <br />
    
      <div class="block">
        <div class="info">
          <code>Copying file '/toolchain_root/COPYING' to '/sysroot/COPYING'</code>
        </div>
        
      </div>
      <br />
    
      <div class="block">
        <div class="info">
          <code>Copying file '/toolchain_root/COPYING3' to '/sysroot/COPYING3'</code>
        </div>
        
      </div>
      <br />
    
      <div class="block">
        <div class="info">
          <code>Copying file '/toolchain_root/COPYING.LIB' to '/sysroot/COPYING.LIB'</code>
        </div>
        
      </div>
      <br />
    
      <div class="block">
        <div class="info">
          <code>Copying directory '/toolchain_root/include' to '/sysroot/include'</code>
        </div>
        
      </div>
      <br />
    
      <div class="block">
        <div class="info">
          <code>Copying directory '/toolchain_root/libexec' to '/sysroot/libexec'</code>
        </div>
        
      </div>
      <br />
    
      <div class="block">
        <div class="command">
          <code><span class="prompt">CMD: </span>sudo -u tuscan PATH=/sysroot/bin:/sysroot/libexec/gcc/arm-linux-androideabi/4.8:/usr/local/sbin:/usr/local/bin:/usr/sbin:/usr/bin:/sbin:/bin CC=arm-linux-androideabi-gcc CXX=arm-linux-androideabi-g++ SYSROOT=/sysroot/sysroot LIBRARY_PATH=/sysroot/sysroot/usr/lib CPATH=/sysroot/sysroot/usr/include red makepkg --noextract --syncdeps --skipinteg --skippgpcheck --skipchecksums --noconfirm --nocolor --log --noprogressbar --nocheck</code>
        </div>
        
          <div class="output">
            
            <a class="navhash" href="#5">#</a>
						
              <code id="5">==> Making package: unrar 1:5.3.11-1 (Thu Aug 11 15:04:34 UTC 2016)</code><br />
						
            
            <a class="navhash" href="#6">#</a>
						
              <code id="6">==> Checking runtime dependencies...</code><br />
						
            
            <a class="navhash" href="#7">#</a>
						
              <code id="7">==> Checking buildtime dependencies...</code><br />
						
            
            <a class="navhash" href="#8">#</a>
						
              <code id="8">==> Installing missing dependencies...</code><br />
						
            
            <a class="navhash" href="#9">#</a>
						
              <code id="9">resolving dependencies...</code><br />
						
            
            <a class="navhash" href="#10">#</a>
						
              <code id="10">looking for conflicting packages...</code><br />
						
            
            <a class="navhash" href="#11">#</a>
						
              <code id="11"></code><br />
						
            
            <a class="navhash" href="#12">#</a>
						
              <code id="12">Packages (1) hardening-wrapper-10-1</code><br />
						
            
            <a class="navhash" href="#13">#</a>
						
              <code id="13"></code><br />
						
            
            <a class="navhash" href="#14">#</a>
						
              <code id="14">Total Installed Size:  0.00 MiB</code><br />
						
            
            <a class="navhash" href="#15">#</a>
						
              <code id="15"></code><br />
						
            
            <a class="navhash" href="#16">#</a>
						
              <code id="16">:: Proceed with installation? [Y/n] </code><br />
						
            
            <a class="navhash" href="#17">#</a>
						
              <code id="17">checking keyring...</code><br />
						
            
            <a class="navhash" href="#18">#</a>
						
              <code id="18">checking package integrity...</code><br />
						
            
            <a class="navhash" href="#19">#</a>
						
              <code id="19">loading package files...</code><br />
						
            
            <a class="navhash" href="#20">#</a>
						
              <code id="20">checking for file conflicts...</code><br />
						
            
            <a class="navhash" href="#21">#</a>
						
              <code id="21">checking available disk space...</code><br />
						
            
            <a class="navhash" href="#22">#</a>
						
              <code id="22">:: Processing package changes...</code><br />
						
            
            <a class="navhash" href="#23">#</a>
						
              <code id="23">installing hardening-wrapper...</code><br />
						
            
            <a class="navhash" href="#24">#</a>
						
              <code id="24">==> WARNING: Using existing $srcdir/ tree</code><br />
						
            
            <a class="navhash" href="#25">#</a>
						
              <code id="25">==> Starting build()...</code><br />
						
            
            <a class="navhash" href="#26">#</a>
						
              <code id="26">make: Entering directory '/tmp/unrar/src/libunrar'</code><br />
						
            
            <a class="navhash" href="#27">#</a>
						
              <code id="27">g++  -fPIC  -D_FILE_OFFSET_BITS=64 -D_LARGEFILE_SOURCE -DRAR_SMP -DRARDLL -c rar.cpp</code><br />
						
            
            <a class="navhash" href="#28">#</a>
						
              <code id="28">g++  -fPIC  -D_FILE_OFFSET_BITS=64 -D_LARGEFILE_SOURCE -DRAR_SMP -DRARDLL -c strlist.cpp</code><br />
						
            
            <a class="navhash" href="#29">#</a>
						
              <code id="29">In file included from /usr/include/c++/6.1.1/x86_64-pc-linux-gnu/bits/c++config.h:495:0,</code><br />
						
            
            <a class="navhash" href="#30">#</a>
						
              <code id="30">                 from /usr/include/c++/6.1.1/new:39,</code><br />
						
            
            <a class="navhash" href="#31">#</a>
						
              <code id="31">                 from os.hpp:15,</code><br />
						
            
            <a class="navhash" href="#32">#</a>
						
              <code id="32">                 from rar.hpp:6,</code><br />
						
            
            <a class="navhash" href="#33">#</a>
						
              <code id="33">                 from rar.cpp:1:</code><br />
						
            
            <a class="navhash" href="#34">#</a>
						
              <code id="34">/usr/include/c++/6.1.1/x86_64-pc-linux-gnu/bits/os_defines.h:44:19: error: missing binary operator before token "("</code><br />
						
            
            <a class="navhash" href="#35">#</a>
						
              <code id="35"> #if __GLIBC_PREREQ(2,15) && defined(_GNU_SOURCE)</code><br />
						
            
            <a class="navhash" href="#36">#</a>
						
              <code id="36">                   ^</code><br />
						
            
            <a class="navhash" href="#37">#</a>
						
              <code id="37">In file included from /usr/include/c++/6.1.1/x86_64-pc-linux-gnu/bits/c++config.h:495:0,</code><br />
						
            
            <a class="navhash" href="#38">#</a>
						
              <code id="38">                 from /usr/include/c++/6.1.1/new:39,</code><br />
						
            
            <a class="navhash" href="#39">#</a>
						
              <code id="39">                 from os.hpp:15,</code><br />
						
            
            <a class="navhash" href="#40">#</a>
						
              <code id="40">                 from rar.hpp:6,</code><br />
						
            
            <a class="navhash" href="#41">#</a>
						
              <code id="41">                 from strlist.cpp:1:</code><br />
						
            
            <a class="navhash" href="#42">#</a>
						
              <code id="42">/usr/include/c++/6.1.1/x86_64-pc-linux-gnu/bits/os_defines.h:44:19: error: missing binary operator before token "("</code><br />
						
            
            <a class="navhash" href="#43">#</a>
						
              <code id="43"> #if __GLIBC_PREREQ(2,15) && defined(_GNU_SOURCE)</code><br />
						
            
            <a class="navhash" href="#44">#</a>
						
              <code id="44">                   ^</code><br />
						
            
            <a class="navhash" href="#45">#</a>
						
              <code id="45">In file included from /sysroot/sysroot/usr/include/linux/signal.h:21:0,</code><br />
						
            
            <a class="navhash" href="#46">#</a>
						
              <code id="46">                 from /sysroot/sysroot/usr/include/signal.h:43,</code><br />
						
            
            <a class="navhash" href="#47">#</a>
						
              <code id="47">                 from /sysroot/sysroot/usr/include/sys/select.h:35,</code><br />
						
            
            <a class="navhash" href="#48">#</a>
						
              <code id="48">                 from /sysroot/sysroot/usr/include/unistd.h:34,</code><br />
						
            
            <a class="navhash" href="#49">#</a>
						
              <code id="49">                 from os.hpp:121,</code><br />
						
            
            <a class="navhash" href="#50">#</a>
						
              <code id="50">                 from rar.hpp:6,</code><br />
						
            
            <a class="navhash" href="#51">#</a>
						
              <code id="51">                 from rar.cpp:1:</code><br />
						
            
            <a class="navhash" href="#52">#</a>
						
              <code id="52">/sysroot/sysroot/usr/include/asm/signal.h:101:20: error: expected ';' at end of member declaration</code><br />
						
            
            <a class="navhash" href="#53">#</a>
						
              <code id="53"> #define sa_handler _u._sa_handler</code><br />
						
            
            <a class="navhash" href="#54">#</a>
						
              <code id="54">                    ^</code><br />
						
            
            <a class="navhash" href="#55">#</a>
						
              <code id="55">/sysroot/sysroot/usr/include/signal.h:86:18: note: in expansion of macro 'sa_handler'</code><br />
						
            
            <a class="navhash" href="#56">#</a>
						
              <code id="56">     sighandler_t sa_handler;</code><br />
						
            
            <a class="navhash" href="#57">#</a>
						
              <code id="57">                  ^~~~~~~~~~</code><br />
						
            
            <a class="navhash" href="#58">#</a>
						
              <code id="58">/sysroot/sysroot/usr/include/asm/signal.h:101:22: error: expected unqualified-id before '.' token</code><br />
						
            
            <a class="navhash" href="#59">#</a>
						
              <code id="59"> #define sa_handler _u._sa_handler</code><br />
						
            
            <a class="navhash" href="#60">#</a>
						
              <code id="60">                      ^</code><br />
						
            
            <a class="navhash" href="#61">#</a>
						
              <code id="61">/sysroot/sysroot/usr/include/signal.h:86:18: note: in expansion of macro 'sa_handler'</code><br />
						
            
            <a class="navhash" href="#62">#</a>
						
              <code id="62">     sighandler_t sa_handler;</code><br />
						
            
            <a class="navhash" href="#63">#</a>
						
              <code id="63">                  ^~~~~~~~~~</code><br />
						
            
            <a class="navhash" href="#64">#</a>
						
              <code id="64">/sysroot/sysroot/usr/include/asm/signal.h:102:24: error: expected ')' before '.' token</code><br />
						
            
            <a class="navhash" href="#65">#</a>
						
              <code id="65"> #define sa_sigaction _u._sa_sigaction</code><br />
						
            
            <a class="navhash" href="#66">#</a>
						
              <code id="66">                        ^</code><br />
						
            
            <a class="navhash" href="#67">#</a>
						
              <code id="67">/sysroot/sysroot/usr/include/signal.h:87:12: note: in expansion of macro 'sa_sigaction'</code><br />
						
            
            <a class="navhash" href="#68">#</a>
						
              <code id="68">     void (*sa_sigaction)(int, struct siginfo*, void*);</code><br />
						
            
            <a class="navhash" href="#69">#</a>
						
              <code id="69">            ^~~~~~~~~~~~</code><br />
						
            
            <a class="navhash" href="#70">#</a>
						
              <code id="70">In file included from /sysroot/sysroot/usr/include/linux/signal.h:21:0,</code><br />
						
            
            <a class="navhash" href="#71">#</a>
						
              <code id="71">                 from /sysroot/sysroot/usr/include/signal.h:43,</code><br />
						
            
            <a class="navhash" href="#72">#</a>
						
              <code id="72">                 from /sysroot/sysroot/usr/include/sys/select.h:35,</code><br />
						
            
            <a class="navhash" href="#73">#</a>
						
              <code id="73">                 from /sysroot/sysroot/usr/include/unistd.h:34,</code><br />
						
            
            <a class="navhash" href="#74">#</a>
						
              <code id="74">                 from os.hpp:121,</code><br />
						
            
            <a class="navhash" href="#75">#</a>
						
              <code id="75">                 from rar.hpp:6,</code><br />
						
            
            <a class="navhash" href="#76">#</a>
						
              <code id="76">                 from strlist.cpp:1:</code><br />
						
            
            <a class="navhash" href="#77">#</a>
						
              <code id="77">/sysroot/sysroot/usr/include/asm/signal.h:101:20: error: expected ';' at end of member declaration</code><br />
						
            
            <a class="navhash" href="#78">#</a>
						
              <code id="78"> #define sa_handler _u._sa_handler</code><br />
						
            
            <a class="navhash" href="#79">#</a>
						
              <code id="79">                    ^</code><br />
						
            
            <a class="navhash" href="#80">#</a>
						
              <code id="80">/sysroot/sysroot/usr/include/signal.h:86:18: note: in expansion of macro 'sa_handler'</code><br />
						
            
            <a class="navhash" href="#81">#</a>
						
              <code id="81">     sighandler_t sa_handler;</code><br />
						
            
            <a class="navhash" href="#82">#</a>
						
              <code id="82">                  ^~~~~~~~~~</code><br />
						
            
            <a class="navhash" href="#83">#</a>
						
              <code id="83">/sysroot/sysroot/usr/include/asm/signal.h:101:22: error: expected unqualified-id before '.' token</code><br />
						
            
            <a class="navhash" href="#84">#</a>
						
              <code id="84"> #define sa_handler _u._sa_handler</code><br />
						
            
            <a class="navhash" href="#85">#</a>
						
              <code id="85">                      ^</code><br />
						
            
            <a class="navhash" href="#86">#</a>
						
              <code id="86">/sysroot/sysroot/usr/include/signal.h:86:18: note: in expansion of macro 'sa_handler'</code><br />
						
            
            <a class="navhash" href="#87">#</a>
						
              <code id="87">     sighandler_t sa_handler;</code><br />
						
            
            <a class="navhash" href="#88">#</a>
						
              <code id="88">                  ^~~~~~~~~~</code><br />
						
            
            <a class="navhash" href="#89">#</a>
						
              <code id="89">/sysroot/sysroot/usr/include/asm/signal.h:102:24: error: expected ')' before '.' token</code><br />
						
            
            <a class="navhash" href="#90">#</a>
						
              <code id="90"> #define sa_sigaction _u._sa_sigaction</code><br />
						
            
            <a class="navhash" href="#91">#</a>
						
              <code id="91">                        ^</code><br />
						
            
            <a class="navhash" href="#92">#</a>
						
              <code id="92">/sysroot/sysroot/usr/include/signal.h:87:12: note: in expansion of macro 'sa_sigaction'</code><br />
						
            
            <a class="navhash" href="#93">#</a>
						
              <code id="93">     void (*sa_sigaction)(int, struct siginfo*, void*);</code><br />
						
            
            <a class="navhash" href="#94">#</a>
						
              <code id="94">            ^~~~~~~~~~~~</code><br />
						
            
            <a class="navhash" href="#95">#</a>
						
              <code id="95">make: *** [makefile:110: rar.o] Error 1</code><br />
						
            
            <a class="navhash" href="#96">#</a>
						
              <code id="96">make: *** Waiting for unfinished jobs....</code><br />
						
            
            <a class="navhash" href="#97">#</a>
						
              <code id="97">make: *** [makefile:110: strlist.o] Error 1</code><br />
						
            
            <a class="navhash" href="#98">#</a>
						
              <code id="98">make: Leaving directory '/tmp/unrar/src/libunrar'</code><br />
						
            
            <a class="navhash" href="#99">#</a>
						
              <code id="99">==> ERROR: A failure occurred in build().</code><br />
						
            
            <a class="navhash" href="#100">#</a>
						
              <code id="100">    Aborting...</code><br />
						
            
          </div>
        
      </div>
      <br />
    
      <div class="block">
        <div class="info">
          <code>Printing config.logs</code>
        </div>
        
      </div>
      <br />
    
  </body>
</html>