<!DOCTYPE html>
<html>
<!-- Jinja template for reports of individual builds

  Copyright 2016 Kareem Khazem. All Rights Reserved.
  Licensed under the Apache License, Version 2.0 (the "License");
  you may not use this file except in compliance with the License.
  You may obtain a copy of the License at

 		 http://www.apache.org/licenses/LICENSE-2.0

  Unless required by applicable law or agreed to in writing, software
  distributed under the License is distributed on an "AS IS" BASIS,
  WITHOUT WARRANTIES OR CONDITIONS OF ANY KIND, either express or
  implied.
  See the License for the specific language governing permissions and
  limitations under the License.
-->
  <head>
    <meta charset="UTF-8">
    <title>android/unzip</title>
    <link href='https://fonts.googleapis.com/css?family=Roboto:400,900'
          rel='stylesheet' type='text/css'>
    <link
    href='https://fonts.googleapis.com/css?family=Source+Code+Pro:400,700'
          rel='stylesheet' type='text/css'>
    <link href="../style.css" type="text/css" rel="stylesheet">
  </head>
  <body>
    <h1>Build of unzip
        with <a href="../index.html">android</a>
        toolchain</h1>
    <p>The build took 00h 00m 54s and was
    NOT successful.</p>
    <p>
      The process tree of the build process is <a
      href="unzip-tree.html">here</a>.
    </p>
    
    
    
    
    <p>
    Due to the failure of this package to build, we did not attempt to
    build several packages that depend on this one. Those packages are:
    </p>
    <ul>
      
      <li><a href="luarocks.html">luarocks</a></li>
      
      <li><a href="rocksndiamonds-data.html">rocksndiamonds-data</a></li>
      
    </ul>
    
    
    <h2>List of Errors</h2>
    <ul>
      
      <li>parse_error
        <ul>
          
          <li><a href="#64">unzip.c:770:9: error: expected declaration specifiers before 'codeset'</a></li>
          
          <li><a href="#67">unzip.c:781:9: error: expected declaration specifiers before 'if'</a></li>
          
          <li><a href="#73">unzip.c:793:5: error: expected declaration specifiers before '}' token</a></li>
          
          <li><a href="#76">unzip.c:797:5: error: expected declaration specifiers before 'G'</a></li>
          
          <li><a href="#79">unzip.c:798:5: error: expected declaration specifiers before 'G'</a></li>
          
          <li><a href="#82">unzip.c:800:5: error: expected declaration specifiers before 'G'</a></li>
          
          <li><a href="#85">unzip.c:801:5: error: expected declaration specifiers before 'G'</a></li>
          
          <li><a href="#88">unzip.c:802:5: error: expected declaration specifiers before 'G'</a></li>
          
          <li><a href="#91">unzip.c:754:7: error: expected declaration specifiers before 'signal'</a></li>
          
          <li><a href="#97">unzip.c:754:7: error: expected declaration specifiers before 'signal'</a></li>
          
          <li><a href="#103">unzip.c:754:7: error: expected declaration specifiers before 'signal'</a></li>
          
          <li><a href="#109">unzip.c:754:7: error: expected declaration specifiers before 'signal'</a></li>
          
          <li><a href="#115">unzip.c:754:7: error: expected declaration specifiers before 'signal'</a></li>
          
          <li><a href="#121">unzip.c:754:7: error: expected declaration specifiers before 'signal'</a></li>
          
          <li><a href="#127">unzip.c:1031:5: error: expected declaration specifiers before 'G'</a></li>
          
          <li><a href="#130">unzip.c:1034:5: error: expected declaration specifiers before 'for'</a></li>
          
          <li><a href="#139">unzip.c:1042:5: error: expected declaration specifiers before '++' token</a></li>
          
          <li><a href="#142">unzip.c:1048:5: error: expected declaration specifiers before 'if'</a></li>
          
          <li><a href="#145">unzip.c:1059:7: error: expected declaration specifiers before 'else'</a></li>
          
          <li><a href="#148">unzip.c:1070:5: error: expected declaration specifiers before 'if'</a></li>
          
          <li><a href="#151">unzip.c:1096:5: error: expected declaration specifiers before 'if'</a></li>
          
          <li><a href="#154">unzip.c:1133:5: error: expected declaration specifiers before 'G'</a></li>
          
          <li><a href="#157">unzip.c:1164:5: error: expected declaration specifiers before 'G'</a></li>
          
          <li><a href="#160">unzip.c:1165:5: error: expected declaration specifiers before 'G'</a></li>
          
          <li><a href="#163">unzip.c:1167:5: error: expected declaration specifiers before 'if'</a></li>
          
          <li><a href="#166">unzip.c:1232:7: error: expected declaration specifiers before 'else'</a></li>
          
          <li><a href="#169">unzip.c:1235:5: error: expected declaration specifiers before 'if'</a></li>
          
          <li><a href="#174">unzip.c:1241:5: error: expected declaration specifiers before 'if'</a></li>
          
          <li><a href="#177">unzip.c:1254:5: error: expected declaration specifiers before 'retcode'</a></li>
          
          <li><a href="#180">unzip.c:1256:1: error: expected declaration specifiers before 'cleanup_and_exit'</a></li>
          
          <li><a href="#183">unzip.c:1279:1: error: expected declaration specifiers before '}' token</a></li>
          
          <li><a href="#186">unzip.c:1329:5: error: expected '=', ',', ';', 'asm' or '__attribute__' before 'int'</a></li>
          
        </ul>
      </li>
      
    </ul>
    
    <h2>Log</h2>
    
      <div class="block">
        <div class="info">
          <code>Removed vanilla repositories from pacman.conf and added:</code>
        </div>
        
          <div class="output">
            
            <a class="navhash" href="#1">#</a>
						
              <code id="1">[tuscan]</code><br />
						
            
            <a class="navhash" href="#2">#</a>
						
              <code id="2">Server = file:///var/cache/pacman/pkg/</code><br />
						
            
          </div>
        
      </div>
      <br />
    
      <div class="block">
        <div class="command">
          <code><span class="prompt">CMD: </span>pacman -Syy --noconfirm</code>
        </div>
        
          <div class="output">
            
            <a class="navhash" href="#3">#</a>
						
              <code id="3">:: Synchronizing package databases...</code><br />
						
            
            <a class="navhash" href="#4">#</a>
						
              <code id="4">downloading tuscan.db...</code><br />
						
            
          </div>
        
      </div>
      <br />
    
      <div class="block">
        <div class="info">
          <code>Copying directory '/toolchain_root/arm-linux-androideabi' to '/sysroot/arm-linux-androideabi'</code>
        </div>
        
      </div>
      <br />
    
      <div class="block">
        <div class="info">
          <code>Copying file '/toolchain_root/COPYING3.LIB' to '/sysroot/COPYING3.LIB'</code>
        </div>
        
      </div>
      <br />
    
      <div class="block">
        <div class="info">
          <code>Copying directory '/toolchain_root/sysroot' to '/sysroot/sysroot'</code>
        </div>
        
      </div>
      <br />
    
      <div class="block">
        <div class="info">
          <code>Copying file '/toolchain_root/COPYING.RUNTIME' to '/sysroot/COPYING.RUNTIME'</code>
        </div>
        
      </div>
      <br />
    
      <div class="block">
        <div class="info">
          <code>Copying directory '/toolchain_root/lib' to '/sysroot/lib'</code>
        </div>
        
      </div>
      <br />
    
      <div class="block">
        <div class="info">
          <code>Copying file '/toolchain_root/SOURCES' to '/sysroot/SOURCES'</code>
        </div>
        
      </div>
      <br />
    
      <div class="block">
        <div class="info">
          <code>Copying directory '/toolchain_root/lib64' to '/sysroot/lib64'</code>
        </div>
        
      </div>
      <br />
    
      <div class="block">
        <div class="info">
          <code>Copying directory '/toolchain_root/share' to '/sysroot/share'</code>
        </div>
        
      </div>
      <br />
    
      <div class="block">
        <div class="info">
          <code>Copying directory '/toolchain_root/bin' to '/sysroot/bin'</code>
        </div>
        
      </div>
      <br />
    
      <div class="block">
        <div class="info">
          <code>Copying file '/toolchain_root/COPYING' to '/sysroot/COPYING'</code>
        </div>
        
      </div>
      <br />
    
      <div class="block">
        <div class="info">
          <code>Copying file '/toolchain_root/COPYING3' to '/sysroot/COPYING3'</code>
        </div>
        
      </div>
      <br />
    
      <div class="block">
        <div class="info">
          <code>Copying file '/toolchain_root/COPYING.LIB' to '/sysroot/COPYING.LIB'</code>
        </div>
        
      </div>
      <br />
    
      <div class="block">
        <div class="info">
          <code>Copying directory '/toolchain_root/include' to '/sysroot/include'</code>
        </div>
        
      </div>
      <br />
    
      <div class="block">
        <div class="info">
          <code>Copying directory '/toolchain_root/libexec' to '/sysroot/libexec'</code>
        </div>
        
      </div>
      <br />
    
      <div class="block">
        <div class="command">
          <code><span class="prompt">CMD: </span>sudo -u tuscan PATH=/sysroot/bin:/sysroot/libexec/gcc/arm-linux-androideabi/4.8:/usr/local/sbin:/usr/local/bin:/usr/sbin:/usr/bin:/sbin:/bin CC=arm-linux-androideabi-gcc CXX=arm-linux-androideabi-g++ SYSROOT=/sysroot/sysroot LIBRARY_PATH=/sysroot/sysroot/usr/lib CPATH=/sysroot/sysroot/usr/include red makepkg --noextract --syncdeps --skipinteg --skippgpcheck --skipchecksums --noconfirm --nocolor --log --noprogressbar --nocheck</code>
        </div>
        
          <div class="output">
            
            <a class="navhash" href="#5">#</a>
						
              <code id="5">==> Making package: unzip 6.0-12 (Thu Aug 11 15:04:41 UTC 2016)</code><br />
						
            
            <a class="navhash" href="#6">#</a>
						
              <code id="6">==> Checking runtime dependencies...</code><br />
						
            
            <a class="navhash" href="#7">#</a>
						
              <code id="7">==> Checking buildtime dependencies...</code><br />
						
            
            <a class="navhash" href="#8">#</a>
						
              <code id="8">==> WARNING: Using existing $srcdir/ tree</code><br />
						
            
            <a class="navhash" href="#9">#</a>
						
              <code id="9">==> Starting build()...</code><br />
						
            
            <a class="navhash" href="#10">#</a>
						
              <code id="10">cc -c -I. -DACORN_FTYPE_NFS -DWILD_STOP_AT_DIR -DLARGE_FILE_SUPPORT \</code><br />
						
            
            <a class="navhash" href="#11">#</a>
						
              <code id="11">	-DUNICODE_SUPPORT -DUNICODE_WCHAR -DUTF8_MAYBE_NATIVE -DNO_LCHMOD \</code><br />
						
            
            <a class="navhash" href="#12">#</a>
						
              <code id="12">	-DDATE_FORMAT=DF_YMD -DUSE_BZIP2 -DNOMEMCPY -DNO_WORKING_ISPRINT unzip.c</code><br />
						
            
            <a class="navhash" href="#13">#</a>
						
              <code id="13">cc -c -I. -DACORN_FTYPE_NFS -DWILD_STOP_AT_DIR -DLARGE_FILE_SUPPORT \</code><br />
						
            
            <a class="navhash" href="#14">#</a>
						
              <code id="14">	-DUNICODE_SUPPORT -DUNICODE_WCHAR -DUTF8_MAYBE_NATIVE -DNO_LCHMOD \</code><br />
						
            
            <a class="navhash" href="#15">#</a>
						
              <code id="15">	-DDATE_FORMAT=DF_YMD -DUSE_BZIP2 -DNOMEMCPY -DNO_WORKING_ISPRINT crc32.c</code><br />
						
            
            <a class="navhash" href="#16">#</a>
						
              <code id="16">In file included from /sysroot/sysroot/usr/include/linux/signal.h:21:0,</code><br />
						
            
            <a class="navhash" href="#17">#</a>
						
              <code id="17">                 from /sysroot/sysroot/usr/include/signal.h:43,</code><br />
						
            
            <a class="navhash" href="#18">#</a>
						
              <code id="18">                 from /sysroot/sysroot/usr/include/sys/select.h:35,</code><br />
						
            
            <a class="navhash" href="#19">#</a>
						
              <code id="19">                 from /sysroot/sysroot/usr/include/unistd.h:34,</code><br />
						
            
            <a class="navhash" href="#20">#</a>
						
              <code id="20">                 from /sysroot/sysroot/usr/include/fcntl.h:37,</code><br />
						
            
            <a class="navhash" href="#21">#</a>
						
              <code id="21">                 from unix/unxcfg.h:66,</code><br />
						
            
            <a class="navhash" href="#22">#</a>
						
              <code id="22">                 from unzpriv.h:561,</code><br />
						
            
            <a class="navhash" href="#23">#</a>
						
              <code id="23">                 from unzip.h:718,</code><br />
						
            
            <a class="navhash" href="#24">#</a>
						
              <code id="24">                 from zip.h:18,</code><br />
						
            
            <a class="navhash" href="#25">#</a>
						
              <code id="25">                 from crc32.c:24:</code><br />
						
            
            <a class="navhash" href="#26">#</a>
						
              <code id="26">/sysroot/sysroot/usr/include/asm/signal.h:101:22: error: expected ':', ',', ';', '}' or '__attribute__' before '.' token</code><br />
						
            
            <a class="navhash" href="#27">#</a>
						
              <code id="27"> #define sa_handler _u._sa_handler</code><br />
						
            
            <a class="navhash" href="#28">#</a>
						
              <code id="28">                      ^</code><br />
						
            
            <a class="navhash" href="#29">#</a>
						
              <code id="29">/sysroot/sysroot/usr/include/signal.h:86:18: note: in expansion of macro 'sa_handler'</code><br />
						
            
            <a class="navhash" href="#30">#</a>
						
              <code id="30">     sighandler_t sa_handler;</code><br />
						
            
            <a class="navhash" href="#31">#</a>
						
              <code id="31">                  ^~~~~~~~~~</code><br />
						
            
            <a class="navhash" href="#32">#</a>
						
              <code id="32">In file included from /sysroot/sysroot/usr/include/linux/signal.h:21:0,</code><br />
						
            
            <a class="navhash" href="#33">#</a>
						
              <code id="33">                 from /sysroot/sysroot/usr/include/signal.h:43,</code><br />
						
            
            <a class="navhash" href="#34">#</a>
						
              <code id="34">                 from /sysroot/sysroot/usr/include/sys/select.h:35,</code><br />
						
            
            <a class="navhash" href="#35">#</a>
						
              <code id="35">                 from /sysroot/sysroot/usr/include/unistd.h:34,</code><br />
						
            
            <a class="navhash" href="#36">#</a>
						
              <code id="36">                 from /sysroot/sysroot/usr/include/fcntl.h:37,</code><br />
						
            
            <a class="navhash" href="#37">#</a>
						
              <code id="37">                 from unix/unxcfg.h:66,</code><br />
						
            
            <a class="navhash" href="#38">#</a>
						
              <code id="38">                 from unzpriv.h:561,</code><br />
						
            
            <a class="navhash" href="#39">#</a>
						
              <code id="39">                 from unzip.h:718,</code><br />
						
            
            <a class="navhash" href="#40">#</a>
						
              <code id="40">                 from unzip.c:68:</code><br />
						
            
            <a class="navhash" href="#41">#</a>
						
              <code id="41">/sysroot/sysroot/usr/include/asm/signal.h:101:22: error: expected ':', ',', ';', '}' or '__attribute__' before '.' token</code><br />
						
            
            <a class="navhash" href="#42">#</a>
						
              <code id="42"> #define sa_handler _u._sa_handler</code><br />
						
            
            <a class="navhash" href="#43">#</a>
						
              <code id="43">                      ^</code><br />
						
            
            <a class="navhash" href="#44">#</a>
						
              <code id="44">/sysroot/sysroot/usr/include/signal.h:86:18: note: in expansion of macro 'sa_handler'</code><br />
						
            
            <a class="navhash" href="#45">#</a>
						
              <code id="45">     sighandler_t sa_handler;</code><br />
						
            
            <a class="navhash" href="#46">#</a>
						
              <code id="46">                  ^~~~~~~~~~</code><br />
						
            
            <a class="navhash" href="#47">#</a>
						
              <code id="47">In file included from /usr/include/langinfo.h:23:0,</code><br />
						
            
            <a class="navhash" href="#48">#</a>
						
              <code id="48">                 from unzip.c:768:</code><br />
						
            
            <a class="navhash" href="#49">#</a>
						
              <code id="49">/usr/include/nl_types.h: In function 'unzip':</code><br />
						
            
            <a class="navhash" href="#50">#</a>
						
              <code id="50">/usr/include/nl_types.h:46:14: error: nested function 'catgets' declared 'extern'</code><br />
						
            
            <a class="navhash" href="#51">#</a>
						
              <code id="51"> extern char *catgets (nl_catd __catalog, int __set, int __number,</code><br />
						
            
            <a class="navhash" href="#52">#</a>
						
              <code id="52">              ^~~~~~~</code><br />
						
            
            <a class="navhash" href="#53">#</a>
						
              <code id="53">/usr/include/nl_types.h: In function 'catgets':</code><br />
						
            
            <a class="navhash" href="#54">#</a>
						
              <code id="54">/usr/include/nl_types.h:47:31: error: expected declaration specifiers before '__THROW'</code><br />
						
            
            <a class="navhash" href="#55">#</a>
						
              <code id="55">         const char *__string) __THROW __nonnull ((1));</code><br />
						
            
            <a class="navhash" href="#56">#</a>
						
              <code id="56">                               ^~~~~~~</code><br />
						
            
            <a class="navhash" href="#57">#</a>
						
              <code id="57">/usr/include/nl_types.h:50:41: error: expected '=', ',', ';', 'asm' or '__attribute__' before '__THROW'</code><br />
						
            
            <a class="navhash" href="#58">#</a>
						
              <code id="58"> extern int catclose (nl_catd __catalog) __THROW __nonnull ((1));</code><br />
						
            
            <a class="navhash" href="#59">#</a>
						
              <code id="59">                                         ^~~~~~~</code><br />
						
            
            <a class="navhash" href="#60">#</a>
						
              <code id="60">In file included from unzip.c:768:0:</code><br />
						
            
            <a class="navhash" href="#61">#</a>
						
              <code id="61">/usr/include/langinfo.h:583:43: error: expected '=', ',', ';', 'asm' or '__attribute__' before '__THROW'</code><br />
						
            
            <a class="navhash" href="#62">#</a>
						
              <code id="62"> extern char *nl_langinfo (nl_item __item) __THROW;</code><br />
						
            
            <a class="navhash" href="#63">#</a>
						
              <code id="63">                                           ^~~~~~~</code><br />
						
            
            <a class="navhash" href="#64">#</a>
						<span class="error">
              <code id="64">unzip.c:770:9: error: expected declaration specifiers before 'codeset'</code><br />
						</span>
            
            <a class="navhash" href="#65">#</a>
						
              <code id="65">         codeset = nl_langinfo(CODESET);</code><br />
						
            
            <a class="navhash" href="#66">#</a>
						
              <code id="66">         ^~~~~~~</code><br />
						
            
            <a class="navhash" href="#67">#</a>
						<span class="error">
              <code id="67">unzip.c:781:9: error: expected declaration specifiers before 'if'</code><br />
						</span>
            
            <a class="navhash" href="#68">#</a>
						
              <code id="68">         if ((codeset != NULL) && (strcmp(codeset, "UTF-8") == 0)) {</code><br />
						
            
            <a class="navhash" href="#69">#</a>
						
              <code id="69">         ^~</code><br />
						
            
            <a class="navhash" href="#70">#</a>
						
              <code id="70">unzip.c:784:11: error: expected declaration specifiers before 'else'</code><br />
						
            
            <a class="navhash" href="#71">#</a>
						
              <code id="71">         } else {</code><br />
						
            
            <a class="navhash" href="#72">#</a>
						
              <code id="72">           ^~~~</code><br />
						
            
            <a class="navhash" href="#73">#</a>
						<span class="error">
              <code id="73">unzip.c:793:5: error: expected declaration specifiers before '}' token</code><br />
						</span>
            
            <a class="navhash" href="#74">#</a>
						
              <code id="74">     }</code><br />
						
            
            <a class="navhash" href="#75">#</a>
						
              <code id="75">     ^</code><br />
						
            
            <a class="navhash" href="#76">#</a>
						<span class="error">
              <code id="76">unzip.c:797:5: error: expected declaration specifiers before 'G'</code><br />
						</span>
            
            <a class="navhash" href="#77">#</a>
						
              <code id="77">     G.unicode_escape_all = 0;</code><br />
						
            
            <a class="navhash" href="#78">#</a>
						
              <code id="78">     ^</code><br />
						
            
            <a class="navhash" href="#79">#</a>
						<span class="error">
              <code id="79">unzip.c:798:5: error: expected declaration specifiers before 'G'</code><br />
						</span>
            
            <a class="navhash" href="#80">#</a>
						
              <code id="80">     G.unicode_mismatch = 0;</code><br />
						
            
            <a class="navhash" href="#81">#</a>
						
              <code id="81">     ^</code><br />
						
            
            <a class="navhash" href="#82">#</a>
						<span class="error">
              <code id="82">unzip.c:800:5: error: expected declaration specifiers before 'G'</code><br />
						</span>
            
            <a class="navhash" href="#83">#</a>
						
              <code id="83">     G.unipath_version = 0;</code><br />
						
            
            <a class="navhash" href="#84">#</a>
						
              <code id="84">     ^</code><br />
						
            
            <a class="navhash" href="#85">#</a>
						<span class="error">
              <code id="85">unzip.c:801:5: error: expected declaration specifiers before 'G'</code><br />
						</span>
            
            <a class="navhash" href="#86">#</a>
						
              <code id="86">     G.unipath_checksum = 0;</code><br />
						
            
            <a class="navhash" href="#87">#</a>
						
              <code id="87">     ^</code><br />
						
            
            <a class="navhash" href="#88">#</a>
						<span class="error">
              <code id="88">unzip.c:802:5: error: expected declaration specifiers before 'G'</code><br />
						</span>
            
            <a class="navhash" href="#89">#</a>
						
              <code id="89">     G.unipath_filename = NULL;</code><br />
						
            
            <a class="navhash" href="#90">#</a>
						
              <code id="90">     ^</code><br />
						
            
            <a class="navhash" href="#91">#</a>
						<span class="error">
              <code id="91">unzip.c:754:7: error: expected declaration specifiers before 'signal'</code><br />
						</span>
            
            <a class="navhash" href="#92">#</a>
						
              <code id="92">       signal((sigtype), (newsighandler))</code><br />
						
            
            <a class="navhash" href="#93">#</a>
						
              <code id="93">       ^</code><br />
						
            
            <a class="navhash" href="#94">#</a>
						
              <code id="94">unzip.c:840:5: note: in expansion of macro 'SET_SIGHANDLER'</code><br />
						
            
            <a class="navhash" href="#95">#</a>
						
              <code id="95">     SET_SIGHANDLER(SIGINT, handler);</code><br />
						
            
            <a class="navhash" href="#96">#</a>
						
              <code id="96">     ^~~~~~~~~~~~~~</code><br />
						
            
            <a class="navhash" href="#97">#</a>
						<span class="error">
              <code id="97">unzip.c:754:7: error: expected declaration specifiers before 'signal'</code><br />
						</span>
            
            <a class="navhash" href="#98">#</a>
						
              <code id="98">       signal((sigtype), (newsighandler))</code><br />
						
            
            <a class="navhash" href="#99">#</a>
						
              <code id="99">       ^</code><br />
						
            
            <a class="navhash" href="#100">#</a>
						
              <code id="100">unzip.c:843:5: note: in expansion of macro 'SET_SIGHANDLER'</code><br />
						
            
            <a class="navhash" href="#101">#</a>
						
              <code id="101">     SET_SIGHANDLER(SIGTERM, handler);</code><br />
						
            
            <a class="navhash" href="#102">#</a>
						
              <code id="102">     ^~~~~~~~~~~~~~</code><br />
						
            
            <a class="navhash" href="#103">#</a>
						<span class="error">
              <code id="103">unzip.c:754:7: error: expected declaration specifiers before 'signal'</code><br />
						</span>
            
            <a class="navhash" href="#104">#</a>
						
              <code id="104">       signal((sigtype), (newsighandler))</code><br />
						
            
            <a class="navhash" href="#105">#</a>
						
              <code id="105">       ^</code><br />
						
            
            <a class="navhash" href="#106">#</a>
						
              <code id="106">unzip.c:846:5: note: in expansion of macro 'SET_SIGHANDLER'</code><br />
						
            
            <a class="navhash" href="#107">#</a>
						
              <code id="107">     SET_SIGHANDLER(SIGABRT, handler);</code><br />
						
            
            <a class="navhash" href="#108">#</a>
						
              <code id="108">     ^~~~~~~~~~~~~~</code><br />
						
            
            <a class="navhash" href="#109">#</a>
						<span class="error">
              <code id="109">unzip.c:754:7: error: expected declaration specifiers before 'signal'</code><br />
						</span>
            
            <a class="navhash" href="#110">#</a>
						
              <code id="110">       signal((sigtype), (newsighandler))</code><br />
						
            
            <a class="navhash" href="#111">#</a>
						
              <code id="111">       ^</code><br />
						
            
            <a class="navhash" href="#112">#</a>
						
              <code id="112">unzip.c:852:5: note: in expansion of macro 'SET_SIGHANDLER'</code><br />
						
            
            <a class="navhash" href="#113">#</a>
						
              <code id="113">     SET_SIGHANDLER(SIGBUS, handler);</code><br />
						
            
            <a class="navhash" href="#114">#</a>
						
              <code id="114">     ^~~~~~~~~~~~~~</code><br />
						
            
            <a class="navhash" href="#115">#</a>
						<span class="error">
              <code id="115">unzip.c:754:7: error: expected declaration specifiers before 'signal'</code><br />
						</span>
            
            <a class="navhash" href="#116">#</a>
						
              <code id="116">       signal((sigtype), (newsighandler))</code><br />
						
            
            <a class="navhash" href="#117">#</a>
						
              <code id="117">       ^</code><br />
						
            
            <a class="navhash" href="#118">#</a>
						
              <code id="118">unzip.c:855:5: note: in expansion of macro 'SET_SIGHANDLER'</code><br />
						
            
            <a class="navhash" href="#119">#</a>
						
              <code id="119">     SET_SIGHANDLER(SIGILL, handler);</code><br />
						
            
            <a class="navhash" href="#120">#</a>
						
              <code id="120">     ^~~~~~~~~~~~~~</code><br />
						
            
            <a class="navhash" href="#121">#</a>
						<span class="error">
              <code id="121">unzip.c:754:7: error: expected declaration specifiers before 'signal'</code><br />
						</span>
            
            <a class="navhash" href="#122">#</a>
						
              <code id="122">       signal((sigtype), (newsighandler))</code><br />
						
            
            <a class="navhash" href="#123">#</a>
						
              <code id="123">       ^</code><br />
						
            
            <a class="navhash" href="#124">#</a>
						
              <code id="124">unzip.c:858:5: note: in expansion of macro 'SET_SIGHANDLER'</code><br />
						
            
            <a class="navhash" href="#125">#</a>
						
              <code id="125">     SET_SIGHANDLER(SIGSEGV, handler);</code><br />
						
            
            <a class="navhash" href="#126">#</a>
						
              <code id="126">     ^~~~~~~~~~~~~~</code><br />
						
            
            <a class="navhash" href="#127">#</a>
						<span class="error">
              <code id="127">unzip.c:1031:5: error: expected declaration specifiers before 'G'</code><br />
						</span>
            
            <a class="navhash" href="#128">#</a>
						
              <code id="128">     G.noargs = (argc == 1);   /* no options, no zipfile, no anything */</code><br />
						
            
            <a class="navhash" href="#129">#</a>
						
              <code id="129">     ^</code><br />
						
            
            <a class="navhash" href="#130">#</a>
						<span class="error">
              <code id="130">unzip.c:1034:5: error: expected declaration specifiers before 'for'</code><br />
						</span>
            
            <a class="navhash" href="#131">#</a>
						
              <code id="131">     for (p = argv[0] + strlen(argv[0]); p >= argv[0]; --p) {</code><br />
						
            
            <a class="navhash" href="#132">#</a>
						
              <code id="132">     ^~~</code><br />
						
            
            <a class="navhash" href="#133">#</a>
						
              <code id="133">unzip.c:1034:41: error: expected declaration specifiers before 'p'</code><br />
						
            
            <a class="navhash" href="#134">#</a>
						
              <code id="134">     for (p = argv[0] + strlen(argv[0]); p >= argv[0]; --p) {</code><br />
						
            
            <a class="navhash" href="#135">#</a>
						
              <code id="135">                                         ^</code><br />
						
            
            <a class="navhash" href="#136">#</a>
						
              <code id="136">unzip.c:1034:55: error: expected declaration specifiers before '--' token</code><br />
						
            
            <a class="navhash" href="#137">#</a>
						
              <code id="137">     for (p = argv[0] + strlen(argv[0]); p >= argv[0]; --p) {</code><br />
						
            
            <a class="navhash" href="#138">#</a>
						
              <code id="138">                                                       ^~</code><br />
						
            
            <a class="navhash" href="#139">#</a>
						<span class="error">
              <code id="139">unzip.c:1042:5: error: expected declaration specifiers before '++' token</code><br />
						</span>
            
            <a class="navhash" href="#140">#</a>
						
              <code id="140">     ++p;</code><br />
						
            
            <a class="navhash" href="#141">#</a>
						
              <code id="141">     ^~</code><br />
						
            
            <a class="navhash" href="#142">#</a>
						<span class="error">
              <code id="142">unzip.c:1048:5: error: expected declaration specifiers before 'if'</code><br />
						</span>
            
            <a class="navhash" href="#143">#</a>
						
              <code id="143">     if (STRNICMP(p, LoadFarStringSmall(Zipnfo), 7) == 0 ||</code><br />
						
            
            <a class="navhash" href="#144">#</a>
						
              <code id="144">     ^~</code><br />
						
            
            <a class="navhash" href="#145">#</a>
						<span class="error">
              <code id="145">unzip.c:1059:7: error: expected declaration specifiers before 'else'</code><br />
						</span>
            
            <a class="navhash" href="#146">#</a>
						
              <code id="146">     } else</code><br />
						
            
            <a class="navhash" href="#147">#</a>
						
              <code id="147">       ^~~~</code><br />
						
            
            <a class="navhash" href="#148">#</a>
						<span class="error">
              <code id="148">unzip.c:1070:5: error: expected declaration specifiers before 'if'</code><br />
						</span>
            
            <a class="navhash" href="#149">#</a>
						
              <code id="149">     if (!error) {</code><br />
						
            
            <a class="navhash" href="#150">#</a>
						
              <code id="150">     ^~</code><br />
						
            
            <a class="navhash" href="#151">#</a>
						<span class="error">
              <code id="151">unzip.c:1096:5: error: expected declaration specifiers before 'if'</code><br />
						</span>
            
            <a class="navhash" href="#152">#</a>
						
              <code id="152">     if ((argc < 0) || error) {</code><br />
						
            
            <a class="navhash" href="#153">#</a>
						
              <code id="153">     ^~</code><br />
						
            
            <a class="navhash" href="#154">#</a>
						<span class="error">
              <code id="154">unzip.c:1133:5: error: expected declaration specifiers before 'G'</code><br />
						</span>
            
            <a class="navhash" href="#155">#</a>
						
              <code id="155">     G.wildzipfn = *argv++;</code><br />
						
            
            <a class="navhash" href="#156">#</a>
						
              <code id="156">     ^</code><br />
						
            
            <a class="navhash" href="#157">#</a>
						<span class="error">
              <code id="157">unzip.c:1164:5: error: expected declaration specifiers before 'G'</code><br />
						</span>
            
            <a class="navhash" href="#158">#</a>
						
              <code id="158">     G.filespecs = argc;</code><br />
						
            
            <a class="navhash" href="#159">#</a>
						
              <code id="159">     ^</code><br />
						
            
            <a class="navhash" href="#160">#</a>
						<span class="error">
              <code id="160">unzip.c:1165:5: error: expected declaration specifiers before 'G'</code><br />
						</span>
            
            <a class="navhash" href="#161">#</a>
						
              <code id="161">     G.xfilespecs = 0;</code><br />
						
            
            <a class="navhash" href="#162">#</a>
						
              <code id="162">     ^</code><br />
						
            
            <a class="navhash" href="#163">#</a>
						<span class="error">
              <code id="163">unzip.c:1167:5: error: expected declaration specifiers before 'if'</code><br />
						</span>
            
            <a class="navhash" href="#164">#</a>
						
              <code id="164">     if (argc > 0) {</code><br />
						
            
            <a class="navhash" href="#165">#</a>
						
              <code id="165">     ^~</code><br />
						
            
            <a class="navhash" href="#166">#</a>
						<span class="error">
              <code id="166">unzip.c:1232:7: error: expected declaration specifiers before 'else'</code><br />
						</span>
            
            <a class="navhash" href="#167">#</a>
						
              <code id="167">     } else</code><br />
						
            
            <a class="navhash" href="#168">#</a>
						
              <code id="168">       ^~~~</code><br />
						
            
            <a class="navhash" href="#169">#</a>
						<span class="error">
              <code id="169">unzip.c:1235:5: error: expected declaration specifiers before 'if'</code><br />
						</span>
            
            <a class="navhash" href="#170">#</a>
						
              <code id="170">     if (uO.exdir != (char *)NULL && !G.extract_flag)    /* -d ignored */</code><br />
						
            
            <a class="navhash" href="#171">#</a>
						
              <code id="171">     ^~</code><br />
						
            
            <a class="navhash" href="#172">#</a>
						
              <code id="172">make: *** [unix/Makefile:234: crc32.o] Error 1</code><br />
						
            
            <a class="navhash" href="#173">#</a>
						
              <code id="173">make: *** Waiting for unfinished jobs....</code><br />
						
            
            <a class="navhash" href="#174">#</a>
						<span class="error">
              <code id="174">unzip.c:1241:5: error: expected declaration specifiers before 'if'</code><br />
						</span>
            
            <a class="navhash" href="#175">#</a>
						
              <code id="175">     if (uO.U_flag == 1)</code><br />
						
            
            <a class="navhash" href="#176">#</a>
						
              <code id="176">     ^~</code><br />
						
            
            <a class="navhash" href="#177">#</a>
						<span class="error">
              <code id="177">unzip.c:1254:5: error: expected declaration specifiers before 'retcode'</code><br />
						</span>
            
            <a class="navhash" href="#178">#</a>
						
              <code id="178">     retcode = process_zipfiles(__G);</code><br />
						
            
            <a class="navhash" href="#179">#</a>
						
              <code id="179">     ^~~~~~~</code><br />
						
            
            <a class="navhash" href="#180">#</a>
						<span class="error">
              <code id="180">unzip.c:1256:1: error: expected declaration specifiers before 'cleanup_and_exit'</code><br />
						</span>
            
            <a class="navhash" href="#181">#</a>
						
              <code id="181"> cleanup_and_exit:</code><br />
						
            
            <a class="navhash" href="#182">#</a>
						
              <code id="182"> ^~~~~~~~~~~~~~~~</code><br />
						
            
            <a class="navhash" href="#183">#</a>
						<span class="error">
              <code id="183">unzip.c:1279:1: error: expected declaration specifiers before '}' token</code><br />
						</span>
            
            <a class="navhash" href="#184">#</a>
						
              <code id="184"> } /* end main()/unzip() */</code><br />
						
            
            <a class="navhash" href="#185">#</a>
						
              <code id="185"> ^</code><br />
						
            
            <a class="navhash" href="#186">#</a>
						<span class="error">
              <code id="186">unzip.c:1329:5: error: expected '=', ',', ';', 'asm' or '__attribute__' before 'int'</code><br />
						</span>
            
            <a class="navhash" href="#187">#</a>
						
              <code id="187">     int *pargc;</code><br />
						
            
            <a class="navhash" href="#188">#</a>
						
              <code id="188">     ^~~</code><br />
						
            
            <a class="navhash" href="#189">#</a>
						
              <code id="189">In file included from /usr/include/langinfo.h:23:0,</code><br />
						
            
            <a class="navhash" href="#190">#</a>
						
              <code id="190">                 from unzip.c:768:</code><br />
						
            
            <a class="navhash" href="#191">#</a>
						
              <code id="191">/usr/include/nl_types.h:46:14: error: old-style parameter declarations in prototyped function definition</code><br />
						
            
            <a class="navhash" href="#192">#</a>
						
              <code id="192"> extern char *catgets (nl_catd __catalog, int __set, int __number,</code><br />
						
            
            <a class="navhash" href="#193">#</a>
						
              <code id="193">              ^~~~~~~</code><br />
						
            
            <a class="navhash" href="#194">#</a>
						
              <code id="194">unzip.c:1336:13: error: 'pargc' undeclared (first use in this function)</code><br />
						
            
            <a class="navhash" href="#195">#</a>
						
              <code id="195">     argc = *pargc;</code><br />
						
            
            <a class="navhash" href="#196">#</a>
						
              <code id="196">             ^~~~~</code><br />
						
            
            <a class="navhash" href="#197">#</a>
						
              <code id="197">unzip.c:1336:13: note: each undeclared identifier is reported only once for each function it appears in</code><br />
						
            
            <a class="navhash" href="#198">#</a>
						
              <code id="198">unzip.c:1337:13: error: 'pargv' undeclared (first use in this function)</code><br />
						
            
            <a class="navhash" href="#199">#</a>
						
              <code id="199">     argv = *pargv;</code><br />
						
            
            <a class="navhash" href="#200">#</a>
						
              <code id="200">             ^~~~~</code><br />
						
            
            <a class="navhash" href="#201">#</a>
						
              <code id="201">unzip.c:1430:31: warning: return makes pointer from integer without a cast [-Wint-conversion]</code><br />
						
            
            <a class="navhash" href="#202">#</a>
						
              <code id="202">                         return(PK_PARAM);  /* don't extract here by accident */</code><br />
						
            
            <a class="navhash" href="#203">#</a>
						
              <code id="203">                               ^</code><br />
						
            
            <a class="navhash" href="#204">#</a>
						
              <code id="204">unzip.c:1435:31: warning: return makes pointer from integer without a cast [-Wint-conversion]</code><br />
						
            
            <a class="navhash" href="#205">#</a>
						
              <code id="205">                         return(PK_PARAM);    /* GRR:  stupid restriction? */</code><br />
						
            
            <a class="navhash" href="#206">#</a>
						
              <code id="206">                               ^</code><br />
						
            
            <a class="navhash" href="#207">#</a>
						
              <code id="207">unzip.c:1446:43: warning: return makes pointer from integer without a cast [-Wint-conversion]</code><br />
						
            
            <a class="navhash" href="#208">#</a>
						
              <code id="208">                                     return(PK_PARAM);</code><br />
						
            
            <a class="navhash" href="#209">#</a>
						
              <code id="209">                                           ^</code><br />
						
            
            <a class="navhash" href="#210">#</a>
						
              <code id="210">unzip.c:1452:39: warning: return makes pointer from integer without a cast [-Wint-conversion]</code><br />
						
            
            <a class="navhash" href="#211">#</a>
						
              <code id="211">                                 return(PK_PARAM);</code><br />
						
            
            <a class="navhash" href="#212">#</a>
						
              <code id="212">                                       ^</code><br />
						
            
            <a class="navhash" href="#213">#</a>
						
              <code id="213">unzip.c:1612:31: warning: return makes pointer from integer without a cast [-Wint-conversion]</code><br />
						
            
            <a class="navhash" href="#214">#</a>
						
              <code id="214">                         return(PK_PARAM);  /* don't extract here by accident */</code><br />
						
            
            <a class="navhash" href="#215">#</a>
						
              <code id="215">                               ^</code><br />
						
            
            <a class="navhash" href="#216">#</a>
						
              <code id="216">unzip.c:1631:43: warning: return makes pointer from integer without a cast [-Wint-conversion]</code><br />
						
            
            <a class="navhash" href="#217">#</a>
						
              <code id="217">                                     return(PK_PARAM);</code><br />
						
            
            <a class="navhash" href="#218">#</a>
						
              <code id="218">                                           ^</code><br />
						
            
            <a class="navhash" href="#219">#</a>
						
              <code id="219">unzip.c:1637:39: warning: return makes pointer from integer without a cast [-Wint-conversion]</code><br />
						
            
            <a class="navhash" href="#220">#</a>
						
              <code id="220">                                 return(PK_PARAM);</code><br />
						
            
            <a class="navhash" href="#221">#</a>
						
              <code id="221">                                       ^</code><br />
						
            
            <a class="navhash" href="#222">#</a>
						
              <code id="222">In file included from unzip.h:718:0,</code><br />
						
            
            <a class="navhash" href="#223">#</a>
						
              <code id="223">                 from unzip.c:68:</code><br />
						
            
            <a class="navhash" href="#224">#</a>
						
              <code id="224">unzpriv.h:780:25: warning: return makes pointer from integer without a cast [-Wint-conversion]</code><br />
						
            
            <a class="navhash" href="#225">#</a>
						
              <code id="225"> #  define USAGE(ret)    usage(__G__ (ret))    /* used in unzip.c, zipinfo.c */</code><br />
						
            
            <a class="navhash" href="#226">#</a>
						
              <code id="226">                         ^~~~~~~~~~~~~~~~~~</code><br />
						
            
            <a class="navhash" href="#227">#</a>
						
              <code id="227">unzip.c:1857:20: note: in expansion of macro 'USAGE'</code><br />
						
            
            <a class="navhash" href="#228">#</a>
						
              <code id="228">             return USAGE(PK_OK);</code><br />
						
            
            <a class="navhash" href="#229">#</a>
						
              <code id="229">                    ^~~~~</code><br />
						
            
            <a class="navhash" href="#230">#</a>
						
              <code id="230">unzpriv.h:780:25: warning: return makes pointer from integer without a cast [-Wint-conversion]</code><br />
						
            
            <a class="navhash" href="#231">#</a>
						
              <code id="231"> #  define USAGE(ret)    usage(__G__ (ret))    /* used in unzip.c, zipinfo.c */</code><br />
						
            
            <a class="navhash" href="#232">#</a>
						
              <code id="232">                         ^~~~~~~~~~~~~~~~~~</code><br />
						
            
            <a class="navhash" href="#233">#</a>
						
              <code id="233">unzip.c:1901:16: note: in expansion of macro 'USAGE'</code><br />
						
            
            <a class="navhash" href="#234">#</a>
						
              <code id="234">         return USAGE(error);</code><br />
						
            
            <a class="navhash" href="#235">#</a>
						
              <code id="235">                ^~~~~</code><br />
						
            
            <a class="navhash" href="#236">#</a>
						
              <code id="236">unzip.c: In function 'unzip':</code><br />
						
            
            <a class="navhash" href="#237">#</a>
						
              <code id="237">unzip.c:2086:13: error: invalid storage class for function 'help_extended'</code><br />
						
            
            <a class="navhash" href="#238">#</a>
						
              <code id="238"> static void help_extended(__G)</code><br />
						
            
            <a class="navhash" href="#239">#</a>
						
              <code id="239">             ^~~~~~~~~~~~~</code><br />
						
            
            <a class="navhash" href="#240">#</a>
						
              <code id="240">unzip.c:2336:13: error: invalid storage class for function 'show_version_info'</code><br />
						
            
            <a class="navhash" href="#241">#</a>
						
              <code id="241"> static void show_version_info(__G)</code><br />
						
            
            <a class="navhash" href="#242">#</a>
						
              <code id="242">             ^~~~~~~~~~~~~~~~~</code><br />
						
            
            <a class="navhash" href="#243">#</a>
						
              <code id="243">unzip.c:2652:1: error: expected declaration or statement at end of input</code><br />
						
            
            <a class="navhash" href="#244">#</a>
						
              <code id="244"> } /* end function show_version() */</code><br />
						
            
            <a class="navhash" href="#245">#</a>
						
              <code id="245"> ^</code><br />
						
            
            <a class="navhash" href="#246">#</a>
						
              <code id="246">unzip.c:2652:1: error: expected declaration or statement at end of input</code><br />
						
            
            <a class="navhash" href="#247">#</a>
						
              <code id="247">unzip.c: At top level:</code><br />
						
            
            <a class="navhash" href="#248">#</a>
						
              <code id="248">unzip.c:96:14: warning: 'help_extended' used but never defined</code><br />
						
            
            <a class="navhash" href="#249">#</a>
						
              <code id="249"> static void  help_extended      OF((__GPRO));</code><br />
						
            
            <a class="navhash" href="#250">#</a>
						
              <code id="250">              ^~~~~~~~~~~~~</code><br />
						
            
            <a class="navhash" href="#251">#</a>
						
              <code id="251">unzip.c:97:14: warning: 'show_version_info' used but never defined</code><br />
						
            
            <a class="navhash" href="#252">#</a>
						
              <code id="252"> static void  show_version_info  OF((__GPRO));</code><br />
						
            
            <a class="navhash" href="#253">#</a>
						
              <code id="253">              ^~~~~~~~~~~~~~~~~</code><br />
						
            
            <a class="navhash" href="#254">#</a>
						
              <code id="254">make: *** [unix/Makefile:234: unzip.o] Error 1</code><br />
						
            
            <a class="navhash" href="#255">#</a>
						
              <code id="255">==> ERROR: A failure occurred in build().</code><br />
						
            
            <a class="navhash" href="#256">#</a>
						
              <code id="256">    Aborting...</code><br />
						
            
          </div>
        
      </div>
      <br />
    
      <div class="block">
        <div class="info">
          <code>Printing config.logs</code>
        </div>
        
      </div>
      <br />
    
  </body>
</html>