        <html><head></head><body>
        <h1>Report for vc on toolchain
            <a href="index.html">android</a>
        </h1>
        <p>Return code: 5</p>
        <p>Time to run: 00:01:05</p>
        <p>Log output:</p>
        <code><pre><docker run --rm -v /tuscan_data --volumes-from tuscan_data -v /sources --volumes-from sources -v /var/cache/pacman/pkg --volumes-from pkg_cache_android -v logs:/logs make_package_container --sources-directory /sources --shared-directory /tuscan_data vc
:: Synchronizing package databases...
downloading repo.db...
downloading core.db...
downloading extra.db...
downloading community.db...
Found 2345 packages in cache
===> sudo -u tuscan makepkg --nobuild --syncdeps --skipinteg --skippgpcheck --skipchecksums --noconfirm --nocolor --log --noprogressbar --nocheck
==> Making package: vc 0.7.4-1 (Sat Nov 14 00:20:45 UTC 2015)
==> Checking runtime dependencies...
==> Checking buildtime dependencies...
==> Installing missing dependencies...
resolving dependencies...
looking for conflicting packages...

Packages (4) jsoncpp-1.6.5-1  libxml2-2.9.2-2  shared-mime-info-1.5-1  cmake-3.3.2-3

Total Installed Size:  39.83 MiB

:: Proceed with installation? [Y/n] 
checking keyring...
checking package integrity...
loading package files...
checking for file conflicts...
checking available disk space...
installing libxml2...
Optional dependencies for libxml2
    python2: python bindings to libxml
installing shared-mime-info...
installing jsoncpp...
installing cmake...
Optional dependencies for cmake
    qt5-base: cmake-gui
    libxkbcommon-x11: cmake-gui
==> Retrieving sources...
  -> Downloading Vc-0.7.4.tar.gz...
==> WARNING: Skipping all source file integrity checks.
==> Extracting sources...
  -> Extracting Vc-0.7.4.tar.gz with bsdtar
==> Starting prepare()...
==> Sources are ready.
Copied source directory to /sources/vc
===> sudo -u tuscan PATH=/tmp/toolchain/bin:/usr/local/sbin:/usr/local/bin:/usr/sbin:/usr/bin:/sbin:/bin CC=arm-linux-androideabi-gcc CXX=arm-linux-androideabi-g++ SYSROOT=/build/android-ndk-r10e/platforms/android-21/arch-arm makepkg --noextract --syncdeps --skipinteg --skippgpcheck --skipchecksums --noconfirm --nocolor --log --noprogressbar --nocheck
==> Making package: vc 0.7.4-1 (Sat Nov 14 00:20:58 UTC 2015)
==> Checking runtime dependencies...
==> Checking buildtime dependencies...
==> WARNING: Using existing $srcdir/ tree
==> Starting build()...
-- The C compiler identification is GNU 4.8.0
-- The CXX compiler identification is GNU 4.8.0
-- Check for working C compiler: /tmp/toolchain/bin/arm-linux-androideabi-gcc
-- Check for working C compiler: /tmp/toolchain/bin/arm-linux-androideabi-gcc -- works
-- Detecting C compiler ABI info
-- Detecting C compiler ABI info - done
-- Detecting C compile features
-- Detecting C compile features - done
-- Check for working CXX compiler: /tmp/toolchain/bin/arm-linux-androideabi-g++
-- Check for working CXX compiler: /tmp/toolchain/bin/arm-linux-androideabi-g++ -- works
-- Detecting CXX compiler ABI info
-- Detecting CXX compiler ABI info - done
-- Detecting CXX compile features
-- Detecting CXX compile features - done
-- Detected Compiler: GCC 4.8
-- GCC Version from --version: 
-- Performing Test check_c_compiler_flag__Wundef
-- Performing Test check_c_compiler_flag__Wundef - Success
-- Performing Test check_cxx_compiler_flag__Wundef
-- Performing Test check_cxx_compiler_flag__Wundef - Success
-- Performing Test check_c_compiler_flag__Wold_style_cast
-- Performing Test check_c_compiler_flag__Wold_style_cast - Failed
-- Performing Test check_cxx_compiler_flag__Wold_style_cast
-- Performing Test check_cxx_compiler_flag__Wold_style_cast - Success
-- Performing Test check_c_compiler_flag__Wno_variadic_macros
-- Performing Test check_c_compiler_flag__Wno_variadic_macros - Success
-- Performing Test check_cxx_compiler_flag__Wno_variadic_macros
-- Performing Test check_cxx_compiler_flag__Wno_variadic_macros - Success
-- Performing Test check_cxx_compiler_flag__Wabi
-- Performing Test check_cxx_compiler_flag__Wabi - Success
-- Performing Test check_cxx_compiler_flag__fabi_version_0
-- Performing Test check_cxx_compiler_flag__fabi_version_0 - Success
CMake Warning at cmake/UserWarning.cmake:4 (message):
  Your GCC is ancient and crashes on some important optimizations.  The full
  set of SSE2 intrinsics is not supported.  Vc will fall back to the scalar
  implementation.  Use of the may_alias and always_inline attributes will be
  disabled.  In turn all code using Vc must be compiled with
  -fno-strict-aliasing
Call Stack (most recent call first):
  cmake/VcMacros.cmake:261 (UserWarning)
  CMakeLists.txt:105 (vc_set_preferred_compiler_flags)


-- Performing Test check_cxx_compiler_flag__fno_strict_aliasing
-- Performing Test check_cxx_compiler_flag__fno_strict_aliasing - Success
CMake Warning at cmake/UserWarning.cmake:4 (message):
  GCC 4.4.x shows false positives for -Wparentheses, thus we rather disable
  the warning.
Call Stack (most recent call first):
  cmake/VcMacros.cmake:275 (UserWarning)
  CMakeLists.txt:105 (vc_set_preferred_compiler_flags)


CMake Warning at cmake/UserWarning.cmake:4 (message):
  GCC 4.4.x shows false positives for -Wstrict-aliasing, thus we rather
  disable the warning.  Use a newer GCC for better warnings.
Call Stack (most recent call first):
  cmake/VcMacros.cmake:280 (UserWarning)
  CMakeLists.txt:105 (vc_set_preferred_compiler_flags)


-- Performing Test check_c_compiler_flag__Wno_strict_aliasing
-- Performing Test check_c_compiler_flag__Wno_strict_aliasing - Success
-- Performing Test check_cxx_compiler_flag__Wno_strict_aliasing
-- Performing Test check_cxx_compiler_flag__Wno_strict_aliasing - Success
CMake Warning at cmake/UserWarning.cmake:4 (message):
  GCC 4.4.x shows false positives for -Wuninitialized, thus we rather disable
  the warning.  Use a newer GCC for better warnings.
Call Stack (most recent call first):
  cmake/VcMacros.cmake:283 (UserWarning)
  CMakeLists.txt:105 (vc_set_preferred_compiler_flags)


-- Performing Test check_c_compiler_flag__Wno_uninitialized
-- Performing Test check_c_compiler_flag__Wno_uninitialized - Success
-- Performing Test check_cxx_compiler_flag__Wno_uninitialized
-- Performing Test check_cxx_compiler_flag__Wno_uninitialized - Success
-- Performing Test Vc_VOID_PTR_IS_64BIT
-- Performing Test Vc_VOID_PTR_IS_64BIT - Failed
-- Performing Test check_cxx_compiler_flag__ffp_contract_fast
-- Performing Test check_cxx_compiler_flag__ffp_contract_fast - Success
-- target changed from "" to "auto"
CMake Warning at cmake/OptimizeForArchitecture.cmake:110 (message):
  Your CPU (family 6, model 63) is not known.  Auto-detection of optimization
  flags failed and will use the 65nm Core 2 CPU settings.
Call Stack (most recent call first):
  cmake/OptimizeForArchitecture.cmake:159 (AutodetectHostArchitecture)
  cmake/VcMacros.cmake:382 (OptimizeForArchitecture)
  CMakeLists.txt:105 (vc_set_preferred_compiler_flags)


-- Detected CPU: merom
CMake Warning at cmake/UserWarning.cmake:4 (message):
  AVX disabled per default because of old/broken compiler
Call Stack (most recent call first):
  cmake/OptimizeForArchitecture.cmake:269 (UserWarning)
  cmake/VcMacros.cmake:382 (OptimizeForArchitecture)
  CMakeLists.txt:105 (vc_set_preferred_compiler_flags)


-- Performing Test check_cxx_compiler_flag__march_merom
-- Performing Test check_cxx_compiler_flag__march_merom - Failed
-- Performing Test check_cxx_compiler_flag__march_core2
-- Performing Test check_cxx_compiler_flag__march_core2 - Failed
-- Performing Test check_cxx_compiler_flag__msse2
-- Performing Test check_cxx_compiler_flag__msse2 - Failed
-- Performing Test check_cxx_compiler_flag__msse3
-- Performing Test check_cxx_compiler_flag__msse3 - Failed
-- Performing Test check_cxx_compiler_flag__mssse3
-- Performing Test check_cxx_compiler_flag__mssse3 - Failed
-- Performing Test check_cxx_compiler_flag__mno_sse4_1
-- Performing Test check_cxx_compiler_flag__mno_sse4_1 - Failed
-- Performing Test check_cxx_compiler_flag__mno_sse4_2
-- Performing Test check_cxx_compiler_flag__mno_sse4_2 - Failed
-- Performing Test check_cxx_compiler_flag__mno_sse4a
-- Performing Test check_cxx_compiler_flag__mno_sse4a - Failed
-- Performing Test check_cxx_compiler_flag__mno_avx
-- Performing Test check_cxx_compiler_flag__mno_avx - Failed
-- Performing Test check_cxx_compiler_flag__mno_xop
-- Performing Test check_cxx_compiler_flag__mno_xop - Failed
-- Performing Test check_cxx_compiler_flag__mno_fma4
-- Performing Test check_cxx_compiler_flag__mno_fma4 - Failed
-- Performing Test check_cxx_compiler_flag__fPIC
-- Performing Test check_cxx_compiler_flag__fPIC - Success
-- Performing Test check_cxx_compiler_flag__std_c__11
-- Performing Test check_cxx_compiler_flag__std_c__11 - Success
-- Configuring done
-- Generating done
-- Build files have been written to: /tmp/vc/src/build
Scanning dependencies of target download-testdata
Scanning dependencies of target Vc
[ 10%] Downloading Test Data: reference-sincos-sp.dat
[ 10%] Building CXX object CMakeFiles/Vc.dir/src/const.cpp.o
[ 20%] Building CXX object CMakeFiles/Vc.dir/src/cpuid.cpp.o
/tmp/vc/src/Vc-0.7.4/src/cpuid.cpp: In static member function 'static void Vc::CpuId::init()':
/tmp/vc/src/Vc-0.7.4/src/cpuid.cpp:129:13: error: impossible constraint in 'asm'
     CPUID(0);
             ^
/tmp/vc/src/Vc-0.7.4/src/cpuid.cpp:132:13: error: impossible constraint in 'asm'
     CPUID(1);
             ^
/tmp/vc/src/Vc-0.7.4/src/cpuid.cpp:189:17: error: impossible constraint in 'asm'
         CPUID(2);
                 ^
/tmp/vc/src/Vc-0.7.4/src/cpuid.cpp:225:26: error: impossible constraint in 'asm'
             CPUID_C(4, i);
                          ^
/tmp/vc/src/Vc-0.7.4/src/cpuid.cpp:161:22: error: impossible constraint in 'asm'
     CPUID(0x80000001);
                      ^
/tmp/vc/src/Vc-0.7.4/src/cpuid.cpp:161:22: error: impossible constraint in 'asm'
/tmp/vc/src/Vc-0.7.4/src/cpuid.cpp:168:26: error: impossible constraint in 'asm'
         CPUID(0x80000005);
                          ^
/tmp/vc/src/Vc-0.7.4/src/cpuid.cpp:175:26: error: impossible constraint in 'asm'
         CPUID(0x80000006);
                          ^
CMakeFiles/Vc.dir/build.make:86: recipe for target 'CMakeFiles/Vc.dir/src/cpuid.cpp.o' failed
make[2]: *** [CMakeFiles/Vc.dir/src/cpuid.cpp.o] Error 1
CMakeFiles/Makefile2:1106: recipe for target 'CMakeFiles/Vc.dir/all' failed
make[1]: *** [CMakeFiles/Vc.dir/all] Error 2
make[1]: *** Waiting for unfinished jobs....
[ 30%] Downloading Test Data: reference-sincos-dp.dat
[ 30%] Downloading Test Data: reference-asin-sp.dat
[ 40%] Downloading Test Data: reference-asin-dp.dat
[ 40%] Downloading Test Data: reference-acos-sp.dat
[ 50%] Downloading Test Data: reference-acos-dp.dat
[ 50%] Downloading Test Data: reference-atan-sp.dat
[ 60%] Downloading Test Data: reference-atan-dp.dat
[ 60%] Downloading Test Data: reference-ln-sp.dat
[ 70%] Downloading Test Data: reference-ln-dp.dat
[ 80%] Downloading Test Data: reference-log2-sp.dat
[ 80%] Downloading Test Data: reference-log2-dp.dat
[ 90%] Downloading Test Data: reference-log10-sp.dat
[ 90%] Downloading Test Data: reference-log10-dp.dat
[ 90%] Built target download-testdata
Makefile:138: recipe for target 'all' failed
make: *** [all] Error 2
==> ERROR: A failure occurred in build().
    Aborting...
===> Printing config.logs
===> Finished printing config.logs></pre></code>
        </body></html>
