        <html><head></head><body>
        <h1>Report for znc on toolchain
            <a href="index.html">android</a>
        </h1>
        <p>Return code: 5</p>
        <p>Time to run: 00:00:30</p>
        <p>Log output:</p>
        <code><pre><docker run --rm -v /tuscan_data --volumes-from tuscan_data -v /sources --volumes-from sources -v /var/cache/pacman/pkg --volumes-from pkg_cache_android -v logs:/logs make_package_container --sources-directory /sources --shared-directory /tuscan_data znc
:: Synchronizing package databases...
downloading repo.db...
downloading core.db...
downloading extra.db...
downloading community.db...
Found 2251 packages in cache
===> sudo -u tuscan makepkg --nobuild --syncdeps --skipinteg --skippgpcheck --skipchecksums --noconfirm --nocolor --log --noprogressbar --nocheck
==> Making package: znc 1.6.1-2 (Sat Nov 14 00:14:35 UTC 2015)
==> Checking runtime dependencies...
==> Installing missing dependencies...
resolving dependencies...
looking for conflicting packages...

Packages (1) icu-56.1-1

Total Installed Size:  33.28 MiB

:: Proceed with installation? [Y/n] 
checking keyring...
checking package integrity...
loading package files...
checking for file conflicts...
checking available disk space...
installing icu...
==> Checking buildtime dependencies...
==> Installing missing dependencies...
resolving dependencies...
looking for conflicting packages...

Packages (1) tcl-8.6.4-1

Total Installed Size:  6.54 MiB

:: Proceed with installation? [Y/n] 
checking keyring...
checking package integrity...
loading package files...
checking for file conflicts...
checking available disk space...
installing tcl...
==> Retrieving sources...
  -> Downloading znc-1.6.1.tar.gz...
  -> Found znc.sysusers
==> WARNING: Skipping all source file integrity checks.
==> Extracting sources...
  -> Extracting znc-1.6.1.tar.gz with bsdtar
==> Sources are ready.
Copied source directory to /sources/znc
===> sudo -u tuscan PATH=/tmp/toolchain/bin:/usr/local/sbin:/usr/local/bin:/usr/sbin:/usr/bin:/sbin:/bin CC=arm-linux-androideabi-gcc CXX=arm-linux-androideabi-g++ SYSROOT=/build/android-ndk-r10e/platforms/android-21/arch-arm makepkg --noextract --syncdeps --skipinteg --skippgpcheck --skipchecksums --noconfirm --nocolor --log --noprogressbar --nocheck
==> Making package: znc 1.6.1-2 (Sat Nov 14 00:14:43 UTC 2015)
==> Checking runtime dependencies...
==> Checking buildtime dependencies...
==> WARNING: Using existing $srcdir/ tree
==> Starting build()...
checking whether the C++ compiler works... yes
checking for C++ compiler default output file name... a.out
checking for suffix of executables... 
checking whether we are cross compiling... yes
checking for suffix of object files... o
checking whether we are using the GNU C++ compiler... yes
checking whether arm-linux-androideabi-g++ accepts -g... yes
checking whether arm-linux-androideabi-g++ supports C++11 features by default... no
checking whether arm-linux-androideabi-g++ supports C++11 features with -std=c++11... yes
checking for a BSD-compatible install... /usr/bin/install -c
checking for grep that handles long lines and -e... /usr/sbin/grep
checking for a sed that does not truncate output... /usr/sbin/sed
checking build system type... x86_64-unknown-linux-gnu
checking host system type... x86_64-unknown-linux-gnu
checking for special C compiler options needed for large files... no
checking for _FILE_OFFSET_BITS value needed for large files... unknown
checking for _LARGE_FILES value needed for large files... unknown
checking whether the -Werror option is usable... yes
checking for simple visibility declarations... yes
checking for git... no
checking for x86_64-unknown-linux-pkg-config... no
checking for pkg-config... /usr/sbin/pkg-config
configure: WARNING: using cross tools not prefixed with host triplet
checking pkg-config is at least version 0.9.0... yes
checking whether compiler predefines _FORTIFY_SOURCE... no
checking for getopt_long in -lgnugetopt... no
checking for lstat... yes
checking for getopt_long... yes
checking for getpassphrase... no
checking for library containing dlopen... none required
checking for the pthreads library -lpthreads... no
checking whether pthreads work without any flags... yes
checking for joinable pthread attribute... PTHREAD_CREATE_JOINABLE
checking if more special flags are required for pthreads... no
checking for PTHREAD_PRIO_INHERIT... no
checking whether getaddrinfo() supports AI_ADDRCONFIG... yes
checking for openssl... yes
checking whether openssl is usable... no
configure: WARNING: OpenSSL was not found and thus disabled
checking whether zlib is usable... no
configure: WARNING: zlib was not found and thus disabled
checking for icu... yes
checking for SWIG >= 3.0.0... 
configure: modperl/modpython files are found, disabling SWIG
configure: modperl/modpython files are found, no SWIG needed
checking for perl... /usr/sbin/perl
checking for perl_alloc in -lperl... no
configure: error: perl not found. Try --disable-perl.
==> ERROR: A failure occurred in build().
    Aborting...
===> Printing config.logs
found log at /tmp/znc/src/znc-1.6.1/config.log
____
File /tmp/znc/src/znc-1.6.1/config.log
This file contains any messages produced by compilers while
running configure, to aid debugging if configure makes a mistake.

It was created by znc configure 1.6.1, which was
generated by GNU Autoconf 2.69.  Invocation command line was

  $ ./configure --host x86_64-unknown-linux --prefix=/usr --enable-cyrus --enable-python --enable-perl --enable-tcl --with-systemdsystemunitdir=/usr/lib/systemd/system

## --------- ##
## Platform. ##
## --------- ##

hostname = a0b51c77dff4
uname -m = x86_64
uname -r = 3.13.0-66-generic
uname -s = Linux
uname -v = #108-Ubuntu SMP Wed Oct 7 15:20:27 UTC 2015

/usr/bin/uname -p = unknown
/bin/uname -X     = unknown

/bin/arch              = unknown
/usr/bin/arch -k       = unknown
/usr/convex/getsysinfo = unknown
/usr/bin/hostinfo      = unknown
/bin/machine           = unknown
/usr/bin/oslevel       = unknown
/bin/universe          = unknown

PATH: /tmp/toolchain/bin
PATH: /usr/local/sbin
PATH: /usr/local/bin
PATH: /usr/sbin
PATH: /usr/bin
PATH: /sbin
PATH: /bin


## ----------- ##
## Core tests. ##
## ----------- ##

configure:2112: checking for C++ compiler version
configure:2121: arm-linux-androideabi-g++ --version >&5
arm-linux-androideabi-g++ (GCC) 4.8
Copyright (C) 2013 Free Software Foundation, Inc.
This is free software; see the source for copying conditions.  There is NO
warranty; not even for MERCHANTABILITY or FITNESS FOR A PARTICULAR PURPOSE.

configure:2132: $? = 0
configure:2121: arm-linux-androideabi-g++ -v >&5
Using built-in specs.
COLLECT_GCC=arm-linux-androideabi-g++
COLLECT_LTO_WRAPPER=/tmp/toolchain/bin/../libexec/gcc/arm-linux-androideabi/4.8/lto-wrapper
Target: arm-linux-androideabi
Configured with: /s/ndk-toolchain/src/build/../gcc/gcc-4.8/configure --prefix=/tmp/ndk-andrewhsieh/build/toolchain/prefix --target=arm-linux-androideabi --host=x86_64-linux-gnu --build=x86_64-linux-gnu --with-gnu-as --with-gnu-ld --enable-languages=c,c++ --with-gmp=/tmp/ndk-andrewhsieh/build/toolchain/temp-install --with-mpfr=/tmp/ndk-andrewhsieh/build/toolchain/temp-install --with-mpc=/tmp/ndk-andrewhsieh/build/toolchain/temp-install --with-cloog=/tmp/ndk-andrewhsieh/build/toolchain/temp-install --with-isl=/tmp/ndk-andrewhsieh/build/toolchain/temp-install --with-ppl=/tmp/ndk-andrewhsieh/build/toolchain/temp-install --disable-ppl-version-check --disable-cloog-version-check --disable-isl-version-check --enable-cloog-backend=isl --with-host-libstdcxx='-static-libgcc -Wl,-Bstatic,-lstdc++,-Bdynamic -lm' --disable-libssp --enable-threads --disable-nls --disable-libmudflap --disable-libgomp --disable-libstdc__-v3 --disable-sjlj-exceptions --disable-shared --disable-tls --disable-libitm --with-float=soft --with-fpu=vfp --with-arch=armv5te --enable-target-optspace --enable-initfini-array --disable-nls --prefix=/tmp/ndk-andrewhsieh/build/toolchain/prefix --with-sysroot=/tmp/ndk-andrewhsieh/build/toolchain/prefix/sysroot --with-binutils-version=2.25 --with-mpfr-version=3.1.1 --with-mpc-version=1.0.1 --with-gmp-version=5.0.5 --with-gcc-version=4.8 --with-gdb-version=7.7 --with-python=/usr/local/google/home/andrewhsieh/mydroid/ndk/prebuilt/linux-x86_64/bin/python-config.sh --with-gxx-include-dir=/tmp/ndk-andrewhsieh/build/toolchain/prefix/include/c++/4.8 --with-bugurl=http://source.android.com/source/report-bugs.html --enable-languages=c,c++ --disable-bootstrap --enable-plugins --enable-libgomp --enable-gnu-indirect-function --disable-libsanitizer --enable-gold --enable-threads --enable-graphite=yes --with-cloog-version=0.18.0 --with-isl-version=0.11.1 --enable-eh-frame-hdr-for-static --with-arch=armv5te --program-transform-name='s&^&arm-linux-androideabi-&' --enable-gold=default
Thread model: posix
gcc version 4.8 (GCC) 
configure:2132: $? = 0
configure:2121: arm-linux-androideabi-g++ -V >&5
arm-linux-androideabi-g++: error: unrecognized command line option '-V'
arm-linux-androideabi-g++: fatal error: no input files
compilation terminated.
configure:2132: $? = 1
configure:2121: arm-linux-androideabi-g++ -qversion >&5
arm-linux-androideabi-g++: error: unrecognized command line option '-qversion'
arm-linux-androideabi-g++: fatal error: no input files
compilation terminated.
configure:2132: $? = 1
configure:2152: checking whether the C++ compiler works
configure:2174: arm-linux-androideabi-g++     conftest.cpp  >&5
configure:2178: $? = 0
configure:2226: result: yes
configure:2229: checking for C++ compiler default output file name
configure:2231: result: a.out
configure:2237: checking for suffix of executables
configure:2244: arm-linux-androideabi-g++ -o conftest     conftest.cpp  >&5
configure:2248: $? = 0
configure:2270: result: 
configure:2292: checking whether we are cross compiling
configure:2300: arm-linux-androideabi-g++ -o conftest     conftest.cpp  >&5
configure:2304: $? = 0
configure:2311: ./conftest
./configure: line 2313: ./conftest: cannot execute binary file: Exec format error
configure:2315: $? = 126
configure:2330: result: yes
configure:2335: checking for suffix of object files
configure:2357: arm-linux-androideabi-g++ -c    conftest.cpp >&5
configure:2361: $? = 0
configure:2382: result: o
configure:2386: checking whether we are using the GNU C++ compiler
configure:2405: arm-linux-androideabi-g++ -c    conftest.cpp >&5
configure:2405: $? = 0
configure:2414: result: yes
configure:2423: checking whether arm-linux-androideabi-g++ accepts -g
configure:2443: arm-linux-androideabi-g++ -c -g  conftest.cpp >&5
configure:2443: $? = 0
configure:2484: result: yes
configure:2516: checking whether arm-linux-androideabi-g++ supports C++11 features by default
configure:2571: arm-linux-androideabi-g++ -c    conftest.cpp >&5
conftest.cpp:13:21: error: expected identifier before 'sizeof'
       static_assert(sizeof(int) <= sizeof(T), "not big enough");
                     ^
conftest.cpp:13:21: error: expected ',' or '...' before 'sizeof'
conftest.cpp:13:63: error: ISO C++ forbids declaration of 'static_assert' with no type [-fpermissive]
       static_assert(sizeof(int) <= sizeof(T), "not big enough");
                                                               ^
conftest.cpp:20:20: warning: override controls (override/final) only available with -std=c++11 or -std=gnu++11 [enabled by default]
     virtual void f() override {}
                    ^
conftest.cpp:23:29: error: '>>' should be '> >' within a nested template argument list
     typedef check<check<bool>> right_angle_brackets;
                             ^
conftest.cpp:26:13: error: expected constructor, destructor, or type conversion before '(' token
     decltype(a) b;
             ^
conftest.cpp:30:15: error: expected unqualified-id before '&&' token
     check_type&& cr = static_cast<check_type&&>(c);
               ^
conftest.cpp:32:10: error: 'd' does not name a type
     auto d = a;
          ^
conftest.cpp:33:10: error: 'l' does not name a type
     auto l = [](){};
          ^
conftest.cpp:41:9: error: expected unqualified-id before 'using'
         using member = typename T::member_type;
         ^
conftest.cpp:47:19: error: variable or field 'func' declared void
         void func(member<T>*) {}
                   ^
conftest.cpp:47:19: error: 'member' was not declared in this scope
conftest.cpp:47:27: error: expected primary-expression before '>' token
         void func(member<T>*) {}
                           ^
conftest.cpp:47:29: error: expected primary-expression before ')' token
         void func(member<T>*) {}
                             ^
configure:2571: $? = 1
configure: failed program was:
| /* confdefs.h */
| #define PACKAGE_NAME "znc"
| #define PACKAGE_TARNAME "znc"
| #define PACKAGE_VERSION "1.6.1"
| #define PACKAGE_STRING "znc 1.6.1"
| #define PACKAGE_BUGREPORT ""
| #define PACKAGE_URL ""
| /* end confdefs.h.  */
| 
|   template <typename T>
|     struct check
|     {
|       static_assert(sizeof(int) <= sizeof(T), "not big enough");
|     };
| 
|     struct Base {
|     virtual void f() {}
|     };
|     struct Child : public Base {
|     virtual void f() override {}
|     };
| 
|     typedef check<check<bool>> right_angle_brackets;
| 
|     int a;
|     decltype(a) b;
| 
|     typedef check<int> check_type;
|     check_type c;
|     check_type&& cr = static_cast<check_type&&>(c);
| 
|     auto d = a;
|     auto l = [](){};
| 
|     // http://stackoverflow.com/questions/13728184/template-aliases-and-sfinae
|     // Clang 3.1 fails with headers of libstd++ 4.8.3 when using std::function because of this
|     namespace test_template_alias_sfinae {
|         struct foo {};
| 
|         template<typename T>
|         using member = typename T::member_type;
| 
|         template<typename T>
|         void func(...) {}
| 
|         template<typename T>
|         void func(member<T>*) {}
| 
|         void test();
| 
|         void test() {
|             func<foo>(0);
|         }
|     }
| 
configure:2578: result: no
configure:2589: checking whether arm-linux-androideabi-g++ supports C++11 features with -std=c++11
configure:2646: arm-linux-androideabi-g++ -c   -std=c++11  conftest.cpp >&5
configure:2646: $? = 0
configure:2655: result: yes
configure:2736: checking for a BSD-compatible install
configure:2804: result: /usr/bin/install -c
configure:2815: checking for grep that handles long lines and -e
configure:2873: result: /usr/sbin/grep
configure:2878: checking for a sed that does not truncate output
configure:2942: result: /usr/sbin/sed
configure:2951: checking build system type
configure:2965: result: x86_64-unknown-linux-gnu
configure:2985: checking host system type
configure:2998: result: x86_64-unknown-linux-gnu
configure:3025: checking for special C compiler options needed for large files
configure:3055: arm-linux-androideabi-g++ -c   -std=c++11  conftest.cpp >&5
conftest.cpp:15:36: warning: left shift count >= width of type [enabled by default]
 #define LARGE_OFF_T (((off_t) 1 << 62) - 1 + ((off_t) 1 << 62))
                                    ^
conftest.cpp:16:23: note: in expansion of macro 'LARGE_OFF_T'
   int off_t_is_large[(LARGE_OFF_T % 2147483629 == 721
                       ^
conftest.cpp:15:60: warning: left shift count >= width of type [enabled by default]
 #define LARGE_OFF_T (((off_t) 1 << 62) - 1 + ((off_t) 1 << 62))
                                                            ^
conftest.cpp:16:23: note: in expansion of macro 'LARGE_OFF_T'
   int off_t_is_large[(LARGE_OFF_T % 2147483629 == 721
                       ^
conftest.cpp:18:17: error: size of array 'off_t_is_large' is negative
         ? 1 : -1];
                 ^
configure:3055: $? = 1
configure: failed program was:
| /* confdefs.h */
| #define PACKAGE_NAME "znc"
| #define PACKAGE_TARNAME "znc"
| #define PACKAGE_VERSION "1.6.1"
| #define PACKAGE_STRING "znc 1.6.1"
| #define PACKAGE_BUGREPORT ""
| #define PACKAGE_URL ""
| #define HAVE_CXX11 1
| /* end confdefs.h.  */
| #include <sys/types.h>
|  /* Check that off_t can represent 2**63 - 1 correctly.
|     We can't simply define LARGE_OFF_T to be 9223372036854775807,
|     since some C++ compilers masquerading as C compilers
|     incorrectly reject 9223372036854775807.  */
| #define LARGE_OFF_T (((off_t) 1 << 62) - 1 + ((off_t) 1 << 62))
|   int off_t_is_large[(LARGE_OFF_T % 2147483629 == 721
| 		       && LARGE_OFF_T % 2147483647 == 1)
| 		      ? 1 : -1];
| int
| main ()
| {
| 
|   ;
|   return 0;
| }
configure:3060: arm-linux-androideabi-g++ -c   -std=c++11  conftest.cpp >&5
conftest.cpp:15:36: warning: left shift count >= width of type [enabled by default]
 #define LARGE_OFF_T (((off_t) 1 << 62) - 1 + ((off_t) 1 << 62))
                                    ^
conftest.cpp:16:23: note: in expansion of macro 'LARGE_OFF_T'
   int off_t_is_large[(LARGE_OFF_T % 2147483629 == 721
                       ^
conftest.cpp:15:60: warning: left shift count >= width of type [enabled by default]
 #define LARGE_OFF_T (((off_t) 1 << 62) - 1 + ((off_t) 1 << 62))
                                                            ^
conftest.cpp:16:23: note: in expansion of macro 'LARGE_OFF_T'
   int off_t_is_large[(LARGE_OFF_T % 2147483629 == 721
                       ^
conftest.cpp:18:17: error: size of array 'off_t_is_large' is negative
         ? 1 : -1];
                 ^
configure:3060: $? = 1
configure: failed program was:
| /* confdefs.h */
| #define PACKAGE_NAME "znc"
| #define PACKAGE_TARNAME "znc"
| #define PACKAGE_VERSION "1.6.1"
| #define PACKAGE_STRING "znc 1.6.1"
| #define PACKAGE_BUGREPORT ""
| #define PACKAGE_URL ""
| #define HAVE_CXX11 1
| /* end confdefs.h.  */
| #include <sys/types.h>
|  /* Check that off_t can represent 2**63 - 1 correctly.
|     We can't simply define LARGE_OFF_T to be 9223372036854775807,
|     since some C++ compilers masquerading as C compilers
|     incorrectly reject 9223372036854775807.  */
| #define LARGE_OFF_T (((off_t) 1 << 62) - 1 + ((off_t) 1 << 62))
|   int off_t_is_large[(LARGE_OFF_T % 2147483629 == 721
| 		       && LARGE_OFF_T % 2147483647 == 1)
| 		      ? 1 : -1];
| int
| main ()
| {
| 
|   ;
|   return 0;
| }
configure:3070: result: no
configure:3076: checking for _FILE_OFFSET_BITS value needed for large files
configure:3101: arm-linux-androideabi-g++ -c   -std=c++11  conftest.cpp >&5
conftest.cpp:15:36: warning: left shift count >= width of type [enabled by default]
 #define LARGE_OFF_T (((off_t) 1 << 62) - 1 + ((off_t) 1 << 62))
                                    ^
conftest.cpp:16:23: note: in expansion of macro 'LARGE_OFF_T'
   int off_t_is_large[(LARGE_OFF_T % 2147483629 == 721
                       ^
conftest.cpp:15:60: warning: left shift count >= width of type [enabled by default]
 #define LARGE_OFF_T (((off_t) 1 << 62) - 1 + ((off_t) 1 << 62))
                                                            ^
conftest.cpp:16:23: note: in expansion of macro 'LARGE_OFF_T'
   int off_t_is_large[(LARGE_OFF_T % 2147483629 == 721
                       ^
conftest.cpp:18:17: error: size of array 'off_t_is_large' is negative
         ? 1 : -1];
                 ^
configure:3101: $? = 1
configure: failed program was:
| /* confdefs.h */
| #define PACKAGE_NAME "znc"
| #define PACKAGE_TARNAME "znc"
| #define PACKAGE_VERSION "1.6.1"
| #define PACKAGE_STRING "znc 1.6.1"
| #define PACKAGE_BUGREPORT ""
| #define PACKAGE_URL ""
| #define HAVE_CXX11 1
| /* end confdefs.h.  */
| #include <sys/types.h>
|  /* Check that off_t can represent 2**63 - 1 correctly.
|     We can't simply define LARGE_OFF_T to be 9223372036854775807,
|     since some C++ compilers masquerading as C compilers
|     incorrectly reject 9223372036854775807.  */
| #define LARGE_OFF_T (((off_t) 1 << 62) - 1 + ((off_t) 1 << 62))
|   int off_t_is_large[(LARGE_OFF_T % 2147483629 == 721
| 		       && LARGE_OFF_T % 2147483647 == 1)
| 		      ? 1 : -1];
| int
| main ()
| {
| 
|   ;
|   return 0;
| }
configure:3125: arm-linux-androideabi-g++ -c   -std=c++11  conftest.cpp >&5
conftest.cpp:16:36: warning: left shift count >= width of type [enabled by default]
 #define LARGE_OFF_T (((off_t) 1 << 62) - 1 + ((off_t) 1 << 62))
                                    ^
conftest.cpp:17:23: note: in expansion of macro 'LARGE_OFF_T'
   int off_t_is_large[(LARGE_OFF_T % 2147483629 == 721
                       ^
conftest.cpp:16:60: warning: left shift count >= width of type [enabled by default]
 #define LARGE_OFF_T (((off_t) 1 << 62) - 1 + ((off_t) 1 << 62))
                                                            ^
conftest.cpp:17:23: note: in expansion of macro 'LARGE_OFF_T'
   int off_t_is_large[(LARGE_OFF_T % 2147483629 == 721
                       ^
conftest.cpp:19:17: error: size of array 'off_t_is_large' is negative
         ? 1 : -1];
                 ^
configure:3125: $? = 1
configure: failed program was:
| /* confdefs.h */
| #define PACKAGE_NAME "znc"
| #define PACKAGE_TARNAME "znc"
| #define PACKAGE_VERSION "1.6.1"
| #define PACKAGE_STRING "znc 1.6.1"
| #define PACKAGE_BUGREPORT ""
| #define PACKAGE_URL ""
| #define HAVE_CXX11 1
| /* end confdefs.h.  */
| #define _FILE_OFFSET_BITS 64
| #include <sys/types.h>
|  /* Check that off_t can represent 2**63 - 1 correctly.
|     We can't simply define LARGE_OFF_T to be 9223372036854775807,
|     since some C++ compilers masquerading as C compilers
|     incorrectly reject 9223372036854775807.  */
| #define LARGE_OFF_T (((off_t) 1 << 62) - 1 + ((off_t) 1 << 62))
|   int off_t_is_large[(LARGE_OFF_T % 2147483629 == 721
| 		       && LARGE_OFF_T % 2147483647 == 1)
| 		      ? 1 : -1];
| int
| main ()
| {
| 
|   ;
|   return 0;
| }
configure:3133: result: unknown
configure:3145: checking for _LARGE_FILES value needed for large files
configure:3170: arm-linux-androideabi-g++ -c   -std=c++11  conftest.cpp >&5
conftest.cpp:15:36: warning: left shift count >= width of type [enabled by default]
 #define LARGE_OFF_T (((off_t) 1 << 62) - 1 + ((off_t) 1 << 62))
                                    ^
conftest.cpp:16:23: note: in expansion of macro 'LARGE_OFF_T'
   int off_t_is_large[(LARGE_OFF_T % 2147483629 == 721
                       ^
conftest.cpp:15:60: warning: left shift count >= width of type [enabled by default]
 #define LARGE_OFF_T (((off_t) 1 << 62) - 1 + ((off_t) 1 << 62))
                                                            ^
conftest.cpp:16:23: note: in expansion of macro 'LARGE_OFF_T'
   int off_t_is_large[(LARGE_OFF_T % 2147483629 == 721
                       ^
conftest.cpp:18:17: error: size of array 'off_t_is_large' is negative
         ? 1 : -1];
                 ^
configure:3170: $? = 1
configure: failed program was:
| /* confdefs.h */
| #define PACKAGE_NAME "znc"
| #define PACKAGE_TARNAME "znc"
| #define PACKAGE_VERSION "1.6.1"
| #define PACKAGE_STRING "znc 1.6.1"
| #define PACKAGE_BUGREPORT ""
| #define PACKAGE_URL ""
| #define HAVE_CXX11 1
| /* end confdefs.h.  */
| #include <sys/types.h>
|  /* Check that off_t can represent 2**63 - 1 correctly.
|     We can't simply define LARGE_OFF_T to be 9223372036854775807,
|     since some C++ compilers masquerading as C compilers
|     incorrectly reject 9223372036854775807.  */
| #define LARGE_OFF_T (((off_t) 1 << 62) - 1 + ((off_t) 1 << 62))
|   int off_t_is_large[(LARGE_OFF_T % 2147483629 == 721
| 		       && LARGE_OFF_T % 2147483647 == 1)
| 		      ? 1 : -1];
| int
| main ()
| {
| 
|   ;
|   return 0;
| }
configure:3194: arm-linux-androideabi-g++ -c   -std=c++11  conftest.cpp >&5
conftest.cpp:16:36: warning: left shift count >= width of type [enabled by default]
 #define LARGE_OFF_T (((off_t) 1 << 62) - 1 + ((off_t) 1 << 62))
                                    ^
conftest.cpp:17:23: note: in expansion of macro 'LARGE_OFF_T'
   int off_t_is_large[(LARGE_OFF_T % 2147483629 == 721
                       ^
conftest.cpp:16:60: warning: left shift count >= width of type [enabled by default]
 #define LARGE_OFF_T (((off_t) 1 << 62) - 1 + ((off_t) 1 << 62))
                                                            ^
conftest.cpp:17:23: note: in expansion of macro 'LARGE_OFF_T'
   int off_t_is_large[(LARGE_OFF_T % 2147483629 == 721
                       ^
conftest.cpp:19:17: error: size of array 'off_t_is_large' is negative
         ? 1 : -1];
                 ^
configure:3194: $? = 1
configure: failed program was:
| /* confdefs.h */
| #define PACKAGE_NAME "znc"
| #define PACKAGE_TARNAME "znc"
| #define PACKAGE_VERSION "1.6.1"
| #define PACKAGE_STRING "znc 1.6.1"
| #define PACKAGE_BUGREPORT ""
| #define PACKAGE_URL ""
| #define HAVE_CXX11 1
| /* end confdefs.h.  */
| #define _LARGE_FILES 1
| #include <sys/types.h>
|  /* Check that off_t can represent 2**63 - 1 correctly.
|     We can't simply define LARGE_OFF_T to be 9223372036854775807,
|     since some C++ compilers masquerading as C compilers
|     incorrectly reject 9223372036854775807.  */
| #define LARGE_OFF_T (((off_t) 1 << 62) - 1 + ((off_t) 1 << 62))
|   int off_t_is_large[(LARGE_OFF_T % 2147483629 == 721
| 		       && LARGE_OFF_T % 2147483647 == 1)
| 		      ? 1 : -1];
| int
| main ()
| {
| 
|   ;
|   return 0;
| }
configure:3202: result: unknown
configure:3229: checking whether the -Werror option is usable
configure:3248: arm-linux-androideabi-g++ -c   -std=c++11 -Werror  conftest.cpp >&5
configure:3248: $? = 0
configure:3257: result: yes
configure:3259: checking for simple visibility declarations
configure:3286: arm-linux-androideabi-g++ -c   -std=c++11 -fvisibility=hidden -Werror  conftest.cpp >&5
configure:3286: $? = 0
configure:3295: result: yes
configure:3318: checking for git
configure:3351: result: no
configure:3421: checking for x86_64-unknown-linux-pkg-config
configure:3454: result: no
configure:3464: checking for pkg-config
configure:3482: found /usr/sbin/pkg-config
configure:3494: result: /usr/sbin/pkg-config
configure:3506: WARNING: using cross tools not prefixed with host triplet
configure:3519: checking pkg-config is at least version 0.9.0
configure:3522: result: yes
configure:3661: checking whether compiler predefines _FORTIFY_SOURCE
configure:3681: arm-linux-androideabi-g++ -c   -std=c++11  conftest.cpp >&5
conftest.cpp:19:4: error: #error "Just checking, nothing fatal here"
   #error "Just checking, nothing fatal here"
    ^
configure:3681: $? = 1
configure: failed program was:
| /* confdefs.h */
| #define PACKAGE_NAME "znc"
| #define PACKAGE_TARNAME "znc"
| #define PACKAGE_VERSION "1.6.1"
| #define PACKAGE_STRING "znc 1.6.1"
| #define PACKAGE_BUGREPORT ""
| #define PACKAGE_URL ""
| #define HAVE_CXX11 1
| #define HAVE_VISIBILITY 1
| /* end confdefs.h.  */
| 
| 
| 
| int
| main ()
| {
| 
| 		#ifndef _FORTIFY_SOURCE
| 		#error "Just checking, nothing fatal here"
| 		#endif
| 
|   ;
|   return 0;
| }
| 
configure:3688: result: no
configure:3752: checking for getopt_long in -lgnugetopt
configure:3777: arm-linux-androideabi-g++ -o conftest   -std=c++11 -D_FORTIFY_SOURCE=2 -O2 -Wall -W -Wno-unused-parameter -Woverloaded-virtual -Wshadow   conftest.cpp -lgnugetopt   >&5
/tmp/toolchain/bin/../lib/gcc/arm-linux-androideabi/4.8/../../../../arm-linux-androideabi/bin/ld: error: cannot find -lgnugetopt
collect2: error: ld returned 1 exit status
configure:3777: $? = 1
configure: failed program was:
| /* confdefs.h */
| #define PACKAGE_NAME "znc"
| #define PACKAGE_TARNAME "znc"
| #define PACKAGE_VERSION "1.6.1"
| #define PACKAGE_STRING "znc 1.6.1"
| #define PACKAGE_BUGREPORT ""
| #define PACKAGE_URL ""
| #define HAVE_CXX11 1
| #define HAVE_VISIBILITY 1
| #define HAVE_IPV6 1
| #define CSOCK_USE_POLL 1
| /* end confdefs.h.  */
| 
| /* Override any GCC internal prototype to avoid an error.
|    Use char because int might match the return type of a GCC
|    builtin and then its argument prototype would still apply.  */
| #ifdef __cplusplus
| extern "C"
| #endif
| char getopt_long ();
| int
| main ()
| {
| return getopt_long ();
|   ;
|   return 0;
| }
configure:3786: result: no
configure:3800: checking for lstat
configure:3800: arm-linux-androideabi-g++ -o conftest   -std=c++11 -D_FORTIFY_SOURCE=2 -O2 -Wall -W -Wno-unused-parameter -Woverloaded-virtual -Wshadow   conftest.cpp  >&5
configure:3800: $? = 0
configure:3800: result: yes
configure:3800: checking for getopt_long
configure:3800: arm-linux-androideabi-g++ -o conftest   -std=c++11 -D_FORTIFY_SOURCE=2 -O2 -Wall -W -Wno-unused-parameter -Woverloaded-virtual -Wshadow   conftest.cpp  >&5
configure:3800: $? = 0
configure:3800: result: yes
configure:3800: checking for getpassphrase
configure:3800: arm-linux-androideabi-g++ -o conftest   -std=c++11 -D_FORTIFY_SOURCE=2 -O2 -Wall -W -Wno-unused-parameter -Woverloaded-virtual -Wshadow   conftest.cpp  >&5
/tmp/ccuxlHP3.o:conftest.cpp:function main: error: undefined reference to 'getpassphrase'
collect2: error: ld returned 1 exit status
configure:3800: $? = 1
configure: failed program was:
| /* confdefs.h */
| #define PACKAGE_NAME "znc"
| #define PACKAGE_TARNAME "znc"
| #define PACKAGE_VERSION "1.6.1"
| #define PACKAGE_STRING "znc 1.6.1"
| #define PACKAGE_BUGREPORT ""
| #define PACKAGE_URL ""
| #define HAVE_CXX11 1
| #define HAVE_VISIBILITY 1
| #define HAVE_IPV6 1
| #define CSOCK_USE_POLL 1
| #define HAVE_LSTAT 1
| #define HAVE_GETOPT_LONG 1
| /* end confdefs.h.  */
| /* Define getpassphrase to an innocuous variant, in case <limits.h> declares getpassphrase.
|    For example, HP-UX 11i <limits.h> declares gettimeofday.  */
| #define getpassphrase innocuous_getpassphrase
| 
| /* System header to define __stub macros and hopefully few prototypes,
|     which can conflict with char getpassphrase (); below.
|     Prefer <limits.h> to <assert.h> if __STDC__ is defined, since
|     <limits.h> exists even on freestanding compilers.  */
| 
| #ifdef __STDC__
| # include <limits.h>
| #else
| # include <assert.h>
| #endif
| 
| #undef getpassphrase
| 
| /* Override any GCC internal prototype to avoid an error.
|    Use char because int might match the return type of a GCC
|    builtin and then its argument prototype would still apply.  */
| #ifdef __cplusplus
| extern "C"
| #endif
| char getpassphrase ();
| /* The GNU C library defines this for functions which it implements
|     to always fail with ENOSYS.  Some functions are actually named
|     something starting with __ and the normal name is an alias.  */
| #if defined __stub_getpassphrase || defined __stub___getpassphrase
| choke me
| #endif
| 
| int
| main ()
| {
| return getpassphrase ();
|   ;
|   return 0;
| }
configure:3800: result: no
configure:3812: checking for library containing dlopen
configure:3843: arm-linux-androideabi-g++ -o conftest   -std=c++11 -D_FORTIFY_SOURCE=2 -O2 -Wall -W -Wno-unused-parameter -Woverloaded-virtual -Wshadow   conftest.cpp  >&5
configure:3843: $? = 0
configure:3860: result: none required
configure:4045: checking for the pthreads library -lpthreads
configure:4083: arm-linux-androideabi-g++ -o conftest   -std=c++11 -D_FORTIFY_SOURCE=2 -O2 -Wall -W -Wno-unused-parameter -Woverloaded-virtual -Wshadow    conftest.cpp -lpthreads  >&5
/tmp/toolchain/bin/../lib/gcc/arm-linux-androideabi/4.8/../../../../arm-linux-androideabi/bin/ld: error: cannot find -lpthreads
collect2: error: ld returned 1 exit status
configure:4083: $? = 1
configure: failed program was:
| /* confdefs.h */
| #define PACKAGE_NAME "znc"
| #define PACKAGE_TARNAME "znc"
| #define PACKAGE_VERSION "1.6.1"
| #define PACKAGE_STRING "znc 1.6.1"
| #define PACKAGE_BUGREPORT ""
| #define PACKAGE_URL ""
| #define HAVE_CXX11 1
| #define HAVE_VISIBILITY 1
| #define HAVE_IPV6 1
| #define CSOCK_USE_POLL 1
| #define HAVE_LSTAT 1
| #define HAVE_GETOPT_LONG 1
| /* end confdefs.h.  */
| #include <pthread.h>
|                         static void routine(void *a) { *((int*)a) = 42; }
|                         static void *start_routine(void *a) { return a; }
| int
| main ()
| {
| pthread_t th; pthread_attr_t attr;
|                         pthread_create(&th, 0, start_routine, 0);
|                         pthread_join(th, 0);
|                         pthread_attr_init(&attr);
|                         pthread_cleanup_push(routine, 0);
|                         pthread_cleanup_pop(0) /* ; */
|   ;
|   return 0;
| }
configure:4092: result: no
configure:3989: checking whether pthreads work without any flags
configure:4083: arm-linux-androideabi-g++ -o conftest   -std=c++11 -D_FORTIFY_SOURCE=2 -O2 -Wall -W -Wno-unused-parameter -Woverloaded-virtual -Wshadow    conftest.cpp   >&5
configure:4083: $? = 0
configure:4092: result: yes
configure:4111: checking for joinable pthread attribute
configure:4126: arm-linux-androideabi-g++ -o conftest   -std=c++11 -D_FORTIFY_SOURCE=2 -O2 -Wall -W -Wno-unused-parameter -Woverloaded-virtual -Wshadow    conftest.cpp   >&5
configure:4126: $? = 0
configure:4132: result: PTHREAD_CREATE_JOINABLE
configure:4142: checking if more special flags are required for pthreads
configure:4156: result: no
configure:4162: checking for PTHREAD_PRIO_INHERIT
configure:4180: arm-linux-androideabi-g++ -o conftest   -std=c++11 -D_FORTIFY_SOURCE=2 -O2 -Wall -W -Wno-unused-parameter -Woverloaded-virtual -Wshadow    conftest.cpp   >&5
conftest.cpp: In function 'int main()':
conftest.cpp:20:9: error: 'PTHREAD_PRIO_INHERIT' was not declared in this scope
 int i = PTHREAD_PRIO_INHERIT; (void) i;
         ^
configure:4180: $? = 1
configure: failed program was:
| /* confdefs.h */
| #define PACKAGE_NAME "znc"
| #define PACKAGE_TARNAME "znc"
| #define PACKAGE_VERSION "1.6.1"
| #define PACKAGE_STRING "znc 1.6.1"
| #define PACKAGE_BUGREPORT ""
| #define PACKAGE_URL ""
| #define HAVE_CXX11 1
| #define HAVE_VISIBILITY 1
| #define HAVE_IPV6 1
| #define CSOCK_USE_POLL 1
| #define HAVE_LSTAT 1
| #define HAVE_GETOPT_LONG 1
| /* end confdefs.h.  */
| 
|                     #include <pthread.h>
| int
| main ()
| {
| int i = PTHREAD_PRIO_INHERIT; (void) i;
|   ;
|   return 0;
| }
configure:4189: result: no
configure:4264: checking whether getaddrinfo() supports AI_ADDRCONFIG
configure:4286: arm-linux-androideabi-g++ -c   -std=c++11 -D_FORTIFY_SOURCE=2 -O2 -Wall -W -Wno-unused-parameter -Woverloaded-virtual -Wshadow   conftest.cpp >&5
configure:4286: $? = 0
configure:4288: result: yes
configure:4351: checking for openssl
configure:4358: $PKG_CONFIG --exists --print-errors "openssl"
configure:4361: $? = 0
configure:4375: $PKG_CONFIG --exists --print-errors "openssl"
configure:4378: $? = 0
configure:4610: result: yes
configure:4619: checking whether openssl is usable
configure:4643: arm-linux-androideabi-g++ -o conftest   -std=c++11 -D_FORTIFY_SOURCE=2 -O2 -Wall -W -Wno-unused-parameter -Woverloaded-virtual -Wshadow     conftest.cpp -lssl -lcrypto >&5
conftest.cpp:19:29: fatal error: openssl/ssl.h: No such file or directory
     #include <openssl/ssl.h>
                             ^
compilation terminated.
configure:4643: $? = 1
configure: failed program was:
| /* confdefs.h */
| #define PACKAGE_NAME "znc"
| #define PACKAGE_TARNAME "znc"
| #define PACKAGE_VERSION "1.6.1"
| #define PACKAGE_STRING "znc 1.6.1"
| #define PACKAGE_BUGREPORT ""
| #define PACKAGE_URL ""
| #define HAVE_CXX11 1
| #define HAVE_VISIBILITY 1
| #define HAVE_IPV6 1
| #define CSOCK_USE_POLL 1
| #define HAVE_LSTAT 1
| #define HAVE_GETOPT_LONG 1
| #define HAVE_PTHREAD 1
| #define HAVE_THREADED_DNS 1
| /* end confdefs.h.  */
| 
| 
| 				#include <openssl/ssl.h>
| 
| int
| main ()
| {
| 
| 				SSL_CTX* ctx = SSL_CTX_new(TLSv1_method());
| 				SSL* ssl = SSL_new(ctx);
| 				DH* dh = DH_new();
| 				DH_free(dh);
| 				SSL_free(ssl);
| 				SSL_CTX_free(ctx);
| 
|   ;
|   return 0;
| }
| 
configure:4650: result: no
configure:4668: WARNING: OpenSSL was not found and thus disabled
configure:4690: checking whether zlib is usable
configure:4712: arm-linux-androideabi-g++ -o conftest   -std=c++11 -D_FORTIFY_SOURCE=2 -O2 -Wall -W -Wno-unused-parameter -Woverloaded-virtual -Wshadow     conftest.cpp -lssl -lcrypto -lz >&5
/tmp/toolchain/bin/../lib/gcc/arm-linux-androideabi/4.8/../../../../arm-linux-androideabi/bin/ld: error: cannot find -lssl
/tmp/toolchain/bin/../lib/gcc/arm-linux-androideabi/4.8/../../../../arm-linux-androideabi/bin/ld: error: cannot find -lcrypto
collect2: error: ld returned 1 exit status
configure:4712: $? = 1
configure: failed program was:
| /* confdefs.h */
| #define PACKAGE_NAME "znc"
| #define PACKAGE_TARNAME "znc"
| #define PACKAGE_VERSION "1.6.1"
| #define PACKAGE_STRING "znc 1.6.1"
| #define PACKAGE_BUGREPORT ""
| #define PACKAGE_URL ""
| #define HAVE_CXX11 1
| #define HAVE_VISIBILITY 1
| #define HAVE_IPV6 1
| #define CSOCK_USE_POLL 1
| #define HAVE_LSTAT 1
| #define HAVE_GETOPT_LONG 1
| #define HAVE_PTHREAD 1
| #define HAVE_THREADED_DNS 1
| /* end confdefs.h.  */
| 
| 			#include "zlib.h"
| 
| int
| main ()
| {
| 
| 			z_stream zs;
| 			(void) deflateInit2(&zs, 0, 0, 0, 0, 0);
| 			(void) deflate(&zs, 0);
| 
|   ;
|   return 0;
| }
| 
configure:4721: result: no
configure:4736: WARNING: zlib was not found and thus disabled
configure:4760: checking for icu
configure:4767: $PKG_CONFIG --exists --print-errors "icu-uc"
configure:4770: $? = 0
configure:4784: $PKG_CONFIG --exists --print-errors "icu-uc"
configure:4787: $? = 0
configure:4849: result: yes
configure:4961: checking for SWIG >= 3.0.0
configure:5066: result: 
configure:5087: modperl/modpython files are found, disabling SWIG
configure:5095: modperl/modpython files are found, no SWIG needed
configure:5116: checking for perl
configure:5134: found /usr/sbin/perl
configure:5146: result: /usr/sbin/perl
configure:5157: checking for perl_alloc in -lperl
configure:5182: arm-linux-androideabi-g++ -o conftest   -std=c++11 -D_FORTIFY_SOURCE=2 -O2 -Wall -W -Wno-unused-parameter -Woverloaded-virtual -Wshadow     -Wl,--export-dynamic -Wl,-E -Wl,-rpath,/usr/lib/perl5/core_perl/CORE -Wl,-O1,--sort-common,--as-needed,-z,relro -fstack-protector-strong -L/usr/local/lib -L/usr/lib/perl5/core_perl/CORE -lperl -lpthread -lnsl -ldl -lm -lcrypt -lutil -lc -D_REENTRANT -D_GNU_SOURCE -fwrapv -fno-strict-aliasing -pipe -fstack-protector-strong -I/usr/local/include -D_LARGEFILE_SOURCE -D_FILE_OFFSET_BITS=64 -I/usr/lib/perl5/core_perl/CORE conftest.cpp -lperl  -lssl -lcrypto -licuuc -licudata >&5
arm-linux-androideabi-g++: error: unrecognized command line option '-fstack-protector-strong'
arm-linux-androideabi-g++: error: unrecognized command line option '-fstack-protector-strong'
configure:5182: $? = 1
configure: failed program was:
| /* confdefs.h */
| #define PACKAGE_NAME "znc"
| #define PACKAGE_TARNAME "znc"
| #define PACKAGE_VERSION "1.6.1"
| #define PACKAGE_STRING "znc 1.6.1"
| #define PACKAGE_BUGREPORT ""
| #define PACKAGE_URL ""
| #define HAVE_CXX11 1
| #define HAVE_VISIBILITY 1
| #define HAVE_IPV6 1
| #define CSOCK_USE_POLL 1
| #define HAVE_LSTAT 1
| #define HAVE_GETOPT_LONG 1
| #define HAVE_PTHREAD 1
| #define HAVE_THREADED_DNS 1
| #define HAVE_ICU 1
| #define U_USING_ICU_NAMESPACE 0
| /* end confdefs.h.  */
| 
| /* Override any GCC internal prototype to avoid an error.
|    Use char because int might match the return type of a GCC
|    builtin and then its argument prototype would still apply.  */
| #ifdef __cplusplus
| extern "C"
| #endif
| char perl_alloc ();
| int
| main ()
| {
| return perl_alloc ();
|   ;
|   return 0;
| }
configure:5191: result: no
configure:5209: error: perl not found. Try --disable-perl.

## ---------------- ##
## Cache variables. ##
## ---------------- ##

ac_cv_build=x86_64-unknown-linux-gnu
ac_cv_cxx_compiler_gnu=yes
ac_cv_env_CCC_set=
ac_cv_env_CCC_value=
ac_cv_env_CPPFLAGS_set=set
ac_cv_env_CPPFLAGS_value=
ac_cv_env_CXXFLAGS_set=set
ac_cv_env_CXXFLAGS_value=
ac_cv_env_CXX_set=set
ac_cv_env_CXX_value=arm-linux-androideabi-g++
ac_cv_env_LDFLAGS_set=set
ac_cv_env_LDFLAGS_value=
ac_cv_env_LIBS_set=
ac_cv_env_LIBS_value=
ac_cv_env_PKG_CONFIG_LIBDIR_set=
ac_cv_env_PKG_CONFIG_LIBDIR_value=
ac_cv_env_PKG_CONFIG_PATH_set=
ac_cv_env_PKG_CONFIG_PATH_value=
ac_cv_env_PKG_CONFIG_set=
ac_cv_env_PKG_CONFIG_value=
ac_cv_env_build_alias_set=
ac_cv_env_build_alias_value=
ac_cv_env_host_alias_set=set
ac_cv_env_host_alias_value=x86_64-unknown-linux
ac_cv_env_icu_CFLAGS_set=
ac_cv_env_icu_CFLAGS_value=
ac_cv_env_icu_LIBS_set=
ac_cv_env_icu_LIBS_value=
ac_cv_env_openssl_CFLAGS_set=
ac_cv_env_openssl_CFLAGS_value=
ac_cv_env_openssl_LIBS_set=
ac_cv_env_openssl_LIBS_value=
ac_cv_env_python_CFLAGS_set=
ac_cv_env_python_CFLAGS_value=
ac_cv_env_python_LIBS_set=
ac_cv_env_python_LIBS_value=
ac_cv_env_target_alias_set=
ac_cv_env_target_alias_value=
ac_cv_func_getopt_long=yes
ac_cv_func_getpassphrase=no
ac_cv_func_lstat=yes
ac_cv_host=x86_64-unknown-linux-gnu
ac_cv_lib_gnugetopt_getopt_long=no
ac_cv_lib_perl_perl_alloc=no
ac_cv_objext=o
ac_cv_path_GREP=/usr/sbin/grep
ac_cv_path_PERL_BINARY=/usr/sbin/perl
ac_cv_path_SED=/usr/sbin/sed
ac_cv_path_ac_pt_PKG_CONFIG=/usr/sbin/pkg-config
ac_cv_path_install='/usr/bin/install -c'
ac_cv_prog_cxx_g=yes
ac_cv_search_dlopen='none required'
ac_cv_sys_file_offset_bits=unknown
ac_cv_sys_large_files=unknown
ac_cv_sys_largefile_CC=no
ax_cv_PTHREAD_PRIO_INHERIT=no
ax_cv_cxx_compile_cxx11=no
ax_cv_cxx_compile_cxx11__std_cpp11=yes
pkg_cv_icu_CFLAGS=
pkg_cv_icu_LIBS='-licuuc -licudata'
pkg_cv_openssl_CFLAGS=
pkg_cv_openssl_LIBS='-lssl -lcrypto'
znc_cv_cc_vis_werror=yes
znc_cv_cc_visibility=yes

## ----------------- ##
## Output variables. ##
## ----------------- ##

CFLAG_VISIBILITY='-fvisibility=hidden'
CPPFLAGS=''
CXX='arm-linux-androideabi-g++'
CXXFLAGS='  -std=c++11 -D_FORTIFY_SOURCE=2 -O2 -Wall -W -Wno-unused-parameter -Woverloaded-virtual -Wshadow   '
CYRUS='1'
DATADIR='${datarootdir}/znc'
DEFS=''
ECHO_C=''
ECHO_N='-n'
ECHO_T=''
EXEEXT=''
GIT=''
GREP='/usr/sbin/grep'
GTEST_DIR=''
HAVE_CXX11='1'
HAVE_SYSTEMD_FALSE='#'
HAVE_SYSTEMD_TRUE=''
HAVE_VISIBILITY='1'
INSTALL_DATA='${INSTALL} -m 644'
INSTALL_PROGRAM='${INSTALL}'
INSTALL_SCRIPT='${INSTALL}'
ISCYGWIN=''
LDFLAGS='-Wl,--export-dynamic'
LIBOBJS=''
LIBS='-lssl -lcrypto -licuuc -licudata'
LIBZNC=''
LIBZNCDIR=''
LTLIBOBJS=''
MODDIR='${exec_prefix}/lib/znc'
MODFLAGS='  -std=c++11 -D_FORTIFY_SOURCE=2 -O2 -Wall -W -Wno-unused-parameter -Woverloaded-virtual -Wshadow    -fvisibility=hidden -fPIC'
MODLINK='-shared'
NOSSL='1'
OBJEXT='o'
PACKAGE_BUGREPORT=''
PACKAGE_NAME='znc'
PACKAGE_STRING='znc 1.6.1'
PACKAGE_TARNAME='znc'
PACKAGE_URL=''
PACKAGE_VERSION='1.6.1'
PATH_SEPARATOR=':'
PERL='not found'
PERL_BINARY='/usr/sbin/perl'
PKG_CONFIG='/usr/sbin/pkg-config'
PKG_CONFIG_LIBDIR=''
PKG_CONFIG_PATH=''
PTHREAD_CC='arm-linux-androideabi-gcc'
PTHREAD_CFLAGS=''
PTHREAD_LIBS=''
PYTHON='yes'
SED='/usr/sbin/sed'
SHELL='/bin/sh'
SWIG=''
SWIG_LIB=''
TCL_FLAGS=''
ac_ct_CXX=''
ax_pthread_config=''
bindir='${exec_prefix}/bin'
build='x86_64-unknown-linux-gnu'
build_alias=''
build_cpu='x86_64'
build_os='linux-gnu'
build_vendor='unknown'
datadir='${datarootdir}'
datarootdir='${prefix}/share'
docdir='${datarootdir}/doc/${PACKAGE_TARNAME}'
dvidir='${docdir}'
exec_prefix='NONE'
host='x86_64-unknown-linux-gnu'
host_alias='x86_64-unknown-linux'
host_cpu='x86_64'
host_os='linux-gnu'
host_vendor='unknown'
htmldir='${docdir}'
icu_CFLAGS=''
icu_LIBS='-licuuc -licudata'
includedir='${prefix}/include'
infodir='${datarootdir}/info'
libdir='${exec_prefix}/lib'
libexecdir='${exec_prefix}/libexec'
localedir='${datarootdir}/locale'
localstatedir='${prefix}/var'
mandir='${datarootdir}/man'
oldincludedir='/usr/include'
openssl_CFLAGS=''
openssl_LIBS='-lssl -lcrypto'
pdfdir='${docdir}'
prefix='/usr'
program_transform_name='s,x,x,'
psdir='${docdir}'
python_CFLAGS=''
python_LIBS=''
sbindir='${exec_prefix}/sbin'
sharedstatedir='${prefix}/com'
sysconfdir='${prefix}/etc'
systemdsystemunitdir='/usr/lib/systemd/system'
target_alias=''

## ----------- ##
## confdefs.h. ##
## ----------- ##

/* confdefs.h */
#define PACKAGE_NAME "znc"
#define PACKAGE_TARNAME "znc"
#define PACKAGE_VERSION "1.6.1"
#define PACKAGE_STRING "znc 1.6.1"
#define PACKAGE_BUGREPORT ""
#define PACKAGE_URL ""
#define HAVE_CXX11 1
#define HAVE_VISIBILITY 1
#define HAVE_IPV6 1
#define CSOCK_USE_POLL 1
#define HAVE_LSTAT 1
#define HAVE_GETOPT_LONG 1
#define HAVE_PTHREAD 1
#define HAVE_THREADED_DNS 1
#define HAVE_ICU 1
#define U_USING_ICU_NAMESPACE 0

configure: exit 1

===> Finished printing config.logs></pre></code>
        </body></html>
