<!DOCTYPE html>
<html>
<!-- Jinja template for reports of individual builds

  Copyright 2016 Kareem Khazem. All Rights Reserved.
  Licensed under the Apache License, Version 2.0 (the "License");
  you may not use this file except in compliance with the License.
  You may obtain a copy of the License at

 		 http://www.apache.org/licenses/LICENSE-2.0

  Unless required by applicable law or agreed to in writing, software
  distributed under the License is distributed on an "AS IS" BASIS,
  WITHOUT WARRANTIES OR CONDITIONS OF ANY KIND, either express or
  implied.
  See the License for the specific language governing permissions and
  limitations under the License.
-->
  <head>
    <meta charset="UTF-8">
    <title>musl/cdbxx</title>
    <link href='https://fonts.googleapis.com/css?family=Roboto:400,900'
          rel='stylesheet' type='text/css'>
    <link
    href='https://fonts.googleapis.com/css?family=Source+Code+Pro:400,700'
          rel='stylesheet' type='text/css'>
    <link href="../style.css" type="text/css" rel="stylesheet">
  </head>
  <body>
    <h1>Build of cdbxx
        with <a href="../index.html">musl</a>
        toolchain</h1>
    <p>The build took 00h 01m 04s and was
    NOT successful.</p>
    <p>
      The process tree of the build process is <a
      href="cdbxx-tree.html">here</a>.
    </p>
    
    
      <p>
      Several sub-process invocations were improper; see the process tree
      for details. Summary:
      </p>
      <ul>
        <li>hardcoded invocation:<ul>
            <li>&times;2: /usr/bin/gcc</li>
        </ul></li>
      
        <li>malformed path:<ul>
            <li>&times;1: PATH=/usr/local/sbin:/usr/local/bin:/usr/bin</li>
        
            <li>&times;18: PATH=/usr/local/sbin:/usr/local/bin:/usr/bin:/usr/lib/jvm/default/bin:/usr/bin/site_perl:/usr/bin/vendor_perl:/usr/bin/core_perl</li>
        </ul></li>
      </ul>
    
    
    
    <p>
    Due to the failure of this package to build, we did not attempt to
    build several packages that depend on this one. Those packages are:
    </p>
    <ul>
      
      <li><a href="osec.html">osec</a></li>
      
    </ul>
    
    
    <h2>List of Errors</h2>
    <ul>
      
      <li>parse_error
        <ul>
          
          <li><a href="#117">/usr/include/stdlib.h:148:6: error: expected initializer before '__THROW'</a></li>
          
          <li><a href="#120">/usr/include/stdlib.h:151:6: error: expected initializer before '__THROW'</a></li>
          
          <li><a href="#129">/usr/include/stdlib.h:189:6: error: expected initializer before '__THROW'</a></li>
          
          <li><a href="#141">/usr/include/stdlib.h:469:6: error: expected initializer before '__THROW'</a></li>
          
          <li><a href="#186">/usr/include/stdlib.h:791:6: error: expected initializer before '__THROW'</a></li>
          
          <li><a href="#201">/usr/include/stdlib.h:878:6: error: expected initializer before '__THROW'</a></li>
          
          <li><a href="#268">/usr/include/stdlib.h:148:6: error: expected initializer before '__THROW'</a></li>
          
          <li><a href="#271">/usr/include/stdlib.h:151:6: error: expected initializer before '__THROW'</a></li>
          
          <li><a href="#280">/usr/include/stdlib.h:189:6: error: expected initializer before '__THROW'</a></li>
          
          <li><a href="#292">/usr/include/stdlib.h:469:6: error: expected initializer before '__THROW'</a></li>
          
          <li><a href="#337">/usr/include/stdlib.h:791:6: error: expected initializer before '__THROW'</a></li>
          
          <li><a href="#352">/usr/include/stdlib.h:878:6: error: expected initializer before '__THROW'</a></li>
          
        </ul>
      </li>
      
      <li>missing_header
        <ul>
          
          <li><a href="#47">../include/cdbxx/iterator.hh:15:10: fatal error: 'cdb.h' file not found</a></li>
          
          <li><a href="#52">../include/cdbxx/db.hh:18:10: fatal error: 'cdb.h' file not found</a></li>
          
        </ul>
      </li>
      
    </ul>
    
    <h2>Log</h2>
    
      <div class="block">
        <div class="info">
          <code>Removed vanilla repositories from pacman.conf and added:</code>
        </div>
        
          <div class="output">
            
            <a class="navhash" href="#1">#</a>
						
              <code id="1">[tuscan]</code><br />
						
            
            <a class="navhash" href="#2">#</a>
						
              <code id="2">Server = file:///var/cache/pacman/pkg/</code><br />
						
            
          </div>
        
      </div>
      <br />
    
      <div class="block">
        <div class="command">
          <code><span class="prompt">CMD: </span>pacman -Syy --noconfirm</code>
        </div>
        
          <div class="output">
            
            <a class="navhash" href="#3">#</a>
						
              <code id="3">:: Synchronizing package databases...</code><br />
						
            
            <a class="navhash" href="#4">#</a>
						
              <code id="4">downloading tuscan.db...</code><br />
						
            
          </div>
        
      </div>
      <br />
    
      <div class="block">
        <div class="info">
          <code>Copying directory '/toolchain_root/lib' to '/sysroot/lib'</code>
        </div>
        
      </div>
      <br />
    
      <div class="block">
        <div class="info">
          <code>Copying directory '/toolchain_root/share' to '/sysroot/share'</code>
        </div>
        
      </div>
      <br />
    
      <div class="block">
        <div class="info">
          <code>Copying directory '/toolchain_root/bin' to '/sysroot/bin'</code>
        </div>
        
      </div>
      <br />
    
      <div class="block">
        <div class="info">
          <code>Copying directory '/toolchain_root/include' to '/sysroot/include'</code>
        </div>
        
      </div>
      <br />
    
      <div class="block">
        <div class="info">
          <code>Copying directory '/toolchain_root/libexec' to '/sysroot/libexec'</code>
        </div>
        
      </div>
      <br />
    
      <div class="block">
        <div class="command">
          <code><span class="prompt">CMD: </span>sudo -u tuscan PATH=/sysroot/bin:/usr/local/sbin:/usr/local/bin:/usr/sbin:/usr/bin:/sbin:/bin CC=clang CXX=clang++ SYSROOT=/sysroot/ LIBRARY_PATH=/sysroot/lib CXXFLAGS=-stdlib-libc++ CPATH=/sysroot/include red makepkg --noextract --syncdeps --skipinteg --skippgpcheck --skipchecksums --noconfirm --nocolor --log --noprogressbar --nocheck</code>
        </div>
        
          <div class="output">
            
            <a class="navhash" href="#5">#</a>
						
              <code id="5">==> Making package: cdbxx 0.0.1rc2-5 (Thu Aug 11 00:25:04 UTC 2016)</code><br />
						
            
            <a class="navhash" href="#6">#</a>
						
              <code id="6">==> Checking runtime dependencies...</code><br />
						
            
            <a class="navhash" href="#7">#</a>
						
              <code id="7">==> Checking buildtime dependencies...</code><br />
						
            
            <a class="navhash" href="#8">#</a>
						
              <code id="8">==> Installing missing dependencies...</code><br />
						
            
            <a class="navhash" href="#9">#</a>
						
              <code id="9">resolving dependencies...</code><br />
						
            
            <a class="navhash" href="#10">#</a>
						
              <code id="10">looking for conflicting packages...</code><br />
						
            
            <a class="navhash" href="#11">#</a>
						
              <code id="11"></code><br />
						
            
            <a class="navhash" href="#12">#</a>
						
              <code id="12">Packages (1) tinycdb-0.78-2</code><br />
						
            
            <a class="navhash" href="#13">#</a>
						
              <code id="13"></code><br />
						
            
            <a class="navhash" href="#14">#</a>
						
              <code id="14">Total Installed Size:  0.05 MiB</code><br />
						
            
            <a class="navhash" href="#15">#</a>
						
              <code id="15"></code><br />
						
            
            <a class="navhash" href="#16">#</a>
						
              <code id="16">:: Proceed with installation? [Y/n] </code><br />
						
            
            <a class="navhash" href="#17">#</a>
						
              <code id="17">checking keyring...</code><br />
						
            
            <a class="navhash" href="#18">#</a>
						
              <code id="18">checking package integrity...</code><br />
						
            
            <a class="navhash" href="#19">#</a>
						
              <code id="19">loading package files...</code><br />
						
            
            <a class="navhash" href="#20">#</a>
						
              <code id="20">checking for file conflicts...</code><br />
						
            
            <a class="navhash" href="#21">#</a>
						
              <code id="21">checking available disk space...</code><br />
						
            
            <a class="navhash" href="#22">#</a>
						
              <code id="22">:: Processing package changes...</code><br />
						
            
            <a class="navhash" href="#23">#</a>
						
              <code id="23">installing tinycdb...</code><br />
						
            
            <a class="navhash" href="#24">#</a>
						
              <code id="24">:: Running post-transaction hooks...</code><br />
						
            
            <a class="navhash" href="#25">#</a>
						
              <code id="25">(1/1) Updating manpage index...</code><br />
						
            
            <a class="navhash" href="#26">#</a>
						
              <code id="26">==> WARNING: Using existing $srcdir/ tree</code><br />
						
            
            <a class="navhash" href="#27">#</a>
						
              <code id="27">==> Starting build()...</code><br />
						
            
            <a class="navhash" href="#28">#</a>
						
              <code id="28">make[1]: Entering directory '/tmp/cdbxx/src/cdbxx-0.0.1rc2/src'</code><br />
						
            
            <a class="navhash" href="#29">#</a>
						
              <code id="29">Making dependences for iterator.cc</code><br />
						
            
            <a class="navhash" href="#30">#</a>
						
              <code id="30">Making dependences for db.cc</code><br />
						
            
            <a class="navhash" href="#31">#</a>
						
              <code id="31">In file included from iterator.cc:8:</code><br />
						
            
            <a class="navhash" href="#32">#</a>
						
              <code id="32">In file included from /usr/bin/../lib64/gcc/x86_64-pc-linux-gnu/6.1.1/../../../../include/c++/6.1.1/sstream:38:</code><br />
						
            
            <a class="navhash" href="#33">#</a>
						
              <code id="33">In file included from /usr/bin/../lib64/gcc/x86_64-pc-linux-gnu/6.1.1/../../../../include/c++/6.1.1/istream:38:</code><br />
						
            
            <a class="navhash" href="#34">#</a>
						
              <code id="34">In file included from /usr/bin/../lib64/gcc/x86_64-pc-linux-gnu/6.1.1/../../../../include/c++/6.1.1/ios:38:</code><br />
						
            
            <a class="navhash" href="#35">#</a>
						
              <code id="35">In file included from /usr/bin/../lib64/gcc/x86_64-pc-linux-gnu/6.1.1/../../../../include/c++/6.1.1/iosfwd:38:</code><br />
						
            
            <a class="navhash" href="#36">#</a>
						
              <code id="36">In file included from /usr/bin/../lib64/gcc/x86_64-pc-linux-gnu/6.1.1/../../../../include/c++/6.1.1/x86_64-pc-linux-gnu/bits/c++config.h:495:</code><br />
						
            
            <a class="navhash" href="#37">#</a>
						
              <code id="37">/usr/bin/../lib64/gcc/x86_64-pc-linux-gnu/6.1.1/../../../../include/c++/6.1.1/x86_64-pc-linux-gnu/bits/os_defines.h:44:19: error: token is not a valid binary operator in a preprocessor subexpression</code><br />
						
            
            <a class="navhash" href="#38">#</a>
						
              <code id="38">#if __GLIBC_PREREQ(2,15) && defined(_GNU_SOURCE)</code><br />
						
            
            <a class="navhash" href="#39">#</a>
						
              <code id="39">    ~~~~~~~~~~~~~~^</code><br />
						
            
            <a class="navhash" href="#40">#</a>
						
              <code id="40">In file included from db.cc:12:</code><br />
						
            
            <a class="navhash" href="#41">#</a>
						
              <code id="41">In file included from /usr/bin/../lib64/gcc/x86_64-pc-linux-gnu/6.1.1/../../../../include/c++/6.1.1/iostream:38:</code><br />
						
            
            <a class="navhash" href="#42">#</a>
						
              <code id="42">In file included from /usr/bin/../lib64/gcc/x86_64-pc-linux-gnu/6.1.1/../../../../include/c++/6.1.1/x86_64-pc-linux-gnu/bits/c++config.h:495:</code><br />
						
            
            <a class="navhash" href="#43">#</a>
						
              <code id="43">/usr/bin/../lib64/gcc/x86_64-pc-linux-gnu/6.1.1/../../../../include/c++/6.1.1/x86_64-pc-linux-gnu/bits/os_defines.h:44:19: error: token is not a valid binary operator in a preprocessor subexpression</code><br />
						
            
            <a class="navhash" href="#44">#</a>
						
              <code id="44">#if __GLIBC_PREREQ(2,15) && defined(_GNU_SOURCE)</code><br />
						
            
            <a class="navhash" href="#45">#</a>
						
              <code id="45">    ~~~~~~~~~~~~~~^</code><br />
						
            
            <a class="navhash" href="#46">#</a>
						
              <code id="46">In file included from iterator.cc:14:</code><br />
						
            
            <a class="navhash" href="#47">#</a>
						<span class="error">
              <code id="47">../include/cdbxx/iterator.hh:15:10: fatal error: 'cdb.h' file not found</code><br />
						</span>
            
            <a class="navhash" href="#48">#</a>
						
              <code id="48">#include <cdb.h></code><br />
						
            
            <a class="navhash" href="#49">#</a>
						
              <code id="49">         ^</code><br />
						
            
            <a class="navhash" href="#50">#</a>
						
              <code id="50">2 errors generated.</code><br />
						
            
            <a class="navhash" href="#51">#</a>
						
              <code id="51">In file included from db.cc:20:</code><br />
						
            
            <a class="navhash" href="#52">#</a>
						<span class="error">
              <code id="52">../include/cdbxx/db.hh:18:10: fatal error: 'cdb.h' file not found</code><br />
						</span>
            
            <a class="navhash" href="#53">#</a>
						
              <code id="53">#include <cdb.h></code><br />
						
            
            <a class="navhash" href="#54">#</a>
						
              <code id="54">         ^</code><br />
						
            
            <a class="navhash" href="#55">#</a>
						
              <code id="55">2 errors generated.</code><br />
						
            
            <a class="navhash" href="#56">#</a>
						
              <code id="56">g++ -g -O2 -Wall -W -Wold-style-cast -fno-common -pedantic -DNDEBUG -I../include    -c  -fpic db.cc -o db.so</code><br />
						
            
            <a class="navhash" href="#57">#</a>
						
              <code id="57">g++ -g -O2 -Wall -W -Wold-style-cast -fno-common -pedantic -DNDEBUG -I../include    -c  -fpic iterator.cc -o iterator.so</code><br />
						
            
            <a class="navhash" href="#58">#</a>
						
              <code id="58">In file included from /usr/include/c++/6.1.1/x86_64-pc-linux-gnu/bits/c++config.h:495:0,</code><br />
						
            
            <a class="navhash" href="#59">#</a>
						
              <code id="59">                 from /usr/include/c++/6.1.1/iosfwd:38,</code><br />
						
            
            <a class="navhash" href="#60">#</a>
						
              <code id="60">                 from /usr/include/c++/6.1.1/ios:38,</code><br />
						
            
            <a class="navhash" href="#61">#</a>
						
              <code id="61">                 from /usr/include/c++/6.1.1/istream:38,</code><br />
						
            
            <a class="navhash" href="#62">#</a>
						
              <code id="62">                 from /usr/include/c++/6.1.1/sstream:38,</code><br />
						
            
            <a class="navhash" href="#63">#</a>
						
              <code id="63">                 from iterator.cc:8:</code><br />
						
            
            <a class="navhash" href="#64">#</a>
						
              <code id="64">/usr/include/c++/6.1.1/x86_64-pc-linux-gnu/bits/os_defines.h:44:19: error: missing binary operator before token "("</code><br />
						
            
            <a class="navhash" href="#65">#</a>
						
              <code id="65"> #if __GLIBC_PREREQ(2,15) && defined(_GNU_SOURCE)</code><br />
						
            
            <a class="navhash" href="#66">#</a>
						
              <code id="66">                   ^</code><br />
						
            
            <a class="navhash" href="#67">#</a>
						
              <code id="67">In file included from /usr/include/c++/6.1.1/x86_64-pc-linux-gnu/bits/c++config.h:495:0,</code><br />
						
            
            <a class="navhash" href="#68">#</a>
						
              <code id="68">                 from /usr/include/c++/6.1.1/iostream:38,</code><br />
						
            
            <a class="navhash" href="#69">#</a>
						
              <code id="69">                 from db.cc:12:</code><br />
						
            
            <a class="navhash" href="#70">#</a>
						
              <code id="70">/usr/include/c++/6.1.1/x86_64-pc-linux-gnu/bits/os_defines.h:44:19: error: missing binary operator before token "("</code><br />
						
            
            <a class="navhash" href="#71">#</a>
						
              <code id="71"> #if __GLIBC_PREREQ(2,15) && defined(_GNU_SOURCE)</code><br />
						
            
            <a class="navhash" href="#72">#</a>
						
              <code id="72">                   ^</code><br />
						
            
            <a class="navhash" href="#73">#</a>
						
              <code id="73">In file included from /usr/include/c++/6.1.1/bits/localefwd.h:40:0,</code><br />
						
            
            <a class="navhash" href="#74">#</a>
						
              <code id="74">                 from /usr/include/c++/6.1.1/ios:41,</code><br />
						
            
            <a class="navhash" href="#75">#</a>
						
              <code id="75">                 from /usr/include/c++/6.1.1/istream:38,</code><br />
						
            
            <a class="navhash" href="#76">#</a>
						
              <code id="76">                 from /usr/include/c++/6.1.1/sstream:38,</code><br />
						
            
            <a class="navhash" href="#77">#</a>
						
              <code id="77">                 from iterator.cc:8:</code><br />
						
            
            <a class="navhash" href="#78">#</a>
						
              <code id="78">/usr/include/c++/6.1.1/x86_64-pc-linux-gnu/bits/c++locale.h:62:11: error: '__locale_t' does not name a type</code><br />
						
            
            <a class="navhash" href="#79">#</a>
						
              <code id="79">   typedef __locale_t  __c_locale;</code><br />
						
            
            <a class="navhash" href="#80">#</a>
						
              <code id="80">           ^~~~~~~~~~</code><br />
						
            
            <a class="navhash" href="#81">#</a>
						
              <code id="81">/usr/include/c++/6.1.1/x86_64-pc-linux-gnu/bits/c++locale.h:69:26: error: '__c_locale' does not name a type</code><br />
						
            
            <a class="navhash" href="#82">#</a>
						
              <code id="82">   __convert_from_v(const __c_locale& __cloc __attribute__ ((__unused__)),</code><br />
						
            
            <a class="navhash" href="#83">#</a>
						
              <code id="83">                          ^~~~~~~~~~</code><br />
						
            
            <a class="navhash" href="#84">#</a>
						
              <code id="84">In file included from /usr/include/c++/6.1.1/bits/localefwd.h:40:0,</code><br />
						
            
            <a class="navhash" href="#85">#</a>
						
              <code id="85">                 from /usr/include/c++/6.1.1/ios:41,</code><br />
						
            
            <a class="navhash" href="#86">#</a>
						
              <code id="86">                 from /usr/include/c++/6.1.1/ostream:38,</code><br />
						
            
            <a class="navhash" href="#87">#</a>
						
              <code id="87">                 from /usr/include/c++/6.1.1/iostream:39,</code><br />
						
            
            <a class="navhash" href="#88">#</a>
						
              <code id="88">                 from db.cc:12:</code><br />
						
            
            <a class="navhash" href="#89">#</a>
						
              <code id="89">/usr/include/c++/6.1.1/x86_64-pc-linux-gnu/bits/c++locale.h:62:11: error: '__locale_t' does not name a type</code><br />
						
            
            <a class="navhash" href="#90">#</a>
						
              <code id="90">   typedef __locale_t  __c_locale;</code><br />
						
            
            <a class="navhash" href="#91">#</a>
						
              <code id="91">           ^~~~~~~~~~</code><br />
						
            
            <a class="navhash" href="#92">#</a>
						
              <code id="92">/usr/include/c++/6.1.1/x86_64-pc-linux-gnu/bits/c++locale.h:69:26: error: '__c_locale' does not name a type</code><br />
						
            
            <a class="navhash" href="#93">#</a>
						
              <code id="93">   __convert_from_v(const __c_locale& __cloc __attribute__ ((__unused__)),</code><br />
						
            
            <a class="navhash" href="#94">#</a>
						
              <code id="94">                          ^~~~~~~~~~</code><br />
						
            
            <a class="navhash" href="#95">#</a>
						
              <code id="95">In file included from /usr/include/c++/6.1.1/cstdlib:75:0,</code><br />
						
            
            <a class="navhash" href="#96">#</a>
						
              <code id="96">                 from /usr/include/c++/6.1.1/ext/string_conversions.h:41,</code><br />
						
            
            <a class="navhash" href="#97">#</a>
						
              <code id="97">                 from /usr/include/c++/6.1.1/bits/basic_string.h:5402,</code><br />
						
            
            <a class="navhash" href="#98">#</a>
						
              <code id="98">                 from /usr/include/c++/6.1.1/string:52,</code><br />
						
            
            <a class="navhash" href="#99">#</a>
						
              <code id="99">                 from /usr/include/c++/6.1.1/bits/locale_classes.h:40,</code><br />
						
            
            <a class="navhash" href="#100">#</a>
						
              <code id="100">                 from /usr/include/c++/6.1.1/bits/ios_base.h:41,</code><br />
						
            
            <a class="navhash" href="#101">#</a>
						
              <code id="101">                 from /usr/include/c++/6.1.1/ios:42,</code><br />
						
            
            <a class="navhash" href="#102">#</a>
						
              <code id="102">                 from /usr/include/c++/6.1.1/istream:38,</code><br />
						
            
            <a class="navhash" href="#103">#</a>
						
              <code id="103">                 from /usr/include/c++/6.1.1/sstream:38,</code><br />
						
            
            <a class="navhash" href="#104">#</a>
						
              <code id="104">                 from iterator.cc:8:</code><br />
						
            
            <a class="navhash" href="#105">#</a>
						
              <code id="105">/usr/include/stdlib.h:34:1: error: '__BEGIN_DECLS' does not name a type</code><br />
						
            
            <a class="navhash" href="#106">#</a>
						
              <code id="106"> __BEGIN_DECLS</code><br />
						
            
            <a class="navhash" href="#107">#</a>
						
              <code id="107"> ^~~~~~~~~~~~~</code><br />
						
            
            <a class="navhash" href="#108">#</a>
						
              <code id="108">/usr/include/stdlib.h:101:5: error: 'div_t' does not name a type</code><br />
						
            
            <a class="navhash" href="#109">#</a>
						
              <code id="109">   } div_t;</code><br />
						
            
            <a class="navhash" href="#110">#</a>
						
              <code id="110">     ^~~~~</code><br />
						
            
            <a class="navhash" href="#111">#</a>
						
              <code id="111">/usr/include/stdlib.h:112:1: error: '__END_NAMESPACE_STD' does not name a type</code><br />
						
            
            <a class="navhash" href="#112">#</a>
						
              <code id="112"> __END_NAMESPACE_STD</code><br />
						
            
            <a class="navhash" href="#113">#</a>
						
              <code id="113"> ^~~~~~~~~~~~~~~~~~~</code><br />
						
            
            <a class="navhash" href="#114">#</a>
						
              <code id="114">/usr/include/stdlib.h:142:1: error: '__BEGIN_NAMESPACE_STD' does not name a type</code><br />
						
            
            <a class="navhash" href="#115">#</a>
						
              <code id="115"> __BEGIN_NAMESPACE_STD</code><br />
						
            
            <a class="navhash" href="#116">#</a>
						
              <code id="116"> ^~~~~~~~~~~~~~~~~~~~~</code><br />
						
            
            <a class="navhash" href="#117">#</a>
						<span class="error">
              <code id="117">/usr/include/stdlib.h:148:6: error: expected initializer before '__THROW'</code><br />
						</span>
            
            <a class="navhash" href="#118">#</a>
						
              <code id="118">      __THROW __attribute_pure__ __nonnull ((1)) __wur;</code><br />
						
            
            <a class="navhash" href="#119">#</a>
						
              <code id="119">      ^~~~~~~</code><br />
						
            
            <a class="navhash" href="#120">#</a>
						<span class="error">
              <code id="120">/usr/include/stdlib.h:151:6: error: expected initializer before '__THROW'</code><br />
						</span>
            
            <a class="navhash" href="#121">#</a>
						
              <code id="121">      __THROW __attribute_pure__ __nonnull ((1)) __wur;</code><br />
						
            
            <a class="navhash" href="#122">#</a>
						
              <code id="122">      ^~~~~~~</code><br />
						
            
            <a class="navhash" href="#123">#</a>
						
              <code id="123">/usr/include/stdlib.h:152:1: error: '__END_NAMESPACE_STD' does not name a type</code><br />
						
            
            <a class="navhash" href="#124">#</a>
						
              <code id="124"> __END_NAMESPACE_STD</code><br />
						
            
            <a class="navhash" href="#125">#</a>
						
              <code id="125"> ^~~~~~~~~~~~~~~~~~~</code><br />
						
            
            <a class="navhash" href="#126">#</a>
						
              <code id="126">/usr/include/stdlib.h:167:1: error: '__END_NAMESPACE_STD' does not name a type</code><br />
						
            
            <a class="navhash" href="#127">#</a>
						
              <code id="127"> __END_NAMESPACE_STD</code><br />
						
            
            <a class="navhash" href="#128">#</a>
						
              <code id="128"> ^~~~~~~~~~~~~~~~~~~</code><br />
						
            
            <a class="navhash" href="#129">#</a>
						<span class="error">
              <code id="129">/usr/include/stdlib.h:189:6: error: expected initializer before '__THROW'</code><br />
						</span>
            
            <a class="navhash" href="#130">#</a>
						
              <code id="130">      __THROW __nonnull ((1));</code><br />
						
            
            <a class="navhash" href="#131">#</a>
						
              <code id="131">      ^~~~~~~</code><br />
						
            
            <a class="navhash" href="#132">#</a>
						
              <code id="132">/usr/include/stdlib.h:190:1: error: '__END_NAMESPACE_STD' does not name a type</code><br />
						
            
            <a class="navhash" href="#133">#</a>
						
              <code id="133"> __END_NAMESPACE_STD</code><br />
						
            
            <a class="navhash" href="#134">#</a>
						
              <code id="134"> ^~~~~~~~~~~~~~~~~~~</code><br />
						
            
            <a class="navhash" href="#135">#</a>
						
              <code id="135">/usr/include/stdlib.h:376:41: error: expected initializer before '__THROW'</code><br />
						
            
            <a class="navhash" href="#136">#</a>
						
              <code id="136"> extern void srand (unsigned int __seed) __THROW;</code><br />
						
            
            <a class="navhash" href="#137">#</a>
						
              <code id="137">                                         ^~~~~~~</code><br />
						
            
            <a class="navhash" href="#138">#</a>
						
              <code id="138">/usr/include/stdlib.h:377:1: error: '__END_NAMESPACE_STD' does not name a type</code><br />
						
            
            <a class="navhash" href="#139">#</a>
						
              <code id="139"> __END_NAMESPACE_STD</code><br />
						
            
            <a class="navhash" href="#140">#</a>
						
              <code id="140"> ^~~~~~~~~~~~~~~~~~~</code><br />
						
            
            <a class="navhash" href="#141">#</a>
						<span class="error">
              <code id="141">/usr/include/stdlib.h:469:6: error: expected initializer before '__THROW'</code><br />
						</span>
            
            <a class="navhash" href="#142">#</a>
						
              <code id="142">      __THROW __attribute_malloc__ __wur;</code><br />
						
            
            <a class="navhash" href="#143">#</a>
						
              <code id="143">      ^~~~~~~</code><br />
						
            
            <a class="navhash" href="#144">#</a>
						
              <code id="144">/usr/include/stdlib.h:470:1: error: '__END_NAMESPACE_STD' does not name a type</code><br />
						
            
            <a class="navhash" href="#145">#</a>
						
              <code id="145"> __END_NAMESPACE_STD</code><br />
						
            
            <a class="navhash" href="#146">#</a>
						
              <code id="146"> ^~~~~~~~~~~~~~~~~~~</code><br />
						
            
            <a class="navhash" href="#147">#</a>
						
              <code id="147">/usr/include/stdlib.h:483:32: error: expected initializer before '__THROW'</code><br />
						
            
            <a class="navhash" href="#148">#</a>
						
              <code id="148"> extern void free (void *__ptr) __THROW;</code><br />
						
            
            <a class="navhash" href="#149">#</a>
						
              <code id="149">                                ^~~~~~~</code><br />
						
            
            <a class="navhash" href="#150">#</a>
						
              <code id="150">/usr/include/stdlib.h:484:1: error: '__END_NAMESPACE_STD' does not name a type</code><br />
						
            
            <a class="navhash" href="#151">#</a>
						
              <code id="151"> __END_NAMESPACE_STD</code><br />
						
            
            <a class="navhash" href="#152">#</a>
						
              <code id="152"> ^~~~~~~~~~~~~~~~~~~</code><br />
						
            
            <a class="navhash" href="#153">#</a>
						
              <code id="153">/usr/include/stdlib.h:519:43: error: expected initializer before '__THROW'</code><br />
						
            
            <a class="navhash" href="#154">#</a>
						
              <code id="154"> extern int atexit (void (*__func) (void)) __THROW __nonnull ((1));</code><br />
						
            
            <a class="navhash" href="#155">#</a>
						
              <code id="155">                                           ^~~~~~~</code><br />
						
            
            <a class="navhash" href="#156">#</a>
						
              <code id="156">/usr/include/stdlib.h:530:1: error: '__END_NAMESPACE_STD' does not name a type</code><br />
						
            
            <a class="navhash" href="#157">#</a>
						
              <code id="157"> __END_NAMESPACE_STD</code><br />
						
            
            <a class="navhash" href="#158">#</a>
						
              <code id="158"> ^~~~~~~~~~~~~~~~~~~</code><br />
						
            
            <a class="navhash" href="#159">#</a>
						
              <code id="159">/usr/include/stdlib.h:551:1: error: '__END_NAMESPACE_STD' does not name a type</code><br />
						
            
            <a class="navhash" href="#160">#</a>
						
              <code id="160"> __END_NAMESPACE_STD</code><br />
						
            
            <a class="navhash" href="#161">#</a>
						
              <code id="161"> ^~~~~~~~~~~~~~~~~~~</code><br />
						
            
            <a class="navhash" href="#162">#</a>
						
              <code id="162">/usr/include/stdlib.h:565:1: error: '__END_NAMESPACE_STD' does not name a type</code><br />
						
            
            <a class="navhash" href="#163">#</a>
						
              <code id="163"> __END_NAMESPACE_STD</code><br />
						
            
            <a class="navhash" href="#164">#</a>
						
              <code id="164"> ^~~~~~~~~~~~~~~~~~~</code><br />
						
            
            <a class="navhash" href="#165">#</a>
						
              <code id="165">/usr/include/stdlib.h:717:1: error: '__END_NAMESPACE_STD' does not name a type</code><br />
						
            
            <a class="navhash" href="#166">#</a>
						
              <code id="166"> __END_NAMESPACE_STD</code><br />
						
            
            <a class="navhash" href="#167">#</a>
						
              <code id="167"> ^~~~~~~~~~~~~~~~~~~</code><br />
						
            
            <a class="navhash" href="#168">#</a>
						
              <code id="168">/usr/include/stdlib.h:751:1: error: '__BEGIN_NAMESPACE_STD' does not name a type</code><br />
						
            
            <a class="navhash" href="#169">#</a>
						
              <code id="169"> __BEGIN_NAMESPACE_STD</code><br />
						
            
            <a class="navhash" href="#170">#</a>
						
              <code id="170"> ^~~~~~~~~~~~~~~~~~~~~</code><br />
						
            
            <a class="navhash" href="#171">#</a>
						
              <code id="171">/usr/include/stdlib.h:765:6: error: '__compar_fn_t' has not been declared</code><br />
						
            
            <a class="navhash" href="#172">#</a>
						
              <code id="172">      __compar_fn_t __compar) __nonnull ((1, 4));</code><br />
						
            
            <a class="navhash" href="#173">#</a>
						
              <code id="173">      ^~~~~~~~~~~~~</code><br />
						
            
            <a class="navhash" href="#174">#</a>
						
              <code id="174">/usr/include/stdlib.h:765:30: error: expected initializer before '__nonnull'</code><br />
						
            
            <a class="navhash" href="#175">#</a>
						
              <code id="175">      __compar_fn_t __compar) __nonnull ((1, 4));</code><br />
						
            
            <a class="navhash" href="#176">#</a>
						
              <code id="176">                              ^~~~~~~~~</code><br />
						
            
            <a class="navhash" href="#177">#</a>
						
              <code id="177">/usr/include/stdlib.h:774:26: error: expected initializer before '__THROW'</code><br />
						
            
            <a class="navhash" href="#178">#</a>
						
              <code id="178"> extern int abs (int __x) __THROW __attribute__ ((__const__)) __wur;</code><br />
						
            
            <a class="navhash" href="#179">#</a>
						
              <code id="179">                          ^~~~~~~</code><br />
						
            
            <a class="navhash" href="#180">#</a>
						
              <code id="180">/usr/include/stdlib.h:775:37: error: expected initializer before '__THROW'</code><br />
						
            
            <a class="navhash" href="#181">#</a>
						
              <code id="181"> extern long int labs (long int __x) __THROW __attribute__ ((__const__)) __wur;</code><br />
						
            
            <a class="navhash" href="#182">#</a>
						
              <code id="182">                                     ^~~~~~~</code><br />
						
            
            <a class="navhash" href="#183">#</a>
						
              <code id="183">/usr/include/stdlib.h:776:1: error: '__END_NAMESPACE_STD' does not name a type</code><br />
						
            
            <a class="navhash" href="#184">#</a>
						
              <code id="184"> __END_NAMESPACE_STD</code><br />
						
            
            <a class="navhash" href="#185">#</a>
						
              <code id="185"> ^~~~~~~~~~~~~~~~~~~</code><br />
						
            
            <a class="navhash" href="#186">#</a>
						<span class="error">
              <code id="186">/usr/include/stdlib.h:791:6: error: expected initializer before '__THROW'</code><br />
						</span>
            
            <a class="navhash" href="#187">#</a>
						
              <code id="187">      __THROW __attribute__ ((__const__)) __wur;</code><br />
						
            
            <a class="navhash" href="#188">#</a>
						
              <code id="188">      ^~~~~~~</code><br />
						
            
            <a class="navhash" href="#189">#</a>
						
              <code id="189">/usr/include/stdlib.h:792:1: error: '__END_NAMESPACE_STD' does not name a type</code><br />
						
            
            <a class="navhash" href="#190">#</a>
						
              <code id="190"> __END_NAMESPACE_STD</code><br />
						
            
            <a class="navhash" href="#191">#</a>
						
              <code id="191"> ^~~~~~~~~~~~~~~~~~~</code><br />
						
            
            <a class="navhash" href="#192">#</a>
						
              <code id="192">/usr/include/stdlib.h:866:46: error: expected initializer before '__THROW'</code><br />
						
            
            <a class="navhash" href="#193">#</a>
						
              <code id="193">      const char *__restrict __s, size_t __n) __THROW;</code><br />
						
            
            <a class="navhash" href="#194">#</a>
						
              <code id="194">                                              ^~~~~~~</code><br />
						
            
            <a class="navhash" href="#195">#</a>
						
              <code id="195">/usr/include/stdlib.h:869:48: error: expected initializer before '__THROW'</code><br />
						
            
            <a class="navhash" href="#196">#</a>
						
              <code id="196"> extern int wctomb (char *__s, wchar_t __wchar) __THROW;</code><br />
						
            
            <a class="navhash" href="#197">#</a>
						
              <code id="197">                                                ^~~~~~~</code><br />
						
            
            <a class="navhash" href="#198">#</a>
						
              <code id="198">/usr/include/stdlib.h:874:44: error: expected initializer before '__THROW'</code><br />
						
            
            <a class="navhash" href="#199">#</a>
						
              <code id="199">    const char *__restrict __s, size_t __n) __THROW;</code><br />
						
            
            <a class="navhash" href="#200">#</a>
						
              <code id="200">                                            ^~~~~~~</code><br />
						
            
            <a class="navhash" href="#201">#</a>
						<span class="error">
              <code id="201">/usr/include/stdlib.h:878:6: error: expected initializer before '__THROW'</code><br />
						</span>
            
            <a class="navhash" href="#202">#</a>
						
              <code id="202">      __THROW;</code><br />
						
            
            <a class="navhash" href="#203">#</a>
						
              <code id="203">      ^~~~~~~</code><br />
						
            
            <a class="navhash" href="#204">#</a>
						
              <code id="204">/usr/include/stdlib.h:879:1: error: '__END_NAMESPACE_STD' does not name a type</code><br />
						
            
            <a class="navhash" href="#205">#</a>
						
              <code id="205"> __END_NAMESPACE_STD</code><br />
						
            
            <a class="navhash" href="#206">#</a>
						
              <code id="206"> ^~~~~~~~~~~~~~~~~~~</code><br />
						
            
            <a class="navhash" href="#207">#</a>
						
              <code id="207">In file included from /usr/include/c++/6.1.1/string:52:0,</code><br />
						
            
            <a class="navhash" href="#208">#</a>
						
              <code id="208">                 from /usr/include/c++/6.1.1/bits/locale_classes.h:40,</code><br />
						
            
            <a class="navhash" href="#209">#</a>
						
              <code id="209">                 from /usr/include/c++/6.1.1/bits/ios_base.h:41,</code><br />
						
            
            <a class="navhash" href="#210">#</a>
						
              <code id="210">                 from /usr/include/c++/6.1.1/ios:42,</code><br />
						
            
            <a class="navhash" href="#211">#</a>
						
              <code id="211">                 from /usr/include/c++/6.1.1/istream:38,</code><br />
						
            
            <a class="navhash" href="#212">#</a>
						
              <code id="212">                 from /usr/include/c++/6.1.1/sstream:38,</code><br />
						
            
            <a class="navhash" href="#213">#</a>
						
              <code id="213">                 from iterator.cc:8:</code><br />
						
            
            <a class="navhash" href="#214">#</a>
						
              <code id="214">/usr/include/c++/6.1.1/bits/basic_string.h: In function 'int std::__cxx11::stoi(const string&, std::size_t*, int)':</code><br />
						
            
            <a class="navhash" href="#215">#</a>
						
              <code id="215">/usr/include/c++/6.1.1/bits/basic_string.h:5413:42: error: 'strtol' is not a member of 'std'</code><br />
						
            
            <a class="navhash" href="#216">#</a>
						
              <code id="216">   { return __gnu_cxx::__stoa<long, int>(&std::strtol, "stoi", __str.c_str(),</code><br />
						
            
            <a class="navhash" href="#217">#</a>
						
              <code id="217">                                          ^~~</code><br />
						
            
            <a class="navhash" href="#218">#</a>
						
              <code id="218">/usr/include/c++/6.1.1/bits/basic_string.h: In function 'long int std::__cxx11::stol(const string&, std::size_t*, int)':</code><br />
						
            
            <a class="navhash" href="#219">#</a>
						
              <code id="219">/usr/include/c++/6.1.1/bits/basic_string.h:5418:31: error: 'strtol' is not a member of 'std'</code><br />
						
            
            <a class="navhash" href="#220">#</a>
						
              <code id="220">   { return __gnu_cxx::__stoa(&std::strtol, "stol", __str.c_str(),</code><br />
						
            
            <a class="navhash" href="#221">#</a>
						
              <code id="221">                               ^~~</code><br />
						
            
            <a class="navhash" href="#222">#</a>
						
              <code id="222">/usr/include/c++/6.1.1/bits/basic_string.h: In function 'long unsigned int std::__cxx11::stoul(const string&, std::size_t*, int)':</code><br />
						
            
            <a class="navhash" href="#223">#</a>
						
              <code id="223">/usr/include/c++/6.1.1/bits/basic_string.h:5423:31: error: 'strtoul' is not a member of 'std'</code><br />
						
            
            <a class="navhash" href="#224">#</a>
						
              <code id="224">   { return __gnu_cxx::__stoa(&std::strtoul, "stoul", __str.c_str(),</code><br />
						
            
            <a class="navhash" href="#225">#</a>
						
              <code id="225">                               ^~~</code><br />
						
            
            <a class="navhash" href="#226">#</a>
						
              <code id="226">/usr/include/c++/6.1.1/bits/basic_string.h: In function 'long long int std::__cxx11::stoll(const string&, std::size_t*, int)':</code><br />
						
            
            <a class="navhash" href="#227">#</a>
						
              <code id="227">/usr/include/c++/6.1.1/bits/basic_string.h:5428:31: error: 'strtoll' is not a member of 'std'</code><br />
						
            
            <a class="navhash" href="#228">#</a>
						
              <code id="228">   { return __gnu_cxx::__stoa(&std::strtoll, "stoll", __str.c_str(),</code><br />
						
            
            <a class="navhash" href="#229">#</a>
						
              <code id="229">                               ^~~</code><br />
						
            
            <a class="navhash" href="#230">#</a>
						
              <code id="230">/usr/include/c++/6.1.1/bits/basic_string.h: In function 'long long unsigned int std::__cxx11::stoull(const string&, std::size_t*, int)':</code><br />
						
            
            <a class="navhash" href="#231">#</a>
						
              <code id="231">/usr/include/c++/6.1.1/bits/basic_string.h:5433:31: error: 'strtoull' is not a member of 'std'</code><br />
						
            
            <a class="navhash" href="#232">#</a>
						
              <code id="232">   { return __gnu_cxx::__stoa(&std::strtoull, "stoull", __str.c_str(),</code><br />
						
            
            <a class="navhash" href="#233">#</a>
						
              <code id="233">                               ^~~</code><br />
						
            
            <a class="navhash" href="#234">#</a>
						
              <code id="234">/usr/include/c++/6.1.1/bits/basic_string.h: In function 'float std::__cxx11::stof(const string&, std::size_t*)':</code><br />
						
            
            <a class="navhash" href="#235">#</a>
						
              <code id="235">/usr/include/c++/6.1.1/bits/basic_string.h:5439:31: error: 'strtof' is not a member of 'std'</code><br />
						
            
            <a class="navhash" href="#236">#</a>
						
              <code id="236">   { return __gnu_cxx::__stoa(&std::strtof, "stof", __str.c_str(), __idx); }</code><br />
						
            
            <a class="navhash" href="#237">#</a>
						
              <code id="237">                               ^~~</code><br />
						
            
            <a class="navhash" href="#238">#</a>
						
              <code id="238">/usr/include/c++/6.1.1/bits/basic_string.h: In function 'double std::__cxx11::stod(const string&, std::size_t*)':</code><br />
						
            
            <a class="navhash" href="#239">#</a>
						
              <code id="239">/usr/include/c++/6.1.1/bits/basic_string.h:5443:31: error: 'strtod' is not a member of 'std'</code><br />
						
            
            <a class="navhash" href="#240">#</a>
						
              <code id="240">   { return __gnu_cxx::__stoa(&std::strtod, "stod", __str.c_str(), __idx); }</code><br />
						
            
            <a class="navhash" href="#241">#</a>
						
              <code id="241">                               ^~~</code><br />
						
            
            <a class="navhash" href="#242">#</a>
						
              <code id="242">/usr/include/c++/6.1.1/bits/basic_string.h: In function 'long double std::__cxx11::stold(const string&, std::size_t*)':</code><br />
						
            
            <a class="navhash" href="#243">#</a>
						
              <code id="243">/usr/include/c++/6.1.1/bits/basic_string.h:5447:31: error: 'strtold' is not a member of 'std'</code><br />
						
            
            <a class="navhash" href="#244">#</a>
						
              <code id="244">   { return __gnu_cxx::__stoa(&std::strtold, "stold", __str.c_str(), __idx); }</code><br />
						
            
            <a class="navhash" href="#245">#</a>
						
              <code id="245">                               ^~~</code><br />
						
            
            <a class="navhash" href="#246">#</a>
						
              <code id="246">In file included from /usr/include/c++/6.1.1/cstdlib:75:0,</code><br />
						
            
            <a class="navhash" href="#247">#</a>
						
              <code id="247">                 from /usr/include/c++/6.1.1/ext/string_conversions.h:41,</code><br />
						
            
            <a class="navhash" href="#248">#</a>
						
              <code id="248">                 from /usr/include/c++/6.1.1/bits/basic_string.h:5402,</code><br />
						
            
            <a class="navhash" href="#249">#</a>
						
              <code id="249">                 from /usr/include/c++/6.1.1/string:52,</code><br />
						
            
            <a class="navhash" href="#250">#</a>
						
              <code id="250">                 from /usr/include/c++/6.1.1/bits/locale_classes.h:40,</code><br />
						
            
            <a class="navhash" href="#251">#</a>
						
              <code id="251">                 from /usr/include/c++/6.1.1/bits/ios_base.h:41,</code><br />
						
            
            <a class="navhash" href="#252">#</a>
						
              <code id="252">                 from /usr/include/c++/6.1.1/ios:42,</code><br />
						
            
            <a class="navhash" href="#253">#</a>
						
              <code id="253">                 from /usr/include/c++/6.1.1/ostream:38,</code><br />
						
            
            <a class="navhash" href="#254">#</a>
						
              <code id="254">                 from /usr/include/c++/6.1.1/iostream:39,</code><br />
						
            
            <a class="navhash" href="#255">#</a>
						
              <code id="255">                 from db.cc:12:</code><br />
						
            
            <a class="navhash" href="#256">#</a>
						
              <code id="256">/usr/include/stdlib.h:34:1: error: '__BEGIN_DECLS' does not name a type</code><br />
						
            
            <a class="navhash" href="#257">#</a>
						
              <code id="257"> __BEGIN_DECLS</code><br />
						
            
            <a class="navhash" href="#258">#</a>
						
              <code id="258"> ^~~~~~~~~~~~~</code><br />
						
            
            <a class="navhash" href="#259">#</a>
						
              <code id="259">/usr/include/stdlib.h:101:5: error: 'div_t' does not name a type</code><br />
						
            
            <a class="navhash" href="#260">#</a>
						
              <code id="260">   } div_t;</code><br />
						
            
            <a class="navhash" href="#261">#</a>
						
              <code id="261">     ^~~~~</code><br />
						
            
            <a class="navhash" href="#262">#</a>
						
              <code id="262">/usr/include/stdlib.h:112:1: error: '__END_NAMESPACE_STD' does not name a type</code><br />
						
            
            <a class="navhash" href="#263">#</a>
						
              <code id="263"> __END_NAMESPACE_STD</code><br />
						
            
            <a class="navhash" href="#264">#</a>
						
              <code id="264"> ^~~~~~~~~~~~~~~~~~~</code><br />
						
            
            <a class="navhash" href="#265">#</a>
						
              <code id="265">/usr/include/stdlib.h:142:1: error: '__BEGIN_NAMESPACE_STD' does not name a type</code><br />
						
            
            <a class="navhash" href="#266">#</a>
						
              <code id="266"> __BEGIN_NAMESPACE_STD</code><br />
						
            
            <a class="navhash" href="#267">#</a>
						
              <code id="267"> ^~~~~~~~~~~~~~~~~~~~~</code><br />
						
            
            <a class="navhash" href="#268">#</a>
						<span class="error">
              <code id="268">/usr/include/stdlib.h:148:6: error: expected initializer before '__THROW'</code><br />
						</span>
            
            <a class="navhash" href="#269">#</a>
						
              <code id="269">      __THROW __attribute_pure__ __nonnull ((1)) __wur;</code><br />
						
            
            <a class="navhash" href="#270">#</a>
						
              <code id="270">      ^~~~~~~</code><br />
						
            
            <a class="navhash" href="#271">#</a>
						<span class="error">
              <code id="271">/usr/include/stdlib.h:151:6: error: expected initializer before '__THROW'</code><br />
						</span>
            
            <a class="navhash" href="#272">#</a>
						
              <code id="272">      __THROW __attribute_pure__ __nonnull ((1)) __wur;</code><br />
						
            
            <a class="navhash" href="#273">#</a>
						
              <code id="273">      ^~~~~~~</code><br />
						
            
            <a class="navhash" href="#274">#</a>
						
              <code id="274">/usr/include/stdlib.h:152:1: error: '__END_NAMESPACE_STD' does not name a type</code><br />
						
            
            <a class="navhash" href="#275">#</a>
						
              <code id="275"> __END_NAMESPACE_STD</code><br />
						
            
            <a class="navhash" href="#276">#</a>
						
              <code id="276"> ^~~~~~~~~~~~~~~~~~~</code><br />
						
            
            <a class="navhash" href="#277">#</a>
						
              <code id="277">/usr/include/stdlib.h:167:1: error: '__END_NAMESPACE_STD' does not name a type</code><br />
						
            
            <a class="navhash" href="#278">#</a>
						
              <code id="278"> __END_NAMESPACE_STD</code><br />
						
            
            <a class="navhash" href="#279">#</a>
						
              <code id="279"> ^~~~~~~~~~~~~~~~~~~</code><br />
						
            
            <a class="navhash" href="#280">#</a>
						<span class="error">
              <code id="280">/usr/include/stdlib.h:189:6: error: expected initializer before '__THROW'</code><br />
						</span>
            
            <a class="navhash" href="#281">#</a>
						
              <code id="281">      __THROW __nonnull ((1));</code><br />
						
            
            <a class="navhash" href="#282">#</a>
						
              <code id="282">      ^~~~~~~</code><br />
						
            
            <a class="navhash" href="#283">#</a>
						
              <code id="283">/usr/include/stdlib.h:190:1: error: '__END_NAMESPACE_STD' does not name a type</code><br />
						
            
            <a class="navhash" href="#284">#</a>
						
              <code id="284"> __END_NAMESPACE_STD</code><br />
						
            
            <a class="navhash" href="#285">#</a>
						
              <code id="285"> ^~~~~~~~~~~~~~~~~~~</code><br />
						
            
            <a class="navhash" href="#286">#</a>
						
              <code id="286">/usr/include/stdlib.h:376:41: error: expected initializer before '__THROW'</code><br />
						
            
            <a class="navhash" href="#287">#</a>
						
              <code id="287"> extern void srand (unsigned int __seed) __THROW;</code><br />
						
            
            <a class="navhash" href="#288">#</a>
						
              <code id="288">                                         ^~~~~~~</code><br />
						
            
            <a class="navhash" href="#289">#</a>
						
              <code id="289">/usr/include/stdlib.h:377:1: error: '__END_NAMESPACE_STD' does not name a type</code><br />
						
            
            <a class="navhash" href="#290">#</a>
						
              <code id="290"> __END_NAMESPACE_STD</code><br />
						
            
            <a class="navhash" href="#291">#</a>
						
              <code id="291"> ^~~~~~~~~~~~~~~~~~~</code><br />
						
            
            <a class="navhash" href="#292">#</a>
						<span class="error">
              <code id="292">/usr/include/stdlib.h:469:6: error: expected initializer before '__THROW'</code><br />
						</span>
            
            <a class="navhash" href="#293">#</a>
						
              <code id="293">      __THROW __attribute_malloc__ __wur;</code><br />
						
            
            <a class="navhash" href="#294">#</a>
						
              <code id="294">      ^~~~~~~</code><br />
						
            
            <a class="navhash" href="#295">#</a>
						
              <code id="295">/usr/include/stdlib.h:470:1: error: '__END_NAMESPACE_STD' does not name a type</code><br />
						
            
            <a class="navhash" href="#296">#</a>
						
              <code id="296"> __END_NAMESPACE_STD</code><br />
						
            
            <a class="navhash" href="#297">#</a>
						
              <code id="297"> ^~~~~~~~~~~~~~~~~~~</code><br />
						
            
            <a class="navhash" href="#298">#</a>
						
              <code id="298">/usr/include/stdlib.h:483:32: error: expected initializer before '__THROW'</code><br />
						
            
            <a class="navhash" href="#299">#</a>
						
              <code id="299"> extern void free (void *__ptr) __THROW;</code><br />
						
            
            <a class="navhash" href="#300">#</a>
						
              <code id="300">                                ^~~~~~~</code><br />
						
            
            <a class="navhash" href="#301">#</a>
						
              <code id="301">/usr/include/stdlib.h:484:1: error: '__END_NAMESPACE_STD' does not name a type</code><br />
						
            
            <a class="navhash" href="#302">#</a>
						
              <code id="302"> __END_NAMESPACE_STD</code><br />
						
            
            <a class="navhash" href="#303">#</a>
						
              <code id="303"> ^~~~~~~~~~~~~~~~~~~</code><br />
						
            
            <a class="navhash" href="#304">#</a>
						
              <code id="304">/usr/include/stdlib.h:519:43: error: expected initializer before '__THROW'</code><br />
						
            
            <a class="navhash" href="#305">#</a>
						
              <code id="305"> extern int atexit (void (*__func) (void)) __THROW __nonnull ((1));</code><br />
						
            
            <a class="navhash" href="#306">#</a>
						
              <code id="306">                                           ^~~~~~~</code><br />
						
            
            <a class="navhash" href="#307">#</a>
						
              <code id="307">/usr/include/stdlib.h:530:1: error: '__END_NAMESPACE_STD' does not name a type</code><br />
						
            
            <a class="navhash" href="#308">#</a>
						
              <code id="308"> __END_NAMESPACE_STD</code><br />
						
            
            <a class="navhash" href="#309">#</a>
						
              <code id="309"> ^~~~~~~~~~~~~~~~~~~</code><br />
						
            
            <a class="navhash" href="#310">#</a>
						
              <code id="310">/usr/include/stdlib.h:551:1: error: '__END_NAMESPACE_STD' does not name a type</code><br />
						
            
            <a class="navhash" href="#311">#</a>
						
              <code id="311"> __END_NAMESPACE_STD</code><br />
						
            
            <a class="navhash" href="#312">#</a>
						
              <code id="312"> ^~~~~~~~~~~~~~~~~~~</code><br />
						
            
            <a class="navhash" href="#313">#</a>
						
              <code id="313">/usr/include/stdlib.h:565:1: error: '__END_NAMESPACE_STD' does not name a type</code><br />
						
            
            <a class="navhash" href="#314">#</a>
						
              <code id="314"> __END_NAMESPACE_STD</code><br />
						
            
            <a class="navhash" href="#315">#</a>
						
              <code id="315"> ^~~~~~~~~~~~~~~~~~~</code><br />
						
            
            <a class="navhash" href="#316">#</a>
						
              <code id="316">/usr/include/stdlib.h:717:1: error: '__END_NAMESPACE_STD' does not name a type</code><br />
						
            
            <a class="navhash" href="#317">#</a>
						
              <code id="317"> __END_NAMESPACE_STD</code><br />
						
            
            <a class="navhash" href="#318">#</a>
						
              <code id="318"> ^~~~~~~~~~~~~~~~~~~</code><br />
						
            
            <a class="navhash" href="#319">#</a>
						
              <code id="319">/usr/include/stdlib.h:751:1: error: '__BEGIN_NAMESPACE_STD' does not name a type</code><br />
						
            
            <a class="navhash" href="#320">#</a>
						
              <code id="320"> __BEGIN_NAMESPACE_STD</code><br />
						
            
            <a class="navhash" href="#321">#</a>
						
              <code id="321"> ^~~~~~~~~~~~~~~~~~~~~</code><br />
						
            
            <a class="navhash" href="#322">#</a>
						
              <code id="322">/usr/include/stdlib.h:765:6: error: '__compar_fn_t' has not been declared</code><br />
						
            
            <a class="navhash" href="#323">#</a>
						
              <code id="323">      __compar_fn_t __compar) __nonnull ((1, 4));</code><br />
						
            
            <a class="navhash" href="#324">#</a>
						
              <code id="324">      ^~~~~~~~~~~~~</code><br />
						
            
            <a class="navhash" href="#325">#</a>
						
              <code id="325">/usr/include/stdlib.h:765:30: error: expected initializer before '__nonnull'</code><br />
						
            
            <a class="navhash" href="#326">#</a>
						
              <code id="326">      __compar_fn_t __compar) __nonnull ((1, 4));</code><br />
						
            
            <a class="navhash" href="#327">#</a>
						
              <code id="327">                              ^~~~~~~~~</code><br />
						
            
            <a class="navhash" href="#328">#</a>
						
              <code id="328">/usr/include/stdlib.h:774:26: error: expected initializer before '__THROW'</code><br />
						
            
            <a class="navhash" href="#329">#</a>
						
              <code id="329"> extern int abs (int __x) __THROW __attribute__ ((__const__)) __wur;</code><br />
						
            
            <a class="navhash" href="#330">#</a>
						
              <code id="330">                          ^~~~~~~</code><br />
						
            
            <a class="navhash" href="#331">#</a>
						
              <code id="331">/usr/include/stdlib.h:775:37: error: expected initializer before '__THROW'</code><br />
						
            
            <a class="navhash" href="#332">#</a>
						
              <code id="332"> extern long int labs (long int __x) __THROW __attribute__ ((__const__)) __wur;</code><br />
						
            
            <a class="navhash" href="#333">#</a>
						
              <code id="333">                                     ^~~~~~~</code><br />
						
            
            <a class="navhash" href="#334">#</a>
						
              <code id="334">/usr/include/stdlib.h:776:1: error: '__END_NAMESPACE_STD' does not name a type</code><br />
						
            
            <a class="navhash" href="#335">#</a>
						
              <code id="335"> __END_NAMESPACE_STD</code><br />
						
            
            <a class="navhash" href="#336">#</a>
						
              <code id="336"> ^~~~~~~~~~~~~~~~~~~</code><br />
						
            
            <a class="navhash" href="#337">#</a>
						<span class="error">
              <code id="337">/usr/include/stdlib.h:791:6: error: expected initializer before '__THROW'</code><br />
						</span>
            
            <a class="navhash" href="#338">#</a>
						
              <code id="338">      __THROW __attribute__ ((__const__)) __wur;</code><br />
						
            
            <a class="navhash" href="#339">#</a>
						
              <code id="339">      ^~~~~~~</code><br />
						
            
            <a class="navhash" href="#340">#</a>
						
              <code id="340">/usr/include/stdlib.h:792:1: error: '__END_NAMESPACE_STD' does not name a type</code><br />
						
            
            <a class="navhash" href="#341">#</a>
						
              <code id="341"> __END_NAMESPACE_STD</code><br />
						
            
            <a class="navhash" href="#342">#</a>
						
              <code id="342"> ^~~~~~~~~~~~~~~~~~~</code><br />
						
            
            <a class="navhash" href="#343">#</a>
						
              <code id="343">/usr/include/stdlib.h:866:46: error: expected initializer before '__THROW'</code><br />
						
            
            <a class="navhash" href="#344">#</a>
						
              <code id="344">      const char *__restrict __s, size_t __n) __THROW;</code><br />
						
            
            <a class="navhash" href="#345">#</a>
						
              <code id="345">                                              ^~~~~~~</code><br />
						
            
            <a class="navhash" href="#346">#</a>
						
              <code id="346">/usr/include/stdlib.h:869:48: error: expected initializer before '__THROW'</code><br />
						
            
            <a class="navhash" href="#347">#</a>
						
              <code id="347"> extern int wctomb (char *__s, wchar_t __wchar) __THROW;</code><br />
						
            
            <a class="navhash" href="#348">#</a>
						
              <code id="348">                                                ^~~~~~~</code><br />
						
            
            <a class="navhash" href="#349">#</a>
						
              <code id="349">/usr/include/stdlib.h:874:44: error: expected initializer before '__THROW'</code><br />
						
            
            <a class="navhash" href="#350">#</a>
						
              <code id="350">    const char *__restrict __s, size_t __n) __THROW;</code><br />
						
            
            <a class="navhash" href="#351">#</a>
						
              <code id="351">                                            ^~~~~~~</code><br />
						
            
            <a class="navhash" href="#352">#</a>
						<span class="error">
              <code id="352">/usr/include/stdlib.h:878:6: error: expected initializer before '__THROW'</code><br />
						</span>
            
            <a class="navhash" href="#353">#</a>
						
              <code id="353">      __THROW;</code><br />
						
            
            <a class="navhash" href="#354">#</a>
						
              <code id="354">      ^~~~~~~</code><br />
						
            
            <a class="navhash" href="#355">#</a>
						
              <code id="355">/usr/include/stdlib.h:879:1: error: '__END_NAMESPACE_STD' does not name a type</code><br />
						
            
            <a class="navhash" href="#356">#</a>
						
              <code id="356"> __END_NAMESPACE_STD</code><br />
						
            
            <a class="navhash" href="#357">#</a>
						
              <code id="357"> ^~~~~~~~~~~~~~~~~~~</code><br />
						
            
            <a class="navhash" href="#358">#</a>
						
              <code id="358">In file included from /usr/include/c++/6.1.1/string:52:0,</code><br />
						
            
            <a class="navhash" href="#359">#</a>
						
              <code id="359">                 from /usr/include/c++/6.1.1/bits/locale_classes.h:40,</code><br />
						
            
            <a class="navhash" href="#360">#</a>
						
              <code id="360">                 from /usr/include/c++/6.1.1/bits/ios_base.h:41,</code><br />
						
            
            <a class="navhash" href="#361">#</a>
						
              <code id="361">                 from /usr/include/c++/6.1.1/ios:42,</code><br />
						
            
            <a class="navhash" href="#362">#</a>
						
              <code id="362">                 from /usr/include/c++/6.1.1/ostream:38,</code><br />
						
            
            <a class="navhash" href="#363">#</a>
						
              <code id="363">                 from /usr/include/c++/6.1.1/iostream:39,</code><br />
						
            
            <a class="navhash" href="#364">#</a>
						
              <code id="364">                 from db.cc:12:</code><br />
						
            
            <a class="navhash" href="#365">#</a>
						
              <code id="365">/usr/include/c++/6.1.1/bits/basic_string.h: In function 'int std::__cxx11::stoi(const string&, std::size_t*, int)':</code><br />
						
            
            <a class="navhash" href="#366">#</a>
						
              <code id="366">/usr/include/c++/6.1.1/bits/basic_string.h:5413:42: error: 'strtol' is not a member of 'std'</code><br />
						
            
            <a class="navhash" href="#367">#</a>
						
              <code id="367">   { return __gnu_cxx::__stoa<long, int>(&std::strtol, "stoi", __str.c_str(),</code><br />
						
            
            <a class="navhash" href="#368">#</a>
						
              <code id="368">                                          ^~~</code><br />
						
            
            <a class="navhash" href="#369">#</a>
						
              <code id="369">/usr/include/c++/6.1.1/bits/basic_string.h: In function 'long int std::__cxx11::stol(const string&, std::size_t*, int)':</code><br />
						
            
            <a class="navhash" href="#370">#</a>
						
              <code id="370">/usr/include/c++/6.1.1/bits/basic_string.h:5418:31: error: 'strtol' is not a member of 'std'</code><br />
						
            
            <a class="navhash" href="#371">#</a>
						
              <code id="371">   { return __gnu_cxx::__stoa(&std::strtol, "stol", __str.c_str(),</code><br />
						
            
            <a class="navhash" href="#372">#</a>
						
              <code id="372">                               ^~~</code><br />
						
            
            <a class="navhash" href="#373">#</a>
						
              <code id="373">/usr/include/c++/6.1.1/bits/basic_string.h: In function 'long unsigned int std::__cxx11::stoul(const string&, std::size_t*, int)':</code><br />
						
            
            <a class="navhash" href="#374">#</a>
						
              <code id="374">/usr/include/c++/6.1.1/bits/basic_string.h:5423:31: error: 'strtoul' is not a member of 'std'</code><br />
						
            
            <a class="navhash" href="#375">#</a>
						
              <code id="375">   { return __gnu_cxx::__stoa(&std::strtoul, "stoul", __str.c_str(),</code><br />
						
            
            <a class="navhash" href="#376">#</a>
						
              <code id="376">                               ^~~</code><br />
						
            
            <a class="navhash" href="#377">#</a>
						
              <code id="377">/usr/include/c++/6.1.1/bits/basic_string.h: In function 'long long int std::__cxx11::stoll(const string&, std::size_t*, int)':</code><br />
						
            
            <a class="navhash" href="#378">#</a>
						
              <code id="378">/usr/include/c++/6.1.1/bits/basic_string.h:5428:31: error: 'strtoll' is not a member of 'std'</code><br />
						
            
            <a class="navhash" href="#379">#</a>
						
              <code id="379">   { return __gnu_cxx::__stoa(&std::strtoll, "stoll", __str.c_str(),</code><br />
						
            
            <a class="navhash" href="#380">#</a>
						
              <code id="380">                               ^~~</code><br />
						
            
            <a class="navhash" href="#381">#</a>
						
              <code id="381">/usr/include/c++/6.1.1/bits/basic_string.h: In function 'long long unsigned int std::__cxx11::stoull(const string&, std::size_t*, int)':</code><br />
						
            
            <a class="navhash" href="#382">#</a>
						
              <code id="382">/usr/include/c++/6.1.1/bits/basic_string.h:5433:31: error: 'strtoull' is not a member of 'std'</code><br />
						
            
            <a class="navhash" href="#383">#</a>
						
              <code id="383">   { return __gnu_cxx::__stoa(&std::strtoull, "stoull", __str.c_str(),</code><br />
						
            
            <a class="navhash" href="#384">#</a>
						
              <code id="384">                               ^~~</code><br />
						
            
            <a class="navhash" href="#385">#</a>
						
              <code id="385">/usr/include/c++/6.1.1/bits/basic_string.h: In function 'float std::__cxx11::stof(const string&, std::size_t*)':</code><br />
						
            
            <a class="navhash" href="#386">#</a>
						
              <code id="386">/usr/include/c++/6.1.1/bits/basic_string.h:5439:31: error: 'strtof' is not a member of 'std'</code><br />
						
            
            <a class="navhash" href="#387">#</a>
						
              <code id="387">   { return __gnu_cxx::__stoa(&std::strtof, "stof", __str.c_str(), __idx); }</code><br />
						
            
            <a class="navhash" href="#388">#</a>
						
              <code id="388">                               ^~~</code><br />
						
            
            <a class="navhash" href="#389">#</a>
						
              <code id="389">/usr/include/c++/6.1.1/bits/basic_string.h: In function 'double std::__cxx11::stod(const string&, std::size_t*)':</code><br />
						
            
            <a class="navhash" href="#390">#</a>
						
              <code id="390">/usr/include/c++/6.1.1/bits/basic_string.h:5443:31: error: 'strtod' is not a member of 'std'</code><br />
						
            
            <a class="navhash" href="#391">#</a>
						
              <code id="391">   { return __gnu_cxx::__stoa(&std::strtod, "stod", __str.c_str(), __idx); }</code><br />
						
            
            <a class="navhash" href="#392">#</a>
						
              <code id="392">                               ^~~</code><br />
						
            
            <a class="navhash" href="#393">#</a>
						
              <code id="393">/usr/include/c++/6.1.1/bits/basic_string.h: In function 'long double std::__cxx11::stold(const string&, std::size_t*)':</code><br />
						
            
            <a class="navhash" href="#394">#</a>
						
              <code id="394">/usr/include/c++/6.1.1/bits/basic_string.h:5447:31: error: 'strtold' is not a member of 'std'</code><br />
						
            
            <a class="navhash" href="#395">#</a>
						
              <code id="395">   { return __gnu_cxx::__stoa(&std::strtold, "stold", __str.c_str(), __idx); }</code><br />
						
            
            <a class="navhash" href="#396">#</a>
						
              <code id="396">                               ^~~</code><br />
						
            
            <a class="navhash" href="#397">#</a>
						
              <code id="397">In file included from /usr/include/c++/6.1.1/bits/ios_base.h:41:0,</code><br />
						
            
            <a class="navhash" href="#398">#</a>
						
              <code id="398">                 from /usr/include/c++/6.1.1/ios:42,</code><br />
						
            
            <a class="navhash" href="#399">#</a>
						
              <code id="399">                 from /usr/include/c++/6.1.1/istream:38,</code><br />
						
            
            <a class="navhash" href="#400">#</a>
						
              <code id="400">                 from /usr/include/c++/6.1.1/sstream:38,</code><br />
						
            
            <a class="navhash" href="#401">#</a>
						
              <code id="401">                 from iterator.cc:8:</code><br />
						
            
            <a class="navhash" href="#402">#</a>
						
              <code id="402">/usr/include/c++/6.1.1/bits/locale_classes.h: At global scope:</code><br />
						
            
            <a class="navhash" href="#403">#</a>
						
              <code id="403">/usr/include/c++/6.1.1/bits/locale_classes.h:380:12: error: '__c_locale' does not name a type</code><br />
						
            
            <a class="navhash" href="#404">#</a>
						
              <code id="404">     static __c_locale                   _S_c_locale;</code><br />
						
            
            <a class="navhash" href="#405">#</a>
						
              <code id="405">            ^~~~~~~~~~</code><br />
						
            
            <a class="navhash" href="#406">#</a>
						
              <code id="406">/usr/include/c++/6.1.1/bits/locale_classes.h:411:24: error: '__c_locale' has not been declared</code><br />
						
            
            <a class="navhash" href="#407">#</a>
						
              <code id="407">     _S_create_c_locale(__c_locale& __cloc, const char* __s,</code><br />
						
            
            <a class="navhash" href="#408">#</a>
						
              <code id="408">                        ^~~~~~~~~~</code><br />
						
            
            <a class="navhash" href="#409">#</a>
						
              <code id="409">/usr/include/c++/6.1.1/bits/locale_classes.h:412:10: error: '__c_locale' has not been declared</code><br />
						
            
            <a class="navhash" href="#410">#</a>
						
              <code id="410">          __c_locale __old = 0);</code><br />
						
            
            <a class="navhash" href="#411">#</a>
						
              <code id="411">          ^~~~~~~~~~</code><br />
						
            
            <a class="navhash" href="#412">#</a>
						
              <code id="412">/usr/include/c++/6.1.1/bits/locale_classes.h:414:12: error: '__c_locale' does not name a type</code><br />
						
            
            <a class="navhash" href="#413">#</a>
						
              <code id="413">     static __c_locale</code><br />
						
            
            <a class="navhash" href="#414">#</a>
						
              <code id="414">            ^~~~~~~~~~</code><br />
						
            
            <a class="navhash" href="#415">#</a>
						
              <code id="415">/usr/include/c++/6.1.1/bits/locale_classes.h:418:25: error: '__c_locale' has not been declared</code><br />
						
            
            <a class="navhash" href="#416">#</a>
						
              <code id="416">     _S_destroy_c_locale(__c_locale& __cloc);</code><br />
						
            
            <a class="navhash" href="#417">#</a>
						
              <code id="417">                         ^~~~~~~~~~</code><br />
						
            
            <a class="navhash" href="#418">#</a>
						
              <code id="418">/usr/include/c++/6.1.1/bits/locale_classes.h:420:12: error: '__c_locale' does not name a type</code><br />
						
            
            <a class="navhash" href="#419">#</a>
						
              <code id="419">     static __c_locale</code><br />
						
            
            <a class="navhash" href="#420">#</a>
						
              <code id="420">            ^~~~~~~~~~</code><br />
						
            
            <a class="navhash" href="#421">#</a>
						
              <code id="421">/usr/include/c++/6.1.1/bits/locale_classes.h:425:12: error: '__c_locale' does not name a type</code><br />
						
            
            <a class="navhash" href="#422">#</a>
						
              <code id="422">     static __c_locale</code><br />
						
            
            <a class="navhash" href="#423">#</a>
						
              <code id="423">            ^~~~~~~~~~</code><br />
						
            
            <a class="navhash" href="#424">#</a>
						
              <code id="424">/usr/include/c++/6.1.1/bits/locale_classes.h:654:7: error: '__c_locale' does not name a type</code><br />
						
            
            <a class="navhash" href="#425">#</a>
						
              <code id="425">       __c_locale   _M_c_locale_collate;</code><br />
						
            
            <a class="navhash" href="#426">#</a>
						
              <code id="426">       ^~~~~~~~~~</code><br />
						
            
            <a class="navhash" href="#427">#</a>
						
              <code id="427">/usr/include/c++/6.1.1/bits/locale_classes.h:682:26: error: expected ')' before '__cloc'</code><br />
						
            
            <a class="navhash" href="#428">#</a>
						
              <code id="428">       collate(__c_locale __cloc, size_t __refs = 0)</code><br />
						
            
            <a class="navhash" href="#429">#</a>
						
              <code id="429">                          ^~~~~~</code><br />
						
            
            <a class="navhash" href="#430">#</a>
						
              <code id="430">/usr/include/c++/6.1.1/bits/locale_classes.h: In constructor 'std::__cxx11::collate<_CharT>::collate(std::size_t)':</code><br />
						
            
            <a class="navhash" href="#431">#</a>
						
              <code id="431">/usr/include/c++/6.1.1/bits/locale_classes.h:669:24: error: class 'std::__cxx11::collate<_CharT>' does not have any field named '_M_c_locale_collate'</code><br />
						
            
            <a class="navhash" href="#432">#</a>
						
              <code id="432">       : facet(__refs), _M_c_locale_collate(_S_get_c_locale())</code><br />
						
            
            <a class="navhash" href="#433">#</a>
						
              <code id="433">                        ^~~~~~~~~~~~~~~~~~~</code><br />
						
            
            <a class="navhash" href="#434">#</a>
						
              <code id="434">/usr/include/c++/6.1.1/bits/locale_classes.h:669:60: error: there are no arguments to '_S_get_c_locale' that depend on a template parameter, so a declaration of '_S_get_c_locale' must be available [-fpermissive]</code><br />
						
            
            <a class="navhash" href="#435">#</a>
						
              <code id="435">       : facet(__refs), _M_c_locale_collate(_S_get_c_locale())</code><br />
						
            
            <a class="navhash" href="#436">#</a>
						
              <code id="436">                                                            ^</code><br />
						
            
            <a class="navhash" href="#437">#</a>
						
              <code id="437">/usr/include/c++/6.1.1/bits/locale_classes.h:669:60: note: (if you use '-fpermissive', G++ will accept your code, but allowing the use of an undeclared name is deprecated)</code><br />
						
            
            <a class="navhash" href="#438">#</a>
						
              <code id="438">/usr/include/c++/6.1.1/bits/locale_classes.h: In destructor 'virtual std::__cxx11::collate<_CharT>::~collate()':</code><br />
						
            
            <a class="navhash" href="#439">#</a>
						
              <code id="439">/usr/include/c++/6.1.1/bits/locale_classes.h:746:29: error: '_M_c_locale_collate' was not declared in this scope</code><br />
						
            
            <a class="navhash" href="#440">#</a>
						
              <code id="440">       { _S_destroy_c_locale(_M_c_locale_collate); }</code><br />
						
            
            <a class="navhash" href="#441">#</a>
						
              <code id="441">                             ^~~~~~~~~~~~~~~~~~~</code><br />
						
            
            <a class="navhash" href="#442">#</a>
						
              <code id="442">In file included from /usr/include/c++/6.1.1/bits/ios_base.h:41:0,</code><br />
						
            
            <a class="navhash" href="#443">#</a>
						
              <code id="443">                 from /usr/include/c++/6.1.1/ios:42,</code><br />
						
            
            <a class="navhash" href="#444">#</a>
						
              <code id="444">                 from /usr/include/c++/6.1.1/ostream:38,</code><br />
						
            
            <a class="navhash" href="#445">#</a>
						
              <code id="445">                 from /usr/include/c++/6.1.1/iostream:39,</code><br />
						
            
            <a class="navhash" href="#446">#</a>
						
              <code id="446">                 from db.cc:12:</code><br />
						
            
            <a class="navhash" href="#447">#</a>
						
              <code id="447">/usr/include/c++/6.1.1/bits/locale_classes.h: At global scope:</code><br />
						
            
            <a class="navhash" href="#448">#</a>
						
              <code id="448">/usr/include/c++/6.1.1/bits/locale_classes.h:380:12: error: '__c_locale' does not name a type</code><br />
						
            
            <a class="navhash" href="#449">#</a>
						
              <code id="449">     static __c_locale                   _S_c_locale;</code><br />
						
            
            <a class="navhash" href="#450">#</a>
						
              <code id="450">            ^~~~~~~~~~</code><br />
						
            
            <a class="navhash" href="#451">#</a>
						
              <code id="451">/usr/include/c++/6.1.1/bits/locale_classes.h:411:24: error: '__c_locale' has not been declared</code><br />
						
            
            <a class="navhash" href="#452">#</a>
						
              <code id="452">     _S_create_c_locale(__c_locale& __cloc, const char* __s,</code><br />
						
            
            <a class="navhash" href="#453">#</a>
						
              <code id="453">                        ^~~~~~~~~~</code><br />
						
            
            <a class="navhash" href="#454">#</a>
						
              <code id="454">/usr/include/c++/6.1.1/bits/locale_classes.h:412:10: error: '__c_locale' has not been declared</code><br />
						
            
            <a class="navhash" href="#455">#</a>
						
              <code id="455">          __c_locale __old = 0);</code><br />
						
            
            <a class="navhash" href="#456">#</a>
						
              <code id="456">          ^~~~~~~~~~</code><br />
						
            
            <a class="navhash" href="#457">#</a>
						
              <code id="457">/usr/include/c++/6.1.1/bits/locale_classes.h:414:12: error: '__c_locale' does not name a type</code><br />
						
            
            <a class="navhash" href="#458">#</a>
						
              <code id="458">     static __c_locale</code><br />
						
            
            <a class="navhash" href="#459">#</a>
						
              <code id="459">            ^~~~~~~~~~</code><br />
						
            
            <a class="navhash" href="#460">#</a>
						
              <code id="460">/usr/include/c++/6.1.1/bits/locale_classes.h:418:25: error: '__c_locale' has not been declared</code><br />
						
            
            <a class="navhash" href="#461">#</a>
						
              <code id="461">     _S_destroy_c_locale(__c_locale& __cloc);</code><br />
						
            
            <a class="navhash" href="#462">#</a>
						
              <code id="462">                         ^~~~~~~~~~</code><br />
						
            
            <a class="navhash" href="#463">#</a>
						
              <code id="463">/usr/include/c++/6.1.1/bits/locale_classes.h:420:12: error: '__c_locale' does not name a type</code><br />
						
            
            <a class="navhash" href="#464">#</a>
						
              <code id="464">     static __c_locale</code><br />
						
            
            <a class="navhash" href="#465">#</a>
						
              <code id="465">            ^~~~~~~~~~</code><br />
						
            
            <a class="navhash" href="#466">#</a>
						
              <code id="466">/usr/include/c++/6.1.1/bits/locale_classes.h:425:12: error: '__c_locale' does not name a type</code><br />
						
            
            <a class="navhash" href="#467">#</a>
						
              <code id="467">     static __c_locale</code><br />
						
            
            <a class="navhash" href="#468">#</a>
						
              <code id="468">            ^~~~~~~~~~</code><br />
						
            
            <a class="navhash" href="#469">#</a>
						
              <code id="469">/usr/include/c++/6.1.1/bits/locale_classes.h:654:7: error: '__c_locale' does not name a type</code><br />
						
            
            <a class="navhash" href="#470">#</a>
						
              <code id="470">       __c_locale   _M_c_locale_collate;</code><br />
						
            
            <a class="navhash" href="#471">#</a>
						
              <code id="471">       ^~~~~~~~~~</code><br />
						
            
            <a class="navhash" href="#472">#</a>
						
              <code id="472">/usr/include/c++/6.1.1/bits/locale_classes.h:682:26: error: expected ')' before '__cloc'</code><br />
						
            
            <a class="navhash" href="#473">#</a>
						
              <code id="473">       collate(__c_locale __cloc, size_t __refs = 0)</code><br />
						
            
            <a class="navhash" href="#474">#</a>
						
              <code id="474">                          ^~~~~~</code><br />
						
            
            <a class="navhash" href="#475">#</a>
						
              <code id="475">/usr/include/c++/6.1.1/bits/locale_classes.h: In constructor 'std::__cxx11::collate<_CharT>::collate(std::size_t)':</code><br />
						
            
            <a class="navhash" href="#476">#</a>
						
              <code id="476">/usr/include/c++/6.1.1/bits/locale_classes.h:669:24: error: class 'std::__cxx11::collate<_CharT>' does not have any field named '_M_c_locale_collate'</code><br />
						
            
            <a class="navhash" href="#477">#</a>
						
              <code id="477">       : facet(__refs), _M_c_locale_collate(_S_get_c_locale())</code><br />
						
            
            <a class="navhash" href="#478">#</a>
						
              <code id="478">                        ^~~~~~~~~~~~~~~~~~~</code><br />
						
            
            <a class="navhash" href="#479">#</a>
						
              <code id="479">/usr/include/c++/6.1.1/bits/locale_classes.h:669:60: error: there are no arguments to '_S_get_c_locale' that depend on a template parameter, so a declaration of '_S_get_c_locale' must be available [-fpermissive]</code><br />
						
            
            <a class="navhash" href="#480">#</a>
						
              <code id="480">       : facet(__refs), _M_c_locale_collate(_S_get_c_locale())</code><br />
						
            
            <a class="navhash" href="#481">#</a>
						
              <code id="481">                                                            ^</code><br />
						
            
            <a class="navhash" href="#482">#</a>
						
              <code id="482">/usr/include/c++/6.1.1/bits/locale_classes.h:669:60: note: (if you use '-fpermissive', G++ will accept your code, but allowing the use of an undeclared name is deprecated)</code><br />
						
            
            <a class="navhash" href="#483">#</a>
						
              <code id="483">/usr/include/c++/6.1.1/bits/locale_classes.h: In destructor 'virtual std::__cxx11::collate<_CharT>::~collate()':</code><br />
						
            
            <a class="navhash" href="#484">#</a>
						
              <code id="484">/usr/include/c++/6.1.1/bits/locale_classes.h:746:29: error: '_M_c_locale_collate' was not declared in this scope</code><br />
						
            
            <a class="navhash" href="#485">#</a>
						
              <code id="485">       { _S_destroy_c_locale(_M_c_locale_collate); }</code><br />
						
            
            <a class="navhash" href="#486">#</a>
						
              <code id="486">                             ^~~~~~~~~~~~~~~~~~~</code><br />
						
            
            <a class="navhash" href="#487">#</a>
						
              <code id="487">In file included from /usr/include/c++/6.1.1/bits/locale_facets.h:41:0,</code><br />
						
            
            <a class="navhash" href="#488">#</a>
						
              <code id="488">                 from /usr/include/c++/6.1.1/bits/basic_ios.h:37,</code><br />
						
            
            <a class="navhash" href="#489">#</a>
						
              <code id="489">                 from /usr/include/c++/6.1.1/ios:44,</code><br />
						
            
            <a class="navhash" href="#490">#</a>
						
              <code id="490">                 from /usr/include/c++/6.1.1/istream:38,</code><br />
						
            
            <a class="navhash" href="#491">#</a>
						
              <code id="491">                 from /usr/include/c++/6.1.1/sstream:38,</code><br />
						
            
            <a class="navhash" href="#492">#</a>
						
              <code id="492">                 from iterator.cc:8:</code><br />
						
            
            <a class="navhash" href="#493">#</a>
						
              <code id="493">/usr/include/c++/6.1.1/x86_64-pc-linux-gnu/bits/ctype_base.h: At global scope:</code><br />
						
            
            <a class="navhash" href="#494">#</a>
						
              <code id="494">/usr/include/c++/6.1.1/x86_64-pc-linux-gnu/bits/ctype_base.h:49:35: error: '_ISupper' was not declared in this scope</code><br />
						
            
            <a class="navhash" href="#495">#</a>
						
              <code id="495">     static const mask upper     = _ISupper;</code><br />
						
            
            <a class="navhash" href="#496">#</a>
						
              <code id="496">                                   ^~~~~~~~</code><br />
						
            
            <a class="navhash" href="#497">#</a>
						
              <code id="497">/usr/include/c++/6.1.1/x86_64-pc-linux-gnu/bits/ctype_base.h:50:32: error: '_ISlower' was not declared in this scope</code><br />
						
            
            <a class="navhash" href="#498">#</a>
						
              <code id="498">     static const mask lower  = _ISlower;</code><br />
						
            
            <a class="navhash" href="#499">#</a>
						
              <code id="499">                                ^~~~~~~~</code><br />
						
            
            <a class="navhash" href="#500">#</a>
						
              <code id="500">/usr/include/c++/6.1.1/x86_64-pc-linux-gnu/bits/ctype_base.h:51:32: error: '_ISalpha' was not declared in this scope</code><br />
						
            
            <a class="navhash" href="#501">#</a>
						
              <code id="501">     static const mask alpha  = _ISalpha;</code><br />
						
            
            <a class="navhash" href="#502">#</a>
						
              <code id="502">                                ^~~~~~~~</code><br />
						
            
            <a class="navhash" href="#503">#</a>
						
              <code id="503">/usr/include/c++/6.1.1/x86_64-pc-linux-gnu/bits/ctype_base.h:52:32: error: '_ISdigit' was not declared in this scope</code><br />
						
            
            <a class="navhash" href="#504">#</a>
						
              <code id="504">     static const mask digit  = _ISdigit;</code><br />
						
            
            <a class="navhash" href="#505">#</a>
						
              <code id="505">                                ^~~~~~~~</code><br />
						
            
            <a class="navhash" href="#506">#</a>
						
              <code id="506">/usr/include/c++/6.1.1/x86_64-pc-linux-gnu/bits/ctype_base.h:53:33: error: '_ISxdigit' was not declared in this scope</code><br />
						
            
            <a class="navhash" href="#507">#</a>
						
              <code id="507">     static const mask xdigit  = _ISxdigit;</code><br />
						
            
            <a class="navhash" href="#508">#</a>
						
              <code id="508">                                 ^~~~~~~~~</code><br />
						
            
            <a class="navhash" href="#509">#</a>
						
              <code id="509">/usr/include/c++/6.1.1/x86_64-pc-linux-gnu/bits/ctype_base.h:54:32: error: '_ISspace' was not declared in this scope</code><br />
						
            
            <a class="navhash" href="#510">#</a>
						
              <code id="510">     static const mask space  = _ISspace;</code><br />
						
            
            <a class="navhash" href="#511">#</a>
						
              <code id="511">                                ^~~~~~~~</code><br />
						
            
            <a class="navhash" href="#512">#</a>
						
              <code id="512">/usr/include/c++/6.1.1/x86_64-pc-linux-gnu/bits/ctype_base.h:55:32: error: '_ISprint' was not declared in this scope</code><br />
						
            
            <a class="navhash" href="#513">#</a>
						
              <code id="513">     static const mask print  = _ISprint;</code><br />
						
            
            <a class="navhash" href="#514">#</a>
						
              <code id="514">                                ^~~~~~~~</code><br />
						
            
            <a class="navhash" href="#515">#</a>
						
              <code id="515">/usr/include/c++/6.1.1/x86_64-pc-linux-gnu/bits/ctype_base.h:56:32: error: '_ISalpha' was not declared in this scope</code><br />
						
            
            <a class="navhash" href="#516">#</a>
						
              <code id="516">     static const mask graph  = _ISalpha | _ISdigit | _ISpunct;</code><br />
						
            
            <a class="navhash" href="#517">#</a>
						
              <code id="517">                                ^~~~~~~~</code><br />
						
            
            <a class="navhash" href="#518">#</a>
						
              <code id="518">/usr/include/c++/6.1.1/x86_64-pc-linux-gnu/bits/ctype_base.h:56:43: error: '_ISdigit' was not declared in this scope</code><br />
						
            
            <a class="navhash" href="#519">#</a>
						
              <code id="519">     static const mask graph  = _ISalpha | _ISdigit | _ISpunct;</code><br />
						
            
            <a class="navhash" href="#520">#</a>
						
              <code id="520">                                           ^~~~~~~~</code><br />
						
            
            <a class="navhash" href="#521">#</a>
						
              <code id="521">/usr/include/c++/6.1.1/x86_64-pc-linux-gnu/bits/ctype_base.h:56:54: error: '_ISpunct' was not declared in this scope</code><br />
						
            
            <a class="navhash" href="#522">#</a>
						
              <code id="522">     static const mask graph  = _ISalpha | _ISdigit | _ISpunct;</code><br />
						
            
            <a class="navhash" href="#523">#</a>
						
              <code id="523">                                                      ^~~~~~~~</code><br />
						
            
            <a class="navhash" href="#524">#</a>
						
              <code id="524">/usr/include/c++/6.1.1/x86_64-pc-linux-gnu/bits/ctype_base.h:57:32: error: '_IScntrl' was not declared in this scope</code><br />
						
            
            <a class="navhash" href="#525">#</a>
						
              <code id="525">     static const mask cntrl  = _IScntrl;</code><br />
						
            
            <a class="navhash" href="#526">#</a>
						
              <code id="526">                                ^~~~~~~~</code><br />
						
            
            <a class="navhash" href="#527">#</a>
						
              <code id="527">/usr/include/c++/6.1.1/x86_64-pc-linux-gnu/bits/ctype_base.h:58:32: error: '_ISpunct' was not declared in this scope</code><br />
						
            
            <a class="navhash" href="#528">#</a>
						
              <code id="528">     static const mask punct  = _ISpunct;</code><br />
						
            
            <a class="navhash" href="#529">#</a>
						
              <code id="529">                                ^~~~~~~~</code><br />
						
            
            <a class="navhash" href="#530">#</a>
						
              <code id="530">/usr/include/c++/6.1.1/x86_64-pc-linux-gnu/bits/ctype_base.h:59:32: error: '_ISalpha' was not declared in this scope</code><br />
						
            
            <a class="navhash" href="#531">#</a>
						
              <code id="531">     static const mask alnum  = _ISalpha | _ISdigit;</code><br />
						
            
            <a class="navhash" href="#532">#</a>
						
              <code id="532">                                ^~~~~~~~</code><br />
						
            
            <a class="navhash" href="#533">#</a>
						
              <code id="533">/usr/include/c++/6.1.1/x86_64-pc-linux-gnu/bits/ctype_base.h:59:43: error: '_ISdigit' was not declared in this scope</code><br />
						
            
            <a class="navhash" href="#534">#</a>
						
              <code id="534">     static const mask alnum  = _ISalpha | _ISdigit;</code><br />
						
            
            <a class="navhash" href="#535">#</a>
						
              <code id="535">                                           ^~~~~~~~</code><br />
						
            
            <a class="navhash" href="#536">#</a>
						
              <code id="536">/usr/include/c++/6.1.1/x86_64-pc-linux-gnu/bits/ctype_base.h:61:31: error: '_ISblank' was not declared in this scope</code><br />
						
            
            <a class="navhash" href="#537">#</a>
						
              <code id="537">     static const mask blank = _ISblank;</code><br />
						
            
            <a class="navhash" href="#538">#</a>
						
              <code id="538">                               ^~~~~~~~</code><br />
						
            
            <a class="navhash" href="#539">#</a>
						
              <code id="539">In file included from /usr/include/c++/6.1.1/bits/basic_ios.h:37:0,</code><br />
						
            
            <a class="navhash" href="#540">#</a>
						
              <code id="540">                 from /usr/include/c++/6.1.1/ios:44,</code><br />
						
            
            <a class="navhash" href="#541">#</a>
						
              <code id="541">                 from /usr/include/c++/6.1.1/istream:38,</code><br />
						
            
            <a class="navhash" href="#542">#</a>
						
              <code id="542">                 from /usr/include/c++/6.1.1/sstream:38,</code><br />
						
            
            <a class="navhash" href="#543">#</a>
						
              <code id="543">                 from iterator.cc:8:</code><br />
						
            
            <a class="navhash" href="#544">#</a>
						
              <code id="544">/usr/include/c++/6.1.1/bits/locale_facets.h:74:12: error: '__c_locale' does not name a type</code><br />
						
            
            <a class="navhash" href="#545">#</a>
						
              <code id="545">      const __c_locale&) throw();</code><br />
						
            
            <a class="navhash" href="#546">#</a>
						
              <code id="546">            ^~~~~~~~~~</code><br />
						
            
            <a class="navhash" href="#547">#</a>
						
              <code id="547">/usr/include/c++/6.1.1/bits/locale_facets.h:80:12: error: '__c_locale' does not name a type</code><br />
						
            
            <a class="navhash" href="#548">#</a>
						
              <code id="548">      const __c_locale&) throw();</code><br />
						
            
            <a class="navhash" href="#549">#</a>
						
              <code id="549">            ^~~~~~~~~~</code><br />
						
            
            <a class="navhash" href="#550">#</a>
						
              <code id="550">/usr/include/c++/6.1.1/bits/locale_facets.h:85:12: error: '__c_locale' does not name a type</code><br />
						
            
            <a class="navhash" href="#551">#</a>
						
              <code id="551">      const __c_locale&) throw();</code><br />
						
            
            <a class="navhash" href="#552">#</a>
						
              <code id="552">            ^~~~~~~~~~</code><br />
						
            
            <a class="navhash" href="#553">#</a>
						
              <code id="553">/usr/include/c++/6.1.1/bits/locale_facets.h:90:12: error: '__c_locale' does not name a type</code><br />
						
            
            <a class="navhash" href="#554">#</a>
						
              <code id="554">      const __c_locale&) throw();</code><br />
						
            
            <a class="navhash" href="#555">#</a>
						
              <code id="555">            ^~~~~~~~~~</code><br />
						
            
            <a class="navhash" href="#556">#</a>
						
              <code id="556">/usr/include/c++/6.1.1/bits/locale_facets.h:690:7: error: '__c_locale' does not name a type</code><br />
						
            
            <a class="navhash" href="#557">#</a>
						
              <code id="557">       __c_locale  _M_c_locale_ctype;</code><br />
						
            
            <a class="navhash" href="#558">#</a>
						
              <code id="558">       ^~~~~~~~~~</code><br />
						
            
            <a class="navhash" href="#559">#</a>
						
              <code id="559">/usr/include/c++/6.1.1/bits/locale_facets.h:731:24: error: expected ')' before '__cloc'</code><br />
						
            
            <a class="navhash" href="#560">#</a>
						
              <code id="560">       ctype(__c_locale __cloc, const mask* __table = 0, bool __del = false,</code><br />
						
            
            <a class="navhash" href="#561">#</a>
						
              <code id="561">                        ^~~~~~</code><br />
						
            
            <a class="navhash" href="#562">#</a>
						
              <code id="562">/usr/include/c++/6.1.1/bits/locale_facets.h:1191:7: error: '__c_locale' does not name a type</code><br />
						
            
            <a class="navhash" href="#563">#</a>
						
              <code id="563">       __c_locale  _M_c_locale_ctype;</code><br />
						
            
            <a class="navhash" href="#564">#</a>
						
              <code id="564">       ^~~~~~~~~~</code><br />
						
            
            <a class="navhash" href="#565">#</a>
						
              <code id="565">/usr/include/c++/6.1.1/bits/locale_facets.h:1226:24: error: expected ')' before '__cloc'</code><br />
						
            
            <a class="navhash" href="#566">#</a>
						
              <code id="566">       ctype(__c_locale __cloc, size_t __refs = 0);</code><br />
						
            
            <a class="navhash" href="#567">#</a>
						
              <code id="567">                        ^~~~~~</code><br />
						
            
            <a class="navhash" href="#568">#</a>
						
              <code id="568">In file included from /usr/include/c++/6.1.1/bits/basic_ios.h:37:0,</code><br />
						
            
            <a class="navhash" href="#569">#</a>
						
              <code id="569">                 from /usr/include/c++/6.1.1/ios:44,</code><br />
						
            
            <a class="navhash" href="#570">#</a>
						
              <code id="570">                 from /usr/include/c++/6.1.1/istream:38,</code><br />
						
            
            <a class="navhash" href="#571">#</a>
						
              <code id="571">                 from /usr/include/c++/6.1.1/sstream:38,</code><br />
						
            
            <a class="navhash" href="#572">#</a>
						
              <code id="572">                 from iterator.cc:8:</code><br />
						
            
            <a class="navhash" href="#573">#</a>
						
              <code id="573">/usr/include/c++/6.1.1/bits/locale_facets.h:1718:27: error: expected ')' before '__cloc'</code><br />
						
            
            <a class="navhash" href="#574">#</a>
						
              <code id="574">       numpunct(__c_locale __cloc, size_t __refs = 0)</code><br />
						
            
            <a class="navhash" href="#575">#</a>
						
              <code id="575">                           ^~~~~~</code><br />
						
            
            <a class="navhash" href="#576">#</a>
						
              <code id="576">/usr/include/c++/6.1.1/bits/locale_facets.h:1875:30: error: '__c_locale' has not been declared</code><br />
						
            
            <a class="navhash" href="#577">#</a>
						
              <code id="577">       _M_initialize_numpunct(__c_locale __cloc = 0);</code><br />
						
            
            <a class="navhash" href="#578">#</a>
						
              <code id="578">                              ^~~~~~~~~~</code><br />
						
            
            <a class="navhash" href="#579">#</a>
						
              <code id="579">/usr/include/c++/6.1.1/bits/locale_facets.h:1886:44: error: variable or field '_M_initialize_numpunct' declared void</code><br />
						
            
            <a class="navhash" href="#580">#</a>
						
              <code id="580">     numpunct<char>::_M_initialize_numpunct(__c_locale __cloc);</code><br />
						
            
            <a class="navhash" href="#581">#</a>
						
              <code id="581">                                            ^~~~~~~~~~</code><br />
						
            
            <a class="navhash" href="#582">#</a>
						
              <code id="582">/usr/include/c++/6.1.1/bits/locale_facets.h:1886:44: error: '__c_locale' was not declared in this scope</code><br />
						
            
            <a class="navhash" href="#583">#</a>
						
              <code id="583">/usr/include/c++/6.1.1/bits/locale_facets.h:1894:47: error: variable or field '_M_initialize_numpunct' declared void</code><br />
						
            
            <a class="navhash" href="#584">#</a>
						
              <code id="584">     numpunct<wchar_t>::_M_initialize_numpunct(__c_locale __cloc);</code><br />
						
            
            <a class="navhash" href="#585">#</a>
						
              <code id="585">                                               ^~~~~~~~~~</code><br />
						
            
            <a class="navhash" href="#586">#</a>
						
              <code id="586">/usr/include/c++/6.1.1/bits/locale_facets.h:1894:47: error: '__c_locale' was not declared in this scope</code><br />
						
            
            <a class="navhash" href="#587">#</a>
						
              <code id="587">/usr/include/c++/6.1.1/bits/locale_facets.h: In constructor 'std::__cxx11::numpunct_byname<_CharT>::numpunct_byname(const char*, std::size_t)':</code><br />
						
            
            <a class="navhash" href="#588">#</a>
						
              <code id="588">/usr/include/c++/6.1.1/bits/locale_facets.h:1912:6: error: '__c_locale' was not declared in this scope</code><br />
						
            
            <a class="navhash" href="#589">#</a>
						
              <code id="589">      __c_locale __tmp;</code><br />
						
            
            <a class="navhash" href="#590">#</a>
						
              <code id="590">      ^~~~~~~~~~</code><br />
						
            
            <a class="navhash" href="#591">#</a>
						
              <code id="591">/usr/include/c++/6.1.1/bits/locale_facets.h:1913:31: error: '__tmp' was not declared in this scope</code><br />
						
            
            <a class="navhash" href="#592">#</a>
						
              <code id="592">      this->_S_create_c_locale(__tmp, __s);</code><br />
						
            
            <a class="navhash" href="#593">#</a>
						
              <code id="593">                               ^~~~~</code><br />
						
            
            <a class="navhash" href="#594">#</a>
						
              <code id="594">In file included from /usr/include/c++/6.1.1/bits/locale_facets.h:2651:0,</code><br />
						
            
            <a class="navhash" href="#595">#</a>
						
              <code id="595">                 from /usr/include/c++/6.1.1/bits/basic_ios.h:37,</code><br />
						
            
            <a class="navhash" href="#596">#</a>
						
              <code id="596">                 from /usr/include/c++/6.1.1/ios:44,</code><br />
						
            
            <a class="navhash" href="#597">#</a>
						
              <code id="597">                 from /usr/include/c++/6.1.1/istream:38,</code><br />
						
            
            <a class="navhash" href="#598">#</a>
						
              <code id="598">                 from /usr/include/c++/6.1.1/sstream:38,</code><br />
						
            
            <a class="navhash" href="#599">#</a>
						
              <code id="599">                 from iterator.cc:8:</code><br />
						
            
            <a class="navhash" href="#600">#</a>
						
              <code id="600">/usr/include/c++/6.1.1/bits/locale_facets.tcc: In member function 'virtual _InIter std::num_get<_CharT, _InIter>::do_get(std::num_get<_CharT, _InIter>::iter_type, std::num_get<_CharT, _InIter>::iter_type, std::ios_base&, std::ios_base::iostate&, float&) const':</code><br />
						
            
            <a class="navhash" href="#601">#</a>
						
              <code id="601">/usr/include/c++/6.1.1/bits/locale_facets.tcc:697:71: error: there are no arguments to '_S_get_c_locale' that depend on a template parameter, so a declaration of '_S_get_c_locale' must be available [-fpermissive]</code><br />
						
            
            <a class="navhash" href="#602">#</a>
						
              <code id="602">       std::__convert_to_v(__xtrc.c_str(), __v, __err, _S_get_c_locale());</code><br />
						
            
            <a class="navhash" href="#603">#</a>
						
              <code id="603">                                                                       ^</code><br />
						
            
            <a class="navhash" href="#604">#</a>
						
              <code id="604">/usr/include/c++/6.1.1/bits/locale_facets.tcc: In member function 'virtual _InIter std::num_get<_CharT, _InIter>::do_get(std::num_get<_CharT, _InIter>::iter_type, std::num_get<_CharT, _InIter>::iter_type, std::ios_base&, std::ios_base::iostate&, double&) const':</code><br />
						
            
            <a class="navhash" href="#605">#</a>
						
              <code id="605">/usr/include/c++/6.1.1/bits/locale_facets.tcc:712:71: error: there are no arguments to '_S_get_c_locale' that depend on a template parameter, so a declaration of '_S_get_c_locale' must be available [-fpermissive]</code><br />
						
            
            <a class="navhash" href="#606">#</a>
						
              <code id="606">       std::__convert_to_v(__xtrc.c_str(), __v, __err, _S_get_c_locale());</code><br />
						
            
            <a class="navhash" href="#607">#</a>
						
              <code id="607">                                                                       ^</code><br />
						
            
            <a class="navhash" href="#608">#</a>
						
              <code id="608">/usr/include/c++/6.1.1/bits/locale_facets.tcc: In member function 'virtual _InIter std::num_get<_CharT, _InIter>::do_get(std::num_get<_CharT, _InIter>::iter_type, std::num_get<_CharT, _InIter>::iter_type, std::ios_base&, std::ios_base::iostate&, long double&) const':</code><br />
						
            
            <a class="navhash" href="#609">#</a>
						
              <code id="609">/usr/include/c++/6.1.1/bits/locale_facets.tcc:744:71: error: there are no arguments to '_S_get_c_locale' that depend on a template parameter, so a declaration of '_S_get_c_locale' must be available [-fpermissive]</code><br />
						
            
            <a class="navhash" href="#610">#</a>
						
              <code id="610">       std::__convert_to_v(__xtrc.c_str(), __v, __err, _S_get_c_locale());</code><br />
						
            
            <a class="navhash" href="#611">#</a>
						
              <code id="611">                                                                       ^</code><br />
						
            
            <a class="navhash" href="#612">#</a>
						
              <code id="612">In file included from /usr/include/c++/6.1.1/bits/locale_facets.h:41:0,</code><br />
						
            
            <a class="navhash" href="#613">#</a>
						
              <code id="613">                 from /usr/include/c++/6.1.1/bits/basic_ios.h:37,</code><br />
						
            
            <a class="navhash" href="#614">#</a>
						
              <code id="614">                 from /usr/include/c++/6.1.1/ios:44,</code><br />
						
            
            <a class="navhash" href="#615">#</a>
						
              <code id="615">                 from /usr/include/c++/6.1.1/ostream:38,</code><br />
						
            
            <a class="navhash" href="#616">#</a>
						
              <code id="616">                 from /usr/include/c++/6.1.1/iostream:39,</code><br />
						
            
            <a class="navhash" href="#617">#</a>
						
              <code id="617">                 from db.cc:12:</code><br />
						
            
            <a class="navhash" href="#618">#</a>
						
              <code id="618">/usr/include/c++/6.1.1/x86_64-pc-linux-gnu/bits/ctype_base.h: At global scope:</code><br />
						
            
            <a class="navhash" href="#619">#</a>
						
              <code id="619">/usr/include/c++/6.1.1/x86_64-pc-linux-gnu/bits/ctype_base.h:49:35: error: '_ISupper' was not declared in this scope</code><br />
						
            
            <a class="navhash" href="#620">#</a>
						
              <code id="620">     static const mask upper     = _ISupper;</code><br />
						
            
            <a class="navhash" href="#621">#</a>
						
              <code id="621">                                   ^~~~~~~~</code><br />
						
            
            <a class="navhash" href="#622">#</a>
						
              <code id="622">/usr/include/c++/6.1.1/x86_64-pc-linux-gnu/bits/ctype_base.h:50:32: error: '_ISlower' was not declared in this scope</code><br />
						
            
            <a class="navhash" href="#623">#</a>
						
              <code id="623">     static const mask lower  = _ISlower;</code><br />
						
            
            <a class="navhash" href="#624">#</a>
						
              <code id="624">                                ^~~~~~~~</code><br />
						
            
            <a class="navhash" href="#625">#</a>
						
              <code id="625">/usr/include/c++/6.1.1/x86_64-pc-linux-gnu/bits/ctype_base.h:51:32: error: '_ISalpha' was not declared in this scope</code><br />
						
            
            <a class="navhash" href="#626">#</a>
						
              <code id="626">     static const mask alpha  = _ISalpha;</code><br />
						
            
            <a class="navhash" href="#627">#</a>
						
              <code id="627">                                ^~~~~~~~</code><br />
						
            
            <a class="navhash" href="#628">#</a>
						
              <code id="628">/usr/include/c++/6.1.1/x86_64-pc-linux-gnu/bits/ctype_base.h:52:32: error: '_ISdigit' was not declared in this scope</code><br />
						
            
            <a class="navhash" href="#629">#</a>
						
              <code id="629">     static const mask digit  = _ISdigit;</code><br />
						
            
            <a class="navhash" href="#630">#</a>
						
              <code id="630">                                ^~~~~~~~</code><br />
						
            
            <a class="navhash" href="#631">#</a>
						
              <code id="631">/usr/include/c++/6.1.1/x86_64-pc-linux-gnu/bits/ctype_base.h:53:33: error: '_ISxdigit' was not declared in this scope</code><br />
						
            
            <a class="navhash" href="#632">#</a>
						
              <code id="632">     static const mask xdigit  = _ISxdigit;</code><br />
						
            
            <a class="navhash" href="#633">#</a>
						
              <code id="633">                                 ^~~~~~~~~</code><br />
						
            
            <a class="navhash" href="#634">#</a>
						
              <code id="634">/usr/include/c++/6.1.1/x86_64-pc-linux-gnu/bits/ctype_base.h:54:32: error: '_ISspace' was not declared in this scope</code><br />
						
            
            <a class="navhash" href="#635">#</a>
						
              <code id="635">     static const mask space  = _ISspace;</code><br />
						
            
            <a class="navhash" href="#636">#</a>
						
              <code id="636">                                ^~~~~~~~</code><br />
						
            
            <a class="navhash" href="#637">#</a>
						
              <code id="637">/usr/include/c++/6.1.1/x86_64-pc-linux-gnu/bits/ctype_base.h:55:32: error: '_ISprint' was not declared in this scope</code><br />
						
            
            <a class="navhash" href="#638">#</a>
						
              <code id="638">     static const mask print  = _ISprint;</code><br />
						
            
            <a class="navhash" href="#639">#</a>
						
              <code id="639">                                ^~~~~~~~</code><br />
						
            
            <a class="navhash" href="#640">#</a>
						
              <code id="640">/usr/include/c++/6.1.1/x86_64-pc-linux-gnu/bits/ctype_base.h:56:32: error: '_ISalpha' was not declared in this scope</code><br />
						
            
            <a class="navhash" href="#641">#</a>
						
              <code id="641">     static const mask graph  = _ISalpha | _ISdigit | _ISpunct;</code><br />
						
            
            <a class="navhash" href="#642">#</a>
						
              <code id="642">                                ^~~~~~~~</code><br />
						
            
            <a class="navhash" href="#643">#</a>
						
              <code id="643">/usr/include/c++/6.1.1/x86_64-pc-linux-gnu/bits/ctype_base.h:56:43: error: '_ISdigit' was not declared in this scope</code><br />
						
            
            <a class="navhash" href="#644">#</a>
						
              <code id="644">     static const mask graph  = _ISalpha | _ISdigit | _ISpunct;</code><br />
						
            
            <a class="navhash" href="#645">#</a>
						
              <code id="645">                                           ^~~~~~~~</code><br />
						
            
            <a class="navhash" href="#646">#</a>
						
              <code id="646">/usr/include/c++/6.1.1/x86_64-pc-linux-gnu/bits/ctype_base.h:56:54: error: '_ISpunct' was not declared in this scope</code><br />
						
            
            <a class="navhash" href="#647">#</a>
						
              <code id="647">     static const mask graph  = _ISalpha | _ISdigit | _ISpunct;</code><br />
						
            
            <a class="navhash" href="#648">#</a>
						
              <code id="648">                                                      ^~~~~~~~</code><br />
						
            
            <a class="navhash" href="#649">#</a>
						
              <code id="649">/usr/include/c++/6.1.1/x86_64-pc-linux-gnu/bits/ctype_base.h:57:32: error: '_IScntrl' was not declared in this scope</code><br />
						
            
            <a class="navhash" href="#650">#</a>
						
              <code id="650">     static const mask cntrl  = _IScntrl;</code><br />
						
            
            <a class="navhash" href="#651">#</a>
						
              <code id="651">                                ^~~~~~~~</code><br />
						
            
            <a class="navhash" href="#652">#</a>
						
              <code id="652">/usr/include/c++/6.1.1/x86_64-pc-linux-gnu/bits/ctype_base.h:58:32: error: '_ISpunct' was not declared in this scope</code><br />
						
            
            <a class="navhash" href="#653">#</a>
						
              <code id="653">     static const mask punct  = _ISpunct;</code><br />
						
            
            <a class="navhash" href="#654">#</a>
						
              <code id="654">                                ^~~~~~~~</code><br />
						
            
            <a class="navhash" href="#655">#</a>
						
              <code id="655">/usr/include/c++/6.1.1/x86_64-pc-linux-gnu/bits/ctype_base.h:59:32: error: '_ISalpha' was not declared in this scope</code><br />
						
            
            <a class="navhash" href="#656">#</a>
						
              <code id="656">     static const mask alnum  = _ISalpha | _ISdigit;</code><br />
						
            
            <a class="navhash" href="#657">#</a>
						
              <code id="657">                                ^~~~~~~~</code><br />
						
            
            <a class="navhash" href="#658">#</a>
						
              <code id="658">/usr/include/c++/6.1.1/x86_64-pc-linux-gnu/bits/ctype_base.h:59:43: error: '_ISdigit' was not declared in this scope</code><br />
						
            
            <a class="navhash" href="#659">#</a>
						
              <code id="659">     static const mask alnum  = _ISalpha | _ISdigit;</code><br />
						
            
            <a class="navhash" href="#660">#</a>
						
              <code id="660">                                           ^~~~~~~~</code><br />
						
            
            <a class="navhash" href="#661">#</a>
						
              <code id="661">/usr/include/c++/6.1.1/x86_64-pc-linux-gnu/bits/ctype_base.h:61:31: error: '_ISblank' was not declared in this scope</code><br />
						
            
            <a class="navhash" href="#662">#</a>
						
              <code id="662">     static const mask blank = _ISblank;</code><br />
						
            
            <a class="navhash" href="#663">#</a>
						
              <code id="663">                               ^~~~~~~~</code><br />
						
            
            <a class="navhash" href="#664">#</a>
						
              <code id="664">/usr/include/c++/6.1.1/bits/locale_facets.tcc: In member function '_OutIter std::num_put<_CharT, _OutIter>::_M_insert_float(_OutIter, std::ios_base&, _CharT, char, _ValueT) const':</code><br />
						
            
            <a class="navhash" href="#665">#</a>
						
              <code id="665">/usr/include/c++/6.1.1/bits/locale_facets.tcc:1005:50: error: there are no arguments to '_S_get_c_locale' that depend on a template parameter, so a declaration of '_S_get_c_locale' must be available [-fpermissive]</code><br />
						
            
            <a class="navhash" href="#666">#</a>
						
              <code id="666">    __len = std::__convert_from_v(_S_get_c_locale(), __cs, __cs_size,</code><br />
						
            
            <a class="navhash" href="#667">#</a>
						
              <code id="667">                                                  ^</code><br />
						
            
            <a class="navhash" href="#668">#</a>
						
              <code id="668">/usr/include/c++/6.1.1/bits/locale_facets.tcc:1008:50: error: there are no arguments to '_S_get_c_locale' that depend on a template parameter, so a declaration of '_S_get_c_locale' must be available [-fpermissive]</code><br />
						
            
            <a class="navhash" href="#669">#</a>
						
              <code id="669">    __len = std::__convert_from_v(_S_get_c_locale(), __cs, __cs_size,</code><br />
						
            
            <a class="navhash" href="#670">#</a>
						
              <code id="670">                                                  ^</code><br />
						
            
            <a class="navhash" href="#671">#</a>
						
              <code id="671">/usr/include/c++/6.1.1/bits/locale_facets.tcc:1017:54: error: there are no arguments to '_S_get_c_locale' that depend on a template parameter, so a declaration of '_S_get_c_locale' must be available [-fpermissive]</code><br />
						
            
            <a class="navhash" href="#672">#</a>
						
              <code id="672">        __len = std::__convert_from_v(_S_get_c_locale(), __cs, __cs_size,</code><br />
						
            
            <a class="navhash" href="#673">#</a>
						
              <code id="673">                                                      ^</code><br />
						
            
            <a class="navhash" href="#674">#</a>
						
              <code id="674">/usr/include/c++/6.1.1/bits/locale_facets.tcc:1020:54: error: there are no arguments to '_S_get_c_locale' that depend on a template parameter, so a declaration of '_S_get_c_locale' must be available [-fpermissive]</code><br />
						
            
            <a class="navhash" href="#675">#</a>
						
              <code id="675">        __len = std::__convert_from_v(_S_get_c_locale(), __cs, __cs_size,</code><br />
						
            
            <a class="navhash" href="#676">#</a>
						
              <code id="676">                                                      ^</code><br />
						
            
            <a class="navhash" href="#677">#</a>
						
              <code id="677">In file included from /usr/include/c++/6.1.1/bits/basic_ios.h:37:0,</code><br />
						
            
            <a class="navhash" href="#678">#</a>
						
              <code id="678">                 from /usr/include/c++/6.1.1/ios:44,</code><br />
						
            
            <a class="navhash" href="#679">#</a>
						
              <code id="679">                 from /usr/include/c++/6.1.1/ostream:38,</code><br />
						
            
            <a class="navhash" href="#680">#</a>
						
              <code id="680">                 from /usr/include/c++/6.1.1/iostream:39,</code><br />
						
            
            <a class="navhash" href="#681">#</a>
						
              <code id="681">                 from db.cc:12:</code><br />
						
            
            <a class="navhash" href="#682">#</a>
						
              <code id="682">/usr/include/c++/6.1.1/bits/locale_facets.h:74:12: error: '__c_locale' does not name a type</code><br />
						
            
            <a class="navhash" href="#683">#</a>
						
              <code id="683">      const __c_locale&) throw();</code><br />
						
            
            <a class="navhash" href="#684">#</a>
						
              <code id="684">            ^~~~~~~~~~</code><br />
						
            
            <a class="navhash" href="#685">#</a>
						
              <code id="685">/usr/include/c++/6.1.1/bits/locale_facets.h:80:12: error: '__c_locale' does not name a type</code><br />
						
            
            <a class="navhash" href="#686">#</a>
						
              <code id="686">      const __c_locale&) throw();</code><br />
						
            
            <a class="navhash" href="#687">#</a>
						
              <code id="687">            ^~~~~~~~~~</code><br />
						
            
            <a class="navhash" href="#688">#</a>
						
              <code id="688">/usr/include/c++/6.1.1/bits/locale_facets.h:85:12: error: '__c_locale' does not name a type</code><br />
						
            
            <a class="navhash" href="#689">#</a>
						
              <code id="689">      const __c_locale&) throw();</code><br />
						
            
            <a class="navhash" href="#690">#</a>
						
              <code id="690">            ^~~~~~~~~~</code><br />
						
            
            <a class="navhash" href="#691">#</a>
						
              <code id="691">/usr/include/c++/6.1.1/bits/locale_facets.h:90:12: error: '__c_locale' does not name a type</code><br />
						
            
            <a class="navhash" href="#692">#</a>
						
              <code id="692">      const __c_locale&) throw();</code><br />
						
            
            <a class="navhash" href="#693">#</a>
						
              <code id="693">            ^~~~~~~~~~</code><br />
						
            
            <a class="navhash" href="#694">#</a>
						
              <code id="694">/usr/include/c++/6.1.1/bits/locale_facets.h:690:7: error: '__c_locale' does not name a type</code><br />
						
            
            <a class="navhash" href="#695">#</a>
						
              <code id="695">       __c_locale  _M_c_locale_ctype;</code><br />
						
            
            <a class="navhash" href="#696">#</a>
						
              <code id="696">       ^~~~~~~~~~</code><br />
						
            
            <a class="navhash" href="#697">#</a>
						
              <code id="697">/usr/include/c++/6.1.1/bits/locale_facets.h:731:24: error: expected ')' before '__cloc'</code><br />
						
            
            <a class="navhash" href="#698">#</a>
						
              <code id="698">       ctype(__c_locale __cloc, const mask* __table = 0, bool __del = false,</code><br />
						
            
            <a class="navhash" href="#699">#</a>
						
              <code id="699">                        ^~~~~~</code><br />
						
            
            <a class="navhash" href="#700">#</a>
						
              <code id="700">/usr/include/c++/6.1.1/bits/locale_facets.h:1191:7: error: '__c_locale' does not name a type</code><br />
						
            
            <a class="navhash" href="#701">#</a>
						
              <code id="701">       __c_locale  _M_c_locale_ctype;</code><br />
						
            
            <a class="navhash" href="#702">#</a>
						
              <code id="702">       ^~~~~~~~~~</code><br />
						
            
            <a class="navhash" href="#703">#</a>
						
              <code id="703">/usr/include/c++/6.1.1/bits/locale_facets.h:1226:24: error: expected ')' before '__cloc'</code><br />
						
            
            <a class="navhash" href="#704">#</a>
						
              <code id="704">       ctype(__c_locale __cloc, size_t __refs = 0);</code><br />
						
            
            <a class="navhash" href="#705">#</a>
						
              <code id="705">                        ^~~~~~</code><br />
						
            
            <a class="navhash" href="#706">#</a>
						
              <code id="706">In file included from /usr/include/c++/6.1.1/bits/basic_ios.h:37:0,</code><br />
						
            
            <a class="navhash" href="#707">#</a>
						
              <code id="707">                 from /usr/include/c++/6.1.1/ios:44,</code><br />
						
            
            <a class="navhash" href="#708">#</a>
						
              <code id="708">                 from /usr/include/c++/6.1.1/ostream:38,</code><br />
						
            
            <a class="navhash" href="#709">#</a>
						
              <code id="709">                 from /usr/include/c++/6.1.1/iostream:39,</code><br />
						
            
            <a class="navhash" href="#710">#</a>
						
              <code id="710">                 from db.cc:12:</code><br />
						
            
            <a class="navhash" href="#711">#</a>
						
              <code id="711">/usr/include/c++/6.1.1/bits/locale_facets.h:1718:27: error: expected ')' before '__cloc'</code><br />
						
            
            <a class="navhash" href="#712">#</a>
						
              <code id="712">       numpunct(__c_locale __cloc, size_t __refs = 0)</code><br />
						
            
            <a class="navhash" href="#713">#</a>
						
              <code id="713">                           ^~~~~~</code><br />
						
            
            <a class="navhash" href="#714">#</a>
						
              <code id="714">/usr/include/c++/6.1.1/bits/locale_facets.h:1875:30: error: '__c_locale' has not been declared</code><br />
						
            
            <a class="navhash" href="#715">#</a>
						
              <code id="715">       _M_initialize_numpunct(__c_locale __cloc = 0);</code><br />
						
            
            <a class="navhash" href="#716">#</a>
						
              <code id="716">                              ^~~~~~~~~~</code><br />
						
            
            <a class="navhash" href="#717">#</a>
						
              <code id="717">/usr/include/c++/6.1.1/bits/locale_facets.h:1886:44: error: variable or field '_M_initialize_numpunct' declared void</code><br />
						
            
            <a class="navhash" href="#718">#</a>
						
              <code id="718">     numpunct<char>::_M_initialize_numpunct(__c_locale __cloc);</code><br />
						
            
            <a class="navhash" href="#719">#</a>
						
              <code id="719">                                            ^~~~~~~~~~</code><br />
						
            
            <a class="navhash" href="#720">#</a>
						
              <code id="720">/usr/include/c++/6.1.1/bits/locale_facets.h:1886:44: error: '__c_locale' was not declared in this scope</code><br />
						
            
            <a class="navhash" href="#721">#</a>
						
              <code id="721">/usr/include/c++/6.1.1/bits/locale_facets.h:1894:47: error: variable or field '_M_initialize_numpunct' declared void</code><br />
						
            
            <a class="navhash" href="#722">#</a>
						
              <code id="722">     numpunct<wchar_t>::_M_initialize_numpunct(__c_locale __cloc);</code><br />
						
            
            <a class="navhash" href="#723">#</a>
						
              <code id="723">                                               ^~~~~~~~~~</code><br />
						
            
            <a class="navhash" href="#724">#</a>
						
              <code id="724">/usr/include/c++/6.1.1/bits/locale_facets.h:1894:47: error: '__c_locale' was not declared in this scope</code><br />
						
            
            <a class="navhash" href="#725">#</a>
						
              <code id="725">/usr/include/c++/6.1.1/bits/locale_facets.h: In constructor 'std::__cxx11::numpunct_byname<_CharT>::numpunct_byname(const char*, std::size_t)':</code><br />
						
            
            <a class="navhash" href="#726">#</a>
						
              <code id="726">/usr/include/c++/6.1.1/bits/locale_facets.h:1912:6: error: '__c_locale' was not declared in this scope</code><br />
						
            
            <a class="navhash" href="#727">#</a>
						
              <code id="727">      __c_locale __tmp;</code><br />
						
            
            <a class="navhash" href="#728">#</a>
						
              <code id="728">      ^~~~~~~~~~</code><br />
						
            
            <a class="navhash" href="#729">#</a>
						
              <code id="729">/usr/include/c++/6.1.1/bits/locale_facets.h:1913:31: error: '__tmp' was not declared in this scope</code><br />
						
            
            <a class="navhash" href="#730">#</a>
						
              <code id="730">      this->_S_create_c_locale(__tmp, __s);</code><br />
						
            
            <a class="navhash" href="#731">#</a>
						
              <code id="731">                               ^~~~~</code><br />
						
            
            <a class="navhash" href="#732">#</a>
						
              <code id="732">In file included from /usr/include/c++/6.1.1/bits/locale_facets.h:2651:0,</code><br />
						
            
            <a class="navhash" href="#733">#</a>
						
              <code id="733">                 from /usr/include/c++/6.1.1/bits/basic_ios.h:37,</code><br />
						
            
            <a class="navhash" href="#734">#</a>
						
              <code id="734">                 from /usr/include/c++/6.1.1/ios:44,</code><br />
						
            
            <a class="navhash" href="#735">#</a>
						
              <code id="735">                 from /usr/include/c++/6.1.1/ostream:38,</code><br />
						
            
            <a class="navhash" href="#736">#</a>
						
              <code id="736">                 from /usr/include/c++/6.1.1/iostream:39,</code><br />
						
            
            <a class="navhash" href="#737">#</a>
						
              <code id="737">                 from db.cc:12:</code><br />
						
            
            <a class="navhash" href="#738">#</a>
						
              <code id="738">/usr/include/c++/6.1.1/bits/locale_facets.tcc: In member function 'virtual _InIter std::num_get<_CharT, _InIter>::do_get(std::num_get<_CharT, _InIter>::iter_type, std::num_get<_CharT, _InIter>::iter_type, std::ios_base&, std::ios_base::iostate&, float&) const':</code><br />
						
            
            <a class="navhash" href="#739">#</a>
						
              <code id="739">/usr/include/c++/6.1.1/bits/locale_facets.tcc:697:71: error: there are no arguments to '_S_get_c_locale' that depend on a template parameter, so a declaration of '_S_get_c_locale' must be available [-fpermissive]</code><br />
						
            
            <a class="navhash" href="#740">#</a>
						
              <code id="740">       std::__convert_to_v(__xtrc.c_str(), __v, __err, _S_get_c_locale());</code><br />
						
            
            <a class="navhash" href="#741">#</a>
						
              <code id="741">                                                                       ^</code><br />
						
            
            <a class="navhash" href="#742">#</a>
						
              <code id="742">/usr/include/c++/6.1.1/bits/locale_facets.tcc: In member function 'virtual _InIter std::num_get<_CharT, _InIter>::do_get(std::num_get<_CharT, _InIter>::iter_type, std::num_get<_CharT, _InIter>::iter_type, std::ios_base&, std::ios_base::iostate&, double&) const':</code><br />
						
            
            <a class="navhash" href="#743">#</a>
						
              <code id="743">/usr/include/c++/6.1.1/bits/locale_facets.tcc:712:71: error: there are no arguments to '_S_get_c_locale' that depend on a template parameter, so a declaration of '_S_get_c_locale' must be available [-fpermissive]</code><br />
						
            
            <a class="navhash" href="#744">#</a>
						
              <code id="744">       std::__convert_to_v(__xtrc.c_str(), __v, __err, _S_get_c_locale());</code><br />
						
            
            <a class="navhash" href="#745">#</a>
						
              <code id="745">                                                                       ^</code><br />
						
            
            <a class="navhash" href="#746">#</a>
						
              <code id="746">/usr/include/c++/6.1.1/bits/locale_facets.tcc: In member function 'virtual _InIter std::num_get<_CharT, _InIter>::do_get(std::num_get<_CharT, _InIter>::iter_type, std::num_get<_CharT, _InIter>::iter_type, std::ios_base&, std::ios_base::iostate&, long double&) const':</code><br />
						
            
            <a class="navhash" href="#747">#</a>
						
              <code id="747">/usr/include/c++/6.1.1/bits/locale_facets.tcc:744:71: error: there are no arguments to '_S_get_c_locale' that depend on a template parameter, so a declaration of '_S_get_c_locale' must be available [-fpermissive]</code><br />
						
            
            <a class="navhash" href="#748">#</a>
						
              <code id="748">       std::__convert_to_v(__xtrc.c_str(), __v, __err, _S_get_c_locale());</code><br />
						
            
            <a class="navhash" href="#749">#</a>
						
              <code id="749">                                                                       ^</code><br />
						
            
            <a class="navhash" href="#750">#</a>
						
              <code id="750">/usr/include/c++/6.1.1/bits/locale_facets.tcc: In member function '_OutIter std::num_put<_CharT, _OutIter>::_M_insert_float(_OutIter, std::ios_base&, _CharT, char, _ValueT) const':</code><br />
						
            
            <a class="navhash" href="#751">#</a>
						
              <code id="751">/usr/include/c++/6.1.1/bits/locale_facets.tcc:1005:50: error: there are no arguments to '_S_get_c_locale' that depend on a template parameter, so a declaration of '_S_get_c_locale' must be available [-fpermissive]</code><br />
						
            
            <a class="navhash" href="#752">#</a>
						
              <code id="752">    __len = std::__convert_from_v(_S_get_c_locale(), __cs, __cs_size,</code><br />
						
            
            <a class="navhash" href="#753">#</a>
						
              <code id="753">                                                  ^</code><br />
						
            
            <a class="navhash" href="#754">#</a>
						
              <code id="754">/usr/include/c++/6.1.1/bits/locale_facets.tcc:1008:50: error: there are no arguments to '_S_get_c_locale' that depend on a template parameter, so a declaration of '_S_get_c_locale' must be available [-fpermissive]</code><br />
						
            
            <a class="navhash" href="#755">#</a>
						
              <code id="755">    __len = std::__convert_from_v(_S_get_c_locale(), __cs, __cs_size,</code><br />
						
            
            <a class="navhash" href="#756">#</a>
						
              <code id="756">                                                  ^</code><br />
						
            
            <a class="navhash" href="#757">#</a>
						
              <code id="757">/usr/include/c++/6.1.1/bits/locale_facets.tcc:1017:54: error: there are no arguments to '_S_get_c_locale' that depend on a template parameter, so a declaration of '_S_get_c_locale' must be available [-fpermissive]</code><br />
						
            
            <a class="navhash" href="#758">#</a>
						
              <code id="758">        __len = std::__convert_from_v(_S_get_c_locale(), __cs, __cs_size,</code><br />
						
            
            <a class="navhash" href="#759">#</a>
						
              <code id="759">                                                      ^</code><br />
						
            
            <a class="navhash" href="#760">#</a>
						
              <code id="760">/usr/include/c++/6.1.1/bits/locale_facets.tcc:1020:54: error: there are no arguments to '_S_get_c_locale' that depend on a template parameter, so a declaration of '_S_get_c_locale' must be available [-fpermissive]</code><br />
						
            
            <a class="navhash" href="#761">#</a>
						
              <code id="761">        __len = std::__convert_from_v(_S_get_c_locale(), __cs, __cs_size,</code><br />
						
            
            <a class="navhash" href="#762">#</a>
						
              <code id="762">                                                      ^</code><br />
						
            
            <a class="navhash" href="#763">#</a>
						
              <code id="763">In file included from db.cc:20:0:</code><br />
						
            
            <a class="navhash" href="#764">#</a>
						
              <code id="764">../include/cdbxx/db.hh: At global scope:</code><br />
						
            
            <a class="navhash" href="#765">#</a>
						
              <code id="765">../include/cdbxx/db.hh:61:8: warning: 'template<class> class std::auto_ptr' is deprecated [-Wdeprecated-declarations]</code><br />
						
            
            <a class="navhash" href="#766">#</a>
						
              <code id="766">   std::auto_ptr<cdb_make> cdbm_; /**< internal database handler */</code><br />
						
            
            <a class="navhash" href="#767">#</a>
						
              <code id="767">        ^~~~~~~~</code><br />
						
            
            <a class="navhash" href="#768">#</a>
						
              <code id="768">In file included from /usr/include/c++/6.1.1/memory:81:0,</code><br />
						
            
            <a class="navhash" href="#769">#</a>
						
              <code id="769">                 from ../include/cdbxx/db.hh:14,</code><br />
						
            
            <a class="navhash" href="#770">#</a>
						
              <code id="770">                 from db.cc:20:</code><br />
						
            
            <a class="navhash" href="#771">#</a>
						
              <code id="771">/usr/include/c++/6.1.1/bits/unique_ptr.h:49:28: note: declared here</code><br />
						
            
            <a class="navhash" href="#772">#</a>
						
              <code id="772">   template<typename> class auto_ptr;</code><br />
						
            
            <a class="navhash" href="#773">#</a>
						
              <code id="773">                            ^~~~~~~~</code><br />
						
            
            <a class="navhash" href="#774">#</a>
						
              <code id="774">In file included from db.cc:20:0:</code><br />
						
            
            <a class="navhash" href="#775">#</a>
						
              <code id="775">../include/cdbxx/db.hh:107:16: warning: 'template<class> class std::auto_ptr' is deprecated [-Wdeprecated-declarations]</code><br />
						
            
            <a class="navhash" href="#776">#</a>
						
              <code id="776">   mutable std::auto_ptr<cdb> cdbp_; /**< internal database handler, mutable 'cause I want to have const find method */</code><br />
						
            
            <a class="navhash" href="#777">#</a>
						
              <code id="777">                ^~~~~~~~</code><br />
						
            
            <a class="navhash" href="#778">#</a>
						
              <code id="778">In file included from /usr/include/c++/6.1.1/memory:81:0,</code><br />
						
            
            <a class="navhash" href="#779">#</a>
						
              <code id="779">                 from ../include/cdbxx/db.hh:14,</code><br />
						
            
            <a class="navhash" href="#780">#</a>
						
              <code id="780">                 from db.cc:20:</code><br />
						
            
            <a class="navhash" href="#781">#</a>
						
              <code id="781">/usr/include/c++/6.1.1/bits/unique_ptr.h:49:28: note: declared here</code><br />
						
            
            <a class="navhash" href="#782">#</a>
						
              <code id="782">   template<typename> class auto_ptr;</code><br />
						
            
            <a class="navhash" href="#783">#</a>
						
              <code id="783">                            ^~~~~~~~</code><br />
						
            
            <a class="navhash" href="#784">#</a>
						
              <code id="784">make[1]: *** [Makefile:33: iterator.so] Error 1</code><br />
						
            
            <a class="navhash" href="#785">#</a>
						
              <code id="785">make[1]: *** Waiting for unfinished jobs....</code><br />
						
            
            <a class="navhash" href="#786">#</a>
						
              <code id="786">make[1]: *** [Makefile:33: db.so] Error 1</code><br />
						
            
            <a class="navhash" href="#787">#</a>
						
              <code id="787">make[1]: Leaving directory '/tmp/cdbxx/src/cdbxx-0.0.1rc2/src'</code><br />
						
            
            <a class="navhash" href="#788">#</a>
						
              <code id="788">make: *** [Makefile:12: all] Error 1</code><br />
						
            
            <a class="navhash" href="#789">#</a>
						
              <code id="789">==> ERROR: A failure occurred in build().</code><br />
						
            
            <a class="navhash" href="#790">#</a>
						
              <code id="790">    Aborting...</code><br />
						
            
          </div>
        
      </div>
      <br />
    
      <div class="block">
        <div class="info">
          <code>Printing config.logs</code>
        </div>
        
      </div>
      <br />
    
  </body>
</html>