<!DOCTYPE html>
<html>
<!-- Jinja template for reports of individual builds

  Copyright 2016 Kareem Khazem. All Rights Reserved.
  Licensed under the Apache License, Version 2.0 (the "License");
  you may not use this file except in compliance with the License.
  You may obtain a copy of the License at

 		 http://www.apache.org/licenses/LICENSE-2.0

  Unless required by applicable law or agreed to in writing, software
  distributed under the License is distributed on an "AS IS" BASIS,
  WITHOUT WARRANTIES OR CONDITIONS OF ANY KIND, either express or
  implied.
  See the License for the specific language governing permissions and
  limitations under the License.
-->
  <head>
    <meta charset="UTF-8">
    <title>musl/ddrescue</title>
    <link href='https://fonts.googleapis.com/css?family=Roboto:400,900'
          rel='stylesheet' type='text/css'>
    <link
    href='https://fonts.googleapis.com/css?family=Source+Code+Pro:400,700'
          rel='stylesheet' type='text/css'>
    <link href="../style.css" type="text/css" rel="stylesheet">
  </head>
  <body>
    <h1>Build of ddrescue
        with <a href="../index.html">musl</a>
        toolchain</h1>
    <p>The build took 00h 00m 53s and was
    NOT successful.
    
    </p>
    
    
    
    <h2>List of Errors</h2>
    <ul>
      
      <li>compile_error
        <ul>
          
          <li><a href="#32">/usr/include/c++/6.1.1/x86_64-pc-linux-gnu/bits/os_defines.h:44:19: error: missing binary operator before token "("</a></li>
          
          <li><a href="#39">/usr/include/c++/6.1.1/x86_64-pc-linux-gnu/bits/os_defines.h:44:19: error: missing binary operator before token "("</a></li>
          
          <li><a href="#45">/usr/include/c++/6.1.1/x86_64-pc-linux-gnu/bits/c++locale.h:62:11: error: '__locale_t' does not name a type</a></li>
          
          <li><a href="#48">/usr/include/c++/6.1.1/x86_64-pc-linux-gnu/bits/c++locale.h:69:26: error: '__c_locale' does not name a type</a></li>
          
          <li><a href="#55">/usr/include/stdlib.h:34:1: error: '__BEGIN_DECLS' does not name a type</a></li>
          
          <li><a href="#58">/usr/include/stdlib.h:101:5: error: 'div_t' does not name a type</a></li>
          
          <li><a href="#61">/usr/include/stdlib.h:112:1: error: '__END_NAMESPACE_STD' does not name a type</a></li>
          
          <li><a href="#64">/usr/include/stdlib.h:142:1: error: '__BEGIN_NAMESPACE_STD' does not name a type</a></li>
          
          <li><a href="#67">/usr/include/stdlib.h:148:6: error: expected initializer before '__THROW'</a></li>
          
          <li><a href="#70">/usr/include/stdlib.h:151:6: error: expected initializer before '__THROW'</a></li>
          
          <li><a href="#73">/usr/include/stdlib.h:152:1: error: '__END_NAMESPACE_STD' does not name a type</a></li>
          
          <li><a href="#76">/usr/include/stdlib.h:167:1: error: '__END_NAMESPACE_STD' does not name a type</a></li>
          
          <li><a href="#79">/usr/include/stdlib.h:189:6: error: expected initializer before '__THROW'</a></li>
          
          <li><a href="#82">/usr/include/stdlib.h:190:1: error: '__END_NAMESPACE_STD' does not name a type</a></li>
          
          <li><a href="#85">/usr/include/stdlib.h:376:41: error: expected initializer before '__THROW'</a></li>
          
          <li><a href="#88">/usr/include/stdlib.h:377:1: error: '__END_NAMESPACE_STD' does not name a type</a></li>
          
          <li><a href="#91">/usr/include/stdlib.h:469:6: error: expected initializer before '__THROW'</a></li>
          
          <li><a href="#94">/usr/include/stdlib.h:470:1: error: '__END_NAMESPACE_STD' does not name a type</a></li>
          
          <li><a href="#97">/usr/include/stdlib.h:483:32: error: expected initializer before '__THROW'</a></li>
          
          <li><a href="#100">/usr/include/stdlib.h:484:1: error: '__END_NAMESPACE_STD' does not name a type</a></li>
          
          <li><a href="#103">/usr/include/stdlib.h:519:43: error: expected initializer before '__THROW'</a></li>
          
          <li><a href="#106">/usr/include/stdlib.h:530:1: error: '__END_NAMESPACE_STD' does not name a type</a></li>
          
          <li><a href="#109">/usr/include/stdlib.h:551:1: error: '__END_NAMESPACE_STD' does not name a type</a></li>
          
          <li><a href="#112">/usr/include/stdlib.h:565:1: error: '__END_NAMESPACE_STD' does not name a type</a></li>
          
          <li><a href="#115">/usr/include/stdlib.h:717:1: error: '__END_NAMESPACE_STD' does not name a type</a></li>
          
          <li><a href="#118">/usr/include/stdlib.h:751:1: error: '__BEGIN_NAMESPACE_STD' does not name a type</a></li>
          
          <li><a href="#121">/usr/include/stdlib.h:765:6: error: '__compar_fn_t' has not been declared</a></li>
          
          <li><a href="#124">/usr/include/stdlib.h:765:30: error: expected initializer before '__nonnull'</a></li>
          
          <li><a href="#127">/usr/include/stdlib.h:774:26: error: expected initializer before '__THROW'</a></li>
          
          <li><a href="#130">/usr/include/stdlib.h:775:37: error: expected initializer before '__THROW'</a></li>
          
          <li><a href="#133">/usr/include/stdlib.h:776:1: error: '__END_NAMESPACE_STD' does not name a type</a></li>
          
          <li><a href="#136">/usr/include/stdlib.h:791:6: error: expected initializer before '__THROW'</a></li>
          
          <li><a href="#139">/usr/include/stdlib.h:792:1: error: '__END_NAMESPACE_STD' does not name a type</a></li>
          
          <li><a href="#142">/usr/include/stdlib.h:866:46: error: expected initializer before '__THROW'</a></li>
          
          <li><a href="#145">/usr/include/stdlib.h:869:48: error: expected initializer before '__THROW'</a></li>
          
          <li><a href="#148">/usr/include/stdlib.h:874:44: error: expected initializer before '__THROW'</a></li>
          
          <li><a href="#151">/usr/include/stdlib.h:878:6: error: expected initializer before '__THROW'</a></li>
          
          <li><a href="#154">/usr/include/stdlib.h:879:1: error: '__END_NAMESPACE_STD' does not name a type</a></li>
          
          <li><a href="#162">/usr/include/stdlib.h:34:1: error: '__BEGIN_DECLS' does not name a type</a></li>
          
          <li><a href="#165">/usr/include/stdlib.h:101:5: error: 'div_t' does not name a type</a></li>
          
          <li><a href="#168">/usr/include/stdlib.h:112:1: error: '__END_NAMESPACE_STD' does not name a type</a></li>
          
          <li><a href="#171">/usr/include/stdlib.h:142:1: error: '__BEGIN_NAMESPACE_STD' does not name a type</a></li>
          
          <li><a href="#174">/usr/include/stdlib.h:148:6: error: expected initializer before '__THROW'</a></li>
          
          <li><a href="#177">/usr/include/stdlib.h:151:6: error: expected initializer before '__THROW'</a></li>
          
          <li><a href="#180">/usr/include/stdlib.h:152:1: error: '__END_NAMESPACE_STD' does not name a type</a></li>
          
          <li><a href="#183">/usr/include/stdlib.h:167:1: error: '__END_NAMESPACE_STD' does not name a type</a></li>
          
          <li><a href="#186">/usr/include/stdlib.h:189:6: error: expected initializer before '__THROW'</a></li>
          
          <li><a href="#189">/usr/include/stdlib.h:190:1: error: '__END_NAMESPACE_STD' does not name a type</a></li>
          
          <li><a href="#192">/usr/include/stdlib.h:376:41: error: expected initializer before '__THROW'</a></li>
          
          <li><a href="#195">/usr/include/stdlib.h:377:1: error: '__END_NAMESPACE_STD' does not name a type</a></li>
          
          <li><a href="#198">/usr/include/stdlib.h:469:6: error: expected initializer before '__THROW'</a></li>
          
          <li><a href="#201">/usr/include/stdlib.h:470:1: error: '__END_NAMESPACE_STD' does not name a type</a></li>
          
          <li><a href="#204">/usr/include/stdlib.h:483:32: error: expected initializer before '__THROW'</a></li>
          
          <li><a href="#207">/usr/include/stdlib.h:484:1: error: '__END_NAMESPACE_STD' does not name a type</a></li>
          
          <li><a href="#210">/usr/include/stdlib.h:519:43: error: expected initializer before '__THROW'</a></li>
          
          <li><a href="#213">/usr/include/stdlib.h:530:1: error: '__END_NAMESPACE_STD' does not name a type</a></li>
          
          <li><a href="#216">/usr/include/stdlib.h:551:1: error: '__END_NAMESPACE_STD' does not name a type</a></li>
          
          <li><a href="#219">/usr/include/stdlib.h:565:1: error: '__END_NAMESPACE_STD' does not name a type</a></li>
          
          <li><a href="#222">/usr/include/stdlib.h:717:1: error: '__END_NAMESPACE_STD' does not name a type</a></li>
          
          <li><a href="#225">/usr/include/stdlib.h:751:1: error: '__BEGIN_NAMESPACE_STD' does not name a type</a></li>
          
          <li><a href="#228">/usr/include/stdlib.h:765:6: error: '__compar_fn_t' has not been declared</a></li>
          
          <li><a href="#231">/usr/include/stdlib.h:765:30: error: expected initializer before '__nonnull'</a></li>
          
          <li><a href="#234">/usr/include/stdlib.h:774:26: error: expected initializer before '__THROW'</a></li>
          
          <li><a href="#237">/usr/include/stdlib.h:775:37: error: expected initializer before '__THROW'</a></li>
          
          <li><a href="#240">/usr/include/stdlib.h:776:1: error: '__END_NAMESPACE_STD' does not name a type</a></li>
          
          <li><a href="#243">/usr/include/stdlib.h:791:6: error: expected initializer before '__THROW'</a></li>
          
          <li><a href="#246">/usr/include/stdlib.h:792:1: error: '__END_NAMESPACE_STD' does not name a type</a></li>
          
          <li><a href="#249">/usr/include/stdlib.h:866:46: error: expected initializer before '__THROW'</a></li>
          
          <li><a href="#252">/usr/include/stdlib.h:869:48: error: expected initializer before '__THROW'</a></li>
          
          <li><a href="#255">/usr/include/stdlib.h:874:44: error: expected initializer before '__THROW'</a></li>
          
          <li><a href="#258">/usr/include/stdlib.h:878:6: error: expected initializer before '__THROW'</a></li>
          
          <li><a href="#261">/usr/include/stdlib.h:879:1: error: '__END_NAMESPACE_STD' does not name a type</a></li>
          
          <li><a href="#267">/usr/include/c++/6.1.1/bits/basic_string.h:5413:42: error: 'strtol' is not a member of 'std'</a></li>
          
          <li><a href="#271">/usr/include/c++/6.1.1/bits/basic_string.h:5418:31: error: 'strtol' is not a member of 'std'</a></li>
          
          <li><a href="#275">/usr/include/c++/6.1.1/bits/basic_string.h:5423:31: error: 'strtoul' is not a member of 'std'</a></li>
          
          <li><a href="#279">/usr/include/c++/6.1.1/bits/basic_string.h:5428:31: error: 'strtoll' is not a member of 'std'</a></li>
          
          <li><a href="#283">/usr/include/c++/6.1.1/bits/basic_string.h:5433:31: error: 'strtoull' is not a member of 'std'</a></li>
          
          <li><a href="#287">/usr/include/c++/6.1.1/bits/basic_string.h:5439:31: error: 'strtof' is not a member of 'std'</a></li>
          
          <li><a href="#291">/usr/include/c++/6.1.1/bits/basic_string.h:5443:31: error: 'strtod' is not a member of 'std'</a></li>
          
          <li><a href="#295">/usr/include/c++/6.1.1/bits/basic_string.h:5447:31: error: 'strtold' is not a member of 'std'</a></li>
          
          <li><a href="#301">/usr/include/c++/6.1.1/bits/stl_algo.h:4458:8: error: 'rand' is not a member of 'std'</a></li>
          
          <li><a href="#308">/usr/include/c++/6.1.1/x86_64-pc-linux-gnu/bits/c++locale.h:62:11: error: '__locale_t' does not name a type</a></li>
          
          <li><a href="#311">/usr/include/c++/6.1.1/x86_64-pc-linux-gnu/bits/c++locale.h:69:26: error: '__c_locale' does not name a type</a></li>
          
          <li><a href="#317">/usr/include/c++/6.1.1/bits/basic_string.h:5413:42: error: 'strtol' is not a member of 'std'</a></li>
          
          <li><a href="#321">/usr/include/c++/6.1.1/bits/basic_string.h:5418:31: error: 'strtol' is not a member of 'std'</a></li>
          
          <li><a href="#325">/usr/include/c++/6.1.1/bits/basic_string.h:5423:31: error: 'strtoul' is not a member of 'std'</a></li>
          
          <li><a href="#329">/usr/include/c++/6.1.1/bits/basic_string.h:5428:31: error: 'strtoll' is not a member of 'std'</a></li>
          
          <li><a href="#333">/usr/include/c++/6.1.1/bits/basic_string.h:5433:31: error: 'strtoull' is not a member of 'std'</a></li>
          
          <li><a href="#337">/usr/include/c++/6.1.1/bits/basic_string.h:5439:31: error: 'strtof' is not a member of 'std'</a></li>
          
          <li><a href="#341">/usr/include/c++/6.1.1/bits/basic_string.h:5443:31: error: 'strtod' is not a member of 'std'</a></li>
          
          <li><a href="#345">/usr/include/c++/6.1.1/bits/basic_string.h:5447:31: error: 'strtold' is not a member of 'std'</a></li>
          
          <li><a href="#349">rational.cc:150:20: error: 'abs' is not a member of 'std'</a></li>
          
          <li><a href="#353">rational.cc:228:15: error: 'abs' is not a member of 'std'</a></li>
          
          <li><a href="#356">rational.cc:236:20: error: 'abs' is not a member of 'std'</a></li>
          
          <li><a href="#360">rational.cc:256:11: error: 'abs' is not a member of 'std'</a></li>
          
          <li><a href="#363">rational.cc:258:21: error: 'd' was not declared in this scope</a></li>
          
          <li><a href="#366">rational.cc:258:49: error: 'd' was not declared in this scope</a></li>
          
        </ul>
      </li>
      
    </ul>
    
    <h2>Log</h2>
    
      <div class="block">
        <div class="info">
          <code>Removed vanilla repositories from pacman.conf and added:</code>
        </div>
        
          <div class="output">
            
            <a class="navhash" href="#1">#</a>
						
              <code id="1">[tuscan]</code><br />
						
            
            <a class="navhash" href="#2">#</a>
						
              <code id="2">Server = file:///var/cache/pacman/pkg/</code><br />
						
            
          </div>
        
      </div>
      <br />
    
      <div class="block">
        <div class="command">
          <code><span class="prompt">CMD: </span>pacman -Syy --noconfirm</code>
        </div>
        
          <div class="output">
            
            <a class="navhash" href="#3">#</a>
						
              <code id="3">:: Synchronizing package databases...</code><br />
						
            
            <a class="navhash" href="#4">#</a>
						
              <code id="4">downloading tuscan.db...</code><br />
						
            
          </div>
        
      </div>
      <br />
    
      <div class="block">
        <div class="command">
          <code><span class="prompt">CMD: </span>sudo -u tuscan PATH=/toolchain_root/clang+llvm-x86_64-archlinux/bin:/usr/local/sbin:/usr/local/bin:/usr/sbin:/usr/bin:/sbin:/bin CC=clang CXX=clang++ SYSROOT=/toolchain_root/clang+llvm-x86_64-archlinux LIBRARY_PATH=/toolchain_root/clang+llvm-x86_64-archlinux/lib CXXFLAGS=-stdlib-libc++ CPATH=/toolchain_root/clang+llvm-x86_64-archlinux/include bear makepkg --noextract --syncdeps --skipinteg --skippgpcheck --skipchecksums --noconfirm --nocolor --log --noprogressbar --nocheck</code>
        </div>
        
          <div class="output">
            
            <a class="navhash" href="#5">#</a>
						
              <code id="5">==> Making package: ddrescue 1.21-1 (Mon Jun 27 02:36:57 UTC 2016)</code><br />
						
            
            <a class="navhash" href="#6">#</a>
						
              <code id="6">==> Checking runtime dependencies...</code><br />
						
            
            <a class="navhash" href="#7">#</a>
						
              <code id="7">==> Checking buildtime dependencies...</code><br />
						
            
            <a class="navhash" href="#8">#</a>
						
              <code id="8">==> WARNING: Using existing $srcdir/ tree</code><br />
						
            
            <a class="navhash" href="#9">#</a>
						
              <code id="9">==> Starting build()...</code><br />
						
            
            <a class="navhash" href="#10">#</a>
						
              <code id="10">./configure: line 34:   335 Segmentation fault      (core dumped) /bin/sh -c "${CXX} --version" > /dev/null 2>&1</code><br />
						
            
            <a class="navhash" href="#11">#</a>
						
              <code id="11">configure: WARNING: unrecognized option: '--host'</code><br />
						
            
            <a class="navhash" href="#12">#</a>
						
              <code id="12"></code><br />
						
            
            <a class="navhash" href="#13">#</a>
						
              <code id="13">creating config.status</code><br />
						
            
            <a class="navhash" href="#14">#</a>
						
              <code id="14">creating Makefile</code><br />
						
            
            <a class="navhash" href="#15">#</a>
						
              <code id="15">VPATH = .</code><br />
						
            
            <a class="navhash" href="#16">#</a>
						
              <code id="16">prefix = /usr</code><br />
						
            
            <a class="navhash" href="#17">#</a>
						
              <code id="17">exec_prefix = $(prefix)</code><br />
						
            
            <a class="navhash" href="#18">#</a>
						
              <code id="18">bindir = $(exec_prefix)/bin</code><br />
						
            
            <a class="navhash" href="#19">#</a>
						
              <code id="19">datarootdir = $(prefix)/share</code><br />
						
            
            <a class="navhash" href="#20">#</a>
						
              <code id="20">infodir = $(datarootdir)/info</code><br />
						
            
            <a class="navhash" href="#21">#</a>
						
              <code id="21">mandir = $(datarootdir)/man</code><br />
						
            
            <a class="navhash" href="#22">#</a>
						
              <code id="22">CXX = c++</code><br />
						
            
            <a class="navhash" href="#23">#</a>
						
              <code id="23">CPPFLAGS = </code><br />
						
            
            <a class="navhash" href="#24">#</a>
						
              <code id="24">CXXFLAGS = -W -O2</code><br />
						
            
            <a class="navhash" href="#25">#</a>
						
              <code id="25">LDFLAGS = </code><br />
						
            
            <a class="navhash" href="#26">#</a>
						
              <code id="26">OK. Now you can run make.</code><br />
						
            
            <a class="navhash" href="#27">#</a>
						
              <code id="27">c++  -W -O2 -c -o arg_parser.o arg_parser.cc</code><br />
						
            
            <a class="navhash" href="#28">#</a>
						
              <code id="28">c++  -W -O2 -c -o rational.o rational.cc</code><br />
						
            
            <a class="navhash" href="#29">#</a>
						
              <code id="29">In file included from /usr/include/c++/6.1.1/x86_64-pc-linux-gnu/bits/c++config.h:495:0,</code><br />
						
            
            <a class="navhash" href="#30">#</a>
						
              <code id="30">                 from /usr/include/c++/6.1.1/cstring:41,</code><br />
						
            
            <a class="navhash" href="#31">#</a>
						
              <code id="31">                 from arg_parser.cc:20:</code><br />
						
            
            <a class="navhash" href="#32">#</a>
						<span class="error">
              <code id="32">/usr/include/c++/6.1.1/x86_64-pc-linux-gnu/bits/os_defines.h:44:19: error: missing binary operator before token "("</code><br />
						</span>
            
            <a class="navhash" href="#33">#</a>
						
              <code id="33"> #if __GLIBC_PREREQ(2,15) && defined(_GNU_SOURCE)</code><br />
						
            
            <a class="navhash" href="#34">#</a>
						
              <code id="34">                   ^</code><br />
						
            
            <a class="navhash" href="#35">#</a>
						
              <code id="35">In file included from /usr/include/c++/6.1.1/x86_64-pc-linux-gnu/bits/c++config.h:495:0,</code><br />
						
            
            <a class="navhash" href="#36">#</a>
						
              <code id="36">                 from /usr/include/c++/6.1.1/utility:68,</code><br />
						
            
            <a class="navhash" href="#37">#</a>
						
              <code id="37">                 from /usr/include/c++/6.1.1/algorithm:60,</code><br />
						
            
            <a class="navhash" href="#38">#</a>
						
              <code id="38">                 from rational.cc:12:</code><br />
						
            
            <a class="navhash" href="#39">#</a>
						<span class="error">
              <code id="39">/usr/include/c++/6.1.1/x86_64-pc-linux-gnu/bits/os_defines.h:44:19: error: missing binary operator before token "("</code><br />
						</span>
            
            <a class="navhash" href="#40">#</a>
						
              <code id="40"> #if __GLIBC_PREREQ(2,15) && defined(_GNU_SOURCE)</code><br />
						
            
            <a class="navhash" href="#41">#</a>
						
              <code id="41">                   ^</code><br />
						
            
            <a class="navhash" href="#42">#</a>
						
              <code id="42">In file included from /usr/include/c++/6.1.1/bits/localefwd.h:40:0,</code><br />
						
            
            <a class="navhash" href="#43">#</a>
						
              <code id="43">                 from /usr/include/c++/6.1.1/string:43,</code><br />
						
            
            <a class="navhash" href="#44">#</a>
						
              <code id="44">                 from arg_parser.cc:21:</code><br />
						
            
            <a class="navhash" href="#45">#</a>
						<span class="error">
              <code id="45">/usr/include/c++/6.1.1/x86_64-pc-linux-gnu/bits/c++locale.h:62:11: error: '__locale_t' does not name a type</code><br />
						</span>
            
            <a class="navhash" href="#46">#</a>
						
              <code id="46">   typedef __locale_t  __c_locale;</code><br />
						
            
            <a class="navhash" href="#47">#</a>
						
              <code id="47">           ^~~~~~~~~~</code><br />
						
            
            <a class="navhash" href="#48">#</a>
						<span class="error">
              <code id="48">/usr/include/c++/6.1.1/x86_64-pc-linux-gnu/bits/c++locale.h:69:26: error: '__c_locale' does not name a type</code><br />
						</span>
            
            <a class="navhash" href="#49">#</a>
						
              <code id="49">   __convert_from_v(const __c_locale& __cloc __attribute__ ((__unused__)),</code><br />
						
            
            <a class="navhash" href="#50">#</a>
						
              <code id="50">                          ^~~~~~~~~~</code><br />
						
            
            <a class="navhash" href="#51">#</a>
						
              <code id="51">In file included from /usr/include/c++/6.1.1/cstdlib:75:0,</code><br />
						
            
            <a class="navhash" href="#52">#</a>
						
              <code id="52">                 from /usr/include/c++/6.1.1/bits/stl_algo.h:59,</code><br />
						
            
            <a class="navhash" href="#53">#</a>
						
              <code id="53">                 from /usr/include/c++/6.1.1/algorithm:62,</code><br />
						
            
            <a class="navhash" href="#54">#</a>
						
              <code id="54">                 from rational.cc:12:</code><br />
						
            
            <a class="navhash" href="#55">#</a>
						<span class="error">
              <code id="55">/usr/include/stdlib.h:34:1: error: '__BEGIN_DECLS' does not name a type</code><br />
						</span>
            
            <a class="navhash" href="#56">#</a>
						
              <code id="56"> __BEGIN_DECLS</code><br />
						
            
            <a class="navhash" href="#57">#</a>
						
              <code id="57"> ^~~~~~~~~~~~~</code><br />
						
            
            <a class="navhash" href="#58">#</a>
						<span class="error">
              <code id="58">/usr/include/stdlib.h:101:5: error: 'div_t' does not name a type</code><br />
						</span>
            
            <a class="navhash" href="#59">#</a>
						
              <code id="59">   } div_t;</code><br />
						
            
            <a class="navhash" href="#60">#</a>
						
              <code id="60">     ^~~~~</code><br />
						
            
            <a class="navhash" href="#61">#</a>
						<span class="error">
              <code id="61">/usr/include/stdlib.h:112:1: error: '__END_NAMESPACE_STD' does not name a type</code><br />
						</span>
            
            <a class="navhash" href="#62">#</a>
						
              <code id="62"> __END_NAMESPACE_STD</code><br />
						
            
            <a class="navhash" href="#63">#</a>
						
              <code id="63"> ^~~~~~~~~~~~~~~~~~~</code><br />
						
            
            <a class="navhash" href="#64">#</a>
						<span class="error">
              <code id="64">/usr/include/stdlib.h:142:1: error: '__BEGIN_NAMESPACE_STD' does not name a type</code><br />
						</span>
            
            <a class="navhash" href="#65">#</a>
						
              <code id="65"> __BEGIN_NAMESPACE_STD</code><br />
						
            
            <a class="navhash" href="#66">#</a>
						
              <code id="66"> ^~~~~~~~~~~~~~~~~~~~~</code><br />
						
            
            <a class="navhash" href="#67">#</a>
						<span class="error">
              <code id="67">/usr/include/stdlib.h:148:6: error: expected initializer before '__THROW'</code><br />
						</span>
            
            <a class="navhash" href="#68">#</a>
						
              <code id="68">      __THROW __attribute_pure__ __nonnull ((1)) __wur;</code><br />
						
            
            <a class="navhash" href="#69">#</a>
						
              <code id="69">      ^~~~~~~</code><br />
						
            
            <a class="navhash" href="#70">#</a>
						<span class="error">
              <code id="70">/usr/include/stdlib.h:151:6: error: expected initializer before '__THROW'</code><br />
						</span>
            
            <a class="navhash" href="#71">#</a>
						
              <code id="71">      __THROW __attribute_pure__ __nonnull ((1)) __wur;</code><br />
						
            
            <a class="navhash" href="#72">#</a>
						
              <code id="72">      ^~~~~~~</code><br />
						
            
            <a class="navhash" href="#73">#</a>
						<span class="error">
              <code id="73">/usr/include/stdlib.h:152:1: error: '__END_NAMESPACE_STD' does not name a type</code><br />
						</span>
            
            <a class="navhash" href="#74">#</a>
						
              <code id="74"> __END_NAMESPACE_STD</code><br />
						
            
            <a class="navhash" href="#75">#</a>
						
              <code id="75"> ^~~~~~~~~~~~~~~~~~~</code><br />
						
            
            <a class="navhash" href="#76">#</a>
						<span class="error">
              <code id="76">/usr/include/stdlib.h:167:1: error: '__END_NAMESPACE_STD' does not name a type</code><br />
						</span>
            
            <a class="navhash" href="#77">#</a>
						
              <code id="77"> __END_NAMESPACE_STD</code><br />
						
            
            <a class="navhash" href="#78">#</a>
						
              <code id="78"> ^~~~~~~~~~~~~~~~~~~</code><br />
						
            
            <a class="navhash" href="#79">#</a>
						<span class="error">
              <code id="79">/usr/include/stdlib.h:189:6: error: expected initializer before '__THROW'</code><br />
						</span>
            
            <a class="navhash" href="#80">#</a>
						
              <code id="80">      __THROW __nonnull ((1));</code><br />
						
            
            <a class="navhash" href="#81">#</a>
						
              <code id="81">      ^~~~~~~</code><br />
						
            
            <a class="navhash" href="#82">#</a>
						<span class="error">
              <code id="82">/usr/include/stdlib.h:190:1: error: '__END_NAMESPACE_STD' does not name a type</code><br />
						</span>
            
            <a class="navhash" href="#83">#</a>
						
              <code id="83"> __END_NAMESPACE_STD</code><br />
						
            
            <a class="navhash" href="#84">#</a>
						
              <code id="84"> ^~~~~~~~~~~~~~~~~~~</code><br />
						
            
            <a class="navhash" href="#85">#</a>
						<span class="error">
              <code id="85">/usr/include/stdlib.h:376:41: error: expected initializer before '__THROW'</code><br />
						</span>
            
            <a class="navhash" href="#86">#</a>
						
              <code id="86"> extern void srand (unsigned int __seed) __THROW;</code><br />
						
            
            <a class="navhash" href="#87">#</a>
						
              <code id="87">                                         ^~~~~~~</code><br />
						
            
            <a class="navhash" href="#88">#</a>
						<span class="error">
              <code id="88">/usr/include/stdlib.h:377:1: error: '__END_NAMESPACE_STD' does not name a type</code><br />
						</span>
            
            <a class="navhash" href="#89">#</a>
						
              <code id="89"> __END_NAMESPACE_STD</code><br />
						
            
            <a class="navhash" href="#90">#</a>
						
              <code id="90"> ^~~~~~~~~~~~~~~~~~~</code><br />
						
            
            <a class="navhash" href="#91">#</a>
						<span class="error">
              <code id="91">/usr/include/stdlib.h:469:6: error: expected initializer before '__THROW'</code><br />
						</span>
            
            <a class="navhash" href="#92">#</a>
						
              <code id="92">      __THROW __attribute_malloc__ __wur;</code><br />
						
            
            <a class="navhash" href="#93">#</a>
						
              <code id="93">      ^~~~~~~</code><br />
						
            
            <a class="navhash" href="#94">#</a>
						<span class="error">
              <code id="94">/usr/include/stdlib.h:470:1: error: '__END_NAMESPACE_STD' does not name a type</code><br />
						</span>
            
            <a class="navhash" href="#95">#</a>
						
              <code id="95"> __END_NAMESPACE_STD</code><br />
						
            
            <a class="navhash" href="#96">#</a>
						
              <code id="96"> ^~~~~~~~~~~~~~~~~~~</code><br />
						
            
            <a class="navhash" href="#97">#</a>
						<span class="error">
              <code id="97">/usr/include/stdlib.h:483:32: error: expected initializer before '__THROW'</code><br />
						</span>
            
            <a class="navhash" href="#98">#</a>
						
              <code id="98"> extern void free (void *__ptr) __THROW;</code><br />
						
            
            <a class="navhash" href="#99">#</a>
						
              <code id="99">                                ^~~~~~~</code><br />
						
            
            <a class="navhash" href="#100">#</a>
						<span class="error">
              <code id="100">/usr/include/stdlib.h:484:1: error: '__END_NAMESPACE_STD' does not name a type</code><br />
						</span>
            
            <a class="navhash" href="#101">#</a>
						
              <code id="101"> __END_NAMESPACE_STD</code><br />
						
            
            <a class="navhash" href="#102">#</a>
						
              <code id="102"> ^~~~~~~~~~~~~~~~~~~</code><br />
						
            
            <a class="navhash" href="#103">#</a>
						<span class="error">
              <code id="103">/usr/include/stdlib.h:519:43: error: expected initializer before '__THROW'</code><br />
						</span>
            
            <a class="navhash" href="#104">#</a>
						
              <code id="104"> extern int atexit (void (*__func) (void)) __THROW __nonnull ((1));</code><br />
						
            
            <a class="navhash" href="#105">#</a>
						
              <code id="105">                                           ^~~~~~~</code><br />
						
            
            <a class="navhash" href="#106">#</a>
						<span class="error">
              <code id="106">/usr/include/stdlib.h:530:1: error: '__END_NAMESPACE_STD' does not name a type</code><br />
						</span>
            
            <a class="navhash" href="#107">#</a>
						
              <code id="107"> __END_NAMESPACE_STD</code><br />
						
            
            <a class="navhash" href="#108">#</a>
						
              <code id="108"> ^~~~~~~~~~~~~~~~~~~</code><br />
						
            
            <a class="navhash" href="#109">#</a>
						<span class="error">
              <code id="109">/usr/include/stdlib.h:551:1: error: '__END_NAMESPACE_STD' does not name a type</code><br />
						</span>
            
            <a class="navhash" href="#110">#</a>
						
              <code id="110"> __END_NAMESPACE_STD</code><br />
						
            
            <a class="navhash" href="#111">#</a>
						
              <code id="111"> ^~~~~~~~~~~~~~~~~~~</code><br />
						
            
            <a class="navhash" href="#112">#</a>
						<span class="error">
              <code id="112">/usr/include/stdlib.h:565:1: error: '__END_NAMESPACE_STD' does not name a type</code><br />
						</span>
            
            <a class="navhash" href="#113">#</a>
						
              <code id="113"> __END_NAMESPACE_STD</code><br />
						
            
            <a class="navhash" href="#114">#</a>
						
              <code id="114"> ^~~~~~~~~~~~~~~~~~~</code><br />
						
            
            <a class="navhash" href="#115">#</a>
						<span class="error">
              <code id="115">/usr/include/stdlib.h:717:1: error: '__END_NAMESPACE_STD' does not name a type</code><br />
						</span>
            
            <a class="navhash" href="#116">#</a>
						
              <code id="116"> __END_NAMESPACE_STD</code><br />
						
            
            <a class="navhash" href="#117">#</a>
						
              <code id="117"> ^~~~~~~~~~~~~~~~~~~</code><br />
						
            
            <a class="navhash" href="#118">#</a>
						<span class="error">
              <code id="118">/usr/include/stdlib.h:751:1: error: '__BEGIN_NAMESPACE_STD' does not name a type</code><br />
						</span>
            
            <a class="navhash" href="#119">#</a>
						
              <code id="119"> __BEGIN_NAMESPACE_STD</code><br />
						
            
            <a class="navhash" href="#120">#</a>
						
              <code id="120"> ^~~~~~~~~~~~~~~~~~~~~</code><br />
						
            
            <a class="navhash" href="#121">#</a>
						<span class="error">
              <code id="121">/usr/include/stdlib.h:765:6: error: '__compar_fn_t' has not been declared</code><br />
						</span>
            
            <a class="navhash" href="#122">#</a>
						
              <code id="122">      __compar_fn_t __compar) __nonnull ((1, 4));</code><br />
						
            
            <a class="navhash" href="#123">#</a>
						
              <code id="123">      ^~~~~~~~~~~~~</code><br />
						
            
            <a class="navhash" href="#124">#</a>
						<span class="error">
              <code id="124">/usr/include/stdlib.h:765:30: error: expected initializer before '__nonnull'</code><br />
						</span>
            
            <a class="navhash" href="#125">#</a>
						
              <code id="125">      __compar_fn_t __compar) __nonnull ((1, 4));</code><br />
						
            
            <a class="navhash" href="#126">#</a>
						
              <code id="126">                              ^~~~~~~~~</code><br />
						
            
            <a class="navhash" href="#127">#</a>
						<span class="error">
              <code id="127">/usr/include/stdlib.h:774:26: error: expected initializer before '__THROW'</code><br />
						</span>
            
            <a class="navhash" href="#128">#</a>
						
              <code id="128"> extern int abs (int __x) __THROW __attribute__ ((__const__)) __wur;</code><br />
						
            
            <a class="navhash" href="#129">#</a>
						
              <code id="129">                          ^~~~~~~</code><br />
						
            
            <a class="navhash" href="#130">#</a>
						<span class="error">
              <code id="130">/usr/include/stdlib.h:775:37: error: expected initializer before '__THROW'</code><br />
						</span>
            
            <a class="navhash" href="#131">#</a>
						
              <code id="131"> extern long int labs (long int __x) __THROW __attribute__ ((__const__)) __wur;</code><br />
						
            
            <a class="navhash" href="#132">#</a>
						
              <code id="132">                                     ^~~~~~~</code><br />
						
            
            <a class="navhash" href="#133">#</a>
						<span class="error">
              <code id="133">/usr/include/stdlib.h:776:1: error: '__END_NAMESPACE_STD' does not name a type</code><br />
						</span>
            
            <a class="navhash" href="#134">#</a>
						
              <code id="134"> __END_NAMESPACE_STD</code><br />
						
            
            <a class="navhash" href="#135">#</a>
						
              <code id="135"> ^~~~~~~~~~~~~~~~~~~</code><br />
						
            
            <a class="navhash" href="#136">#</a>
						<span class="error">
              <code id="136">/usr/include/stdlib.h:791:6: error: expected initializer before '__THROW'</code><br />
						</span>
            
            <a class="navhash" href="#137">#</a>
						
              <code id="137">      __THROW __attribute__ ((__const__)) __wur;</code><br />
						
            
            <a class="navhash" href="#138">#</a>
						
              <code id="138">      ^~~~~~~</code><br />
						
            
            <a class="navhash" href="#139">#</a>
						<span class="error">
              <code id="139">/usr/include/stdlib.h:792:1: error: '__END_NAMESPACE_STD' does not name a type</code><br />
						</span>
            
            <a class="navhash" href="#140">#</a>
						
              <code id="140"> __END_NAMESPACE_STD</code><br />
						
            
            <a class="navhash" href="#141">#</a>
						
              <code id="141"> ^~~~~~~~~~~~~~~~~~~</code><br />
						
            
            <a class="navhash" href="#142">#</a>
						<span class="error">
              <code id="142">/usr/include/stdlib.h:866:46: error: expected initializer before '__THROW'</code><br />
						</span>
            
            <a class="navhash" href="#143">#</a>
						
              <code id="143">      const char *__restrict __s, size_t __n) __THROW;</code><br />
						
            
            <a class="navhash" href="#144">#</a>
						
              <code id="144">                                              ^~~~~~~</code><br />
						
            
            <a class="navhash" href="#145">#</a>
						<span class="error">
              <code id="145">/usr/include/stdlib.h:869:48: error: expected initializer before '__THROW'</code><br />
						</span>
            
            <a class="navhash" href="#146">#</a>
						
              <code id="146"> extern int wctomb (char *__s, wchar_t __wchar) __THROW;</code><br />
						
            
            <a class="navhash" href="#147">#</a>
						
              <code id="147">                                                ^~~~~~~</code><br />
						
            
            <a class="navhash" href="#148">#</a>
						<span class="error">
              <code id="148">/usr/include/stdlib.h:874:44: error: expected initializer before '__THROW'</code><br />
						</span>
            
            <a class="navhash" href="#149">#</a>
						
              <code id="149">    const char *__restrict __s, size_t __n) __THROW;</code><br />
						
            
            <a class="navhash" href="#150">#</a>
						
              <code id="150">                                            ^~~~~~~</code><br />
						
            
            <a class="navhash" href="#151">#</a>
						<span class="error">
              <code id="151">/usr/include/stdlib.h:878:6: error: expected initializer before '__THROW'</code><br />
						</span>
            
            <a class="navhash" href="#152">#</a>
						
              <code id="152">      __THROW;</code><br />
						
            
            <a class="navhash" href="#153">#</a>
						
              <code id="153">      ^~~~~~~</code><br />
						
            
            <a class="navhash" href="#154">#</a>
						<span class="error">
              <code id="154">/usr/include/stdlib.h:879:1: error: '__END_NAMESPACE_STD' does not name a type</code><br />
						</span>
            
            <a class="navhash" href="#155">#</a>
						
              <code id="155"> __END_NAMESPACE_STD</code><br />
						
            
            <a class="navhash" href="#156">#</a>
						
              <code id="156"> ^~~~~~~~~~~~~~~~~~~</code><br />
						
            
            <a class="navhash" href="#157">#</a>
						
              <code id="157">In file included from /usr/include/c++/6.1.1/cstdlib:75:0,</code><br />
						
            
            <a class="navhash" href="#158">#</a>
						
              <code id="158">                 from /usr/include/c++/6.1.1/ext/string_conversions.h:41,</code><br />
						
            
            <a class="navhash" href="#159">#</a>
						
              <code id="159">                 from /usr/include/c++/6.1.1/bits/basic_string.h:5402,</code><br />
						
            
            <a class="navhash" href="#160">#</a>
						
              <code id="160">                 from /usr/include/c++/6.1.1/string:52,</code><br />
						
            
            <a class="navhash" href="#161">#</a>
						
              <code id="161">                 from arg_parser.cc:21:</code><br />
						
            
            <a class="navhash" href="#162">#</a>
						<span class="error">
              <code id="162">/usr/include/stdlib.h:34:1: error: '__BEGIN_DECLS' does not name a type</code><br />
						</span>
            
            <a class="navhash" href="#163">#</a>
						
              <code id="163"> __BEGIN_DECLS</code><br />
						
            
            <a class="navhash" href="#164">#</a>
						
              <code id="164"> ^~~~~~~~~~~~~</code><br />
						
            
            <a class="navhash" href="#165">#</a>
						<span class="error">
              <code id="165">/usr/include/stdlib.h:101:5: error: 'div_t' does not name a type</code><br />
						</span>
            
            <a class="navhash" href="#166">#</a>
						
              <code id="166">   } div_t;</code><br />
						
            
            <a class="navhash" href="#167">#</a>
						
              <code id="167">     ^~~~~</code><br />
						
            
            <a class="navhash" href="#168">#</a>
						<span class="error">
              <code id="168">/usr/include/stdlib.h:112:1: error: '__END_NAMESPACE_STD' does not name a type</code><br />
						</span>
            
            <a class="navhash" href="#169">#</a>
						
              <code id="169"> __END_NAMESPACE_STD</code><br />
						
            
            <a class="navhash" href="#170">#</a>
						
              <code id="170"> ^~~~~~~~~~~~~~~~~~~</code><br />
						
            
            <a class="navhash" href="#171">#</a>
						<span class="error">
              <code id="171">/usr/include/stdlib.h:142:1: error: '__BEGIN_NAMESPACE_STD' does not name a type</code><br />
						</span>
            
            <a class="navhash" href="#172">#</a>
						
              <code id="172"> __BEGIN_NAMESPACE_STD</code><br />
						
            
            <a class="navhash" href="#173">#</a>
						
              <code id="173"> ^~~~~~~~~~~~~~~~~~~~~</code><br />
						
            
            <a class="navhash" href="#174">#</a>
						<span class="error">
              <code id="174">/usr/include/stdlib.h:148:6: error: expected initializer before '__THROW'</code><br />
						</span>
            
            <a class="navhash" href="#175">#</a>
						
              <code id="175">      __THROW __attribute_pure__ __nonnull ((1)) __wur;</code><br />
						
            
            <a class="navhash" href="#176">#</a>
						
              <code id="176">      ^~~~~~~</code><br />
						
            
            <a class="navhash" href="#177">#</a>
						<span class="error">
              <code id="177">/usr/include/stdlib.h:151:6: error: expected initializer before '__THROW'</code><br />
						</span>
            
            <a class="navhash" href="#178">#</a>
						
              <code id="178">      __THROW __attribute_pure__ __nonnull ((1)) __wur;</code><br />
						
            
            <a class="navhash" href="#179">#</a>
						
              <code id="179">      ^~~~~~~</code><br />
						
            
            <a class="navhash" href="#180">#</a>
						<span class="error">
              <code id="180">/usr/include/stdlib.h:152:1: error: '__END_NAMESPACE_STD' does not name a type</code><br />
						</span>
            
            <a class="navhash" href="#181">#</a>
						
              <code id="181"> __END_NAMESPACE_STD</code><br />
						
            
            <a class="navhash" href="#182">#</a>
						
              <code id="182"> ^~~~~~~~~~~~~~~~~~~</code><br />
						
            
            <a class="navhash" href="#183">#</a>
						<span class="error">
              <code id="183">/usr/include/stdlib.h:167:1: error: '__END_NAMESPACE_STD' does not name a type</code><br />
						</span>
            
            <a class="navhash" href="#184">#</a>
						
              <code id="184"> __END_NAMESPACE_STD</code><br />
						
            
            <a class="navhash" href="#185">#</a>
						
              <code id="185"> ^~~~~~~~~~~~~~~~~~~</code><br />
						
            
            <a class="navhash" href="#186">#</a>
						<span class="error">
              <code id="186">/usr/include/stdlib.h:189:6: error: expected initializer before '__THROW'</code><br />
						</span>
            
            <a class="navhash" href="#187">#</a>
						
              <code id="187">      __THROW __nonnull ((1));</code><br />
						
            
            <a class="navhash" href="#188">#</a>
						
              <code id="188">      ^~~~~~~</code><br />
						
            
            <a class="navhash" href="#189">#</a>
						<span class="error">
              <code id="189">/usr/include/stdlib.h:190:1: error: '__END_NAMESPACE_STD' does not name a type</code><br />
						</span>
            
            <a class="navhash" href="#190">#</a>
						
              <code id="190"> __END_NAMESPACE_STD</code><br />
						
            
            <a class="navhash" href="#191">#</a>
						
              <code id="191"> ^~~~~~~~~~~~~~~~~~~</code><br />
						
            
            <a class="navhash" href="#192">#</a>
						<span class="error">
              <code id="192">/usr/include/stdlib.h:376:41: error: expected initializer before '__THROW'</code><br />
						</span>
            
            <a class="navhash" href="#193">#</a>
						
              <code id="193"> extern void srand (unsigned int __seed) __THROW;</code><br />
						
            
            <a class="navhash" href="#194">#</a>
						
              <code id="194">                                         ^~~~~~~</code><br />
						
            
            <a class="navhash" href="#195">#</a>
						<span class="error">
              <code id="195">/usr/include/stdlib.h:377:1: error: '__END_NAMESPACE_STD' does not name a type</code><br />
						</span>
            
            <a class="navhash" href="#196">#</a>
						
              <code id="196"> __END_NAMESPACE_STD</code><br />
						
            
            <a class="navhash" href="#197">#</a>
						
              <code id="197"> ^~~~~~~~~~~~~~~~~~~</code><br />
						
            
            <a class="navhash" href="#198">#</a>
						<span class="error">
              <code id="198">/usr/include/stdlib.h:469:6: error: expected initializer before '__THROW'</code><br />
						</span>
            
            <a class="navhash" href="#199">#</a>
						
              <code id="199">      __THROW __attribute_malloc__ __wur;</code><br />
						
            
            <a class="navhash" href="#200">#</a>
						
              <code id="200">      ^~~~~~~</code><br />
						
            
            <a class="navhash" href="#201">#</a>
						<span class="error">
              <code id="201">/usr/include/stdlib.h:470:1: error: '__END_NAMESPACE_STD' does not name a type</code><br />
						</span>
            
            <a class="navhash" href="#202">#</a>
						
              <code id="202"> __END_NAMESPACE_STD</code><br />
						
            
            <a class="navhash" href="#203">#</a>
						
              <code id="203"> ^~~~~~~~~~~~~~~~~~~</code><br />
						
            
            <a class="navhash" href="#204">#</a>
						<span class="error">
              <code id="204">/usr/include/stdlib.h:483:32: error: expected initializer before '__THROW'</code><br />
						</span>
            
            <a class="navhash" href="#205">#</a>
						
              <code id="205"> extern void free (void *__ptr) __THROW;</code><br />
						
            
            <a class="navhash" href="#206">#</a>
						
              <code id="206">                                ^~~~~~~</code><br />
						
            
            <a class="navhash" href="#207">#</a>
						<span class="error">
              <code id="207">/usr/include/stdlib.h:484:1: error: '__END_NAMESPACE_STD' does not name a type</code><br />
						</span>
            
            <a class="navhash" href="#208">#</a>
						
              <code id="208"> __END_NAMESPACE_STD</code><br />
						
            
            <a class="navhash" href="#209">#</a>
						
              <code id="209"> ^~~~~~~~~~~~~~~~~~~</code><br />
						
            
            <a class="navhash" href="#210">#</a>
						<span class="error">
              <code id="210">/usr/include/stdlib.h:519:43: error: expected initializer before '__THROW'</code><br />
						</span>
            
            <a class="navhash" href="#211">#</a>
						
              <code id="211"> extern int atexit (void (*__func) (void)) __THROW __nonnull ((1));</code><br />
						
            
            <a class="navhash" href="#212">#</a>
						
              <code id="212">                                           ^~~~~~~</code><br />
						
            
            <a class="navhash" href="#213">#</a>
						<span class="error">
              <code id="213">/usr/include/stdlib.h:530:1: error: '__END_NAMESPACE_STD' does not name a type</code><br />
						</span>
            
            <a class="navhash" href="#214">#</a>
						
              <code id="214"> __END_NAMESPACE_STD</code><br />
						
            
            <a class="navhash" href="#215">#</a>
						
              <code id="215"> ^~~~~~~~~~~~~~~~~~~</code><br />
						
            
            <a class="navhash" href="#216">#</a>
						<span class="error">
              <code id="216">/usr/include/stdlib.h:551:1: error: '__END_NAMESPACE_STD' does not name a type</code><br />
						</span>
            
            <a class="navhash" href="#217">#</a>
						
              <code id="217"> __END_NAMESPACE_STD</code><br />
						
            
            <a class="navhash" href="#218">#</a>
						
              <code id="218"> ^~~~~~~~~~~~~~~~~~~</code><br />
						
            
            <a class="navhash" href="#219">#</a>
						<span class="error">
              <code id="219">/usr/include/stdlib.h:565:1: error: '__END_NAMESPACE_STD' does not name a type</code><br />
						</span>
            
            <a class="navhash" href="#220">#</a>
						
              <code id="220"> __END_NAMESPACE_STD</code><br />
						
            
            <a class="navhash" href="#221">#</a>
						
              <code id="221"> ^~~~~~~~~~~~~~~~~~~</code><br />
						
            
            <a class="navhash" href="#222">#</a>
						<span class="error">
              <code id="222">/usr/include/stdlib.h:717:1: error: '__END_NAMESPACE_STD' does not name a type</code><br />
						</span>
            
            <a class="navhash" href="#223">#</a>
						
              <code id="223"> __END_NAMESPACE_STD</code><br />
						
            
            <a class="navhash" href="#224">#</a>
						
              <code id="224"> ^~~~~~~~~~~~~~~~~~~</code><br />
						
            
            <a class="navhash" href="#225">#</a>
						<span class="error">
              <code id="225">/usr/include/stdlib.h:751:1: error: '__BEGIN_NAMESPACE_STD' does not name a type</code><br />
						</span>
            
            <a class="navhash" href="#226">#</a>
						
              <code id="226"> __BEGIN_NAMESPACE_STD</code><br />
						
            
            <a class="navhash" href="#227">#</a>
						
              <code id="227"> ^~~~~~~~~~~~~~~~~~~~~</code><br />
						
            
            <a class="navhash" href="#228">#</a>
						<span class="error">
              <code id="228">/usr/include/stdlib.h:765:6: error: '__compar_fn_t' has not been declared</code><br />
						</span>
            
            <a class="navhash" href="#229">#</a>
						
              <code id="229">      __compar_fn_t __compar) __nonnull ((1, 4));</code><br />
						
            
            <a class="navhash" href="#230">#</a>
						
              <code id="230">      ^~~~~~~~~~~~~</code><br />
						
            
            <a class="navhash" href="#231">#</a>
						<span class="error">
              <code id="231">/usr/include/stdlib.h:765:30: error: expected initializer before '__nonnull'</code><br />
						</span>
            
            <a class="navhash" href="#232">#</a>
						
              <code id="232">      __compar_fn_t __compar) __nonnull ((1, 4));</code><br />
						
            
            <a class="navhash" href="#233">#</a>
						
              <code id="233">                              ^~~~~~~~~</code><br />
						
            
            <a class="navhash" href="#234">#</a>
						<span class="error">
              <code id="234">/usr/include/stdlib.h:774:26: error: expected initializer before '__THROW'</code><br />
						</span>
            
            <a class="navhash" href="#235">#</a>
						
              <code id="235"> extern int abs (int __x) __THROW __attribute__ ((__const__)) __wur;</code><br />
						
            
            <a class="navhash" href="#236">#</a>
						
              <code id="236">                          ^~~~~~~</code><br />
						
            
            <a class="navhash" href="#237">#</a>
						<span class="error">
              <code id="237">/usr/include/stdlib.h:775:37: error: expected initializer before '__THROW'</code><br />
						</span>
            
            <a class="navhash" href="#238">#</a>
						
              <code id="238"> extern long int labs (long int __x) __THROW __attribute__ ((__const__)) __wur;</code><br />
						
            
            <a class="navhash" href="#239">#</a>
						
              <code id="239">                                     ^~~~~~~</code><br />
						
            
            <a class="navhash" href="#240">#</a>
						<span class="error">
              <code id="240">/usr/include/stdlib.h:776:1: error: '__END_NAMESPACE_STD' does not name a type</code><br />
						</span>
            
            <a class="navhash" href="#241">#</a>
						
              <code id="241"> __END_NAMESPACE_STD</code><br />
						
            
            <a class="navhash" href="#242">#</a>
						
              <code id="242"> ^~~~~~~~~~~~~~~~~~~</code><br />
						
            
            <a class="navhash" href="#243">#</a>
						<span class="error">
              <code id="243">/usr/include/stdlib.h:791:6: error: expected initializer before '__THROW'</code><br />
						</span>
            
            <a class="navhash" href="#244">#</a>
						
              <code id="244">      __THROW __attribute__ ((__const__)) __wur;</code><br />
						
            
            <a class="navhash" href="#245">#</a>
						
              <code id="245">      ^~~~~~~</code><br />
						
            
            <a class="navhash" href="#246">#</a>
						<span class="error">
              <code id="246">/usr/include/stdlib.h:792:1: error: '__END_NAMESPACE_STD' does not name a type</code><br />
						</span>
            
            <a class="navhash" href="#247">#</a>
						
              <code id="247"> __END_NAMESPACE_STD</code><br />
						
            
            <a class="navhash" href="#248">#</a>
						
              <code id="248"> ^~~~~~~~~~~~~~~~~~~</code><br />
						
            
            <a class="navhash" href="#249">#</a>
						<span class="error">
              <code id="249">/usr/include/stdlib.h:866:46: error: expected initializer before '__THROW'</code><br />
						</span>
            
            <a class="navhash" href="#250">#</a>
						
              <code id="250">      const char *__restrict __s, size_t __n) __THROW;</code><br />
						
            
            <a class="navhash" href="#251">#</a>
						
              <code id="251">                                              ^~~~~~~</code><br />
						
            
            <a class="navhash" href="#252">#</a>
						<span class="error">
              <code id="252">/usr/include/stdlib.h:869:48: error: expected initializer before '__THROW'</code><br />
						</span>
            
            <a class="navhash" href="#253">#</a>
						
              <code id="253"> extern int wctomb (char *__s, wchar_t __wchar) __THROW;</code><br />
						
            
            <a class="navhash" href="#254">#</a>
						
              <code id="254">                                                ^~~~~~~</code><br />
						
            
            <a class="navhash" href="#255">#</a>
						<span class="error">
              <code id="255">/usr/include/stdlib.h:874:44: error: expected initializer before '__THROW'</code><br />
						</span>
            
            <a class="navhash" href="#256">#</a>
						
              <code id="256">    const char *__restrict __s, size_t __n) __THROW;</code><br />
						
            
            <a class="navhash" href="#257">#</a>
						
              <code id="257">                                            ^~~~~~~</code><br />
						
            
            <a class="navhash" href="#258">#</a>
						<span class="error">
              <code id="258">/usr/include/stdlib.h:878:6: error: expected initializer before '__THROW'</code><br />
						</span>
            
            <a class="navhash" href="#259">#</a>
						
              <code id="259">      __THROW;</code><br />
						
            
            <a class="navhash" href="#260">#</a>
						
              <code id="260">      ^~~~~~~</code><br />
						
            
            <a class="navhash" href="#261">#</a>
						<span class="error">
              <code id="261">/usr/include/stdlib.h:879:1: error: '__END_NAMESPACE_STD' does not name a type</code><br />
						</span>
            
            <a class="navhash" href="#262">#</a>
						
              <code id="262"> __END_NAMESPACE_STD</code><br />
						
            
            <a class="navhash" href="#263">#</a>
						
              <code id="263"> ^~~~~~~~~~~~~~~~~~~</code><br />
						
            
            <a class="navhash" href="#264">#</a>
						
              <code id="264">In file included from /usr/include/c++/6.1.1/string:52:0,</code><br />
						
            
            <a class="navhash" href="#265">#</a>
						
              <code id="265">                 from arg_parser.cc:21:</code><br />
						
            
            <a class="navhash" href="#266">#</a>
						
              <code id="266">/usr/include/c++/6.1.1/bits/basic_string.h: In function 'int std::__cxx11::stoi(const string&, std::size_t*, int)':</code><br />
						
            
            <a class="navhash" href="#267">#</a>
						<span class="error">
              <code id="267">/usr/include/c++/6.1.1/bits/basic_string.h:5413:42: error: 'strtol' is not a member of 'std'</code><br />
						</span>
            
            <a class="navhash" href="#268">#</a>
						
              <code id="268">   { return __gnu_cxx::__stoa<long, int>(&std::strtol, "stoi", __str.c_str(),</code><br />
						
            
            <a class="navhash" href="#269">#</a>
						
              <code id="269">                                          ^~~</code><br />
						
            
            <a class="navhash" href="#270">#</a>
						
              <code id="270">/usr/include/c++/6.1.1/bits/basic_string.h: In function 'long int std::__cxx11::stol(const string&, std::size_t*, int)':</code><br />
						
            
            <a class="navhash" href="#271">#</a>
						<span class="error">
              <code id="271">/usr/include/c++/6.1.1/bits/basic_string.h:5418:31: error: 'strtol' is not a member of 'std'</code><br />
						</span>
            
            <a class="navhash" href="#272">#</a>
						
              <code id="272">   { return __gnu_cxx::__stoa(&std::strtol, "stol", __str.c_str(),</code><br />
						
            
            <a class="navhash" href="#273">#</a>
						
              <code id="273">                               ^~~</code><br />
						
            
            <a class="navhash" href="#274">#</a>
						
              <code id="274">/usr/include/c++/6.1.1/bits/basic_string.h: In function 'long unsigned int std::__cxx11::stoul(const string&, std::size_t*, int)':</code><br />
						
            
            <a class="navhash" href="#275">#</a>
						<span class="error">
              <code id="275">/usr/include/c++/6.1.1/bits/basic_string.h:5423:31: error: 'strtoul' is not a member of 'std'</code><br />
						</span>
            
            <a class="navhash" href="#276">#</a>
						
              <code id="276">   { return __gnu_cxx::__stoa(&std::strtoul, "stoul", __str.c_str(),</code><br />
						
            
            <a class="navhash" href="#277">#</a>
						
              <code id="277">                               ^~~</code><br />
						
            
            <a class="navhash" href="#278">#</a>
						
              <code id="278">/usr/include/c++/6.1.1/bits/basic_string.h: In function 'long long int std::__cxx11::stoll(const string&, std::size_t*, int)':</code><br />
						
            
            <a class="navhash" href="#279">#</a>
						<span class="error">
              <code id="279">/usr/include/c++/6.1.1/bits/basic_string.h:5428:31: error: 'strtoll' is not a member of 'std'</code><br />
						</span>
            
            <a class="navhash" href="#280">#</a>
						
              <code id="280">   { return __gnu_cxx::__stoa(&std::strtoll, "stoll", __str.c_str(),</code><br />
						
            
            <a class="navhash" href="#281">#</a>
						
              <code id="281">                               ^~~</code><br />
						
            
            <a class="navhash" href="#282">#</a>
						
              <code id="282">/usr/include/c++/6.1.1/bits/basic_string.h: In function 'long long unsigned int std::__cxx11::stoull(const string&, std::size_t*, int)':</code><br />
						
            
            <a class="navhash" href="#283">#</a>
						<span class="error">
              <code id="283">/usr/include/c++/6.1.1/bits/basic_string.h:5433:31: error: 'strtoull' is not a member of 'std'</code><br />
						</span>
            
            <a class="navhash" href="#284">#</a>
						
              <code id="284">   { return __gnu_cxx::__stoa(&std::strtoull, "stoull", __str.c_str(),</code><br />
						
            
            <a class="navhash" href="#285">#</a>
						
              <code id="285">                               ^~~</code><br />
						
            
            <a class="navhash" href="#286">#</a>
						
              <code id="286">/usr/include/c++/6.1.1/bits/basic_string.h: In function 'float std::__cxx11::stof(const string&, std::size_t*)':</code><br />
						
            
            <a class="navhash" href="#287">#</a>
						<span class="error">
              <code id="287">/usr/include/c++/6.1.1/bits/basic_string.h:5439:31: error: 'strtof' is not a member of 'std'</code><br />
						</span>
            
            <a class="navhash" href="#288">#</a>
						
              <code id="288">   { return __gnu_cxx::__stoa(&std::strtof, "stof", __str.c_str(), __idx); }</code><br />
						
            
            <a class="navhash" href="#289">#</a>
						
              <code id="289">                               ^~~</code><br />
						
            
            <a class="navhash" href="#290">#</a>
						
              <code id="290">/usr/include/c++/6.1.1/bits/basic_string.h: In function 'double std::__cxx11::stod(const string&, std::size_t*)':</code><br />
						
            
            <a class="navhash" href="#291">#</a>
						<span class="error">
              <code id="291">/usr/include/c++/6.1.1/bits/basic_string.h:5443:31: error: 'strtod' is not a member of 'std'</code><br />
						</span>
            
            <a class="navhash" href="#292">#</a>
						
              <code id="292">   { return __gnu_cxx::__stoa(&std::strtod, "stod", __str.c_str(), __idx); }</code><br />
						
            
            <a class="navhash" href="#293">#</a>
						
              <code id="293">                               ^~~</code><br />
						
            
            <a class="navhash" href="#294">#</a>
						
              <code id="294">/usr/include/c++/6.1.1/bits/basic_string.h: In function 'long double std::__cxx11::stold(const string&, std::size_t*)':</code><br />
						
            
            <a class="navhash" href="#295">#</a>
						<span class="error">
              <code id="295">/usr/include/c++/6.1.1/bits/basic_string.h:5447:31: error: 'strtold' is not a member of 'std'</code><br />
						</span>
            
            <a class="navhash" href="#296">#</a>
						
              <code id="296">   { return __gnu_cxx::__stoa(&std::strtold, "stold", __str.c_str(), __idx); }</code><br />
						
            
            <a class="navhash" href="#297">#</a>
						
              <code id="297">                               ^~~</code><br />
						
            
            <a class="navhash" href="#298">#</a>
						
              <code id="298">In file included from /usr/include/c++/6.1.1/algorithm:62:0,</code><br />
						
            
            <a class="navhash" href="#299">#</a>
						
              <code id="299">                 from rational.cc:12:</code><br />
						
            
            <a class="navhash" href="#300">#</a>
						
              <code id="300">/usr/include/c++/6.1.1/bits/stl_algo.h: In function 'void std::random_shuffle(_RAIter, _RAIter)':</code><br />
						
            
            <a class="navhash" href="#301">#</a>
						<span class="error">
              <code id="301">/usr/include/c++/6.1.1/bits/stl_algo.h:4458:8: error: 'rand' is not a member of 'std'</code><br />
						</span>
            
            <a class="navhash" href="#302">#</a>
						
              <code id="302">      + std::rand() % ((__i - __first) + 1);</code><br />
						
            
            <a class="navhash" href="#303">#</a>
						
              <code id="303">        ^~~</code><br />
						
            
            <a class="navhash" href="#304">#</a>
						
              <code id="304">In file included from /usr/include/c++/6.1.1/bits/localefwd.h:40:0,</code><br />
						
            
            <a class="navhash" href="#305">#</a>
						
              <code id="305">                 from /usr/include/c++/6.1.1/string:43,</code><br />
						
            
            <a class="navhash" href="#306">#</a>
						
              <code id="306">                 from rational.cc:16:</code><br />
						
            
            <a class="navhash" href="#307">#</a>
						
              <code id="307">/usr/include/c++/6.1.1/x86_64-pc-linux-gnu/bits/c++locale.h: At global scope:</code><br />
						
            
            <a class="navhash" href="#308">#</a>
						<span class="error">
              <code id="308">/usr/include/c++/6.1.1/x86_64-pc-linux-gnu/bits/c++locale.h:62:11: error: '__locale_t' does not name a type</code><br />
						</span>
            
            <a class="navhash" href="#309">#</a>
						
              <code id="309">   typedef __locale_t  __c_locale;</code><br />
						
            
            <a class="navhash" href="#310">#</a>
						
              <code id="310">           ^~~~~~~~~~</code><br />
						
            
            <a class="navhash" href="#311">#</a>
						<span class="error">
              <code id="311">/usr/include/c++/6.1.1/x86_64-pc-linux-gnu/bits/c++locale.h:69:26: error: '__c_locale' does not name a type</code><br />
						</span>
            
            <a class="navhash" href="#312">#</a>
						
              <code id="312">   __convert_from_v(const __c_locale& __cloc __attribute__ ((__unused__)),</code><br />
						
            
            <a class="navhash" href="#313">#</a>
						
              <code id="313">                          ^~~~~~~~~~</code><br />
						
            
            <a class="navhash" href="#314">#</a>
						
              <code id="314">In file included from /usr/include/c++/6.1.1/string:52:0,</code><br />
						
            
            <a class="navhash" href="#315">#</a>
						
              <code id="315">                 from rational.cc:16:</code><br />
						
            
            <a class="navhash" href="#316">#</a>
						
              <code id="316">/usr/include/c++/6.1.1/bits/basic_string.h: In function 'int std::__cxx11::stoi(const string&, std::size_t*, int)':</code><br />
						
            
            <a class="navhash" href="#317">#</a>
						<span class="error">
              <code id="317">/usr/include/c++/6.1.1/bits/basic_string.h:5413:42: error: 'strtol' is not a member of 'std'</code><br />
						</span>
            
            <a class="navhash" href="#318">#</a>
						
              <code id="318">   { return __gnu_cxx::__stoa<long, int>(&std::strtol, "stoi", __str.c_str(),</code><br />
						
            
            <a class="navhash" href="#319">#</a>
						
              <code id="319">                                          ^~~</code><br />
						
            
            <a class="navhash" href="#320">#</a>
						
              <code id="320">/usr/include/c++/6.1.1/bits/basic_string.h: In function 'long int std::__cxx11::stol(const string&, std::size_t*, int)':</code><br />
						
            
            <a class="navhash" href="#321">#</a>
						<span class="error">
              <code id="321">/usr/include/c++/6.1.1/bits/basic_string.h:5418:31: error: 'strtol' is not a member of 'std'</code><br />
						</span>
            
            <a class="navhash" href="#322">#</a>
						
              <code id="322">   { return __gnu_cxx::__stoa(&std::strtol, "stol", __str.c_str(),</code><br />
						
            
            <a class="navhash" href="#323">#</a>
						
              <code id="323">                               ^~~</code><br />
						
            
            <a class="navhash" href="#324">#</a>
						
              <code id="324">/usr/include/c++/6.1.1/bits/basic_string.h: In function 'long unsigned int std::__cxx11::stoul(const string&, std::size_t*, int)':</code><br />
						
            
            <a class="navhash" href="#325">#</a>
						<span class="error">
              <code id="325">/usr/include/c++/6.1.1/bits/basic_string.h:5423:31: error: 'strtoul' is not a member of 'std'</code><br />
						</span>
            
            <a class="navhash" href="#326">#</a>
						
              <code id="326">   { return __gnu_cxx::__stoa(&std::strtoul, "stoul", __str.c_str(),</code><br />
						
            
            <a class="navhash" href="#327">#</a>
						
              <code id="327">                               ^~~</code><br />
						
            
            <a class="navhash" href="#328">#</a>
						
              <code id="328">/usr/include/c++/6.1.1/bits/basic_string.h: In function 'long long int std::__cxx11::stoll(const string&, std::size_t*, int)':</code><br />
						
            
            <a class="navhash" href="#329">#</a>
						<span class="error">
              <code id="329">/usr/include/c++/6.1.1/bits/basic_string.h:5428:31: error: 'strtoll' is not a member of 'std'</code><br />
						</span>
            
            <a class="navhash" href="#330">#</a>
						
              <code id="330">   { return __gnu_cxx::__stoa(&std::strtoll, "stoll", __str.c_str(),</code><br />
						
            
            <a class="navhash" href="#331">#</a>
						
              <code id="331">                               ^~~</code><br />
						
            
            <a class="navhash" href="#332">#</a>
						
              <code id="332">/usr/include/c++/6.1.1/bits/basic_string.h: In function 'long long unsigned int std::__cxx11::stoull(const string&, std::size_t*, int)':</code><br />
						
            
            <a class="navhash" href="#333">#</a>
						<span class="error">
              <code id="333">/usr/include/c++/6.1.1/bits/basic_string.h:5433:31: error: 'strtoull' is not a member of 'std'</code><br />
						</span>
            
            <a class="navhash" href="#334">#</a>
						
              <code id="334">   { return __gnu_cxx::__stoa(&std::strtoull, "stoull", __str.c_str(),</code><br />
						
            
            <a class="navhash" href="#335">#</a>
						
              <code id="335">                               ^~~</code><br />
						
            
            <a class="navhash" href="#336">#</a>
						
              <code id="336">/usr/include/c++/6.1.1/bits/basic_string.h: In function 'float std::__cxx11::stof(const string&, std::size_t*)':</code><br />
						
            
            <a class="navhash" href="#337">#</a>
						<span class="error">
              <code id="337">/usr/include/c++/6.1.1/bits/basic_string.h:5439:31: error: 'strtof' is not a member of 'std'</code><br />
						</span>
            
            <a class="navhash" href="#338">#</a>
						
              <code id="338">   { return __gnu_cxx::__stoa(&std::strtof, "stof", __str.c_str(), __idx); }</code><br />
						
            
            <a class="navhash" href="#339">#</a>
						
              <code id="339">                               ^~~</code><br />
						
            
            <a class="navhash" href="#340">#</a>
						
              <code id="340">/usr/include/c++/6.1.1/bits/basic_string.h: In function 'double std::__cxx11::stod(const string&, std::size_t*)':</code><br />
						
            
            <a class="navhash" href="#341">#</a>
						<span class="error">
              <code id="341">/usr/include/c++/6.1.1/bits/basic_string.h:5443:31: error: 'strtod' is not a member of 'std'</code><br />
						</span>
            
            <a class="navhash" href="#342">#</a>
						
              <code id="342">   { return __gnu_cxx::__stoa(&std::strtod, "stod", __str.c_str(), __idx); }</code><br />
						
            
            <a class="navhash" href="#343">#</a>
						
              <code id="343">                               ^~~</code><br />
						
            
            <a class="navhash" href="#344">#</a>
						
              <code id="344">/usr/include/c++/6.1.1/bits/basic_string.h: In function 'long double std::__cxx11::stold(const string&, std::size_t*)':</code><br />
						
            
            <a class="navhash" href="#345">#</a>
						<span class="error">
              <code id="345">/usr/include/c++/6.1.1/bits/basic_string.h:5447:31: error: 'strtold' is not a member of 'std'</code><br />
						</span>
            
            <a class="navhash" href="#346">#</a>
						
              <code id="346">   { return __gnu_cxx::__stoa(&std::strtold, "stold", __str.c_str(), __idx); }</code><br />
						
            
            <a class="navhash" href="#347">#</a>
						
              <code id="347">                               ^~~</code><br />
						
            
            <a class="navhash" href="#348">#</a>
						
              <code id="348">rational.cc: In member function 'int Rational::round() const':</code><br />
						
            
            <a class="navhash" href="#349">#</a>
						<span class="error">
              <code id="349">rational.cc:150:20: error: 'abs' is not a member of 'std'</code><br />
						</span>
            
            <a class="navhash" href="#350">#</a>
						
              <code id="350">   const int rest = std::abs( num ) % den;</code><br />
						
            
            <a class="navhash" href="#351">#</a>
						
              <code id="351">                    ^~~</code><br />
						
            
            <a class="navhash" href="#352">#</a>
						
              <code id="352">rational.cc: In member function 'const string Rational::to_decimal(unsigned int, int) const':</code><br />
						
            
            <a class="navhash" href="#353">#</a>
						<span class="error">
              <code id="353">rational.cc:228:15: error: 'abs' is not a member of 'std'</code><br />
						</span>
            
            <a class="navhash" href="#354">#</a>
						
              <code id="354">   int ipart = std::abs( num / den );</code><br />
						
            
            <a class="navhash" href="#355">#</a>
						
              <code id="355">               ^~~</code><br />
						
            
            <a class="navhash" href="#356">#</a>
						<span class="error">
              <code id="356">rational.cc:236:20: error: 'abs' is not a member of 'std'</code><br />
						</span>
            
            <a class="navhash" href="#357">#</a>
						
              <code id="357">   long long rest = std::abs( num ) % den;</code><br />
						
            
            <a class="navhash" href="#358">#</a>
						
              <code id="358">                    ^~~</code><br />
						
            
            <a class="navhash" href="#359">#</a>
						
              <code id="359">rational.cc: In member function 'const string Rational::to_fraction(unsigned int) const':</code><br />
						
            
            <a class="navhash" href="#360">#</a>
						<span class="error">
              <code id="360">rational.cc:256:11: error: 'abs' is not a member of 'std'</code><br />
						</span>
            
            <a class="navhash" href="#361">#</a>
						
              <code id="361">   int n = std::abs( num ), d = den;</code><br />
						
            
            <a class="navhash" href="#362">#</a>
						
              <code id="362">           ^~~</code><br />
						
            
            <a class="navhash" href="#363">#</a>
						<span class="error">
              <code id="363">rational.cc:258:21: error: 'd' was not declared in this scope</code><br />
						</span>
            
            <a class="navhash" href="#364">#</a>
						
              <code id="364">   do { s += '0' + ( d % 10 ); d /= 10; } while( d > 0 );</code><br />
						
            
            <a class="navhash" href="#365">#</a>
						
              <code id="365">                     ^</code><br />
						
            
            <a class="navhash" href="#366">#</a>
						<span class="error">
              <code id="366">rational.cc:258:49: error: 'd' was not declared in this scope</code><br />
						</span>
            
            <a class="navhash" href="#367">#</a>
						
              <code id="367">   do { s += '0' + ( d % 10 ); d /= 10; } while( d > 0 );</code><br />
						
            
            <a class="navhash" href="#368">#</a>
						
              <code id="368">                                                 ^</code><br />
						
            
            <a class="navhash" href="#369">#</a>
						
              <code id="369">make: *** [Makefile:64: arg_parser.o] Error 1</code><br />
						
            
            <a class="navhash" href="#370">#</a>
						
              <code id="370">make: *** Waiting for unfinished jobs....</code><br />
						
            
            <a class="navhash" href="#371">#</a>
						
              <code id="371">make: *** [Makefile:64: rational.o] Error 1</code><br />
						
            
            <a class="navhash" href="#372">#</a>
						
              <code id="372">==> ERROR: A failure occurred in build().</code><br />
						
            
            <a class="navhash" href="#373">#</a>
						
              <code id="373">    Aborting...</code><br />
						
            
          </div>
        
      </div>
      <br />
    
      <div class="block">
        <div class="info">
          <code>Printing config.logs</code>
        </div>
        
      </div>
      <br />
    
  </body>
</html>