<!DOCTYPE html>
<html>
<!-- Jinja template for reports of individual builds

  Copyright 2016 Kareem Khazem. All Rights Reserved.
  Licensed under the Apache License, Version 2.0 (the "License");
  you may not use this file except in compliance with the License.
  You may obtain a copy of the License at

 		 http://www.apache.org/licenses/LICENSE-2.0

  Unless required by applicable law or agreed to in writing, software
  distributed under the License is distributed on an "AS IS" BASIS,
  WITHOUT WARRANTIES OR CONDITIONS OF ANY KIND, either express or
  implied.
  See the License for the specific language governing permissions and
  limitations under the License.
-->
  <head>
    <meta charset="UTF-8">
    <title>musl/ibam</title>
    <link href='https://fonts.googleapis.com/css?family=Roboto:400,900'
          rel='stylesheet' type='text/css'>
    <link
    href='https://fonts.googleapis.com/css?family=Source+Code+Pro:400,700'
          rel='stylesheet' type='text/css'>
    <link href="../style.css" type="text/css" rel="stylesheet">
  </head>
  <body>
    <h1>Build of ibam
        with <a href="../index.html">musl</a>
        toolchain</h1>
    <p>The build took 00h 00m 52s and was
    NOT successful.</p>
    <p>
      The process tree of the build process is <a
      href="ibam-tree.html">here</a>.
    </p>
    
    
    
    
    
    <h2>List of Errors</h2>
    <ul>
      
      <li>parse_error
        <ul>
          
          <li><a href="#53">/usr/include/stdlib.h:148:6: error: expected initializer before '__THROW'</a></li>
          
          <li><a href="#56">/usr/include/stdlib.h:151:6: error: expected initializer before '__THROW'</a></li>
          
          <li><a href="#65">/usr/include/stdlib.h:189:6: error: expected initializer before '__THROW'</a></li>
          
          <li><a href="#77">/usr/include/stdlib.h:469:6: error: expected initializer before '__THROW'</a></li>
          
          <li><a href="#122">/usr/include/stdlib.h:791:6: error: expected initializer before '__THROW'</a></li>
          
          <li><a href="#137">/usr/include/stdlib.h:878:6: error: expected initializer before '__THROW'</a></li>
          
        </ul>
      </li>
      
    </ul>
    
    <h2>Log</h2>
    
      <div class="block">
        <div class="info">
          <code>Removed vanilla repositories from pacman.conf and added:</code>
        </div>
        
          <div class="output">
            
            <a class="navhash" href="#1">#</a>
						
              <code id="1">[tuscan]</code><br />
						
            
            <a class="navhash" href="#2">#</a>
						
              <code id="2">Server = file:///var/cache/pacman/pkg/</code><br />
						
            
          </div>
        
      </div>
      <br />
    
      <div class="block">
        <div class="command">
          <code><span class="prompt">CMD: </span>pacman -Syy --noconfirm</code>
        </div>
        
          <div class="output">
            
            <a class="navhash" href="#3">#</a>
						
              <code id="3">:: Synchronizing package databases...</code><br />
						
            
            <a class="navhash" href="#4">#</a>
						
              <code id="4">downloading tuscan.db...</code><br />
						
            
          </div>
        
      </div>
      <br />
    
      <div class="block">
        <div class="info">
          <code>Copying directory '/toolchain_root/lib' to '/sysroot/lib'</code>
        </div>
        
      </div>
      <br />
    
      <div class="block">
        <div class="info">
          <code>Copying directory '/toolchain_root/share' to '/sysroot/share'</code>
        </div>
        
      </div>
      <br />
    
      <div class="block">
        <div class="info">
          <code>Copying directory '/toolchain_root/bin' to '/sysroot/bin'</code>
        </div>
        
      </div>
      <br />
    
      <div class="block">
        <div class="info">
          <code>Copying directory '/toolchain_root/include' to '/sysroot/include'</code>
        </div>
        
      </div>
      <br />
    
      <div class="block">
        <div class="info">
          <code>Copying directory '/toolchain_root/libexec' to '/sysroot/libexec'</code>
        </div>
        
      </div>
      <br />
    
      <div class="block">
        <div class="command">
          <code><span class="prompt">CMD: </span>sudo -u tuscan PATH=/sysroot/bin:/usr/local/sbin:/usr/local/bin:/usr/sbin:/usr/bin:/sbin:/bin CC=clang CXX=clang++ SYSROOT=/sysroot/ LIBRARY_PATH=/sysroot/lib CXXFLAGS=-stdlib-libc++ CPATH=/sysroot/include red makepkg --noextract --syncdeps --skipinteg --skippgpcheck --skipchecksums --noconfirm --nocolor --log --noprogressbar --nocheck</code>
        </div>
        
          <div class="output">
            
            <a class="navhash" href="#5">#</a>
						
              <code id="5">==> Making package: ibam 0.5.2-9 (Wed Aug 10 22:17:06 UTC 2016)</code><br />
						
            
            <a class="navhash" href="#6">#</a>
						
              <code id="6">==> Checking runtime dependencies...</code><br />
						
            
            <a class="navhash" href="#7">#</a>
						
              <code id="7">==> Checking buildtime dependencies...</code><br />
						
            
            <a class="navhash" href="#8">#</a>
						
              <code id="8">==> WARNING: Using existing $srcdir/ tree</code><br />
						
            
            <a class="navhash" href="#9">#</a>
						
              <code id="9">==> Starting build()...</code><br />
						
            
            <a class="navhash" href="#10">#</a>
						
              <code id="10">g++ -O3 -DIBAM_VERSION=\"0.5.2\" -Wall ibam.cpp -o ibam</code><br />
						
            
            <a class="navhash" href="#11">#</a>
						
              <code id="11">In file included from /usr/include/c++/6.1.1/x86_64-pc-linux-gnu/bits/c++config.h:495:0,</code><br />
						
            
            <a class="navhash" href="#12">#</a>
						
              <code id="12">                 from /usr/include/c++/6.1.1/iostream:38,</code><br />
						
            
            <a class="navhash" href="#13">#</a>
						
              <code id="13">                 from ibam.hpp:25,</code><br />
						
            
            <a class="navhash" href="#14">#</a>
						
              <code id="14">                 from ibam.cpp:19:</code><br />
						
            
            <a class="navhash" href="#15">#</a>
						
              <code id="15">/usr/include/c++/6.1.1/x86_64-pc-linux-gnu/bits/os_defines.h:44:19: error: missing binary operator before token "("</code><br />
						
            
            <a class="navhash" href="#16">#</a>
						
              <code id="16"> #if __GLIBC_PREREQ(2,15) && defined(_GNU_SOURCE)</code><br />
						
            
            <a class="navhash" href="#17">#</a>
						
              <code id="17">                   ^</code><br />
						
            
            <a class="navhash" href="#18">#</a>
						
              <code id="18">In file included from /usr/include/c++/6.1.1/bits/localefwd.h:40:0,</code><br />
						
            
            <a class="navhash" href="#19">#</a>
						
              <code id="19">                 from /usr/include/c++/6.1.1/ios:41,</code><br />
						
            
            <a class="navhash" href="#20">#</a>
						
              <code id="20">                 from /usr/include/c++/6.1.1/ostream:38,</code><br />
						
            
            <a class="navhash" href="#21">#</a>
						
              <code id="21">                 from /usr/include/c++/6.1.1/iostream:39,</code><br />
						
            
            <a class="navhash" href="#22">#</a>
						
              <code id="22">                 from ibam.hpp:25,</code><br />
						
            
            <a class="navhash" href="#23">#</a>
						
              <code id="23">                 from ibam.cpp:19:</code><br />
						
            
            <a class="navhash" href="#24">#</a>
						
              <code id="24">/usr/include/c++/6.1.1/x86_64-pc-linux-gnu/bits/c++locale.h:62:11: error: '__locale_t' does not name a type</code><br />
						
            
            <a class="navhash" href="#25">#</a>
						
              <code id="25">   typedef __locale_t  __c_locale;</code><br />
						
            
            <a class="navhash" href="#26">#</a>
						
              <code id="26">           ^~~~~~~~~~</code><br />
						
            
            <a class="navhash" href="#27">#</a>
						
              <code id="27">/usr/include/c++/6.1.1/x86_64-pc-linux-gnu/bits/c++locale.h:69:26: error: '__c_locale' does not name a type</code><br />
						
            
            <a class="navhash" href="#28">#</a>
						
              <code id="28">   __convert_from_v(const __c_locale& __cloc __attribute__ ((__unused__)),</code><br />
						
            
            <a class="navhash" href="#29">#</a>
						
              <code id="29">                          ^~~~~~~~~~</code><br />
						
            
            <a class="navhash" href="#30">#</a>
						
              <code id="30">In file included from /usr/include/c++/6.1.1/cstdlib:75:0,</code><br />
						
            
            <a class="navhash" href="#31">#</a>
						
              <code id="31">                 from /usr/include/c++/6.1.1/ext/string_conversions.h:41,</code><br />
						
            
            <a class="navhash" href="#32">#</a>
						
              <code id="32">                 from /usr/include/c++/6.1.1/bits/basic_string.h:5402,</code><br />
						
            
            <a class="navhash" href="#33">#</a>
						
              <code id="33">                 from /usr/include/c++/6.1.1/string:52,</code><br />
						
            
            <a class="navhash" href="#34">#</a>
						
              <code id="34">                 from /usr/include/c++/6.1.1/bits/locale_classes.h:40,</code><br />
						
            
            <a class="navhash" href="#35">#</a>
						
              <code id="35">                 from /usr/include/c++/6.1.1/bits/ios_base.h:41,</code><br />
						
            
            <a class="navhash" href="#36">#</a>
						
              <code id="36">                 from /usr/include/c++/6.1.1/ios:42,</code><br />
						
            
            <a class="navhash" href="#37">#</a>
						
              <code id="37">                 from /usr/include/c++/6.1.1/ostream:38,</code><br />
						
            
            <a class="navhash" href="#38">#</a>
						
              <code id="38">                 from /usr/include/c++/6.1.1/iostream:39,</code><br />
						
            
            <a class="navhash" href="#39">#</a>
						
              <code id="39">                 from ibam.hpp:25,</code><br />
						
            
            <a class="navhash" href="#40">#</a>
						
              <code id="40">                 from ibam.cpp:19:</code><br />
						
            
            <a class="navhash" href="#41">#</a>
						
              <code id="41">/usr/include/stdlib.h:34:1: error: '__BEGIN_DECLS' does not name a type</code><br />
						
            
            <a class="navhash" href="#42">#</a>
						
              <code id="42"> __BEGIN_DECLS</code><br />
						
            
            <a class="navhash" href="#43">#</a>
						
              <code id="43"> ^~~~~~~~~~~~~</code><br />
						
            
            <a class="navhash" href="#44">#</a>
						
              <code id="44">/usr/include/stdlib.h:101:5: error: 'div_t' does not name a type</code><br />
						
            
            <a class="navhash" href="#45">#</a>
						
              <code id="45">   } div_t;</code><br />
						
            
            <a class="navhash" href="#46">#</a>
						
              <code id="46">     ^~~~~</code><br />
						
            
            <a class="navhash" href="#47">#</a>
						
              <code id="47">/usr/include/stdlib.h:112:1: error: '__END_NAMESPACE_STD' does not name a type</code><br />
						
            
            <a class="navhash" href="#48">#</a>
						
              <code id="48"> __END_NAMESPACE_STD</code><br />
						
            
            <a class="navhash" href="#49">#</a>
						
              <code id="49"> ^~~~~~~~~~~~~~~~~~~</code><br />
						
            
            <a class="navhash" href="#50">#</a>
						
              <code id="50">/usr/include/stdlib.h:142:1: error: '__BEGIN_NAMESPACE_STD' does not name a type</code><br />
						
            
            <a class="navhash" href="#51">#</a>
						
              <code id="51"> __BEGIN_NAMESPACE_STD</code><br />
						
            
            <a class="navhash" href="#52">#</a>
						
              <code id="52"> ^~~~~~~~~~~~~~~~~~~~~</code><br />
						
            
            <a class="navhash" href="#53">#</a>
						<span class="error">
              <code id="53">/usr/include/stdlib.h:148:6: error: expected initializer before '__THROW'</code><br />
						</span>
            
            <a class="navhash" href="#54">#</a>
						
              <code id="54">      __THROW __attribute_pure__ __nonnull ((1)) __wur;</code><br />
						
            
            <a class="navhash" href="#55">#</a>
						
              <code id="55">      ^~~~~~~</code><br />
						
            
            <a class="navhash" href="#56">#</a>
						<span class="error">
              <code id="56">/usr/include/stdlib.h:151:6: error: expected initializer before '__THROW'</code><br />
						</span>
            
            <a class="navhash" href="#57">#</a>
						
              <code id="57">      __THROW __attribute_pure__ __nonnull ((1)) __wur;</code><br />
						
            
            <a class="navhash" href="#58">#</a>
						
              <code id="58">      ^~~~~~~</code><br />
						
            
            <a class="navhash" href="#59">#</a>
						
              <code id="59">/usr/include/stdlib.h:152:1: error: '__END_NAMESPACE_STD' does not name a type</code><br />
						
            
            <a class="navhash" href="#60">#</a>
						
              <code id="60"> __END_NAMESPACE_STD</code><br />
						
            
            <a class="navhash" href="#61">#</a>
						
              <code id="61"> ^~~~~~~~~~~~~~~~~~~</code><br />
						
            
            <a class="navhash" href="#62">#</a>
						
              <code id="62">/usr/include/stdlib.h:167:1: error: '__END_NAMESPACE_STD' does not name a type</code><br />
						
            
            <a class="navhash" href="#63">#</a>
						
              <code id="63"> __END_NAMESPACE_STD</code><br />
						
            
            <a class="navhash" href="#64">#</a>
						
              <code id="64"> ^~~~~~~~~~~~~~~~~~~</code><br />
						
            
            <a class="navhash" href="#65">#</a>
						<span class="error">
              <code id="65">/usr/include/stdlib.h:189:6: error: expected initializer before '__THROW'</code><br />
						</span>
            
            <a class="navhash" href="#66">#</a>
						
              <code id="66">      __THROW __nonnull ((1));</code><br />
						
            
            <a class="navhash" href="#67">#</a>
						
              <code id="67">      ^~~~~~~</code><br />
						
            
            <a class="navhash" href="#68">#</a>
						
              <code id="68">/usr/include/stdlib.h:190:1: error: '__END_NAMESPACE_STD' does not name a type</code><br />
						
            
            <a class="navhash" href="#69">#</a>
						
              <code id="69"> __END_NAMESPACE_STD</code><br />
						
            
            <a class="navhash" href="#70">#</a>
						
              <code id="70"> ^~~~~~~~~~~~~~~~~~~</code><br />
						
            
            <a class="navhash" href="#71">#</a>
						
              <code id="71">/usr/include/stdlib.h:376:41: error: expected initializer before '__THROW'</code><br />
						
            
            <a class="navhash" href="#72">#</a>
						
              <code id="72"> extern void srand (unsigned int __seed) __THROW;</code><br />
						
            
            <a class="navhash" href="#73">#</a>
						
              <code id="73">                                         ^~~~~~~</code><br />
						
            
            <a class="navhash" href="#74">#</a>
						
              <code id="74">/usr/include/stdlib.h:377:1: error: '__END_NAMESPACE_STD' does not name a type</code><br />
						
            
            <a class="navhash" href="#75">#</a>
						
              <code id="75"> __END_NAMESPACE_STD</code><br />
						
            
            <a class="navhash" href="#76">#</a>
						
              <code id="76"> ^~~~~~~~~~~~~~~~~~~</code><br />
						
            
            <a class="navhash" href="#77">#</a>
						<span class="error">
              <code id="77">/usr/include/stdlib.h:469:6: error: expected initializer before '__THROW'</code><br />
						</span>
            
            <a class="navhash" href="#78">#</a>
						
              <code id="78">      __THROW __attribute_malloc__ __wur;</code><br />
						
            
            <a class="navhash" href="#79">#</a>
						
              <code id="79">      ^~~~~~~</code><br />
						
            
            <a class="navhash" href="#80">#</a>
						
              <code id="80">/usr/include/stdlib.h:470:1: error: '__END_NAMESPACE_STD' does not name a type</code><br />
						
            
            <a class="navhash" href="#81">#</a>
						
              <code id="81"> __END_NAMESPACE_STD</code><br />
						
            
            <a class="navhash" href="#82">#</a>
						
              <code id="82"> ^~~~~~~~~~~~~~~~~~~</code><br />
						
            
            <a class="navhash" href="#83">#</a>
						
              <code id="83">/usr/include/stdlib.h:483:32: error: expected initializer before '__THROW'</code><br />
						
            
            <a class="navhash" href="#84">#</a>
						
              <code id="84"> extern void free (void *__ptr) __THROW;</code><br />
						
            
            <a class="navhash" href="#85">#</a>
						
              <code id="85">                                ^~~~~~~</code><br />
						
            
            <a class="navhash" href="#86">#</a>
						
              <code id="86">/usr/include/stdlib.h:484:1: error: '__END_NAMESPACE_STD' does not name a type</code><br />
						
            
            <a class="navhash" href="#87">#</a>
						
              <code id="87"> __END_NAMESPACE_STD</code><br />
						
            
            <a class="navhash" href="#88">#</a>
						
              <code id="88"> ^~~~~~~~~~~~~~~~~~~</code><br />
						
            
            <a class="navhash" href="#89">#</a>
						
              <code id="89">/usr/include/stdlib.h:519:43: error: expected initializer before '__THROW'</code><br />
						
            
            <a class="navhash" href="#90">#</a>
						
              <code id="90"> extern int atexit (void (*__func) (void)) __THROW __nonnull ((1));</code><br />
						
            
            <a class="navhash" href="#91">#</a>
						
              <code id="91">                                           ^~~~~~~</code><br />
						
            
            <a class="navhash" href="#92">#</a>
						
              <code id="92">/usr/include/stdlib.h:530:1: error: '__END_NAMESPACE_STD' does not name a type</code><br />
						
            
            <a class="navhash" href="#93">#</a>
						
              <code id="93"> __END_NAMESPACE_STD</code><br />
						
            
            <a class="navhash" href="#94">#</a>
						
              <code id="94"> ^~~~~~~~~~~~~~~~~~~</code><br />
						
            
            <a class="navhash" href="#95">#</a>
						
              <code id="95">/usr/include/stdlib.h:551:1: error: '__END_NAMESPACE_STD' does not name a type</code><br />
						
            
            <a class="navhash" href="#96">#</a>
						
              <code id="96"> __END_NAMESPACE_STD</code><br />
						
            
            <a class="navhash" href="#97">#</a>
						
              <code id="97"> ^~~~~~~~~~~~~~~~~~~</code><br />
						
            
            <a class="navhash" href="#98">#</a>
						
              <code id="98">/usr/include/stdlib.h:565:1: error: '__END_NAMESPACE_STD' does not name a type</code><br />
						
            
            <a class="navhash" href="#99">#</a>
						
              <code id="99"> __END_NAMESPACE_STD</code><br />
						
            
            <a class="navhash" href="#100">#</a>
						
              <code id="100"> ^~~~~~~~~~~~~~~~~~~</code><br />
						
            
            <a class="navhash" href="#101">#</a>
						
              <code id="101">/usr/include/stdlib.h:717:1: error: '__END_NAMESPACE_STD' does not name a type</code><br />
						
            
            <a class="navhash" href="#102">#</a>
						
              <code id="102"> __END_NAMESPACE_STD</code><br />
						
            
            <a class="navhash" href="#103">#</a>
						
              <code id="103"> ^~~~~~~~~~~~~~~~~~~</code><br />
						
            
            <a class="navhash" href="#104">#</a>
						
              <code id="104">/usr/include/stdlib.h:751:1: error: '__BEGIN_NAMESPACE_STD' does not name a type</code><br />
						
            
            <a class="navhash" href="#105">#</a>
						
              <code id="105"> __BEGIN_NAMESPACE_STD</code><br />
						
            
            <a class="navhash" href="#106">#</a>
						
              <code id="106"> ^~~~~~~~~~~~~~~~~~~~~</code><br />
						
            
            <a class="navhash" href="#107">#</a>
						
              <code id="107">/usr/include/stdlib.h:765:6: error: '__compar_fn_t' has not been declared</code><br />
						
            
            <a class="navhash" href="#108">#</a>
						
              <code id="108">      __compar_fn_t __compar) __nonnull ((1, 4));</code><br />
						
            
            <a class="navhash" href="#109">#</a>
						
              <code id="109">      ^~~~~~~~~~~~~</code><br />
						
            
            <a class="navhash" href="#110">#</a>
						
              <code id="110">/usr/include/stdlib.h:765:30: error: expected initializer before '__nonnull'</code><br />
						
            
            <a class="navhash" href="#111">#</a>
						
              <code id="111">      __compar_fn_t __compar) __nonnull ((1, 4));</code><br />
						
            
            <a class="navhash" href="#112">#</a>
						
              <code id="112">                              ^~~~~~~~~</code><br />
						
            
            <a class="navhash" href="#113">#</a>
						
              <code id="113">/usr/include/stdlib.h:774:26: error: expected initializer before '__THROW'</code><br />
						
            
            <a class="navhash" href="#114">#</a>
						
              <code id="114"> extern int abs (int __x) __THROW __attribute__ ((__const__)) __wur;</code><br />
						
            
            <a class="navhash" href="#115">#</a>
						
              <code id="115">                          ^~~~~~~</code><br />
						
            
            <a class="navhash" href="#116">#</a>
						
              <code id="116">/usr/include/stdlib.h:775:37: error: expected initializer before '__THROW'</code><br />
						
            
            <a class="navhash" href="#117">#</a>
						
              <code id="117"> extern long int labs (long int __x) __THROW __attribute__ ((__const__)) __wur;</code><br />
						
            
            <a class="navhash" href="#118">#</a>
						
              <code id="118">                                     ^~~~~~~</code><br />
						
            
            <a class="navhash" href="#119">#</a>
						
              <code id="119">/usr/include/stdlib.h:776:1: error: '__END_NAMESPACE_STD' does not name a type</code><br />
						
            
            <a class="navhash" href="#120">#</a>
						
              <code id="120"> __END_NAMESPACE_STD</code><br />
						
            
            <a class="navhash" href="#121">#</a>
						
              <code id="121"> ^~~~~~~~~~~~~~~~~~~</code><br />
						
            
            <a class="navhash" href="#122">#</a>
						<span class="error">
              <code id="122">/usr/include/stdlib.h:791:6: error: expected initializer before '__THROW'</code><br />
						</span>
            
            <a class="navhash" href="#123">#</a>
						
              <code id="123">      __THROW __attribute__ ((__const__)) __wur;</code><br />
						
            
            <a class="navhash" href="#124">#</a>
						
              <code id="124">      ^~~~~~~</code><br />
						
            
            <a class="navhash" href="#125">#</a>
						
              <code id="125">/usr/include/stdlib.h:792:1: error: '__END_NAMESPACE_STD' does not name a type</code><br />
						
            
            <a class="navhash" href="#126">#</a>
						
              <code id="126"> __END_NAMESPACE_STD</code><br />
						
            
            <a class="navhash" href="#127">#</a>
						
              <code id="127"> ^~~~~~~~~~~~~~~~~~~</code><br />
						
            
            <a class="navhash" href="#128">#</a>
						
              <code id="128">/usr/include/stdlib.h:866:46: error: expected initializer before '__THROW'</code><br />
						
            
            <a class="navhash" href="#129">#</a>
						
              <code id="129">      const char *__restrict __s, size_t __n) __THROW;</code><br />
						
            
            <a class="navhash" href="#130">#</a>
						
              <code id="130">                                              ^~~~~~~</code><br />
						
            
            <a class="navhash" href="#131">#</a>
						
              <code id="131">/usr/include/stdlib.h:869:48: error: expected initializer before '__THROW'</code><br />
						
            
            <a class="navhash" href="#132">#</a>
						
              <code id="132"> extern int wctomb (char *__s, wchar_t __wchar) __THROW;</code><br />
						
            
            <a class="navhash" href="#133">#</a>
						
              <code id="133">                                                ^~~~~~~</code><br />
						
            
            <a class="navhash" href="#134">#</a>
						
              <code id="134">/usr/include/stdlib.h:874:44: error: expected initializer before '__THROW'</code><br />
						
            
            <a class="navhash" href="#135">#</a>
						
              <code id="135">    const char *__restrict __s, size_t __n) __THROW;</code><br />
						
            
            <a class="navhash" href="#136">#</a>
						
              <code id="136">                                            ^~~~~~~</code><br />
						
            
            <a class="navhash" href="#137">#</a>
						<span class="error">
              <code id="137">/usr/include/stdlib.h:878:6: error: expected initializer before '__THROW'</code><br />
						</span>
            
            <a class="navhash" href="#138">#</a>
						
              <code id="138">      __THROW;</code><br />
						
            
            <a class="navhash" href="#139">#</a>
						
              <code id="139">      ^~~~~~~</code><br />
						
            
            <a class="navhash" href="#140">#</a>
						
              <code id="140">/usr/include/stdlib.h:879:1: error: '__END_NAMESPACE_STD' does not name a type</code><br />
						
            
            <a class="navhash" href="#141">#</a>
						
              <code id="141"> __END_NAMESPACE_STD</code><br />
						
            
            <a class="navhash" href="#142">#</a>
						
              <code id="142"> ^~~~~~~~~~~~~~~~~~~</code><br />
						
            
            <a class="navhash" href="#143">#</a>
						
              <code id="143">In file included from /usr/include/c++/6.1.1/string:52:0,</code><br />
						
            
            <a class="navhash" href="#144">#</a>
						
              <code id="144">                 from /usr/include/c++/6.1.1/bits/locale_classes.h:40,</code><br />
						
            
            <a class="navhash" href="#145">#</a>
						
              <code id="145">                 from /usr/include/c++/6.1.1/bits/ios_base.h:41,</code><br />
						
            
            <a class="navhash" href="#146">#</a>
						
              <code id="146">                 from /usr/include/c++/6.1.1/ios:42,</code><br />
						
            
            <a class="navhash" href="#147">#</a>
						
              <code id="147">                 from /usr/include/c++/6.1.1/ostream:38,</code><br />
						
            
            <a class="navhash" href="#148">#</a>
						
              <code id="148">                 from /usr/include/c++/6.1.1/iostream:39,</code><br />
						
            
            <a class="navhash" href="#149">#</a>
						
              <code id="149">                 from ibam.hpp:25,</code><br />
						
            
            <a class="navhash" href="#150">#</a>
						
              <code id="150">                 from ibam.cpp:19:</code><br />
						
            
            <a class="navhash" href="#151">#</a>
						
              <code id="151">/usr/include/c++/6.1.1/bits/basic_string.h: In function 'int std::__cxx11::stoi(const string&, std::size_t*, int)':</code><br />
						
            
            <a class="navhash" href="#152">#</a>
						
              <code id="152">/usr/include/c++/6.1.1/bits/basic_string.h:5413:42: error: 'strtol' is not a member of 'std'</code><br />
						
            
            <a class="navhash" href="#153">#</a>
						
              <code id="153">   { return __gnu_cxx::__stoa<long, int>(&std::strtol, "stoi", __str.c_str(),</code><br />
						
            
            <a class="navhash" href="#154">#</a>
						
              <code id="154">                                          ^~~</code><br />
						
            
            <a class="navhash" href="#155">#</a>
						
              <code id="155">/usr/include/c++/6.1.1/bits/basic_string.h: In function 'long int std::__cxx11::stol(const string&, std::size_t*, int)':</code><br />
						
            
            <a class="navhash" href="#156">#</a>
						
              <code id="156">/usr/include/c++/6.1.1/bits/basic_string.h:5418:31: error: 'strtol' is not a member of 'std'</code><br />
						
            
            <a class="navhash" href="#157">#</a>
						
              <code id="157">   { return __gnu_cxx::__stoa(&std::strtol, "stol", __str.c_str(),</code><br />
						
            
            <a class="navhash" href="#158">#</a>
						
              <code id="158">                               ^~~</code><br />
						
            
            <a class="navhash" href="#159">#</a>
						
              <code id="159">/usr/include/c++/6.1.1/bits/basic_string.h: In function 'long unsigned int std::__cxx11::stoul(const string&, std::size_t*, int)':</code><br />
						
            
            <a class="navhash" href="#160">#</a>
						
              <code id="160">/usr/include/c++/6.1.1/bits/basic_string.h:5423:31: error: 'strtoul' is not a member of 'std'</code><br />
						
            
            <a class="navhash" href="#161">#</a>
						
              <code id="161">   { return __gnu_cxx::__stoa(&std::strtoul, "stoul", __str.c_str(),</code><br />
						
            
            <a class="navhash" href="#162">#</a>
						
              <code id="162">                               ^~~</code><br />
						
            
            <a class="navhash" href="#163">#</a>
						
              <code id="163">/usr/include/c++/6.1.1/bits/basic_string.h: In function 'long long int std::__cxx11::stoll(const string&, std::size_t*, int)':</code><br />
						
            
            <a class="navhash" href="#164">#</a>
						
              <code id="164">/usr/include/c++/6.1.1/bits/basic_string.h:5428:31: error: 'strtoll' is not a member of 'std'</code><br />
						
            
            <a class="navhash" href="#165">#</a>
						
              <code id="165">   { return __gnu_cxx::__stoa(&std::strtoll, "stoll", __str.c_str(),</code><br />
						
            
            <a class="navhash" href="#166">#</a>
						
              <code id="166">                               ^~~</code><br />
						
            
            <a class="navhash" href="#167">#</a>
						
              <code id="167">/usr/include/c++/6.1.1/bits/basic_string.h: In function 'long long unsigned int std::__cxx11::stoull(const string&, std::size_t*, int)':</code><br />
						
            
            <a class="navhash" href="#168">#</a>
						
              <code id="168">/usr/include/c++/6.1.1/bits/basic_string.h:5433:31: error: 'strtoull' is not a member of 'std'</code><br />
						
            
            <a class="navhash" href="#169">#</a>
						
              <code id="169">   { return __gnu_cxx::__stoa(&std::strtoull, "stoull", __str.c_str(),</code><br />
						
            
            <a class="navhash" href="#170">#</a>
						
              <code id="170">                               ^~~</code><br />
						
            
            <a class="navhash" href="#171">#</a>
						
              <code id="171">/usr/include/c++/6.1.1/bits/basic_string.h: In function 'float std::__cxx11::stof(const string&, std::size_t*)':</code><br />
						
            
            <a class="navhash" href="#172">#</a>
						
              <code id="172">/usr/include/c++/6.1.1/bits/basic_string.h:5439:31: error: 'strtof' is not a member of 'std'</code><br />
						
            
            <a class="navhash" href="#173">#</a>
						
              <code id="173">   { return __gnu_cxx::__stoa(&std::strtof, "stof", __str.c_str(), __idx); }</code><br />
						
            
            <a class="navhash" href="#174">#</a>
						
              <code id="174">                               ^~~</code><br />
						
            
            <a class="navhash" href="#175">#</a>
						
              <code id="175">/usr/include/c++/6.1.1/bits/basic_string.h: In function 'double std::__cxx11::stod(const string&, std::size_t*)':</code><br />
						
            
            <a class="navhash" href="#176">#</a>
						
              <code id="176">/usr/include/c++/6.1.1/bits/basic_string.h:5443:31: error: 'strtod' is not a member of 'std'</code><br />
						
            
            <a class="navhash" href="#177">#</a>
						
              <code id="177">   { return __gnu_cxx::__stoa(&std::strtod, "stod", __str.c_str(), __idx); }</code><br />
						
            
            <a class="navhash" href="#178">#</a>
						
              <code id="178">                               ^~~</code><br />
						
            
            <a class="navhash" href="#179">#</a>
						
              <code id="179">/usr/include/c++/6.1.1/bits/basic_string.h: In function 'long double std::__cxx11::stold(const string&, std::size_t*)':</code><br />
						
            
            <a class="navhash" href="#180">#</a>
						
              <code id="180">/usr/include/c++/6.1.1/bits/basic_string.h:5447:31: error: 'strtold' is not a member of 'std'</code><br />
						
            
            <a class="navhash" href="#181">#</a>
						
              <code id="181">   { return __gnu_cxx::__stoa(&std::strtold, "stold", __str.c_str(), __idx); }</code><br />
						
            
            <a class="navhash" href="#182">#</a>
						
              <code id="182">                               ^~~</code><br />
						
            
            <a class="navhash" href="#183">#</a>
						
              <code id="183">In file included from /usr/include/c++/6.1.1/bits/ios_base.h:41:0,</code><br />
						
            
            <a class="navhash" href="#184">#</a>
						
              <code id="184">                 from /usr/include/c++/6.1.1/ios:42,</code><br />
						
            
            <a class="navhash" href="#185">#</a>
						
              <code id="185">                 from /usr/include/c++/6.1.1/ostream:38,</code><br />
						
            
            <a class="navhash" href="#186">#</a>
						
              <code id="186">                 from /usr/include/c++/6.1.1/iostream:39,</code><br />
						
            
            <a class="navhash" href="#187">#</a>
						
              <code id="187">                 from ibam.hpp:25,</code><br />
						
            
            <a class="navhash" href="#188">#</a>
						
              <code id="188">                 from ibam.cpp:19:</code><br />
						
            
            <a class="navhash" href="#189">#</a>
						
              <code id="189">/usr/include/c++/6.1.1/bits/locale_classes.h: At global scope:</code><br />
						
            
            <a class="navhash" href="#190">#</a>
						
              <code id="190">/usr/include/c++/6.1.1/bits/locale_classes.h:380:12: error: '__c_locale' does not name a type</code><br />
						
            
            <a class="navhash" href="#191">#</a>
						
              <code id="191">     static __c_locale                   _S_c_locale;</code><br />
						
            
            <a class="navhash" href="#192">#</a>
						
              <code id="192">            ^~~~~~~~~~</code><br />
						
            
            <a class="navhash" href="#193">#</a>
						
              <code id="193">/usr/include/c++/6.1.1/bits/locale_classes.h:411:24: error: '__c_locale' has not been declared</code><br />
						
            
            <a class="navhash" href="#194">#</a>
						
              <code id="194">     _S_create_c_locale(__c_locale& __cloc, const char* __s,</code><br />
						
            
            <a class="navhash" href="#195">#</a>
						
              <code id="195">                        ^~~~~~~~~~</code><br />
						
            
            <a class="navhash" href="#196">#</a>
						
              <code id="196">/usr/include/c++/6.1.1/bits/locale_classes.h:412:10: error: '__c_locale' has not been declared</code><br />
						
            
            <a class="navhash" href="#197">#</a>
						
              <code id="197">          __c_locale __old = 0);</code><br />
						
            
            <a class="navhash" href="#198">#</a>
						
              <code id="198">          ^~~~~~~~~~</code><br />
						
            
            <a class="navhash" href="#199">#</a>
						
              <code id="199">/usr/include/c++/6.1.1/bits/locale_classes.h:414:12: error: '__c_locale' does not name a type</code><br />
						
            
            <a class="navhash" href="#200">#</a>
						
              <code id="200">     static __c_locale</code><br />
						
            
            <a class="navhash" href="#201">#</a>
						
              <code id="201">            ^~~~~~~~~~</code><br />
						
            
            <a class="navhash" href="#202">#</a>
						
              <code id="202">/usr/include/c++/6.1.1/bits/locale_classes.h:418:25: error: '__c_locale' has not been declared</code><br />
						
            
            <a class="navhash" href="#203">#</a>
						
              <code id="203">     _S_destroy_c_locale(__c_locale& __cloc);</code><br />
						
            
            <a class="navhash" href="#204">#</a>
						
              <code id="204">                         ^~~~~~~~~~</code><br />
						
            
            <a class="navhash" href="#205">#</a>
						
              <code id="205">/usr/include/c++/6.1.1/bits/locale_classes.h:420:12: error: '__c_locale' does not name a type</code><br />
						
            
            <a class="navhash" href="#206">#</a>
						
              <code id="206">     static __c_locale</code><br />
						
            
            <a class="navhash" href="#207">#</a>
						
              <code id="207">            ^~~~~~~~~~</code><br />
						
            
            <a class="navhash" href="#208">#</a>
						
              <code id="208">/usr/include/c++/6.1.1/bits/locale_classes.h:425:12: error: '__c_locale' does not name a type</code><br />
						
            
            <a class="navhash" href="#209">#</a>
						
              <code id="209">     static __c_locale</code><br />
						
            
            <a class="navhash" href="#210">#</a>
						
              <code id="210">            ^~~~~~~~~~</code><br />
						
            
            <a class="navhash" href="#211">#</a>
						
              <code id="211">/usr/include/c++/6.1.1/bits/locale_classes.h:654:7: error: '__c_locale' does not name a type</code><br />
						
            
            <a class="navhash" href="#212">#</a>
						
              <code id="212">       __c_locale   _M_c_locale_collate;</code><br />
						
            
            <a class="navhash" href="#213">#</a>
						
              <code id="213">       ^~~~~~~~~~</code><br />
						
            
            <a class="navhash" href="#214">#</a>
						
              <code id="214">/usr/include/c++/6.1.1/bits/locale_classes.h:682:26: error: expected ')' before '__cloc'</code><br />
						
            
            <a class="navhash" href="#215">#</a>
						
              <code id="215">       collate(__c_locale __cloc, size_t __refs = 0)</code><br />
						
            
            <a class="navhash" href="#216">#</a>
						
              <code id="216">                          ^~~~~~</code><br />
						
            
            <a class="navhash" href="#217">#</a>
						
              <code id="217">/usr/include/c++/6.1.1/bits/locale_classes.h: In constructor 'std::__cxx11::collate<_CharT>::collate(std::size_t)':</code><br />
						
            
            <a class="navhash" href="#218">#</a>
						
              <code id="218">/usr/include/c++/6.1.1/bits/locale_classes.h:669:24: error: class 'std::__cxx11::collate<_CharT>' does not have any field named '_M_c_locale_collate'</code><br />
						
            
            <a class="navhash" href="#219">#</a>
						
              <code id="219">       : facet(__refs), _M_c_locale_collate(_S_get_c_locale())</code><br />
						
            
            <a class="navhash" href="#220">#</a>
						
              <code id="220">                        ^~~~~~~~~~~~~~~~~~~</code><br />
						
            
            <a class="navhash" href="#221">#</a>
						
              <code id="221">/usr/include/c++/6.1.1/bits/locale_classes.h:669:60: error: there are no arguments to '_S_get_c_locale' that depend on a template parameter, so a declaration of '_S_get_c_locale' must be available [-fpermissive]</code><br />
						
            
            <a class="navhash" href="#222">#</a>
						
              <code id="222">       : facet(__refs), _M_c_locale_collate(_S_get_c_locale())</code><br />
						
            
            <a class="navhash" href="#223">#</a>
						
              <code id="223">                                                            ^</code><br />
						
            
            <a class="navhash" href="#224">#</a>
						
              <code id="224">/usr/include/c++/6.1.1/bits/locale_classes.h:669:60: note: (if you use '-fpermissive', G++ will accept your code, but allowing the use of an undeclared name is deprecated)</code><br />
						
            
            <a class="navhash" href="#225">#</a>
						
              <code id="225">/usr/include/c++/6.1.1/bits/locale_classes.h: In destructor 'virtual std::__cxx11::collate<_CharT>::~collate()':</code><br />
						
            
            <a class="navhash" href="#226">#</a>
						
              <code id="226">/usr/include/c++/6.1.1/bits/locale_classes.h:746:29: error: '_M_c_locale_collate' was not declared in this scope</code><br />
						
            
            <a class="navhash" href="#227">#</a>
						
              <code id="227">       { _S_destroy_c_locale(_M_c_locale_collate); }</code><br />
						
            
            <a class="navhash" href="#228">#</a>
						
              <code id="228">                             ^~~~~~~~~~~~~~~~~~~</code><br />
						
            
            <a class="navhash" href="#229">#</a>
						
              <code id="229">In file included from /usr/include/c++/6.1.1/bits/locale_facets.h:41:0,</code><br />
						
            
            <a class="navhash" href="#230">#</a>
						
              <code id="230">                 from /usr/include/c++/6.1.1/bits/basic_ios.h:37,</code><br />
						
            
            <a class="navhash" href="#231">#</a>
						
              <code id="231">                 from /usr/include/c++/6.1.1/ios:44,</code><br />
						
            
            <a class="navhash" href="#232">#</a>
						
              <code id="232">                 from /usr/include/c++/6.1.1/ostream:38,</code><br />
						
            
            <a class="navhash" href="#233">#</a>
						
              <code id="233">                 from /usr/include/c++/6.1.1/iostream:39,</code><br />
						
            
            <a class="navhash" href="#234">#</a>
						
              <code id="234">                 from ibam.hpp:25,</code><br />
						
            
            <a class="navhash" href="#235">#</a>
						
              <code id="235">                 from ibam.cpp:19:</code><br />
						
            
            <a class="navhash" href="#236">#</a>
						
              <code id="236">/usr/include/c++/6.1.1/x86_64-pc-linux-gnu/bits/ctype_base.h: At global scope:</code><br />
						
            
            <a class="navhash" href="#237">#</a>
						
              <code id="237">/usr/include/c++/6.1.1/x86_64-pc-linux-gnu/bits/ctype_base.h:49:35: error: '_ISupper' was not declared in this scope</code><br />
						
            
            <a class="navhash" href="#238">#</a>
						
              <code id="238">     static const mask upper     = _ISupper;</code><br />
						
            
            <a class="navhash" href="#239">#</a>
						
              <code id="239">                                   ^~~~~~~~</code><br />
						
            
            <a class="navhash" href="#240">#</a>
						
              <code id="240">/usr/include/c++/6.1.1/x86_64-pc-linux-gnu/bits/ctype_base.h:50:32: error: '_ISlower' was not declared in this scope</code><br />
						
            
            <a class="navhash" href="#241">#</a>
						
              <code id="241">     static const mask lower  = _ISlower;</code><br />
						
            
            <a class="navhash" href="#242">#</a>
						
              <code id="242">                                ^~~~~~~~</code><br />
						
            
            <a class="navhash" href="#243">#</a>
						
              <code id="243">/usr/include/c++/6.1.1/x86_64-pc-linux-gnu/bits/ctype_base.h:51:32: error: '_ISalpha' was not declared in this scope</code><br />
						
            
            <a class="navhash" href="#244">#</a>
						
              <code id="244">     static const mask alpha  = _ISalpha;</code><br />
						
            
            <a class="navhash" href="#245">#</a>
						
              <code id="245">                                ^~~~~~~~</code><br />
						
            
            <a class="navhash" href="#246">#</a>
						
              <code id="246">/usr/include/c++/6.1.1/x86_64-pc-linux-gnu/bits/ctype_base.h:52:32: error: '_ISdigit' was not declared in this scope</code><br />
						
            
            <a class="navhash" href="#247">#</a>
						
              <code id="247">     static const mask digit  = _ISdigit;</code><br />
						
            
            <a class="navhash" href="#248">#</a>
						
              <code id="248">                                ^~~~~~~~</code><br />
						
            
            <a class="navhash" href="#249">#</a>
						
              <code id="249">/usr/include/c++/6.1.1/x86_64-pc-linux-gnu/bits/ctype_base.h:53:33: error: '_ISxdigit' was not declared in this scope</code><br />
						
            
            <a class="navhash" href="#250">#</a>
						
              <code id="250">     static const mask xdigit  = _ISxdigit;</code><br />
						
            
            <a class="navhash" href="#251">#</a>
						
              <code id="251">                                 ^~~~~~~~~</code><br />
						
            
            <a class="navhash" href="#252">#</a>
						
              <code id="252">/usr/include/c++/6.1.1/x86_64-pc-linux-gnu/bits/ctype_base.h:54:32: error: '_ISspace' was not declared in this scope</code><br />
						
            
            <a class="navhash" href="#253">#</a>
						
              <code id="253">     static const mask space  = _ISspace;</code><br />
						
            
            <a class="navhash" href="#254">#</a>
						
              <code id="254">                                ^~~~~~~~</code><br />
						
            
            <a class="navhash" href="#255">#</a>
						
              <code id="255">/usr/include/c++/6.1.1/x86_64-pc-linux-gnu/bits/ctype_base.h:55:32: error: '_ISprint' was not declared in this scope</code><br />
						
            
            <a class="navhash" href="#256">#</a>
						
              <code id="256">     static const mask print  = _ISprint;</code><br />
						
            
            <a class="navhash" href="#257">#</a>
						
              <code id="257">                                ^~~~~~~~</code><br />
						
            
            <a class="navhash" href="#258">#</a>
						
              <code id="258">/usr/include/c++/6.1.1/x86_64-pc-linux-gnu/bits/ctype_base.h:56:32: error: '_ISalpha' was not declared in this scope</code><br />
						
            
            <a class="navhash" href="#259">#</a>
						
              <code id="259">     static const mask graph  = _ISalpha | _ISdigit | _ISpunct;</code><br />
						
            
            <a class="navhash" href="#260">#</a>
						
              <code id="260">                                ^~~~~~~~</code><br />
						
            
            <a class="navhash" href="#261">#</a>
						
              <code id="261">/usr/include/c++/6.1.1/x86_64-pc-linux-gnu/bits/ctype_base.h:56:43: error: '_ISdigit' was not declared in this scope</code><br />
						
            
            <a class="navhash" href="#262">#</a>
						
              <code id="262">     static const mask graph  = _ISalpha | _ISdigit | _ISpunct;</code><br />
						
            
            <a class="navhash" href="#263">#</a>
						
              <code id="263">                                           ^~~~~~~~</code><br />
						
            
            <a class="navhash" href="#264">#</a>
						
              <code id="264">/usr/include/c++/6.1.1/x86_64-pc-linux-gnu/bits/ctype_base.h:56:54: error: '_ISpunct' was not declared in this scope</code><br />
						
            
            <a class="navhash" href="#265">#</a>
						
              <code id="265">     static const mask graph  = _ISalpha | _ISdigit | _ISpunct;</code><br />
						
            
            <a class="navhash" href="#266">#</a>
						
              <code id="266">                                                      ^~~~~~~~</code><br />
						
            
            <a class="navhash" href="#267">#</a>
						
              <code id="267">/usr/include/c++/6.1.1/x86_64-pc-linux-gnu/bits/ctype_base.h:57:32: error: '_IScntrl' was not declared in this scope</code><br />
						
            
            <a class="navhash" href="#268">#</a>
						
              <code id="268">     static const mask cntrl  = _IScntrl;</code><br />
						
            
            <a class="navhash" href="#269">#</a>
						
              <code id="269">                                ^~~~~~~~</code><br />
						
            
            <a class="navhash" href="#270">#</a>
						
              <code id="270">/usr/include/c++/6.1.1/x86_64-pc-linux-gnu/bits/ctype_base.h:58:32: error: '_ISpunct' was not declared in this scope</code><br />
						
            
            <a class="navhash" href="#271">#</a>
						
              <code id="271">     static const mask punct  = _ISpunct;</code><br />
						
            
            <a class="navhash" href="#272">#</a>
						
              <code id="272">                                ^~~~~~~~</code><br />
						
            
            <a class="navhash" href="#273">#</a>
						
              <code id="273">/usr/include/c++/6.1.1/x86_64-pc-linux-gnu/bits/ctype_base.h:59:32: error: '_ISalpha' was not declared in this scope</code><br />
						
            
            <a class="navhash" href="#274">#</a>
						
              <code id="274">     static const mask alnum  = _ISalpha | _ISdigit;</code><br />
						
            
            <a class="navhash" href="#275">#</a>
						
              <code id="275">                                ^~~~~~~~</code><br />
						
            
            <a class="navhash" href="#276">#</a>
						
              <code id="276">/usr/include/c++/6.1.1/x86_64-pc-linux-gnu/bits/ctype_base.h:59:43: error: '_ISdigit' was not declared in this scope</code><br />
						
            
            <a class="navhash" href="#277">#</a>
						
              <code id="277">     static const mask alnum  = _ISalpha | _ISdigit;</code><br />
						
            
            <a class="navhash" href="#278">#</a>
						
              <code id="278">                                           ^~~~~~~~</code><br />
						
            
            <a class="navhash" href="#279">#</a>
						
              <code id="279">/usr/include/c++/6.1.1/x86_64-pc-linux-gnu/bits/ctype_base.h:61:31: error: '_ISblank' was not declared in this scope</code><br />
						
            
            <a class="navhash" href="#280">#</a>
						
              <code id="280">     static const mask blank = _ISblank;</code><br />
						
            
            <a class="navhash" href="#281">#</a>
						
              <code id="281">                               ^~~~~~~~</code><br />
						
            
            <a class="navhash" href="#282">#</a>
						
              <code id="282">In file included from /usr/include/c++/6.1.1/bits/basic_ios.h:37:0,</code><br />
						
            
            <a class="navhash" href="#283">#</a>
						
              <code id="283">                 from /usr/include/c++/6.1.1/ios:44,</code><br />
						
            
            <a class="navhash" href="#284">#</a>
						
              <code id="284">                 from /usr/include/c++/6.1.1/ostream:38,</code><br />
						
            
            <a class="navhash" href="#285">#</a>
						
              <code id="285">                 from /usr/include/c++/6.1.1/iostream:39,</code><br />
						
            
            <a class="navhash" href="#286">#</a>
						
              <code id="286">                 from ibam.hpp:25,</code><br />
						
            
            <a class="navhash" href="#287">#</a>
						
              <code id="287">                 from ibam.cpp:19:</code><br />
						
            
            <a class="navhash" href="#288">#</a>
						
              <code id="288">/usr/include/c++/6.1.1/bits/locale_facets.h:74:12: error: '__c_locale' does not name a type</code><br />
						
            
            <a class="navhash" href="#289">#</a>
						
              <code id="289">      const __c_locale&) throw();</code><br />
						
            
            <a class="navhash" href="#290">#</a>
						
              <code id="290">            ^~~~~~~~~~</code><br />
						
            
            <a class="navhash" href="#291">#</a>
						
              <code id="291">/usr/include/c++/6.1.1/bits/locale_facets.h:80:12: error: '__c_locale' does not name a type</code><br />
						
            
            <a class="navhash" href="#292">#</a>
						
              <code id="292">      const __c_locale&) throw();</code><br />
						
            
            <a class="navhash" href="#293">#</a>
						
              <code id="293">            ^~~~~~~~~~</code><br />
						
            
            <a class="navhash" href="#294">#</a>
						
              <code id="294">/usr/include/c++/6.1.1/bits/locale_facets.h:85:12: error: '__c_locale' does not name a type</code><br />
						
            
            <a class="navhash" href="#295">#</a>
						
              <code id="295">      const __c_locale&) throw();</code><br />
						
            
            <a class="navhash" href="#296">#</a>
						
              <code id="296">            ^~~~~~~~~~</code><br />
						
            
            <a class="navhash" href="#297">#</a>
						
              <code id="297">/usr/include/c++/6.1.1/bits/locale_facets.h:90:12: error: '__c_locale' does not name a type</code><br />
						
            
            <a class="navhash" href="#298">#</a>
						
              <code id="298">      const __c_locale&) throw();</code><br />
						
            
            <a class="navhash" href="#299">#</a>
						
              <code id="299">            ^~~~~~~~~~</code><br />
						
            
            <a class="navhash" href="#300">#</a>
						
              <code id="300">/usr/include/c++/6.1.1/bits/locale_facets.h:690:7: error: '__c_locale' does not name a type</code><br />
						
            
            <a class="navhash" href="#301">#</a>
						
              <code id="301">       __c_locale  _M_c_locale_ctype;</code><br />
						
            
            <a class="navhash" href="#302">#</a>
						
              <code id="302">       ^~~~~~~~~~</code><br />
						
            
            <a class="navhash" href="#303">#</a>
						
              <code id="303">/usr/include/c++/6.1.1/bits/locale_facets.h:731:24: error: expected ')' before '__cloc'</code><br />
						
            
            <a class="navhash" href="#304">#</a>
						
              <code id="304">       ctype(__c_locale __cloc, const mask* __table = 0, bool __del = false,</code><br />
						
            
            <a class="navhash" href="#305">#</a>
						
              <code id="305">                        ^~~~~~</code><br />
						
            
            <a class="navhash" href="#306">#</a>
						
              <code id="306">/usr/include/c++/6.1.1/bits/locale_facets.h:1191:7: error: '__c_locale' does not name a type</code><br />
						
            
            <a class="navhash" href="#307">#</a>
						
              <code id="307">       __c_locale  _M_c_locale_ctype;</code><br />
						
            
            <a class="navhash" href="#308">#</a>
						
              <code id="308">       ^~~~~~~~~~</code><br />
						
            
            <a class="navhash" href="#309">#</a>
						
              <code id="309">/usr/include/c++/6.1.1/bits/locale_facets.h:1226:24: error: expected ')' before '__cloc'</code><br />
						
            
            <a class="navhash" href="#310">#</a>
						
              <code id="310">       ctype(__c_locale __cloc, size_t __refs = 0);</code><br />
						
            
            <a class="navhash" href="#311">#</a>
						
              <code id="311">                        ^~~~~~</code><br />
						
            
            <a class="navhash" href="#312">#</a>
						
              <code id="312">In file included from /usr/include/c++/6.1.1/bits/basic_ios.h:37:0,</code><br />
						
            
            <a class="navhash" href="#313">#</a>
						
              <code id="313">                 from /usr/include/c++/6.1.1/ios:44,</code><br />
						
            
            <a class="navhash" href="#314">#</a>
						
              <code id="314">                 from /usr/include/c++/6.1.1/ostream:38,</code><br />
						
            
            <a class="navhash" href="#315">#</a>
						
              <code id="315">                 from /usr/include/c++/6.1.1/iostream:39,</code><br />
						
            
            <a class="navhash" href="#316">#</a>
						
              <code id="316">                 from ibam.hpp:25,</code><br />
						
            
            <a class="navhash" href="#317">#</a>
						
              <code id="317">                 from ibam.cpp:19:</code><br />
						
            
            <a class="navhash" href="#318">#</a>
						
              <code id="318">/usr/include/c++/6.1.1/bits/locale_facets.h:1718:27: error: expected ')' before '__cloc'</code><br />
						
            
            <a class="navhash" href="#319">#</a>
						
              <code id="319">       numpunct(__c_locale __cloc, size_t __refs = 0)</code><br />
						
            
            <a class="navhash" href="#320">#</a>
						
              <code id="320">                           ^~~~~~</code><br />
						
            
            <a class="navhash" href="#321">#</a>
						
              <code id="321">/usr/include/c++/6.1.1/bits/locale_facets.h:1875:30: error: '__c_locale' has not been declared</code><br />
						
            
            <a class="navhash" href="#322">#</a>
						
              <code id="322">       _M_initialize_numpunct(__c_locale __cloc = 0);</code><br />
						
            
            <a class="navhash" href="#323">#</a>
						
              <code id="323">                              ^~~~~~~~~~</code><br />
						
            
            <a class="navhash" href="#324">#</a>
						
              <code id="324">/usr/include/c++/6.1.1/bits/locale_facets.h:1886:44: error: variable or field '_M_initialize_numpunct' declared void</code><br />
						
            
            <a class="navhash" href="#325">#</a>
						
              <code id="325">     numpunct<char>::_M_initialize_numpunct(__c_locale __cloc);</code><br />
						
            
            <a class="navhash" href="#326">#</a>
						
              <code id="326">                                            ^~~~~~~~~~</code><br />
						
            
            <a class="navhash" href="#327">#</a>
						
              <code id="327">/usr/include/c++/6.1.1/bits/locale_facets.h:1886:44: error: '__c_locale' was not declared in this scope</code><br />
						
            
            <a class="navhash" href="#328">#</a>
						
              <code id="328">/usr/include/c++/6.1.1/bits/locale_facets.h:1894:47: error: variable or field '_M_initialize_numpunct' declared void</code><br />
						
            
            <a class="navhash" href="#329">#</a>
						
              <code id="329">     numpunct<wchar_t>::_M_initialize_numpunct(__c_locale __cloc);</code><br />
						
            
            <a class="navhash" href="#330">#</a>
						
              <code id="330">                                               ^~~~~~~~~~</code><br />
						
            
            <a class="navhash" href="#331">#</a>
						
              <code id="331">/usr/include/c++/6.1.1/bits/locale_facets.h:1894:47: error: '__c_locale' was not declared in this scope</code><br />
						
            
            <a class="navhash" href="#332">#</a>
						
              <code id="332">/usr/include/c++/6.1.1/bits/locale_facets.h: In constructor 'std::__cxx11::numpunct_byname<_CharT>::numpunct_byname(const char*, std::size_t)':</code><br />
						
            
            <a class="navhash" href="#333">#</a>
						
              <code id="333">/usr/include/c++/6.1.1/bits/locale_facets.h:1912:6: error: '__c_locale' was not declared in this scope</code><br />
						
            
            <a class="navhash" href="#334">#</a>
						
              <code id="334">      __c_locale __tmp;</code><br />
						
            
            <a class="navhash" href="#335">#</a>
						
              <code id="335">      ^~~~~~~~~~</code><br />
						
            
            <a class="navhash" href="#336">#</a>
						
              <code id="336">/usr/include/c++/6.1.1/bits/locale_facets.h:1913:31: error: '__tmp' was not declared in this scope</code><br />
						
            
            <a class="navhash" href="#337">#</a>
						
              <code id="337">      this->_S_create_c_locale(__tmp, __s);</code><br />
						
            
            <a class="navhash" href="#338">#</a>
						
              <code id="338">                               ^~~~~</code><br />
						
            
            <a class="navhash" href="#339">#</a>
						
              <code id="339">In file included from /usr/include/c++/6.1.1/bits/locale_facets.h:2651:0,</code><br />
						
            
            <a class="navhash" href="#340">#</a>
						
              <code id="340">                 from /usr/include/c++/6.1.1/bits/basic_ios.h:37,</code><br />
						
            
            <a class="navhash" href="#341">#</a>
						
              <code id="341">                 from /usr/include/c++/6.1.1/ios:44,</code><br />
						
            
            <a class="navhash" href="#342">#</a>
						
              <code id="342">                 from /usr/include/c++/6.1.1/ostream:38,</code><br />
						
            
            <a class="navhash" href="#343">#</a>
						
              <code id="343">                 from /usr/include/c++/6.1.1/iostream:39,</code><br />
						
            
            <a class="navhash" href="#344">#</a>
						
              <code id="344">                 from ibam.hpp:25,</code><br />
						
            
            <a class="navhash" href="#345">#</a>
						
              <code id="345">                 from ibam.cpp:19:</code><br />
						
            
            <a class="navhash" href="#346">#</a>
						
              <code id="346">/usr/include/c++/6.1.1/bits/locale_facets.tcc: In member function 'virtual _InIter std::num_get<_CharT, _InIter>::do_get(std::num_get<_CharT, _InIter>::iter_type, std::num_get<_CharT, _InIter>::iter_type, std::ios_base&, std::ios_base::iostate&, float&) const':</code><br />
						
            
            <a class="navhash" href="#347">#</a>
						
              <code id="347">/usr/include/c++/6.1.1/bits/locale_facets.tcc:697:71: error: there are no arguments to '_S_get_c_locale' that depend on a template parameter, so a declaration of '_S_get_c_locale' must be available [-fpermissive]</code><br />
						
            
            <a class="navhash" href="#348">#</a>
						
              <code id="348">       std::__convert_to_v(__xtrc.c_str(), __v, __err, _S_get_c_locale());</code><br />
						
            
            <a class="navhash" href="#349">#</a>
						
              <code id="349">                                                                       ^</code><br />
						
            
            <a class="navhash" href="#350">#</a>
						
              <code id="350">/usr/include/c++/6.1.1/bits/locale_facets.tcc: In member function 'virtual _InIter std::num_get<_CharT, _InIter>::do_get(std::num_get<_CharT, _InIter>::iter_type, std::num_get<_CharT, _InIter>::iter_type, std::ios_base&, std::ios_base::iostate&, double&) const':</code><br />
						
            
            <a class="navhash" href="#351">#</a>
						
              <code id="351">/usr/include/c++/6.1.1/bits/locale_facets.tcc:712:71: error: there are no arguments to '_S_get_c_locale' that depend on a template parameter, so a declaration of '_S_get_c_locale' must be available [-fpermissive]</code><br />
						
            
            <a class="navhash" href="#352">#</a>
						
              <code id="352">       std::__convert_to_v(__xtrc.c_str(), __v, __err, _S_get_c_locale());</code><br />
						
            
            <a class="navhash" href="#353">#</a>
						
              <code id="353">                                                                       ^</code><br />
						
            
            <a class="navhash" href="#354">#</a>
						
              <code id="354">/usr/include/c++/6.1.1/bits/locale_facets.tcc: In member function 'virtual _InIter std::num_get<_CharT, _InIter>::do_get(std::num_get<_CharT, _InIter>::iter_type, std::num_get<_CharT, _InIter>::iter_type, std::ios_base&, std::ios_base::iostate&, long double&) const':</code><br />
						
            
            <a class="navhash" href="#355">#</a>
						
              <code id="355">/usr/include/c++/6.1.1/bits/locale_facets.tcc:744:71: error: there are no arguments to '_S_get_c_locale' that depend on a template parameter, so a declaration of '_S_get_c_locale' must be available [-fpermissive]</code><br />
						
            
            <a class="navhash" href="#356">#</a>
						
              <code id="356">       std::__convert_to_v(__xtrc.c_str(), __v, __err, _S_get_c_locale());</code><br />
						
            
            <a class="navhash" href="#357">#</a>
						
              <code id="357">                                                                       ^</code><br />
						
            
            <a class="navhash" href="#358">#</a>
						
              <code id="358">/usr/include/c++/6.1.1/bits/locale_facets.tcc: In member function '_OutIter std::num_put<_CharT, _OutIter>::_M_insert_float(_OutIter, std::ios_base&, _CharT, char, _ValueT) const':</code><br />
						
            
            <a class="navhash" href="#359">#</a>
						
              <code id="359">/usr/include/c++/6.1.1/bits/locale_facets.tcc:1005:50: error: there are no arguments to '_S_get_c_locale' that depend on a template parameter, so a declaration of '_S_get_c_locale' must be available [-fpermissive]</code><br />
						
            
            <a class="navhash" href="#360">#</a>
						
              <code id="360">    __len = std::__convert_from_v(_S_get_c_locale(), __cs, __cs_size,</code><br />
						
            
            <a class="navhash" href="#361">#</a>
						
              <code id="361">                                                  ^</code><br />
						
            
            <a class="navhash" href="#362">#</a>
						
              <code id="362">/usr/include/c++/6.1.1/bits/locale_facets.tcc:1008:50: error: there are no arguments to '_S_get_c_locale' that depend on a template parameter, so a declaration of '_S_get_c_locale' must be available [-fpermissive]</code><br />
						
            
            <a class="navhash" href="#363">#</a>
						
              <code id="363">    __len = std::__convert_from_v(_S_get_c_locale(), __cs, __cs_size,</code><br />
						
            
            <a class="navhash" href="#364">#</a>
						
              <code id="364">                                                  ^</code><br />
						
            
            <a class="navhash" href="#365">#</a>
						
              <code id="365">/usr/include/c++/6.1.1/bits/locale_facets.tcc:1017:54: error: there are no arguments to '_S_get_c_locale' that depend on a template parameter, so a declaration of '_S_get_c_locale' must be available [-fpermissive]</code><br />
						
            
            <a class="navhash" href="#366">#</a>
						
              <code id="366">        __len = std::__convert_from_v(_S_get_c_locale(), __cs, __cs_size,</code><br />
						
            
            <a class="navhash" href="#367">#</a>
						
              <code id="367">                                                      ^</code><br />
						
            
            <a class="navhash" href="#368">#</a>
						
              <code id="368">/usr/include/c++/6.1.1/bits/locale_facets.tcc:1020:54: error: there are no arguments to '_S_get_c_locale' that depend on a template parameter, so a declaration of '_S_get_c_locale' must be available [-fpermissive]</code><br />
						
            
            <a class="navhash" href="#369">#</a>
						
              <code id="369">        __len = std::__convert_from_v(_S_get_c_locale(), __cs, __cs_size,</code><br />
						
            
            <a class="navhash" href="#370">#</a>
						
              <code id="370">                                                      ^</code><br />
						
            
            <a class="navhash" href="#371">#</a>
						
              <code id="371">In file included from /usr/include/c++/6.1.1/fstream:40:0,</code><br />
						
            
            <a class="navhash" href="#372">#</a>
						
              <code id="372">                 from ibam.hpp:26,</code><br />
						
            
            <a class="navhash" href="#373">#</a>
						
              <code id="373">                 from ibam.cpp:19:</code><br />
						
            
            <a class="navhash" href="#374">#</a>
						
              <code id="374">/usr/include/c++/6.1.1/bits/codecvt.h: At global scope:</code><br />
						
            
            <a class="navhash" href="#375">#</a>
						
              <code id="375">/usr/include/c++/6.1.1/bits/codecvt.h:285:7: error: '__c_locale' does not name a type</code><br />
						
            
            <a class="navhash" href="#376">#</a>
						
              <code id="376">       __c_locale   _M_c_locale_codecvt;</code><br />
						
            
            <a class="navhash" href="#377">#</a>
						
              <code id="377">       ^~~~~~~~~~</code><br />
						
            
            <a class="navhash" href="#378">#</a>
						
              <code id="378">/usr/include/c++/6.1.1/bits/codecvt.h:297:26: error: expected ')' before '__cloc'</code><br />
						
            
            <a class="navhash" href="#379">#</a>
						
              <code id="379">       codecvt(__c_locale __cloc, size_t __refs = 0);</code><br />
						
            
            <a class="navhash" href="#380">#</a>
						
              <code id="380">                          ^~~~~~</code><br />
						
            
            <a class="navhash" href="#381">#</a>
						
              <code id="381">/usr/include/c++/6.1.1/bits/codecvt.h: In constructor 'std::codecvt<_InternT, _ExternT, _StateT>::codecvt(std::size_t)':</code><br />
						
            
            <a class="navhash" href="#382">#</a>
						
              <code id="382">/usr/include/c++/6.1.1/bits/codecvt.h:293:2: error: class 'std::codecvt<_InternT, _ExternT, _StateT>' does not have any field named '_M_c_locale_codecvt'</code><br />
						
            
            <a class="navhash" href="#383">#</a>
						
              <code id="383">  _M_c_locale_codecvt(0)</code><br />
						
            
            <a class="navhash" href="#384">#</a>
						
              <code id="384">  ^~~~~~~~~~~~~~~~~~~</code><br />
						
            
            <a class="navhash" href="#385">#</a>
						
              <code id="385">/usr/include/c++/6.1.1/bits/codecvt.h: At global scope:</code><br />
						
            
            <a class="navhash" href="#386">#</a>
						
              <code id="386">/usr/include/c++/6.1.1/bits/codecvt.h:350:7: error: '__c_locale' does not name a type</code><br />
						
            
            <a class="navhash" href="#387">#</a>
						
              <code id="387">       __c_locale   _M_c_locale_codecvt;</code><br />
						
            
            <a class="navhash" href="#388">#</a>
						
              <code id="388">       ^~~~~~~~~~</code><br />
						
            
            <a class="navhash" href="#389">#</a>
						
              <code id="389">/usr/include/c++/6.1.1/bits/codecvt.h:359:26: error: expected ')' before '__cloc'</code><br />
						
            
            <a class="navhash" href="#390">#</a>
						
              <code id="390">       codecvt(__c_locale __cloc, size_t __refs = 0);</code><br />
						
            
            <a class="navhash" href="#391">#</a>
						
              <code id="391">                          ^~~~~~</code><br />
						
            
            <a class="navhash" href="#392">#</a>
						
              <code id="392">/usr/include/c++/6.1.1/bits/codecvt.h:413:7: error: '__c_locale' does not name a type</code><br />
						
            
            <a class="navhash" href="#393">#</a>
						
              <code id="393">       __c_locale   _M_c_locale_codecvt;</code><br />
						
            
            <a class="navhash" href="#394">#</a>
						
              <code id="394">       ^~~~~~~~~~</code><br />
						
            
            <a class="navhash" href="#395">#</a>
						
              <code id="395">/usr/include/c++/6.1.1/bits/codecvt.h:422:26: error: expected ')' before '__cloc'</code><br />
						
            
            <a class="navhash" href="#396">#</a>
						
              <code id="396">       codecvt(__c_locale __cloc, size_t __refs = 0);</code><br />
						
            
            <a class="navhash" href="#397">#</a>
						
              <code id="397">                          ^~~~~~</code><br />
						
            
            <a class="navhash" href="#398">#</a>
						
              <code id="398">In file included from /sysroot/include/sys/types.h:70:0,</code><br />
						
            
            <a class="navhash" href="#399">#</a>
						
              <code id="399">                 from ibam.inl:36,</code><br />
						
            
            <a class="navhash" href="#400">#</a>
						
              <code id="400">                 from ibam.hpp:211,</code><br />
						
            
            <a class="navhash" href="#401">#</a>
						
              <code id="401">                 from ibam.cpp:19:</code><br />
						
            
            <a class="navhash" href="#402">#</a>
						
              <code id="402">/sysroot/include/endian.h: In function 'uint32_t __bswap32(uint32_t)':</code><br />
						
            
            <a class="navhash" href="#403">#</a>
						
              <code id="403">/sysroot/include/endian.h:32:25: warning: suggest parentheses around arithmetic in operand of '|' [-Wparentheses]</code><br />
						
            
            <a class="navhash" href="#404">#</a>
						
              <code id="404">  return __x>>24 | __x>>8&0xff00 | __x<<8&0xff0000 | __x<<24;</code><br />
						
            
            <a class="navhash" href="#405">#</a>
						
              <code id="405">                   ~~~~~~^~~~~~~</code><br />
						
            
            <a class="navhash" href="#406">#</a>
						
              <code id="406">/sysroot/include/endian.h:32:41: warning: suggest parentheses around arithmetic in operand of '|' [-Wparentheses]</code><br />
						
            
            <a class="navhash" href="#407">#</a>
						
              <code id="407">  return __x>>24 | __x>>8&0xff00 | __x<<8&0xff0000 | __x<<24;</code><br />
						
            
            <a class="navhash" href="#408">#</a>
						
              <code id="408">                                   ~~~~~~^~~~~~~~~</code><br />
						
            
            <a class="navhash" href="#409">#</a>
						
              <code id="409">/sysroot/include/endian.h: In function 'uint64_t __bswap64(uint64_t)':</code><br />
						
            
            <a class="navhash" href="#410">#</a>
						
              <code id="410">/sysroot/include/endian.h:37:23: warning: suggest parentheses around '+' inside '<<' [-Wparentheses]</code><br />
						
            
            <a class="navhash" href="#411">#</a>
						
              <code id="411">  return __bswap32(__x)+0ULL<<32 | __bswap32(__x>>32);</code><br />
						
            
            <a class="navhash" href="#412">#</a>
						
              <code id="412">         ~~~~~~~~~~~~~~^~~~~</code><br />
						
            
            <a class="navhash" href="#413">#</a>
						
              <code id="413">In file included from ibam.hpp:211:0,</code><br />
						
            
            <a class="navhash" href="#414">#</a>
						
              <code id="414">                 from ibam.cpp:19:</code><br />
						
            
            <a class="navhash" href="#415">#</a>
						
              <code id="415">ibam.inl: In constructor 'ibam::ibam(const string&)':</code><br />
						
            
            <a class="navhash" href="#416">#</a>
						
              <code id="416">ibam.inl:982:25: error: 'getenv' was not declared in this scope</code><br />
						
            
            <a class="navhash" href="#417">#</a>
						
              <code id="417">       home=getenv("HOME");</code><br />
						
            
            <a class="navhash" href="#418">#</a>
						
              <code id="418">                         ^</code><br />
						
            
            <a class="navhash" href="#419">#</a>
						
              <code id="419">ibam.inl: In member function 'std::__cxx11::string ibam::profile_filename(int, int) const':</code><br />
						
            
            <a class="navhash" href="#420">#</a>
						
              <code id="420">ibam.inl:1225:54: warning: ISO C++ forbids converting a string constant to 'char*' [-Wwrite-strings]</code><br />
						
            
            <a class="navhash" href="#421">#</a>
						
              <code id="421">    char *status_text[4]={"full","battery","charge",""};</code><br />
						
            
            <a class="navhash" href="#422">#</a>
						
              <code id="422">                                                      ^</code><br />
						
            
            <a class="navhash" href="#423">#</a>
						
              <code id="423">ibam.inl:1225:54: warning: ISO C++ forbids converting a string constant to 'char*' [-Wwrite-strings]</code><br />
						
            
            <a class="navhash" href="#424">#</a>
						
              <code id="424">ibam.inl:1225:54: warning: ISO C++ forbids converting a string constant to 'char*' [-Wwrite-strings]</code><br />
						
            
            <a class="navhash" href="#425">#</a>
						
              <code id="425">ibam.inl:1225:54: warning: ISO C++ forbids converting a string constant to 'char*' [-Wwrite-strings]</code><br />
						
            
            <a class="navhash" href="#426">#</a>
						
              <code id="426">ibam.cpp: In function 'int main(int, char**)':</code><br />
						
            
            <a class="navhash" href="#427">#</a>
						
              <code id="427">ibam.cpp:74:31: error: 'getenv' was not declared in this scope</code><br />
						
            
            <a class="navhash" href="#428">#</a>
						
              <code id="428">    string   home(getenv("HOME"));</code><br />
						
            
            <a class="navhash" href="#429">#</a>
						
              <code id="429">                               ^</code><br />
						
            
            <a class="navhash" href="#430">#</a>
						
              <code id="430">ibam.cpp:139:36: error: 'atoi' was not declared in this scope</code><br />
						
            
            <a class="navhash" href="#431">#</a>
						
              <code id="431">                   int n=atoi(optarg);</code><br />
						
            
            <a class="navhash" href="#432">#</a>
						
              <code id="432">                                    ^</code><br />
						
            
            <a class="navhash" href="#433">#</a>
						
              <code id="433">ibam.cpp:168:38: error: 'system' was not declared in this scope</code><br />
						
            
            <a class="navhash" href="#434">#</a>
						
              <code id="434">                system(command.c_str());</code><br />
						
            
            <a class="navhash" href="#435">#</a>
						
              <code id="435">                                      ^</code><br />
						
            
            <a class="navhash" href="#436">#</a>
						
              <code id="436">ibam.cpp:189:36: error: 'atoi' was not declared in this scope</code><br />
						
            
            <a class="navhash" href="#437">#</a>
						
              <code id="437">                   int n=atoi(optarg);</code><br />
						
            
            <a class="navhash" href="#438">#</a>
						
              <code id="438">                                    ^</code><br />
						
            
            <a class="navhash" href="#439">#</a>
						
              <code id="439">ibam.cpp:216:38: error: 'system' was not declared in this scope</code><br />
						
            
            <a class="navhash" href="#440">#</a>
						
              <code id="440">                system(command.c_str());</code><br />
						
            
            <a class="navhash" href="#441">#</a>
						
              <code id="441">                                      ^</code><br />
						
            
            <a class="navhash" href="#442">#</a>
						
              <code id="442">ibam.cpp:279:33: error: 'atoi' was not declared in this scope</code><br />
						
            
            <a class="navhash" href="#443">#</a>
						
              <code id="443">                int n=atoi(optarg);</code><br />
						
            
            <a class="navhash" href="#444">#</a>
						
              <code id="444">                                 ^</code><br />
						
            
            <a class="navhash" href="#445">#</a>
						
              <code id="445">ibam.cpp:287:33: error: 'atoi' was not declared in this scope</code><br />
						
            
            <a class="navhash" href="#446">#</a>
						
              <code id="446">                int n=atoi(optarg);</code><br />
						
            
            <a class="navhash" href="#447">#</a>
						
              <code id="447">                                 ^</code><br />
						
            
            <a class="navhash" href="#448">#</a>
						
              <code id="448">make: *** [Makefile:33: ibam] Error 1</code><br />
						
            
            <a class="navhash" href="#449">#</a>
						
              <code id="449">==> ERROR: A failure occurred in build().</code><br />
						
            
            <a class="navhash" href="#450">#</a>
						
              <code id="450">    Aborting...</code><br />
						
            
          </div>
        
      </div>
      <br />
    
      <div class="block">
        <div class="info">
          <code>Printing config.logs</code>
        </div>
        
      </div>
      <br />
    
  </body>
</html>