<!DOCTYPE html>
<html>
<!-- Jinja template for reports of individual builds

  Copyright 2016 Kareem Khazem. All Rights Reserved.
  Licensed under the Apache License, Version 2.0 (the "License");
  you may not use this file except in compliance with the License.
  You may obtain a copy of the License at

 		 http://www.apache.org/licenses/LICENSE-2.0

  Unless required by applicable law or agreed to in writing, software
  distributed under the License is distributed on an "AS IS" BASIS,
  WITHOUT WARRANTIES OR CONDITIONS OF ANY KIND, either express or
  implied.
  See the License for the specific language governing permissions and
  limitations under the License.
-->
  <head>
    <meta charset="UTF-8">
    <title>musl/intel-tbb</title>
    <link href='https://fonts.googleapis.com/css?family=Roboto:400,900'
          rel='stylesheet' type='text/css'>
    <link
    href='https://fonts.googleapis.com/css?family=Source+Code+Pro:400,700'
          rel='stylesheet' type='text/css'>
    <link href="../style.css" type="text/css" rel="stylesheet">
  </head>
  <body>
    <h1>Build of intel-tbb
        with <a href="../index.html">musl</a>
        toolchain</h1>
    <p>The build took 00h 00m 44s and was
    NOT successful.
    </p>
    
    
    
    <h2>List of Errors</h2>
    <ul>
      
      <li>native_tool_invocation
        <ul>
          
          <li><a href="#10">tuscan: native invocation of 'gcc'</a></li>
          
          <li><a href="#14">tuscan: native invocation of 'gcc'</a></li>
          
          <li><a href="#15">tuscan: native invocation of 'gcc'</a></li>
          
          <li><a href="#16">tuscan: native invocation of 'gcc'</a></li>
          
        </ul>
      </li>
      
      <li>compile_error
        <ul>
          
          <li><a href="#24">/usr/include/c++/5.3.0/x86_64-unknown-linux-gnu/bits/os_defines.h:44:19: error: missing binary operator before token "("</a></li>
          
          <li><a href="#32">/usr/include/c++/5.3.0/x86_64-unknown-linux-gnu/bits/os_defines.h:44:19: error: missing binary operator before token "("</a></li>
          
          <li><a href="#41">/usr/include/c++/5.3.0/x86_64-unknown-linux-gnu/bits/c++locale.h:62:11: error: '__locale_t' does not name a type</a></li>
          
          <li><a href="#44">/usr/include/c++/5.3.0/x86_64-unknown-linux-gnu/bits/c++locale.h:69:26: error: '__c_locale' does not name a type</a></li>
          
          <li><a href="#51">/usr/include/c++/5.3.0/x86_64-unknown-linux-gnu/bits/c++locale.h:62:11: error: '__locale_t' does not name a type</a></li>
          
          <li><a href="#54">/usr/include/c++/5.3.0/x86_64-unknown-linux-gnu/bits/c++locale.h:69:26: error: '__c_locale' does not name a type</a></li>
          
          <li><a href="#63">/usr/include/c++/5.3.0/bits/locale_classes.h:380:12: error: '__c_locale' does not name a type</a></li>
          
          <li><a href="#66">/usr/include/c++/5.3.0/bits/locale_classes.h:411:24: error: '__c_locale' has not been declared</a></li>
          
          <li><a href="#69">/usr/include/c++/5.3.0/bits/locale_classes.h:412:10: error: '__c_locale' has not been declared</a></li>
          
          <li><a href="#72">/usr/include/c++/5.3.0/bits/locale_classes.h:414:12: error: '__c_locale' does not name a type</a></li>
          
          <li><a href="#75">/usr/include/c++/5.3.0/bits/locale_classes.h:418:25: error: '__c_locale' has not been declared</a></li>
          
          <li><a href="#78">/usr/include/c++/5.3.0/bits/locale_classes.h:420:12: error: '__c_locale' does not name a type</a></li>
          
          <li><a href="#81">/usr/include/c++/5.3.0/bits/locale_classes.h:425:12: error: '__c_locale' does not name a type</a></li>
          
          <li><a href="#84">/usr/include/c++/5.3.0/bits/locale_classes.h:646:7: error: '__c_locale' does not name a type</a></li>
          
          <li><a href="#87">/usr/include/c++/5.3.0/bits/locale_classes.h:674:26: error: expected ')' before '__cloc'</a></li>
          
          <li><a href="#91">/usr/include/c++/5.3.0/bits/locale_classes.h:661:24: error: class 'std::__cxx11::collate<_CharT>' does not have any field named '_M_c_locale_collate'</a></li>
          
          <li><a href="#94">/usr/include/c++/5.3.0/bits/locale_classes.h:661:60: error: there are no arguments to '_S_get_c_locale' that depend on a template parameter, so a declaration of '_S_get_c_locale' must be available [-fpermissive]</a></li>
          
          <li><a href="#99">/usr/include/c++/5.3.0/bits/locale_classes.h:738:29: error: '_M_c_locale_collate' was not declared in this scope</a></li>
          
          <li><a href="#110">/usr/include/c++/5.3.0/x86_64-unknown-linux-gnu/bits/ctype_base.h:49:35: error: '_ISupper' was not declared in this scope</a></li>
          
          <li><a href="#113">/usr/include/c++/5.3.0/x86_64-unknown-linux-gnu/bits/ctype_base.h:50:32: error: '_ISlower' was not declared in this scope</a></li>
          
          <li><a href="#116">/usr/include/c++/5.3.0/x86_64-unknown-linux-gnu/bits/ctype_base.h:51:32: error: '_ISalpha' was not declared in this scope</a></li>
          
          <li><a href="#119">/usr/include/c++/5.3.0/x86_64-unknown-linux-gnu/bits/ctype_base.h:52:32: error: '_ISdigit' was not declared in this scope</a></li>
          
          <li><a href="#122">/usr/include/c++/5.3.0/x86_64-unknown-linux-gnu/bits/ctype_base.h:53:33: error: '_ISxdigit' was not declared in this scope</a></li>
          
          <li><a href="#125">/usr/include/c++/5.3.0/x86_64-unknown-linux-gnu/bits/ctype_base.h:54:32: error: '_ISspace' was not declared in this scope</a></li>
          
          <li><a href="#128">/usr/include/c++/5.3.0/x86_64-unknown-linux-gnu/bits/ctype_base.h:55:32: error: '_ISprint' was not declared in this scope</a></li>
          
          <li><a href="#131">/usr/include/c++/5.3.0/x86_64-unknown-linux-gnu/bits/ctype_base.h:56:32: error: '_ISalpha' was not declared in this scope</a></li>
          
          <li><a href="#134">/usr/include/c++/5.3.0/x86_64-unknown-linux-gnu/bits/ctype_base.h:56:43: error: '_ISdigit' was not declared in this scope</a></li>
          
          <li><a href="#137">/usr/include/c++/5.3.0/x86_64-unknown-linux-gnu/bits/ctype_base.h:56:54: error: '_ISpunct' was not declared in this scope</a></li>
          
          <li><a href="#140">/usr/include/c++/5.3.0/x86_64-unknown-linux-gnu/bits/ctype_base.h:57:32: error: '_IScntrl' was not declared in this scope</a></li>
          
          <li><a href="#143">/usr/include/c++/5.3.0/x86_64-unknown-linux-gnu/bits/ctype_base.h:58:32: error: '_ISpunct' was not declared in this scope</a></li>
          
          <li><a href="#146">/usr/include/c++/5.3.0/x86_64-unknown-linux-gnu/bits/ctype_base.h:59:32: error: '_ISalpha' was not declared in this scope</a></li>
          
          <li><a href="#149">/usr/include/c++/5.3.0/x86_64-unknown-linux-gnu/bits/ctype_base.h:59:43: error: '_ISdigit' was not declared in this scope</a></li>
          
          <li><a href="#158">/usr/include/c++/5.3.0/bits/locale_facets.h:74:12: error: '__c_locale' does not name a type</a></li>
          
          <li><a href="#161">/usr/include/c++/5.3.0/bits/locale_facets.h:80:12: error: '__c_locale' does not name a type</a></li>
          
          <li><a href="#164">/usr/include/c++/5.3.0/bits/locale_facets.h:85:12: error: '__c_locale' does not name a type</a></li>
          
          <li><a href="#167">/usr/include/c++/5.3.0/bits/locale_facets.h:90:12: error: '__c_locale' does not name a type</a></li>
          
          <li><a href="#170">/usr/include/c++/5.3.0/bits/locale_facets.h:690:7: error: '__c_locale' does not name a type</a></li>
          
          <li><a href="#173">/usr/include/c++/5.3.0/bits/locale_facets.h:731:24: error: expected ')' before '__cloc'</a></li>
          
          <li><a href="#176">/usr/include/c++/5.3.0/bits/locale_facets.h:1191:7: error: '__c_locale' does not name a type</a></li>
          
          <li><a href="#179">/usr/include/c++/5.3.0/bits/locale_facets.h:1226:24: error: expected ')' before '__cloc'</a></li>
          
          <li><a href="#188">/usr/include/c++/5.3.0/bits/locale_facets.h:1718:27: error: expected ')' before '__cloc'</a></li>
          
          <li><a href="#191">/usr/include/c++/5.3.0/bits/locale_facets.h:1875:30: error: '__c_locale' has not been declared</a></li>
          
          <li><a href="#194">/usr/include/c++/5.3.0/bits/locale_facets.h:1886:44: error: variable or field '_M_initialize_numpunct' declared void</a></li>
          
          <li><a href="#197">/usr/include/c++/5.3.0/bits/locale_facets.h:1886:44: error: '__c_locale' was not declared in this scope</a></li>
          
          <li><a href="#198">/usr/include/c++/5.3.0/bits/locale_facets.h:1894:47: error: variable or field '_M_initialize_numpunct' declared void</a></li>
          
          <li><a href="#201">/usr/include/c++/5.3.0/bits/locale_facets.h:1894:47: error: '__c_locale' was not declared in this scope</a></li>
          
          <li><a href="#203">/usr/include/c++/5.3.0/bits/locale_facets.h:1912:6: error: '__c_locale' was not declared in this scope</a></li>
          
          <li><a href="#206">/usr/include/c++/5.3.0/bits/locale_facets.h:1913:31: error: '__tmp' was not declared in this scope</a></li>
          
          <li><a href="#217">/usr/include/c++/5.3.0/bits/locale_facets.tcc:697:71: error: there are no arguments to '_S_get_c_locale' that depend on a template parameter, so a declaration of '_S_get_c_locale' must be available [-fpermissive]</a></li>
          
          <li><a href="#221">/usr/include/c++/5.3.0/bits/locale_facets.tcc:712:71: error: there are no arguments to '_S_get_c_locale' that depend on a template parameter, so a declaration of '_S_get_c_locale' must be available [-fpermissive]</a></li>
          
          <li><a href="#225">/usr/include/c++/5.3.0/bits/locale_facets.tcc:744:71: error: there are no arguments to '_S_get_c_locale' that depend on a template parameter, so a declaration of '_S_get_c_locale' must be available [-fpermissive]</a></li>
          
          <li><a href="#229">/usr/include/c++/5.3.0/bits/locale_facets.tcc:1005:50: error: there are no arguments to '_S_get_c_locale' that depend on a template parameter, so a declaration of '_S_get_c_locale' must be available [-fpermissive]</a></li>
          
          <li><a href="#232">/usr/include/c++/5.3.0/bits/locale_facets.tcc:1008:50: error: there are no arguments to '_S_get_c_locale' that depend on a template parameter, so a declaration of '_S_get_c_locale' must be available [-fpermissive]</a></li>
          
          <li><a href="#235">/usr/include/c++/5.3.0/bits/locale_facets.tcc:1017:54: error: there are no arguments to '_S_get_c_locale' that depend on a template parameter, so a declaration of '_S_get_c_locale' must be available [-fpermissive]</a></li>
          
          <li><a href="#238">/usr/include/c++/5.3.0/bits/locale_facets.tcc:1020:54: error: there are no arguments to '_S_get_c_locale' that depend on a template parameter, so a declaration of '_S_get_c_locale' must be available [-fpermissive]</a></li>
          
          <li><a href="#247">/usr/include/c++/5.3.0/bits/locale_classes.h:380:12: error: '__c_locale' does not name a type</a></li>
          
          <li><a href="#250">/usr/include/c++/5.3.0/bits/locale_classes.h:411:24: error: '__c_locale' has not been declared</a></li>
          
          <li><a href="#253">/usr/include/c++/5.3.0/bits/locale_classes.h:412:10: error: '__c_locale' has not been declared</a></li>
          
          <li><a href="#256">/usr/include/c++/5.3.0/bits/locale_classes.h:414:12: error: '__c_locale' does not name a type</a></li>
          
          <li><a href="#259">/usr/include/c++/5.3.0/bits/locale_classes.h:418:25: error: '__c_locale' has not been declared</a></li>
          
          <li><a href="#262">/usr/include/c++/5.3.0/bits/locale_classes.h:420:12: error: '__c_locale' does not name a type</a></li>
          
          <li><a href="#265">/usr/include/c++/5.3.0/bits/locale_classes.h:425:12: error: '__c_locale' does not name a type</a></li>
          
          <li><a href="#268">/usr/include/c++/5.3.0/bits/locale_classes.h:646:7: error: '__c_locale' does not name a type</a></li>
          
          <li><a href="#271">/usr/include/c++/5.3.0/bits/locale_classes.h:674:26: error: expected ')' before '__cloc'</a></li>
          
          <li><a href="#275">/usr/include/c++/5.3.0/bits/locale_classes.h:661:24: error: class 'std::__cxx11::collate<_CharT>' does not have any field named '_M_c_locale_collate'</a></li>
          
          <li><a href="#278">/usr/include/c++/5.3.0/bits/locale_classes.h:661:60: error: there are no arguments to '_S_get_c_locale' that depend on a template parameter, so a declaration of '_S_get_c_locale' must be available [-fpermissive]</a></li>
          
          <li><a href="#283">/usr/include/c++/5.3.0/bits/locale_classes.h:738:29: error: '_M_c_locale_collate' was not declared in this scope</a></li>
          
          <li><a href="#294">/usr/include/c++/5.3.0/x86_64-unknown-linux-gnu/bits/ctype_base.h:49:35: error: '_ISupper' was not declared in this scope</a></li>
          
          <li><a href="#297">/usr/include/c++/5.3.0/x86_64-unknown-linux-gnu/bits/ctype_base.h:50:32: error: '_ISlower' was not declared in this scope</a></li>
          
          <li><a href="#300">/usr/include/c++/5.3.0/x86_64-unknown-linux-gnu/bits/ctype_base.h:51:32: error: '_ISalpha' was not declared in this scope</a></li>
          
          <li><a href="#303">/usr/include/c++/5.3.0/x86_64-unknown-linux-gnu/bits/ctype_base.h:52:32: error: '_ISdigit' was not declared in this scope</a></li>
          
          <li><a href="#306">/usr/include/c++/5.3.0/x86_64-unknown-linux-gnu/bits/ctype_base.h:53:33: error: '_ISxdigit' was not declared in this scope</a></li>
          
          <li><a href="#309">/usr/include/c++/5.3.0/x86_64-unknown-linux-gnu/bits/ctype_base.h:54:32: error: '_ISspace' was not declared in this scope</a></li>
          
          <li><a href="#312">/usr/include/c++/5.3.0/x86_64-unknown-linux-gnu/bits/ctype_base.h:55:32: error: '_ISprint' was not declared in this scope</a></li>
          
          <li><a href="#315">/usr/include/c++/5.3.0/x86_64-unknown-linux-gnu/bits/ctype_base.h:56:32: error: '_ISalpha' was not declared in this scope</a></li>
          
          <li><a href="#318">/usr/include/c++/5.3.0/x86_64-unknown-linux-gnu/bits/ctype_base.h:56:43: error: '_ISdigit' was not declared in this scope</a></li>
          
          <li><a href="#321">/usr/include/c++/5.3.0/x86_64-unknown-linux-gnu/bits/ctype_base.h:56:54: error: '_ISpunct' was not declared in this scope</a></li>
          
          <li><a href="#324">/usr/include/c++/5.3.0/x86_64-unknown-linux-gnu/bits/ctype_base.h:57:32: error: '_IScntrl' was not declared in this scope</a></li>
          
          <li><a href="#327">/usr/include/c++/5.3.0/x86_64-unknown-linux-gnu/bits/ctype_base.h:58:32: error: '_ISpunct' was not declared in this scope</a></li>
          
          <li><a href="#330">/usr/include/c++/5.3.0/x86_64-unknown-linux-gnu/bits/ctype_base.h:59:32: error: '_ISalpha' was not declared in this scope</a></li>
          
          <li><a href="#333">/usr/include/c++/5.3.0/x86_64-unknown-linux-gnu/bits/ctype_base.h:59:43: error: '_ISdigit' was not declared in this scope</a></li>
          
          <li><a href="#342">/usr/include/c++/5.3.0/bits/locale_facets.h:74:12: error: '__c_locale' does not name a type</a></li>
          
          <li><a href="#345">/usr/include/c++/5.3.0/bits/locale_facets.h:80:12: error: '__c_locale' does not name a type</a></li>
          
          <li><a href="#348">/usr/include/c++/5.3.0/bits/locale_facets.h:85:12: error: '__c_locale' does not name a type</a></li>
          
          <li><a href="#351">/usr/include/c++/5.3.0/bits/locale_facets.h:90:12: error: '__c_locale' does not name a type</a></li>
          
          <li><a href="#354">/usr/include/c++/5.3.0/bits/locale_facets.h:690:7: error: '__c_locale' does not name a type</a></li>
          
          <li><a href="#357">/usr/include/c++/5.3.0/bits/locale_facets.h:731:24: error: expected ')' before '__cloc'</a></li>
          
          <li><a href="#360">/usr/include/c++/5.3.0/bits/locale_facets.h:1191:7: error: '__c_locale' does not name a type</a></li>
          
          <li><a href="#363">/usr/include/c++/5.3.0/bits/locale_facets.h:1226:24: error: expected ')' before '__cloc'</a></li>
          
          <li><a href="#372">/usr/include/c++/5.3.0/bits/locale_facets.h:1718:27: error: expected ')' before '__cloc'</a></li>
          
          <li><a href="#375">/usr/include/c++/5.3.0/bits/locale_facets.h:1875:30: error: '__c_locale' has not been declared</a></li>
          
          <li><a href="#378">/usr/include/c++/5.3.0/bits/locale_facets.h:1886:44: error: variable or field '_M_initialize_numpunct' declared void</a></li>
          
          <li><a href="#381">/usr/include/c++/5.3.0/bits/locale_facets.h:1886:44: error: '__c_locale' was not declared in this scope</a></li>
          
          <li><a href="#382">/usr/include/c++/5.3.0/bits/locale_facets.h:1894:47: error: variable or field '_M_initialize_numpunct' declared void</a></li>
          
          <li><a href="#385">/usr/include/c++/5.3.0/bits/locale_facets.h:1894:47: error: '__c_locale' was not declared in this scope</a></li>
          
          <li><a href="#387">/usr/include/c++/5.3.0/bits/locale_facets.h:1912:6: error: '__c_locale' was not declared in this scope</a></li>
          
          <li><a href="#390">/usr/include/c++/5.3.0/bits/locale_facets.h:1913:31: error: '__tmp' was not declared in this scope</a></li>
          
          <li><a href="#401">/usr/include/c++/5.3.0/bits/locale_facets.tcc:697:71: error: there are no arguments to '_S_get_c_locale' that depend on a template parameter, so a declaration of '_S_get_c_locale' must be available [-fpermissive]</a></li>
          
          <li><a href="#405">/usr/include/c++/5.3.0/bits/locale_facets.tcc:712:71: error: there are no arguments to '_S_get_c_locale' that depend on a template parameter, so a declaration of '_S_get_c_locale' must be available [-fpermissive]</a></li>
          
          <li><a href="#409">/usr/include/c++/5.3.0/bits/locale_facets.tcc:744:71: error: there are no arguments to '_S_get_c_locale' that depend on a template parameter, so a declaration of '_S_get_c_locale' must be available [-fpermissive]</a></li>
          
          <li><a href="#413">/usr/include/c++/5.3.0/bits/locale_facets.tcc:1005:50: error: there are no arguments to '_S_get_c_locale' that depend on a template parameter, so a declaration of '_S_get_c_locale' must be available [-fpermissive]</a></li>
          
          <li><a href="#416">/usr/include/c++/5.3.0/bits/locale_facets.tcc:1008:50: error: there are no arguments to '_S_get_c_locale' that depend on a template parameter, so a declaration of '_S_get_c_locale' must be available [-fpermissive]</a></li>
          
          <li><a href="#419">/usr/include/c++/5.3.0/bits/locale_facets.tcc:1017:54: error: there are no arguments to '_S_get_c_locale' that depend on a template parameter, so a declaration of '_S_get_c_locale' must be available [-fpermissive]</a></li>
          
          <li><a href="#422">/usr/include/c++/5.3.0/bits/locale_facets.tcc:1020:54: error: there are no arguments to '_S_get_c_locale' that depend on a template parameter, so a declaration of '_S_get_c_locale' must be available [-fpermissive]</a></li>
          
        </ul>
      </li>
      
    </ul>
    
    <h2>Log</h2>
    
      <div class="block">
        <div class="info">
          <code>Found permanent source directory in /sources/intel-tbb</code>
        </div>
        
      </div>
      <br />
    
      <div class="block">
        <div class="info">
          <code>Removed vanilla repositories from pacman.conf and added:</code>
        </div>
        
          <div class="output">
            
            <a class="navhash" href="#1">#</a>
						
              <code id="1">[tuscan]</code><br />
						
            
            <a class="navhash" href="#2">#</a>
						
              <code id="2">Server = file:///var/cache/pacman/pkg/</code><br />
						
            
          </div>
        
      </div>
      <br />
    
      <div class="block">
        <div class="command">
          <code><span class="prompt">CMD: </span>pacman -Syy --noconfirm</code>
        </div>
        
          <div class="output">
            
            <a class="navhash" href="#3">#</a>
						
              <code id="3">:: Synchronizing package databases...</code><br />
						
            
            <a class="navhash" href="#4">#</a>
						
              <code id="4">downloading tuscan.db...</code><br />
						
            
          </div>
        
      </div>
      <br />
    
      <div class="block">
        <div class="command">
          <code><span class="prompt">CMD: </span>sudo -u tuscan PATH=/toolchain_root/clang+llvm-x86_64-archlinux/bin:/usr/local/sbin:/usr/local/bin:/usr/sbin:/usr/bin:/sbin:/bin CC=clang CXX=clang++ SYSROOT=/toolchain_root/clang+llvm-x86_64-archlinux LIBRARY_PATH=/toolchain_root/clang+llvm-x86_64-archlinux/lib CXXFLAGS=-stdlib-libc++ CPATH=/toolchain_root/clang+llvm-x86_64-archlinux/include bear makepkg --noextract --syncdeps --skipinteg --skippgpcheck --skipchecksums --noconfirm --nocolor --log --noprogressbar --nocheck</code>
        </div>
        
          <div class="output">
            
            <a class="navhash" href="#5">#</a>
						
              <code id="5">==> Making package: intel-tbb 4.4_20160128-1 (Thu Jun  9 05:49:51 UTC 2016)</code><br />
						
            
            <a class="navhash" href="#6">#</a>
						
              <code id="6">==> Checking runtime dependencies...</code><br />
						
            
            <a class="navhash" href="#7">#</a>
						
              <code id="7">==> Checking buildtime dependencies...</code><br />
						
            
            <a class="navhash" href="#8">#</a>
						
              <code id="8">==> WARNING: Using existing $srcdir/ tree</code><br />
						
            
            <a class="navhash" href="#9">#</a>
						
              <code id="9">==> Starting build()...</code><br />
						
            
            <a class="navhash" href="#10">#</a>
						<span class="error">
              <code id="10">tuscan: native invocation of 'gcc'</code><br />
						</span>
            
            <a class="navhash" href="#11">#</a>
						
              <code id="11">Created ./build/linux_intel64_gcc_cc_libc2.23_kernel4.5.4_release and ..._debug directories</code><br />
						
            
            <a class="navhash" href="#12">#</a>
						
              <code id="12">make -C "./build/linux_intel64_gcc_cc_libc2.23_kernel4.5.4_debug"  -r -f ../../build/Makefile.tbb cfg=debug</code><br />
						
            
            <a class="navhash" href="#13">#</a>
						
              <code id="13">make[1]: Entering directory '/tmp/intel-tbb/src/tbb44_20160128oss/build/linux_intel64_gcc_cc_libc2.23_kernel4.5.4_debug'</code><br />
						
            
            <a class="navhash" href="#14">#</a>
						<span class="error">
              <code id="14">tuscan: native invocation of 'gcc'</code><br />
						</span>
            
            <a class="navhash" href="#15">#</a>
						<span class="error">
              <code id="15">tuscan: native invocation of 'gcc'</code><br />
						</span>
            
            <a class="navhash" href="#16">#</a>
						<span class="error">
              <code id="16">tuscan: native invocation of 'gcc'</code><br />
						</span>
            
            <a class="navhash" href="#17">#</a>
						
              <code id="17">../../build/Makefile.tbb:31: CONFIG: cfg=debug arch=intel64 compiler=gcc target=linux runtime=cc_libc2.23_kernel4.5.4</code><br />
						
            
            <a class="navhash" href="#18">#</a>
						
              <code id="18">g++ -o concurrent_hash_map.o -c -MMD -DTBB_USE_DEBUG -DDO_ITT_NOTIFY -g -O0 -DUSE_PTHREAD -m64  -fPIC -D__TBB_BUILD=1 -Wall -Wno-parentheses -Wno-non-virtual-dtor    -I../../src -I../../src/rml/include -I../../include ../../src/tbb/concurrent_hash_map.cpp</code><br />
						
            
            <a class="navhash" href="#19">#</a>
						
              <code id="19">g++ -o concurrent_queue.o -c -MMD -DTBB_USE_DEBUG -DDO_ITT_NOTIFY -g -O0 -DUSE_PTHREAD -m64  -fPIC -D__TBB_BUILD=1 -Wall -Wno-parentheses -Wno-non-virtual-dtor    -I../../src -I../../src/rml/include -I../../include ../../src/tbb/concurrent_queue.cpp</code><br />
						
            
            <a class="navhash" href="#20">#</a>
						
              <code id="20">In file included from /usr/include/c++/5.3.0/x86_64-unknown-linux-gnu/bits/c++config.h:482:0,</code><br />
						
            
            <a class="navhash" href="#21">#</a>
						
              <code id="21">                 from /usr/include/c++/5.3.0/cstddef:44,</code><br />
						
            
            <a class="navhash" href="#22">#</a>
						
              <code id="22">                 from ../../include/tbb/tbb_stddef.h:119,</code><br />
						
            
            <a class="navhash" href="#23">#</a>
						
              <code id="23">                 from ../../src/tbb/concurrent_queue.cpp:21:</code><br />
						
            
            <a class="navhash" href="#24">#</a>
						<span class="error">
              <code id="24">/usr/include/c++/5.3.0/x86_64-unknown-linux-gnu/bits/os_defines.h:44:19: error: missing binary operator before token "("</code><br />
						</span>
            
            <a class="navhash" href="#25">#</a>
						
              <code id="25"> #if __GLIBC_PREREQ(2,15) && defined(_GNU_SOURCE)</code><br />
						
            
            <a class="navhash" href="#26">#</a>
						
              <code id="26">                   ^</code><br />
						
            
            <a class="navhash" href="#27">#</a>
						
              <code id="27">In file included from /usr/include/c++/5.3.0/x86_64-unknown-linux-gnu/bits/c++config.h:482:0,</code><br />
						
            
            <a class="navhash" href="#28">#</a>
						
              <code id="28">                 from /usr/include/c++/5.3.0/cstddef:44,</code><br />
						
            
            <a class="navhash" href="#29">#</a>
						
              <code id="29">                 from ../../include/tbb/tbb_stddef.h:119,</code><br />
						
            
            <a class="navhash" href="#30">#</a>
						
              <code id="30">                 from ../../include/tbb/concurrent_hash_map.h:24,</code><br />
						
            
            <a class="navhash" href="#31">#</a>
						
              <code id="31">                 from ../../src/tbb/concurrent_hash_map.cpp:21:</code><br />
						
            
            <a class="navhash" href="#32">#</a>
						<span class="error">
              <code id="32">/usr/include/c++/5.3.0/x86_64-unknown-linux-gnu/bits/os_defines.h:44:19: error: missing binary operator before token "("</code><br />
						</span>
            
            <a class="navhash" href="#33">#</a>
						
              <code id="33"> #if __GLIBC_PREREQ(2,15) && defined(_GNU_SOURCE)</code><br />
						
            
            <a class="navhash" href="#34">#</a>
						
              <code id="34">                   ^</code><br />
						
            
            <a class="navhash" href="#35">#</a>
						
              <code id="35">In file included from /usr/include/c++/5.3.0/bits/localefwd.h:40:0,</code><br />
						
            
            <a class="navhash" href="#36">#</a>
						
              <code id="36">                 from /usr/include/c++/5.3.0/ios:41,</code><br />
						
            
            <a class="navhash" href="#37">#</a>
						
              <code id="37">                 from /usr/include/c++/5.3.0/ostream:38,</code><br />
						
            
            <a class="navhash" href="#38">#</a>
						
              <code id="38">                 from /usr/include/c++/5.3.0/iterator:64,</code><br />
						
            
            <a class="navhash" href="#39">#</a>
						
              <code id="39">                 from ../../include/tbb/concurrent_hash_map.h:32,</code><br />
						
            
            <a class="navhash" href="#40">#</a>
						
              <code id="40">                 from ../../src/tbb/concurrent_hash_map.cpp:21:</code><br />
						
            
            <a class="navhash" href="#41">#</a>
						<span class="error">
              <code id="41">/usr/include/c++/5.3.0/x86_64-unknown-linux-gnu/bits/c++locale.h:62:11: error: '__locale_t' does not name a type</code><br />
						</span>
            
            <a class="navhash" href="#42">#</a>
						
              <code id="42">   typedef __locale_t  __c_locale;</code><br />
						
            
            <a class="navhash" href="#43">#</a>
						
              <code id="43">           ^</code><br />
						
            
            <a class="navhash" href="#44">#</a>
						<span class="error">
              <code id="44">/usr/include/c++/5.3.0/x86_64-unknown-linux-gnu/bits/c++locale.h:69:26: error: '__c_locale' does not name a type</code><br />
						</span>
            
            <a class="navhash" href="#45">#</a>
						
              <code id="45">   __convert_from_v(const __c_locale& __cloc __attribute__ ((__unused__)),</code><br />
						
            
            <a class="navhash" href="#46">#</a>
						
              <code id="46">                          ^</code><br />
						
            
            <a class="navhash" href="#47">#</a>
						
              <code id="47">In file included from /usr/include/c++/5.3.0/bits/localefwd.h:40:0,</code><br />
						
            
            <a class="navhash" href="#48">#</a>
						
              <code id="48">                 from /usr/include/c++/5.3.0/string:43,</code><br />
						
            
            <a class="navhash" href="#49">#</a>
						
              <code id="49">                 from ../../include/tbb/tbb_exception.h:34,</code><br />
						
            
            <a class="navhash" href="#50">#</a>
						
              <code id="50">                 from ../../src/tbb/concurrent_queue.cpp:23:</code><br />
						
            
            <a class="navhash" href="#51">#</a>
						<span class="error">
              <code id="51">/usr/include/c++/5.3.0/x86_64-unknown-linux-gnu/bits/c++locale.h:62:11: error: '__locale_t' does not name a type</code><br />
						</span>
            
            <a class="navhash" href="#52">#</a>
						
              <code id="52">   typedef __locale_t  __c_locale;</code><br />
						
            
            <a class="navhash" href="#53">#</a>
						
              <code id="53">           ^</code><br />
						
            
            <a class="navhash" href="#54">#</a>
						<span class="error">
              <code id="54">/usr/include/c++/5.3.0/x86_64-unknown-linux-gnu/bits/c++locale.h:69:26: error: '__c_locale' does not name a type</code><br />
						</span>
            
            <a class="navhash" href="#55">#</a>
						
              <code id="55">   __convert_from_v(const __c_locale& __cloc __attribute__ ((__unused__)),</code><br />
						
            
            <a class="navhash" href="#56">#</a>
						
              <code id="56">                          ^</code><br />
						
            
            <a class="navhash" href="#57">#</a>
						
              <code id="57">In file included from /usr/include/c++/5.3.0/bits/ios_base.h:41:0,</code><br />
						
            
            <a class="navhash" href="#58">#</a>
						
              <code id="58">                 from /usr/include/c++/5.3.0/ios:42,</code><br />
						
            
            <a class="navhash" href="#59">#</a>
						
              <code id="59">                 from /usr/include/c++/5.3.0/ostream:38,</code><br />
						
            
            <a class="navhash" href="#60">#</a>
						
              <code id="60">                 from /usr/include/c++/5.3.0/iterator:64,</code><br />
						
            
            <a class="navhash" href="#61">#</a>
						
              <code id="61">                 from ../../include/tbb/concurrent_hash_map.h:32,</code><br />
						
            
            <a class="navhash" href="#62">#</a>
						
              <code id="62">                 from ../../src/tbb/concurrent_hash_map.cpp:21:</code><br />
						
            
            <a class="navhash" href="#63">#</a>
						<span class="error">
              <code id="63">/usr/include/c++/5.3.0/bits/locale_classes.h:380:12: error: '__c_locale' does not name a type</code><br />
						</span>
            
            <a class="navhash" href="#64">#</a>
						
              <code id="64">     static __c_locale                   _S_c_locale;</code><br />
						
            
            <a class="navhash" href="#65">#</a>
						
              <code id="65">            ^</code><br />
						
            
            <a class="navhash" href="#66">#</a>
						<span class="error">
              <code id="66">/usr/include/c++/5.3.0/bits/locale_classes.h:411:24: error: '__c_locale' has not been declared</code><br />
						</span>
            
            <a class="navhash" href="#67">#</a>
						
              <code id="67">     _S_create_c_locale(__c_locale& __cloc, const char* __s,</code><br />
						
            
            <a class="navhash" href="#68">#</a>
						
              <code id="68">                        ^</code><br />
						
            
            <a class="navhash" href="#69">#</a>
						<span class="error">
              <code id="69">/usr/include/c++/5.3.0/bits/locale_classes.h:412:10: error: '__c_locale' has not been declared</code><br />
						</span>
            
            <a class="navhash" href="#70">#</a>
						
              <code id="70">          __c_locale __old = 0);</code><br />
						
            
            <a class="navhash" href="#71">#</a>
						
              <code id="71">          ^</code><br />
						
            
            <a class="navhash" href="#72">#</a>
						<span class="error">
              <code id="72">/usr/include/c++/5.3.0/bits/locale_classes.h:414:12: error: '__c_locale' does not name a type</code><br />
						</span>
            
            <a class="navhash" href="#73">#</a>
						
              <code id="73">     static __c_locale</code><br />
						
            
            <a class="navhash" href="#74">#</a>
						
              <code id="74">            ^</code><br />
						
            
            <a class="navhash" href="#75">#</a>
						<span class="error">
              <code id="75">/usr/include/c++/5.3.0/bits/locale_classes.h:418:25: error: '__c_locale' has not been declared</code><br />
						</span>
            
            <a class="navhash" href="#76">#</a>
						
              <code id="76">     _S_destroy_c_locale(__c_locale& __cloc);</code><br />
						
            
            <a class="navhash" href="#77">#</a>
						
              <code id="77">                         ^</code><br />
						
            
            <a class="navhash" href="#78">#</a>
						<span class="error">
              <code id="78">/usr/include/c++/5.3.0/bits/locale_classes.h:420:12: error: '__c_locale' does not name a type</code><br />
						</span>
            
            <a class="navhash" href="#79">#</a>
						
              <code id="79">     static __c_locale</code><br />
						
            
            <a class="navhash" href="#80">#</a>
						
              <code id="80">            ^</code><br />
						
            
            <a class="navhash" href="#81">#</a>
						<span class="error">
              <code id="81">/usr/include/c++/5.3.0/bits/locale_classes.h:425:12: error: '__c_locale' does not name a type</code><br />
						</span>
            
            <a class="navhash" href="#82">#</a>
						
              <code id="82">     static __c_locale</code><br />
						
            
            <a class="navhash" href="#83">#</a>
						
              <code id="83">            ^</code><br />
						
            
            <a class="navhash" href="#84">#</a>
						<span class="error">
              <code id="84">/usr/include/c++/5.3.0/bits/locale_classes.h:646:7: error: '__c_locale' does not name a type</code><br />
						</span>
            
            <a class="navhash" href="#85">#</a>
						
              <code id="85">       __c_locale   _M_c_locale_collate;</code><br />
						
            
            <a class="navhash" href="#86">#</a>
						
              <code id="86">       ^</code><br />
						
            
            <a class="navhash" href="#87">#</a>
						<span class="error">
              <code id="87">/usr/include/c++/5.3.0/bits/locale_classes.h:674:26: error: expected ')' before '__cloc'</code><br />
						</span>
            
            <a class="navhash" href="#88">#</a>
						
              <code id="88">       collate(__c_locale __cloc, size_t __refs = 0)</code><br />
						
            
            <a class="navhash" href="#89">#</a>
						
              <code id="89">                          ^</code><br />
						
            
            <a class="navhash" href="#90">#</a>
						
              <code id="90">/usr/include/c++/5.3.0/bits/locale_classes.h: In constructor 'std::__cxx11::collate<_CharT>::collate(std::size_t)':</code><br />
						
            
            <a class="navhash" href="#91">#</a>
						<span class="error">
              <code id="91">/usr/include/c++/5.3.0/bits/locale_classes.h:661:24: error: class 'std::__cxx11::collate<_CharT>' does not have any field named '_M_c_locale_collate'</code><br />
						</span>
            
            <a class="navhash" href="#92">#</a>
						
              <code id="92">       : facet(__refs), _M_c_locale_collate(_S_get_c_locale())</code><br />
						
            
            <a class="navhash" href="#93">#</a>
						
              <code id="93">                        ^</code><br />
						
            
            <a class="navhash" href="#94">#</a>
						<span class="error">
              <code id="94">/usr/include/c++/5.3.0/bits/locale_classes.h:661:60: error: there are no arguments to '_S_get_c_locale' that depend on a template parameter, so a declaration of '_S_get_c_locale' must be available [-fpermissive]</code><br />
						</span>
            
            <a class="navhash" href="#95">#</a>
						
              <code id="95">       : facet(__refs), _M_c_locale_collate(_S_get_c_locale())</code><br />
						
            
            <a class="navhash" href="#96">#</a>
						
              <code id="96">                                                            ^</code><br />
						
            
            <a class="navhash" href="#97">#</a>
						
              <code id="97">/usr/include/c++/5.3.0/bits/locale_classes.h:661:60: note: (if you use '-fpermissive', G++ will accept your code, but allowing the use of an undeclared name is deprecated)</code><br />
						
            
            <a class="navhash" href="#98">#</a>
						
              <code id="98">/usr/include/c++/5.3.0/bits/locale_classes.h: In destructor 'virtual std::__cxx11::collate<_CharT>::~collate()':</code><br />
						
            
            <a class="navhash" href="#99">#</a>
						<span class="error">
              <code id="99">/usr/include/c++/5.3.0/bits/locale_classes.h:738:29: error: '_M_c_locale_collate' was not declared in this scope</code><br />
						</span>
            
            <a class="navhash" href="#100">#</a>
						
              <code id="100">       { _S_destroy_c_locale(_M_c_locale_collate); }</code><br />
						
            
            <a class="navhash" href="#101">#</a>
						
              <code id="101">                             ^</code><br />
						
            
            <a class="navhash" href="#102">#</a>
						
              <code id="102">In file included from /usr/include/c++/5.3.0/bits/locale_facets.h:41:0,</code><br />
						
            
            <a class="navhash" href="#103">#</a>
						
              <code id="103">                 from /usr/include/c++/5.3.0/bits/basic_ios.h:37,</code><br />
						
            
            <a class="navhash" href="#104">#</a>
						
              <code id="104">                 from /usr/include/c++/5.3.0/ios:44,</code><br />
						
            
            <a class="navhash" href="#105">#</a>
						
              <code id="105">                 from /usr/include/c++/5.3.0/ostream:38,</code><br />
						
            
            <a class="navhash" href="#106">#</a>
						
              <code id="106">                 from /usr/include/c++/5.3.0/iterator:64,</code><br />
						
            
            <a class="navhash" href="#107">#</a>
						
              <code id="107">                 from ../../include/tbb/concurrent_hash_map.h:32,</code><br />
						
            
            <a class="navhash" href="#108">#</a>
						
              <code id="108">                 from ../../src/tbb/concurrent_hash_map.cpp:21:</code><br />
						
            
            <a class="navhash" href="#109">#</a>
						
              <code id="109">/usr/include/c++/5.3.0/x86_64-unknown-linux-gnu/bits/ctype_base.h: At global scope:</code><br />
						
            
            <a class="navhash" href="#110">#</a>
						<span class="error">
              <code id="110">/usr/include/c++/5.3.0/x86_64-unknown-linux-gnu/bits/ctype_base.h:49:35: error: '_ISupper' was not declared in this scope</code><br />
						</span>
            
            <a class="navhash" href="#111">#</a>
						
              <code id="111">     static const mask upper     = _ISupper;</code><br />
						
            
            <a class="navhash" href="#112">#</a>
						
              <code id="112">                                   ^</code><br />
						
            
            <a class="navhash" href="#113">#</a>
						<span class="error">
              <code id="113">/usr/include/c++/5.3.0/x86_64-unknown-linux-gnu/bits/ctype_base.h:50:32: error: '_ISlower' was not declared in this scope</code><br />
						</span>
            
            <a class="navhash" href="#114">#</a>
						
              <code id="114">     static const mask lower  = _ISlower;</code><br />
						
            
            <a class="navhash" href="#115">#</a>
						
              <code id="115">                                ^</code><br />
						
            
            <a class="navhash" href="#116">#</a>
						<span class="error">
              <code id="116">/usr/include/c++/5.3.0/x86_64-unknown-linux-gnu/bits/ctype_base.h:51:32: error: '_ISalpha' was not declared in this scope</code><br />
						</span>
            
            <a class="navhash" href="#117">#</a>
						
              <code id="117">     static const mask alpha  = _ISalpha;</code><br />
						
            
            <a class="navhash" href="#118">#</a>
						
              <code id="118">                                ^</code><br />
						
            
            <a class="navhash" href="#119">#</a>
						<span class="error">
              <code id="119">/usr/include/c++/5.3.0/x86_64-unknown-linux-gnu/bits/ctype_base.h:52:32: error: '_ISdigit' was not declared in this scope</code><br />
						</span>
            
            <a class="navhash" href="#120">#</a>
						
              <code id="120">     static const mask digit  = _ISdigit;</code><br />
						
            
            <a class="navhash" href="#121">#</a>
						
              <code id="121">                                ^</code><br />
						
            
            <a class="navhash" href="#122">#</a>
						<span class="error">
              <code id="122">/usr/include/c++/5.3.0/x86_64-unknown-linux-gnu/bits/ctype_base.h:53:33: error: '_ISxdigit' was not declared in this scope</code><br />
						</span>
            
            <a class="navhash" href="#123">#</a>
						
              <code id="123">     static const mask xdigit  = _ISxdigit;</code><br />
						
            
            <a class="navhash" href="#124">#</a>
						
              <code id="124">                                 ^</code><br />
						
            
            <a class="navhash" href="#125">#</a>
						<span class="error">
              <code id="125">/usr/include/c++/5.3.0/x86_64-unknown-linux-gnu/bits/ctype_base.h:54:32: error: '_ISspace' was not declared in this scope</code><br />
						</span>
            
            <a class="navhash" href="#126">#</a>
						
              <code id="126">     static const mask space  = _ISspace;</code><br />
						
            
            <a class="navhash" href="#127">#</a>
						
              <code id="127">                                ^</code><br />
						
            
            <a class="navhash" href="#128">#</a>
						<span class="error">
              <code id="128">/usr/include/c++/5.3.0/x86_64-unknown-linux-gnu/bits/ctype_base.h:55:32: error: '_ISprint' was not declared in this scope</code><br />
						</span>
            
            <a class="navhash" href="#129">#</a>
						
              <code id="129">     static const mask print  = _ISprint;</code><br />
						
            
            <a class="navhash" href="#130">#</a>
						
              <code id="130">                                ^</code><br />
						
            
            <a class="navhash" href="#131">#</a>
						<span class="error">
              <code id="131">/usr/include/c++/5.3.0/x86_64-unknown-linux-gnu/bits/ctype_base.h:56:32: error: '_ISalpha' was not declared in this scope</code><br />
						</span>
            
            <a class="navhash" href="#132">#</a>
						
              <code id="132">     static const mask graph  = _ISalpha | _ISdigit | _ISpunct;</code><br />
						
            
            <a class="navhash" href="#133">#</a>
						
              <code id="133">                                ^</code><br />
						
            
            <a class="navhash" href="#134">#</a>
						<span class="error">
              <code id="134">/usr/include/c++/5.3.0/x86_64-unknown-linux-gnu/bits/ctype_base.h:56:43: error: '_ISdigit' was not declared in this scope</code><br />
						</span>
            
            <a class="navhash" href="#135">#</a>
						
              <code id="135">     static const mask graph  = _ISalpha | _ISdigit | _ISpunct;</code><br />
						
            
            <a class="navhash" href="#136">#</a>
						
              <code id="136">                                           ^</code><br />
						
            
            <a class="navhash" href="#137">#</a>
						<span class="error">
              <code id="137">/usr/include/c++/5.3.0/x86_64-unknown-linux-gnu/bits/ctype_base.h:56:54: error: '_ISpunct' was not declared in this scope</code><br />
						</span>
            
            <a class="navhash" href="#138">#</a>
						
              <code id="138">     static const mask graph  = _ISalpha | _ISdigit | _ISpunct;</code><br />
						
            
            <a class="navhash" href="#139">#</a>
						
              <code id="139">                                                      ^</code><br />
						
            
            <a class="navhash" href="#140">#</a>
						<span class="error">
              <code id="140">/usr/include/c++/5.3.0/x86_64-unknown-linux-gnu/bits/ctype_base.h:57:32: error: '_IScntrl' was not declared in this scope</code><br />
						</span>
            
            <a class="navhash" href="#141">#</a>
						
              <code id="141">     static const mask cntrl  = _IScntrl;</code><br />
						
            
            <a class="navhash" href="#142">#</a>
						
              <code id="142">                                ^</code><br />
						
            
            <a class="navhash" href="#143">#</a>
						<span class="error">
              <code id="143">/usr/include/c++/5.3.0/x86_64-unknown-linux-gnu/bits/ctype_base.h:58:32: error: '_ISpunct' was not declared in this scope</code><br />
						</span>
            
            <a class="navhash" href="#144">#</a>
						
              <code id="144">     static const mask punct  = _ISpunct;</code><br />
						
            
            <a class="navhash" href="#145">#</a>
						
              <code id="145">                                ^</code><br />
						
            
            <a class="navhash" href="#146">#</a>
						<span class="error">
              <code id="146">/usr/include/c++/5.3.0/x86_64-unknown-linux-gnu/bits/ctype_base.h:59:32: error: '_ISalpha' was not declared in this scope</code><br />
						</span>
            
            <a class="navhash" href="#147">#</a>
						
              <code id="147">     static const mask alnum  = _ISalpha | _ISdigit;</code><br />
						
            
            <a class="navhash" href="#148">#</a>
						
              <code id="148">                                ^</code><br />
						
            
            <a class="navhash" href="#149">#</a>
						<span class="error">
              <code id="149">/usr/include/c++/5.3.0/x86_64-unknown-linux-gnu/bits/ctype_base.h:59:43: error: '_ISdigit' was not declared in this scope</code><br />
						</span>
            
            <a class="navhash" href="#150">#</a>
						
              <code id="150">     static const mask alnum  = _ISalpha | _ISdigit;</code><br />
						
            
            <a class="navhash" href="#151">#</a>
						
              <code id="151">                                           ^</code><br />
						
            
            <a class="navhash" href="#152">#</a>
						
              <code id="152">In file included from /usr/include/c++/5.3.0/bits/basic_ios.h:37:0,</code><br />
						
            
            <a class="navhash" href="#153">#</a>
						
              <code id="153">                 from /usr/include/c++/5.3.0/ios:44,</code><br />
						
            
            <a class="navhash" href="#154">#</a>
						
              <code id="154">                 from /usr/include/c++/5.3.0/ostream:38,</code><br />
						
            
            <a class="navhash" href="#155">#</a>
						
              <code id="155">                 from /usr/include/c++/5.3.0/iterator:64,</code><br />
						
            
            <a class="navhash" href="#156">#</a>
						
              <code id="156">                 from ../../include/tbb/concurrent_hash_map.h:32,</code><br />
						
            
            <a class="navhash" href="#157">#</a>
						
              <code id="157">                 from ../../src/tbb/concurrent_hash_map.cpp:21:</code><br />
						
            
            <a class="navhash" href="#158">#</a>
						<span class="error">
              <code id="158">/usr/include/c++/5.3.0/bits/locale_facets.h:74:12: error: '__c_locale' does not name a type</code><br />
						</span>
            
            <a class="navhash" href="#159">#</a>
						
              <code id="159">      const __c_locale&) throw();</code><br />
						
            
            <a class="navhash" href="#160">#</a>
						
              <code id="160">            ^</code><br />
						
            
            <a class="navhash" href="#161">#</a>
						<span class="error">
              <code id="161">/usr/include/c++/5.3.0/bits/locale_facets.h:80:12: error: '__c_locale' does not name a type</code><br />
						</span>
            
            <a class="navhash" href="#162">#</a>
						
              <code id="162">      const __c_locale&) throw();</code><br />
						
            
            <a class="navhash" href="#163">#</a>
						
              <code id="163">            ^</code><br />
						
            
            <a class="navhash" href="#164">#</a>
						<span class="error">
              <code id="164">/usr/include/c++/5.3.0/bits/locale_facets.h:85:12: error: '__c_locale' does not name a type</code><br />
						</span>
            
            <a class="navhash" href="#165">#</a>
						
              <code id="165">      const __c_locale&) throw();</code><br />
						
            
            <a class="navhash" href="#166">#</a>
						
              <code id="166">            ^</code><br />
						
            
            <a class="navhash" href="#167">#</a>
						<span class="error">
              <code id="167">/usr/include/c++/5.3.0/bits/locale_facets.h:90:12: error: '__c_locale' does not name a type</code><br />
						</span>
            
            <a class="navhash" href="#168">#</a>
						
              <code id="168">      const __c_locale&) throw();</code><br />
						
            
            <a class="navhash" href="#169">#</a>
						
              <code id="169">            ^</code><br />
						
            
            <a class="navhash" href="#170">#</a>
						<span class="error">
              <code id="170">/usr/include/c++/5.3.0/bits/locale_facets.h:690:7: error: '__c_locale' does not name a type</code><br />
						</span>
            
            <a class="navhash" href="#171">#</a>
						
              <code id="171">       __c_locale  _M_c_locale_ctype;</code><br />
						
            
            <a class="navhash" href="#172">#</a>
						
              <code id="172">       ^</code><br />
						
            
            <a class="navhash" href="#173">#</a>
						<span class="error">
              <code id="173">/usr/include/c++/5.3.0/bits/locale_facets.h:731:24: error: expected ')' before '__cloc'</code><br />
						</span>
            
            <a class="navhash" href="#174">#</a>
						
              <code id="174">       ctype(__c_locale __cloc, const mask* __table = 0, bool __del = false,</code><br />
						
            
            <a class="navhash" href="#175">#</a>
						
              <code id="175">                        ^</code><br />
						
            
            <a class="navhash" href="#176">#</a>
						<span class="error">
              <code id="176">/usr/include/c++/5.3.0/bits/locale_facets.h:1191:7: error: '__c_locale' does not name a type</code><br />
						</span>
            
            <a class="navhash" href="#177">#</a>
						
              <code id="177">       __c_locale  _M_c_locale_ctype;</code><br />
						
            
            <a class="navhash" href="#178">#</a>
						
              <code id="178">       ^</code><br />
						
            
            <a class="navhash" href="#179">#</a>
						<span class="error">
              <code id="179">/usr/include/c++/5.3.0/bits/locale_facets.h:1226:24: error: expected ')' before '__cloc'</code><br />
						</span>
            
            <a class="navhash" href="#180">#</a>
						
              <code id="180">       ctype(__c_locale __cloc, size_t __refs = 0);</code><br />
						
            
            <a class="navhash" href="#181">#</a>
						
              <code id="181">                        ^</code><br />
						
            
            <a class="navhash" href="#182">#</a>
						
              <code id="182">In file included from /usr/include/c++/5.3.0/bits/basic_ios.h:37:0,</code><br />
						
            
            <a class="navhash" href="#183">#</a>
						
              <code id="183">                 from /usr/include/c++/5.3.0/ios:44,</code><br />
						
            
            <a class="navhash" href="#184">#</a>
						
              <code id="184">                 from /usr/include/c++/5.3.0/ostream:38,</code><br />
						
            
            <a class="navhash" href="#185">#</a>
						
              <code id="185">                 from /usr/include/c++/5.3.0/iterator:64,</code><br />
						
            
            <a class="navhash" href="#186">#</a>
						
              <code id="186">                 from ../../include/tbb/concurrent_hash_map.h:32,</code><br />
						
            
            <a class="navhash" href="#187">#</a>
						
              <code id="187">                 from ../../src/tbb/concurrent_hash_map.cpp:21:</code><br />
						
            
            <a class="navhash" href="#188">#</a>
						<span class="error">
              <code id="188">/usr/include/c++/5.3.0/bits/locale_facets.h:1718:27: error: expected ')' before '__cloc'</code><br />
						</span>
            
            <a class="navhash" href="#189">#</a>
						
              <code id="189">       numpunct(__c_locale __cloc, size_t __refs = 0)</code><br />
						
            
            <a class="navhash" href="#190">#</a>
						
              <code id="190">                           ^</code><br />
						
            
            <a class="navhash" href="#191">#</a>
						<span class="error">
              <code id="191">/usr/include/c++/5.3.0/bits/locale_facets.h:1875:30: error: '__c_locale' has not been declared</code><br />
						</span>
            
            <a class="navhash" href="#192">#</a>
						
              <code id="192">       _M_initialize_numpunct(__c_locale __cloc = 0);</code><br />
						
            
            <a class="navhash" href="#193">#</a>
						
              <code id="193">                              ^</code><br />
						
            
            <a class="navhash" href="#194">#</a>
						<span class="error">
              <code id="194">/usr/include/c++/5.3.0/bits/locale_facets.h:1886:44: error: variable or field '_M_initialize_numpunct' declared void</code><br />
						</span>
            
            <a class="navhash" href="#195">#</a>
						
              <code id="195">     numpunct<char>::_M_initialize_numpunct(__c_locale __cloc);</code><br />
						
            
            <a class="navhash" href="#196">#</a>
						
              <code id="196">                                            ^</code><br />
						
            
            <a class="navhash" href="#197">#</a>
						<span class="error">
              <code id="197">/usr/include/c++/5.3.0/bits/locale_facets.h:1886:44: error: '__c_locale' was not declared in this scope</code><br />
						</span>
            
            <a class="navhash" href="#198">#</a>
						<span class="error">
              <code id="198">/usr/include/c++/5.3.0/bits/locale_facets.h:1894:47: error: variable or field '_M_initialize_numpunct' declared void</code><br />
						</span>
            
            <a class="navhash" href="#199">#</a>
						
              <code id="199">     numpunct<wchar_t>::_M_initialize_numpunct(__c_locale __cloc);</code><br />
						
            
            <a class="navhash" href="#200">#</a>
						
              <code id="200">                                               ^</code><br />
						
            
            <a class="navhash" href="#201">#</a>
						<span class="error">
              <code id="201">/usr/include/c++/5.3.0/bits/locale_facets.h:1894:47: error: '__c_locale' was not declared in this scope</code><br />
						</span>
            
            <a class="navhash" href="#202">#</a>
						
              <code id="202">/usr/include/c++/5.3.0/bits/locale_facets.h: In constructor 'std::__cxx11::numpunct_byname<_CharT>::numpunct_byname(const char*, std::size_t)':</code><br />
						
            
            <a class="navhash" href="#203">#</a>
						<span class="error">
              <code id="203">/usr/include/c++/5.3.0/bits/locale_facets.h:1912:6: error: '__c_locale' was not declared in this scope</code><br />
						</span>
            
            <a class="navhash" href="#204">#</a>
						
              <code id="204">      __c_locale __tmp;</code><br />
						
            
            <a class="navhash" href="#205">#</a>
						
              <code id="205">      ^</code><br />
						
            
            <a class="navhash" href="#206">#</a>
						<span class="error">
              <code id="206">/usr/include/c++/5.3.0/bits/locale_facets.h:1913:31: error: '__tmp' was not declared in this scope</code><br />
						</span>
            
            <a class="navhash" href="#207">#</a>
						
              <code id="207">      this->_S_create_c_locale(__tmp, __s);</code><br />
						
            
            <a class="navhash" href="#208">#</a>
						
              <code id="208">                               ^</code><br />
						
            
            <a class="navhash" href="#209">#</a>
						
              <code id="209">In file included from /usr/include/c++/5.3.0/bits/locale_facets.h:2651:0,</code><br />
						
            
            <a class="navhash" href="#210">#</a>
						
              <code id="210">                 from /usr/include/c++/5.3.0/bits/basic_ios.h:37,</code><br />
						
            
            <a class="navhash" href="#211">#</a>
						
              <code id="211">                 from /usr/include/c++/5.3.0/ios:44,</code><br />
						
            
            <a class="navhash" href="#212">#</a>
						
              <code id="212">                 from /usr/include/c++/5.3.0/ostream:38,</code><br />
						
            
            <a class="navhash" href="#213">#</a>
						
              <code id="213">                 from /usr/include/c++/5.3.0/iterator:64,</code><br />
						
            
            <a class="navhash" href="#214">#</a>
						
              <code id="214">                 from ../../include/tbb/concurrent_hash_map.h:32,</code><br />
						
            
            <a class="navhash" href="#215">#</a>
						
              <code id="215">                 from ../../src/tbb/concurrent_hash_map.cpp:21:</code><br />
						
            
            <a class="navhash" href="#216">#</a>
						
              <code id="216">/usr/include/c++/5.3.0/bits/locale_facets.tcc: In member function 'virtual _InIter std::num_get<_CharT, _InIter>::do_get(std::num_get<_CharT, _InIter>::iter_type, std::num_get<_CharT, _InIter>::iter_type, std::ios_base&, std::ios_base::iostate&, float&) const':</code><br />
						
            
            <a class="navhash" href="#217">#</a>
						<span class="error">
              <code id="217">/usr/include/c++/5.3.0/bits/locale_facets.tcc:697:71: error: there are no arguments to '_S_get_c_locale' that depend on a template parameter, so a declaration of '_S_get_c_locale' must be available [-fpermissive]</code><br />
						</span>
            
            <a class="navhash" href="#218">#</a>
						
              <code id="218">       std::__convert_to_v(__xtrc.c_str(), __v, __err, _S_get_c_locale());</code><br />
						
            
            <a class="navhash" href="#219">#</a>
						
              <code id="219">                                                                       ^</code><br />
						
            
            <a class="navhash" href="#220">#</a>
						
              <code id="220">/usr/include/c++/5.3.0/bits/locale_facets.tcc: In member function 'virtual _InIter std::num_get<_CharT, _InIter>::do_get(std::num_get<_CharT, _InIter>::iter_type, std::num_get<_CharT, _InIter>::iter_type, std::ios_base&, std::ios_base::iostate&, double&) const':</code><br />
						
            
            <a class="navhash" href="#221">#</a>
						<span class="error">
              <code id="221">/usr/include/c++/5.3.0/bits/locale_facets.tcc:712:71: error: there are no arguments to '_S_get_c_locale' that depend on a template parameter, so a declaration of '_S_get_c_locale' must be available [-fpermissive]</code><br />
						</span>
            
            <a class="navhash" href="#222">#</a>
						
              <code id="222">       std::__convert_to_v(__xtrc.c_str(), __v, __err, _S_get_c_locale());</code><br />
						
            
            <a class="navhash" href="#223">#</a>
						
              <code id="223">                                                                       ^</code><br />
						
            
            <a class="navhash" href="#224">#</a>
						
              <code id="224">/usr/include/c++/5.3.0/bits/locale_facets.tcc: In member function 'virtual _InIter std::num_get<_CharT, _InIter>::do_get(std::num_get<_CharT, _InIter>::iter_type, std::num_get<_CharT, _InIter>::iter_type, std::ios_base&, std::ios_base::iostate&, long double&) const':</code><br />
						
            
            <a class="navhash" href="#225">#</a>
						<span class="error">
              <code id="225">/usr/include/c++/5.3.0/bits/locale_facets.tcc:744:71: error: there are no arguments to '_S_get_c_locale' that depend on a template parameter, so a declaration of '_S_get_c_locale' must be available [-fpermissive]</code><br />
						</span>
            
            <a class="navhash" href="#226">#</a>
						
              <code id="226">       std::__convert_to_v(__xtrc.c_str(), __v, __err, _S_get_c_locale());</code><br />
						
            
            <a class="navhash" href="#227">#</a>
						
              <code id="227">                                                                       ^</code><br />
						
            
            <a class="navhash" href="#228">#</a>
						
              <code id="228">/usr/include/c++/5.3.0/bits/locale_facets.tcc: In member function '_OutIter std::num_put<_CharT, _OutIter>::_M_insert_float(_OutIter, std::ios_base&, _CharT, char, _ValueT) const':</code><br />
						
            
            <a class="navhash" href="#229">#</a>
						<span class="error">
              <code id="229">/usr/include/c++/5.3.0/bits/locale_facets.tcc:1005:50: error: there are no arguments to '_S_get_c_locale' that depend on a template parameter, so a declaration of '_S_get_c_locale' must be available [-fpermissive]</code><br />
						</span>
            
            <a class="navhash" href="#230">#</a>
						
              <code id="230">    __len = std::__convert_from_v(_S_get_c_locale(), __cs, __cs_size,</code><br />
						
            
            <a class="navhash" href="#231">#</a>
						
              <code id="231">                                                  ^</code><br />
						
            
            <a class="navhash" href="#232">#</a>
						<span class="error">
              <code id="232">/usr/include/c++/5.3.0/bits/locale_facets.tcc:1008:50: error: there are no arguments to '_S_get_c_locale' that depend on a template parameter, so a declaration of '_S_get_c_locale' must be available [-fpermissive]</code><br />
						</span>
            
            <a class="navhash" href="#233">#</a>
						
              <code id="233">    __len = std::__convert_from_v(_S_get_c_locale(), __cs, __cs_size,</code><br />
						
            
            <a class="navhash" href="#234">#</a>
						
              <code id="234">                                                  ^</code><br />
						
            
            <a class="navhash" href="#235">#</a>
						<span class="error">
              <code id="235">/usr/include/c++/5.3.0/bits/locale_facets.tcc:1017:54: error: there are no arguments to '_S_get_c_locale' that depend on a template parameter, so a declaration of '_S_get_c_locale' must be available [-fpermissive]</code><br />
						</span>
            
            <a class="navhash" href="#236">#</a>
						
              <code id="236">        __len = std::__convert_from_v(_S_get_c_locale(), __cs, __cs_size,</code><br />
						
            
            <a class="navhash" href="#237">#</a>
						
              <code id="237">                                                      ^</code><br />
						
            
            <a class="navhash" href="#238">#</a>
						<span class="error">
              <code id="238">/usr/include/c++/5.3.0/bits/locale_facets.tcc:1020:54: error: there are no arguments to '_S_get_c_locale' that depend on a template parameter, so a declaration of '_S_get_c_locale' must be available [-fpermissive]</code><br />
						</span>
            
            <a class="navhash" href="#239">#</a>
						
              <code id="239">        __len = std::__convert_from_v(_S_get_c_locale(), __cs, __cs_size,</code><br />
						
            
            <a class="navhash" href="#240">#</a>
						
              <code id="240">                                                      ^</code><br />
						
            
            <a class="navhash" href="#241">#</a>
						
              <code id="241">In file included from /usr/include/c++/5.3.0/bits/ios_base.h:41:0,</code><br />
						
            
            <a class="navhash" href="#242">#</a>
						
              <code id="242">                 from /usr/include/c++/5.3.0/ios:42,</code><br />
						
            
            <a class="navhash" href="#243">#</a>
						
              <code id="243">                 from /usr/include/c++/5.3.0/ostream:38,</code><br />
						
            
            <a class="navhash" href="#244">#</a>
						
              <code id="244">                 from /usr/include/c++/5.3.0/iterator:64,</code><br />
						
            
            <a class="navhash" href="#245">#</a>
						
              <code id="245">                 from ../../include/tbb/internal/_concurrent_queue_impl.h:44,</code><br />
						
            
            <a class="navhash" href="#246">#</a>
						
              <code id="246">                 from ../../src/tbb/concurrent_queue.cpp:26:</code><br />
						
            
            <a class="navhash" href="#247">#</a>
						<span class="error">
              <code id="247">/usr/include/c++/5.3.0/bits/locale_classes.h:380:12: error: '__c_locale' does not name a type</code><br />
						</span>
            
            <a class="navhash" href="#248">#</a>
						
              <code id="248">     static __c_locale                   _S_c_locale;</code><br />
						
            
            <a class="navhash" href="#249">#</a>
						
              <code id="249">            ^</code><br />
						
            
            <a class="navhash" href="#250">#</a>
						<span class="error">
              <code id="250">/usr/include/c++/5.3.0/bits/locale_classes.h:411:24: error: '__c_locale' has not been declared</code><br />
						</span>
            
            <a class="navhash" href="#251">#</a>
						
              <code id="251">     _S_create_c_locale(__c_locale& __cloc, const char* __s,</code><br />
						
            
            <a class="navhash" href="#252">#</a>
						
              <code id="252">                        ^</code><br />
						
            
            <a class="navhash" href="#253">#</a>
						<span class="error">
              <code id="253">/usr/include/c++/5.3.0/bits/locale_classes.h:412:10: error: '__c_locale' has not been declared</code><br />
						</span>
            
            <a class="navhash" href="#254">#</a>
						
              <code id="254">          __c_locale __old = 0);</code><br />
						
            
            <a class="navhash" href="#255">#</a>
						
              <code id="255">          ^</code><br />
						
            
            <a class="navhash" href="#256">#</a>
						<span class="error">
              <code id="256">/usr/include/c++/5.3.0/bits/locale_classes.h:414:12: error: '__c_locale' does not name a type</code><br />
						</span>
            
            <a class="navhash" href="#257">#</a>
						
              <code id="257">     static __c_locale</code><br />
						
            
            <a class="navhash" href="#258">#</a>
						
              <code id="258">            ^</code><br />
						
            
            <a class="navhash" href="#259">#</a>
						<span class="error">
              <code id="259">/usr/include/c++/5.3.0/bits/locale_classes.h:418:25: error: '__c_locale' has not been declared</code><br />
						</span>
            
            <a class="navhash" href="#260">#</a>
						
              <code id="260">     _S_destroy_c_locale(__c_locale& __cloc);</code><br />
						
            
            <a class="navhash" href="#261">#</a>
						
              <code id="261">                         ^</code><br />
						
            
            <a class="navhash" href="#262">#</a>
						<span class="error">
              <code id="262">/usr/include/c++/5.3.0/bits/locale_classes.h:420:12: error: '__c_locale' does not name a type</code><br />
						</span>
            
            <a class="navhash" href="#263">#</a>
						
              <code id="263">     static __c_locale</code><br />
						
            
            <a class="navhash" href="#264">#</a>
						
              <code id="264">            ^</code><br />
						
            
            <a class="navhash" href="#265">#</a>
						<span class="error">
              <code id="265">/usr/include/c++/5.3.0/bits/locale_classes.h:425:12: error: '__c_locale' does not name a type</code><br />
						</span>
            
            <a class="navhash" href="#266">#</a>
						
              <code id="266">     static __c_locale</code><br />
						
            
            <a class="navhash" href="#267">#</a>
						
              <code id="267">            ^</code><br />
						
            
            <a class="navhash" href="#268">#</a>
						<span class="error">
              <code id="268">/usr/include/c++/5.3.0/bits/locale_classes.h:646:7: error: '__c_locale' does not name a type</code><br />
						</span>
            
            <a class="navhash" href="#269">#</a>
						
              <code id="269">       __c_locale   _M_c_locale_collate;</code><br />
						
            
            <a class="navhash" href="#270">#</a>
						
              <code id="270">       ^</code><br />
						
            
            <a class="navhash" href="#271">#</a>
						<span class="error">
              <code id="271">/usr/include/c++/5.3.0/bits/locale_classes.h:674:26: error: expected ')' before '__cloc'</code><br />
						</span>
            
            <a class="navhash" href="#272">#</a>
						
              <code id="272">       collate(__c_locale __cloc, size_t __refs = 0)</code><br />
						
            
            <a class="navhash" href="#273">#</a>
						
              <code id="273">                          ^</code><br />
						
            
            <a class="navhash" href="#274">#</a>
						
              <code id="274">/usr/include/c++/5.3.0/bits/locale_classes.h: In constructor 'std::__cxx11::collate<_CharT>::collate(std::size_t)':</code><br />
						
            
            <a class="navhash" href="#275">#</a>
						<span class="error">
              <code id="275">/usr/include/c++/5.3.0/bits/locale_classes.h:661:24: error: class 'std::__cxx11::collate<_CharT>' does not have any field named '_M_c_locale_collate'</code><br />
						</span>
            
            <a class="navhash" href="#276">#</a>
						
              <code id="276">       : facet(__refs), _M_c_locale_collate(_S_get_c_locale())</code><br />
						
            
            <a class="navhash" href="#277">#</a>
						
              <code id="277">                        ^</code><br />
						
            
            <a class="navhash" href="#278">#</a>
						<span class="error">
              <code id="278">/usr/include/c++/5.3.0/bits/locale_classes.h:661:60: error: there are no arguments to '_S_get_c_locale' that depend on a template parameter, so a declaration of '_S_get_c_locale' must be available [-fpermissive]</code><br />
						</span>
            
            <a class="navhash" href="#279">#</a>
						
              <code id="279">       : facet(__refs), _M_c_locale_collate(_S_get_c_locale())</code><br />
						
            
            <a class="navhash" href="#280">#</a>
						
              <code id="280">                                                            ^</code><br />
						
            
            <a class="navhash" href="#281">#</a>
						
              <code id="281">/usr/include/c++/5.3.0/bits/locale_classes.h:661:60: note: (if you use '-fpermissive', G++ will accept your code, but allowing the use of an undeclared name is deprecated)</code><br />
						
            
            <a class="navhash" href="#282">#</a>
						
              <code id="282">/usr/include/c++/5.3.0/bits/locale_classes.h: In destructor 'virtual std::__cxx11::collate<_CharT>::~collate()':</code><br />
						
            
            <a class="navhash" href="#283">#</a>
						<span class="error">
              <code id="283">/usr/include/c++/5.3.0/bits/locale_classes.h:738:29: error: '_M_c_locale_collate' was not declared in this scope</code><br />
						</span>
            
            <a class="navhash" href="#284">#</a>
						
              <code id="284">       { _S_destroy_c_locale(_M_c_locale_collate); }</code><br />
						
            
            <a class="navhash" href="#285">#</a>
						
              <code id="285">                             ^</code><br />
						
            
            <a class="navhash" href="#286">#</a>
						
              <code id="286">In file included from /usr/include/c++/5.3.0/bits/locale_facets.h:41:0,</code><br />
						
            
            <a class="navhash" href="#287">#</a>
						
              <code id="287">                 from /usr/include/c++/5.3.0/bits/basic_ios.h:37,</code><br />
						
            
            <a class="navhash" href="#288">#</a>
						
              <code id="288">                 from /usr/include/c++/5.3.0/ios:44,</code><br />
						
            
            <a class="navhash" href="#289">#</a>
						
              <code id="289">                 from /usr/include/c++/5.3.0/ostream:38,</code><br />
						
            
            <a class="navhash" href="#290">#</a>
						
              <code id="290">                 from /usr/include/c++/5.3.0/iterator:64,</code><br />
						
            
            <a class="navhash" href="#291">#</a>
						
              <code id="291">                 from ../../include/tbb/internal/_concurrent_queue_impl.h:44,</code><br />
						
            
            <a class="navhash" href="#292">#</a>
						
              <code id="292">                 from ../../src/tbb/concurrent_queue.cpp:26:</code><br />
						
            
            <a class="navhash" href="#293">#</a>
						
              <code id="293">/usr/include/c++/5.3.0/x86_64-unknown-linux-gnu/bits/ctype_base.h: At global scope:</code><br />
						
            
            <a class="navhash" href="#294">#</a>
						<span class="error">
              <code id="294">/usr/include/c++/5.3.0/x86_64-unknown-linux-gnu/bits/ctype_base.h:49:35: error: '_ISupper' was not declared in this scope</code><br />
						</span>
            
            <a class="navhash" href="#295">#</a>
						
              <code id="295">     static const mask upper     = _ISupper;</code><br />
						
            
            <a class="navhash" href="#296">#</a>
						
              <code id="296">                                   ^</code><br />
						
            
            <a class="navhash" href="#297">#</a>
						<span class="error">
              <code id="297">/usr/include/c++/5.3.0/x86_64-unknown-linux-gnu/bits/ctype_base.h:50:32: error: '_ISlower' was not declared in this scope</code><br />
						</span>
            
            <a class="navhash" href="#298">#</a>
						
              <code id="298">     static const mask lower  = _ISlower;</code><br />
						
            
            <a class="navhash" href="#299">#</a>
						
              <code id="299">                                ^</code><br />
						
            
            <a class="navhash" href="#300">#</a>
						<span class="error">
              <code id="300">/usr/include/c++/5.3.0/x86_64-unknown-linux-gnu/bits/ctype_base.h:51:32: error: '_ISalpha' was not declared in this scope</code><br />
						</span>
            
            <a class="navhash" href="#301">#</a>
						
              <code id="301">     static const mask alpha  = _ISalpha;</code><br />
						
            
            <a class="navhash" href="#302">#</a>
						
              <code id="302">                                ^</code><br />
						
            
            <a class="navhash" href="#303">#</a>
						<span class="error">
              <code id="303">/usr/include/c++/5.3.0/x86_64-unknown-linux-gnu/bits/ctype_base.h:52:32: error: '_ISdigit' was not declared in this scope</code><br />
						</span>
            
            <a class="navhash" href="#304">#</a>
						
              <code id="304">     static const mask digit  = _ISdigit;</code><br />
						
            
            <a class="navhash" href="#305">#</a>
						
              <code id="305">                                ^</code><br />
						
            
            <a class="navhash" href="#306">#</a>
						<span class="error">
              <code id="306">/usr/include/c++/5.3.0/x86_64-unknown-linux-gnu/bits/ctype_base.h:53:33: error: '_ISxdigit' was not declared in this scope</code><br />
						</span>
            
            <a class="navhash" href="#307">#</a>
						
              <code id="307">     static const mask xdigit  = _ISxdigit;</code><br />
						
            
            <a class="navhash" href="#308">#</a>
						
              <code id="308">                                 ^</code><br />
						
            
            <a class="navhash" href="#309">#</a>
						<span class="error">
              <code id="309">/usr/include/c++/5.3.0/x86_64-unknown-linux-gnu/bits/ctype_base.h:54:32: error: '_ISspace' was not declared in this scope</code><br />
						</span>
            
            <a class="navhash" href="#310">#</a>
						
              <code id="310">     static const mask space  = _ISspace;</code><br />
						
            
            <a class="navhash" href="#311">#</a>
						
              <code id="311">                                ^</code><br />
						
            
            <a class="navhash" href="#312">#</a>
						<span class="error">
              <code id="312">/usr/include/c++/5.3.0/x86_64-unknown-linux-gnu/bits/ctype_base.h:55:32: error: '_ISprint' was not declared in this scope</code><br />
						</span>
            
            <a class="navhash" href="#313">#</a>
						
              <code id="313">     static const mask print  = _ISprint;</code><br />
						
            
            <a class="navhash" href="#314">#</a>
						
              <code id="314">                                ^</code><br />
						
            
            <a class="navhash" href="#315">#</a>
						<span class="error">
              <code id="315">/usr/include/c++/5.3.0/x86_64-unknown-linux-gnu/bits/ctype_base.h:56:32: error: '_ISalpha' was not declared in this scope</code><br />
						</span>
            
            <a class="navhash" href="#316">#</a>
						
              <code id="316">     static const mask graph  = _ISalpha | _ISdigit | _ISpunct;</code><br />
						
            
            <a class="navhash" href="#317">#</a>
						
              <code id="317">                                ^</code><br />
						
            
            <a class="navhash" href="#318">#</a>
						<span class="error">
              <code id="318">/usr/include/c++/5.3.0/x86_64-unknown-linux-gnu/bits/ctype_base.h:56:43: error: '_ISdigit' was not declared in this scope</code><br />
						</span>
            
            <a class="navhash" href="#319">#</a>
						
              <code id="319">     static const mask graph  = _ISalpha | _ISdigit | _ISpunct;</code><br />
						
            
            <a class="navhash" href="#320">#</a>
						
              <code id="320">                                           ^</code><br />
						
            
            <a class="navhash" href="#321">#</a>
						<span class="error">
              <code id="321">/usr/include/c++/5.3.0/x86_64-unknown-linux-gnu/bits/ctype_base.h:56:54: error: '_ISpunct' was not declared in this scope</code><br />
						</span>
            
            <a class="navhash" href="#322">#</a>
						
              <code id="322">     static const mask graph  = _ISalpha | _ISdigit | _ISpunct;</code><br />
						
            
            <a class="navhash" href="#323">#</a>
						
              <code id="323">                                                      ^</code><br />
						
            
            <a class="navhash" href="#324">#</a>
						<span class="error">
              <code id="324">/usr/include/c++/5.3.0/x86_64-unknown-linux-gnu/bits/ctype_base.h:57:32: error: '_IScntrl' was not declared in this scope</code><br />
						</span>
            
            <a class="navhash" href="#325">#</a>
						
              <code id="325">     static const mask cntrl  = _IScntrl;</code><br />
						
            
            <a class="navhash" href="#326">#</a>
						
              <code id="326">                                ^</code><br />
						
            
            <a class="navhash" href="#327">#</a>
						<span class="error">
              <code id="327">/usr/include/c++/5.3.0/x86_64-unknown-linux-gnu/bits/ctype_base.h:58:32: error: '_ISpunct' was not declared in this scope</code><br />
						</span>
            
            <a class="navhash" href="#328">#</a>
						
              <code id="328">     static const mask punct  = _ISpunct;</code><br />
						
            
            <a class="navhash" href="#329">#</a>
						
              <code id="329">                                ^</code><br />
						
            
            <a class="navhash" href="#330">#</a>
						<span class="error">
              <code id="330">/usr/include/c++/5.3.0/x86_64-unknown-linux-gnu/bits/ctype_base.h:59:32: error: '_ISalpha' was not declared in this scope</code><br />
						</span>
            
            <a class="navhash" href="#331">#</a>
						
              <code id="331">     static const mask alnum  = _ISalpha | _ISdigit;</code><br />
						
            
            <a class="navhash" href="#332">#</a>
						
              <code id="332">                                ^</code><br />
						
            
            <a class="navhash" href="#333">#</a>
						<span class="error">
              <code id="333">/usr/include/c++/5.3.0/x86_64-unknown-linux-gnu/bits/ctype_base.h:59:43: error: '_ISdigit' was not declared in this scope</code><br />
						</span>
            
            <a class="navhash" href="#334">#</a>
						
              <code id="334">     static const mask alnum  = _ISalpha | _ISdigit;</code><br />
						
            
            <a class="navhash" href="#335">#</a>
						
              <code id="335">                                           ^</code><br />
						
            
            <a class="navhash" href="#336">#</a>
						
              <code id="336">In file included from /usr/include/c++/5.3.0/bits/basic_ios.h:37:0,</code><br />
						
            
            <a class="navhash" href="#337">#</a>
						
              <code id="337">                 from /usr/include/c++/5.3.0/ios:44,</code><br />
						
            
            <a class="navhash" href="#338">#</a>
						
              <code id="338">                 from /usr/include/c++/5.3.0/ostream:38,</code><br />
						
            
            <a class="navhash" href="#339">#</a>
						
              <code id="339">                 from /usr/include/c++/5.3.0/iterator:64,</code><br />
						
            
            <a class="navhash" href="#340">#</a>
						
              <code id="340">                 from ../../include/tbb/internal/_concurrent_queue_impl.h:44,</code><br />
						
            
            <a class="navhash" href="#341">#</a>
						
              <code id="341">                 from ../../src/tbb/concurrent_queue.cpp:26:</code><br />
						
            
            <a class="navhash" href="#342">#</a>
						<span class="error">
              <code id="342">/usr/include/c++/5.3.0/bits/locale_facets.h:74:12: error: '__c_locale' does not name a type</code><br />
						</span>
            
            <a class="navhash" href="#343">#</a>
						
              <code id="343">      const __c_locale&) throw();</code><br />
						
            
            <a class="navhash" href="#344">#</a>
						
              <code id="344">            ^</code><br />
						
            
            <a class="navhash" href="#345">#</a>
						<span class="error">
              <code id="345">/usr/include/c++/5.3.0/bits/locale_facets.h:80:12: error: '__c_locale' does not name a type</code><br />
						</span>
            
            <a class="navhash" href="#346">#</a>
						
              <code id="346">      const __c_locale&) throw();</code><br />
						
            
            <a class="navhash" href="#347">#</a>
						
              <code id="347">            ^</code><br />
						
            
            <a class="navhash" href="#348">#</a>
						<span class="error">
              <code id="348">/usr/include/c++/5.3.0/bits/locale_facets.h:85:12: error: '__c_locale' does not name a type</code><br />
						</span>
            
            <a class="navhash" href="#349">#</a>
						
              <code id="349">      const __c_locale&) throw();</code><br />
						
            
            <a class="navhash" href="#350">#</a>
						
              <code id="350">            ^</code><br />
						
            
            <a class="navhash" href="#351">#</a>
						<span class="error">
              <code id="351">/usr/include/c++/5.3.0/bits/locale_facets.h:90:12: error: '__c_locale' does not name a type</code><br />
						</span>
            
            <a class="navhash" href="#352">#</a>
						
              <code id="352">      const __c_locale&) throw();</code><br />
						
            
            <a class="navhash" href="#353">#</a>
						
              <code id="353">            ^</code><br />
						
            
            <a class="navhash" href="#354">#</a>
						<span class="error">
              <code id="354">/usr/include/c++/5.3.0/bits/locale_facets.h:690:7: error: '__c_locale' does not name a type</code><br />
						</span>
            
            <a class="navhash" href="#355">#</a>
						
              <code id="355">       __c_locale  _M_c_locale_ctype;</code><br />
						
            
            <a class="navhash" href="#356">#</a>
						
              <code id="356">       ^</code><br />
						
            
            <a class="navhash" href="#357">#</a>
						<span class="error">
              <code id="357">/usr/include/c++/5.3.0/bits/locale_facets.h:731:24: error: expected ')' before '__cloc'</code><br />
						</span>
            
            <a class="navhash" href="#358">#</a>
						
              <code id="358">       ctype(__c_locale __cloc, const mask* __table = 0, bool __del = false,</code><br />
						
            
            <a class="navhash" href="#359">#</a>
						
              <code id="359">                        ^</code><br />
						
            
            <a class="navhash" href="#360">#</a>
						<span class="error">
              <code id="360">/usr/include/c++/5.3.0/bits/locale_facets.h:1191:7: error: '__c_locale' does not name a type</code><br />
						</span>
            
            <a class="navhash" href="#361">#</a>
						
              <code id="361">       __c_locale  _M_c_locale_ctype;</code><br />
						
            
            <a class="navhash" href="#362">#</a>
						
              <code id="362">       ^</code><br />
						
            
            <a class="navhash" href="#363">#</a>
						<span class="error">
              <code id="363">/usr/include/c++/5.3.0/bits/locale_facets.h:1226:24: error: expected ')' before '__cloc'</code><br />
						</span>
            
            <a class="navhash" href="#364">#</a>
						
              <code id="364">       ctype(__c_locale __cloc, size_t __refs = 0);</code><br />
						
            
            <a class="navhash" href="#365">#</a>
						
              <code id="365">                        ^</code><br />
						
            
            <a class="navhash" href="#366">#</a>
						
              <code id="366">In file included from /usr/include/c++/5.3.0/bits/basic_ios.h:37:0,</code><br />
						
            
            <a class="navhash" href="#367">#</a>
						
              <code id="367">                 from /usr/include/c++/5.3.0/ios:44,</code><br />
						
            
            <a class="navhash" href="#368">#</a>
						
              <code id="368">                 from /usr/include/c++/5.3.0/ostream:38,</code><br />
						
            
            <a class="navhash" href="#369">#</a>
						
              <code id="369">                 from /usr/include/c++/5.3.0/iterator:64,</code><br />
						
            
            <a class="navhash" href="#370">#</a>
						
              <code id="370">                 from ../../include/tbb/internal/_concurrent_queue_impl.h:44,</code><br />
						
            
            <a class="navhash" href="#371">#</a>
						
              <code id="371">                 from ../../src/tbb/concurrent_queue.cpp:26:</code><br />
						
            
            <a class="navhash" href="#372">#</a>
						<span class="error">
              <code id="372">/usr/include/c++/5.3.0/bits/locale_facets.h:1718:27: error: expected ')' before '__cloc'</code><br />
						</span>
            
            <a class="navhash" href="#373">#</a>
						
              <code id="373">       numpunct(__c_locale __cloc, size_t __refs = 0)</code><br />
						
            
            <a class="navhash" href="#374">#</a>
						
              <code id="374">                           ^</code><br />
						
            
            <a class="navhash" href="#375">#</a>
						<span class="error">
              <code id="375">/usr/include/c++/5.3.0/bits/locale_facets.h:1875:30: error: '__c_locale' has not been declared</code><br />
						</span>
            
            <a class="navhash" href="#376">#</a>
						
              <code id="376">       _M_initialize_numpunct(__c_locale __cloc = 0);</code><br />
						
            
            <a class="navhash" href="#377">#</a>
						
              <code id="377">                              ^</code><br />
						
            
            <a class="navhash" href="#378">#</a>
						<span class="error">
              <code id="378">/usr/include/c++/5.3.0/bits/locale_facets.h:1886:44: error: variable or field '_M_initialize_numpunct' declared void</code><br />
						</span>
            
            <a class="navhash" href="#379">#</a>
						
              <code id="379">     numpunct<char>::_M_initialize_numpunct(__c_locale __cloc);</code><br />
						
            
            <a class="navhash" href="#380">#</a>
						
              <code id="380">                                            ^</code><br />
						
            
            <a class="navhash" href="#381">#</a>
						<span class="error">
              <code id="381">/usr/include/c++/5.3.0/bits/locale_facets.h:1886:44: error: '__c_locale' was not declared in this scope</code><br />
						</span>
            
            <a class="navhash" href="#382">#</a>
						<span class="error">
              <code id="382">/usr/include/c++/5.3.0/bits/locale_facets.h:1894:47: error: variable or field '_M_initialize_numpunct' declared void</code><br />
						</span>
            
            <a class="navhash" href="#383">#</a>
						
              <code id="383">     numpunct<wchar_t>::_M_initialize_numpunct(__c_locale __cloc);</code><br />
						
            
            <a class="navhash" href="#384">#</a>
						
              <code id="384">                                               ^</code><br />
						
            
            <a class="navhash" href="#385">#</a>
						<span class="error">
              <code id="385">/usr/include/c++/5.3.0/bits/locale_facets.h:1894:47: error: '__c_locale' was not declared in this scope</code><br />
						</span>
            
            <a class="navhash" href="#386">#</a>
						
              <code id="386">/usr/include/c++/5.3.0/bits/locale_facets.h: In constructor 'std::__cxx11::numpunct_byname<_CharT>::numpunct_byname(const char*, std::size_t)':</code><br />
						
            
            <a class="navhash" href="#387">#</a>
						<span class="error">
              <code id="387">/usr/include/c++/5.3.0/bits/locale_facets.h:1912:6: error: '__c_locale' was not declared in this scope</code><br />
						</span>
            
            <a class="navhash" href="#388">#</a>
						
              <code id="388">      __c_locale __tmp;</code><br />
						
            
            <a class="navhash" href="#389">#</a>
						
              <code id="389">      ^</code><br />
						
            
            <a class="navhash" href="#390">#</a>
						<span class="error">
              <code id="390">/usr/include/c++/5.3.0/bits/locale_facets.h:1913:31: error: '__tmp' was not declared in this scope</code><br />
						</span>
            
            <a class="navhash" href="#391">#</a>
						
              <code id="391">      this->_S_create_c_locale(__tmp, __s);</code><br />
						
            
            <a class="navhash" href="#392">#</a>
						
              <code id="392">                               ^</code><br />
						
            
            <a class="navhash" href="#393">#</a>
						
              <code id="393">In file included from /usr/include/c++/5.3.0/bits/locale_facets.h:2651:0,</code><br />
						
            
            <a class="navhash" href="#394">#</a>
						
              <code id="394">                 from /usr/include/c++/5.3.0/bits/basic_ios.h:37,</code><br />
						
            
            <a class="navhash" href="#395">#</a>
						
              <code id="395">                 from /usr/include/c++/5.3.0/ios:44,</code><br />
						
            
            <a class="navhash" href="#396">#</a>
						
              <code id="396">                 from /usr/include/c++/5.3.0/ostream:38,</code><br />
						
            
            <a class="navhash" href="#397">#</a>
						
              <code id="397">                 from /usr/include/c++/5.3.0/iterator:64,</code><br />
						
            
            <a class="navhash" href="#398">#</a>
						
              <code id="398">                 from ../../include/tbb/internal/_concurrent_queue_impl.h:44,</code><br />
						
            
            <a class="navhash" href="#399">#</a>
						
              <code id="399">                 from ../../src/tbb/concurrent_queue.cpp:26:</code><br />
						
            
            <a class="navhash" href="#400">#</a>
						
              <code id="400">/usr/include/c++/5.3.0/bits/locale_facets.tcc: In member function 'virtual _InIter std::num_get<_CharT, _InIter>::do_get(std::num_get<_CharT, _InIter>::iter_type, std::num_get<_CharT, _InIter>::iter_type, std::ios_base&, std::ios_base::iostate&, float&) const':</code><br />
						
            
            <a class="navhash" href="#401">#</a>
						<span class="error">
              <code id="401">/usr/include/c++/5.3.0/bits/locale_facets.tcc:697:71: error: there are no arguments to '_S_get_c_locale' that depend on a template parameter, so a declaration of '_S_get_c_locale' must be available [-fpermissive]</code><br />
						</span>
            
            <a class="navhash" href="#402">#</a>
						
              <code id="402">       std::__convert_to_v(__xtrc.c_str(), __v, __err, _S_get_c_locale());</code><br />
						
            
            <a class="navhash" href="#403">#</a>
						
              <code id="403">                                                                       ^</code><br />
						
            
            <a class="navhash" href="#404">#</a>
						
              <code id="404">/usr/include/c++/5.3.0/bits/locale_facets.tcc: In member function 'virtual _InIter std::num_get<_CharT, _InIter>::do_get(std::num_get<_CharT, _InIter>::iter_type, std::num_get<_CharT, _InIter>::iter_type, std::ios_base&, std::ios_base::iostate&, double&) const':</code><br />
						
            
            <a class="navhash" href="#405">#</a>
						<span class="error">
              <code id="405">/usr/include/c++/5.3.0/bits/locale_facets.tcc:712:71: error: there are no arguments to '_S_get_c_locale' that depend on a template parameter, so a declaration of '_S_get_c_locale' must be available [-fpermissive]</code><br />
						</span>
            
            <a class="navhash" href="#406">#</a>
						
              <code id="406">       std::__convert_to_v(__xtrc.c_str(), __v, __err, _S_get_c_locale());</code><br />
						
            
            <a class="navhash" href="#407">#</a>
						
              <code id="407">                                                                       ^</code><br />
						
            
            <a class="navhash" href="#408">#</a>
						
              <code id="408">/usr/include/c++/5.3.0/bits/locale_facets.tcc: In member function 'virtual _InIter std::num_get<_CharT, _InIter>::do_get(std::num_get<_CharT, _InIter>::iter_type, std::num_get<_CharT, _InIter>::iter_type, std::ios_base&, std::ios_base::iostate&, long double&) const':</code><br />
						
            
            <a class="navhash" href="#409">#</a>
						<span class="error">
              <code id="409">/usr/include/c++/5.3.0/bits/locale_facets.tcc:744:71: error: there are no arguments to '_S_get_c_locale' that depend on a template parameter, so a declaration of '_S_get_c_locale' must be available [-fpermissive]</code><br />
						</span>
            
            <a class="navhash" href="#410">#</a>
						
              <code id="410">       std::__convert_to_v(__xtrc.c_str(), __v, __err, _S_get_c_locale());</code><br />
						
            
            <a class="navhash" href="#411">#</a>
						
              <code id="411">                                                                       ^</code><br />
						
            
            <a class="navhash" href="#412">#</a>
						
              <code id="412">/usr/include/c++/5.3.0/bits/locale_facets.tcc: In member function '_OutIter std::num_put<_CharT, _OutIter>::_M_insert_float(_OutIter, std::ios_base&, _CharT, char, _ValueT) const':</code><br />
						
            
            <a class="navhash" href="#413">#</a>
						<span class="error">
              <code id="413">/usr/include/c++/5.3.0/bits/locale_facets.tcc:1005:50: error: there are no arguments to '_S_get_c_locale' that depend on a template parameter, so a declaration of '_S_get_c_locale' must be available [-fpermissive]</code><br />
						</span>
            
            <a class="navhash" href="#414">#</a>
						
              <code id="414">    __len = std::__convert_from_v(_S_get_c_locale(), __cs, __cs_size,</code><br />
						
            
            <a class="navhash" href="#415">#</a>
						
              <code id="415">                                                  ^</code><br />
						
            
            <a class="navhash" href="#416">#</a>
						<span class="error">
              <code id="416">/usr/include/c++/5.3.0/bits/locale_facets.tcc:1008:50: error: there are no arguments to '_S_get_c_locale' that depend on a template parameter, so a declaration of '_S_get_c_locale' must be available [-fpermissive]</code><br />
						</span>
            
            <a class="navhash" href="#417">#</a>
						
              <code id="417">    __len = std::__convert_from_v(_S_get_c_locale(), __cs, __cs_size,</code><br />
						
            
            <a class="navhash" href="#418">#</a>
						
              <code id="418">                                                  ^</code><br />
						
            
            <a class="navhash" href="#419">#</a>
						<span class="error">
              <code id="419">/usr/include/c++/5.3.0/bits/locale_facets.tcc:1017:54: error: there are no arguments to '_S_get_c_locale' that depend on a template parameter, so a declaration of '_S_get_c_locale' must be available [-fpermissive]</code><br />
						</span>
            
            <a class="navhash" href="#420">#</a>
						
              <code id="420">        __len = std::__convert_from_v(_S_get_c_locale(), __cs, __cs_size,</code><br />
						
            
            <a class="navhash" href="#421">#</a>
						
              <code id="421">                                                      ^</code><br />
						
            
            <a class="navhash" href="#422">#</a>
						<span class="error">
              <code id="422">/usr/include/c++/5.3.0/bits/locale_facets.tcc:1020:54: error: there are no arguments to '_S_get_c_locale' that depend on a template parameter, so a declaration of '_S_get_c_locale' must be available [-fpermissive]</code><br />
						</span>
            
            <a class="navhash" href="#423">#</a>
						
              <code id="423">        __len = std::__convert_from_v(_S_get_c_locale(), __cs, __cs_size,</code><br />
						
            
            <a class="navhash" href="#424">#</a>
						
              <code id="424">                                                      ^</code><br />
						
            
            <a class="navhash" href="#425">#</a>
						
              <code id="425">../../build/common_rules.inc:77: recipe for target 'concurrent_hash_map.o' failed</code><br />
						
            
            <a class="navhash" href="#426">#</a>
						
              <code id="426">make[1]: *** [concurrent_hash_map.o] Error 1</code><br />
						
            
            <a class="navhash" href="#427">#</a>
						
              <code id="427">make[1]: *** Waiting for unfinished jobs....</code><br />
						
            
            <a class="navhash" href="#428">#</a>
						
              <code id="428">../../build/common_rules.inc:77: recipe for target 'concurrent_queue.o' failed</code><br />
						
            
            <a class="navhash" href="#429">#</a>
						
              <code id="429">make[1]: *** [concurrent_queue.o] Error 1</code><br />
						
            
            <a class="navhash" href="#430">#</a>
						
              <code id="430">make[1]: Leaving directory '/tmp/intel-tbb/src/tbb44_20160128oss/build/linux_intel64_gcc_cc_libc2.23_kernel4.5.4_debug'</code><br />
						
            
            <a class="navhash" href="#431">#</a>
						
              <code id="431">Makefile:32: recipe for target 'tbb' failed</code><br />
						
            
            <a class="navhash" href="#432">#</a>
						
              <code id="432">make: *** [tbb] Error 2</code><br />
						
            
            <a class="navhash" href="#433">#</a>
						
              <code id="433">==> ERROR: A failure occurred in build().</code><br />
						
            
            <a class="navhash" href="#434">#</a>
						
              <code id="434">    Aborting...</code><br />
						
            
          </div>
        
      </div>
      <br />
    
      <div class="block">
        <div class="info">
          <code>Printing config.logs</code>
        </div>
        
      </div>
      <br />
    
  </body>
</html>