<!DOCTYPE html>
<html>
<!-- Jinja template for reports of individual builds

  Copyright 2016 Kareem Khazem. All Rights Reserved.
  Licensed under the Apache License, Version 2.0 (the "License");
  you may not use this file except in compliance with the License.
  You may obtain a copy of the License at

 		 http://www.apache.org/licenses/LICENSE-2.0

  Unless required by applicable law or agreed to in writing, software
  distributed under the License is distributed on an "AS IS" BASIS,
  WITHOUT WARRANTIES OR CONDITIONS OF ANY KIND, either express or
  implied.
  See the License for the specific language governing permissions and
  limitations under the License.
-->
  <head>
    <meta charset="UTF-8">
    <title>musl/ocrad</title>
    <link href='https://fonts.googleapis.com/css?family=Roboto:400,900'
          rel='stylesheet' type='text/css'>
    <link
    href='https://fonts.googleapis.com/css?family=Source+Code+Pro:400,700'
          rel='stylesheet' type='text/css'>
    <link href="../style.css" type="text/css" rel="stylesheet">
  </head>
  <body>
    <h1>Build of ocrad
        with <a href="../index.html">musl</a>
        toolchain</h1>
    <p>The build took 00h 00m 54s and was
    NOT successful.</p>
    <p>
      The process tree of the build process is <a
      href="ocrad-tree.html">here</a>.
    </p>
    
    
    
    
    
    <h2>List of Errors</h2>
    <ul>
      
      <li>parse_error
        <ul>
          
          <li><a href="#61">/usr/include/stdlib.h:148:6: error: expected initializer before '__THROW'</a></li>
          
          <li><a href="#64">/usr/include/stdlib.h:151:6: error: expected initializer before '__THROW'</a></li>
          
          <li><a href="#73">/usr/include/stdlib.h:189:6: error: expected initializer before '__THROW'</a></li>
          
          <li><a href="#79">/usr/include/stdlib.h:376:41: error: expected initializer before '__THROW'</a></li>
          
          <li><a href="#85">/usr/include/stdlib.h:469:6: error: expected initializer before '__THROW'</a></li>
          
          <li><a href="#91">/usr/include/stdlib.h:483:32: error: expected initializer before '__THROW'</a></li>
          
          <li><a href="#97">/usr/include/stdlib.h:519:43: error: expected initializer before '__THROW'</a></li>
          
          <li><a href="#118">/usr/include/stdlib.h:765:30: error: expected initializer before '__nonnull'</a></li>
          
          <li><a href="#121">/usr/include/stdlib.h:774:26: error: expected initializer before '__THROW'</a></li>
          
          <li><a href="#124">/usr/include/stdlib.h:775:37: error: expected initializer before '__THROW'</a></li>
          
          <li><a href="#130">/usr/include/stdlib.h:791:6: error: expected initializer before '__THROW'</a></li>
          
          <li><a href="#136">/usr/include/stdlib.h:866:46: error: expected initializer before '__THROW'</a></li>
          
          <li><a href="#139">/usr/include/stdlib.h:869:48: error: expected initializer before '__THROW'</a></li>
          
          <li><a href="#142">/usr/include/stdlib.h:874:44: error: expected initializer before '__THROW'</a></li>
          
          <li><a href="#145">/usr/include/stdlib.h:878:6: error: expected initializer before '__THROW'</a></li>
          
        </ul>
      </li>
      
    </ul>
    
    <h2>Log</h2>
    
      <div class="block">
        <div class="info">
          <code>Removed vanilla repositories from pacman.conf and added:</code>
        </div>
        
          <div class="output">
            
            <a class="navhash" href="#1">#</a>
						
              <code id="1">[tuscan]</code><br />
						
            
            <a class="navhash" href="#2">#</a>
						
              <code id="2">Server = file:///var/cache/pacman/pkg/</code><br />
						
            
          </div>
        
      </div>
      <br />
    
      <div class="block">
        <div class="command">
          <code><span class="prompt">CMD: </span>pacman -Syy --noconfirm</code>
        </div>
        
          <div class="output">
            
            <a class="navhash" href="#3">#</a>
						
              <code id="3">:: Synchronizing package databases...</code><br />
						
            
            <a class="navhash" href="#4">#</a>
						
              <code id="4">downloading tuscan.db...</code><br />
						
            
          </div>
        
      </div>
      <br />
    
      <div class="block">
        <div class="info">
          <code>Copying directory '/toolchain_root/lib' to '/sysroot/lib'</code>
        </div>
        
      </div>
      <br />
    
      <div class="block">
        <div class="info">
          <code>Copying directory '/toolchain_root/share' to '/sysroot/share'</code>
        </div>
        
      </div>
      <br />
    
      <div class="block">
        <div class="info">
          <code>Copying directory '/toolchain_root/bin' to '/sysroot/bin'</code>
        </div>
        
      </div>
      <br />
    
      <div class="block">
        <div class="info">
          <code>Copying directory '/toolchain_root/include' to '/sysroot/include'</code>
        </div>
        
      </div>
      <br />
    
      <div class="block">
        <div class="info">
          <code>Copying directory '/toolchain_root/libexec' to '/sysroot/libexec'</code>
        </div>
        
      </div>
      <br />
    
      <div class="block">
        <div class="command">
          <code><span class="prompt">CMD: </span>sudo -u tuscan PATH=/sysroot/bin:/usr/local/sbin:/usr/local/bin:/usr/sbin:/usr/bin:/sbin:/bin CC=clang CXX=clang++ SYSROOT=/sysroot/ LIBRARY_PATH=/sysroot/lib CXXFLAGS=-stdlib-libc++ CPATH=/sysroot/include red makepkg --noextract --syncdeps --skipinteg --skippgpcheck --skipchecksums --noconfirm --nocolor --log --noprogressbar --nocheck</code>
        </div>
        
          <div class="output">
            
            <a class="navhash" href="#5">#</a>
						
              <code id="5">==> Making package: ocrad 0.25-3 (Wed Aug 10 23:09:19 UTC 2016)</code><br />
						
            
            <a class="navhash" href="#6">#</a>
						
              <code id="6">==> Checking runtime dependencies...</code><br />
						
            
            <a class="navhash" href="#7">#</a>
						
              <code id="7">==> Checking buildtime dependencies...</code><br />
						
            
            <a class="navhash" href="#8">#</a>
						
              <code id="8">==> WARNING: Using existing $srcdir/ tree</code><br />
						
            
            <a class="navhash" href="#9">#</a>
						
              <code id="9">==> Starting build()...</code><br />
						
            
            <a class="navhash" href="#10">#</a>
						
              <code id="10">configure: WARNING: unrecognized option: '--host=x86_64-unknown-linux'</code><br />
						
            
            <a class="navhash" href="#11">#</a>
						
              <code id="11"></code><br />
						
            
            <a class="navhash" href="#12">#</a>
						
              <code id="12">creating config.status</code><br />
						
            
            <a class="navhash" href="#13">#</a>
						
              <code id="13">creating Makefile</code><br />
						
            
            <a class="navhash" href="#14">#</a>
						
              <code id="14">VPATH = .</code><br />
						
            
            <a class="navhash" href="#15">#</a>
						
              <code id="15">prefix = /usr</code><br />
						
            
            <a class="navhash" href="#16">#</a>
						
              <code id="16">exec_prefix = $(prefix)</code><br />
						
            
            <a class="navhash" href="#17">#</a>
						
              <code id="17">bindir = $(exec_prefix)/bin</code><br />
						
            
            <a class="navhash" href="#18">#</a>
						
              <code id="18">datarootdir = $(prefix)/share</code><br />
						
            
            <a class="navhash" href="#19">#</a>
						
              <code id="19">includedir = ${prefix}/include</code><br />
						
            
            <a class="navhash" href="#20">#</a>
						
              <code id="20">infodir = $(datarootdir)/info</code><br />
						
            
            <a class="navhash" href="#21">#</a>
						
              <code id="21">libdir = ${exec_prefix}/lib</code><br />
						
            
            <a class="navhash" href="#22">#</a>
						
              <code id="22">mandir = $(datarootdir)/man</code><br />
						
            
            <a class="navhash" href="#23">#</a>
						
              <code id="23">CXX = g++</code><br />
						
            
            <a class="navhash" href="#24">#</a>
						
              <code id="24">CPPFLAGS = </code><br />
						
            
            <a class="navhash" href="#25">#</a>
						
              <code id="25">CXXFLAGS = </code><br />
						
            
            <a class="navhash" href="#26">#</a>
						
              <code id="26">LDFLAGS = </code><br />
						
            
            <a class="navhash" href="#27">#</a>
						
              <code id="27">OK. Now you can run make.</code><br />
						
            
            <a class="navhash" href="#28">#</a>
						
              <code id="28">g++   -c -o common.o common.cc</code><br />
						
            
            <a class="navhash" href="#29">#</a>
						
              <code id="29">g++   -c -o segment.o segment.cc</code><br />
						
            
            <a class="navhash" href="#30">#</a>
						
              <code id="30">In file included from /usr/include/c++/6.1.1/x86_64-pc-linux-gnu/bits/c++config.h:495:0,</code><br />
						
            
            <a class="navhash" href="#31">#</a>
						
              <code id="31">                 from /usr/include/c++/6.1.1/utility:68,</code><br />
						
            
            <a class="navhash" href="#32">#</a>
						
              <code id="32">                 from /usr/include/c++/6.1.1/algorithm:60,</code><br />
						
            
            <a class="navhash" href="#33">#</a>
						
              <code id="33">                 from common.cc:18:</code><br />
						
            
            <a class="navhash" href="#34">#</a>
						
              <code id="34">/usr/include/c++/6.1.1/x86_64-pc-linux-gnu/bits/os_defines.h:44:19: error: missing binary operator before token "("</code><br />
						
            
            <a class="navhash" href="#35">#</a>
						
              <code id="35"> #if __GLIBC_PREREQ(2,15) && defined(_GNU_SOURCE)</code><br />
						
            
            <a class="navhash" href="#36">#</a>
						
              <code id="36">                   ^</code><br />
						
            
            <a class="navhash" href="#37">#</a>
						
              <code id="37">In file included from /usr/include/c++/6.1.1/x86_64-pc-linux-gnu/bits/c++config.h:495:0,</code><br />
						
            
            <a class="navhash" href="#38">#</a>
						
              <code id="38">                 from /usr/include/c++/6.1.1/climits:41,</code><br />
						
            
            <a class="navhash" href="#39">#</a>
						
              <code id="39">                 from segment.cc:18:</code><br />
						
            
            <a class="navhash" href="#40">#</a>
						
              <code id="40">/usr/include/c++/6.1.1/x86_64-pc-linux-gnu/bits/os_defines.h:44:19: error: missing binary operator before token "("</code><br />
						
            
            <a class="navhash" href="#41">#</a>
						
              <code id="41"> #if __GLIBC_PREREQ(2,15) && defined(_GNU_SOURCE)</code><br />
						
            
            <a class="navhash" href="#42">#</a>
						
              <code id="42">                   ^</code><br />
						
            
            <a class="navhash" href="#43">#</a>
						
              <code id="43">make: *** [Makefile:67: segment.o] Error 1</code><br />
						
            
            <a class="navhash" href="#44">#</a>
						
              <code id="44">make: *** Waiting for unfinished jobs....</code><br />
						
            
            <a class="navhash" href="#45">#</a>
						
              <code id="45">In file included from /usr/include/c++/6.1.1/cstdlib:75:0,</code><br />
						
            
            <a class="navhash" href="#46">#</a>
						
              <code id="46">                 from /usr/include/c++/6.1.1/bits/stl_algo.h:59,</code><br />
						
            
            <a class="navhash" href="#47">#</a>
						
              <code id="47">                 from /usr/include/c++/6.1.1/algorithm:62,</code><br />
						
            
            <a class="navhash" href="#48">#</a>
						
              <code id="48">                 from common.cc:18:</code><br />
						
            
            <a class="navhash" href="#49">#</a>
						
              <code id="49">/usr/include/stdlib.h:34:1: error: '__BEGIN_DECLS' does not name a type</code><br />
						
            
            <a class="navhash" href="#50">#</a>
						
              <code id="50"> __BEGIN_DECLS</code><br />
						
            
            <a class="navhash" href="#51">#</a>
						
              <code id="51"> ^~~~~~~~~~~~~</code><br />
						
            
            <a class="navhash" href="#52">#</a>
						
              <code id="52">/usr/include/stdlib.h:101:5: error: 'div_t' does not name a type</code><br />
						
            
            <a class="navhash" href="#53">#</a>
						
              <code id="53">   } div_t;</code><br />
						
            
            <a class="navhash" href="#54">#</a>
						
              <code id="54">     ^~~~~</code><br />
						
            
            <a class="navhash" href="#55">#</a>
						
              <code id="55">/usr/include/stdlib.h:112:1: error: '__END_NAMESPACE_STD' does not name a type</code><br />
						
            
            <a class="navhash" href="#56">#</a>
						
              <code id="56"> __END_NAMESPACE_STD</code><br />
						
            
            <a class="navhash" href="#57">#</a>
						
              <code id="57"> ^~~~~~~~~~~~~~~~~~~</code><br />
						
            
            <a class="navhash" href="#58">#</a>
						
              <code id="58">/usr/include/stdlib.h:142:1: error: '__BEGIN_NAMESPACE_STD' does not name a type</code><br />
						
            
            <a class="navhash" href="#59">#</a>
						
              <code id="59"> __BEGIN_NAMESPACE_STD</code><br />
						
            
            <a class="navhash" href="#60">#</a>
						
              <code id="60"> ^~~~~~~~~~~~~~~~~~~~~</code><br />
						
            
            <a class="navhash" href="#61">#</a>
						<span class="error">
              <code id="61">/usr/include/stdlib.h:148:6: error: expected initializer before '__THROW'</code><br />
						</span>
            
            <a class="navhash" href="#62">#</a>
						
              <code id="62">      __THROW __attribute_pure__ __nonnull ((1)) __wur;</code><br />
						
            
            <a class="navhash" href="#63">#</a>
						
              <code id="63">      ^~~~~~~</code><br />
						
            
            <a class="navhash" href="#64">#</a>
						<span class="error">
              <code id="64">/usr/include/stdlib.h:151:6: error: expected initializer before '__THROW'</code><br />
						</span>
            
            <a class="navhash" href="#65">#</a>
						
              <code id="65">      __THROW __attribute_pure__ __nonnull ((1)) __wur;</code><br />
						
            
            <a class="navhash" href="#66">#</a>
						
              <code id="66">      ^~~~~~~</code><br />
						
            
            <a class="navhash" href="#67">#</a>
						
              <code id="67">/usr/include/stdlib.h:152:1: error: '__END_NAMESPACE_STD' does not name a type</code><br />
						
            
            <a class="navhash" href="#68">#</a>
						
              <code id="68"> __END_NAMESPACE_STD</code><br />
						
            
            <a class="navhash" href="#69">#</a>
						
              <code id="69"> ^~~~~~~~~~~~~~~~~~~</code><br />
						
            
            <a class="navhash" href="#70">#</a>
						
              <code id="70">/usr/include/stdlib.h:167:1: error: '__END_NAMESPACE_STD' does not name a type</code><br />
						
            
            <a class="navhash" href="#71">#</a>
						
              <code id="71"> __END_NAMESPACE_STD</code><br />
						
            
            <a class="navhash" href="#72">#</a>
						
              <code id="72"> ^~~~~~~~~~~~~~~~~~~</code><br />
						
            
            <a class="navhash" href="#73">#</a>
						<span class="error">
              <code id="73">/usr/include/stdlib.h:189:6: error: expected initializer before '__THROW'</code><br />
						</span>
            
            <a class="navhash" href="#74">#</a>
						
              <code id="74">      __THROW __nonnull ((1));</code><br />
						
            
            <a class="navhash" href="#75">#</a>
						
              <code id="75">      ^~~~~~~</code><br />
						
            
            <a class="navhash" href="#76">#</a>
						
              <code id="76">/usr/include/stdlib.h:190:1: error: '__END_NAMESPACE_STD' does not name a type</code><br />
						
            
            <a class="navhash" href="#77">#</a>
						
              <code id="77"> __END_NAMESPACE_STD</code><br />
						
            
            <a class="navhash" href="#78">#</a>
						
              <code id="78"> ^~~~~~~~~~~~~~~~~~~</code><br />
						
            
            <a class="navhash" href="#79">#</a>
						<span class="error">
              <code id="79">/usr/include/stdlib.h:376:41: error: expected initializer before '__THROW'</code><br />
						</span>
            
            <a class="navhash" href="#80">#</a>
						
              <code id="80"> extern void srand (unsigned int __seed) __THROW;</code><br />
						
            
            <a class="navhash" href="#81">#</a>
						
              <code id="81">                                         ^~~~~~~</code><br />
						
            
            <a class="navhash" href="#82">#</a>
						
              <code id="82">/usr/include/stdlib.h:377:1: error: '__END_NAMESPACE_STD' does not name a type</code><br />
						
            
            <a class="navhash" href="#83">#</a>
						
              <code id="83"> __END_NAMESPACE_STD</code><br />
						
            
            <a class="navhash" href="#84">#</a>
						
              <code id="84"> ^~~~~~~~~~~~~~~~~~~</code><br />
						
            
            <a class="navhash" href="#85">#</a>
						<span class="error">
              <code id="85">/usr/include/stdlib.h:469:6: error: expected initializer before '__THROW'</code><br />
						</span>
            
            <a class="navhash" href="#86">#</a>
						
              <code id="86">      __THROW __attribute_malloc__ __wur;</code><br />
						
            
            <a class="navhash" href="#87">#</a>
						
              <code id="87">      ^~~~~~~</code><br />
						
            
            <a class="navhash" href="#88">#</a>
						
              <code id="88">/usr/include/stdlib.h:470:1: error: '__END_NAMESPACE_STD' does not name a type</code><br />
						
            
            <a class="navhash" href="#89">#</a>
						
              <code id="89"> __END_NAMESPACE_STD</code><br />
						
            
            <a class="navhash" href="#90">#</a>
						
              <code id="90"> ^~~~~~~~~~~~~~~~~~~</code><br />
						
            
            <a class="navhash" href="#91">#</a>
						<span class="error">
              <code id="91">/usr/include/stdlib.h:483:32: error: expected initializer before '__THROW'</code><br />
						</span>
            
            <a class="navhash" href="#92">#</a>
						
              <code id="92"> extern void free (void *__ptr) __THROW;</code><br />
						
            
            <a class="navhash" href="#93">#</a>
						
              <code id="93">                                ^~~~~~~</code><br />
						
            
            <a class="navhash" href="#94">#</a>
						
              <code id="94">/usr/include/stdlib.h:484:1: error: '__END_NAMESPACE_STD' does not name a type</code><br />
						
            
            <a class="navhash" href="#95">#</a>
						
              <code id="95"> __END_NAMESPACE_STD</code><br />
						
            
            <a class="navhash" href="#96">#</a>
						
              <code id="96"> ^~~~~~~~~~~~~~~~~~~</code><br />
						
            
            <a class="navhash" href="#97">#</a>
						<span class="error">
              <code id="97">/usr/include/stdlib.h:519:43: error: expected initializer before '__THROW'</code><br />
						</span>
            
            <a class="navhash" href="#98">#</a>
						
              <code id="98"> extern int atexit (void (*__func) (void)) __THROW __nonnull ((1));</code><br />
						
            
            <a class="navhash" href="#99">#</a>
						
              <code id="99">                                           ^~~~~~~</code><br />
						
            
            <a class="navhash" href="#100">#</a>
						
              <code id="100">/usr/include/stdlib.h:530:1: error: '__END_NAMESPACE_STD' does not name a type</code><br />
						
            
            <a class="navhash" href="#101">#</a>
						
              <code id="101"> __END_NAMESPACE_STD</code><br />
						
            
            <a class="navhash" href="#102">#</a>
						
              <code id="102"> ^~~~~~~~~~~~~~~~~~~</code><br />
						
            
            <a class="navhash" href="#103">#</a>
						
              <code id="103">/usr/include/stdlib.h:551:1: error: '__END_NAMESPACE_STD' does not name a type</code><br />
						
            
            <a class="navhash" href="#104">#</a>
						
              <code id="104"> __END_NAMESPACE_STD</code><br />
						
            
            <a class="navhash" href="#105">#</a>
						
              <code id="105"> ^~~~~~~~~~~~~~~~~~~</code><br />
						
            
            <a class="navhash" href="#106">#</a>
						
              <code id="106">/usr/include/stdlib.h:565:1: error: '__END_NAMESPACE_STD' does not name a type</code><br />
						
            
            <a class="navhash" href="#107">#</a>
						
              <code id="107"> __END_NAMESPACE_STD</code><br />
						
            
            <a class="navhash" href="#108">#</a>
						
              <code id="108"> ^~~~~~~~~~~~~~~~~~~</code><br />
						
            
            <a class="navhash" href="#109">#</a>
						
              <code id="109">/usr/include/stdlib.h:717:1: error: '__END_NAMESPACE_STD' does not name a type</code><br />
						
            
            <a class="navhash" href="#110">#</a>
						
              <code id="110"> __END_NAMESPACE_STD</code><br />
						
            
            <a class="navhash" href="#111">#</a>
						
              <code id="111"> ^~~~~~~~~~~~~~~~~~~</code><br />
						
            
            <a class="navhash" href="#112">#</a>
						
              <code id="112">/usr/include/stdlib.h:751:1: error: '__BEGIN_NAMESPACE_STD' does not name a type</code><br />
						
            
            <a class="navhash" href="#113">#</a>
						
              <code id="113"> __BEGIN_NAMESPACE_STD</code><br />
						
            
            <a class="navhash" href="#114">#</a>
						
              <code id="114"> ^~~~~~~~~~~~~~~~~~~~~</code><br />
						
            
            <a class="navhash" href="#115">#</a>
						
              <code id="115">/usr/include/stdlib.h:765:6: error: '__compar_fn_t' has not been declared</code><br />
						
            
            <a class="navhash" href="#116">#</a>
						
              <code id="116">      __compar_fn_t __compar) __nonnull ((1, 4));</code><br />
						
            
            <a class="navhash" href="#117">#</a>
						
              <code id="117">      ^~~~~~~~~~~~~</code><br />
						
            
            <a class="navhash" href="#118">#</a>
						<span class="error">
              <code id="118">/usr/include/stdlib.h:765:30: error: expected initializer before '__nonnull'</code><br />
						</span>
            
            <a class="navhash" href="#119">#</a>
						
              <code id="119">      __compar_fn_t __compar) __nonnull ((1, 4));</code><br />
						
            
            <a class="navhash" href="#120">#</a>
						
              <code id="120">                              ^~~~~~~~~</code><br />
						
            
            <a class="navhash" href="#121">#</a>
						<span class="error">
              <code id="121">/usr/include/stdlib.h:774:26: error: expected initializer before '__THROW'</code><br />
						</span>
            
            <a class="navhash" href="#122">#</a>
						
              <code id="122"> extern int abs (int __x) __THROW __attribute__ ((__const__)) __wur;</code><br />
						
            
            <a class="navhash" href="#123">#</a>
						
              <code id="123">                          ^~~~~~~</code><br />
						
            
            <a class="navhash" href="#124">#</a>
						<span class="error">
              <code id="124">/usr/include/stdlib.h:775:37: error: expected initializer before '__THROW'</code><br />
						</span>
            
            <a class="navhash" href="#125">#</a>
						
              <code id="125"> extern long int labs (long int __x) __THROW __attribute__ ((__const__)) __wur;</code><br />
						
            
            <a class="navhash" href="#126">#</a>
						
              <code id="126">                                     ^~~~~~~</code><br />
						
            
            <a class="navhash" href="#127">#</a>
						
              <code id="127">/usr/include/stdlib.h:776:1: error: '__END_NAMESPACE_STD' does not name a type</code><br />
						
            
            <a class="navhash" href="#128">#</a>
						
              <code id="128"> __END_NAMESPACE_STD</code><br />
						
            
            <a class="navhash" href="#129">#</a>
						
              <code id="129"> ^~~~~~~~~~~~~~~~~~~</code><br />
						
            
            <a class="navhash" href="#130">#</a>
						<span class="error">
              <code id="130">/usr/include/stdlib.h:791:6: error: expected initializer before '__THROW'</code><br />
						</span>
            
            <a class="navhash" href="#131">#</a>
						
              <code id="131">      __THROW __attribute__ ((__const__)) __wur;</code><br />
						
            
            <a class="navhash" href="#132">#</a>
						
              <code id="132">      ^~~~~~~</code><br />
						
            
            <a class="navhash" href="#133">#</a>
						
              <code id="133">/usr/include/stdlib.h:792:1: error: '__END_NAMESPACE_STD' does not name a type</code><br />
						
            
            <a class="navhash" href="#134">#</a>
						
              <code id="134"> __END_NAMESPACE_STD</code><br />
						
            
            <a class="navhash" href="#135">#</a>
						
              <code id="135"> ^~~~~~~~~~~~~~~~~~~</code><br />
						
            
            <a class="navhash" href="#136">#</a>
						<span class="error">
              <code id="136">/usr/include/stdlib.h:866:46: error: expected initializer before '__THROW'</code><br />
						</span>
            
            <a class="navhash" href="#137">#</a>
						
              <code id="137">      const char *__restrict __s, size_t __n) __THROW;</code><br />
						
            
            <a class="navhash" href="#138">#</a>
						
              <code id="138">                                              ^~~~~~~</code><br />
						
            
            <a class="navhash" href="#139">#</a>
						<span class="error">
              <code id="139">/usr/include/stdlib.h:869:48: error: expected initializer before '__THROW'</code><br />
						</span>
            
            <a class="navhash" href="#140">#</a>
						
              <code id="140"> extern int wctomb (char *__s, wchar_t __wchar) __THROW;</code><br />
						
            
            <a class="navhash" href="#141">#</a>
						
              <code id="141">                                                ^~~~~~~</code><br />
						
            
            <a class="navhash" href="#142">#</a>
						<span class="error">
              <code id="142">/usr/include/stdlib.h:874:44: error: expected initializer before '__THROW'</code><br />
						</span>
            
            <a class="navhash" href="#143">#</a>
						
              <code id="143">    const char *__restrict __s, size_t __n) __THROW;</code><br />
						
            
            <a class="navhash" href="#144">#</a>
						
              <code id="144">                                            ^~~~~~~</code><br />
						
            
            <a class="navhash" href="#145">#</a>
						<span class="error">
              <code id="145">/usr/include/stdlib.h:878:6: error: expected initializer before '__THROW'</code><br />
						</span>
            
            <a class="navhash" href="#146">#</a>
						
              <code id="146">      __THROW;</code><br />
						
            
            <a class="navhash" href="#147">#</a>
						
              <code id="147">      ^~~~~~~</code><br />
						
            
            <a class="navhash" href="#148">#</a>
						
              <code id="148">/usr/include/stdlib.h:879:1: error: '__END_NAMESPACE_STD' does not name a type</code><br />
						
            
            <a class="navhash" href="#149">#</a>
						
              <code id="149"> __END_NAMESPACE_STD</code><br />
						
            
            <a class="navhash" href="#150">#</a>
						
              <code id="150"> ^~~~~~~~~~~~~~~~~~~</code><br />
						
            
            <a class="navhash" href="#151">#</a>
						
              <code id="151">In file included from /usr/include/c++/6.1.1/algorithm:62:0,</code><br />
						
            
            <a class="navhash" href="#152">#</a>
						
              <code id="152">                 from common.cc:18:</code><br />
						
            
            <a class="navhash" href="#153">#</a>
						
              <code id="153">/usr/include/c++/6.1.1/bits/stl_algo.h: In function 'void std::random_shuffle(_RAIter, _RAIter)':</code><br />
						
            
            <a class="navhash" href="#154">#</a>
						
              <code id="154">/usr/include/c++/6.1.1/bits/stl_algo.h:4458:8: error: 'rand' is not a member of 'std'</code><br />
						
            
            <a class="navhash" href="#155">#</a>
						
              <code id="155">      + std::rand() % ((__i - __first) + 1);</code><br />
						
            
            <a class="navhash" href="#156">#</a>
						
              <code id="156">        ^~~</code><br />
						
            
            <a class="navhash" href="#157">#</a>
						
              <code id="157">In file included from /usr/include/c++/6.1.1/bits/localefwd.h:40:0,</code><br />
						
            
            <a class="navhash" href="#158">#</a>
						
              <code id="158">                 from /usr/include/c++/6.1.1/string:43,</code><br />
						
            
            <a class="navhash" href="#159">#</a>
						
              <code id="159">                 from common.cc:22:</code><br />
						
            
            <a class="navhash" href="#160">#</a>
						
              <code id="160">/usr/include/c++/6.1.1/x86_64-pc-linux-gnu/bits/c++locale.h: At global scope:</code><br />
						
            
            <a class="navhash" href="#161">#</a>
						
              <code id="161">/usr/include/c++/6.1.1/x86_64-pc-linux-gnu/bits/c++locale.h:62:11: error: '__locale_t' does not name a type</code><br />
						
            
            <a class="navhash" href="#162">#</a>
						
              <code id="162">   typedef __locale_t  __c_locale;</code><br />
						
            
            <a class="navhash" href="#163">#</a>
						
              <code id="163">           ^~~~~~~~~~</code><br />
						
            
            <a class="navhash" href="#164">#</a>
						
              <code id="164">/usr/include/c++/6.1.1/x86_64-pc-linux-gnu/bits/c++locale.h:69:26: error: '__c_locale' does not name a type</code><br />
						
            
            <a class="navhash" href="#165">#</a>
						
              <code id="165">   __convert_from_v(const __c_locale& __cloc __attribute__ ((__unused__)),</code><br />
						
            
            <a class="navhash" href="#166">#</a>
						
              <code id="166">                          ^~~~~~~~~~</code><br />
						
            
            <a class="navhash" href="#167">#</a>
						
              <code id="167">In file included from /usr/include/c++/6.1.1/string:52:0,</code><br />
						
            
            <a class="navhash" href="#168">#</a>
						
              <code id="168">                 from common.cc:22:</code><br />
						
            
            <a class="navhash" href="#169">#</a>
						
              <code id="169">/usr/include/c++/6.1.1/bits/basic_string.h: In function 'int std::__cxx11::stoi(const string&, std::size_t*, int)':</code><br />
						
            
            <a class="navhash" href="#170">#</a>
						
              <code id="170">/usr/include/c++/6.1.1/bits/basic_string.h:5413:42: error: 'strtol' is not a member of 'std'</code><br />
						
            
            <a class="navhash" href="#171">#</a>
						
              <code id="171">   { return __gnu_cxx::__stoa<long, int>(&std::strtol, "stoi", __str.c_str(),</code><br />
						
            
            <a class="navhash" href="#172">#</a>
						
              <code id="172">                                          ^~~</code><br />
						
            
            <a class="navhash" href="#173">#</a>
						
              <code id="173">/usr/include/c++/6.1.1/bits/basic_string.h: In function 'long int std::__cxx11::stol(const string&, std::size_t*, int)':</code><br />
						
            
            <a class="navhash" href="#174">#</a>
						
              <code id="174">/usr/include/c++/6.1.1/bits/basic_string.h:5418:31: error: 'strtol' is not a member of 'std'</code><br />
						
            
            <a class="navhash" href="#175">#</a>
						
              <code id="175">   { return __gnu_cxx::__stoa(&std::strtol, "stol", __str.c_str(),</code><br />
						
            
            <a class="navhash" href="#176">#</a>
						
              <code id="176">                               ^~~</code><br />
						
            
            <a class="navhash" href="#177">#</a>
						
              <code id="177">/usr/include/c++/6.1.1/bits/basic_string.h: In function 'long unsigned int std::__cxx11::stoul(const string&, std::size_t*, int)':</code><br />
						
            
            <a class="navhash" href="#178">#</a>
						
              <code id="178">/usr/include/c++/6.1.1/bits/basic_string.h:5423:31: error: 'strtoul' is not a member of 'std'</code><br />
						
            
            <a class="navhash" href="#179">#</a>
						
              <code id="179">   { return __gnu_cxx::__stoa(&std::strtoul, "stoul", __str.c_str(),</code><br />
						
            
            <a class="navhash" href="#180">#</a>
						
              <code id="180">                               ^~~</code><br />
						
            
            <a class="navhash" href="#181">#</a>
						
              <code id="181">/usr/include/c++/6.1.1/bits/basic_string.h: In function 'long long int std::__cxx11::stoll(const string&, std::size_t*, int)':</code><br />
						
            
            <a class="navhash" href="#182">#</a>
						
              <code id="182">/usr/include/c++/6.1.1/bits/basic_string.h:5428:31: error: 'strtoll' is not a member of 'std'</code><br />
						
            
            <a class="navhash" href="#183">#</a>
						
              <code id="183">   { return __gnu_cxx::__stoa(&std::strtoll, "stoll", __str.c_str(),</code><br />
						
            
            <a class="navhash" href="#184">#</a>
						
              <code id="184">                               ^~~</code><br />
						
            
            <a class="navhash" href="#185">#</a>
						
              <code id="185">/usr/include/c++/6.1.1/bits/basic_string.h: In function 'long long unsigned int std::__cxx11::stoull(const string&, std::size_t*, int)':</code><br />
						
            
            <a class="navhash" href="#186">#</a>
						
              <code id="186">/usr/include/c++/6.1.1/bits/basic_string.h:5433:31: error: 'strtoull' is not a member of 'std'</code><br />
						
            
            <a class="navhash" href="#187">#</a>
						
              <code id="187">   { return __gnu_cxx::__stoa(&std::strtoull, "stoull", __str.c_str(),</code><br />
						
            
            <a class="navhash" href="#188">#</a>
						
              <code id="188">                               ^~~</code><br />
						
            
            <a class="navhash" href="#189">#</a>
						
              <code id="189">/usr/include/c++/6.1.1/bits/basic_string.h: In function 'float std::__cxx11::stof(const string&, std::size_t*)':</code><br />
						
            
            <a class="navhash" href="#190">#</a>
						
              <code id="190">/usr/include/c++/6.1.1/bits/basic_string.h:5439:31: error: 'strtof' is not a member of 'std'</code><br />
						
            
            <a class="navhash" href="#191">#</a>
						
              <code id="191">   { return __gnu_cxx::__stoa(&std::strtof, "stof", __str.c_str(), __idx); }</code><br />
						
            
            <a class="navhash" href="#192">#</a>
						
              <code id="192">                               ^~~</code><br />
						
            
            <a class="navhash" href="#193">#</a>
						
              <code id="193">/usr/include/c++/6.1.1/bits/basic_string.h: In function 'double std::__cxx11::stod(const string&, std::size_t*)':</code><br />
						
            
            <a class="navhash" href="#194">#</a>
						
              <code id="194">/usr/include/c++/6.1.1/bits/basic_string.h:5443:31: error: 'strtod' is not a member of 'std'</code><br />
						
            
            <a class="navhash" href="#195">#</a>
						
              <code id="195">   { return __gnu_cxx::__stoa(&std::strtod, "stod", __str.c_str(), __idx); }</code><br />
						
            
            <a class="navhash" href="#196">#</a>
						
              <code id="196">                               ^~~</code><br />
						
            
            <a class="navhash" href="#197">#</a>
						
              <code id="197">/usr/include/c++/6.1.1/bits/basic_string.h: In function 'long double std::__cxx11::stold(const string&, std::size_t*)':</code><br />
						
            
            <a class="navhash" href="#198">#</a>
						
              <code id="198">/usr/include/c++/6.1.1/bits/basic_string.h:5447:31: error: 'strtold' is not a member of 'std'</code><br />
						
            
            <a class="navhash" href="#199">#</a>
						
              <code id="199">   { return __gnu_cxx::__stoa(&std::strtold, "stold", __str.c_str(), __idx); }</code><br />
						
            
            <a class="navhash" href="#200">#</a>
						
              <code id="200">                               ^~~</code><br />
						
            
            <a class="navhash" href="#201">#</a>
						
              <code id="201">common.cc: In function 'void Ocrad::internal_error(const char*)':</code><br />
						
            
            <a class="navhash" href="#202">#</a>
						
              <code id="202">common.cc:86:3: error: 'exit' is not a member of 'std'</code><br />
						
            
            <a class="navhash" href="#203">#</a>
						
              <code id="203">   std::exit( 3 );</code><br />
						
            
            <a class="navhash" href="#204">#</a>
						
              <code id="204">   ^~~</code><br />
						
            
            <a class="navhash" href="#205">#</a>
						
              <code id="205">common.cc: In function 'bool Ocrad::similar(int, int, int, int)':</code><br />
						
            
            <a class="navhash" href="#206">#</a>
						
              <code id="206">common.cc:93:20: error: 'abs' is not a member of 'std'</code><br />
						
            
            <a class="navhash" href="#207">#</a>
						
              <code id="207">   int difference = std::abs( a - b );</code><br />
						
            
            <a class="navhash" href="#208">#</a>
						
              <code id="208">                    ^~~</code><br />
						
            
            <a class="navhash" href="#209">#</a>
						
              <code id="209">common.cc:95:27: error: 'abs' is not a member of 'std'</code><br />
						
            
            <a class="navhash" href="#210">#</a>
						
              <code id="210">   int max_abs = std::max( std::abs( a ), std::abs( b ) );</code><br />
						
            
            <a class="navhash" href="#211">#</a>
						
              <code id="211">                           ^~~</code><br />
						
            
            <a class="navhash" href="#212">#</a>
						
              <code id="212">common.cc:95:42: error: 'abs' is not a member of 'std'</code><br />
						
            
            <a class="navhash" href="#213">#</a>
						
              <code id="213">   int max_abs = std::max( std::abs( a ), std::abs( b ) );</code><br />
						
            
            <a class="navhash" href="#214">#</a>
						
              <code id="214">                                          ^~~</code><br />
						
            
            <a class="navhash" href="#215">#</a>
						
              <code id="215">make: *** [Makefile:67: common.o] Error 1</code><br />
						
            
            <a class="navhash" href="#216">#</a>
						
              <code id="216">==> ERROR: A failure occurred in build().</code><br />
						
            
            <a class="navhash" href="#217">#</a>
						
              <code id="217">    Aborting...</code><br />
						
            
          </div>
        
      </div>
      <br />
    
      <div class="block">
        <div class="info">
          <code>Printing config.logs</code>
        </div>
        
      </div>
      <br />
    
  </body>
</html>