<!DOCTYPE html>
<html>
<!-- Jinja template for reports of individual builds

  Copyright 2016 Kareem Khazem. All Rights Reserved.
  Licensed under the Apache License, Version 2.0 (the "License");
  you may not use this file except in compliance with the License.
  You may obtain a copy of the License at

 		 http://www.apache.org/licenses/LICENSE-2.0

  Unless required by applicable law or agreed to in writing, software
  distributed under the License is distributed on an "AS IS" BASIS,
  WITHOUT WARRANTIES OR CONDITIONS OF ANY KIND, either express or
  implied.
  See the License for the specific language governing permissions and
  limitations under the License.
-->
  <head>
    <meta charset="UTF-8">
    <title>musl/png2ico</title>
    <link href='https://fonts.googleapis.com/css?family=Roboto:400,900'
          rel='stylesheet' type='text/css'>
    <link
    href='https://fonts.googleapis.com/css?family=Source+Code+Pro:400,700'
          rel='stylesheet' type='text/css'>
    <link href="../style.css" type="text/css" rel="stylesheet">
  </head>
  <body>
    <h1>Build of png2ico
        with <a href="../index.html">musl</a>
        toolchain</h1>
    <p>The build took 00h 01m 01s and was
    NOT successful.</p>
    <p>
      The process tree of the build process is <a
      href="png2ico-tree.html">here</a>.
    </p>
    
    
    
    
    
    <h2>List of Errors</h2>
    <ul>
      
      <li>parse_error
        <ul>
          
          <li><a href="#59">/usr/include/stdlib.h:148:6: error: expected initializer before '__THROW'</a></li>
          
          <li><a href="#62">/usr/include/stdlib.h:151:6: error: expected initializer before '__THROW'</a></li>
          
          <li><a href="#71">/usr/include/stdlib.h:189:6: error: expected initializer before '__THROW'</a></li>
          
          <li><a href="#83">/usr/include/stdlib.h:469:6: error: expected initializer before '__THROW'</a></li>
          
          <li><a href="#128">/usr/include/stdlib.h:791:6: error: expected initializer before '__THROW'</a></li>
          
          <li><a href="#143">/usr/include/stdlib.h:878:6: error: expected initializer before '__THROW'</a></li>
          
        </ul>
      </li>
      
    </ul>
    
    <h2>Log</h2>
    
      <div class="block">
        <div class="info">
          <code>Removed vanilla repositories from pacman.conf and added:</code>
        </div>
        
          <div class="output">
            
            <a class="navhash" href="#1">#</a>
						
              <code id="1">[tuscan]</code><br />
						
            
            <a class="navhash" href="#2">#</a>
						
              <code id="2">Server = file:///var/cache/pacman/pkg/</code><br />
						
            
          </div>
        
      </div>
      <br />
    
      <div class="block">
        <div class="command">
          <code><span class="prompt">CMD: </span>pacman -Syy --noconfirm</code>
        </div>
        
          <div class="output">
            
            <a class="navhash" href="#3">#</a>
						
              <code id="3">:: Synchronizing package databases...</code><br />
						
            
            <a class="navhash" href="#4">#</a>
						
              <code id="4">downloading tuscan.db...</code><br />
						
            
          </div>
        
      </div>
      <br />
    
      <div class="block">
        <div class="info">
          <code>Copying directory '/toolchain_root/lib' to '/sysroot/lib'</code>
        </div>
        
      </div>
      <br />
    
      <div class="block">
        <div class="info">
          <code>Copying directory '/toolchain_root/share' to '/sysroot/share'</code>
        </div>
        
      </div>
      <br />
    
      <div class="block">
        <div class="info">
          <code>Copying directory '/toolchain_root/bin' to '/sysroot/bin'</code>
        </div>
        
      </div>
      <br />
    
      <div class="block">
        <div class="info">
          <code>Copying directory '/toolchain_root/include' to '/sysroot/include'</code>
        </div>
        
      </div>
      <br />
    
      <div class="block">
        <div class="info">
          <code>Copying directory '/toolchain_root/libexec' to '/sysroot/libexec'</code>
        </div>
        
      </div>
      <br />
    
      <div class="block">
        <div class="command">
          <code><span class="prompt">CMD: </span>sudo -u tuscan PATH=/sysroot/bin:/usr/local/sbin:/usr/local/bin:/usr/sbin:/usr/bin:/sbin:/bin CC=clang CXX=clang++ SYSROOT=/sysroot/ LIBRARY_PATH=/sysroot/lib CXXFLAGS=-stdlib-libc++ CPATH=/sysroot/include red makepkg --noextract --syncdeps --skipinteg --skippgpcheck --skipchecksums --noconfirm --nocolor --log --noprogressbar --nocheck</code>
        </div>
        
          <div class="output">
            
            <a class="navhash" href="#5">#</a>
						
              <code id="5">==> Making package: png2ico 20021208-7 (Thu Aug 11 00:25:40 UTC 2016)</code><br />
						
            
            <a class="navhash" href="#6">#</a>
						
              <code id="6">==> Checking runtime dependencies...</code><br />
						
            
            <a class="navhash" href="#7">#</a>
						
              <code id="7">==> Checking buildtime dependencies...</code><br />
						
            
            <a class="navhash" href="#8">#</a>
						
              <code id="8">==> WARNING: Using existing $srcdir/ tree</code><br />
						
            
            <a class="navhash" href="#9">#</a>
						
              <code id="9">==> Starting build()...</code><br />
						
            
            <a class="navhash" href="#10">#</a>
						
              <code id="10">g++ -W -Wall -O2 -finline-functions -g -o png2ico png2ico.cpp -lpng -lz -lm</code><br />
						
            
            <a class="navhash" href="#11">#</a>
						
              <code id="11">In file included from /usr/include/c++/6.1.1/x86_64-pc-linux-gnu/bits/c++config.h:495:0,</code><br />
						
            
            <a class="navhash" href="#12">#</a>
						
              <code id="12">                 from /usr/include/c++/6.1.1/cstdio:41,</code><br />
						
            
            <a class="navhash" href="#13">#</a>
						
              <code id="13">                 from png2ico.cpp:36:</code><br />
						
            
            <a class="navhash" href="#14">#</a>
						
              <code id="14">/usr/include/c++/6.1.1/x86_64-pc-linux-gnu/bits/os_defines.h:44:19: error: missing binary operator before token "("</code><br />
						
            
            <a class="navhash" href="#15">#</a>
						
              <code id="15"> #if __GLIBC_PREREQ(2,15) && defined(_GNU_SOURCE)</code><br />
						
            
            <a class="navhash" href="#16">#</a>
						
              <code id="16">                   ^</code><br />
						
            
            <a class="navhash" href="#17">#</a>
						
              <code id="17">In file included from /usr/include/c++/6.1.1/ext/hash_map:60:0,</code><br />
						
            
            <a class="navhash" href="#18">#</a>
						
              <code id="18">                 from png2ico.cpp:41:</code><br />
						
            
            <a class="navhash" href="#19">#</a>
						
              <code id="19">/usr/include/c++/6.1.1/backward/backward_warning.h:32:2: warning: #warning This file includes at least one deprecated or antiquated header which may be removed without further notice at a future date. Please use a non-deprecated interface with equivalent functionality instead. For a listing of replacement headers and interfaces, consult the file backward_warning.h. To disable this warning use -Wno-deprecated. [-Wcpp]</code><br />
						
            
            <a class="navhash" href="#20">#</a>
						
              <code id="20"> #warning \</code><br />
						
            
            <a class="navhash" href="#21">#</a>
						
              <code id="21">  ^~~~~~~</code><br />
						
            
            <a class="navhash" href="#22">#</a>
						
              <code id="22">In file included from /usr/include/c++/6.1.1/bits/localefwd.h:40:0,</code><br />
						
            
            <a class="navhash" href="#23">#</a>
						
              <code id="23">                 from /usr/include/c++/6.1.1/ios:41,</code><br />
						
            
            <a class="navhash" href="#24">#</a>
						
              <code id="24">                 from /usr/include/c++/6.1.1/ostream:38,</code><br />
						
            
            <a class="navhash" href="#25">#</a>
						
              <code id="25">                 from /usr/include/c++/6.1.1/iterator:64,</code><br />
						
            
            <a class="navhash" href="#26">#</a>
						
              <code id="26">                 from /usr/include/c++/6.1.1/backward/hashtable.h:63,</code><br />
						
            
            <a class="navhash" href="#27">#</a>
						
              <code id="27">                 from /usr/include/c++/6.1.1/ext/hash_map:64,</code><br />
						
            
            <a class="navhash" href="#28">#</a>
						
              <code id="28">                 from png2ico.cpp:41:</code><br />
						
            
            <a class="navhash" href="#29">#</a>
						
              <code id="29">/usr/include/c++/6.1.1/x86_64-pc-linux-gnu/bits/c++locale.h:62:11: error: '__locale_t' does not name a type</code><br />
						
            
            <a class="navhash" href="#30">#</a>
						
              <code id="30">   typedef __locale_t  __c_locale;</code><br />
						
            
            <a class="navhash" href="#31">#</a>
						
              <code id="31">           ^~~~~~~~~~</code><br />
						
            
            <a class="navhash" href="#32">#</a>
						
              <code id="32">/usr/include/c++/6.1.1/x86_64-pc-linux-gnu/bits/c++locale.h:69:26: error: '__c_locale' does not name a type</code><br />
						
            
            <a class="navhash" href="#33">#</a>
						
              <code id="33">   __convert_from_v(const __c_locale& __cloc __attribute__ ((__unused__)),</code><br />
						
            
            <a class="navhash" href="#34">#</a>
						
              <code id="34">                          ^~~~~~~~~~</code><br />
						
            
            <a class="navhash" href="#35">#</a>
						
              <code id="35">In file included from /usr/include/c++/6.1.1/cstdlib:75:0,</code><br />
						
            
            <a class="navhash" href="#36">#</a>
						
              <code id="36">                 from /usr/include/c++/6.1.1/ext/string_conversions.h:41,</code><br />
						
            
            <a class="navhash" href="#37">#</a>
						
              <code id="37">                 from /usr/include/c++/6.1.1/bits/basic_string.h:5402,</code><br />
						
            
            <a class="navhash" href="#38">#</a>
						
              <code id="38">                 from /usr/include/c++/6.1.1/string:52,</code><br />
						
            
            <a class="navhash" href="#39">#</a>
						
              <code id="39">                 from /usr/include/c++/6.1.1/bits/locale_classes.h:40,</code><br />
						
            
            <a class="navhash" href="#40">#</a>
						
              <code id="40">                 from /usr/include/c++/6.1.1/bits/ios_base.h:41,</code><br />
						
            
            <a class="navhash" href="#41">#</a>
						
              <code id="41">                 from /usr/include/c++/6.1.1/ios:42,</code><br />
						
            
            <a class="navhash" href="#42">#</a>
						
              <code id="42">                 from /usr/include/c++/6.1.1/ostream:38,</code><br />
						
            
            <a class="navhash" href="#43">#</a>
						
              <code id="43">                 from /usr/include/c++/6.1.1/iterator:64,</code><br />
						
            
            <a class="navhash" href="#44">#</a>
						
              <code id="44">                 from /usr/include/c++/6.1.1/backward/hashtable.h:63,</code><br />
						
            
            <a class="navhash" href="#45">#</a>
						
              <code id="45">                 from /usr/include/c++/6.1.1/ext/hash_map:64,</code><br />
						
            
            <a class="navhash" href="#46">#</a>
						
              <code id="46">                 from png2ico.cpp:41:</code><br />
						
            
            <a class="navhash" href="#47">#</a>
						
              <code id="47">/usr/include/stdlib.h:34:1: error: '__BEGIN_DECLS' does not name a type</code><br />
						
            
            <a class="navhash" href="#48">#</a>
						
              <code id="48"> __BEGIN_DECLS</code><br />
						
            
            <a class="navhash" href="#49">#</a>
						
              <code id="49"> ^~~~~~~~~~~~~</code><br />
						
            
            <a class="navhash" href="#50">#</a>
						
              <code id="50">/usr/include/stdlib.h:101:5: error: 'div_t' does not name a type</code><br />
						
            
            <a class="navhash" href="#51">#</a>
						
              <code id="51">   } div_t;</code><br />
						
            
            <a class="navhash" href="#52">#</a>
						
              <code id="52">     ^~~~~</code><br />
						
            
            <a class="navhash" href="#53">#</a>
						
              <code id="53">/usr/include/stdlib.h:112:1: error: '__END_NAMESPACE_STD' does not name a type</code><br />
						
            
            <a class="navhash" href="#54">#</a>
						
              <code id="54"> __END_NAMESPACE_STD</code><br />
						
            
            <a class="navhash" href="#55">#</a>
						
              <code id="55"> ^~~~~~~~~~~~~~~~~~~</code><br />
						
            
            <a class="navhash" href="#56">#</a>
						
              <code id="56">/usr/include/stdlib.h:142:1: error: '__BEGIN_NAMESPACE_STD' does not name a type</code><br />
						
            
            <a class="navhash" href="#57">#</a>
						
              <code id="57"> __BEGIN_NAMESPACE_STD</code><br />
						
            
            <a class="navhash" href="#58">#</a>
						
              <code id="58"> ^~~~~~~~~~~~~~~~~~~~~</code><br />
						
            
            <a class="navhash" href="#59">#</a>
						<span class="error">
              <code id="59">/usr/include/stdlib.h:148:6: error: expected initializer before '__THROW'</code><br />
						</span>
            
            <a class="navhash" href="#60">#</a>
						
              <code id="60">      __THROW __attribute_pure__ __nonnull ((1)) __wur;</code><br />
						
            
            <a class="navhash" href="#61">#</a>
						
              <code id="61">      ^~~~~~~</code><br />
						
            
            <a class="navhash" href="#62">#</a>
						<span class="error">
              <code id="62">/usr/include/stdlib.h:151:6: error: expected initializer before '__THROW'</code><br />
						</span>
            
            <a class="navhash" href="#63">#</a>
						
              <code id="63">      __THROW __attribute_pure__ __nonnull ((1)) __wur;</code><br />
						
            
            <a class="navhash" href="#64">#</a>
						
              <code id="64">      ^~~~~~~</code><br />
						
            
            <a class="navhash" href="#65">#</a>
						
              <code id="65">/usr/include/stdlib.h:152:1: error: '__END_NAMESPACE_STD' does not name a type</code><br />
						
            
            <a class="navhash" href="#66">#</a>
						
              <code id="66"> __END_NAMESPACE_STD</code><br />
						
            
            <a class="navhash" href="#67">#</a>
						
              <code id="67"> ^~~~~~~~~~~~~~~~~~~</code><br />
						
            
            <a class="navhash" href="#68">#</a>
						
              <code id="68">/usr/include/stdlib.h:167:1: error: '__END_NAMESPACE_STD' does not name a type</code><br />
						
            
            <a class="navhash" href="#69">#</a>
						
              <code id="69"> __END_NAMESPACE_STD</code><br />
						
            
            <a class="navhash" href="#70">#</a>
						
              <code id="70"> ^~~~~~~~~~~~~~~~~~~</code><br />
						
            
            <a class="navhash" href="#71">#</a>
						<span class="error">
              <code id="71">/usr/include/stdlib.h:189:6: error: expected initializer before '__THROW'</code><br />
						</span>
            
            <a class="navhash" href="#72">#</a>
						
              <code id="72">      __THROW __nonnull ((1));</code><br />
						
            
            <a class="navhash" href="#73">#</a>
						
              <code id="73">      ^~~~~~~</code><br />
						
            
            <a class="navhash" href="#74">#</a>
						
              <code id="74">/usr/include/stdlib.h:190:1: error: '__END_NAMESPACE_STD' does not name a type</code><br />
						
            
            <a class="navhash" href="#75">#</a>
						
              <code id="75"> __END_NAMESPACE_STD</code><br />
						
            
            <a class="navhash" href="#76">#</a>
						
              <code id="76"> ^~~~~~~~~~~~~~~~~~~</code><br />
						
            
            <a class="navhash" href="#77">#</a>
						
              <code id="77">/usr/include/stdlib.h:376:41: error: expected initializer before '__THROW'</code><br />
						
            
            <a class="navhash" href="#78">#</a>
						
              <code id="78"> extern void srand (unsigned int __seed) __THROW;</code><br />
						
            
            <a class="navhash" href="#79">#</a>
						
              <code id="79">                                         ^~~~~~~</code><br />
						
            
            <a class="navhash" href="#80">#</a>
						
              <code id="80">/usr/include/stdlib.h:377:1: error: '__END_NAMESPACE_STD' does not name a type</code><br />
						
            
            <a class="navhash" href="#81">#</a>
						
              <code id="81"> __END_NAMESPACE_STD</code><br />
						
            
            <a class="navhash" href="#82">#</a>
						
              <code id="82"> ^~~~~~~~~~~~~~~~~~~</code><br />
						
            
            <a class="navhash" href="#83">#</a>
						<span class="error">
              <code id="83">/usr/include/stdlib.h:469:6: error: expected initializer before '__THROW'</code><br />
						</span>
            
            <a class="navhash" href="#84">#</a>
						
              <code id="84">      __THROW __attribute_malloc__ __wur;</code><br />
						
            
            <a class="navhash" href="#85">#</a>
						
              <code id="85">      ^~~~~~~</code><br />
						
            
            <a class="navhash" href="#86">#</a>
						
              <code id="86">/usr/include/stdlib.h:470:1: error: '__END_NAMESPACE_STD' does not name a type</code><br />
						
            
            <a class="navhash" href="#87">#</a>
						
              <code id="87"> __END_NAMESPACE_STD</code><br />
						
            
            <a class="navhash" href="#88">#</a>
						
              <code id="88"> ^~~~~~~~~~~~~~~~~~~</code><br />
						
            
            <a class="navhash" href="#89">#</a>
						
              <code id="89">/usr/include/stdlib.h:483:32: error: expected initializer before '__THROW'</code><br />
						
            
            <a class="navhash" href="#90">#</a>
						
              <code id="90"> extern void free (void *__ptr) __THROW;</code><br />
						
            
            <a class="navhash" href="#91">#</a>
						
              <code id="91">                                ^~~~~~~</code><br />
						
            
            <a class="navhash" href="#92">#</a>
						
              <code id="92">/usr/include/stdlib.h:484:1: error: '__END_NAMESPACE_STD' does not name a type</code><br />
						
            
            <a class="navhash" href="#93">#</a>
						
              <code id="93"> __END_NAMESPACE_STD</code><br />
						
            
            <a class="navhash" href="#94">#</a>
						
              <code id="94"> ^~~~~~~~~~~~~~~~~~~</code><br />
						
            
            <a class="navhash" href="#95">#</a>
						
              <code id="95">/usr/include/stdlib.h:519:43: error: expected initializer before '__THROW'</code><br />
						
            
            <a class="navhash" href="#96">#</a>
						
              <code id="96"> extern int atexit (void (*__func) (void)) __THROW __nonnull ((1));</code><br />
						
            
            <a class="navhash" href="#97">#</a>
						
              <code id="97">                                           ^~~~~~~</code><br />
						
            
            <a class="navhash" href="#98">#</a>
						
              <code id="98">/usr/include/stdlib.h:530:1: error: '__END_NAMESPACE_STD' does not name a type</code><br />
						
            
            <a class="navhash" href="#99">#</a>
						
              <code id="99"> __END_NAMESPACE_STD</code><br />
						
            
            <a class="navhash" href="#100">#</a>
						
              <code id="100"> ^~~~~~~~~~~~~~~~~~~</code><br />
						
            
            <a class="navhash" href="#101">#</a>
						
              <code id="101">/usr/include/stdlib.h:551:1: error: '__END_NAMESPACE_STD' does not name a type</code><br />
						
            
            <a class="navhash" href="#102">#</a>
						
              <code id="102"> __END_NAMESPACE_STD</code><br />
						
            
            <a class="navhash" href="#103">#</a>
						
              <code id="103"> ^~~~~~~~~~~~~~~~~~~</code><br />
						
            
            <a class="navhash" href="#104">#</a>
						
              <code id="104">/usr/include/stdlib.h:565:1: error: '__END_NAMESPACE_STD' does not name a type</code><br />
						
            
            <a class="navhash" href="#105">#</a>
						
              <code id="105"> __END_NAMESPACE_STD</code><br />
						
            
            <a class="navhash" href="#106">#</a>
						
              <code id="106"> ^~~~~~~~~~~~~~~~~~~</code><br />
						
            
            <a class="navhash" href="#107">#</a>
						
              <code id="107">/usr/include/stdlib.h:717:1: error: '__END_NAMESPACE_STD' does not name a type</code><br />
						
            
            <a class="navhash" href="#108">#</a>
						
              <code id="108"> __END_NAMESPACE_STD</code><br />
						
            
            <a class="navhash" href="#109">#</a>
						
              <code id="109"> ^~~~~~~~~~~~~~~~~~~</code><br />
						
            
            <a class="navhash" href="#110">#</a>
						
              <code id="110">/usr/include/stdlib.h:751:1: error: '__BEGIN_NAMESPACE_STD' does not name a type</code><br />
						
            
            <a class="navhash" href="#111">#</a>
						
              <code id="111"> __BEGIN_NAMESPACE_STD</code><br />
						
            
            <a class="navhash" href="#112">#</a>
						
              <code id="112"> ^~~~~~~~~~~~~~~~~~~~~</code><br />
						
            
            <a class="navhash" href="#113">#</a>
						
              <code id="113">/usr/include/stdlib.h:765:6: error: '__compar_fn_t' has not been declared</code><br />
						
            
            <a class="navhash" href="#114">#</a>
						
              <code id="114">      __compar_fn_t __compar) __nonnull ((1, 4));</code><br />
						
            
            <a class="navhash" href="#115">#</a>
						
              <code id="115">      ^~~~~~~~~~~~~</code><br />
						
            
            <a class="navhash" href="#116">#</a>
						
              <code id="116">/usr/include/stdlib.h:765:30: error: expected initializer before '__nonnull'</code><br />
						
            
            <a class="navhash" href="#117">#</a>
						
              <code id="117">      __compar_fn_t __compar) __nonnull ((1, 4));</code><br />
						
            
            <a class="navhash" href="#118">#</a>
						
              <code id="118">                              ^~~~~~~~~</code><br />
						
            
            <a class="navhash" href="#119">#</a>
						
              <code id="119">/usr/include/stdlib.h:774:26: error: expected initializer before '__THROW'</code><br />
						
            
            <a class="navhash" href="#120">#</a>
						
              <code id="120"> extern int abs (int __x) __THROW __attribute__ ((__const__)) __wur;</code><br />
						
            
            <a class="navhash" href="#121">#</a>
						
              <code id="121">                          ^~~~~~~</code><br />
						
            
            <a class="navhash" href="#122">#</a>
						
              <code id="122">/usr/include/stdlib.h:775:37: error: expected initializer before '__THROW'</code><br />
						
            
            <a class="navhash" href="#123">#</a>
						
              <code id="123"> extern long int labs (long int __x) __THROW __attribute__ ((__const__)) __wur;</code><br />
						
            
            <a class="navhash" href="#124">#</a>
						
              <code id="124">                                     ^~~~~~~</code><br />
						
            
            <a class="navhash" href="#125">#</a>
						
              <code id="125">/usr/include/stdlib.h:776:1: error: '__END_NAMESPACE_STD' does not name a type</code><br />
						
            
            <a class="navhash" href="#126">#</a>
						
              <code id="126"> __END_NAMESPACE_STD</code><br />
						
            
            <a class="navhash" href="#127">#</a>
						
              <code id="127"> ^~~~~~~~~~~~~~~~~~~</code><br />
						
            
            <a class="navhash" href="#128">#</a>
						<span class="error">
              <code id="128">/usr/include/stdlib.h:791:6: error: expected initializer before '__THROW'</code><br />
						</span>
            
            <a class="navhash" href="#129">#</a>
						
              <code id="129">      __THROW __attribute__ ((__const__)) __wur;</code><br />
						
            
            <a class="navhash" href="#130">#</a>
						
              <code id="130">      ^~~~~~~</code><br />
						
            
            <a class="navhash" href="#131">#</a>
						
              <code id="131">/usr/include/stdlib.h:792:1: error: '__END_NAMESPACE_STD' does not name a type</code><br />
						
            
            <a class="navhash" href="#132">#</a>
						
              <code id="132"> __END_NAMESPACE_STD</code><br />
						
            
            <a class="navhash" href="#133">#</a>
						
              <code id="133"> ^~~~~~~~~~~~~~~~~~~</code><br />
						
            
            <a class="navhash" href="#134">#</a>
						
              <code id="134">/usr/include/stdlib.h:866:46: error: expected initializer before '__THROW'</code><br />
						
            
            <a class="navhash" href="#135">#</a>
						
              <code id="135">      const char *__restrict __s, size_t __n) __THROW;</code><br />
						
            
            <a class="navhash" href="#136">#</a>
						
              <code id="136">                                              ^~~~~~~</code><br />
						
            
            <a class="navhash" href="#137">#</a>
						
              <code id="137">/usr/include/stdlib.h:869:48: error: expected initializer before '__THROW'</code><br />
						
            
            <a class="navhash" href="#138">#</a>
						
              <code id="138"> extern int wctomb (char *__s, wchar_t __wchar) __THROW;</code><br />
						
            
            <a class="navhash" href="#139">#</a>
						
              <code id="139">                                                ^~~~~~~</code><br />
						
            
            <a class="navhash" href="#140">#</a>
						
              <code id="140">/usr/include/stdlib.h:874:44: error: expected initializer before '__THROW'</code><br />
						
            
            <a class="navhash" href="#141">#</a>
						
              <code id="141">    const char *__restrict __s, size_t __n) __THROW;</code><br />
						
            
            <a class="navhash" href="#142">#</a>
						
              <code id="142">                                            ^~~~~~~</code><br />
						
            
            <a class="navhash" href="#143">#</a>
						<span class="error">
              <code id="143">/usr/include/stdlib.h:878:6: error: expected initializer before '__THROW'</code><br />
						</span>
            
            <a class="navhash" href="#144">#</a>
						
              <code id="144">      __THROW;</code><br />
						
            
            <a class="navhash" href="#145">#</a>
						
              <code id="145">      ^~~~~~~</code><br />
						
            
            <a class="navhash" href="#146">#</a>
						
              <code id="146">/usr/include/stdlib.h:879:1: error: '__END_NAMESPACE_STD' does not name a type</code><br />
						
            
            <a class="navhash" href="#147">#</a>
						
              <code id="147"> __END_NAMESPACE_STD</code><br />
						
            
            <a class="navhash" href="#148">#</a>
						
              <code id="148"> ^~~~~~~~~~~~~~~~~~~</code><br />
						
            
            <a class="navhash" href="#149">#</a>
						
              <code id="149">In file included from /usr/include/c++/6.1.1/string:52:0,</code><br />
						
            
            <a class="navhash" href="#150">#</a>
						
              <code id="150">                 from /usr/include/c++/6.1.1/bits/locale_classes.h:40,</code><br />
						
            
            <a class="navhash" href="#151">#</a>
						
              <code id="151">                 from /usr/include/c++/6.1.1/bits/ios_base.h:41,</code><br />
						
            
            <a class="navhash" href="#152">#</a>
						
              <code id="152">                 from /usr/include/c++/6.1.1/ios:42,</code><br />
						
            
            <a class="navhash" href="#153">#</a>
						
              <code id="153">                 from /usr/include/c++/6.1.1/ostream:38,</code><br />
						
            
            <a class="navhash" href="#154">#</a>
						
              <code id="154">                 from /usr/include/c++/6.1.1/iterator:64,</code><br />
						
            
            <a class="navhash" href="#155">#</a>
						
              <code id="155">                 from /usr/include/c++/6.1.1/backward/hashtable.h:63,</code><br />
						
            
            <a class="navhash" href="#156">#</a>
						
              <code id="156">                 from /usr/include/c++/6.1.1/ext/hash_map:64,</code><br />
						
            
            <a class="navhash" href="#157">#</a>
						
              <code id="157">                 from png2ico.cpp:41:</code><br />
						
            
            <a class="navhash" href="#158">#</a>
						
              <code id="158">/usr/include/c++/6.1.1/bits/basic_string.h: In function 'int std::__cxx11::stoi(const string&, std::size_t*, int)':</code><br />
						
            
            <a class="navhash" href="#159">#</a>
						
              <code id="159">/usr/include/c++/6.1.1/bits/basic_string.h:5413:42: error: 'strtol' is not a member of 'std'</code><br />
						
            
            <a class="navhash" href="#160">#</a>
						
              <code id="160">   { return __gnu_cxx::__stoa<long, int>(&std::strtol, "stoi", __str.c_str(),</code><br />
						
            
            <a class="navhash" href="#161">#</a>
						
              <code id="161">                                          ^~~</code><br />
						
            
            <a class="navhash" href="#162">#</a>
						
              <code id="162">/usr/include/c++/6.1.1/bits/basic_string.h: In function 'long int std::__cxx11::stol(const string&, std::size_t*, int)':</code><br />
						
            
            <a class="navhash" href="#163">#</a>
						
              <code id="163">/usr/include/c++/6.1.1/bits/basic_string.h:5418:31: error: 'strtol' is not a member of 'std'</code><br />
						
            
            <a class="navhash" href="#164">#</a>
						
              <code id="164">   { return __gnu_cxx::__stoa(&std::strtol, "stol", __str.c_str(),</code><br />
						
            
            <a class="navhash" href="#165">#</a>
						
              <code id="165">                               ^~~</code><br />
						
            
            <a class="navhash" href="#166">#</a>
						
              <code id="166">/usr/include/c++/6.1.1/bits/basic_string.h: In function 'long unsigned int std::__cxx11::stoul(const string&, std::size_t*, int)':</code><br />
						
            
            <a class="navhash" href="#167">#</a>
						
              <code id="167">/usr/include/c++/6.1.1/bits/basic_string.h:5423:31: error: 'strtoul' is not a member of 'std'</code><br />
						
            
            <a class="navhash" href="#168">#</a>
						
              <code id="168">   { return __gnu_cxx::__stoa(&std::strtoul, "stoul", __str.c_str(),</code><br />
						
            
            <a class="navhash" href="#169">#</a>
						
              <code id="169">                               ^~~</code><br />
						
            
            <a class="navhash" href="#170">#</a>
						
              <code id="170">/usr/include/c++/6.1.1/bits/basic_string.h: In function 'long long int std::__cxx11::stoll(const string&, std::size_t*, int)':</code><br />
						
            
            <a class="navhash" href="#171">#</a>
						
              <code id="171">/usr/include/c++/6.1.1/bits/basic_string.h:5428:31: error: 'strtoll' is not a member of 'std'</code><br />
						
            
            <a class="navhash" href="#172">#</a>
						
              <code id="172">   { return __gnu_cxx::__stoa(&std::strtoll, "stoll", __str.c_str(),</code><br />
						
            
            <a class="navhash" href="#173">#</a>
						
              <code id="173">                               ^~~</code><br />
						
            
            <a class="navhash" href="#174">#</a>
						
              <code id="174">/usr/include/c++/6.1.1/bits/basic_string.h: In function 'long long unsigned int std::__cxx11::stoull(const string&, std::size_t*, int)':</code><br />
						
            
            <a class="navhash" href="#175">#</a>
						
              <code id="175">/usr/include/c++/6.1.1/bits/basic_string.h:5433:31: error: 'strtoull' is not a member of 'std'</code><br />
						
            
            <a class="navhash" href="#176">#</a>
						
              <code id="176">   { return __gnu_cxx::__stoa(&std::strtoull, "stoull", __str.c_str(),</code><br />
						
            
            <a class="navhash" href="#177">#</a>
						
              <code id="177">                               ^~~</code><br />
						
            
            <a class="navhash" href="#178">#</a>
						
              <code id="178">/usr/include/c++/6.1.1/bits/basic_string.h: In function 'float std::__cxx11::stof(const string&, std::size_t*)':</code><br />
						
            
            <a class="navhash" href="#179">#</a>
						
              <code id="179">/usr/include/c++/6.1.1/bits/basic_string.h:5439:31: error: 'strtof' is not a member of 'std'</code><br />
						
            
            <a class="navhash" href="#180">#</a>
						
              <code id="180">   { return __gnu_cxx::__stoa(&std::strtof, "stof", __str.c_str(), __idx); }</code><br />
						
            
            <a class="navhash" href="#181">#</a>
						
              <code id="181">                               ^~~</code><br />
						
            
            <a class="navhash" href="#182">#</a>
						
              <code id="182">/usr/include/c++/6.1.1/bits/basic_string.h: In function 'double std::__cxx11::stod(const string&, std::size_t*)':</code><br />
						
            
            <a class="navhash" href="#183">#</a>
						
              <code id="183">/usr/include/c++/6.1.1/bits/basic_string.h:5443:31: error: 'strtod' is not a member of 'std'</code><br />
						
            
            <a class="navhash" href="#184">#</a>
						
              <code id="184">   { return __gnu_cxx::__stoa(&std::strtod, "stod", __str.c_str(), __idx); }</code><br />
						
            
            <a class="navhash" href="#185">#</a>
						
              <code id="185">                               ^~~</code><br />
						
            
            <a class="navhash" href="#186">#</a>
						
              <code id="186">/usr/include/c++/6.1.1/bits/basic_string.h: In function 'long double std::__cxx11::stold(const string&, std::size_t*)':</code><br />
						
            
            <a class="navhash" href="#187">#</a>
						
              <code id="187">/usr/include/c++/6.1.1/bits/basic_string.h:5447:31: error: 'strtold' is not a member of 'std'</code><br />
						
            
            <a class="navhash" href="#188">#</a>
						
              <code id="188">   { return __gnu_cxx::__stoa(&std::strtold, "stold", __str.c_str(), __idx); }</code><br />
						
            
            <a class="navhash" href="#189">#</a>
						
              <code id="189">                               ^~~</code><br />
						
            
            <a class="navhash" href="#190">#</a>
						
              <code id="190">In file included from /usr/include/c++/6.1.1/bits/ios_base.h:41:0,</code><br />
						
            
            <a class="navhash" href="#191">#</a>
						
              <code id="191">                 from /usr/include/c++/6.1.1/ios:42,</code><br />
						
            
            <a class="navhash" href="#192">#</a>
						
              <code id="192">                 from /usr/include/c++/6.1.1/ostream:38,</code><br />
						
            
            <a class="navhash" href="#193">#</a>
						
              <code id="193">                 from /usr/include/c++/6.1.1/iterator:64,</code><br />
						
            
            <a class="navhash" href="#194">#</a>
						
              <code id="194">                 from /usr/include/c++/6.1.1/backward/hashtable.h:63,</code><br />
						
            
            <a class="navhash" href="#195">#</a>
						
              <code id="195">                 from /usr/include/c++/6.1.1/ext/hash_map:64,</code><br />
						
            
            <a class="navhash" href="#196">#</a>
						
              <code id="196">                 from png2ico.cpp:41:</code><br />
						
            
            <a class="navhash" href="#197">#</a>
						
              <code id="197">/usr/include/c++/6.1.1/bits/locale_classes.h: At global scope:</code><br />
						
            
            <a class="navhash" href="#198">#</a>
						
              <code id="198">/usr/include/c++/6.1.1/bits/locale_classes.h:380:12: error: '__c_locale' does not name a type</code><br />
						
            
            <a class="navhash" href="#199">#</a>
						
              <code id="199">     static __c_locale                   _S_c_locale;</code><br />
						
            
            <a class="navhash" href="#200">#</a>
						
              <code id="200">            ^~~~~~~~~~</code><br />
						
            
            <a class="navhash" href="#201">#</a>
						
              <code id="201">/usr/include/c++/6.1.1/bits/locale_classes.h:411:24: error: '__c_locale' has not been declared</code><br />
						
            
            <a class="navhash" href="#202">#</a>
						
              <code id="202">     _S_create_c_locale(__c_locale& __cloc, const char* __s,</code><br />
						
            
            <a class="navhash" href="#203">#</a>
						
              <code id="203">                        ^~~~~~~~~~</code><br />
						
            
            <a class="navhash" href="#204">#</a>
						
              <code id="204">/usr/include/c++/6.1.1/bits/locale_classes.h:412:10: error: '__c_locale' has not been declared</code><br />
						
            
            <a class="navhash" href="#205">#</a>
						
              <code id="205">          __c_locale __old = 0);</code><br />
						
            
            <a class="navhash" href="#206">#</a>
						
              <code id="206">          ^~~~~~~~~~</code><br />
						
            
            <a class="navhash" href="#207">#</a>
						
              <code id="207">/usr/include/c++/6.1.1/bits/locale_classes.h:414:12: error: '__c_locale' does not name a type</code><br />
						
            
            <a class="navhash" href="#208">#</a>
						
              <code id="208">     static __c_locale</code><br />
						
            
            <a class="navhash" href="#209">#</a>
						
              <code id="209">            ^~~~~~~~~~</code><br />
						
            
            <a class="navhash" href="#210">#</a>
						
              <code id="210">/usr/include/c++/6.1.1/bits/locale_classes.h:418:25: error: '__c_locale' has not been declared</code><br />
						
            
            <a class="navhash" href="#211">#</a>
						
              <code id="211">     _S_destroy_c_locale(__c_locale& __cloc);</code><br />
						
            
            <a class="navhash" href="#212">#</a>
						
              <code id="212">                         ^~~~~~~~~~</code><br />
						
            
            <a class="navhash" href="#213">#</a>
						
              <code id="213">/usr/include/c++/6.1.1/bits/locale_classes.h:420:12: error: '__c_locale' does not name a type</code><br />
						
            
            <a class="navhash" href="#214">#</a>
						
              <code id="214">     static __c_locale</code><br />
						
            
            <a class="navhash" href="#215">#</a>
						
              <code id="215">            ^~~~~~~~~~</code><br />
						
            
            <a class="navhash" href="#216">#</a>
						
              <code id="216">/usr/include/c++/6.1.1/bits/locale_classes.h:425:12: error: '__c_locale' does not name a type</code><br />
						
            
            <a class="navhash" href="#217">#</a>
						
              <code id="217">     static __c_locale</code><br />
						
            
            <a class="navhash" href="#218">#</a>
						
              <code id="218">            ^~~~~~~~~~</code><br />
						
            
            <a class="navhash" href="#219">#</a>
						
              <code id="219">/usr/include/c++/6.1.1/bits/locale_classes.h:654:7: error: '__c_locale' does not name a type</code><br />
						
            
            <a class="navhash" href="#220">#</a>
						
              <code id="220">       __c_locale   _M_c_locale_collate;</code><br />
						
            
            <a class="navhash" href="#221">#</a>
						
              <code id="221">       ^~~~~~~~~~</code><br />
						
            
            <a class="navhash" href="#222">#</a>
						
              <code id="222">/usr/include/c++/6.1.1/bits/locale_classes.h:682:26: error: expected ')' before '__cloc'</code><br />
						
            
            <a class="navhash" href="#223">#</a>
						
              <code id="223">       collate(__c_locale __cloc, size_t __refs = 0)</code><br />
						
            
            <a class="navhash" href="#224">#</a>
						
              <code id="224">                          ^~~~~~</code><br />
						
            
            <a class="navhash" href="#225">#</a>
						
              <code id="225">/usr/include/c++/6.1.1/bits/locale_classes.h: In constructor 'std::__cxx11::collate<_CharT>::collate(std::size_t)':</code><br />
						
            
            <a class="navhash" href="#226">#</a>
						
              <code id="226">/usr/include/c++/6.1.1/bits/locale_classes.h:669:24: error: class 'std::__cxx11::collate<_CharT>' does not have any field named '_M_c_locale_collate'</code><br />
						
            
            <a class="navhash" href="#227">#</a>
						
              <code id="227">       : facet(__refs), _M_c_locale_collate(_S_get_c_locale())</code><br />
						
            
            <a class="navhash" href="#228">#</a>
						
              <code id="228">                        ^~~~~~~~~~~~~~~~~~~</code><br />
						
            
            <a class="navhash" href="#229">#</a>
						
              <code id="229">/usr/include/c++/6.1.1/bits/locale_classes.h:669:60: error: there are no arguments to '_S_get_c_locale' that depend on a template parameter, so a declaration of '_S_get_c_locale' must be available [-fpermissive]</code><br />
						
            
            <a class="navhash" href="#230">#</a>
						
              <code id="230">       : facet(__refs), _M_c_locale_collate(_S_get_c_locale())</code><br />
						
            
            <a class="navhash" href="#231">#</a>
						
              <code id="231">                                                            ^</code><br />
						
            
            <a class="navhash" href="#232">#</a>
						
              <code id="232">/usr/include/c++/6.1.1/bits/locale_classes.h:669:60: note: (if you use '-fpermissive', G++ will accept your code, but allowing the use of an undeclared name is deprecated)</code><br />
						
            
            <a class="navhash" href="#233">#</a>
						
              <code id="233">/usr/include/c++/6.1.1/bits/locale_classes.h: In destructor 'virtual std::__cxx11::collate<_CharT>::~collate()':</code><br />
						
            
            <a class="navhash" href="#234">#</a>
						
              <code id="234">/usr/include/c++/6.1.1/bits/locale_classes.h:746:29: error: '_M_c_locale_collate' was not declared in this scope</code><br />
						
            
            <a class="navhash" href="#235">#</a>
						
              <code id="235">       { _S_destroy_c_locale(_M_c_locale_collate); }</code><br />
						
            
            <a class="navhash" href="#236">#</a>
						
              <code id="236">                             ^~~~~~~~~~~~~~~~~~~</code><br />
						
            
            <a class="navhash" href="#237">#</a>
						
              <code id="237">In file included from /usr/include/c++/6.1.1/bits/locale_facets.h:41:0,</code><br />
						
            
            <a class="navhash" href="#238">#</a>
						
              <code id="238">                 from /usr/include/c++/6.1.1/bits/basic_ios.h:37,</code><br />
						
            
            <a class="navhash" href="#239">#</a>
						
              <code id="239">                 from /usr/include/c++/6.1.1/ios:44,</code><br />
						
            
            <a class="navhash" href="#240">#</a>
						
              <code id="240">                 from /usr/include/c++/6.1.1/ostream:38,</code><br />
						
            
            <a class="navhash" href="#241">#</a>
						
              <code id="241">                 from /usr/include/c++/6.1.1/iterator:64,</code><br />
						
            
            <a class="navhash" href="#242">#</a>
						
              <code id="242">                 from /usr/include/c++/6.1.1/backward/hashtable.h:63,</code><br />
						
            
            <a class="navhash" href="#243">#</a>
						
              <code id="243">                 from /usr/include/c++/6.1.1/ext/hash_map:64,</code><br />
						
            
            <a class="navhash" href="#244">#</a>
						
              <code id="244">                 from png2ico.cpp:41:</code><br />
						
            
            <a class="navhash" href="#245">#</a>
						
              <code id="245">/usr/include/c++/6.1.1/x86_64-pc-linux-gnu/bits/ctype_base.h: At global scope:</code><br />
						
            
            <a class="navhash" href="#246">#</a>
						
              <code id="246">/usr/include/c++/6.1.1/x86_64-pc-linux-gnu/bits/ctype_base.h:49:35: error: '_ISupper' was not declared in this scope</code><br />
						
            
            <a class="navhash" href="#247">#</a>
						
              <code id="247">     static const mask upper     = _ISupper;</code><br />
						
            
            <a class="navhash" href="#248">#</a>
						
              <code id="248">                                   ^~~~~~~~</code><br />
						
            
            <a class="navhash" href="#249">#</a>
						
              <code id="249">/usr/include/c++/6.1.1/x86_64-pc-linux-gnu/bits/ctype_base.h:50:32: error: '_ISlower' was not declared in this scope</code><br />
						
            
            <a class="navhash" href="#250">#</a>
						
              <code id="250">     static const mask lower  = _ISlower;</code><br />
						
            
            <a class="navhash" href="#251">#</a>
						
              <code id="251">                                ^~~~~~~~</code><br />
						
            
            <a class="navhash" href="#252">#</a>
						
              <code id="252">/usr/include/c++/6.1.1/x86_64-pc-linux-gnu/bits/ctype_base.h:51:32: error: '_ISalpha' was not declared in this scope</code><br />
						
            
            <a class="navhash" href="#253">#</a>
						
              <code id="253">     static const mask alpha  = _ISalpha;</code><br />
						
            
            <a class="navhash" href="#254">#</a>
						
              <code id="254">                                ^~~~~~~~</code><br />
						
            
            <a class="navhash" href="#255">#</a>
						
              <code id="255">/usr/include/c++/6.1.1/x86_64-pc-linux-gnu/bits/ctype_base.h:52:32: error: '_ISdigit' was not declared in this scope</code><br />
						
            
            <a class="navhash" href="#256">#</a>
						
              <code id="256">     static const mask digit  = _ISdigit;</code><br />
						
            
            <a class="navhash" href="#257">#</a>
						
              <code id="257">                                ^~~~~~~~</code><br />
						
            
            <a class="navhash" href="#258">#</a>
						
              <code id="258">/usr/include/c++/6.1.1/x86_64-pc-linux-gnu/bits/ctype_base.h:53:33: error: '_ISxdigit' was not declared in this scope</code><br />
						
            
            <a class="navhash" href="#259">#</a>
						
              <code id="259">     static const mask xdigit  = _ISxdigit;</code><br />
						
            
            <a class="navhash" href="#260">#</a>
						
              <code id="260">                                 ^~~~~~~~~</code><br />
						
            
            <a class="navhash" href="#261">#</a>
						
              <code id="261">/usr/include/c++/6.1.1/x86_64-pc-linux-gnu/bits/ctype_base.h:54:32: error: '_ISspace' was not declared in this scope</code><br />
						
            
            <a class="navhash" href="#262">#</a>
						
              <code id="262">     static const mask space  = _ISspace;</code><br />
						
            
            <a class="navhash" href="#263">#</a>
						
              <code id="263">                                ^~~~~~~~</code><br />
						
            
            <a class="navhash" href="#264">#</a>
						
              <code id="264">/usr/include/c++/6.1.1/x86_64-pc-linux-gnu/bits/ctype_base.h:55:32: error: '_ISprint' was not declared in this scope</code><br />
						
            
            <a class="navhash" href="#265">#</a>
						
              <code id="265">     static const mask print  = _ISprint;</code><br />
						
            
            <a class="navhash" href="#266">#</a>
						
              <code id="266">                                ^~~~~~~~</code><br />
						
            
            <a class="navhash" href="#267">#</a>
						
              <code id="267">/usr/include/c++/6.1.1/x86_64-pc-linux-gnu/bits/ctype_base.h:56:32: error: '_ISalpha' was not declared in this scope</code><br />
						
            
            <a class="navhash" href="#268">#</a>
						
              <code id="268">     static const mask graph  = _ISalpha | _ISdigit | _ISpunct;</code><br />
						
            
            <a class="navhash" href="#269">#</a>
						
              <code id="269">                                ^~~~~~~~</code><br />
						
            
            <a class="navhash" href="#270">#</a>
						
              <code id="270">/usr/include/c++/6.1.1/x86_64-pc-linux-gnu/bits/ctype_base.h:56:43: error: '_ISdigit' was not declared in this scope</code><br />
						
            
            <a class="navhash" href="#271">#</a>
						
              <code id="271">     static const mask graph  = _ISalpha | _ISdigit | _ISpunct;</code><br />
						
            
            <a class="navhash" href="#272">#</a>
						
              <code id="272">                                           ^~~~~~~~</code><br />
						
            
            <a class="navhash" href="#273">#</a>
						
              <code id="273">/usr/include/c++/6.1.1/x86_64-pc-linux-gnu/bits/ctype_base.h:56:54: error: '_ISpunct' was not declared in this scope</code><br />
						
            
            <a class="navhash" href="#274">#</a>
						
              <code id="274">     static const mask graph  = _ISalpha | _ISdigit | _ISpunct;</code><br />
						
            
            <a class="navhash" href="#275">#</a>
						
              <code id="275">                                                      ^~~~~~~~</code><br />
						
            
            <a class="navhash" href="#276">#</a>
						
              <code id="276">/usr/include/c++/6.1.1/x86_64-pc-linux-gnu/bits/ctype_base.h:57:32: error: '_IScntrl' was not declared in this scope</code><br />
						
            
            <a class="navhash" href="#277">#</a>
						
              <code id="277">     static const mask cntrl  = _IScntrl;</code><br />
						
            
            <a class="navhash" href="#278">#</a>
						
              <code id="278">                                ^~~~~~~~</code><br />
						
            
            <a class="navhash" href="#279">#</a>
						
              <code id="279">/usr/include/c++/6.1.1/x86_64-pc-linux-gnu/bits/ctype_base.h:58:32: error: '_ISpunct' was not declared in this scope</code><br />
						
            
            <a class="navhash" href="#280">#</a>
						
              <code id="280">     static const mask punct  = _ISpunct;</code><br />
						
            
            <a class="navhash" href="#281">#</a>
						
              <code id="281">                                ^~~~~~~~</code><br />
						
            
            <a class="navhash" href="#282">#</a>
						
              <code id="282">/usr/include/c++/6.1.1/x86_64-pc-linux-gnu/bits/ctype_base.h:59:32: error: '_ISalpha' was not declared in this scope</code><br />
						
            
            <a class="navhash" href="#283">#</a>
						
              <code id="283">     static const mask alnum  = _ISalpha | _ISdigit;</code><br />
						
            
            <a class="navhash" href="#284">#</a>
						
              <code id="284">                                ^~~~~~~~</code><br />
						
            
            <a class="navhash" href="#285">#</a>
						
              <code id="285">/usr/include/c++/6.1.1/x86_64-pc-linux-gnu/bits/ctype_base.h:59:43: error: '_ISdigit' was not declared in this scope</code><br />
						
            
            <a class="navhash" href="#286">#</a>
						
              <code id="286">     static const mask alnum  = _ISalpha | _ISdigit;</code><br />
						
            
            <a class="navhash" href="#287">#</a>
						
              <code id="287">                                           ^~~~~~~~</code><br />
						
            
            <a class="navhash" href="#288">#</a>
						
              <code id="288">/usr/include/c++/6.1.1/x86_64-pc-linux-gnu/bits/ctype_base.h:61:31: error: '_ISblank' was not declared in this scope</code><br />
						
            
            <a class="navhash" href="#289">#</a>
						
              <code id="289">     static const mask blank = _ISblank;</code><br />
						
            
            <a class="navhash" href="#290">#</a>
						
              <code id="290">                               ^~~~~~~~</code><br />
						
            
            <a class="navhash" href="#291">#</a>
						
              <code id="291">In file included from /usr/include/c++/6.1.1/bits/basic_ios.h:37:0,</code><br />
						
            
            <a class="navhash" href="#292">#</a>
						
              <code id="292">                 from /usr/include/c++/6.1.1/ios:44,</code><br />
						
            
            <a class="navhash" href="#293">#</a>
						
              <code id="293">                 from /usr/include/c++/6.1.1/ostream:38,</code><br />
						
            
            <a class="navhash" href="#294">#</a>
						
              <code id="294">                 from /usr/include/c++/6.1.1/iterator:64,</code><br />
						
            
            <a class="navhash" href="#295">#</a>
						
              <code id="295">                 from /usr/include/c++/6.1.1/backward/hashtable.h:63,</code><br />
						
            
            <a class="navhash" href="#296">#</a>
						
              <code id="296">                 from /usr/include/c++/6.1.1/ext/hash_map:64,</code><br />
						
            
            <a class="navhash" href="#297">#</a>
						
              <code id="297">                 from png2ico.cpp:41:</code><br />
						
            
            <a class="navhash" href="#298">#</a>
						
              <code id="298">/usr/include/c++/6.1.1/bits/locale_facets.h:74:12: error: '__c_locale' does not name a type</code><br />
						
            
            <a class="navhash" href="#299">#</a>
						
              <code id="299">      const __c_locale&) throw();</code><br />
						
            
            <a class="navhash" href="#300">#</a>
						
              <code id="300">            ^~~~~~~~~~</code><br />
						
            
            <a class="navhash" href="#301">#</a>
						
              <code id="301">/usr/include/c++/6.1.1/bits/locale_facets.h:80:12: error: '__c_locale' does not name a type</code><br />
						
            
            <a class="navhash" href="#302">#</a>
						
              <code id="302">      const __c_locale&) throw();</code><br />
						
            
            <a class="navhash" href="#303">#</a>
						
              <code id="303">            ^~~~~~~~~~</code><br />
						
            
            <a class="navhash" href="#304">#</a>
						
              <code id="304">/usr/include/c++/6.1.1/bits/locale_facets.h:85:12: error: '__c_locale' does not name a type</code><br />
						
            
            <a class="navhash" href="#305">#</a>
						
              <code id="305">      const __c_locale&) throw();</code><br />
						
            
            <a class="navhash" href="#306">#</a>
						
              <code id="306">            ^~~~~~~~~~</code><br />
						
            
            <a class="navhash" href="#307">#</a>
						
              <code id="307">/usr/include/c++/6.1.1/bits/locale_facets.h:90:12: error: '__c_locale' does not name a type</code><br />
						
            
            <a class="navhash" href="#308">#</a>
						
              <code id="308">      const __c_locale&) throw();</code><br />
						
            
            <a class="navhash" href="#309">#</a>
						
              <code id="309">            ^~~~~~~~~~</code><br />
						
            
            <a class="navhash" href="#310">#</a>
						
              <code id="310">/usr/include/c++/6.1.1/bits/locale_facets.h:690:7: error: '__c_locale' does not name a type</code><br />
						
            
            <a class="navhash" href="#311">#</a>
						
              <code id="311">       __c_locale  _M_c_locale_ctype;</code><br />
						
            
            <a class="navhash" href="#312">#</a>
						
              <code id="312">       ^~~~~~~~~~</code><br />
						
            
            <a class="navhash" href="#313">#</a>
						
              <code id="313">/usr/include/c++/6.1.1/bits/locale_facets.h:731:24: error: expected ')' before '__cloc'</code><br />
						
            
            <a class="navhash" href="#314">#</a>
						
              <code id="314">       ctype(__c_locale __cloc, const mask* __table = 0, bool __del = false,</code><br />
						
            
            <a class="navhash" href="#315">#</a>
						
              <code id="315">                        ^~~~~~</code><br />
						
            
            <a class="navhash" href="#316">#</a>
						
              <code id="316">/usr/include/c++/6.1.1/bits/locale_facets.h:1191:7: error: '__c_locale' does not name a type</code><br />
						
            
            <a class="navhash" href="#317">#</a>
						
              <code id="317">       __c_locale  _M_c_locale_ctype;</code><br />
						
            
            <a class="navhash" href="#318">#</a>
						
              <code id="318">       ^~~~~~~~~~</code><br />
						
            
            <a class="navhash" href="#319">#</a>
						
              <code id="319">/usr/include/c++/6.1.1/bits/locale_facets.h:1226:24: error: expected ')' before '__cloc'</code><br />
						
            
            <a class="navhash" href="#320">#</a>
						
              <code id="320">       ctype(__c_locale __cloc, size_t __refs = 0);</code><br />
						
            
            <a class="navhash" href="#321">#</a>
						
              <code id="321">                        ^~~~~~</code><br />
						
            
            <a class="navhash" href="#322">#</a>
						
              <code id="322">In file included from /usr/include/c++/6.1.1/bits/basic_ios.h:37:0,</code><br />
						
            
            <a class="navhash" href="#323">#</a>
						
              <code id="323">                 from /usr/include/c++/6.1.1/ios:44,</code><br />
						
            
            <a class="navhash" href="#324">#</a>
						
              <code id="324">                 from /usr/include/c++/6.1.1/ostream:38,</code><br />
						
            
            <a class="navhash" href="#325">#</a>
						
              <code id="325">                 from /usr/include/c++/6.1.1/iterator:64,</code><br />
						
            
            <a class="navhash" href="#326">#</a>
						
              <code id="326">                 from /usr/include/c++/6.1.1/backward/hashtable.h:63,</code><br />
						
            
            <a class="navhash" href="#327">#</a>
						
              <code id="327">                 from /usr/include/c++/6.1.1/ext/hash_map:64,</code><br />
						
            
            <a class="navhash" href="#328">#</a>
						
              <code id="328">                 from png2ico.cpp:41:</code><br />
						
            
            <a class="navhash" href="#329">#</a>
						
              <code id="329">/usr/include/c++/6.1.1/bits/locale_facets.h:1718:27: error: expected ')' before '__cloc'</code><br />
						
            
            <a class="navhash" href="#330">#</a>
						
              <code id="330">       numpunct(__c_locale __cloc, size_t __refs = 0)</code><br />
						
            
            <a class="navhash" href="#331">#</a>
						
              <code id="331">                           ^~~~~~</code><br />
						
            
            <a class="navhash" href="#332">#</a>
						
              <code id="332">/usr/include/c++/6.1.1/bits/locale_facets.h:1875:30: error: '__c_locale' has not been declared</code><br />
						
            
            <a class="navhash" href="#333">#</a>
						
              <code id="333">       _M_initialize_numpunct(__c_locale __cloc = 0);</code><br />
						
            
            <a class="navhash" href="#334">#</a>
						
              <code id="334">                              ^~~~~~~~~~</code><br />
						
            
            <a class="navhash" href="#335">#</a>
						
              <code id="335">/usr/include/c++/6.1.1/bits/locale_facets.h:1886:44: error: variable or field '_M_initialize_numpunct' declared void</code><br />
						
            
            <a class="navhash" href="#336">#</a>
						
              <code id="336">     numpunct<char>::_M_initialize_numpunct(__c_locale __cloc);</code><br />
						
            
            <a class="navhash" href="#337">#</a>
						
              <code id="337">                                            ^~~~~~~~~~</code><br />
						
            
            <a class="navhash" href="#338">#</a>
						
              <code id="338">/usr/include/c++/6.1.1/bits/locale_facets.h:1886:44: error: '__c_locale' was not declared in this scope</code><br />
						
            
            <a class="navhash" href="#339">#</a>
						
              <code id="339">/usr/include/c++/6.1.1/bits/locale_facets.h:1894:47: error: variable or field '_M_initialize_numpunct' declared void</code><br />
						
            
            <a class="navhash" href="#340">#</a>
						
              <code id="340">     numpunct<wchar_t>::_M_initialize_numpunct(__c_locale __cloc);</code><br />
						
            
            <a class="navhash" href="#341">#</a>
						
              <code id="341">                                               ^~~~~~~~~~</code><br />
						
            
            <a class="navhash" href="#342">#</a>
						
              <code id="342">/usr/include/c++/6.1.1/bits/locale_facets.h:1894:47: error: '__c_locale' was not declared in this scope</code><br />
						
            
            <a class="navhash" href="#343">#</a>
						
              <code id="343">/usr/include/c++/6.1.1/bits/locale_facets.h: In constructor 'std::__cxx11::numpunct_byname<_CharT>::numpunct_byname(const char*, std::size_t)':</code><br />
						
            
            <a class="navhash" href="#344">#</a>
						
              <code id="344">/usr/include/c++/6.1.1/bits/locale_facets.h:1912:6: error: '__c_locale' was not declared in this scope</code><br />
						
            
            <a class="navhash" href="#345">#</a>
						
              <code id="345">      __c_locale __tmp;</code><br />
						
            
            <a class="navhash" href="#346">#</a>
						
              <code id="346">      ^~~~~~~~~~</code><br />
						
            
            <a class="navhash" href="#347">#</a>
						
              <code id="347">/usr/include/c++/6.1.1/bits/locale_facets.h:1913:31: error: '__tmp' was not declared in this scope</code><br />
						
            
            <a class="navhash" href="#348">#</a>
						
              <code id="348">      this->_S_create_c_locale(__tmp, __s);</code><br />
						
            
            <a class="navhash" href="#349">#</a>
						
              <code id="349">                               ^~~~~</code><br />
						
            
            <a class="navhash" href="#350">#</a>
						
              <code id="350">In file included from /usr/include/c++/6.1.1/bits/locale_facets.h:2651:0,</code><br />
						
            
            <a class="navhash" href="#351">#</a>
						
              <code id="351">                 from /usr/include/c++/6.1.1/bits/basic_ios.h:37,</code><br />
						
            
            <a class="navhash" href="#352">#</a>
						
              <code id="352">                 from /usr/include/c++/6.1.1/ios:44,</code><br />
						
            
            <a class="navhash" href="#353">#</a>
						
              <code id="353">                 from /usr/include/c++/6.1.1/ostream:38,</code><br />
						
            
            <a class="navhash" href="#354">#</a>
						
              <code id="354">                 from /usr/include/c++/6.1.1/iterator:64,</code><br />
						
            
            <a class="navhash" href="#355">#</a>
						
              <code id="355">                 from /usr/include/c++/6.1.1/backward/hashtable.h:63,</code><br />
						
            
            <a class="navhash" href="#356">#</a>
						
              <code id="356">                 from /usr/include/c++/6.1.1/ext/hash_map:64,</code><br />
						
            
            <a class="navhash" href="#357">#</a>
						
              <code id="357">                 from png2ico.cpp:41:</code><br />
						
            
            <a class="navhash" href="#358">#</a>
						
              <code id="358">/usr/include/c++/6.1.1/bits/locale_facets.tcc: In member function 'virtual _InIter std::num_get<_CharT, _InIter>::do_get(std::num_get<_CharT, _InIter>::iter_type, std::num_get<_CharT, _InIter>::iter_type, std::ios_base&, std::ios_base::iostate&, float&) const':</code><br />
						
            
            <a class="navhash" href="#359">#</a>
						
              <code id="359">/usr/include/c++/6.1.1/bits/locale_facets.tcc:697:71: error: there are no arguments to '_S_get_c_locale' that depend on a template parameter, so a declaration of '_S_get_c_locale' must be available [-fpermissive]</code><br />
						
            
            <a class="navhash" href="#360">#</a>
						
              <code id="360">       std::__convert_to_v(__xtrc.c_str(), __v, __err, _S_get_c_locale());</code><br />
						
            
            <a class="navhash" href="#361">#</a>
						
              <code id="361">                                                                       ^</code><br />
						
            
            <a class="navhash" href="#362">#</a>
						
              <code id="362">/usr/include/c++/6.1.1/bits/locale_facets.tcc: In member function 'virtual _InIter std::num_get<_CharT, _InIter>::do_get(std::num_get<_CharT, _InIter>::iter_type, std::num_get<_CharT, _InIter>::iter_type, std::ios_base&, std::ios_base::iostate&, double&) const':</code><br />
						
            
            <a class="navhash" href="#363">#</a>
						
              <code id="363">/usr/include/c++/6.1.1/bits/locale_facets.tcc:712:71: error: there are no arguments to '_S_get_c_locale' that depend on a template parameter, so a declaration of '_S_get_c_locale' must be available [-fpermissive]</code><br />
						
            
            <a class="navhash" href="#364">#</a>
						
              <code id="364">       std::__convert_to_v(__xtrc.c_str(), __v, __err, _S_get_c_locale());</code><br />
						
            
            <a class="navhash" href="#365">#</a>
						
              <code id="365">                                                                       ^</code><br />
						
            
            <a class="navhash" href="#366">#</a>
						
              <code id="366">/usr/include/c++/6.1.1/bits/locale_facets.tcc: In member function 'virtual _InIter std::num_get<_CharT, _InIter>::do_get(std::num_get<_CharT, _InIter>::iter_type, std::num_get<_CharT, _InIter>::iter_type, std::ios_base&, std::ios_base::iostate&, long double&) const':</code><br />
						
            
            <a class="navhash" href="#367">#</a>
						
              <code id="367">/usr/include/c++/6.1.1/bits/locale_facets.tcc:744:71: error: there are no arguments to '_S_get_c_locale' that depend on a template parameter, so a declaration of '_S_get_c_locale' must be available [-fpermissive]</code><br />
						
            
            <a class="navhash" href="#368">#</a>
						
              <code id="368">       std::__convert_to_v(__xtrc.c_str(), __v, __err, _S_get_c_locale());</code><br />
						
            
            <a class="navhash" href="#369">#</a>
						
              <code id="369">                                                                       ^</code><br />
						
            
            <a class="navhash" href="#370">#</a>
						
              <code id="370">/usr/include/c++/6.1.1/bits/locale_facets.tcc: In member function '_OutIter std::num_put<_CharT, _OutIter>::_M_insert_float(_OutIter, std::ios_base&, _CharT, char, _ValueT) const':</code><br />
						
            
            <a class="navhash" href="#371">#</a>
						
              <code id="371">/usr/include/c++/6.1.1/bits/locale_facets.tcc:1005:50: error: there are no arguments to '_S_get_c_locale' that depend on a template parameter, so a declaration of '_S_get_c_locale' must be available [-fpermissive]</code><br />
						
            
            <a class="navhash" href="#372">#</a>
						
              <code id="372">    __len = std::__convert_from_v(_S_get_c_locale(), __cs, __cs_size,</code><br />
						
            
            <a class="navhash" href="#373">#</a>
						
              <code id="373">                                                  ^</code><br />
						
            
            <a class="navhash" href="#374">#</a>
						
              <code id="374">/usr/include/c++/6.1.1/bits/locale_facets.tcc:1008:50: error: there are no arguments to '_S_get_c_locale' that depend on a template parameter, so a declaration of '_S_get_c_locale' must be available [-fpermissive]</code><br />
						
            
            <a class="navhash" href="#375">#</a>
						
              <code id="375">    __len = std::__convert_from_v(_S_get_c_locale(), __cs, __cs_size,</code><br />
						
            
            <a class="navhash" href="#376">#</a>
						
              <code id="376">                                                  ^</code><br />
						
            
            <a class="navhash" href="#377">#</a>
						
              <code id="377">/usr/include/c++/6.1.1/bits/locale_facets.tcc:1017:54: error: there are no arguments to '_S_get_c_locale' that depend on a template parameter, so a declaration of '_S_get_c_locale' must be available [-fpermissive]</code><br />
						
            
            <a class="navhash" href="#378">#</a>
						
              <code id="378">        __len = std::__convert_from_v(_S_get_c_locale(), __cs, __cs_size,</code><br />
						
            
            <a class="navhash" href="#379">#</a>
						
              <code id="379">                                                      ^</code><br />
						
            
            <a class="navhash" href="#380">#</a>
						
              <code id="380">/usr/include/c++/6.1.1/bits/locale_facets.tcc:1020:54: error: there are no arguments to '_S_get_c_locale' that depend on a template parameter, so a declaration of '_S_get_c_locale' must be available [-fpermissive]</code><br />
						
            
            <a class="navhash" href="#381">#</a>
						
              <code id="381">        __len = std::__convert_from_v(_S_get_c_locale(), __cs, __cs_size,</code><br />
						
            
            <a class="navhash" href="#382">#</a>
						
              <code id="382">                                                      ^</code><br />
						
            
            <a class="navhash" href="#383">#</a>
						
              <code id="383">In file included from /usr/include/c++/6.1.1/algorithm:62:0,</code><br />
						
            
            <a class="navhash" href="#384">#</a>
						
              <code id="384">                 from /usr/include/c++/6.1.1/backward/hashtable.h:64,</code><br />
						
            
            <a class="navhash" href="#385">#</a>
						
              <code id="385">                 from /usr/include/c++/6.1.1/ext/hash_map:64,</code><br />
						
            
            <a class="navhash" href="#386">#</a>
						
              <code id="386">                 from png2ico.cpp:41:</code><br />
						
            
            <a class="navhash" href="#387">#</a>
						
              <code id="387">/usr/include/c++/6.1.1/bits/stl_algo.h: In function 'void std::random_shuffle(_RAIter, _RAIter)':</code><br />
						
            
            <a class="navhash" href="#388">#</a>
						
              <code id="388">/usr/include/c++/6.1.1/bits/stl_algo.h:4458:8: error: 'rand' is not a member of 'std'</code><br />
						
            
            <a class="navhash" href="#389">#</a>
						
              <code id="389">      + std::rand() % ((__i - __first) + 1);</code><br />
						
            
            <a class="navhash" href="#390">#</a>
						
              <code id="390">        ^~~</code><br />
						
            
            <a class="navhash" href="#391">#</a>
						
              <code id="391">png2ico.cpp: In function 'void writeWord(FILE*, int)':</code><br />
						
            
            <a class="navhash" href="#392">#</a>
						
              <code id="392">png2ico.cpp:64:60: error: 'exit' was not declared in this scope</code><br />
						
            
            <a class="navhash" href="#393">#</a>
						
              <code id="393">   if (fwrite(data,2,1,f)!=1) {perror("Write error"); exit(1);};</code><br />
						
            
            <a class="navhash" href="#394">#</a>
						
              <code id="394">                                                            ^</code><br />
						
            
            <a class="navhash" href="#395">#</a>
						
              <code id="395">png2ico.cpp: In function 'void writeDWord(FILE*, unsigned int)':</code><br />
						
            
            <a class="navhash" href="#396">#</a>
						
              <code id="396">png2ico.cpp:74:60: error: 'exit' was not declared in this scope</code><br />
						
            
            <a class="navhash" href="#397">#</a>
						
              <code id="397">   if (fwrite(data,4,1,f)!=1) {perror("Write error"); exit(1);};</code><br />
						
            
            <a class="navhash" href="#398">#</a>
						
              <code id="398">                                                            ^</code><br />
						
            
            <a class="navhash" href="#399">#</a>
						
              <code id="399">png2ico.cpp: In function 'void writeByte(FILE*, int)':</code><br />
						
            
            <a class="navhash" href="#400">#</a>
						
              <code id="400">png2ico.cpp:81:60: error: 'exit' was not declared in this scope</code><br />
						
            
            <a class="navhash" href="#401">#</a>
						
              <code id="401">   if (fwrite(data,1,1,f)!=1) {perror("Write error"); exit(1);};</code><br />
						
            
            <a class="navhash" href="#402">#</a>
						
              <code id="402">                                                            ^</code><br />
						
            
            <a class="navhash" href="#403">#</a>
						
              <code id="403">png2ico.cpp: In function 'bool convertToIndexed(png_data&, bool)':</code><br />
						
            
            <a class="navhash" href="#404">#</a>
						
              <code id="404">png2ico.cpp:133:41: error: 'malloc' was not declared in this scope</code><br />
						
            
            <a class="navhash" href="#405">#</a>
						
              <code id="405">   img.palette=(png_colorp)malloc(palSize);</code><br />
						
            
            <a class="navhash" href="#406">#</a>
						
              <code id="406">                                         ^</code><br />
						
            
            <a class="navhash" href="#407">#</a>
						
              <code id="407">png2ico.cpp: In function 'void usage()':</code><br />
						
            
            <a class="navhash" href="#408">#</a>
						
              <code id="408">png2ico.cpp:423:9: error: 'exit' was not declared in this scope</code><br />
						
            
            <a class="navhash" href="#409">#</a>
						
              <code id="409">   exit(1);</code><br />
						
            
            <a class="navhash" href="#410">#</a>
						
              <code id="410">         ^</code><br />
						
            
            <a class="navhash" href="#411">#</a>
						
              <code id="411">png2ico.cpp: In function 'int main(int, char**)':</code><br />
						
            
            <a class="navhash" href="#412">#</a>
						
              <code id="412">png2ico.cpp:433:11: error: 'exit' was not declared in this scope</code><br />
						
            
            <a class="navhash" href="#413">#</a>
						
              <code id="413">     exit(1);</code><br />
						
            
            <a class="navhash" href="#414">#</a>
						
              <code id="414">           ^</code><br />
						
            
            <a class="navhash" href="#415">#</a>
						
              <code id="415">png2ico.cpp:450:15: error: 'exit' was not declared in this scope</code><br />
						
            
            <a class="navhash" href="#416">#</a>
						
              <code id="416">         exit(1);</code><br />
						
            
            <a class="navhash" href="#417">#</a>
						
              <code id="417">               ^</code><br />
						
            
            <a class="navhash" href="#418">#</a>
						
              <code id="418">png2ico.cpp:453:41: error: 'strtol' was not declared in this scope</code><br />
						
            
            <a class="navhash" href="#419">#</a>
						
              <code id="419">       long num=strtol(argv[i],&endptr,10);</code><br />
						
            
            <a class="navhash" href="#420">#</a>
						
              <code id="420">                                         ^</code><br />
						
            
            <a class="navhash" href="#421">#</a>
						
              <code id="421">png2ico.cpp:457:15: error: 'exit' was not declared in this scope</code><br />
						
            
            <a class="navhash" href="#422">#</a>
						
              <code id="422">         exit(1);</code><br />
						
            
            <a class="navhash" href="#423">#</a>
						
              <code id="423">               ^</code><br />
						
            
            <a class="navhash" href="#424">#</a>
						
              <code id="424">png2ico.cpp:466:49: error: 'exit' was not declared in this scope</code><br />
						
            
            <a class="navhash" href="#425">#</a>
						
              <code id="425">     if (pngfile==NULL)  {perror(argv[i]); exit(1);};</code><br />
						
            
            <a class="navhash" href="#426">#</a>
						
              <code id="426">                                                 ^</code><br />
						
            
            <a class="navhash" href="#427">#</a>
						
              <code id="427">png2ico.cpp:468:63: error: 'exit' was not declared in this scope</code><br />
						
            
            <a class="navhash" href="#428">#</a>
						
              <code id="428">     if (fread(header,8,1,pngfile)!=1) {perror(argv[i]); exit(1);};</code><br />
						
            
            <a class="navhash" href="#429">#</a>
						
              <code id="429">                                                               ^</code><br />
						
            
            <a class="navhash" href="#430">#</a>
						
              <code id="430">png2ico.cpp:472:13: error: 'exit' was not declared in this scope</code><br />
						
            
            <a class="navhash" href="#431">#</a>
						
              <code id="431">       exit(1);</code><br />
						
            
            <a class="navhash" href="#432">#</a>
						
              <code id="432">             ^</code><br />
						
            
            <a class="navhash" href="#433">#</a>
						
              <code id="433">png2ico.cpp:484:13: error: 'exit' was not declared in this scope</code><br />
						
            
            <a class="navhash" href="#434">#</a>
						
              <code id="434">       exit(1);</code><br />
						
            
            <a class="navhash" href="#435">#</a>
						
              <code id="435">             ^</code><br />
						
            
            <a class="navhash" href="#436">#</a>
						
              <code id="436">png2ico.cpp:492:13: error: 'exit' was not declared in this scope</code><br />
						
            
            <a class="navhash" href="#437">#</a>
						
              <code id="437">       exit(1);</code><br />
						
            
            <a class="navhash" href="#438">#</a>
						
              <code id="438">             ^</code><br />
						
            
            <a class="navhash" href="#439">#</a>
						
              <code id="439">png2ico.cpp:500:13: error: 'exit' was not declared in this scope</code><br />
						
            
            <a class="navhash" href="#440">#</a>
						
              <code id="440">       exit(1);</code><br />
						
            
            <a class="navhash" href="#441">#</a>
						
              <code id="441">             ^</code><br />
						
            
            <a class="navhash" href="#442">#</a>
						
              <code id="442">png2ico.cpp:507:13: error: 'exit' was not declared in this scope</code><br />
						
            
            <a class="navhash" href="#443">#</a>
						
              <code id="443">       exit(1);</code><br />
						
            
            <a class="navhash" href="#444">#</a>
						
              <code id="444">             ^</code><br />
						
            
            <a class="navhash" href="#445">#</a>
						
              <code id="445">png2ico.cpp:528:13: error: 'exit' was not declared in this scope</code><br />
						
            
            <a class="navhash" href="#446">#</a>
						
              <code id="446">       exit(1);</code><br />
						
            
            <a class="navhash" href="#447">#</a>
						
              <code id="447">             ^</code><br />
						
            
            <a class="navhash" href="#448">#</a>
						
              <code id="448">png2ico.cpp:534:13: error: 'exit' was not declared in this scope</code><br />
						
            
            <a class="navhash" href="#449">#</a>
						
              <code id="449">       exit(1);</code><br />
						
            
            <a class="navhash" href="#450">#</a>
						
              <code id="450">             ^</code><br />
						
            
            <a class="navhash" href="#451">#</a>
						
              <code id="451">png2ico.cpp:540:13: error: 'exit' was not declared in this scope</code><br />
						
            
            <a class="navhash" href="#452">#</a>
						
              <code id="452">       exit(1);</code><br />
						
            
            <a class="navhash" href="#453">#</a>
						
              <code id="453">             ^</code><br />
						
            
            <a class="navhash" href="#454">#</a>
						
              <code id="454">png2ico.cpp:559:46: error: 'exit' was not declared in this scope</code><br />
						
            
            <a class="navhash" href="#455">#</a>
						
              <code id="455">   if (outfile==NULL) {perror(argv[1]); exit(1);};</code><br />
						
            
            <a class="navhash" href="#456">#</a>
						
              <code id="456">                                              ^</code><br />
						
            
            <a class="navhash" href="#457">#</a>
						
              <code id="457">png2ico.cpp:603:69: error: 'exit' was not declared in this scope</code><br />
						
            
            <a class="navhash" href="#458">#</a>
						
              <code id="458">       if (fwrite(col,4,1,outfile)!=1) {perror("Write error"); exit(1);};</code><br />
						
            
            <a class="navhash" href="#459">#</a>
						
              <code id="459">                                                                     ^</code><br />
						
            
            <a class="navhash" href="#460">#</a>
						
              <code id="460">png2ico.cpp:611:77: error: 'exit' was not declared in this scope</code><br />
						
            
            <a class="navhash" href="#461">#</a>
						
              <code id="461">       if (fwrite(row,newLength,1,outfile)!=1) {perror("Write error"); exit(1);};</code><br />
						
            
            <a class="navhash" href="#462">#</a>
						
              <code id="462">                                                                             ^</code><br />
						
            
            <a class="navhash" href="#463">#</a>
						
              <code id="463">png2ico.cpp:618:93: error: 'exit' was not declared in this scope</code><br />
						
            
            <a class="navhash" href="#464">#</a>
						
              <code id="464">       if (fwrite(transPtr,andMaskLineLen(*img),1,outfile)!=1) {perror("Write error"); exit(1);};</code><br />
						
            
            <a class="navhash" href="#465">#</a>
						
              <code id="465">                                                                                             ^</code><br />
						
            
            <a class="navhash" href="#466">#</a>
						
              <code id="466">make: *** [Makefile:8: png2ico] Error 1</code><br />
						
            
            <a class="navhash" href="#467">#</a>
						
              <code id="467">==> ERROR: A failure occurred in build().</code><br />
						
            
            <a class="navhash" href="#468">#</a>
						
              <code id="468">    Aborting...</code><br />
						
            
          </div>
        
      </div>
      <br />
    
      <div class="block">
        <div class="info">
          <code>Printing config.logs</code>
        </div>
        
      </div>
      <br />
    
  </body>
</html>