<!DOCTYPE html>
<html>
<!-- Jinja template for reports of individual builds

  Copyright 2016 Kareem Khazem. All Rights Reserved.
  Licensed under the Apache License, Version 2.0 (the "License");
  you may not use this file except in compliance with the License.
  You may obtain a copy of the License at

 		 http://www.apache.org/licenses/LICENSE-2.0

  Unless required by applicable law or agreed to in writing, software
  distributed under the License is distributed on an "AS IS" BASIS,
  WITHOUT WARRANTIES OR CONDITIONS OF ANY KIND, either express or
  implied.
  See the License for the specific language governing permissions and
  limitations under the License.
-->
  <head>
    <meta charset="UTF-8">
    <title>musl/rubiks</title>
    <link href='https://fonts.googleapis.com/css?family=Roboto:400,900'
          rel='stylesheet' type='text/css'>
    <link
    href='https://fonts.googleapis.com/css?family=Source+Code+Pro:400,700'
          rel='stylesheet' type='text/css'>
    <link href="../style.css" type="text/css" rel="stylesheet">
  </head>
  <body>
    <h1>Build of rubiks
        with <a href="../index.html">musl</a>
        toolchain</h1>
    <p>The build took 00h 00m 59s and was
    NOT successful.</p>
    <p>
      The process tree of the build process is <a
      href="rubiks-tree.html">here</a>.
    </p>
    
    
    
    
    
    <h2>List of Errors</h2>
    <ul>
      
      <li>parse_error
        <ul>
          
          <li><a href="#89">/usr/include/stdlib.h:148:6: error: expected initializer before '__THROW'</a></li>
          
          <li><a href="#92">/usr/include/stdlib.h:151:6: error: expected initializer before '__THROW'</a></li>
          
          <li><a href="#101">/usr/include/stdlib.h:189:6: error: expected initializer before '__THROW'</a></li>
          
          <li><a href="#107">/usr/include/stdlib.h:376:41: error: expected initializer before '__THROW'</a></li>
          
          <li><a href="#113">/usr/include/stdlib.h:469:6: error: expected initializer before '__THROW'</a></li>
          
          <li><a href="#119">/usr/include/stdlib.h:483:32: error: expected initializer before '__THROW'</a></li>
          
          <li><a href="#125">/usr/include/stdlib.h:519:43: error: expected initializer before '__THROW'</a></li>
          
          <li><a href="#146">/usr/include/stdlib.h:765:30: error: expected initializer before '__nonnull'</a></li>
          
          <li><a href="#149">/usr/include/stdlib.h:774:26: error: expected initializer before '__THROW'</a></li>
          
          <li><a href="#152">/usr/include/stdlib.h:775:37: error: expected initializer before '__THROW'</a></li>
          
          <li><a href="#158">/usr/include/stdlib.h:791:6: error: expected initializer before '__THROW'</a></li>
          
          <li><a href="#164">/usr/include/stdlib.h:866:46: error: expected initializer before '__THROW'</a></li>
          
          <li><a href="#167">/usr/include/stdlib.h:869:48: error: expected initializer before '__THROW'</a></li>
          
          <li><a href="#170">/usr/include/stdlib.h:874:44: error: expected initializer before '__THROW'</a></li>
          
          <li><a href="#173">/usr/include/stdlib.h:878:6: error: expected initializer before '__THROW'</a></li>
          
        </ul>
      </li>
      
    </ul>
    
    <h2>Log</h2>
    
      <div class="block">
        <div class="info">
          <code>Removed vanilla repositories from pacman.conf and added:</code>
        </div>
        
          <div class="output">
            
            <a class="navhash" href="#1">#</a>
						
              <code id="1">[tuscan]</code><br />
						
            
            <a class="navhash" href="#2">#</a>
						
              <code id="2">Server = file:///var/cache/pacman/pkg/</code><br />
						
            
          </div>
        
      </div>
      <br />
    
      <div class="block">
        <div class="command">
          <code><span class="prompt">CMD: </span>pacman -Syy --noconfirm</code>
        </div>
        
          <div class="output">
            
            <a class="navhash" href="#3">#</a>
						
              <code id="3">:: Synchronizing package databases...</code><br />
						
            
            <a class="navhash" href="#4">#</a>
						
              <code id="4">downloading tuscan.db...</code><br />
						
            
          </div>
        
      </div>
      <br />
    
      <div class="block">
        <div class="info">
          <code>Copying directory '/toolchain_root/lib' to '/sysroot/lib'</code>
        </div>
        
      </div>
      <br />
    
      <div class="block">
        <div class="info">
          <code>Copying directory '/toolchain_root/share' to '/sysroot/share'</code>
        </div>
        
      </div>
      <br />
    
      <div class="block">
        <div class="info">
          <code>Copying directory '/toolchain_root/bin' to '/sysroot/bin'</code>
        </div>
        
      </div>
      <br />
    
      <div class="block">
        <div class="info">
          <code>Copying directory '/toolchain_root/include' to '/sysroot/include'</code>
        </div>
        
      </div>
      <br />
    
      <div class="block">
        <div class="info">
          <code>Copying directory '/toolchain_root/libexec' to '/sysroot/libexec'</code>
        </div>
        
      </div>
      <br />
    
      <div class="block">
        <div class="command">
          <code><span class="prompt">CMD: </span>sudo -u tuscan PATH=/sysroot/bin:/usr/local/sbin:/usr/local/bin:/usr/sbin:/usr/bin:/sbin:/bin CC=clang CXX=clang++ SYSROOT=/sysroot/ LIBRARY_PATH=/sysroot/lib CXXFLAGS=-stdlib-libc++ CPATH=/sysroot/include red makepkg --noextract --syncdeps --skipinteg --skippgpcheck --skipchecksums --noconfirm --nocolor --log --noprogressbar --nocheck</code>
        </div>
        
          <div class="output">
            
            <a class="navhash" href="#5">#</a>
						
              <code id="5">==> Making package: rubiks 20070912-2 (Wed Aug 10 23:30:55 UTC 2016)</code><br />
						
            
            <a class="navhash" href="#6">#</a>
						
              <code id="6">==> Checking runtime dependencies...</code><br />
						
            
            <a class="navhash" href="#7">#</a>
						
              <code id="7">==> Checking buildtime dependencies...</code><br />
						
            
            <a class="navhash" href="#8">#</a>
						
              <code id="8">==> WARNING: Using existing $srcdir/ tree</code><br />
						
            
            <a class="navhash" href="#9">#</a>
						
              <code id="9">==> Entering fakeroot environment...</code><br />
						
            
            <a class="navhash" href="#10">#</a>
						
              <code id="10">==> Starting package()...</code><br />
						
            
            <a class="navhash" href="#11">#</a>
						
              <code id="11">for dir in dietz/cu2 dietz/mcube dietz/solver dik reid; do \</code><br />
						
            
            <a class="navhash" href="#12">#</a>
						
              <code id="12">	(cd ${dir} && make all)\</code><br />
						
            
            <a class="navhash" href="#13">#</a>
						
              <code id="13">done</code><br />
						
            
            <a class="navhash" href="#14">#</a>
						
              <code id="14">make[1]: warning: jobserver unavailable: using -j1.  Add '+' to parent make rule.</code><br />
						
            
            <a class="navhash" href="#15">#</a>
						
              <code id="15">make[1]: Entering directory '/tmp/rubiks/src/rubiks-20070912/dietz/cu2'</code><br />
						
            
            <a class="navhash" href="#16">#</a>
						
              <code id="16">g++ -O2 -c cu2.cpp</code><br />
						
            
            <a class="navhash" href="#17">#</a>
						
              <code id="17">In file included from /usr/include/c++/6.1.1/x86_64-pc-linux-gnu/bits/c++config.h:495:0,</code><br />
						
            
            <a class="navhash" href="#18">#</a>
						
              <code id="18">                 from /usr/include/c++/6.1.1/string:38,</code><br />
						
            
            <a class="navhash" href="#19">#</a>
						
              <code id="19">                 from cu2.cpp:10:</code><br />
						
            
            <a class="navhash" href="#20">#</a>
						
              <code id="20">/usr/include/c++/6.1.1/x86_64-pc-linux-gnu/bits/os_defines.h:44:19: error: missing binary operator before token "("</code><br />
						
            
            <a class="navhash" href="#21">#</a>
						
              <code id="21"> #if __GLIBC_PREREQ(2,15) && defined(_GNU_SOURCE)</code><br />
						
            
            <a class="navhash" href="#22">#</a>
						
              <code id="22">                   ^</code><br />
						
            
            <a class="navhash" href="#23">#</a>
						
              <code id="23">In file included from /usr/include/c++/6.1.1/bits/localefwd.h:40:0,</code><br />
						
            
            <a class="navhash" href="#24">#</a>
						
              <code id="24">                 from /usr/include/c++/6.1.1/string:43,</code><br />
						
            
            <a class="navhash" href="#25">#</a>
						
              <code id="25">                 from cu2.cpp:10:</code><br />
						
            
            <a class="navhash" href="#26">#</a>
						
              <code id="26">/usr/include/c++/6.1.1/x86_64-pc-linux-gnu/bits/c++locale.h:62:11: error: '__locale_t' does not name a type</code><br />
						
            
            <a class="navhash" href="#27">#</a>
						
              <code id="27">   typedef __locale_t  __c_locale;</code><br />
						
            
            <a class="navhash" href="#28">#</a>
						
              <code id="28">           ^~~~~~~~~~</code><br />
						
            
            <a class="navhash" href="#29">#</a>
						
              <code id="29">/usr/include/c++/6.1.1/x86_64-pc-linux-gnu/bits/c++locale.h:69:26: error: '__c_locale' does not name a type</code><br />
						
            
            <a class="navhash" href="#30">#</a>
						
              <code id="30">   __convert_from_v(const __c_locale& __cloc __attribute__ ((__unused__)),</code><br />
						
            
            <a class="navhash" href="#31">#</a>
						
              <code id="31">                          ^~~~~~~~~~</code><br />
						
            
            <a class="navhash" href="#32">#</a>
						
              <code id="32">make[1]: *** [Makefile:37: cu2.o] Error 1</code><br />
						
            
            <a class="navhash" href="#33">#</a>
						
              <code id="33">make[1]: Leaving directory '/tmp/rubiks/src/rubiks-20070912/dietz/cu2'</code><br />
						
            
            <a class="navhash" href="#34">#</a>
						
              <code id="34">make[1]: warning: jobserver unavailable: using -j1.  Add '+' to parent make rule.</code><br />
						
            
            <a class="navhash" href="#35">#</a>
						
              <code id="35">make[1]: Entering directory '/tmp/rubiks/src/rubiks-20070912/dietz/mcube'</code><br />
						
            
            <a class="navhash" href="#36">#</a>
						
              <code id="36">g++ -O2 -c mcube.cpp</code><br />
						
            
            <a class="navhash" href="#37">#</a>
						
              <code id="37">In file included from /usr/include/c++/6.1.1/x86_64-pc-linux-gnu/bits/c++config.h:495:0,</code><br />
						
            
            <a class="navhash" href="#38">#</a>
						
              <code id="38">                 from /usr/include/c++/6.1.1/string:38,</code><br />
						
            
            <a class="navhash" href="#39">#</a>
						
              <code id="39">                 from mcube.cpp:10:</code><br />
						
            
            <a class="navhash" href="#40">#</a>
						
              <code id="40">/usr/include/c++/6.1.1/x86_64-pc-linux-gnu/bits/os_defines.h:44:19: error: missing binary operator before token "("</code><br />
						
            
            <a class="navhash" href="#41">#</a>
						
              <code id="41"> #if __GLIBC_PREREQ(2,15) && defined(_GNU_SOURCE)</code><br />
						
            
            <a class="navhash" href="#42">#</a>
						
              <code id="42">                   ^</code><br />
						
            
            <a class="navhash" href="#43">#</a>
						
              <code id="43">In file included from /usr/include/c++/6.1.1/bits/localefwd.h:40:0,</code><br />
						
            
            <a class="navhash" href="#44">#</a>
						
              <code id="44">                 from /usr/include/c++/6.1.1/string:43,</code><br />
						
            
            <a class="navhash" href="#45">#</a>
						
              <code id="45">                 from mcube.cpp:10:</code><br />
						
            
            <a class="navhash" href="#46">#</a>
						
              <code id="46">/usr/include/c++/6.1.1/x86_64-pc-linux-gnu/bits/c++locale.h:62:11: error: '__locale_t' does not name a type</code><br />
						
            
            <a class="navhash" href="#47">#</a>
						
              <code id="47">   typedef __locale_t  __c_locale;</code><br />
						
            
            <a class="navhash" href="#48">#</a>
						
              <code id="48">           ^~~~~~~~~~</code><br />
						
            
            <a class="navhash" href="#49">#</a>
						
              <code id="49">/usr/include/c++/6.1.1/x86_64-pc-linux-gnu/bits/c++locale.h:69:26: error: '__c_locale' does not name a type</code><br />
						
            
            <a class="navhash" href="#50">#</a>
						
              <code id="50">   __convert_from_v(const __c_locale& __cloc __attribute__ ((__unused__)),</code><br />
						
            
            <a class="navhash" href="#51">#</a>
						
              <code id="51">                          ^~~~~~~~~~</code><br />
						
            
            <a class="navhash" href="#52">#</a>
						
              <code id="52">make[1]: *** [Makefile:37: mcube.o] Error 1</code><br />
						
            
            <a class="navhash" href="#53">#</a>
						
              <code id="53">make[1]: Leaving directory '/tmp/rubiks/src/rubiks-20070912/dietz/mcube'</code><br />
						
            
            <a class="navhash" href="#54">#</a>
						
              <code id="54">make[1]: warning: jobserver unavailable: using -j1.  Add '+' to parent make rule.</code><br />
						
            
            <a class="navhash" href="#55">#</a>
						
              <code id="55">make[1]: Entering directory '/tmp/rubiks/src/rubiks-20070912/dietz/solver'</code><br />
						
            
            <a class="navhash" href="#56">#</a>
						
              <code id="56">g++ -O2 -c cubex.cpp</code><br />
						
            
            <a class="navhash" href="#57">#</a>
						
              <code id="57">In file included from /usr/include/c++/6.1.1/x86_64-pc-linux-gnu/bits/c++config.h:495:0,</code><br />
						
            
            <a class="navhash" href="#58">#</a>
						
              <code id="58">                 from /usr/include/c++/6.1.1/cstdio:41,</code><br />
						
            
            <a class="navhash" href="#59">#</a>
						
              <code id="59">                 from cubex.cpp:11:</code><br />
						
            
            <a class="navhash" href="#60">#</a>
						
              <code id="60">/usr/include/c++/6.1.1/x86_64-pc-linux-gnu/bits/os_defines.h:44:19: error: missing binary operator before token "("</code><br />
						
            
            <a class="navhash" href="#61">#</a>
						
              <code id="61"> #if __GLIBC_PREREQ(2,15) && defined(_GNU_SOURCE)</code><br />
						
            
            <a class="navhash" href="#62">#</a>
						
              <code id="62">                   ^</code><br />
						
            
            <a class="navhash" href="#63">#</a>
						
              <code id="63">In file included from /usr/include/c++/6.1.1/bits/localefwd.h:40:0,</code><br />
						
            
            <a class="navhash" href="#64">#</a>
						
              <code id="64">                 from /usr/include/c++/6.1.1/string:43,</code><br />
						
            
            <a class="navhash" href="#65">#</a>
						
              <code id="65">                 from cubex.cpp:12:</code><br />
						
            
            <a class="navhash" href="#66">#</a>
						
              <code id="66">/usr/include/c++/6.1.1/x86_64-pc-linux-gnu/bits/c++locale.h:62:11: error: '__locale_t' does not name a type</code><br />
						
            
            <a class="navhash" href="#67">#</a>
						
              <code id="67">   typedef __locale_t  __c_locale;</code><br />
						
            
            <a class="navhash" href="#68">#</a>
						
              <code id="68">           ^~~~~~~~~~</code><br />
						
            
            <a class="navhash" href="#69">#</a>
						
              <code id="69">/usr/include/c++/6.1.1/x86_64-pc-linux-gnu/bits/c++locale.h:69:26: error: '__c_locale' does not name a type</code><br />
						
            
            <a class="navhash" href="#70">#</a>
						
              <code id="70">   __convert_from_v(const __c_locale& __cloc __attribute__ ((__unused__)),</code><br />
						
            
            <a class="navhash" href="#71">#</a>
						
              <code id="71">                          ^~~~~~~~~~</code><br />
						
            
            <a class="navhash" href="#72">#</a>
						
              <code id="72">In file included from /usr/include/c++/6.1.1/cstdlib:75:0,</code><br />
						
            
            <a class="navhash" href="#73">#</a>
						
              <code id="73">                 from /usr/include/c++/6.1.1/ext/string_conversions.h:41,</code><br />
						
            
            <a class="navhash" href="#74">#</a>
						
              <code id="74">                 from /usr/include/c++/6.1.1/bits/basic_string.h:5402,</code><br />
						
            
            <a class="navhash" href="#75">#</a>
						
              <code id="75">                 from /usr/include/c++/6.1.1/string:52,</code><br />
						
            
            <a class="navhash" href="#76">#</a>
						
              <code id="76">                 from cubex.cpp:12:</code><br />
						
            
            <a class="navhash" href="#77">#</a>
						
              <code id="77">/usr/include/stdlib.h:34:1: error: '__BEGIN_DECLS' does not name a type</code><br />
						
            
            <a class="navhash" href="#78">#</a>
						
              <code id="78"> __BEGIN_DECLS</code><br />
						
            
            <a class="navhash" href="#79">#</a>
						
              <code id="79"> ^~~~~~~~~~~~~</code><br />
						
            
            <a class="navhash" href="#80">#</a>
						
              <code id="80">/usr/include/stdlib.h:101:5: error: 'div_t' does not name a type</code><br />
						
            
            <a class="navhash" href="#81">#</a>
						
              <code id="81">   } div_t;</code><br />
						
            
            <a class="navhash" href="#82">#</a>
						
              <code id="82">     ^~~~~</code><br />
						
            
            <a class="navhash" href="#83">#</a>
						
              <code id="83">/usr/include/stdlib.h:112:1: error: '__END_NAMESPACE_STD' does not name a type</code><br />
						
            
            <a class="navhash" href="#84">#</a>
						
              <code id="84"> __END_NAMESPACE_STD</code><br />
						
            
            <a class="navhash" href="#85">#</a>
						
              <code id="85"> ^~~~~~~~~~~~~~~~~~~</code><br />
						
            
            <a class="navhash" href="#86">#</a>
						
              <code id="86">/usr/include/stdlib.h:142:1: error: '__BEGIN_NAMESPACE_STD' does not name a type</code><br />
						
            
            <a class="navhash" href="#87">#</a>
						
              <code id="87"> __BEGIN_NAMESPACE_STD</code><br />
						
            
            <a class="navhash" href="#88">#</a>
						
              <code id="88"> ^~~~~~~~~~~~~~~~~~~~~</code><br />
						
            
            <a class="navhash" href="#89">#</a>
						<span class="error">
              <code id="89">/usr/include/stdlib.h:148:6: error: expected initializer before '__THROW'</code><br />
						</span>
            
            <a class="navhash" href="#90">#</a>
						
              <code id="90">      __THROW __attribute_pure__ __nonnull ((1)) __wur;</code><br />
						
            
            <a class="navhash" href="#91">#</a>
						
              <code id="91">      ^~~~~~~</code><br />
						
            
            <a class="navhash" href="#92">#</a>
						<span class="error">
              <code id="92">/usr/include/stdlib.h:151:6: error: expected initializer before '__THROW'</code><br />
						</span>
            
            <a class="navhash" href="#93">#</a>
						
              <code id="93">      __THROW __attribute_pure__ __nonnull ((1)) __wur;</code><br />
						
            
            <a class="navhash" href="#94">#</a>
						
              <code id="94">      ^~~~~~~</code><br />
						
            
            <a class="navhash" href="#95">#</a>
						
              <code id="95">/usr/include/stdlib.h:152:1: error: '__END_NAMESPACE_STD' does not name a type</code><br />
						
            
            <a class="navhash" href="#96">#</a>
						
              <code id="96"> __END_NAMESPACE_STD</code><br />
						
            
            <a class="navhash" href="#97">#</a>
						
              <code id="97"> ^~~~~~~~~~~~~~~~~~~</code><br />
						
            
            <a class="navhash" href="#98">#</a>
						
              <code id="98">/usr/include/stdlib.h:167:1: error: '__END_NAMESPACE_STD' does not name a type</code><br />
						
            
            <a class="navhash" href="#99">#</a>
						
              <code id="99"> __END_NAMESPACE_STD</code><br />
						
            
            <a class="navhash" href="#100">#</a>
						
              <code id="100"> ^~~~~~~~~~~~~~~~~~~</code><br />
						
            
            <a class="navhash" href="#101">#</a>
						<span class="error">
              <code id="101">/usr/include/stdlib.h:189:6: error: expected initializer before '__THROW'</code><br />
						</span>
            
            <a class="navhash" href="#102">#</a>
						
              <code id="102">      __THROW __nonnull ((1));</code><br />
						
            
            <a class="navhash" href="#103">#</a>
						
              <code id="103">      ^~~~~~~</code><br />
						
            
            <a class="navhash" href="#104">#</a>
						
              <code id="104">/usr/include/stdlib.h:190:1: error: '__END_NAMESPACE_STD' does not name a type</code><br />
						
            
            <a class="navhash" href="#105">#</a>
						
              <code id="105"> __END_NAMESPACE_STD</code><br />
						
            
            <a class="navhash" href="#106">#</a>
						
              <code id="106"> ^~~~~~~~~~~~~~~~~~~</code><br />
						
            
            <a class="navhash" href="#107">#</a>
						<span class="error">
              <code id="107">/usr/include/stdlib.h:376:41: error: expected initializer before '__THROW'</code><br />
						</span>
            
            <a class="navhash" href="#108">#</a>
						
              <code id="108"> extern void srand (unsigned int __seed) __THROW;</code><br />
						
            
            <a class="navhash" href="#109">#</a>
						
              <code id="109">                                         ^~~~~~~</code><br />
						
            
            <a class="navhash" href="#110">#</a>
						
              <code id="110">/usr/include/stdlib.h:377:1: error: '__END_NAMESPACE_STD' does not name a type</code><br />
						
            
            <a class="navhash" href="#111">#</a>
						
              <code id="111"> __END_NAMESPACE_STD</code><br />
						
            
            <a class="navhash" href="#112">#</a>
						
              <code id="112"> ^~~~~~~~~~~~~~~~~~~</code><br />
						
            
            <a class="navhash" href="#113">#</a>
						<span class="error">
              <code id="113">/usr/include/stdlib.h:469:6: error: expected initializer before '__THROW'</code><br />
						</span>
            
            <a class="navhash" href="#114">#</a>
						
              <code id="114">      __THROW __attribute_malloc__ __wur;</code><br />
						
            
            <a class="navhash" href="#115">#</a>
						
              <code id="115">      ^~~~~~~</code><br />
						
            
            <a class="navhash" href="#116">#</a>
						
              <code id="116">/usr/include/stdlib.h:470:1: error: '__END_NAMESPACE_STD' does not name a type</code><br />
						
            
            <a class="navhash" href="#117">#</a>
						
              <code id="117"> __END_NAMESPACE_STD</code><br />
						
            
            <a class="navhash" href="#118">#</a>
						
              <code id="118"> ^~~~~~~~~~~~~~~~~~~</code><br />
						
            
            <a class="navhash" href="#119">#</a>
						<span class="error">
              <code id="119">/usr/include/stdlib.h:483:32: error: expected initializer before '__THROW'</code><br />
						</span>
            
            <a class="navhash" href="#120">#</a>
						
              <code id="120"> extern void free (void *__ptr) __THROW;</code><br />
						
            
            <a class="navhash" href="#121">#</a>
						
              <code id="121">                                ^~~~~~~</code><br />
						
            
            <a class="navhash" href="#122">#</a>
						
              <code id="122">/usr/include/stdlib.h:484:1: error: '__END_NAMESPACE_STD' does not name a type</code><br />
						
            
            <a class="navhash" href="#123">#</a>
						
              <code id="123"> __END_NAMESPACE_STD</code><br />
						
            
            <a class="navhash" href="#124">#</a>
						
              <code id="124"> ^~~~~~~~~~~~~~~~~~~</code><br />
						
            
            <a class="navhash" href="#125">#</a>
						<span class="error">
              <code id="125">/usr/include/stdlib.h:519:43: error: expected initializer before '__THROW'</code><br />
						</span>
            
            <a class="navhash" href="#126">#</a>
						
              <code id="126"> extern int atexit (void (*__func) (void)) __THROW __nonnull ((1));</code><br />
						
            
            <a class="navhash" href="#127">#</a>
						
              <code id="127">                                           ^~~~~~~</code><br />
						
            
            <a class="navhash" href="#128">#</a>
						
              <code id="128">/usr/include/stdlib.h:530:1: error: '__END_NAMESPACE_STD' does not name a type</code><br />
						
            
            <a class="navhash" href="#129">#</a>
						
              <code id="129"> __END_NAMESPACE_STD</code><br />
						
            
            <a class="navhash" href="#130">#</a>
						
              <code id="130"> ^~~~~~~~~~~~~~~~~~~</code><br />
						
            
            <a class="navhash" href="#131">#</a>
						
              <code id="131">/usr/include/stdlib.h:551:1: error: '__END_NAMESPACE_STD' does not name a type</code><br />
						
            
            <a class="navhash" href="#132">#</a>
						
              <code id="132"> __END_NAMESPACE_STD</code><br />
						
            
            <a class="navhash" href="#133">#</a>
						
              <code id="133"> ^~~~~~~~~~~~~~~~~~~</code><br />
						
            
            <a class="navhash" href="#134">#</a>
						
              <code id="134">/usr/include/stdlib.h:565:1: error: '__END_NAMESPACE_STD' does not name a type</code><br />
						
            
            <a class="navhash" href="#135">#</a>
						
              <code id="135"> __END_NAMESPACE_STD</code><br />
						
            
            <a class="navhash" href="#136">#</a>
						
              <code id="136"> ^~~~~~~~~~~~~~~~~~~</code><br />
						
            
            <a class="navhash" href="#137">#</a>
						
              <code id="137">/usr/include/stdlib.h:717:1: error: '__END_NAMESPACE_STD' does not name a type</code><br />
						
            
            <a class="navhash" href="#138">#</a>
						
              <code id="138"> __END_NAMESPACE_STD</code><br />
						
            
            <a class="navhash" href="#139">#</a>
						
              <code id="139"> ^~~~~~~~~~~~~~~~~~~</code><br />
						
            
            <a class="navhash" href="#140">#</a>
						
              <code id="140">/usr/include/stdlib.h:751:1: error: '__BEGIN_NAMESPACE_STD' does not name a type</code><br />
						
            
            <a class="navhash" href="#141">#</a>
						
              <code id="141"> __BEGIN_NAMESPACE_STD</code><br />
						
            
            <a class="navhash" href="#142">#</a>
						
              <code id="142"> ^~~~~~~~~~~~~~~~~~~~~</code><br />
						
            
            <a class="navhash" href="#143">#</a>
						
              <code id="143">/usr/include/stdlib.h:765:6: error: '__compar_fn_t' has not been declared</code><br />
						
            
            <a class="navhash" href="#144">#</a>
						
              <code id="144">      __compar_fn_t __compar) __nonnull ((1, 4));</code><br />
						
            
            <a class="navhash" href="#145">#</a>
						
              <code id="145">      ^~~~~~~~~~~~~</code><br />
						
            
            <a class="navhash" href="#146">#</a>
						<span class="error">
              <code id="146">/usr/include/stdlib.h:765:30: error: expected initializer before '__nonnull'</code><br />
						</span>
            
            <a class="navhash" href="#147">#</a>
						
              <code id="147">      __compar_fn_t __compar) __nonnull ((1, 4));</code><br />
						
            
            <a class="navhash" href="#148">#</a>
						
              <code id="148">                              ^~~~~~~~~</code><br />
						
            
            <a class="navhash" href="#149">#</a>
						<span class="error">
              <code id="149">/usr/include/stdlib.h:774:26: error: expected initializer before '__THROW'</code><br />
						</span>
            
            <a class="navhash" href="#150">#</a>
						
              <code id="150"> extern int abs (int __x) __THROW __attribute__ ((__const__)) __wur;</code><br />
						
            
            <a class="navhash" href="#151">#</a>
						
              <code id="151">                          ^~~~~~~</code><br />
						
            
            <a class="navhash" href="#152">#</a>
						<span class="error">
              <code id="152">/usr/include/stdlib.h:775:37: error: expected initializer before '__THROW'</code><br />
						</span>
            
            <a class="navhash" href="#153">#</a>
						
              <code id="153"> extern long int labs (long int __x) __THROW __attribute__ ((__const__)) __wur;</code><br />
						
            
            <a class="navhash" href="#154">#</a>
						
              <code id="154">                                     ^~~~~~~</code><br />
						
            
            <a class="navhash" href="#155">#</a>
						
              <code id="155">/usr/include/stdlib.h:776:1: error: '__END_NAMESPACE_STD' does not name a type</code><br />
						
            
            <a class="navhash" href="#156">#</a>
						
              <code id="156"> __END_NAMESPACE_STD</code><br />
						
            
            <a class="navhash" href="#157">#</a>
						
              <code id="157"> ^~~~~~~~~~~~~~~~~~~</code><br />
						
            
            <a class="navhash" href="#158">#</a>
						<span class="error">
              <code id="158">/usr/include/stdlib.h:791:6: error: expected initializer before '__THROW'</code><br />
						</span>
            
            <a class="navhash" href="#159">#</a>
						
              <code id="159">      __THROW __attribute__ ((__const__)) __wur;</code><br />
						
            
            <a class="navhash" href="#160">#</a>
						
              <code id="160">      ^~~~~~~</code><br />
						
            
            <a class="navhash" href="#161">#</a>
						
              <code id="161">/usr/include/stdlib.h:792:1: error: '__END_NAMESPACE_STD' does not name a type</code><br />
						
            
            <a class="navhash" href="#162">#</a>
						
              <code id="162"> __END_NAMESPACE_STD</code><br />
						
            
            <a class="navhash" href="#163">#</a>
						
              <code id="163"> ^~~~~~~~~~~~~~~~~~~</code><br />
						
            
            <a class="navhash" href="#164">#</a>
						<span class="error">
              <code id="164">/usr/include/stdlib.h:866:46: error: expected initializer before '__THROW'</code><br />
						</span>
            
            <a class="navhash" href="#165">#</a>
						
              <code id="165">      const char *__restrict __s, size_t __n) __THROW;</code><br />
						
            
            <a class="navhash" href="#166">#</a>
						
              <code id="166">                                              ^~~~~~~</code><br />
						
            
            <a class="navhash" href="#167">#</a>
						<span class="error">
              <code id="167">/usr/include/stdlib.h:869:48: error: expected initializer before '__THROW'</code><br />
						</span>
            
            <a class="navhash" href="#168">#</a>
						
              <code id="168"> extern int wctomb (char *__s, wchar_t __wchar) __THROW;</code><br />
						
            
            <a class="navhash" href="#169">#</a>
						
              <code id="169">                                                ^~~~~~~</code><br />
						
            
            <a class="navhash" href="#170">#</a>
						<span class="error">
              <code id="170">/usr/include/stdlib.h:874:44: error: expected initializer before '__THROW'</code><br />
						</span>
            
            <a class="navhash" href="#171">#</a>
						
              <code id="171">    const char *__restrict __s, size_t __n) __THROW;</code><br />
						
            
            <a class="navhash" href="#172">#</a>
						
              <code id="172">                                            ^~~~~~~</code><br />
						
            
            <a class="navhash" href="#173">#</a>
						<span class="error">
              <code id="173">/usr/include/stdlib.h:878:6: error: expected initializer before '__THROW'</code><br />
						</span>
            
            <a class="navhash" href="#174">#</a>
						
              <code id="174">      __THROW;</code><br />
						
            
            <a class="navhash" href="#175">#</a>
						
              <code id="175">      ^~~~~~~</code><br />
						
            
            <a class="navhash" href="#176">#</a>
						
              <code id="176">/usr/include/stdlib.h:879:1: error: '__END_NAMESPACE_STD' does not name a type</code><br />
						
            
            <a class="navhash" href="#177">#</a>
						
              <code id="177"> __END_NAMESPACE_STD</code><br />
						
            
            <a class="navhash" href="#178">#</a>
						
              <code id="178"> ^~~~~~~~~~~~~~~~~~~</code><br />
						
            
            <a class="navhash" href="#179">#</a>
						
              <code id="179">In file included from /usr/include/c++/6.1.1/string:52:0,</code><br />
						
            
            <a class="navhash" href="#180">#</a>
						
              <code id="180">                 from cubex.cpp:12:</code><br />
						
            
            <a class="navhash" href="#181">#</a>
						
              <code id="181">/usr/include/c++/6.1.1/bits/basic_string.h: In function 'int std::__cxx11::stoi(const string&, std::size_t*, int)':</code><br />
						
            
            <a class="navhash" href="#182">#</a>
						
              <code id="182">/usr/include/c++/6.1.1/bits/basic_string.h:5413:42: error: 'strtol' is not a member of 'std'</code><br />
						
            
            <a class="navhash" href="#183">#</a>
						
              <code id="183">   { return __gnu_cxx::__stoa<long, int>(&std::strtol, "stoi", __str.c_str(),</code><br />
						
            
            <a class="navhash" href="#184">#</a>
						
              <code id="184">                                          ^~~</code><br />
						
            
            <a class="navhash" href="#185">#</a>
						
              <code id="185">/usr/include/c++/6.1.1/bits/basic_string.h: In function 'long int std::__cxx11::stol(const string&, std::size_t*, int)':</code><br />
						
            
            <a class="navhash" href="#186">#</a>
						
              <code id="186">/usr/include/c++/6.1.1/bits/basic_string.h:5418:31: error: 'strtol' is not a member of 'std'</code><br />
						
            
            <a class="navhash" href="#187">#</a>
						
              <code id="187">   { return __gnu_cxx::__stoa(&std::strtol, "stol", __str.c_str(),</code><br />
						
            
            <a class="navhash" href="#188">#</a>
						
              <code id="188">                               ^~~</code><br />
						
            
            <a class="navhash" href="#189">#</a>
						
              <code id="189">/usr/include/c++/6.1.1/bits/basic_string.h: In function 'long unsigned int std::__cxx11::stoul(const string&, std::size_t*, int)':</code><br />
						
            
            <a class="navhash" href="#190">#</a>
						
              <code id="190">/usr/include/c++/6.1.1/bits/basic_string.h:5423:31: error: 'strtoul' is not a member of 'std'</code><br />
						
            
            <a class="navhash" href="#191">#</a>
						
              <code id="191">   { return __gnu_cxx::__stoa(&std::strtoul, "stoul", __str.c_str(),</code><br />
						
            
            <a class="navhash" href="#192">#</a>
						
              <code id="192">                               ^~~</code><br />
						
            
            <a class="navhash" href="#193">#</a>
						
              <code id="193">/usr/include/c++/6.1.1/bits/basic_string.h: In function 'long long int std::__cxx11::stoll(const string&, std::size_t*, int)':</code><br />
						
            
            <a class="navhash" href="#194">#</a>
						
              <code id="194">/usr/include/c++/6.1.1/bits/basic_string.h:5428:31: error: 'strtoll' is not a member of 'std'</code><br />
						
            
            <a class="navhash" href="#195">#</a>
						
              <code id="195">   { return __gnu_cxx::__stoa(&std::strtoll, "stoll", __str.c_str(),</code><br />
						
            
            <a class="navhash" href="#196">#</a>
						
              <code id="196">                               ^~~</code><br />
						
            
            <a class="navhash" href="#197">#</a>
						
              <code id="197">/usr/include/c++/6.1.1/bits/basic_string.h: In function 'long long unsigned int std::__cxx11::stoull(const string&, std::size_t*, int)':</code><br />
						
            
            <a class="navhash" href="#198">#</a>
						
              <code id="198">/usr/include/c++/6.1.1/bits/basic_string.h:5433:31: error: 'strtoull' is not a member of 'std'</code><br />
						
            
            <a class="navhash" href="#199">#</a>
						
              <code id="199">   { return __gnu_cxx::__stoa(&std::strtoull, "stoull", __str.c_str(),</code><br />
						
            
            <a class="navhash" href="#200">#</a>
						
              <code id="200">                               ^~~</code><br />
						
            
            <a class="navhash" href="#201">#</a>
						
              <code id="201">/usr/include/c++/6.1.1/bits/basic_string.h: In function 'float std::__cxx11::stof(const string&, std::size_t*)':</code><br />
						
            
            <a class="navhash" href="#202">#</a>
						
              <code id="202">/usr/include/c++/6.1.1/bits/basic_string.h:5439:31: error: 'strtof' is not a member of 'std'</code><br />
						
            
            <a class="navhash" href="#203">#</a>
						
              <code id="203">   { return __gnu_cxx::__stoa(&std::strtof, "stof", __str.c_str(), __idx); }</code><br />
						
            
            <a class="navhash" href="#204">#</a>
						
              <code id="204">                               ^~~</code><br />
						
            
            <a class="navhash" href="#205">#</a>
						
              <code id="205">/usr/include/c++/6.1.1/bits/basic_string.h: In function 'double std::__cxx11::stod(const string&, std::size_t*)':</code><br />
						
            
            <a class="navhash" href="#206">#</a>
						
              <code id="206">/usr/include/c++/6.1.1/bits/basic_string.h:5443:31: error: 'strtod' is not a member of 'std'</code><br />
						
            
            <a class="navhash" href="#207">#</a>
						
              <code id="207">   { return __gnu_cxx::__stoa(&std::strtod, "stod", __str.c_str(), __idx); }</code><br />
						
            
            <a class="navhash" href="#208">#</a>
						
              <code id="208">                               ^~~</code><br />
						
            
            <a class="navhash" href="#209">#</a>
						
              <code id="209">/usr/include/c++/6.1.1/bits/basic_string.h: In function 'long double std::__cxx11::stold(const string&, std::size_t*)':</code><br />
						
            
            <a class="navhash" href="#210">#</a>
						
              <code id="210">/usr/include/c++/6.1.1/bits/basic_string.h:5447:31: error: 'strtold' is not a member of 'std'</code><br />
						
            
            <a class="navhash" href="#211">#</a>
						
              <code id="211">   { return __gnu_cxx::__stoa(&std::strtold, "stold", __str.c_str(), __idx); }</code><br />
						
            
            <a class="navhash" href="#212">#</a>
						
              <code id="212">                               ^~~</code><br />
						
            
            <a class="navhash" href="#213">#</a>
						
              <code id="213">cubex.cpp: In member function 'const void Cubex::ScrambleCube()':</code><br />
						
            
            <a class="navhash" href="#214">#</a>
						
              <code id="214">cubex.cpp:558:13: error: 'rand' was not declared in this scope</code><br />
						
            
            <a class="navhash" href="#215">#</a>
						
              <code id="215">   a += rand() % a;</code><br />
						
            
            <a class="navhash" href="#216">#</a>
						
              <code id="216">             ^</code><br />
						
            
            <a class="navhash" href="#217">#</a>
						
              <code id="217">make[1]: *** [Makefile:22: cubex.o] Error 1</code><br />
						
            
            <a class="navhash" href="#218">#</a>
						
              <code id="218">make[1]: Leaving directory '/tmp/rubiks/src/rubiks-20070912/dietz/solver'</code><br />
						
            
            <a class="navhash" href="#219">#</a>
						
              <code id="219">make[1]: warning: jobserver unavailable: using -j1.  Add '+' to parent make rule.</code><br />
						
            
            <a class="navhash" href="#220">#</a>
						
              <code id="220">make[1]: Entering directory '/tmp/rubiks/src/rubiks-20070912/dik'</code><br />
						
            
            <a class="navhash" href="#221">#</a>
						
              <code id="221">clang -O -DLARGE_MEM -DVERBOSE   -c -o cube.o cube.c</code><br />
						
            
            <a class="navhash" href="#222">#</a>
						
              <code id="222">cube.c:9:1: warning: type specifier missing, defaults to 'int' [-Wimplicit-int]</code><br />
						
            
            <a class="navhash" href="#223">#</a>
						
              <code id="223">main(argc, argv)</code><br />
						
            
            <a class="navhash" href="#224">#</a>
						
              <code id="224">^</code><br />
						
            
            <a class="navhash" href="#225">#</a>
						
              <code id="225">cube.c:20:2: warning: implicitly declaring library function 'exit' with type 'void (int) __attribute__((noreturn))' [-Wimplicit-function-declaration]</code><br />
						
            
            <a class="navhash" href="#226">#</a>
						
              <code id="226">        exit(1);</code><br />
						
            
            <a class="navhash" href="#227">#</a>
						
              <code id="227">        ^</code><br />
						
            
            <a class="navhash" href="#228">#</a>
						
              <code id="228">cube.c:20:2: note: include the header <stdlib.h> or explicitly provide a declaration for 'exit'</code><br />
						
            
            <a class="navhash" href="#229">#</a>
						
              <code id="229">cube.c:23:6: warning: implicitly declaring library function 'strcmp' with type 'int (const char *, const char *)' [-Wimplicit-function-declaration]</code><br />
						
            
            <a class="navhash" href="#230">#</a>
						
              <code id="230">        if(!strcmp(argv[1], "-t")) {</code><br />
						
            
            <a class="navhash" href="#231">#</a>
						
              <code id="231">            ^</code><br />
						
            
            <a class="navhash" href="#232">#</a>
						
              <code id="232">cube.c:23:6: note: include the header <string.h> or explicitly provide a declaration for 'strcmp'</code><br />
						
            
            <a class="navhash" href="#233">#</a>
						
              <code id="233">cube.c:51:5: warning: implicit declaration of function 'init_phase1' is invalid in C99 [-Wimplicit-function-declaration]</code><br />
						
            
            <a class="navhash" href="#234">#</a>
						
              <code id="234">    init_phase1();</code><br />
						
            
            <a class="navhash" href="#235">#</a>
						
              <code id="235">    ^</code><br />
						
            
            <a class="navhash" href="#236">#</a>
						
              <code id="236">cube.c:53:5: warning: implicit declaration of function 'init_phase2' is invalid in C99 [-Wimplicit-function-declaration]</code><br />
						
            
            <a class="navhash" href="#237">#</a>
						
              <code id="237">    init_phase2();</code><br />
						
            
            <a class="navhash" href="#238">#</a>
						
              <code id="238">    ^</code><br />
						
            
            <a class="navhash" href="#239">#</a>
						
              <code id="239">cube.c:64:2: warning: implicit declaration of function 'set_cube' is invalid in C99 [-Wimplicit-function-declaration]</code><br />
						
            
            <a class="navhash" href="#240">#</a>
						
              <code id="240">        set_cube();</code><br />
						
            
            <a class="navhash" href="#241">#</a>
						
              <code id="241">        ^</code><br />
						
            
            <a class="navhash" href="#242">#</a>
						
              <code id="242">cube.c:68:17: warning: implicit declaration of function 'init_phase1_cube' is invalid in C99 [-Wimplicit-function-declaration]</code><br />
						
            
            <a class="navhash" href="#243">#</a>
						
              <code id="243">    do_phase1 = init_phase1_cube();</code><br />
						
            
            <a class="navhash" href="#244">#</a>
						
              <code id="244">                ^</code><br />
						
            
            <a class="navhash" href="#245">#</a>
						
              <code id="245">cube.c:75:6: warning: implicit declaration of function 'phase1' is invalid in C99 [-Wimplicit-function-declaration]</code><br />
						
            
            <a class="navhash" href="#246">#</a>
						
              <code id="246">            phase1(i++);</code><br />
						
            
            <a class="navhash" href="#247">#</a>
						
              <code id="247">            ^</code><br />
						
            
            <a class="navhash" href="#248">#</a>
						
              <code id="248">cube.c:81:2: warning: implicit declaration of function 'perm_cube' is invalid in C99 [-Wimplicit-function-declaration]</code><br />
						
            
            <a class="navhash" href="#249">#</a>
						
              <code id="249">        perm_cube();</code><br />
						
            
            <a class="navhash" href="#250">#</a>
						
              <code id="250">        ^</code><br />
						
            
            <a class="navhash" href="#251">#</a>
						
              <code id="251">cube.c:82:14: warning: implicit declaration of function 'init_phase2_cube' is invalid in C99 [-Wimplicit-function-declaration]</code><br />
						
            
            <a class="navhash" href="#252">#</a>
						
              <code id="252">        do_phase2 = init_phase2_cube();</code><br />
						
            
            <a class="navhash" href="#253">#</a>
						
              <code id="253">                    ^</code><br />
						
            
            <a class="navhash" href="#254">#</a>
						
              <code id="254">cube.c:90:3: warning: implicit declaration of function 'phase2' is invalid in C99 [-Wimplicit-function-declaration]</code><br />
						
            
            <a class="navhash" href="#255">#</a>
						
              <code id="255">                phase2(i++, -1, -1);</code><br />
						
            
            <a class="navhash" href="#256">#</a>
						
              <code id="256">                ^</code><br />
						
            
            <a class="navhash" href="#257">#</a>
						
              <code id="257">11 warnings generated.</code><br />
						
            
            <a class="navhash" href="#258">#</a>
						
              <code id="258">clang -O -DLARGE_MEM -DVERBOSE   -c -o phase1.o phase1.c</code><br />
						
            
            <a class="navhash" href="#259">#</a>
						
              <code id="259">phase1.c:55:2: warning: implicitly declaring library function 'exit' with type 'void (int) __attribute__((noreturn))' [-Wimplicit-function-declaration]</code><br />
						
            
            <a class="navhash" href="#260">#</a>
						
              <code id="260">        exit(1);</code><br />
						
            
            <a class="navhash" href="#261">#</a>
						
              <code id="261">        ^</code><br />
						
            
            <a class="navhash" href="#262">#</a>
						
              <code id="262">phase1.c:55:2: note: include the header <stdlib.h> or explicitly provide a declaration for 'exit'</code><br />
						
            
            <a class="navhash" href="#263">#</a>
						
              <code id="263">phase1.c:190:2: warning: implicit declaration of function 'perm_cube' is invalid in C99 [-Wimplicit-function-declaration]</code><br />
						
            
            <a class="navhash" href="#264">#</a>
						
              <code id="264">        perm_cube();</code><br />
						
            
            <a class="navhash" href="#265">#</a>
						
              <code id="265">        ^</code><br />
						
            
            <a class="navhash" href="#266">#</a>
						
              <code id="266">phase1.c:191:14: warning: implicit declaration of function 'init_phase2_cube' is invalid in C99 [-Wimplicit-function-declaration]</code><br />
						
            
            <a class="navhash" href="#267">#</a>
						
              <code id="267">        do_phase2 = init_phase2_cube();</code><br />
						
            
            <a class="navhash" href="#268">#</a>
						
              <code id="268">                    ^</code><br />
						
            
            <a class="navhash" href="#269">#</a>
						
              <code id="269">phase1.c:198:3: warning: implicit declaration of function 'phase2' is invalid in C99 [-Wimplicit-function-declaration]</code><br />
						
            
            <a class="navhash" href="#270">#</a>
						
              <code id="270">                phase2(i++ - cur_move, dont1, dont2);</code><br />
						
            
            <a class="navhash" href="#271">#</a>
						
              <code id="271">                ^</code><br />
						
            
            <a class="navhash" href="#272">#</a>
						
              <code id="272">phase1.c:204:6: warning: implicit declaration of function 'prnt_sol' is invalid in C99 [-Wimplicit-function-declaration]</code><br />
						
            
            <a class="navhash" href="#273">#</a>
						
              <code id="273">            prnt_sol();</code><br />
						
            
            <a class="navhash" href="#274">#</a>
						
              <code id="274">            ^</code><br />
						
            
            <a class="navhash" href="#275">#</a>
						
              <code id="275">phase1.c:240:9: warning: implicitly declaring library function 'abs' with type 'int (int)' [-Wimplicit-function-declaration]</code><br />
						
            
            <a class="navhash" href="#276">#</a>
						
              <code id="276">            if(abs(dont1 - i) == 3) {</code><br />
						
            
            <a class="navhash" href="#277">#</a>
						
              <code id="277">               ^</code><br />
						
            
            <a class="navhash" href="#278">#</a>
						
              <code id="278">phase1.c:240:9: note: include the header <stdlib.h> or explicitly provide a declaration for 'abs'</code><br />
						
            
            <a class="navhash" href="#279">#</a>
						
              <code id="279">6 warnings generated.</code><br />
						
            
            <a class="navhash" href="#280">#</a>
						
              <code id="280">clang -O -DLARGE_MEM -DVERBOSE   -c -o phase2.o phase2.c</code><br />
						
            
            <a class="navhash" href="#281">#</a>
						
              <code id="281">phase2.c:107:2: warning: implicit declaration of function 'prnt_sol' is invalid in C99 [-Wimplicit-function-declaration]</code><br />
						
            
            <a class="navhash" href="#282">#</a>
						
              <code id="282">        prnt_sol();</code><br />
						
            
            <a class="navhash" href="#283">#</a>
						
              <code id="283">        ^</code><br />
						
            
            <a class="navhash" href="#284">#</a>
						
              <code id="284">phase2.c:140:9: warning: implicitly declaring library function 'abs' with type 'int (int)' [-Wimplicit-function-declaration]</code><br />
						
            
            <a class="navhash" href="#285">#</a>
						
              <code id="285">            if(abs(i - dont1) == 3) {</code><br />
						
            
            <a class="navhash" href="#286">#</a>
						
              <code id="286">               ^</code><br />
						
            
            <a class="navhash" href="#287">#</a>
						
              <code id="287">phase2.c:140:9: note: include the header <stdlib.h> or explicitly provide a declaration for 'abs'</code><br />
						
            
            <a class="navhash" href="#288">#</a>
						
              <code id="288">2 warnings generated.</code><br />
						
            
            <a class="navhash" href="#289">#</a>
						
              <code id="289">clang -O -DLARGE_MEM -DVERBOSE   -c -o setcube.o setcube.c</code><br />
						
            
            <a class="navhash" href="#290">#</a>
						
              <code id="290">setcube.c:27:8: warning: type specifier missing, defaults to 'int' [-Wimplicit-int]</code><br />
						
            
            <a class="navhash" href="#291">#</a>
						
              <code id="291">static cube_found, orient_found;</code><br />
						
            
            <a class="navhash" href="#292">#</a>
						
              <code id="292">~~~~~~ ^</code><br />
						
            
            <a class="navhash" href="#293">#</a>
						
              <code id="293">setcube.c:27:20: warning: type specifier missing, defaults to 'int' [-Wimplicit-int]</code><br />
						
            
            <a class="navhash" href="#294">#</a>
						
              <code id="294">static cube_found, orient_found;</code><br />
						
            
            <a class="navhash" href="#295">#</a>
						
              <code id="295">~~~~~~             ^</code><br />
						
            
            <a class="navhash" href="#296">#</a>
						
              <code id="296">setcube.c:36:10: warning: implicitly declaring library function 'strncmp' with type 'int (const char *, const char *, unsigned long)' [-Wimplicit-function-declaration]</code><br />
						
            
            <a class="navhash" href="#297">#</a>
						
              <code id="297">            if(!strncmp(corners[i][j], c, 3)) {</code><br />
						
            
            <a class="navhash" href="#298">#</a>
						
              <code id="298">                ^</code><br />
						
            
            <a class="navhash" href="#299">#</a>
						
              <code id="299">setcube.c:36:10: note: include the header <string.h> or explicitly provide a declaration for 'strncmp'</code><br />
						
            
            <a class="navhash" href="#300">#</a>
						
              <code id="300">setcube.c:44:5: warning: implicitly declaring library function 'exit' with type 'void (int) __attribute__((noreturn))' [-Wimplicit-function-declaration]</code><br />
						
            
            <a class="navhash" href="#301">#</a>
						
              <code id="301">    exit(1);</code><br />
						
            
            <a class="navhash" href="#302">#</a>
						
              <code id="302">    ^</code><br />
						
            
            <a class="navhash" href="#303">#</a>
						
              <code id="303">setcube.c:44:5: note: include the header <stdlib.h> or explicitly provide a declaration for 'exit'</code><br />
						
            
            <a class="navhash" href="#304">#</a>
						
              <code id="304">4 warnings generated.</code><br />
						
            
            <a class="navhash" href="#305">#</a>
						
              <code id="305">clang -O -DLARGE_MEM -DVERBOSE   -c -o permcube.o permcube.c</code><br />
						
            
            <a class="navhash" href="#306">#</a>
						
              <code id="306">permcube.c:3:1: warning: type specifier missing, defaults to 'int' [-Wimplicit-int]</code><br />
						
            
            <a class="navhash" href="#307">#</a>
						
              <code id="307">perm_cube()</code><br />
						
            
            <a class="navhash" href="#308">#</a>
						
              <code id="308">^</code><br />
						
            
            <a class="navhash" href="#309">#</a>
						
              <code id="309">permcube.c:96:1: warning: control reaches end of non-void function [-Wreturn-type]</code><br />
						
            
            <a class="navhash" href="#310">#</a>
						
              <code id="310">}</code><br />
						
            
            <a class="navhash" href="#311">#</a>
						
              <code id="311">^</code><br />
						
            
            <a class="navhash" href="#312">#</a>
						
              <code id="312">2 warnings generated.</code><br />
						
            
            <a class="navhash" href="#313">#</a>
						
              <code id="313">clang -O -DLARGE_MEM -DVERBOSE   -c -o prntsol.o prntsol.c</code><br />
						
            
            <a class="navhash" href="#314">#</a>
						
              <code id="314">prntsol.c:5:1: warning: type specifier missing, defaults to 'int' [-Wimplicit-int]</code><br />
						
            
            <a class="navhash" href="#315">#</a>
						
              <code id="315">prnt_sol()</code><br />
						
            
            <a class="navhash" href="#316">#</a>
						
              <code id="316">^</code><br />
						
            
            <a class="navhash" href="#317">#</a>
						
              <code id="317">prntsol.c:19:1: warning: control reaches end of non-void function [-Wreturn-type]</code><br />
						
            
            <a class="navhash" href="#318">#</a>
						
              <code id="318">}</code><br />
						
            
            <a class="navhash" href="#319">#</a>
						
              <code id="319">^</code><br />
						
            
            <a class="navhash" href="#320">#</a>
						
              <code id="320">2 warnings generated.</code><br />
						
            
            <a class="navhash" href="#321">#</a>
						
              <code id="321">clang -O -DLARGE_MEM -DVERBOSE   -c -o globals.o globals.c</code><br />
						
            
            <a class="navhash" href="#322">#</a>
						
              <code id="322">clang -O -DLARGE_MEM -DVERBOSE -o dikcube cube.o phase1.o phase2.o setcube.o permcube.o prntsol.o globals.o</code><br />
						
            
            <a class="navhash" href="#323">#</a>
						
              <code id="323">size dikcube</code><br />
						
            
            <a class="navhash" href="#324">#</a>
						
              <code id="324">   text	   data	    bss	    dec	    hex	filename</code><br />
						
            
            <a class="navhash" href="#325">#</a>
						
              <code id="325">  37117	    608	9630344	9668069	 9385e5	dikcube</code><br />
						
            
            <a class="navhash" href="#326">#</a>
						
              <code id="326">clang -O -DLARGE_MEM -DVERBOSE   -c -o size222.o size222.c</code><br />
						
            
            <a class="navhash" href="#327">#</a>
						
              <code id="327">size222.c:20:1: warning: type specifier missing, defaults to 'int' [-Wimplicit-int]</code><br />
						
            
            <a class="navhash" href="#328">#</a>
						
              <code id="328">do_pr(turns, count)</code><br />
						
            
            <a class="navhash" href="#329">#</a>
						
              <code id="329">^</code><br />
						
            
            <a class="navhash" href="#330">#</a>
						
              <code id="330">size222.c:30:1: warning: control reaches end of non-void function [-Wreturn-type]</code><br />
						
            
            <a class="navhash" href="#331">#</a>
						
              <code id="331">}</code><br />
						
            
            <a class="navhash" href="#332">#</a>
						
              <code id="332">^</code><br />
						
            
            <a class="navhash" href="#333">#</a>
						
              <code id="333">size222.c:32:1: warning: type specifier missing, defaults to 'int' [-Wimplicit-int]</code><br />
						
            
            <a class="navhash" href="#334">#</a>
						
              <code id="334">try_one(num, count)</code><br />
						
            
            <a class="navhash" href="#335">#</a>
						
              <code id="335">^</code><br />
						
            
            <a class="navhash" href="#336">#</a>
						
              <code id="336">size222.c:67:1: warning: type specifier missing, defaults to 'int' [-Wimplicit-int]</code><br />
						
            
            <a class="navhash" href="#337">#</a>
						
              <code id="337">try(count)</code><br />
						
            
            <a class="navhash" href="#338">#</a>
						
              <code id="338">^</code><br />
						
            
            <a class="navhash" href="#339">#</a>
						
              <code id="339">size222.c:94:1: warning: control reaches end of non-void function [-Wreturn-type]</code><br />
						
            
            <a class="navhash" href="#340">#</a>
						
              <code id="340">}</code><br />
						
            
            <a class="navhash" href="#341">#</a>
						
              <code id="341">^</code><br />
						
            
            <a class="navhash" href="#342">#</a>
						
              <code id="342">size222.c:96:1: warning: type specifier missing, defaults to 'int' [-Wimplicit-int]</code><br />
						
            
            <a class="navhash" href="#343">#</a>
						
              <code id="343">main(argc, argv)</code><br />
						
            
            <a class="navhash" href="#344">#</a>
						
              <code id="344">^</code><br />
						
            
            <a class="navhash" href="#345">#</a>
						
              <code id="345">size222.c:107:2: warning: implicitly declaring library function 'exit' with type 'void (int) __attribute__((noreturn))' [-Wimplicit-function-declaration]</code><br />
						
            
            <a class="navhash" href="#346">#</a>
						
              <code id="346">        exit(1);</code><br />
						
            
            <a class="navhash" href="#347">#</a>
						
              <code id="347">        ^</code><br />
						
            
            <a class="navhash" href="#348">#</a>
						
              <code id="348">size222.c:107:2: note: include the header <stdlib.h> or explicitly provide a declaration for 'exit'</code><br />
						
            
            <a class="navhash" href="#349">#</a>
						
              <code id="349">size222.c:110:6: warning: implicitly declaring library function 'strcmp' with type 'int (const char *, const char *)' [-Wimplicit-function-declaration]</code><br />
						
            
            <a class="navhash" href="#350">#</a>
						
              <code id="350">        if(!strcmp(argv[1], "-q")) {</code><br />
						
            
            <a class="navhash" href="#351">#</a>
						
              <code id="351">            ^</code><br />
						
            
            <a class="navhash" href="#352">#</a>
						
              <code id="352">size222.c:110:6: note: include the header <string.h> or explicitly provide a declaration for 'strcmp'</code><br />
						
            
            <a class="navhash" href="#353">#</a>
						
              <code id="353">8 warnings generated.</code><br />
						
            
            <a class="navhash" href="#354">#</a>
						
              <code id="354">clang -O -DLARGE_MEM -DVERBOSE -o size222 size222.o</code><br />
						
            
            <a class="navhash" href="#355">#</a>
						
              <code id="355">size size222</code><br />
						
            
            <a class="navhash" href="#356">#</a>
						
              <code id="356">   text	   data	    bss	    dec	    hex	filename</code><br />
						
            
            <a class="navhash" href="#357">#</a>
						
              <code id="357">   6524	    464	1871744	1878732	 1caacc	size222</code><br />
						
            
            <a class="navhash" href="#358">#</a>
						
              <code id="358">clang -O -DLARGE_MEM -DVERBOSE -DCTWIST -c size333c.c</code><br />
						
            
            <a class="navhash" href="#359">#</a>
						
              <code id="359">size333c.c:41:1: warning: type specifier missing, defaults to 'int' [-Wimplicit-int]</code><br />
						
            
            <a class="navhash" href="#360">#</a>
						
              <code id="360">do_pr(turns, count)</code><br />
						
            
            <a class="navhash" href="#361">#</a>
						
              <code id="361">^</code><br />
						
            
            <a class="navhash" href="#362">#</a>
						
              <code id="362">size333c.c:51:1: warning: control reaches end of non-void function [-Wreturn-type]</code><br />
						
            
            <a class="navhash" href="#363">#</a>
						
              <code id="363">}</code><br />
						
            
            <a class="navhash" href="#364">#</a>
						
              <code id="364">^</code><br />
						
            
            <a class="navhash" href="#365">#</a>
						
              <code id="365">size333c.c:53:1: warning: type specifier missing, defaults to 'int' [-Wimplicit-int]</code><br />
						
            
            <a class="navhash" href="#366">#</a>
						
              <code id="366">try_one(num, count)</code><br />
						
            
            <a class="navhash" href="#367">#</a>
						
              <code id="367">^</code><br />
						
            
            <a class="navhash" href="#368">#</a>
						
              <code id="368">size333c.c:125:1: warning: type specifier missing, defaults to 'int' [-Wimplicit-int]</code><br />
						
            
            <a class="navhash" href="#369">#</a>
						
              <code id="369">try(count)</code><br />
						
            
            <a class="navhash" href="#370">#</a>
						
              <code id="370">^</code><br />
						
            
            <a class="navhash" href="#371">#</a>
						
              <code id="371">size333c.c:152:1: warning: control reaches end of non-void function [-Wreturn-type]</code><br />
						
            
            <a class="navhash" href="#372">#</a>
						
              <code id="372">}</code><br />
						
            
            <a class="navhash" href="#373">#</a>
						
              <code id="373">^</code><br />
						
            
            <a class="navhash" href="#374">#</a>
						
              <code id="374">size333c.c:154:1: warning: type specifier missing, defaults to 'int' [-Wimplicit-int]</code><br />
						
            
            <a class="navhash" href="#375">#</a>
						
              <code id="375">main(argc, argv)</code><br />
						
            
            <a class="navhash" href="#376">#</a>
						
              <code id="376">^</code><br />
						
            
            <a class="navhash" href="#377">#</a>
						
              <code id="377">size333c.c:165:2: warning: implicitly declaring library function 'exit' with type 'void (int) __attribute__((noreturn))' [-Wimplicit-function-declaration]</code><br />
						
            
            <a class="navhash" href="#378">#</a>
						
              <code id="378">        exit(1);</code><br />
						
            
            <a class="navhash" href="#379">#</a>
						
              <code id="379">        ^</code><br />
						
            
            <a class="navhash" href="#380">#</a>
						
              <code id="380">size333c.c:165:2: note: include the header <stdlib.h> or explicitly provide a declaration for 'exit'</code><br />
						
            
            <a class="navhash" href="#381">#</a>
						
              <code id="381">size333c.c:168:6: warning: implicitly declaring library function 'strcmp' with type 'int (const char *, const char *)' [-Wimplicit-function-declaration]</code><br />
						
            
            <a class="navhash" href="#382">#</a>
						
              <code id="382">        if(!strcmp(argv[1], "-q")) {</code><br />
						
            
            <a class="navhash" href="#383">#</a>
						
              <code id="383">            ^</code><br />
						
            
            <a class="navhash" href="#384">#</a>
						
              <code id="384">size333c.c:168:6: note: include the header <string.h> or explicitly provide a declaration for 'strcmp'</code><br />
						
            
            <a class="navhash" href="#385">#</a>
						
              <code id="385">8 warnings generated.</code><br />
						
            
            <a class="navhash" href="#386">#</a>
						
              <code id="386">clang -O -DLARGE_MEM -DVERBOSE -o size333c size333c.o</code><br />
						
            
            <a class="navhash" href="#387">#</a>
						
              <code id="387">size size333c</code><br />
						
            
            <a class="navhash" href="#388">#</a>
						
              <code id="388">   text	   data	    bss	    dec	    hex	filename</code><br />
						
            
            <a class="navhash" href="#389">#</a>
						
              <code id="389">  14096	    464	5227136	5241696	 4ffb60	size333c</code><br />
						
            
            <a class="navhash" href="#390">#</a>
						
              <code id="390">clang -O -DLARGE_MEM -DVERBOSE   -c -o sizesquare.o sizesquare.c</code><br />
						
            
            <a class="navhash" href="#391">#</a>
						
              <code id="391">In file included from sizesquare.c:6:</code><br />
						
            
            <a class="navhash" href="#392">#</a>
						
              <code id="392">./trans/cperm2.a:64:35: warning: too few arguments in call to 'permcx_val'</code><br />
						
            
            <a class="navhash" href="#393">#</a>
						
              <code id="393">        cperms2[i][0] = permcx_val(params);</code><br />
						
            
            <a class="navhash" href="#394">#</a>
						
              <code id="394">                        ~~~~~~~~~~       ^</code><br />
						
            
            <a class="navhash" href="#395">#</a>
						
              <code id="395">./trans/cperm2.a:74:35: warning: too few arguments in call to 'permcx_val'</code><br />
						
            
            <a class="navhash" href="#396">#</a>
						
              <code id="396">        cperms2[i][1] = permcx_val(params);</code><br />
						
            
            <a class="navhash" href="#397">#</a>
						
              <code id="397">                        ~~~~~~~~~~       ^</code><br />
						
            
            <a class="navhash" href="#398">#</a>
						
              <code id="398">./trans/cperm2.a:84:35: warning: too few arguments in call to 'permcx_val'</code><br />
						
            
            <a class="navhash" href="#399">#</a>
						
              <code id="399">        cperms2[i][2] = permcx_val(params);</code><br />
						
            
            <a class="navhash" href="#400">#</a>
						
              <code id="400">                        ~~~~~~~~~~       ^</code><br />
						
            
            <a class="navhash" href="#401">#</a>
						
              <code id="401">./trans/cperm2.a:94:35: warning: too few arguments in call to 'permcx_val'</code><br />
						
            
            <a class="navhash" href="#402">#</a>
						
              <code id="402">        cperms2[i][3] = permcx_val(params);</code><br />
						
            
            <a class="navhash" href="#403">#</a>
						
              <code id="403">                        ~~~~~~~~~~       ^</code><br />
						
            
            <a class="navhash" href="#404">#</a>
						
              <code id="404">./trans/cperm2.a:104:35: warning: too few arguments in call to 'permcx_val'</code><br />
						
            
            <a class="navhash" href="#405">#</a>
						
              <code id="405">        cperms2[i][4] = permcx_val(params);</code><br />
						
            
            <a class="navhash" href="#406">#</a>
						
              <code id="406">                        ~~~~~~~~~~       ^</code><br />
						
            
            <a class="navhash" href="#407">#</a>
						
              <code id="407">./trans/cperm2.a:114:35: warning: too few arguments in call to 'permcx_val'</code><br />
						
            
            <a class="navhash" href="#408">#</a>
						
              <code id="408">        cperms2[i][5] = permcx_val(params);</code><br />
						
            
            <a class="navhash" href="#409">#</a>
						
              <code id="409">                        ~~~~~~~~~~       ^</code><br />
						
            
            <a class="navhash" href="#410">#</a>
						
              <code id="410">sizesquare.c:19:1: warning: type specifier missing, defaults to 'int' [-Wimplicit-int]</code><br />
						
            
            <a class="navhash" href="#411">#</a>
						
              <code id="411">do_pr(turns, count)</code><br />
						
            
            <a class="navhash" href="#412">#</a>
						
              <code id="412">^</code><br />
						
            
            <a class="navhash" href="#413">#</a>
						
              <code id="413">sizesquare.c:29:1: warning: control reaches end of non-void function [-Wreturn-type]</code><br />
						
            
            <a class="navhash" href="#414">#</a>
						
              <code id="414">}</code><br />
						
            
            <a class="navhash" href="#415">#</a>
						
              <code id="415">^</code><br />
						
            
            <a class="navhash" href="#416">#</a>
						
              <code id="416">sizesquare.c:31:1: warning: type specifier missing, defaults to 'int' [-Wimplicit-int]</code><br />
						
            
            <a class="navhash" href="#417">#</a>
						
              <code id="417">try_one(num, count)</code><br />
						
            
            <a class="navhash" href="#418">#</a>
						
              <code id="418">^</code><br />
						
            
            <a class="navhash" href="#419">#</a>
						
              <code id="419">sizesquare.c:59:1: warning: type specifier missing, defaults to 'int' [-Wimplicit-int]</code><br />
						
            
            <a class="navhash" href="#420">#</a>
						
              <code id="420">try(count)</code><br />
						
            
            <a class="navhash" href="#421">#</a>
						
              <code id="421">^</code><br />
						
            
            <a class="navhash" href="#422">#</a>
						
              <code id="422">sizesquare.c:86:1: warning: control reaches end of non-void function [-Wreturn-type]</code><br />
						
            
            <a class="navhash" href="#423">#</a>
						
              <code id="423">}</code><br />
						
            
            <a class="navhash" href="#424">#</a>
						
              <code id="424">^</code><br />
						
            
            <a class="navhash" href="#425">#</a>
						
              <code id="425">sizesquare.c:88:1: warning: type specifier missing, defaults to 'int' [-Wimplicit-int]</code><br />
						
            
            <a class="navhash" href="#426">#</a>
						
              <code id="426">main(argc, argv)</code><br />
						
            
            <a class="navhash" href="#427">#</a>
						
              <code id="427">^</code><br />
						
            
            <a class="navhash" href="#428">#</a>
						
              <code id="428">sizesquare.c:98:2: warning: implicitly declaring library function 'exit' with type 'void (int) __attribute__((noreturn))' [-Wimplicit-function-declaration]</code><br />
						
            
            <a class="navhash" href="#429">#</a>
						
              <code id="429">        exit(1);</code><br />
						
            
            <a class="navhash" href="#430">#</a>
						
              <code id="430">        ^</code><br />
						
            
            <a class="navhash" href="#431">#</a>
						
              <code id="431">sizesquare.c:98:2: note: include the header <stdlib.h> or explicitly provide a declaration for 'exit'</code><br />
						
            
            <a class="navhash" href="#432">#</a>
						
              <code id="432">sizesquare.c:101:6: warning: implicitly declaring library function 'strcmp' with type 'int (const char *, const char *)' [-Wimplicit-function-declaration]</code><br />
						
            
            <a class="navhash" href="#433">#</a>
						
              <code id="433">        if(!strcmp(argv[1], "-m")) {</code><br />
						
            
            <a class="navhash" href="#434">#</a>
						
              <code id="434">            ^</code><br />
						
            
            <a class="navhash" href="#435">#</a>
						
              <code id="435">sizesquare.c:101:6: note: include the header <string.h> or explicitly provide a declaration for 'strcmp'</code><br />
						
            
            <a class="navhash" href="#436">#</a>
						
              <code id="436">14 warnings generated.</code><br />
						
            
            <a class="navhash" href="#437">#</a>
						
              <code id="437">clang -O -DLARGE_MEM -DVERBOSE -o sizesquare sizesquare.o</code><br />
						
            
            <a class="navhash" href="#438">#</a>
						
              <code id="438">size sizesquare</code><br />
						
            
            <a class="navhash" href="#439">#</a>
						
              <code id="439">   text	   data	    bss	    dec	    hex	filename</code><br />
						
            
            <a class="navhash" href="#440">#</a>
						
              <code id="440">   9316	    464	4154144	4163924	 3f8954	sizesquare</code><br />
						
            
            <a class="navhash" href="#441">#</a>
						
              <code id="441">clang -O -DLARGE_MEM -DVERBOSE -DCCPERM -DIPERM -c sizedom.c</code><br />
						
            
            <a class="navhash" href="#442">#</a>
						
              <code id="442">sizedom.c:42:1: warning: type specifier missing, defaults to 'int' [-Wimplicit-int]</code><br />
						
            
            <a class="navhash" href="#443">#</a>
						
              <code id="443">do_pr(turns, count)</code><br />
						
            
            <a class="navhash" href="#444">#</a>
						
              <code id="444">^</code><br />
						
            
            <a class="navhash" href="#445">#</a>
						
              <code id="445">sizedom.c:52:1: warning: control reaches end of non-void function [-Wreturn-type]</code><br />
						
            
            <a class="navhash" href="#446">#</a>
						
              <code id="446">}</code><br />
						
            
            <a class="navhash" href="#447">#</a>
						
              <code id="447">^</code><br />
						
            
            <a class="navhash" href="#448">#</a>
						
              <code id="448">sizedom.c:54:1: warning: type specifier missing, defaults to 'int' [-Wimplicit-int]</code><br />
						
            
            <a class="navhash" href="#449">#</a>
						
              <code id="449">try_one(num, count)</code><br />
						
            
            <a class="navhash" href="#450">#</a>
						
              <code id="450">^</code><br />
						
            
            <a class="navhash" href="#451">#</a>
						
              <code id="451">sizedom.c:178:1: warning: type specifier missing, defaults to 'int' [-Wimplicit-int]</code><br />
						
            
            <a class="navhash" href="#452">#</a>
						
              <code id="452">try(count)</code><br />
						
            
            <a class="navhash" href="#453">#</a>
						
              <code id="453">^</code><br />
						
            
            <a class="navhash" href="#454">#</a>
						
              <code id="454">sizedom.c:205:1: warning: control reaches end of non-void function [-Wreturn-type]</code><br />
						
            
            <a class="navhash" href="#455">#</a>
						
              <code id="455">}</code><br />
						
            
            <a class="navhash" href="#456">#</a>
						
              <code id="456">^</code><br />
						
            
            <a class="navhash" href="#457">#</a>
						
              <code id="457">sizedom.c:276:1: warning: type specifier missing, defaults to 'int' [-Wimplicit-int]</code><br />
						
            
            <a class="navhash" href="#458">#</a>
						
              <code id="458">main(argc, argv)</code><br />
						
            
            <a class="navhash" href="#459">#</a>
						
              <code id="459">^</code><br />
						
            
            <a class="navhash" href="#460">#</a>
						
              <code id="460">sizedom.c:288:2: warning: implicitly declaring library function 'exit' with type 'void (int) __attribute__((noreturn))' [-Wimplicit-function-declaration]</code><br />
						
            
            <a class="navhash" href="#461">#</a>
						
              <code id="461">        exit(1);</code><br />
						
            
            <a class="navhash" href="#462">#</a>
						
              <code id="462">        ^</code><br />
						
            
            <a class="navhash" href="#463">#</a>
						
              <code id="463">sizedom.c:288:2: note: include the header <stdlib.h> or explicitly provide a declaration for 'exit'</code><br />
						
            
            <a class="navhash" href="#464">#</a>
						
              <code id="464">sizedom.c:291:6: warning: implicitly declaring library function 'strcmp' with type 'int (const char *, const char *)' [-Wimplicit-function-declaration]</code><br />
						
            
            <a class="navhash" href="#465">#</a>
						
              <code id="465">        if(!strcmp(argv[1], "-q")) {</code><br />
						
            
            <a class="navhash" href="#466">#</a>
						
              <code id="466">            ^</code><br />
						
            
            <a class="navhash" href="#467">#</a>
						
              <code id="467">sizedom.c:291:6: note: include the header <string.h> or explicitly provide a declaration for 'strcmp'</code><br />
						
            
            <a class="navhash" href="#468">#</a>
						
              <code id="468">8 warnings generated.</code><br />
						
            
            <a class="navhash" href="#469">#</a>
						
              <code id="469">clang -O -DLARGE_MEM -DVERBOSE -o sizedom sizedom.o</code><br />
						
            
            <a class="navhash" href="#470">#</a>
						
              <code id="470">size sizedom</code><br />
						
            
            <a class="navhash" href="#471">#</a>
						
              <code id="471">   text	   data	    bss	    dec	    hex	filename</code><br />
						
            
            <a class="navhash" href="#472">#</a>
						
              <code id="472">  26964	    464	38792896	38820324	25059e4	sizedom</code><br />
						
            
            <a class="navhash" href="#473">#</a>
						
              <code id="473">clang -O -DLARGE_MEM -DVERBOSE   -c -o sizekoc1.o sizekoc1.c</code><br />
						
            
            <a class="navhash" href="#474">#</a>
						
              <code id="474">sizekoc1.c:31:1: warning: type specifier missing, defaults to 'int' [-Wimplicit-int]</code><br />
						
            
            <a class="navhash" href="#475">#</a>
						
              <code id="475">do_pr(turns, count)</code><br />
						
            
            <a class="navhash" href="#476">#</a>
						
              <code id="476">^</code><br />
						
            
            <a class="navhash" href="#477">#</a>
						
              <code id="477">sizekoc1.c:41:1: warning: control reaches end of non-void function [-Wreturn-type]</code><br />
						
            
            <a class="navhash" href="#478">#</a>
						
              <code id="478">}</code><br />
						
            
            <a class="navhash" href="#479">#</a>
						
              <code id="479">^</code><br />
						
            
            <a class="navhash" href="#480">#</a>
						
              <code id="480">sizekoc1.c:43:1: warning: type specifier missing, defaults to 'int' [-Wimplicit-int]</code><br />
						
            
            <a class="navhash" href="#481">#</a>
						
              <code id="481">try_one(num, count)</code><br />
						
            
            <a class="navhash" href="#482">#</a>
						
              <code id="482">^</code><br />
						
            
            <a class="navhash" href="#483">#</a>
						
              <code id="483">sizekoc1.c:94:1: warning: type specifier missing, defaults to 'int' [-Wimplicit-int]</code><br />
						
            
            <a class="navhash" href="#484">#</a>
						
              <code id="484">try(count)</code><br />
						
            
            <a class="navhash" href="#485">#</a>
						
              <code id="485">^</code><br />
						
            
            <a class="navhash" href="#486">#</a>
						
              <code id="486">sizekoc1.c:121:1: warning: control reaches end of non-void function [-Wreturn-type]</code><br />
						
            
            <a class="navhash" href="#487">#</a>
						
              <code id="487">}</code><br />
						
            
            <a class="navhash" href="#488">#</a>
						
              <code id="488">^</code><br />
						
            
            <a class="navhash" href="#489">#</a>
						
              <code id="489">sizekoc1.c:123:1: warning: type specifier missing, defaults to 'int' [-Wimplicit-int]</code><br />
						
            
            <a class="navhash" href="#490">#</a>
						
              <code id="490">main(argc, argv)</code><br />
						
            
            <a class="navhash" href="#491">#</a>
						
              <code id="491">^</code><br />
						
            
            <a class="navhash" href="#492">#</a>
						
              <code id="492">sizekoc1.c:134:2: warning: implicitly declaring library function 'exit' with type 'void (int) __attribute__((noreturn))' [-Wimplicit-function-declaration]</code><br />
						
            
            <a class="navhash" href="#493">#</a>
						
              <code id="493">        exit(1);</code><br />
						
            
            <a class="navhash" href="#494">#</a>
						
              <code id="494">        ^</code><br />
						
            
            <a class="navhash" href="#495">#</a>
						
              <code id="495">sizekoc1.c:134:2: note: include the header <stdlib.h> or explicitly provide a declaration for 'exit'</code><br />
						
            
            <a class="navhash" href="#496">#</a>
						
              <code id="496">sizekoc1.c:137:6: warning: implicitly declaring library function 'strcmp' with type 'int (const char *, const char *)' [-Wimplicit-function-declaration]</code><br />
						
            
            <a class="navhash" href="#497">#</a>
						
              <code id="497">        if(!strcmp(argv[1], "-q")) {</code><br />
						
            
            <a class="navhash" href="#498">#</a>
						
              <code id="498">            ^</code><br />
						
            
            <a class="navhash" href="#499">#</a>
						
              <code id="499">sizekoc1.c:137:6: note: include the header <string.h> or explicitly provide a declaration for 'strcmp'</code><br />
						
            
            <a class="navhash" href="#500">#</a>
						
              <code id="500">8 warnings generated.</code><br />
						
            
            <a class="navhash" href="#501">#</a>
						
              <code id="501">clang -O -DLARGE_MEM -DVERBOSE -o sizekoc1 sizekoc1.o</code><br />
						
            
            <a class="navhash" href="#502">#</a>
						
              <code id="502">size sizekoc1</code><br />
						
            
            <a class="navhash" href="#503">#</a>
						
              <code id="503">   text	   data	    bss	    dec	    hex	filename</code><br />
						
            
            <a class="navhash" href="#504">#</a>
						
              <code id="504">  21372	    464	164358688	164380524	9cc3f6c	sizekoc1</code><br />
						
            
            <a class="navhash" href="#505">#</a>
						
              <code id="505">clang -O -DLARGE_MEM -DVERBOSE -DCCPERM -DIPERM -c sizekoc2.c</code><br />
						
            
            <a class="navhash" href="#506">#</a>
						
              <code id="506">sizekoc2.c:31:1: warning: type specifier missing, defaults to 'int' [-Wimplicit-int]</code><br />
						
            
            <a class="navhash" href="#507">#</a>
						
              <code id="507">do_pr(turns, count)</code><br />
						
            
            <a class="navhash" href="#508">#</a>
						
              <code id="508">^</code><br />
						
            
            <a class="navhash" href="#509">#</a>
						
              <code id="509">sizekoc2.c:41:1: warning: control reaches end of non-void function [-Wreturn-type]</code><br />
						
            
            <a class="navhash" href="#510">#</a>
						
              <code id="510">}</code><br />
						
            
            <a class="navhash" href="#511">#</a>
						
              <code id="511">^</code><br />
						
            
            <a class="navhash" href="#512">#</a>
						
              <code id="512">sizekoc2.c:43:1: warning: type specifier missing, defaults to 'int' [-Wimplicit-int]</code><br />
						
            
            <a class="navhash" href="#513">#</a>
						
              <code id="513">try_one(num, count)</code><br />
						
            
            <a class="navhash" href="#514">#</a>
						
              <code id="514">^</code><br />
						
            
            <a class="navhash" href="#515">#</a>
						
              <code id="515">sizekoc2.c:131:1: warning: type specifier missing, defaults to 'int' [-Wimplicit-int]</code><br />
						
            
            <a class="navhash" href="#516">#</a>
						
              <code id="516">try(count)</code><br />
						
            
            <a class="navhash" href="#517">#</a>
						
              <code id="517">^</code><br />
						
            
            <a class="navhash" href="#518">#</a>
						
              <code id="518">sizekoc2.c:158:1: warning: control reaches end of non-void function [-Wreturn-type]</code><br />
						
            
            <a class="navhash" href="#519">#</a>
						
              <code id="519">}</code><br />
						
            
            <a class="navhash" href="#520">#</a>
						
              <code id="520">^</code><br />
						
            
            <a class="navhash" href="#521">#</a>
						
              <code id="521">sizekoc2.c:160:1: warning: type specifier missing, defaults to 'int' [-Wimplicit-int]</code><br />
						
            
            <a class="navhash" href="#522">#</a>
						
              <code id="522">main(argc, argv)</code><br />
						
            
            <a class="navhash" href="#523">#</a>
						
              <code id="523">^</code><br />
						
            
            <a class="navhash" href="#524">#</a>
						
              <code id="524">sizekoc2.c:171:2: warning: implicitly declaring library function 'exit' with type 'void (int) __attribute__((noreturn))' [-Wimplicit-function-declaration]</code><br />
						
            
            <a class="navhash" href="#525">#</a>
						
              <code id="525">        exit(1);</code><br />
						
            
            <a class="navhash" href="#526">#</a>
						
              <code id="526">        ^</code><br />
						
            
            <a class="navhash" href="#527">#</a>
						
              <code id="527">sizekoc2.c:171:2: note: include the header <stdlib.h> or explicitly provide a declaration for 'exit'</code><br />
						
            
            <a class="navhash" href="#528">#</a>
						
              <code id="528">sizekoc2.c:174:6: warning: implicitly declaring library function 'strcmp' with type 'int (const char *, const char *)' [-Wimplicit-function-declaration]</code><br />
						
            
            <a class="navhash" href="#529">#</a>
						
              <code id="529">        if(!strcmp(argv[1], "-q")) {</code><br />
						
            
            <a class="navhash" href="#530">#</a>
						
              <code id="530">            ^</code><br />
						
            
            <a class="navhash" href="#531">#</a>
						
              <code id="531">sizekoc2.c:174:6: note: include the header <string.h> or explicitly provide a declaration for 'strcmp'</code><br />
						
            
            <a class="navhash" href="#532">#</a>
						
              <code id="532">8 warnings generated.</code><br />
						
            
            <a class="navhash" href="#533">#</a>
						
              <code id="533">clang -O -DLARGE_MEM -DVERBOSE -o sizekoc2 sizekoc2.o</code><br />
						
            
            <a class="navhash" href="#534">#</a>
						
              <code id="534">size sizekoc2</code><br />
						
            
            <a class="navhash" href="#535">#</a>
						
              <code id="535">   text	   data	    bss	    dec	    hex	filename</code><br />
						
            
            <a class="navhash" href="#536">#</a>
						
              <code id="536">  55220	    464	814067728	814123412	30868994	sizekoc2</code><br />
						
            
            <a class="navhash" href="#537">#</a>
						
              <code id="537">make[1]: Leaving directory '/tmp/rubiks/src/rubiks-20070912/dik'</code><br />
						
            
            <a class="navhash" href="#538">#</a>
						
              <code id="538">make[1]: warning: jobserver unavailable: using -j1.  Add '+' to parent make rule.</code><br />
						
            
            <a class="navhash" href="#539">#</a>
						
              <code id="539">make[1]: Entering directory '/tmp/rubiks/src/rubiks-20070912/reid'</code><br />
						
            
            <a class="navhash" href="#540">#</a>
						
              <code id="540">clang -O2 -g    optimal.c   -o optimal</code><br />
						
            
            <a class="navhash" href="#541">#</a>
						
              <code id="541">clang -O2 -g    twist.c   -o twist</code><br />
						
            
            <a class="navhash" href="#542">#</a>
						
              <code id="542">make[1]: Leaving directory '/tmp/rubiks/src/rubiks-20070912/reid'</code><br />
						
            
            <a class="navhash" href="#543">#</a>
						
              <code id="543">mkdir -p /tmp/rubiks/pkg/rubiks/usr/bin</code><br />
						
            
            <a class="navhash" href="#544">#</a>
						
              <code id="544">/usr/bin/install reid/optimal /tmp/rubiks/pkg/rubiks/usr/bin</code><br />
						
            
            <a class="navhash" href="#545">#</a>
						
              <code id="545">/usr/bin/install dietz/solver/cubex /tmp/rubiks/pkg/rubiks/usr/bin</code><br />
						
            
            <a class="navhash" href="#546">#</a>
						
              <code id="546">/usr/bin/install: cannot stat 'dietz/solver/cubex': No such file or directory</code><br />
						
            
            <a class="navhash" href="#547">#</a>
						
              <code id="547">make: *** [Makefile:19: install] Error 1</code><br />
						
            
            <a class="navhash" href="#548">#</a>
						
              <code id="548">==> ERROR: A failure occurred in package().</code><br />
						
            
            <a class="navhash" href="#549">#</a>
						
              <code id="549">    Aborting...</code><br />
						
            
          </div>
        
      </div>
      <br />
    
      <div class="block">
        <div class="info">
          <code>Printing config.logs</code>
        </div>
        
      </div>
      <br />
    
  </body>
</html>