<!DOCTYPE html>
<html>
<!-- Jinja template for reports of individual builds

  Copyright 2016 Kareem Khazem. All Rights Reserved.
  Licensed under the Apache License, Version 2.0 (the "License");
  you may not use this file except in compliance with the License.
  You may obtain a copy of the License at

 		 http://www.apache.org/licenses/LICENSE-2.0

  Unless required by applicable law or agreed to in writing, software
  distributed under the License is distributed on an "AS IS" BASIS,
  WITHOUT WARRANTIES OR CONDITIONS OF ANY KIND, either express or
  implied.
  See the License for the specific language governing permissions and
  limitations under the License.
-->
  <head>
    <meta charset="UTF-8">
    <title>musl/sbsigntools</title>
    <link href='https://fonts.googleapis.com/css?family=Roboto:400,900'
          rel='stylesheet' type='text/css'>
    <link
    href='https://fonts.googleapis.com/css?family=Source+Code+Pro:400,700'
          rel='stylesheet' type='text/css'>
    <link href="../style.css" type="text/css" rel="stylesheet">
  </head>
  <body>
    <h1>Build of sbsigntools
        with <a href="../index.html">musl</a>
        toolchain</h1>
    <p>The build took 00h 01m 47s and was
    NOT successful.</p>
    <p>
      The process tree of the build process is <a
      href="sbsigntools-tree.html">here</a>.
    </p>
    
    
      <p>
      Several sub-process invocations were improper; see the process tree
      for details. Summary:
      </p>
      <ul>
        <li>malformed path:<ul>
            <li>&times;1: PATH=/usr/local/sbin:/usr/local/bin:/usr/bin</li>
        
            <li>&times;16: PATH=/usr/local/sbin:/usr/local/bin:/usr/bin:/usr/lib/jvm/default/bin:/usr/bin/site_perl:/usr/bin/vendor_perl:/usr/bin/core_perl</li>
        
            <li>&times;2: PATH=/usr/lib/git-core:/sysroot/bin:/usr/lib/git-core:/sysroot/bin:/usr/lib/git-core:/sysroot/bin:/usr/lib/git-core:/sysroot/bin:/usr/local/sbin:/usr/local/bin:/usr/bin:/usr/lib/jvm/default/bin:/usr/bin/site_perl:/usr/bin/vendor_perl:/usr/bin/core_perl</li>
        
            <li>&times;1: PATH=/usr/lib/git-core:/sysroot/bin:/usr/lib/git-core:/sysroot/bin:/usr/local/sbin:/usr/local/bin:/usr/bin:/usr/lib/jvm/default/bin:/usr/bin/site_perl:/usr/bin/vendor_perl:/usr/bin/core_perl</li>
        
            <li>&times;2: PATH=/usr/lib/git-core:/sysroot/bin:/usr/local/sbin:/usr/local/bin:/usr/bin:/usr/lib/jvm/default/bin:/usr/bin/site_perl:/usr/bin/vendor_perl:/usr/bin/core_perl</li>
        
            <li>&times;1: PATH=/usr/lib/git-core:/sysroot/bin:/usr/lib/git-core:/sysroot/bin:/usr/lib/git-core:/sysroot/bin:/usr/local/sbin:/usr/local/bin:/usr/bin:/usr/lib/jvm/default/bin:/usr/bin/site_perl:/usr/bin/vendor_perl:/usr/bin/core_perl</li>
        </ul></li>
      </ul>
    
    
    
    <p>
    Due to the failure of this package to build, we did not attempt to
    build several packages that depend on this one. Those packages are:
    </p>
    <ul>
      
      <li><a href="efitools.html">efitools</a></li>
      
    </ul>
    
    
    <h2>List of Errors</h2>
    <ul>
      
      <li>missing_header
        <ul>
          
          <li><a href="#66">./ccan/compiler/compiler.h:3:10: fatal error: 'config.h' file not found</a></li>
          
          <li><a href="#71">./ccan/typesafe_cb/typesafe_cb.h:4:10: fatal error: 'config.h' file not found</a></li>
          
          <li><a href="#76">ccan/str/debug.c:1:10: fatal error: 'config.h' file not found</a></li>
          
          <li><a href="#81">./ccan/str/str.h:4:10: fatal error: 'config.h' file not found</a></li>
          
          <li><a href="#110">./ccan/typesafe_cb/typesafe_cb.h:4:10: fatal error: 'config.h' file not found</a></li>
          
          <li><a href="#115">./ccan/typesafe_cb/typesafe_cb.h:4:10: fatal error: 'config.h' file not found</a></li>
          
          <li><a href="#121">./ccan/time/time.h:4:10: fatal error: 'config.h' file not found</a></li>
          
          <li><a href="#126">./ccan/str/str.h:4:10: fatal error: 'config.h' file not found</a></li>
          
          <li><a href="#132">./ccan/compiler/compiler.h:3:10: fatal error: 'config.h' file not found</a></li>
          
          <li><a href="#137">./ccan/str/str.h:4:10: fatal error: 'config.h' file not found</a></li>
          
          <li><a href="#142">./ccan/typesafe_cb/typesafe_cb.h:4:10: fatal error: 'config.h' file not found</a></li>
          
          <li><a href="#151">./ccan/compiler/compiler.h:3:10: fatal error: 'config.h' file not found</a></li>
          
          <li><a href="#156">./ccan/typesafe_cb/typesafe_cb.h:4:10: fatal error: 'config.h' file not found</a></li>
          
          <li><a href="#161">ccan/str/debug.c:1:10: fatal error: 'config.h' file not found</a></li>
          
          <li><a href="#165">./ccan/str/str.h:4:10: fatal error: 'config.h' file not found</a></li>
          
          <li><a href="#172">./ccan/typesafe_cb/typesafe_cb.h:4:10: fatal error: 'config.h' file not found</a></li>
          
          <li><a href="#200">./ccan/typesafe_cb/typesafe_cb.h:4:10: fatal error: 'config.h' file not found</a></li>
          
          <li><a href="#206">./ccan/time/time.h:4:10: fatal error: 'config.h' file not found</a></li>
          
          <li><a href="#211">./ccan/str/str.h:4:10: fatal error: 'config.h' file not found</a></li>
          
          <li><a href="#217">./ccan/compiler/compiler.h:3:10: fatal error: 'config.h' file not found</a></li>
          
          <li><a href="#222">./ccan/str/str.h:4:10: fatal error: 'config.h' file not found</a></li>
          
          <li><a href="#227">./ccan/typesafe_cb/typesafe_cb.h:4:10: fatal error: 'config.h' file not found</a></li>
          
        </ul>
      </li>
      
    </ul>
    
    <h2>Log</h2>
    
      <div class="block">
        <div class="info">
          <code>Removed vanilla repositories from pacman.conf and added:</code>
        </div>
        
          <div class="output">
            
            <a class="navhash" href="#1">#</a>
						
              <code id="1">[tuscan]</code><br />
						
            
            <a class="navhash" href="#2">#</a>
						
              <code id="2">Server = file:///var/cache/pacman/pkg/</code><br />
						
            
          </div>
        
      </div>
      <br />
    
      <div class="block">
        <div class="command">
          <code><span class="prompt">CMD: </span>pacman -Syy --noconfirm</code>
        </div>
        
          <div class="output">
            
            <a class="navhash" href="#3">#</a>
						
              <code id="3">:: Synchronizing package databases...</code><br />
						
            
            <a class="navhash" href="#4">#</a>
						
              <code id="4">downloading tuscan.db...</code><br />
						
            
          </div>
        
      </div>
      <br />
    
      <div class="block">
        <div class="info">
          <code>Copying directory '/toolchain_root/lib' to '/sysroot/lib'</code>
        </div>
        
      </div>
      <br />
    
      <div class="block">
        <div class="info">
          <code>Copying directory '/toolchain_root/share' to '/sysroot/share'</code>
        </div>
        
      </div>
      <br />
    
      <div class="block">
        <div class="info">
          <code>Copying directory '/toolchain_root/bin' to '/sysroot/bin'</code>
        </div>
        
      </div>
      <br />
    
      <div class="block">
        <div class="info">
          <code>Copying directory '/toolchain_root/include' to '/sysroot/include'</code>
        </div>
        
      </div>
      <br />
    
      <div class="block">
        <div class="info">
          <code>Copying directory '/toolchain_root/libexec' to '/sysroot/libexec'</code>
        </div>
        
      </div>
      <br />
    
      <div class="block">
        <div class="command">
          <code><span class="prompt">CMD: </span>sudo -u tuscan PATH=/sysroot/bin:/usr/local/sbin:/usr/local/bin:/usr/sbin:/usr/bin:/sbin:/bin CC=clang CXX=clang++ SYSROOT=/sysroot/ LIBRARY_PATH=/sysroot/lib CXXFLAGS=-stdlib-libc++ CPATH=/sysroot/include red makepkg --noextract --syncdeps --skipinteg --skippgpcheck --skipchecksums --noconfirm --nocolor --log --noprogressbar --nocheck</code>
        </div>
        
          <div class="output">
            
            <a class="navhash" href="#5">#</a>
						
              <code id="5">==> Making package: sbsigntools 0.8-1 (Thu Aug 11 00:49:36 UTC 2016)</code><br />
						
            
            <a class="navhash" href="#6">#</a>
						
              <code id="6">==> Checking runtime dependencies...</code><br />
						
            
            <a class="navhash" href="#7">#</a>
						
              <code id="7">==> Checking buildtime dependencies...</code><br />
						
            
            <a class="navhash" href="#8">#</a>
						
              <code id="8">==> Installing missing dependencies...</code><br />
						
            
            <a class="navhash" href="#9">#</a>
						
              <code id="9">resolving dependencies...</code><br />
						
            
            <a class="navhash" href="#10">#</a>
						
              <code id="10">looking for conflicting packages...</code><br />
						
            
            <a class="navhash" href="#11">#</a>
						
              <code id="11"></code><br />
						
            
            <a class="navhash" href="#12">#</a>
						
              <code id="12">Packages (3) perl-locale-gettext-1.07-2  gnu-efi-libs-3.0.3-1  help2man-1.47.3-2</code><br />
						
            
            <a class="navhash" href="#13">#</a>
						
              <code id="13"></code><br />
						
            
            <a class="navhash" href="#14">#</a>
						
              <code id="14">Total Installed Size:  1.92 MiB</code><br />
						
            
            <a class="navhash" href="#15">#</a>
						
              <code id="15"></code><br />
						
            
            <a class="navhash" href="#16">#</a>
						
              <code id="16">:: Proceed with installation? [Y/n] </code><br />
						
            
            <a class="navhash" href="#17">#</a>
						
              <code id="17">checking keyring...</code><br />
						
            
            <a class="navhash" href="#18">#</a>
						
              <code id="18">checking package integrity...</code><br />
						
            
            <a class="navhash" href="#19">#</a>
						
              <code id="19">loading package files...</code><br />
						
            
            <a class="navhash" href="#20">#</a>
						
              <code id="20">checking for file conflicts...</code><br />
						
            
            <a class="navhash" href="#21">#</a>
						
              <code id="21">checking available disk space...</code><br />
						
            
            <a class="navhash" href="#22">#</a>
						
              <code id="22">:: Processing package changes...</code><br />
						
            
            <a class="navhash" href="#23">#</a>
						
              <code id="23">installing gnu-efi-libs...</code><br />
						
            
            <a class="navhash" href="#24">#</a>
						
              <code id="24">installing perl-locale-gettext...</code><br />
						
            
            <a class="navhash" href="#25">#</a>
						
              <code id="25">installing help2man...</code><br />
						
            
            <a class="navhash" href="#26">#</a>
						
              <code id="26">:: Running post-transaction hooks...</code><br />
						
            
            <a class="navhash" href="#27">#</a>
						
              <code id="27">(1/2) Updating manpage index...</code><br />
						
            
            <a class="navhash" href="#28">#</a>
						
              <code id="28">(2/2) Updating the info directory file...</code><br />
						
            
            <a class="navhash" href="#29">#</a>
						
              <code id="29">==> WARNING: Using existing $srcdir/ tree</code><br />
						
            
            <a class="navhash" href="#30">#</a>
						
              <code id="30">==> Starting build()...</code><br />
						
            
            <a class="navhash" href="#31">#</a>
						
              <code id="31">Submodule 'lib/ccan.git' (git://git.ozlabs.org/~ccan/ccan) registered for path 'lib/ccan.git'</code><br />
						
            
            <a class="navhash" href="#32">#</a>
						
              <code id="32">Cloning into '/tmp/sbsigntools/src/sbsigntools/lib/ccan.git'...</code><br />
						
            
            <a class="navhash" href="#33">#</a>
						
              <code id="33">Submodule path 'lib/ccan.git': checked out 'b1f28e17227f2320d07fe052a8a48942fe17caa5'</code><br />
						
            
            <a class="navhash" href="#34">#</a>
						
              <code id="34">Building ccan_depends</code><br />
						
            
            <a class="navhash" href="#35">#</a>
						
              <code id="35">In file included from tools/configurator/configurator.c:29:</code><br />
						
            
            <a class="navhash" href="#36">#</a>
						
              <code id="36">In file included from /sysroot/include/sys/types.h:70:</code><br />
						
            
            <a class="navhash" href="#37">#</a>
						
              <code id="37">/sysroot/include/endian.h:32:25: warning: '&' within '|' [-Wbitwise-op-parentheses]</code><br />
						
            
            <a class="navhash" href="#38">#</a>
						
              <code id="38">        return __x>>24 | __x>>8&0xff00 | __x<<8&0xff0000 | __x<<24;</code><br />
						
            
            <a class="navhash" href="#39">#</a>
						
              <code id="39">                       ~ ~~~~~~^~~~~~~</code><br />
						
            
            <a class="navhash" href="#40">#</a>
						
              <code id="40">/sysroot/include/endian.h:32:25: note: place parentheses around the '&' expression to silence this warning</code><br />
						
            
            <a class="navhash" href="#41">#</a>
						
              <code id="41">        return __x>>24 | __x>>8&0xff00 | __x<<8&0xff0000 | __x<<24;</code><br />
						
            
            <a class="navhash" href="#42">#</a>
						
              <code id="42">                               ^</code><br />
						
            
            <a class="navhash" href="#43">#</a>
						
              <code id="43">                         (            )</code><br />
						
            
            <a class="navhash" href="#44">#</a>
						
              <code id="44">/sysroot/include/endian.h:32:41: warning: '&' within '|' [-Wbitwise-op-parentheses]</code><br />
						
            
            <a class="navhash" href="#45">#</a>
						
              <code id="45">        return __x>>24 | __x>>8&0xff00 | __x<<8&0xff0000 | __x<<24;</code><br />
						
            
            <a class="navhash" href="#46">#</a>
						
              <code id="46">                                       ~ ~~~~~~^~~~~~~~~</code><br />
						
            
            <a class="navhash" href="#47">#</a>
						
              <code id="47">/sysroot/include/endian.h:32:41: note: place parentheses around the '&' expression to silence this warning</code><br />
						
            
            <a class="navhash" href="#48">#</a>
						
              <code id="48">        return __x>>24 | __x>>8&0xff00 | __x<<8&0xff0000 | __x<<24;</code><br />
						
            
            <a class="navhash" href="#49">#</a>
						
              <code id="49">                                               ^</code><br />
						
            
            <a class="navhash" href="#50">#</a>
						
              <code id="50">                                         (              )</code><br />
						
            
            <a class="navhash" href="#51">#</a>
						
              <code id="51">/sysroot/include/endian.h:37:23: warning: operator '<<' has lower precedence than '+'; '+' will be evaluated first [-Wshift-op-parentheses]</code><br />
						
            
            <a class="navhash" href="#52">#</a>
						
              <code id="52">        return __bswap32(__x)+0ULL<<32 | __bswap32(__x>>32);</code><br />
						
            
            <a class="navhash" href="#53">#</a>
						
              <code id="53">               ~~~~~~~~~~~~~~^~~~~~~</code><br />
						
            
            <a class="navhash" href="#54">#</a>
						
              <code id="54">/sysroot/include/endian.h:37:23: note: place parentheses around the '+' expression to silence this warning</code><br />
						
            
            <a class="navhash" href="#55">#</a>
						
              <code id="55">        return __bswap32(__x)+0ULL<<32 | __bswap32(__x>>32);</code><br />
						
            
            <a class="navhash" href="#56">#</a>
						
              <code id="56">                             ^</code><br />
						
            
            <a class="navhash" href="#57">#</a>
						
              <code id="57">               (                  )</code><br />
						
            
            <a class="navhash" href="#58">#</a>
						
              <code id="58">tools/configurator/configurator.c:368:39: warning: if statement has empty body [-Wempty-body]</code><br />
						
            
            <a class="navhash" href="#59">#</a>
						
              <code id="59">                if (system("cat " INPUT_FILE) == -1);</code><br />
						
            
            <a class="navhash" href="#60">#</a>
						
              <code id="60">                                                    ^</code><br />
						
            
            <a class="navhash" href="#61">#</a>
						
              <code id="61">tools/configurator/configurator.c:368:39: note: put the semicolon on a separate line to silence this warning</code><br />
						
            
            <a class="navhash" href="#62">#</a>
						
              <code id="62">4 warnings generated.</code><br />
						
            
            <a class="navhash" href="#63">#</a>
						
              <code id="63">tools/configurator/configurator: error while loading shared libraries: /usr/lib/libc.so: invalid ELF header</code><br />
						
            
            <a class="navhash" href="#64">#</a>
						
              <code id="64">In file included from tools/ccan_depends.c:1:</code><br />
						
            
            <a class="navhash" href="#65">#</a>
						
              <code id="65">In file included from tools/tools.h:4:</code><br />
						
            
            <a class="navhash" href="#66">#</a>
						<span class="error">
              <code id="66">./ccan/compiler/compiler.h:3:10: fatal error: 'config.h' file not found</code><br />
						</span>
            
            <a class="navhash" href="#67">#</a>
						
              <code id="67">#include "config.h"</code><br />
						
            
            <a class="navhash" href="#68">#</a>
						
              <code id="68">         ^</code><br />
						
            
            <a class="navhash" href="#69">#</a>
						
              <code id="69">In file included from ccan/grab_file/grab_file.c:3:</code><br />
						
            
            <a class="navhash" href="#70">#</a>
						
              <code id="70">In file included from ./ccan/talloc/talloc.h:29:</code><br />
						
            
            <a class="navhash" href="#71">#</a>
						<span class="error">
              <code id="71">./ccan/typesafe_cb/typesafe_cb.h:4:10: fatal error: 'config.h' file not found</code><br />
						</span>
            
            <a class="navhash" href="#72">#</a>
						
              <code id="72">#include "config.h"</code><br />
						
            
            <a class="navhash" href="#73">#</a>
						
              <code id="73">         ^</code><br />
						
            
            <a class="navhash" href="#74">#</a>
						
              <code id="74">1 error generated.</code><br />
						
            
            <a class="navhash" href="#75">#</a>
						
              <code id="75">1 error generated.</code><br />
						
            
            <a class="navhash" href="#76">#</a>
						<span class="error">
              <code id="76">ccan/str/debug.c:1:10: fatal error: 'config.h' file not found</code><br />
						</span>
            
            <a class="navhash" href="#77">#</a>
						
              <code id="77">#include "config.h"</code><br />
						
            
            <a class="navhash" href="#78">#</a>
						
              <code id="78">         ^</code><br />
						
            
            <a class="navhash" href="#79">#</a>
						
              <code id="79">1 error generated.</code><br />
						
            
            <a class="navhash" href="#80">#</a>
						
              <code id="80">In file included from ccan/str/str.c:1:</code><br />
						
            
            <a class="navhash" href="#81">#</a>
						<span class="error">
              <code id="81">./ccan/str/str.h:4:10: fatal error: 'config.h' file not found</code><br />
						</span>
            
            <a class="navhash" href="#82">#</a>
						
              <code id="82">#include "config.h"</code><br />
						
            
            <a class="navhash" href="#83">#</a>
						
              <code id="83">         ^</code><br />
						
            
            <a class="navhash" href="#84">#</a>
						
              <code id="84">1 error generated.</code><br />
						
            
            <a class="navhash" href="#85">#</a>
						
              <code id="85">In file included from ccan/str_talloc/str_talloc.c:8:</code><br />
						
            
            <a class="navhash" href="#86">#</a>
						
              <code id="86">In file included from /sysroot/include/sys/types.h:70:</code><br />
						
            
            <a class="navhash" href="#87">#</a>
						
              <code id="87">/sysroot/include/endian.h:32:25: warning: '&' within '|' [-Wbitwise-op-parentheses]</code><br />
						
            
            <a class="navhash" href="#88">#</a>
						
              <code id="88">        return __x>>24 | __x>>8&0xff00 | __x<<8&0xff0000 | __x<<24;</code><br />
						
            
            <a class="navhash" href="#89">#</a>
						
              <code id="89">                       ~ ~~~~~~^~~~~~~</code><br />
						
            
            <a class="navhash" href="#90">#</a>
						
              <code id="90">/sysroot/include/endian.h:32:25: note: place parentheses around the '&' expression to silence this warning</code><br />
						
            
            <a class="navhash" href="#91">#</a>
						
              <code id="91">        return __x>>24 | __x>>8&0xff00 | __x<<8&0xff0000 | __x<<24;</code><br />
						
            
            <a class="navhash" href="#92">#</a>
						
              <code id="92">                               ^</code><br />
						
            
            <a class="navhash" href="#93">#</a>
						
              <code id="93">                         (            )</code><br />
						
            
            <a class="navhash" href="#94">#</a>
						
              <code id="94">/sysroot/include/endian.h:32:41: warning: '&' within '|' [-Wbitwise-op-parentheses]</code><br />
						
            
            <a class="navhash" href="#95">#</a>
						
              <code id="95">        return __x>>24 | __x>>8&0xff00 | __x<<8&0xff0000 | __x<<24;</code><br />
						
            
            <a class="navhash" href="#96">#</a>
						
              <code id="96">                                       ~ ~~~~~~^~~~~~~~~</code><br />
						
            
            <a class="navhash" href="#97">#</a>
						
              <code id="97">/sysroot/include/endian.h:32:41: note: place parentheses around the '&' expression to silence this warning</code><br />
						
            
            <a class="navhash" href="#98">#</a>
						
              <code id="98">        return __x>>24 | __x>>8&0xff00 | __x<<8&0xff0000 | __x<<24;</code><br />
						
            
            <a class="navhash" href="#99">#</a>
						
              <code id="99">                                               ^</code><br />
						
            
            <a class="navhash" href="#100">#</a>
						
              <code id="100">                                         (              )</code><br />
						
            
            <a class="navhash" href="#101">#</a>
						
              <code id="101">/sysroot/include/endian.h:37:23: warning: operator '<<' has lower precedence than '+'; '+' will be evaluated first [-Wshift-op-parentheses]</code><br />
						
            
            <a class="navhash" href="#102">#</a>
						
              <code id="102">        return __bswap32(__x)+0ULL<<32 | __bswap32(__x>>32);</code><br />
						
            
            <a class="navhash" href="#103">#</a>
						
              <code id="103">               ~~~~~~~~~~~~~~^~~~~~~</code><br />
						
            
            <a class="navhash" href="#104">#</a>
						
              <code id="104">/sysroot/include/endian.h:37:23: note: place parentheses around the '+' expression to silence this warning</code><br />
						
            
            <a class="navhash" href="#105">#</a>
						
              <code id="105">        return __bswap32(__x)+0ULL<<32 | __bswap32(__x>>32);</code><br />
						
            
            <a class="navhash" href="#106">#</a>
						
              <code id="106">                             ^</code><br />
						
            
            <a class="navhash" href="#107">#</a>
						
              <code id="107">               (                  )</code><br />
						
            
            <a class="navhash" href="#108">#</a>
						
              <code id="108">In file included from ccan/talloc/talloc.c:34:</code><br />
						
            
            <a class="navhash" href="#109">#</a>
						
              <code id="109">In file included from ccan/talloc/talloc.h:29:</code><br />
						
            
            <a class="navhash" href="#110">#</a>
						<span class="error">
              <code id="110">./ccan/typesafe_cb/typesafe_cb.h:4:10: fatal error: 'config.h' file not found</code><br />
						</span>
            
            <a class="navhash" href="#111">#</a>
						
              <code id="111">#include "config.h"</code><br />
						
            
            <a class="navhash" href="#112">#</a>
						
              <code id="112">         ^</code><br />
						
            
            <a class="navhash" href="#113">#</a>
						
              <code id="113">In file included from ccan/str_talloc/str_talloc.c:12:</code><br />
						
            
            <a class="navhash" href="#114">#</a>
						
              <code id="114">In file included from ./ccan/talloc/talloc.h:29:</code><br />
						
            
            <a class="navhash" href="#115">#</a>
						<span class="error">
              <code id="115">./ccan/typesafe_cb/typesafe_cb.h:4:10: fatal error: 'config.h' file not found</code><br />
						</span>
            
            <a class="navhash" href="#116">#</a>
						
              <code id="116">#include "config.h"</code><br />
						
            
            <a class="navhash" href="#117">#</a>
						
              <code id="117">         ^</code><br />
						
            
            <a class="navhash" href="#118">#</a>
						
              <code id="118">3 warnings and 1 error generated.</code><br />
						
            
            <a class="navhash" href="#119">#</a>
						
              <code id="119">1 error generated.</code><br />
						
            
            <a class="navhash" href="#120">#</a>
						
              <code id="120">In file included from ccan/time/time.c:2:</code><br />
						
            
            <a class="navhash" href="#121">#</a>
						<span class="error">
              <code id="121">./ccan/time/time.h:4:10: fatal error: 'config.h' file not found</code><br />
						</span>
            
            <a class="navhash" href="#122">#</a>
						
              <code id="122">#include "config.h"</code><br />
						
            
            <a class="navhash" href="#123">#</a>
						
              <code id="123">         ^</code><br />
						
            
            <a class="navhash" href="#124">#</a>
						
              <code id="124">1 error generated.</code><br />
						
            
            <a class="navhash" href="#125">#</a>
						
              <code id="125">In file included from tools/read_config_header.c:2:</code><br />
						
            
            <a class="navhash" href="#126">#</a>
						<span class="error">
              <code id="126">./ccan/str/str.h:4:10: fatal error: 'config.h' file not found</code><br />
						</span>
            
            <a class="navhash" href="#127">#</a>
						
              <code id="127">#include "config.h"</code><br />
						
            
            <a class="navhash" href="#128">#</a>
						
              <code id="128">         ^</code><br />
						
            
            <a class="navhash" href="#129">#</a>
						
              <code id="129">1 error generated.</code><br />
						
            
            <a class="navhash" href="#130">#</a>
						
              <code id="130">In file included from tools/compile.c:1:</code><br />
						
            
            <a class="navhash" href="#131">#</a>
						
              <code id="131">In file included from tools/tools.h:4:</code><br />
						
            
            <a class="navhash" href="#132">#</a>
						<span class="error">
              <code id="132">./ccan/compiler/compiler.h:3:10: fatal error: 'config.h' file not found</code><br />
						</span>
            
            <a class="navhash" href="#133">#</a>
						
              <code id="133">#include "config.h"</code><br />
						
            
            <a class="navhash" href="#134">#</a>
						
              <code id="134">         ^</code><br />
						
            
            <a class="navhash" href="#135">#</a>
						
              <code id="135">1 error generated.</code><br />
						
            
            <a class="navhash" href="#136">#</a>
						
              <code id="136">In file included from tools/depends.c:1:</code><br />
						
            
            <a class="navhash" href="#137">#</a>
						<span class="error">
              <code id="137">./ccan/str/str.h:4:10: fatal error: 'config.h' file not found</code><br />
						</span>
            
            <a class="navhash" href="#138">#</a>
						
              <code id="138">#include "config.h"</code><br />
						
            
            <a class="navhash" href="#139">#</a>
						
              <code id="139">         ^</code><br />
						
            
            <a class="navhash" href="#140">#</a>
						
              <code id="140">In file included from tools/tools.c:1:</code><br />
						
            
            <a class="navhash" href="#141">#</a>
						
              <code id="141">In file included from ./ccan/talloc/talloc.h:29:</code><br />
						
            
            <a class="navhash" href="#142">#</a>
						<span class="error">
              <code id="142">./ccan/typesafe_cb/typesafe_cb.h:4:10: fatal error: 'config.h' file not found</code><br />
						</span>
            
            <a class="navhash" href="#143">#</a>
						
              <code id="143">#include "config.h"</code><br />
						
            
            <a class="navhash" href="#144">#</a>
						
              <code id="144">         ^</code><br />
						
            
            <a class="navhash" href="#145">#</a>
						
              <code id="145">1 error generated.</code><br />
						
            
            <a class="navhash" href="#146">#</a>
						
              <code id="146">make: INTERNAL: Exiting with 1 jobserver tokens (should be 0)!</code><br />
						
            
            <a class="navhash" href="#147">#</a>
						
              <code id="147">1 error generated.</code><br />
						
            
            <a class="navhash" href="#148">#</a>
						
              <code id="148">tools/configurator/configurator: error while loading shared libraries: /usr/lib/libc.so: invalid ELF header</code><br />
						
            
            <a class="navhash" href="#149">#</a>
						
              <code id="149">In file included from tools/ccan_depends.c:1:</code><br />
						
            
            <a class="navhash" href="#150">#</a>
						
              <code id="150">In file included from tools/tools.h:4:</code><br />
						
            
            <a class="navhash" href="#151">#</a>
						<span class="error">
              <code id="151">./ccan/compiler/compiler.h:3:10: fatal error: 'config.h' file not found</code><br />
						</span>
            
            <a class="navhash" href="#152">#</a>
						
              <code id="152">#include "config.h"</code><br />
						
            
            <a class="navhash" href="#153">#</a>
						
              <code id="153">         ^</code><br />
						
            
            <a class="navhash" href="#154">#</a>
						
              <code id="154">In file included from ccan/grab_file/grab_file.c:3:</code><br />
						
            
            <a class="navhash" href="#155">#</a>
						
              <code id="155">In file included from ./ccan/talloc/talloc.h:29:</code><br />
						
            
            <a class="navhash" href="#156">#</a>
						<span class="error">
              <code id="156">./ccan/typesafe_cb/typesafe_cb.h:4:10: fatal error: 'config.h' file not found</code><br />
						</span>
            
            <a class="navhash" href="#157">#</a>
						
              <code id="157">#include "config.h"</code><br />
						
            
            <a class="navhash" href="#158">#</a>
						
              <code id="158">         ^</code><br />
						
            
            <a class="navhash" href="#159">#</a>
						
              <code id="159">1 error generated.</code><br />
						
            
            <a class="navhash" href="#160">#</a>
						
              <code id="160">1 error generated.</code><br />
						
            
            <a class="navhash" href="#161">#</a>
						<span class="error">
              <code id="161">ccan/str/debug.c:1:10: fatal error: 'config.h' file not found</code><br />
						</span>
            
            <a class="navhash" href="#162">#</a>
						
              <code id="162">#include "config.h"</code><br />
						
            
            <a class="navhash" href="#163">#</a>
						
              <code id="163">         ^</code><br />
						
            
            <a class="navhash" href="#164">#</a>
						
              <code id="164">In file included from ccan/str/str.c:1:</code><br />
						
            
            <a class="navhash" href="#165">#</a>
						<span class="error">
              <code id="165">./ccan/str/str.h:4:10: fatal error: 'config.h' file not found</code><br />
						</span>
            
            <a class="navhash" href="#166">#</a>
						
              <code id="166">#include "config.h"</code><br />
						
            
            <a class="navhash" href="#167">#</a>
						
              <code id="167">         ^</code><br />
						
            
            <a class="navhash" href="#168">#</a>
						
              <code id="168">1 error generated.</code><br />
						
            
            <a class="navhash" href="#169">#</a>
						
              <code id="169">1 error generated.</code><br />
						
            
            <a class="navhash" href="#170">#</a>
						
              <code id="170">In file included from ccan/talloc/talloc.c:34:</code><br />
						
            
            <a class="navhash" href="#171">#</a>
						
              <code id="171">In file included from ccan/talloc/talloc.h:29:</code><br />
						
            
            <a class="navhash" href="#172">#</a>
						<span class="error">
              <code id="172">./ccan/typesafe_cb/typesafe_cb.h:4:10: fatal error: 'config.h' file not found</code><br />
						</span>
            
            <a class="navhash" href="#173">#</a>
						
              <code id="173">#include "config.h"</code><br />
						
            
            <a class="navhash" href="#174">#</a>
						
              <code id="174">         ^</code><br />
						
            
            <a class="navhash" href="#175">#</a>
						
              <code id="175">In file included from ccan/str_talloc/str_talloc.c:8:</code><br />
						
            
            <a class="navhash" href="#176">#</a>
						
              <code id="176">In file included from /sysroot/include/sys/types.h:70:</code><br />
						
            
            <a class="navhash" href="#177">#</a>
						
              <code id="177">/sysroot/include/endian.h:32:25: warning: '&' within '|' [-Wbitwise-op-parentheses]</code><br />
						
            
            <a class="navhash" href="#178">#</a>
						
              <code id="178">        return __x>>24 | __x>>8&0xff00 | __x<<8&0xff0000 | __x<<24;</code><br />
						
            
            <a class="navhash" href="#179">#</a>
						
              <code id="179">                       ~ ~~~~~~^~~~~~~</code><br />
						
            
            <a class="navhash" href="#180">#</a>
						
              <code id="180">/sysroot/include/endian.h:32:25: note: place parentheses around the '&' expression to silence this warning</code><br />
						
            
            <a class="navhash" href="#181">#</a>
						
              <code id="181">        return __x>>24 | __x>>8&0xff00 | __x<<8&0xff0000 | __x<<24;</code><br />
						
            
            <a class="navhash" href="#182">#</a>
						
              <code id="182">                               ^</code><br />
						
            
            <a class="navhash" href="#183">#</a>
						
              <code id="183">                         (            )</code><br />
						
            
            <a class="navhash" href="#184">#</a>
						
              <code id="184">/sysroot/include/endian.h:32:41: warning: '&' within '|' [-Wbitwise-op-parentheses]</code><br />
						
            
            <a class="navhash" href="#185">#</a>
						
              <code id="185">        return __x>>24 | __x>>8&0xff00 | __x<<8&0xff0000 | __x<<24;</code><br />
						
            
            <a class="navhash" href="#186">#</a>
						
              <code id="186">                                       ~ ~~~~~~^~~~~~~~~</code><br />
						
            
            <a class="navhash" href="#187">#</a>
						
              <code id="187">/sysroot/include/endian.h:32:41: note: place parentheses around the '&' expression to silence this warning</code><br />
						
            
            <a class="navhash" href="#188">#</a>
						
              <code id="188">        return __x>>24 | __x>>8&0xff00 | __x<<8&0xff0000 | __x<<24;</code><br />
						
            
            <a class="navhash" href="#189">#</a>
						
              <code id="189">                                               ^</code><br />
						
            
            <a class="navhash" href="#190">#</a>
						
              <code id="190">                                         (              )</code><br />
						
            
            <a class="navhash" href="#191">#</a>
						
              <code id="191">/sysroot/include/endian.h:37:23: warning: operator '<<' has lower precedence than '+'; '+' will be evaluated first [-Wshift-op-parentheses]</code><br />
						
            
            <a class="navhash" href="#192">#</a>
						
              <code id="192">        return __bswap32(__x)+0ULL<<32 | __bswap32(__x>>32);</code><br />
						
            
            <a class="navhash" href="#193">#</a>
						
              <code id="193">               ~~~~~~~~~~~~~~^~~~~~~</code><br />
						
            
            <a class="navhash" href="#194">#</a>
						
              <code id="194">/sysroot/include/endian.h:37:23: note: place parentheses around the '+' expression to silence this warning</code><br />
						
            
            <a class="navhash" href="#195">#</a>
						
              <code id="195">        return __bswap32(__x)+0ULL<<32 | __bswap32(__x>>32);</code><br />
						
            
            <a class="navhash" href="#196">#</a>
						
              <code id="196">                             ^</code><br />
						
            
            <a class="navhash" href="#197">#</a>
						
              <code id="197">               (                  )</code><br />
						
            
            <a class="navhash" href="#198">#</a>
						
              <code id="198">In file included from ccan/str_talloc/str_talloc.c:12:</code><br />
						
            
            <a class="navhash" href="#199">#</a>
						
              <code id="199">In file included from ./ccan/talloc/talloc.h:29:</code><br />
						
            
            <a class="navhash" href="#200">#</a>
						<span class="error">
              <code id="200">./ccan/typesafe_cb/typesafe_cb.h:4:10: fatal error: 'config.h' file not found</code><br />
						</span>
            
            <a class="navhash" href="#201">#</a>
						
              <code id="201">#include "config.h"</code><br />
						
            
            <a class="navhash" href="#202">#</a>
						
              <code id="202">         ^</code><br />
						
            
            <a class="navhash" href="#203">#</a>
						
              <code id="203">3 warnings and 1 error generated.</code><br />
						
            
            <a class="navhash" href="#204">#</a>
						
              <code id="204">1 error generated.</code><br />
						
            
            <a class="navhash" href="#205">#</a>
						
              <code id="205">In file included from ccan/time/time.c:2:</code><br />
						
            
            <a class="navhash" href="#206">#</a>
						<span class="error">
              <code id="206">./ccan/time/time.h:4:10: fatal error: 'config.h' file not found</code><br />
						</span>
            
            <a class="navhash" href="#207">#</a>
						
              <code id="207">#include "config.h"</code><br />
						
            
            <a class="navhash" href="#208">#</a>
						
              <code id="208">         ^</code><br />
						
            
            <a class="navhash" href="#209">#</a>
						
              <code id="209">1 error generated.</code><br />
						
            
            <a class="navhash" href="#210">#</a>
						
              <code id="210">In file included from tools/read_config_header.c:2:</code><br />
						
            
            <a class="navhash" href="#211">#</a>
						<span class="error">
              <code id="211">./ccan/str/str.h:4:10: fatal error: 'config.h' file not found</code><br />
						</span>
            
            <a class="navhash" href="#212">#</a>
						
              <code id="212">#include "config.h"</code><br />
						
            
            <a class="navhash" href="#213">#</a>
						
              <code id="213">         ^</code><br />
						
            
            <a class="navhash" href="#214">#</a>
						
              <code id="214">1 error generated.</code><br />
						
            
            <a class="navhash" href="#215">#</a>
						
              <code id="215">In file included from tools/compile.c:1:</code><br />
						
            
            <a class="navhash" href="#216">#</a>
						
              <code id="216">In file included from tools/tools.h:4:</code><br />
						
            
            <a class="navhash" href="#217">#</a>
						<span class="error">
              <code id="217">./ccan/compiler/compiler.h:3:10: fatal error: 'config.h' file not found</code><br />
						</span>
            
            <a class="navhash" href="#218">#</a>
						
              <code id="218">#include "config.h"</code><br />
						
            
            <a class="navhash" href="#219">#</a>
						
              <code id="219">         ^</code><br />
						
            
            <a class="navhash" href="#220">#</a>
						
              <code id="220">1 error generated.</code><br />
						
            
            <a class="navhash" href="#221">#</a>
						
              <code id="221">In file included from tools/depends.c:1:</code><br />
						
            
            <a class="navhash" href="#222">#</a>
						<span class="error">
              <code id="222">./ccan/str/str.h:4:10: fatal error: 'config.h' file not found</code><br />
						</span>
            
            <a class="navhash" href="#223">#</a>
						
              <code id="223">#include "config.h"</code><br />
						
            
            <a class="navhash" href="#224">#</a>
						
              <code id="224">         ^</code><br />
						
            
            <a class="navhash" href="#225">#</a>
						
              <code id="225">In file included from tools/tools.c:1:</code><br />
						
            
            <a class="navhash" href="#226">#</a>
						
              <code id="226">In file included from ./ccan/talloc/talloc.h:29:</code><br />
						
            
            <a class="navhash" href="#227">#</a>
						<span class="error">
              <code id="227">./ccan/typesafe_cb/typesafe_cb.h:4:10: fatal error: 'config.h' file not found</code><br />
						</span>
            
            <a class="navhash" href="#228">#</a>
						
              <code id="228">#include "config.h"</code><br />
						
            
            <a class="navhash" href="#229">#</a>
						
              <code id="229">         ^</code><br />
						
            
            <a class="navhash" href="#230">#</a>
						
              <code id="230">1 error generated.</code><br />
						
            
            <a class="navhash" href="#231">#</a>
						
              <code id="231">1 error generated.</code><br />
						
            
            <a class="navhash" href="#232">#</a>
						
              <code id="232">make: *** No rule to make target 'tools/ccan_depends.o', needed by 'tools/ccan_depends'.  Stop.</code><br />
						
            
            <a class="navhash" href="#233">#</a>
						
              <code id="233">Unescaped left brace in regex is deprecated, passed through in regex; marked by <-- HERE in m/\${ <-- HERE ([^ \t=:+{}]+)}/ at /usr/bin/automake line 3936.</code><br />
						
            
            <a class="navhash" href="#234">#</a>
						
              <code id="234">configure.ac:10: installing './compile'</code><br />
						
            
            <a class="navhash" href="#235">#</a>
						
              <code id="235">configure.ac:3: installing './install-sh'</code><br />
						
            
            <a class="navhash" href="#236">#</a>
						
              <code id="236">configure.ac:3: installing './missing'</code><br />
						
            
            <a class="navhash" href="#237">#</a>
						
              <code id="237">Makefile.am: installing './INSTALL'</code><br />
						
            
            <a class="navhash" href="#238">#</a>
						
              <code id="238">configure.ac:76: error: required file 'lib/ccan/Makefile.in' not found</code><br />
						
            
            <a class="navhash" href="#239">#</a>
						
              <code id="239">Makefile.am:2: error: required directory ./lib/ccan does not exist</code><br />
						
            
            <a class="navhash" href="#240">#</a>
						
              <code id="240">src/Makefile.am: installing './depcomp'</code><br />
						
            
            <a class="navhash" href="#241">#</a>
						
              <code id="241">tests/Makefile.am:27: warning: deprecated feature: target 'test-i386.pecoff' overrides 'test-i386.pecoff$(EXEEXT)'</code><br />
						
            
            <a class="navhash" href="#242">#</a>
						
              <code id="242">tests/Makefile.am:27: change your target to read 'test-i386.pecoff$(EXEEXT)'</code><br />
						
            
            <a class="navhash" href="#243">#</a>
						
              <code id="243">/usr/share/automake-1.15/am/program.am: target 'test-i386.pecoff$(EXEEXT)' was defined here</code><br />
						
            
            <a class="navhash" href="#244">#</a>
						
              <code id="244">tests/Makefile.am:9:   while processing program 'test-i386.pecoff'</code><br />
						
            
            <a class="navhash" href="#245">#</a>
						
              <code id="245">tests/Makefile.am:23: warning: deprecated feature: target 'test-x86_64.pecoff' overrides 'test-x86_64.pecoff$(EXEEXT)'</code><br />
						
            
            <a class="navhash" href="#246">#</a>
						
              <code id="246">tests/Makefile.am:23: change your target to read 'test-x86_64.pecoff$(EXEEXT)'</code><br />
						
            
            <a class="navhash" href="#247">#</a>
						
              <code id="247">/usr/share/automake-1.15/am/program.am: target 'test-x86_64.pecoff$(EXEEXT)' was defined here</code><br />
						
            
            <a class="navhash" href="#248">#</a>
						
              <code id="248">tests/Makefile.am:9:   while processing program 'test-x86_64.pecoff'</code><br />
						
            
            <a class="navhash" href="#249">#</a>
						
              <code id="249">parallel-tests: installing './test-driver'</code><br />
						
            
            <a class="navhash" href="#250">#</a>
						
              <code id="250">==> ERROR: A failure occurred in build().</code><br />
						
            
            <a class="navhash" href="#251">#</a>
						
              <code id="251">    Aborting...</code><br />
						
            
          </div>
        
      </div>
      <br />
    
      <div class="block">
        <div class="info">
          <code>Printing config.logs</code>
        </div>
        
      </div>
      <br />
    
  </body>
</html>