<!DOCTYPE html>
<html>
<!-- Jinja template for reports of individual builds

  Copyright 2016 Kareem Khazem. All Rights Reserved.
  Licensed under the Apache License, Version 2.0 (the "License");
  you may not use this file except in compliance with the License.
  You may obtain a copy of the License at

 		 http://www.apache.org/licenses/LICENSE-2.0

  Unless required by applicable law or agreed to in writing, software
  distributed under the License is distributed on an "AS IS" BASIS,
  WITHOUT WARRANTIES OR CONDITIONS OF ANY KIND, either express or
  implied.
  See the License for the specific language governing permissions and
  limitations under the License.
-->
  <head>
    <meta charset="UTF-8">
    <title>musl/ustr</title>
    <link href='https://fonts.googleapis.com/css?family=Roboto:400,900'
          rel='stylesheet' type='text/css'>
    <link
    href='https://fonts.googleapis.com/css?family=Source+Code+Pro:400,700'
          rel='stylesheet' type='text/css'>
    <link href="../style.css" type="text/css" rel="stylesheet">
  </head>
  <body>
    <h1>Build of ustr
        with <a href="../index.html">musl</a>
        toolchain</h1>
    <p>The build took 00h 00m 20s and was
    NOT successful.
    
    <p>This build attempted to bypass our toolchain by invoking native
    tools; we intercepted these invocations and sent them to our
    toolchain. The frequency of each native tool invocation is given
    here:</p>
    <table>
      <tr><th>tool</th><th>frequency</th></tr>
      
      <tr><td><code>gcc</code></td><td>4</td></tr>
      
    </table>
    
    </p>
    
    
    
    <h2>List of Errors</h2>
    <ul>
      
      <li>compile_error
        <ul>
          
          <li><a href="#24">./ustr-main.h:204:34: error: expected value in expression</a></li>
          
          <li><a href="#27">./ustr-main.h:327:34: error: expected value in expression</a></li>
          
          <li><a href="#30">./ustr-main.h:865:34: error: expected value in expression</a></li>
          
          <li><a href="#112">./ustr-main.h:204:34: error: expected value in expression</a></li>
          
          <li><a href="#115">./ustr-main.h:327:34: error: expected value in expression</a></li>
          
          <li><a href="#118">./ustr-main.h:865:34: error: expected value in expression</a></li>
          
        </ul>
      </li>
      
    </ul>
    
    <h2>Log</h2>
    
      <div class="block">
        <div class="info">
          <code>Found permanent source directory in /sources/ustr</code>
        </div>
        
      </div>
      <br />
    
      <div class="block">
        <div class="info">
          <code>Removed vanilla repositories from pacman.conf and added:</code>
        </div>
        
          <div class="output">
            
            <a class="navhash" href="#1">#</a>
						
              <code id="1">[tuscan]</code><br />
						
            
            <a class="navhash" href="#2">#</a>
						
              <code id="2">Server = file:///var/cache/pacman/pkg/</code><br />
						
            
          </div>
        
      </div>
      <br />
    
      <div class="block">
        <div class="command">
          <code><span class="prompt">CMD: </span>pacman -Syy --noconfirm</code>
        </div>
        
          <div class="output">
            
            <a class="navhash" href="#3">#</a>
						
              <code id="3">:: Synchronizing package databases...</code><br />
						
            
            <a class="navhash" href="#4">#</a>
						
              <code id="4">downloading tuscan.db...</code><br />
						
            
          </div>
        
      </div>
      <br />
    
      <div class="block">
        <div class="command">
          <code><span class="prompt">CMD: </span>sudo -u tuscan PATH=/toolchain_root/clang+llvm-x86_64-archlinux/bin:/usr/local/sbin:/usr/local/bin:/usr/sbin:/usr/bin:/sbin:/bin CC=clang CXX=clang++ SYSROOT=/toolchain_root/clang+llvm-x86_64-archlinux LIBRARY_PATH=/toolchain_root/clang+llvm-x86_64-archlinux/lib CXXFLAGS=-stdlib-libc++ CPATH=/toolchain_root/clang+llvm-x86_64-archlinux/include bear makepkg --noextract --syncdeps --skipinteg --skippgpcheck --skipchecksums --noconfirm --nocolor --log --noprogressbar --nocheck</code>
        </div>
        
          <div class="output">
            
            <a class="navhash" href="#5">#</a>
						
              <code id="5">==> Making package: ustr 1.0.4-4 (Tue Jun 14 02:35:47 UTC 2016)</code><br />
						
            
            <a class="navhash" href="#6">#</a>
						
              <code id="6">==> Checking runtime dependencies...</code><br />
						
            
            <a class="navhash" href="#7">#</a>
						
              <code id="7">==> Checking buildtime dependencies...</code><br />
						
            
            <a class="navhash" href="#8">#</a>
						
              <code id="8">==> WARNING: Using existing $srcdir/ tree</code><br />
						
            
            <a class="navhash" href="#9">#</a>
						
              <code id="9">==> Starting build()...</code><br />
						
            
            <a class="navhash" href="#10">#</a>
						
              <code id="10">Compiling: auto configuration test: 64bit</code><br />
						
            
            <a class="navhash" href="#11">#</a>
						
              <code id="11">Compiling: auto configuration test: vsnprintf</code><br />
						
            
            <a class="navhash" href="#12">#</a>
						
              <code id="12">Creating ustr-import</code><br />
						
            
            <a class="navhash" href="#13">#</a>
						
              <code id="13">./autoconf_64b: error while loading shared libraries: /usr/lib/libc.so: invalid ELF header</code><br />
						
            
            <a class="navhash" href="#14">#</a>
						
              <code id="14">Creating ustr-conf.h</code><br />
						
            
            <a class="navhash" href="#15">#</a>
						
              <code id="15">./autoconf_vsnprintf: error while loading shared libraries: /usr/lib/libc.so: invalid ELF header</code><br />
						
            
            <a class="navhash" href="#16">#</a>
						
              <code id="16">./autoconf_64b: error while loading shared libraries: /usr/lib/libc.so: invalid ELF header</code><br />
						
            
            <a class="navhash" href="#17">#</a>
						
              <code id="17">./autoconf_vsnprintf: error while loading shared libraries: /usr/lib/libc.so: invalid ELF header</code><br />
						
            
            <a class="navhash" href="#18">#</a>
						
              <code id="18">Creating ustr-conf-debug.h</code><br />
						
            
            <a class="navhash" href="#19">#</a>
						
              <code id="19">./autoconf_64b: error while loading shared libraries: /usr/lib/libc.so: invalid ELF header</code><br />
						
            
            <a class="navhash" href="#20">#</a>
						
              <code id="20">./autoconf_vsnprintf: error while loading shared libraries: /usr/lib/libc.so: invalid ELF header</code><br />
						
            
            <a class="navhash" href="#21">#</a>
						
              <code id="21">Compiling for A DBG lib: ustr-b-dbg-code.c</code><br />
						
            
            <a class="navhash" href="#22">#</a>
						
              <code id="22">Compiling for A DBG lib: ustr-cmp-dbg-code.c</code><br />
						
            
            <a class="navhash" href="#23">#</a>
						
              <code id="23">In file included from ustr-cmp-dbg-code.c:11:</code><br />
						
            
            <a class="navhash" href="#24">#</a>
						<span class="error">
              <code id="24">./ustr-main.h:204:34: error: expected value in expression</code><br />
						</span>
            
            <a class="navhash" href="#25">#</a>
						
              <code id="25">#if USTR_CONF_HAVE_64bit_SIZE_MAX</code><br />
						
            
            <a class="navhash" href="#26">#</a>
						
              <code id="26">                                 ^</code><br />
						
            
            <a class="navhash" href="#27">#</a>
						<span class="error">
              <code id="27">./ustr-main.h:327:34: error: expected value in expression</code><br />
						</span>
            
            <a class="navhash" href="#28">#</a>
						
              <code id="28">#if USTR_CONF_HAVE_64bit_SIZE_MAX</code><br />
						
            
            <a class="navhash" href="#29">#</a>
						
              <code id="29">                                 ^</code><br />
						
            
            <a class="navhash" href="#30">#</a>
						<span class="error">
              <code id="30">./ustr-main.h:865:34: error: expected value in expression</code><br />
						</span>
            
            <a class="navhash" href="#31">#</a>
						
              <code id="31">#if USTR_CONF_HAVE_64bit_SIZE_MAX</code><br />
						
            
            <a class="navhash" href="#32">#</a>
						
              <code id="32">                                 ^</code><br />
						
            
            <a class="navhash" href="#33">#</a>
						
              <code id="33">In file included from ustr-cmp-dbg-code.c:20:</code><br />
						
            
            <a class="navhash" href="#34">#</a>
						
              <code id="34">./ustr-cmp.h:164:40: warning: nonnull parameter 'buf' will evaluate to 'true' on first encounter [-Wpointer-bool-conversion]</code><br />
						
            
            <a class="navhash" href="#35">#</a>
						
              <code id="35">  USTR_ASSERT(ustr_assert_valid(s1) && buf);</code><br />
						
            
            <a class="navhash" href="#36">#</a>
						
              <code id="36">                                    ~~ ^~~</code><br />
						
            
            <a class="navhash" href="#37">#</a>
						
              <code id="37">./ustr-main.h:52:40: note: expanded from macro 'USTR_ASSERT'</code><br />
						
            
            <a class="navhash" href="#38">#</a>
						
              <code id="38">#  define USTR_ASSERT(x)        assert(x)</code><br />
						
            
            <a class="navhash" href="#39">#</a>
						
              <code id="39">                                       ^</code><br />
						
            
            <a class="navhash" href="#40">#</a>
						
              <code id="40">/toolchain_root/clang+llvm-x86_64-archlinux/include/assert.h:8:28: note: expanded from macro 'assert'</code><br />
						
            
            <a class="navhash" href="#41">#</a>
						
              <code id="41">#define assert(x) ((void)((x) || (__assert_fail(#x, __FILE__, __LINE__, __func__),0)))</code><br />
						
            
            <a class="navhash" href="#42">#</a>
						
              <code id="42">                           ^</code><br />
						
            
            <a class="navhash" href="#43">#</a>
						
              <code id="43">In file included from ustr-cmp-dbg-code.c:20:</code><br />
						
            
            <a class="navhash" href="#44">#</a>
						
              <code id="44">./ustr-cmp.h:179:40: warning: nonnull parameter 'buf' will evaluate to 'true' on first encounter [-Wpointer-bool-conversion]</code><br />
						
            
            <a class="navhash" href="#45">#</a>
						
              <code id="45">  USTR_ASSERT(ustr_assert_valid(s1) && buf);</code><br />
						
            
            <a class="navhash" href="#46">#</a>
						
              <code id="46">                                    ~~ ^~~</code><br />
						
            
            <a class="navhash" href="#47">#</a>
						
              <code id="47">./ustr-main.h:52:40: note: expanded from macro 'USTR_ASSERT'</code><br />
						
            
            <a class="navhash" href="#48">#</a>
						
              <code id="48">#  define USTR_ASSERT(x)        assert(x)</code><br />
						
            
            <a class="navhash" href="#49">#</a>
						
              <code id="49">                                       ^</code><br />
						
            
            <a class="navhash" href="#50">#</a>
						
              <code id="50">/toolchain_root/clang+llvm-x86_64-archlinux/include/assert.h:8:28: note: expanded from macro 'assert'</code><br />
						
            
            <a class="navhash" href="#51">#</a>
						
              <code id="51">#define assert(x) ((void)((x) || (__assert_fail(#x, __FILE__, __LINE__, __func__),0)))</code><br />
						
            
            <a class="navhash" href="#52">#</a>
						
              <code id="52">                           ^</code><br />
						
            
            <a class="navhash" href="#53">#</a>
						
              <code id="53">In file included from ustr-cmp-dbg-code.c:20:</code><br />
						
            
            <a class="navhash" href="#54">#</a>
						
              <code id="54">./ustr-cmp.h:192:40: warning: nonnull parameter 'buf' will evaluate to 'true' on first encounter [-Wpointer-bool-conversion]</code><br />
						
            
            <a class="navhash" href="#55">#</a>
						
              <code id="55">  USTR_ASSERT(ustr_assert_valid(s1) && buf);</code><br />
						
            
            <a class="navhash" href="#56">#</a>
						
              <code id="56">                                    ~~ ^~~</code><br />
						
            
            <a class="navhash" href="#57">#</a>
						
              <code id="57">./ustr-main.h:52:40: note: expanded from macro 'USTR_ASSERT'</code><br />
						
            
            <a class="navhash" href="#58">#</a>
						
              <code id="58">#  define USTR_ASSERT(x)        assert(x)</code><br />
						
            
            <a class="navhash" href="#59">#</a>
						
              <code id="59">                                       ^</code><br />
						
            
            <a class="navhash" href="#60">#</a>
						
              <code id="60">/toolchain_root/clang+llvm-x86_64-archlinux/include/assert.h:8:28: note: expanded from macro 'assert'</code><br />
						
            
            <a class="navhash" href="#61">#</a>
						
              <code id="61">#define assert(x) ((void)((x) || (__assert_fail(#x, __FILE__, __LINE__, __func__),0)))</code><br />
						
            
            <a class="navhash" href="#62">#</a>
						
              <code id="62">                           ^</code><br />
						
            
            <a class="navhash" href="#63">#</a>
						
              <code id="63">In file included from ustr-cmp-dbg-code.c:20:</code><br />
						
            
            <a class="navhash" href="#64">#</a>
						
              <code id="64">In file included from ./ustr-cmp.h:207:</code><br />
						
            
            <a class="navhash" href="#65">#</a>
						
              <code id="65">./ustr-cmp-code.h:15:40: warning: nonnull parameter 'buf' will evaluate to 'true' on first encounter [-Wpointer-bool-conversion]</code><br />
						
            
            <a class="navhash" href="#66">#</a>
						
              <code id="66">  USTR_ASSERT(ustr_assert_valid(s1) && buf);</code><br />
						
            
            <a class="navhash" href="#67">#</a>
						
              <code id="67">                                    ~~ ^~~</code><br />
						
            
            <a class="navhash" href="#68">#</a>
						
              <code id="68">./ustr-main.h:52:40: note: expanded from macro 'USTR_ASSERT'</code><br />
						
            
            <a class="navhash" href="#69">#</a>
						
              <code id="69">#  define USTR_ASSERT(x)        assert(x)</code><br />
						
            
            <a class="navhash" href="#70">#</a>
						
              <code id="70">                                       ^</code><br />
						
            
            <a class="navhash" href="#71">#</a>
						
              <code id="71">/toolchain_root/clang+llvm-x86_64-archlinux/include/assert.h:8:28: note: expanded from macro 'assert'</code><br />
						
            
            <a class="navhash" href="#72">#</a>
						
              <code id="72">#define assert(x) ((void)((x) || (__assert_fail(#x, __FILE__, __LINE__, __func__),0)))</code><br />
						
            
            <a class="navhash" href="#73">#</a>
						
              <code id="73">                           ^</code><br />
						
            
            <a class="navhash" href="#74">#</a>
						
              <code id="74">In file included from ustr-cmp-dbg-code.c:20:</code><br />
						
            
            <a class="navhash" href="#75">#</a>
						
              <code id="75">In file included from ./ustr-cmp.h:207:</code><br />
						
            
            <a class="navhash" href="#76">#</a>
						
              <code id="76">./ustr-cmp-code.h:85:40: warning: nonnull parameter 'buf' will evaluate to 'true' on first encounter [-Wpointer-bool-conversion]</code><br />
						
            
            <a class="navhash" href="#77">#</a>
						
              <code id="77">  USTR_ASSERT(ustr_assert_valid(s1) && buf);</code><br />
						
            
            <a class="navhash" href="#78">#</a>
						
              <code id="78">                                    ~~ ^~~</code><br />
						
            
            <a class="navhash" href="#79">#</a>
						
              <code id="79">./ustr-main.h:52:40: note: expanded from macro 'USTR_ASSERT'</code><br />
						
            
            <a class="navhash" href="#80">#</a>
						
              <code id="80">#  define USTR_ASSERT(x)        assert(x)</code><br />
						
            
            <a class="navhash" href="#81">#</a>
						
              <code id="81">                                       ^</code><br />
						
            
            <a class="navhash" href="#82">#</a>
						
              <code id="82">/toolchain_root/clang+llvm-x86_64-archlinux/include/assert.h:8:28: note: expanded from macro 'assert'</code><br />
						
            
            <a class="navhash" href="#83">#</a>
						
              <code id="83">#define assert(x) ((void)((x) || (__assert_fail(#x, __FILE__, __LINE__, __func__),0)))</code><br />
						
            
            <a class="navhash" href="#84">#</a>
						
              <code id="84">                           ^</code><br />
						
            
            <a class="navhash" href="#85">#</a>
						
              <code id="85">In file included from ustr-cmp-dbg-code.c:20:</code><br />
						
            
            <a class="navhash" href="#86">#</a>
						
              <code id="86">In file included from ./ustr-cmp.h:207:</code><br />
						
            
            <a class="navhash" href="#87">#</a>
						
              <code id="87">./ustr-cmp-code.h:125:40: warning: nonnull parameter 'buf' will evaluate to 'true' on first encounter [-Wpointer-bool-conversion]</code><br />
						
            
            <a class="navhash" href="#88">#</a>
						
              <code id="88">  USTR_ASSERT(ustr_assert_valid(s1) && buf);</code><br />
						
            
            <a class="navhash" href="#89">#</a>
						
              <code id="89">                                    ~~ ^~~</code><br />
						
            
            <a class="navhash" href="#90">#</a>
						
              <code id="90">./ustr-main.h:52:40: note: expanded from macro 'USTR_ASSERT'</code><br />
						
            
            <a class="navhash" href="#91">#</a>
						
              <code id="91">#  define USTR_ASSERT(x)        assert(x)</code><br />
						
            
            <a class="navhash" href="#92">#</a>
						
              <code id="92">                                       ^</code><br />
						
            
            <a class="navhash" href="#93">#</a>
						
              <code id="93">/toolchain_root/clang+llvm-x86_64-archlinux/include/assert.h:8:28: note: expanded from macro 'assert'</code><br />
						
            
            <a class="navhash" href="#94">#</a>
						
              <code id="94">#define assert(x) ((void)((x) || (__assert_fail(#x, __FILE__, __LINE__, __func__),0)))</code><br />
						
            
            <a class="navhash" href="#95">#</a>
						
              <code id="95">                           ^</code><br />
						
            
            <a class="navhash" href="#96">#</a>
						
              <code id="96">In file included from ustr-cmp-dbg-code.c:20:</code><br />
						
            
            <a class="navhash" href="#97">#</a>
						
              <code id="97">In file included from ./ustr-cmp.h:207:</code><br />
						
            
            <a class="navhash" href="#98">#</a>
						
              <code id="98">./ustr-cmp-code.h:139:40: warning: nonnull parameter 'buf' will evaluate to 'true' on first encounter [-Wpointer-bool-conversion]</code><br />
						
            
            <a class="navhash" href="#99">#</a>
						
              <code id="99">  USTR_ASSERT(ustr_assert_valid(s1) && buf);</code><br />
						
            
            <a class="navhash" href="#100">#</a>
						
              <code id="100">                                    ~~ ^~~</code><br />
						
            
            <a class="navhash" href="#101">#</a>
						
              <code id="101">./ustr-main.h:52:40: note: expanded from macro 'USTR_ASSERT'</code><br />
						
            
            <a class="navhash" href="#102">#</a>
						
              <code id="102">#  define USTR_ASSERT(x)        assert(x)</code><br />
						
            
            <a class="navhash" href="#103">#</a>
						
              <code id="103">                                       ^</code><br />
						
            
            <a class="navhash" href="#104">#</a>
						
              <code id="104">/toolchain_root/clang+llvm-x86_64-archlinux/include/assert.h:8:28: note: expanded from macro 'assert'</code><br />
						
            
            <a class="navhash" href="#105">#</a>
						
              <code id="105">#define assert(x) ((void)((x) || (__assert_fail(#x, __FILE__, __LINE__, __func__),0)))</code><br />
						
            
            <a class="navhash" href="#106">#</a>
						
              <code id="106">                           ^</code><br />
						
            
            <a class="navhash" href="#107">#</a>
						
              <code id="107">7 warnings and 3 errors generated.</code><br />
						
            
            <a class="navhash" href="#108">#</a>
						
              <code id="108">Makefile:520: recipe for target 'ustr-cmp-code-a-dbg.o' failed</code><br />
						
            
            <a class="navhash" href="#109">#</a>
						
              <code id="109">make: *** [ustr-cmp-code-a-dbg.o] Error 1</code><br />
						
            
            <a class="navhash" href="#110">#</a>
						
              <code id="110">make: *** Waiting for unfinished jobs....</code><br />
						
            
            <a class="navhash" href="#111">#</a>
						
              <code id="111">In file included from ustr-b-dbg-code.c:11:</code><br />
						
            
            <a class="navhash" href="#112">#</a>
						<span class="error">
              <code id="112">./ustr-main.h:204:34: error: expected value in expression</code><br />
						</span>
            
            <a class="navhash" href="#113">#</a>
						
              <code id="113">#if USTR_CONF_HAVE_64bit_SIZE_MAX</code><br />
						
            
            <a class="navhash" href="#114">#</a>
						
              <code id="114">                                 ^</code><br />
						
            
            <a class="navhash" href="#115">#</a>
						<span class="error">
              <code id="115">./ustr-main.h:327:34: error: expected value in expression</code><br />
						</span>
            
            <a class="navhash" href="#116">#</a>
						
              <code id="116">#if USTR_CONF_HAVE_64bit_SIZE_MAX</code><br />
						
            
            <a class="navhash" href="#117">#</a>
						
              <code id="117">                                 ^</code><br />
						
            
            <a class="navhash" href="#118">#</a>
						<span class="error">
              <code id="118">./ustr-main.h:865:34: error: expected value in expression</code><br />
						</span>
            
            <a class="navhash" href="#119">#</a>
						
              <code id="119">#if USTR_CONF_HAVE_64bit_SIZE_MAX</code><br />
						
            
            <a class="navhash" href="#120">#</a>
						
              <code id="120">                                 ^</code><br />
						
            
            <a class="navhash" href="#121">#</a>
						
              <code id="121">3 errors generated.</code><br />
						
            
            <a class="navhash" href="#122">#</a>
						
              <code id="122">Makefile:520: recipe for target 'ustr-b-code-a-dbg.o' failed</code><br />
						
            
            <a class="navhash" href="#123">#</a>
						
              <code id="123">make: *** [ustr-b-code-a-dbg.o] Error 1</code><br />
						
            
            <a class="navhash" href="#124">#</a>
						
              <code id="124">==> ERROR: A failure occurred in build().</code><br />
						
            
            <a class="navhash" href="#125">#</a>
						
              <code id="125">    Aborting...</code><br />
						
            
          </div>
        
      </div>
      <br />
    
      <div class="block">
        <div class="info">
          <code>Printing config.logs</code>
        </div>
        
      </div>
      <br />
    
  </body>
</html>