<!DOCTYPE html>
<html>
  <head>
    <meta charset="UTF-8">
    <title>vc</title>
<style>
body{
  background-color: #002b36;
  color: #839496;
}
code{
  white-space: pre;
}
div{
  padding: 5px;
  border-radius: 5px;
  position: relative;
  float: left;
  min-width: 99%;
  clear: both;
}

/* Each log block */
.block{
  background-color: #073642;
  margin-bottom: 20px;
}

/* Different log block headers */
.die{
  background-color: #cb4b16;
  color: #002b36;
  font-weight: bold;
}
.command{
  background-color: #6c71c4;
  color: #002b36;
  font-weight: bold;
}
.file{
  background-color: #859900;
  color: #002b36;
  font-weight: bold;
}
.info{
  background-color: #859900;
  color: #002b36;
  font-weight: bold;
}

a{
 color: #2aa198;
  text-decoration: none;
}
a:visited {
  color: #d33682;
  text-decoration: none;
}

/* Log block output */
.output{
  background-color: #002b36;
  color: #839496;
}

/* The word CMD that indicates the header of a log block is a
 * command-line invocation
 */
.prompt{
  color: #002b36;
  text-shadow: -2px -2px 0 #b58900,
                2px -2px 0 #b58900,
                2px  2px 0 #b58900,
               -2px  2px 0 #b58900;
}

/* Formats for lines in command output */
.none{

}
.error{
  background-color: #dc322f;
  color: #002b36;
  font-weight: bold;
  text-decoration: underline;
}

</style>
  </head>
  <body>
    <h1>Build of /var/abs/extra/vc
        with <a href="../index.html">android</a>
        toolchain</h1>
    <p>This PKGBUILD creates the following packages:</p>
    <ul>
      
    </ul>
    <p>The build took 00:02:01.</p>
    <p>The return code of the build was 5.</p>
    <h2>Log</h2>
    

      <div class="block">
        <div class="info">
          <code>Found permanent source directory in /sources/vc</code>
        </div>
        
      </div>
      <br />
    

      <div class="block">
        <div class="info">
          <code>Removed vanilla repositories from pacman.conf and added:</code>
        </div>
        
          <div class="output">
            
            <span class="none">
            <code>[tuscan]</code><br />
            </span>
            
            <span class="none">
            <code>Server = file:///toolchain_repo</code><br />
            </span>
            
          </div>
        
      </div>
      <br />
    

      <div class="block">
        <div class="command">
          <code><span class="prompt">CMD: </span>pacman -Syy --noconfirm</code>
        </div>
        
          <div class="output">
            
            <span class="none">
            <code>:: Synchronizing package databases...</code><br />
            </span>
            
            <span class="none">
            <code>downloading tuscan.db...</code><br />
            </span>
            
          </div>
        
      </div>
      <br />
    

      <div class="block">
        <div class="command">
          <code><span class="prompt">CMD: </span>sudo -u tuscan PATH=/toolchain_root/bin:/usr/local/sbin:/usr/local/bin:/usr/sbin:/usr/bin:/sbin:/bin CC=arm-linux-androideabi-gcc CXX=arm-linux-androideabi-g++ SYSROOT=/build/android-ndk-r10e/platforms/android-21/arch-arm LIBRARY_PATH=/toolchain_root/usr/lib CPATH=/toolchain_root/usr/include makepkg --noextract --syncdeps --skipinteg --skippgpcheck --skipchecksums --noconfirm --nocolor --log --noprogressbar --nocheck</code>
        </div>
        
          <div class="output">
            
            <span class="none">
            <code>==> Making package: vc 0.7.5-2 (Mon Dec 14 17:33:24 UTC 2015)</code><br />
            </span>
            
            <span class="none">
            <code>==> Checking runtime dependencies...</code><br />
            </span>
            
            <span class="none">
            <code>==> Checking buildtime dependencies...</code><br />
            </span>
            
            <span class="none">
            <code>==> WARNING: Using existing $srcdir/ tree</code><br />
            </span>
            
            <span class="none">
            <code>==> Starting build()...</code><br />
            </span>
            
            <span class="none">
            <code>-- The C compiler identification is GNU 4.8.0</code><br />
            </span>
            
            <span class="none">
            <code>-- The CXX compiler identification is GNU 4.8.0</code><br />
            </span>
            
            <span class="none">
            <code>-- Check for working C compiler: /toolchain_root/bin/arm-linux-androideabi-gcc</code><br />
            </span>
            
            <span class="none">
            <code>-- Check for working C compiler: /toolchain_root/bin/arm-linux-androideabi-gcc -- works</code><br />
            </span>
            
            <span class="none">
            <code>-- Detecting C compiler ABI info</code><br />
            </span>
            
            <span class="none">
            <code>-- Detecting C compiler ABI info - done</code><br />
            </span>
            
            <span class="none">
            <code>-- Detecting C compile features</code><br />
            </span>
            
            <span class="none">
            <code>-- Detecting C compile features - done</code><br />
            </span>
            
            <span class="none">
            <code>-- Check for working CXX compiler: /toolchain_root/bin/arm-linux-androideabi-g++</code><br />
            </span>
            
            <span class="none">
            <code>-- Check for working CXX compiler: /toolchain_root/bin/arm-linux-androideabi-g++ -- works</code><br />
            </span>
            
            <span class="none">
            <code>-- Detecting CXX compiler ABI info</code><br />
            </span>
            
            <span class="none">
            <code>-- Detecting CXX compiler ABI info - done</code><br />
            </span>
            
            <span class="none">
            <code>-- Detecting CXX compile features</code><br />
            </span>
            
            <span class="none">
            <code>-- Detecting CXX compile features - done</code><br />
            </span>
            
            <span class="none">
            <code>-- Detected Compiler: GCC 4.8</code><br />
            </span>
            
            <span class="none">
            <code>-- GCC Version from --version: </code><br />
            </span>
            
            <span class="none">
            <code>-- Performing Test check_c_compiler_flag__Wundef</code><br />
            </span>
            
            <span class="none">
            <code>-- Performing Test check_c_compiler_flag__Wundef - Success</code><br />
            </span>
            
            <span class="none">
            <code>-- Performing Test check_cxx_compiler_flag__Wundef</code><br />
            </span>
            
            <span class="none">
            <code>-- Performing Test check_cxx_compiler_flag__Wundef - Success</code><br />
            </span>
            
            <span class="none">
            <code>-- Performing Test check_c_compiler_flag__Wold_style_cast</code><br />
            </span>
            
            <span class="none">
            <code>-- Performing Test check_c_compiler_flag__Wold_style_cast - Failed</code><br />
            </span>
            
            <span class="none">
            <code>-- Performing Test check_cxx_compiler_flag__Wold_style_cast</code><br />
            </span>
            
            <span class="none">
            <code>-- Performing Test check_cxx_compiler_flag__Wold_style_cast - Success</code><br />
            </span>
            
            <span class="none">
            <code>-- Performing Test check_c_compiler_flag__Wno_variadic_macros</code><br />
            </span>
            
            <span class="none">
            <code>-- Performing Test check_c_compiler_flag__Wno_variadic_macros - Success</code><br />
            </span>
            
            <span class="none">
            <code>-- Performing Test check_cxx_compiler_flag__Wno_variadic_macros</code><br />
            </span>
            
            <span class="none">
            <code>-- Performing Test check_cxx_compiler_flag__Wno_variadic_macros - Success</code><br />
            </span>
            
            <span class="none">
            <code>-- Performing Test check_cxx_compiler_flag__Wabi</code><br />
            </span>
            
            <span class="none">
            <code>-- Performing Test check_cxx_compiler_flag__Wabi - Success</code><br />
            </span>
            
            <span class="none">
            <code>-- Performing Test check_cxx_compiler_flag__fabi_version_0</code><br />
            </span>
            
            <span class="none">
            <code>-- Performing Test check_cxx_compiler_flag__fabi_version_0 - Success</code><br />
            </span>
            
            <span class="none">
            <code>CMake Warning at cmake/UserWarning.cmake:4 (message):</code><br />
            </span>
            
            <span class="none">
            <code>  Your GCC is ancient and crashes on some important optimizations.  The full</code><br />
            </span>
            
            <span class="none">
            <code>  set of SSE2 intrinsics is not supported.  Vc will fall back to the scalar</code><br />
            </span>
            
            <span class="none">
            <code>  implementation.  Use of the may_alias and always_inline attributes will be</code><br />
            </span>
            
            <span class="none">
            <code>  disabled.  In turn all code using Vc must be compiled with</code><br />
            </span>
            
            <span class="none">
            <code>  -fno-strict-aliasing</code><br />
            </span>
            
            <span class="none">
            <code>Call Stack (most recent call first):</code><br />
            </span>
            
            <span class="none">
            <code>  cmake/VcMacros.cmake:261 (UserWarning)</code><br />
            </span>
            
            <span class="none">
            <code>  CMakeLists.txt:105 (vc_set_preferred_compiler_flags)</code><br />
            </span>
            
            <span class="none">
            <code></code><br />
            </span>
            
            <span class="none">
            <code></code><br />
            </span>
            
            <span class="none">
            <code>-- Performing Test check_cxx_compiler_flag__fno_strict_aliasing</code><br />
            </span>
            
            <span class="none">
            <code>-- Performing Test check_cxx_compiler_flag__fno_strict_aliasing - Success</code><br />
            </span>
            
            <span class="none">
            <code>CMake Warning at cmake/UserWarning.cmake:4 (message):</code><br />
            </span>
            
            <span class="none">
            <code>  GCC 4.4.x shows false positives for -Wparentheses, thus we rather disable</code><br />
            </span>
            
            <span class="none">
            <code>  the warning.</code><br />
            </span>
            
            <span class="none">
            <code>Call Stack (most recent call first):</code><br />
            </span>
            
            <span class="none">
            <code>  cmake/VcMacros.cmake:275 (UserWarning)</code><br />
            </span>
            
            <span class="none">
            <code>  CMakeLists.txt:105 (vc_set_preferred_compiler_flags)</code><br />
            </span>
            
            <span class="none">
            <code></code><br />
            </span>
            
            <span class="none">
            <code></code><br />
            </span>
            
            <span class="none">
            <code>CMake Warning at cmake/UserWarning.cmake:4 (message):</code><br />
            </span>
            
            <span class="none">
            <code>  GCC 4.4.x shows false positives for -Wstrict-aliasing, thus we rather</code><br />
            </span>
            
            <span class="none">
            <code>  disable the warning.  Use a newer GCC for better warnings.</code><br />
            </span>
            
            <span class="none">
            <code>Call Stack (most recent call first):</code><br />
            </span>
            
            <span class="none">
            <code>  cmake/VcMacros.cmake:280 (UserWarning)</code><br />
            </span>
            
            <span class="none">
            <code>  CMakeLists.txt:105 (vc_set_preferred_compiler_flags)</code><br />
            </span>
            
            <span class="none">
            <code></code><br />
            </span>
            
            <span class="none">
            <code></code><br />
            </span>
            
            <span class="none">
            <code>-- Performing Test check_c_compiler_flag__Wno_strict_aliasing</code><br />
            </span>
            
            <span class="none">
            <code>-- Performing Test check_c_compiler_flag__Wno_strict_aliasing - Success</code><br />
            </span>
            
            <span class="none">
            <code>-- Performing Test check_cxx_compiler_flag__Wno_strict_aliasing</code><br />
            </span>
            
            <span class="none">
            <code>-- Performing Test check_cxx_compiler_flag__Wno_strict_aliasing - Success</code><br />
            </span>
            
            <span class="none">
            <code>CMake Warning at cmake/UserWarning.cmake:4 (message):</code><br />
            </span>
            
            <span class="none">
            <code>  GCC 4.4.x shows false positives for -Wuninitialized, thus we rather disable</code><br />
            </span>
            
            <span class="none">
            <code>  the warning.  Use a newer GCC for better warnings.</code><br />
            </span>
            
            <span class="none">
            <code>Call Stack (most recent call first):</code><br />
            </span>
            
            <span class="none">
            <code>  cmake/VcMacros.cmake:283 (UserWarning)</code><br />
            </span>
            
            <span class="none">
            <code>  CMakeLists.txt:105 (vc_set_preferred_compiler_flags)</code><br />
            </span>
            
            <span class="none">
            <code></code><br />
            </span>
            
            <span class="none">
            <code></code><br />
            </span>
            
            <span class="none">
            <code>-- Performing Test check_c_compiler_flag__Wno_uninitialized</code><br />
            </span>
            
            <span class="none">
            <code>-- Performing Test check_c_compiler_flag__Wno_uninitialized - Success</code><br />
            </span>
            
            <span class="none">
            <code>-- Performing Test check_cxx_compiler_flag__Wno_uninitialized</code><br />
            </span>
            
            <span class="none">
            <code>-- Performing Test check_cxx_compiler_flag__Wno_uninitialized - Success</code><br />
            </span>
            
            <span class="none">
            <code>-- Performing Test Vc_VOID_PTR_IS_64BIT</code><br />
            </span>
            
            <span class="none">
            <code>-- Performing Test Vc_VOID_PTR_IS_64BIT - Failed</code><br />
            </span>
            
            <span class="none">
            <code>-- Performing Test check_cxx_compiler_flag__ffp_contract_fast</code><br />
            </span>
            
            <span class="none">
            <code>-- Performing Test check_cxx_compiler_flag__ffp_contract_fast - Success</code><br />
            </span>
            
            <span class="none">
            <code>-- target changed from "" to "generic"</code><br />
            </span>
            
            <span class="none">
            <code>CMake Warning at cmake/UserWarning.cmake:4 (message):</code><br />
            </span>
            
            <span class="none">
            <code>  AVX disabled per default because of old/broken compiler</code><br />
            </span>
            
            <span class="none">
            <code>Call Stack (most recent call first):</code><br />
            </span>
            
            <span class="none">
            <code>  cmake/OptimizeForArchitecture.cmake:316 (UserWarning)</code><br />
            </span>
            
            <span class="none">
            <code>  cmake/VcMacros.cmake:385 (OptimizeForArchitecture)</code><br />
            </span>
            
            <span class="none">
            <code>  CMakeLists.txt:105 (vc_set_preferred_compiler_flags)</code><br />
            </span>
            
            <span class="none">
            <code></code><br />
            </span>
            
            <span class="none">
            <code></code><br />
            </span>
            
            <span class="none">
            <code>-- Performing Test check_cxx_compiler_flag__march_generic</code><br />
            </span>
            
            <span class="none">
            <code>-- Performing Test check_cxx_compiler_flag__march_generic - Failed</code><br />
            </span>
            
            <span class="none">
            <code>-- Performing Test check_cxx_compiler_flag__mno_sse2</code><br />
            </span>
            
            <span class="none">
            <code>-- Performing Test check_cxx_compiler_flag__mno_sse2 - Failed</code><br />
            </span>
            
            <span class="none">
            <code>-- Performing Test check_cxx_compiler_flag__mno_sse3</code><br />
            </span>
            
            <span class="none">
            <code>-- Performing Test check_cxx_compiler_flag__mno_sse3 - Failed</code><br />
            </span>
            
            <span class="none">
            <code>-- Performing Test check_cxx_compiler_flag__mno_ssse3</code><br />
            </span>
            
            <span class="none">
            <code>-- Performing Test check_cxx_compiler_flag__mno_ssse3 - Failed</code><br />
            </span>
            
            <span class="none">
            <code>-- Performing Test check_cxx_compiler_flag__mno_sse4_1</code><br />
            </span>
            
            <span class="none">
            <code>-- Performing Test check_cxx_compiler_flag__mno_sse4_1 - Failed</code><br />
            </span>
            
            <span class="none">
            <code>-- Performing Test check_cxx_compiler_flag__mno_sse4_2</code><br />
            </span>
            
            <span class="none">
            <code>-- Performing Test check_cxx_compiler_flag__mno_sse4_2 - Failed</code><br />
            </span>
            
            <span class="none">
            <code>-- Performing Test check_cxx_compiler_flag__mno_sse4a</code><br />
            </span>
            
            <span class="none">
            <code>-- Performing Test check_cxx_compiler_flag__mno_sse4a - Failed</code><br />
            </span>
            
            <span class="none">
            <code>-- Performing Test check_cxx_compiler_flag__mno_avx</code><br />
            </span>
            
            <span class="none">
            <code>-- Performing Test check_cxx_compiler_flag__mno_avx - Failed</code><br />
            </span>
            
            <span class="none">
            <code>-- Performing Test check_cxx_compiler_flag__mno_xop</code><br />
            </span>
            
            <span class="none">
            <code>-- Performing Test check_cxx_compiler_flag__mno_xop - Failed</code><br />
            </span>
            
            <span class="none">
            <code>-- Performing Test check_cxx_compiler_flag__mno_fma4</code><br />
            </span>
            
            <span class="none">
            <code>-- Performing Test check_cxx_compiler_flag__mno_fma4 - Failed</code><br />
            </span>
            
            <span class="none">
            <code>-- Performing Test check_cxx_compiler_flag__fPIC</code><br />
            </span>
            
            <span class="none">
            <code>-- Performing Test check_cxx_compiler_flag__fPIC - Success</code><br />
            </span>
            
            <span class="none">
            <code>-- Performing Test check_cxx_compiler_flag__std_c__11</code><br />
            </span>
            
            <span class="none">
            <code>-- Performing Test check_cxx_compiler_flag__std_c__11 - Success</code><br />
            </span>
            
            <span class="none">
            <code>-- Configuring done</code><br />
            </span>
            
            <span class="none">
            <code>-- Generating done</code><br />
            </span>
            
            <span class="none">
            <code>-- Build files have been written to: /tmp/vc/src/build</code><br />
            </span>
            
            <span class="none">
            <code>Scanning dependencies of target download-testdata</code><br />
            </span>
            
            <span class="none">
            <code>Scanning dependencies of target Vc</code><br />
            </span>
            
            <span class="none">
            <code>[  1%] Downloading Test Data: reference-sincos-sp.dat</code><br />
            </span>
            
            <span class="none">
            <code>[  1%] Building CXX object CMakeFiles/Vc.dir/src/const.cpp.o</code><br />
            </span>
            
            <span class="none">
            <code>[  2%] Building CXX object CMakeFiles/Vc.dir/src/cpuid.cpp.o</code><br />
            </span>
            
            <span class="none">
            <code>/tmp/vc/src/Vc-0.7.5/src/cpuid.cpp: In static member function 'static void Vc::CpuId::init()':</code><br />
            </span>
            
            <span class="none">
            <code>/tmp/vc/src/Vc-0.7.5/src/cpuid.cpp:129:13: error: impossible constraint in 'asm'</code><br />
            </span>
            
            <span class="none">
            <code>     CPUID(0);</code><br />
            </span>
            
            <span class="none">
            <code>             ^</code><br />
            </span>
            
            <span class="none">
            <code>/tmp/vc/src/Vc-0.7.5/src/cpuid.cpp:132:13: error: impossible constraint in 'asm'</code><br />
            </span>
            
            <span class="none">
            <code>     CPUID(1);</code><br />
            </span>
            
            <span class="none">
            <code>             ^</code><br />
            </span>
            
            <span class="none">
            <code>/tmp/vc/src/Vc-0.7.5/src/cpuid.cpp:189:17: error: impossible constraint in 'asm'</code><br />
            </span>
            
            <span class="none">
            <code>         CPUID(2);</code><br />
            </span>
            
            <span class="none">
            <code>                 ^</code><br />
            </span>
            
            <span class="none">
            <code>/tmp/vc/src/Vc-0.7.5/src/cpuid.cpp:225:26: error: impossible constraint in 'asm'</code><br />
            </span>
            
            <span class="none">
            <code>             CPUID_C(4, i);</code><br />
            </span>
            
            <span class="none">
            <code>                          ^</code><br />
            </span>
            
            <span class="none">
            <code>/tmp/vc/src/Vc-0.7.5/src/cpuid.cpp:161:22: error: impossible constraint in 'asm'</code><br />
            </span>
            
            <span class="none">
            <code>     CPUID(0x80000001);</code><br />
            </span>
            
            <span class="none">
            <code>                      ^</code><br />
            </span>
            
            <span class="none">
            <code>/tmp/vc/src/Vc-0.7.5/src/cpuid.cpp:161:22: error: impossible constraint in 'asm'</code><br />
            </span>
            
            <span class="none">
            <code>/tmp/vc/src/Vc-0.7.5/src/cpuid.cpp:168:26: error: impossible constraint in 'asm'</code><br />
            </span>
            
            <span class="none">
            <code>         CPUID(0x80000005);</code><br />
            </span>
            
            <span class="none">
            <code>                          ^</code><br />
            </span>
            
            <span class="none">
            <code>/tmp/vc/src/Vc-0.7.5/src/cpuid.cpp:175:26: error: impossible constraint in 'asm'</code><br />
            </span>
            
            <span class="none">
            <code>         CPUID(0x80000006);</code><br />
            </span>
            
            <span class="none">
            <code>                          ^</code><br />
            </span>
            
            <span class="none">
            <code>CMakeFiles/Vc.dir/build.make:86: recipe for target 'CMakeFiles/Vc.dir/src/cpuid.cpp.o' failed</code><br />
            </span>
            
            <span class="none">
            <code>make[2]: *** [CMakeFiles/Vc.dir/src/cpuid.cpp.o] Error 1</code><br />
            </span>
            
            <span class="none">
            <code>CMakeFiles/Makefile2:1106: recipe for target 'CMakeFiles/Vc.dir/all' failed</code><br />
            </span>
            
            <span class="none">
            <code>make[1]: *** [CMakeFiles/Vc.dir/all] Error 2</code><br />
            </span>
            
            <span class="none">
            <code>make[1]: *** Waiting for unfinished jobs....</code><br />
            </span>
            
            <span class="none">
            <code>[  4%] Downloading Test Data: reference-sincos-dp.dat</code><br />
            </span>
            
            <span class="none">
            <code>[  4%] Downloading Test Data: reference-asin-sp.dat</code><br />
            </span>
            
            <span class="none">
            <code>[  5%] Downloading Test Data: reference-asin-dp.dat</code><br />
            </span>
            
            <span class="none">
            <code>[  5%] Downloading Test Data: reference-acos-sp.dat</code><br />
            </span>
            
            <span class="none">
            <code>[  6%] Downloading Test Data: reference-acos-dp.dat</code><br />
            </span>
            
            <span class="none">
            <code>[  6%] Downloading Test Data: reference-atan-sp.dat</code><br />
            </span>
            
            <span class="none">
            <code>[  8%] Downloading Test Data: reference-atan-dp.dat</code><br />
            </span>
            
            <span class="none">
            <code>[  8%] Downloading Test Data: reference-ln-sp.dat</code><br />
            </span>
            
            <span class="none">
            <code>[  9%] Downloading Test Data: reference-ln-dp.dat</code><br />
            </span>
            
            <span class="none">
            <code>[ 10%] Downloading Test Data: reference-log2-sp.dat</code><br />
            </span>
            
            <span class="none">
            <code>[ 10%] Downloading Test Data: reference-log2-dp.dat</code><br />
            </span>
            
            <span class="none">
            <code>[ 12%] Downloading Test Data: reference-log10-sp.dat</code><br />
            </span>
            
            <span class="none">
            <code>[ 12%] Downloading Test Data: reference-log10-dp.dat</code><br />
            </span>
            
            <span class="none">
            <code>[ 12%] Built target download-testdata</code><br />
            </span>
            
            <span class="none">
            <code>Makefile:138: recipe for target 'all' failed</code><br />
            </span>
            
            <span class="none">
            <code>make: *** [all] Error 2</code><br />
            </span>
            
            <span class="none">
            <code>==> ERROR: A failure occurred in build().</code><br />
            </span>
            
            <span class="none">
            <code>    Aborting...</code><br />
            </span>
            
          </div>
        
      </div>
      <br />
    

      <div class="block">
        <div class="info">
          <code>Printing config.logs</code>
        </div>
        
      </div>
      <br />
    
  </body>
</html>