<!DOCTYPE html>
<html>
<!-- Jinja template for reports of individual builds

  Copyright 2016 Kareem Khazem. All Rights Reserved.
  Licensed under the Apache License, Version 2.0 (the "License");
  you may not use this file except in compliance with the License.
  You may obtain a copy of the License at

 		 http://www.apache.org/licenses/LICENSE-2.0

  Unless required by applicable law or agreed to in writing, software
  distributed under the License is distributed on an "AS IS" BASIS,
  WITHOUT WARRANTIES OR CONDITIONS OF ANY KIND, either express or
  implied.
  See the License for the specific language governing permissions and
  limitations under the License.
-->
  <head>
    <meta charset="UTF-8">
    <title>android/aiccu</title>
    <link href='https://fonts.googleapis.com/css?family=Roboto:400,900'
          rel='stylesheet' type='text/css'>
    <link
    href='https://fonts.googleapis.com/css?family=Source+Code+Pro:400,700'
          rel='stylesheet' type='text/css'>
    <link href="../style.css" type="text/css" rel="stylesheet">
  </head>
  <body>
    <h1>Build of aiccu
        with <a href="../index.html">android</a>
        toolchain</h1>
    <p>The build took 00h 00m 43s and was
    NOT successful.</p>
    <p>
    The program in this build is written in the following languages,
    according to <a
    href="http://www.dwheeler.com/sloccount/">sloccount</a>:
    </p>
    <table>
      <tr><th>SLOC</th><th>Language</th></tr>
      
      <tr><td class="loc"><code>4,660</code></td>
          <td class="lang">ansic</td></tr>
      <tr><td class="loc"><code>372</code></td>
          <td class="lang">makefile</td></tr>
      <tr><td class="loc"><code>369</code></td>
          <td class="lang">sh</td></tr>
      <tr><td><code>5,401</code></td>
          <td><em>total</em></td></tr>
    </table>
    <p>
      The process tree of the build process is <a
      href="aiccu-tree.html">here</a>.
    </p>
    
    
      <p>
      Several sub-process invocations were improper; see the process tree
      for details. Summary:
      </p>
      <ul>
        <li>hardcoded invocation:<ul>
            <li>&times;2: /usr/sbin/gcc</li>
        </ul></li>
      </ul>
    
    
    
    
    <h2>List of Errors</h2>
    <ul>
      
      <li>unknown_type
        <ul>
          
          <li><a href="#241">../common/hash_md5.h:59:2: error: unknown type name 'u_int32_t'</a></li>
          
          <li><a href="#244">../common/hash_md5.h:60:2: error: unknown type name 'u_int32_t'</a></li>
          
          <li><a href="#247">../common/hash_md5.h:61:2: error: unknown type name 'u_int32_t'</a></li>
          
          <li><a href="#250">../common/hash_md5.h:38:17: error: unknown type name 'u_int32_t'</a></li>
          
          <li><a href="#256">../common/hash_md5.h:38:17: error: unknown type name 'u_int32_t'</a></li>
          
          <li><a href="#265">../common/hash_sha1.h:39:1: error: unknown type name 'uint32_t'</a></li>
          
          <li><a href="#268">../common/hash_sha1.h:40:1: error: unknown type name 'uint8_t'</a></li>
          
          <li><a href="#274">../common/hash_md5.h:59:2: error: unknown type name 'u_int32_t'</a></li>
          
          <li><a href="#282">../common/hash_md5.h:60:2: error: unknown type name 'u_int32_t'</a></li>
          
          <li><a href="#288">../common/hash_md5.h:61:2: error: unknown type name 'u_int32_t'</a></li>
          
          <li><a href="#300">../common/hash_md5.h:38:17: error: unknown type name 'u_int32_t'</a></li>
          
          <li><a href="#306">../common/hash_md5.h:38:17: error: unknown type name 'u_int32_t'</a></li>
          
          <li><a href="#312">../common/common.h:383:2: error: unknown type name 'uint32_t'</a></li>
          
          <li><a href="#318">../common/hash_sha1.h:39:1: error: unknown type name 'uint32_t'</a></li>
          
          <li><a href="#321">../common/common.h:384:2: error: unknown type name 'gnutls_session'</a></li>
          
          <li><a href="#324">../common/hash_sha1.h:40:1: error: unknown type name 'uint8_t'</a></li>
          
          <li><a href="#327">../common/common.h:391:41: error: unknown type name 'va_list'</a></li>
          
          <li><a href="#332">../common/common.h:300:14: error: unknown type name 'uint32_t'</a></li>
          
          <li><a href="#343">../common/common.h:300:14: error: unknown type name 'uint32_t'</a></li>
          
          <li><a href="#355">../common/common.h:300:14: error: unknown type name 'uint32_t'</a></li>
          
          <li><a href="#367">../common/common.h:300:14: error: unknown type name 'uint32_t'</a></li>
          
          <li><a href="#375">../common/tic.h:60:2: error: unknown type name 'uint32_t'</a></li>
          
          <li><a href="#378">../common/tic.h:63:2: error: unknown type name 'uint32_t'</a></li>
          
          <li><a href="#381">../common/common.h:383:2: error: unknown type name 'uint32_t'</a></li>
          
          <li><a href="#384">../common/tic.h:64:2: error: unknown type name 'uint32_t'</a></li>
          
          <li><a href="#387">../common/tic.h:65:2: error: unknown type name 'uint32_t'</a></li>
          
          <li><a href="#390">../common/common.h:384:2: error: unknown type name 'gnutls_session'</a></li>
          
          <li><a href="#396">../common/tic.h:83:2: error: unknown type name 'uint32_t'</a></li>
          
          <li><a href="#399">../common/tic.h:84:2: error: unknown type name 'uint32_t'</a></li>
          
          <li><a href="#402">../common/common.h:391:41: error: unknown type name 'va_list'</a></li>
          
          <li><a href="#407">../common/common.h:300:14: error: unknown type name 'uint32_t'</a></li>
          
          <li><a href="#415">../common/tic.h:127:19: error: unknown type name 'time_t'</a></li>
          
          <li><a href="#420">../common/common.h:300:14: error: unknown type name 'uint32_t'</a></li>
          
          <li><a href="#426">../common/common.h:300:14: error: unknown type name 'uint32_t'</a></li>
          
          <li><a href="#434">../common/heartbeat.h:26:2: error: unknown type name 'uint32_t'</a></li>
          
          <li><a href="#439">../common/common.h:300:14: error: unknown type name 'uint32_t'</a></li>
          
          <li><a href="#445">../common/common.h:300:14: error: unknown type name 'uint32_t'</a></li>
          
          <li><a href="#453">../common/ayiya.h:66:2: error: unknown type name 'uint32_t'</a></li>
          
          <li><a href="#456">../common/common.h:300:14: error: unknown type name 'uint32_t'</a></li>
          
          <li><a href="#462">../common/ayiya.h:67:2: error: unknown type name 'uint32_t'</a></li>
          
          <li><a href="#465">../common/ayiya.h:68:2: error: unknown type name 'uint32_t'</a></li>
          
          <li><a href="#468">../common/ayiya.h:69:2: error: unknown type name 'uint32_t'</a></li>
          
          <li><a href="#471">../common/ayiya.h:70:2: error: unknown type name 'uint32_t'</a></li>
          
          <li><a href="#474">../common/ayiya.h:71:2: error: unknown type name 'uint32_t'</a></li>
          
          <li><a href="#477">../common/ayiya.h:72:2: error: unknown type name 'uint32_t'</a></li>
          
          <li><a href="#480">../common/ayiya.h:84:2: error: unknown type name 'uint32_t'</a></li>
          
          <li><a href="#483">../common/common.h:300:14: error: unknown type name 'uint32_t'</a></li>
          
          <li><a href="#491">../common/common.h:300:14: error: unknown type name 'uint32_t'</a></li>
          
          <li><a href="#499">../common/tic.h:60:2: error: unknown type name 'uint32_t'</a></li>
          
          <li><a href="#502">../common/tic.h:63:2: error: unknown type name 'uint32_t'</a></li>
          
          <li><a href="#505">../common/tic.h:64:2: error: unknown type name 'uint32_t'</a></li>
          
          <li><a href="#508">../common/tic.h:65:2: error: unknown type name 'uint32_t'</a></li>
          
          <li><a href="#512">../common/aiccu.h:114:2: error: unknown type name 'gnutls_certificate_credentials'</a></li>
          
          <li><a href="#515">../common/aiccu.h:117:2: error: unknown type name 'uint32_t'</a></li>
          
          <li><a href="#521">../common/aiccu.h:118:2: error: unknown type name 'uint32_t'</a></li>
          
          <li><a href="#524">../common/aiccu.h:119:2: error: unknown type name 'uint32_t'</a></li>
          
          <li><a href="#527">../common/tic.h:83:2: error: unknown type name 'uint32_t'</a></li>
          
          <li><a href="#530">../common/aiccu.h:120:2: error: unknown type name 'uint32_t'</a></li>
          
          <li><a href="#533">../common/tic.h:84:2: error: unknown type name 'uint32_t'</a></li>
          
          <li><a href="#536">../common/aiccu.h:122:2: error: unknown type name 'uint32_t'</a></li>
          
          <li><a href="#539">../common/aiccu.h:123:2: error: unknown type name 'uint32_t'</a></li>
          
          <li><a href="#542">../common/aiccu.h:124:2: error: unknown type name 'uint32_t'</a></li>
          
          <li><a href="#545">../common/aiccu.h:125:2: error: unknown type name 'uint32_t'</a></li>
          
          <li><a href="#548">../common/aiccu.h:126:2: error: unknown type name 'uint32_t'</a></li>
          
          <li><a href="#551">../common/aiccu.h:127:2: error: unknown type name 'uint32_t'</a></li>
          
          <li><a href="#556">../common/common.h:300:14: error: unknown type name 'uint32_t'</a></li>
          
          <li><a href="#564">../common/common.h:300:14: error: unknown type name 'uint32_t'</a></li>
          
          <li><a href="#572">../common/tic.h:127:19: error: unknown type name 'time_t'</a></li>
          
          <li><a href="#575">../common/common.h:300:14: error: unknown type name 'uint32_t'</a></li>
          
          <li><a href="#581">../common/common.h:300:14: error: unknown type name 'uint32_t'</a></li>
          
          <li><a href="#589">../common/heartbeat.h:26:2: error: unknown type name 'uint32_t'</a></li>
          
          <li><a href="#592">../common/common.h:300:14: error: unknown type name 'uint32_t'</a></li>
          
          <li><a href="#598">../common/common.h:300:14: error: unknown type name 'uint32_t'</a></li>
          
          <li><a href="#606">../common/common.h:300:14: error: unknown type name 'uint32_t'</a></li>
          
          <li><a href="#612">../common/common.h:300:14: error: unknown type name 'uint32_t'</a></li>
          
          <li><a href="#618">../common/common.h:300:14: error: unknown type name 'uint32_t'</a></li>
          
          <li><a href="#626">../common/ayiya.h:66:2: error: unknown type name 'uint32_t'</a></li>
          
          <li><a href="#629">../common/ayiya.h:67:2: error: unknown type name 'uint32_t'</a></li>
          
          <li><a href="#632">../common/common.h:300:14: error: unknown type name 'uint32_t'</a></li>
          
          <li><a href="#638">../common/ayiya.h:68:2: error: unknown type name 'uint32_t'</a></li>
          
          <li><a href="#641">../common/ayiya.h:69:2: error: unknown type name 'uint32_t'</a></li>
          
          <li><a href="#644">../common/common.h:300:14: error: unknown type name 'uint32_t'</a></li>
          
          <li><a href="#650">../common/ayiya.h:70:2: error: unknown type name 'uint32_t'</a></li>
          
          <li><a href="#653">../common/ayiya.h:71:2: error: unknown type name 'uint32_t'</a></li>
          
          <li><a href="#656">../common/ayiya.h:72:2: error: unknown type name 'uint32_t'</a></li>
          
          <li><a href="#659">../common/common.h:300:14: error: unknown type name 'uint32_t'</a></li>
          
          <li><a href="#665">../common/ayiya.h:84:2: error: unknown type name 'uint32_t'</a></li>
          
          <li><a href="#668">../common/common.h:300:14: error: unknown type name 'uint32_t'</a></li>
          
          <li><a href="#676">../common/common.h:300:14: error: unknown type name 'uint32_t'</a></li>
          
          <li><a href="#694">../common/aiccu.h:114:2: error: unknown type name 'gnutls_certificate_credentials'</a></li>
          
          <li><a href="#697">main.c:39:2: error: unknown type name 'FILE'</a></li>
          
          <li><a href="#700">../common/aiccu.h:117:2: error: unknown type name 'uint32_t'</a></li>
          
          <li><a href="#707">../common/aiccu.h:118:2: error: unknown type name 'uint32_t'</a></li>
          
          <li><a href="#710">../common/aiccu.h:119:2: error: unknown type name 'uint32_t'</a></li>
          
          <li><a href="#716">../common/aiccu.h:120:2: error: unknown type name 'uint32_t'</a></li>
          
          <li><a href="#722">../common/aiccu.h:122:2: error: unknown type name 'uint32_t'</a></li>
          
          <li><a href="#728">../common/aiccu.h:123:2: error: unknown type name 'uint32_t'</a></li>
          
          <li><a href="#731">../common/aiccu.h:124:2: error: unknown type name 'uint32_t'</a></li>
          
          <li><a href="#737">../common/aiccu.h:125:2: error: unknown type name 'uint32_t'</a></li>
          
          <li><a href="#741">../common/aiccu.h:126:2: error: unknown type name 'uint32_t'</a></li>
          
          <li><a href="#748">../common/aiccu.h:127:2: error: unknown type name 'uint32_t'</a></li>
          
          <li><a href="#753">../common/common.h:300:14: error: unknown type name 'uint32_t'</a></li>
          
          <li><a href="#764">../common/common.h:300:14: error: unknown type name 'uint32_t'</a></li>
          
          <li><a href="#771">../common/common.h:300:14: error: unknown type name 'uint32_t'</a></li>
          
          <li><a href="#777">main.c:103:1: error: unknown type name 'uint32_t'</a></li>
          
          <li><a href="#784">../common/common.h:300:14: error: unknown type name 'uint32_t'</a></li>
          
          <li><a href="#793">../common/common.h:300:14: error: unknown type name 'uint32_t'</a></li>
          
          <li><a href="#802">../common/common.h:300:14: error: unknown type name 'uint32_t'</a></li>
          
          <li><a href="#812">../common/common.h:300:14: error: unknown type name 'uint32_t'</a></li>
          
          <li><a href="#824">../common/common.h:300:14: error: unknown type name 'uint32_t'</a></li>
          
          <li><a href="#834">../common/common.h:300:14: error: unknown type name 'uint32_t'</a></li>
          
          <li><a href="#844">../common/common.h:300:14: error: unknown type name 'uint32_t'</a></li>
          
          <li><a href="#857">../common/tun.c:55:2: error: unknown type name 'va_list'</a></li>
          
          <li><a href="#897">../common/tun.c:178:2: error: unknown type name 'ssize_t'</a></li>
          
          <li><a href="#972">main.c:410:3: error: unknown type name 'FILE'</a></li>
          
          <li><a href="#981">../common/common.h:300:14: error: unknown type name 'uint32_t'</a></li>
          
          <li><a href="#994">../common/tun.c:693:2: error: unknown type name 'pthread_t'</a></li>
          
        </ul>
      </li>
      
    </ul>
    
    
    <h2>Log</h2>
    <p>
    To avoid scrolling, you may jump to the <a
    href="#1089">last line</a> of the
    invocation of <code>makepkg</code> that was used to build this
    package.
    </p>
    
    
      <div class="block">
        <div class="info">
          <code>Removed vanilla repositories from pacman.conf and added:</code>
        </div>
        
          <div class="output">
            
            <a class="navhash" href="#1">#</a>
						
              <code id="1">[tuscan]</code><br />
						
            
            <a class="navhash" href="#2">#</a>
						
              <code id="2">Server = file:///var/cache/pacman/pkg/</code><br />
						
            
          </div>
        
      </div>
      <br />
    
      <div class="block">
        <div class="command">
          <code><span class="prompt">CMD: </span>pacman -Syy --noconfirm</code>
        </div>
        
          <div class="output">
            
            <a class="navhash" href="#3">#</a>
						
              <code id="3">:: Synchronizing package databases...</code><br />
						
            
            <a class="navhash" href="#4">#</a>
						
              <code id="4">downloading tuscan.db...</code><br />
						
            
          </div>
        
      </div>
      <br />
    
      <div class="block">
        <div class="info">
          <code>Copied permanent toolchain into container-local sysroot</code>
        </div>
        
          <div class="output">
            
            <a class="navhash" href="#5">#</a>
						
              <code id="5">/toolchain_root/arm-linux-androideabi  -->  /sysroot/arm-linux-androideabi</code><br />
						
            
            <a class="navhash" href="#6">#</a>
						
              <code id="6">/toolchain_root/COPYING3.LIB  -->  /sysroot/COPYING3.LIB</code><br />
						
            
            <a class="navhash" href="#7">#</a>
						
              <code id="7">/toolchain_root/sysroot  -->  /sysroot/sysroot</code><br />
						
            
            <a class="navhash" href="#8">#</a>
						
              <code id="8">/toolchain_root/COPYING.RUNTIME  -->  /sysroot/COPYING.RUNTIME</code><br />
						
            
            <a class="navhash" href="#9">#</a>
						
              <code id="9">/toolchain_root/lib  -->  /sysroot/lib</code><br />
						
            
            <a class="navhash" href="#10">#</a>
						
              <code id="10">/toolchain_root/SOURCES  -->  /sysroot/SOURCES</code><br />
						
            
            <a class="navhash" href="#11">#</a>
						
              <code id="11">/toolchain_root/lib64  -->  /sysroot/lib64</code><br />
						
            
            <a class="navhash" href="#12">#</a>
						
              <code id="12">/toolchain_root/share  -->  /sysroot/share</code><br />
						
            
            <a class="navhash" href="#13">#</a>
						
              <code id="13">/toolchain_root/bin  -->  /sysroot/bin</code><br />
						
            
            <a class="navhash" href="#14">#</a>
						
              <code id="14">/toolchain_root/COPYING  -->  /sysroot/COPYING</code><br />
						
            
            <a class="navhash" href="#15">#</a>
						
              <code id="15">/toolchain_root/COPYING3  -->  /sysroot/COPYING3</code><br />
						
            
            <a class="navhash" href="#16">#</a>
						
              <code id="16">/toolchain_root/COPYING.LIB  -->  /sysroot/COPYING.LIB</code><br />
						
            
            <a class="navhash" href="#17">#</a>
						
              <code id="17">/toolchain_root/include  -->  /sysroot/include</code><br />
						
            
            <a class="navhash" href="#18">#</a>
						
              <code id="18">/toolchain_root/libexec  -->  /sysroot/libexec</code><br />
						
            
          </div>
        
      </div>
      <br />
    
      <div class="block">
        <div class="command">
          <code><span class="prompt">CMD: </span>sudo -u tuscan PATH=/sysroot/bin:/sysroot/libexec/gcc/arm-linux-androideabi/4.8:/usr/local/sbin:/usr/local/bin:/usr/sbin:/usr/bin:/sbin:/bin CC=arm-linux-androideabi-gcc CXX=arm-linux-androideabi-g++ red makepkg --noextract --syncdeps --skipinteg --skippgpcheck --skipchecksums --noconfirm --nocolor --log --noprogressbar --nocheck</code>
        </div>
        
          <div class="output">
            
            <a class="navhash" href="#19">#</a>
						
              <code id="19">==> Making package: aiccu 20070115-6 (Mon Aug 29 19:59:07 UTC 2016)</code><br />
						
            
            <a class="navhash" href="#20">#</a>
						
              <code id="20">==> Checking runtime dependencies...</code><br />
						
            
            <a class="navhash" href="#21">#</a>
						
              <code id="21">==> Checking buildtime dependencies...</code><br />
						
            
            <a class="navhash" href="#22">#</a>
						
              <code id="22">==> WARNING: Using existing $srcdir/ tree</code><br />
						
            
            <a class="navhash" href="#23">#</a>
						
              <code id="23">==> Starting build()...</code><br />
						
            
            <a class="navhash" href="#24">#</a>
						
              <code id="24">Building  : aiccu - Automatic IPv6 Connectivity Configuration Utility</code><br />
						
            
            <a class="navhash" href="#25">#</a>
						
              <code id="25">Copyright : SixXS</code><br />
						
            
            <a class="navhash" href="#26">#</a>
						
              <code id="26">Version   : 2007.01.15</code><br />
						
            
            <a class="navhash" href="#27">#</a>
						
              <code id="27">make[1]: Entering directory '/tmp/aiccu/src/aiccu/unix-console'</code><br />
						
            
            <a class="navhash" href="#28">#</a>
						
              <code id="28">cc1: error: no include path in which to search for stdc-predef.h</code><br />
						
            
            <a class="navhash" href="#29">#</a>
						
              <code id="29">In file included from ../common/aiccu.h:17:0,</code><br />
						
            
            <a class="navhash" href="#30">#</a>
						
              <code id="30">                 from main.c:13:</code><br />
						
            
            <a class="navhash" href="#31">#</a>
						
              <code id="31">../common/common.h:43:19: error: no include path in which to search for stdio.h</code><br />
						
            
            <a class="navhash" href="#32">#</a>
						
              <code id="32"> #include <stdio.h></code><br />
						
            
            <a class="navhash" href="#33">#</a>
						
              <code id="33">                   ^</code><br />
						
            
            <a class="navhash" href="#34">#</a>
						
              <code id="34">../common/common.h:44:19: error: no include path in which to search for errno.h</code><br />
						
            
            <a class="navhash" href="#35">#</a>
						
              <code id="35"> #include <errno.h></code><br />
						
            
            <a class="navhash" href="#36">#</a>
						
              <code id="36">                   ^</code><br />
						
            
            <a class="navhash" href="#37">#</a>
						
              <code id="37">../common/common.h:45:20: error: no include path in which to search for stdarg.h</code><br />
						
            
            <a class="navhash" href="#38">#</a>
						
              <code id="38"> #include <stdarg.h></code><br />
						
            
            <a class="navhash" href="#39">#</a>
						
              <code id="39">                    ^</code><br />
						
            
            <a class="navhash" href="#40">#</a>
						
              <code id="40">../common/common.h:46:20: error: no include path in which to search for stdlib.h</code><br />
						
            
            <a class="navhash" href="#41">#</a>
						
              <code id="41"> #include <stdlib.h></code><br />
						
            
            <a class="navhash" href="#42">#</a>
						
              <code id="42">                    ^</code><br />
						
            
            <a class="navhash" href="#43">#</a>
						
              <code id="43">../common/common.h:47:20: error: no include path in which to search for string.h</code><br />
						
            
            <a class="navhash" href="#44">#</a>
						
              <code id="44"> #include <string.h></code><br />
						
            
            <a class="navhash" href="#45">#</a>
						
              <code id="45">                    ^</code><br />
						
            
            <a class="navhash" href="#46">#</a>
						
              <code id="46">../common/common.h:48:19: error: no include path in which to search for ctype.h</code><br />
						
            
            <a class="navhash" href="#47">#</a>
						
              <code id="47"> #include <ctype.h></code><br />
						
            
            <a class="navhash" href="#48">#</a>
						
              <code id="48">                   ^</code><br />
						
            
            <a class="navhash" href="#49">#</a>
						
              <code id="49">../common/common.h:49:18: error: no include path in which to search for time.h</code><br />
						
            
            <a class="navhash" href="#50">#</a>
						
              <code id="50"> #include <time.h></code><br />
						
            
            <a class="navhash" href="#51">#</a>
						
              <code id="51">                  ^</code><br />
						
            
            <a class="navhash" href="#52">#</a>
						
              <code id="52">../common/common.h:50:20: error: no include path in which to search for signal.h</code><br />
						
            
            <a class="navhash" href="#53">#</a>
						
              <code id="53"> #include <signal.h></code><br />
						
            
            <a class="navhash" href="#54">#</a>
						
              <code id="54">                    ^</code><br />
						
            
            <a class="navhash" href="#55">#</a>
						
              <code id="55">../common/common.h:51:23: error: no include path in which to search for sys/types.h</code><br />
						
            
            <a class="navhash" href="#56">#</a>
						
              <code id="56"> #include <sys/types.h></code><br />
						
            
            <a class="navhash" href="#57">#</a>
						
              <code id="57">                       ^</code><br />
						
            
            <a class="navhash" href="#58">#</a>
						
              <code id="58">../common/common.h:52:22: error: no include path in which to search for sys/stat.h</code><br />
						
            
            <a class="navhash" href="#59">#</a>
						
              <code id="59"> #include <sys/stat.h></code><br />
						
            
            <a class="navhash" href="#60">#</a>
						
              <code id="60">                      ^</code><br />
						
            
            <a class="navhash" href="#61">#</a>
						
              <code id="61">../common/common.h:53:19: error: no include path in which to search for fcntl.h</code><br />
						
            
            <a class="navhash" href="#62">#</a>
						
              <code id="62"> #include <fcntl.h></code><br />
						
            
            <a class="navhash" href="#63">#</a>
						
              <code id="63">                   ^</code><br />
						
            
            <a class="navhash" href="#64">#</a>
						
              <code id="64">../common/common.h:63:20: error: no include path in which to search for endian.h</code><br />
						
            
            <a class="navhash" href="#65">#</a>
						
              <code id="65"> #include <endian.h></code><br />
						
            
            <a class="navhash" href="#66">#</a>
						
              <code id="66">                    ^</code><br />
						
            
            <a class="navhash" href="#67">#</a>
						
              <code id="67">../common/common.h:70:23: error: no include path in which to search for sys/types.h</code><br />
						
            
            <a class="navhash" href="#68">#</a>
						
              <code id="68"> #include <sys/types.h></code><br />
						
            
            <a class="navhash" href="#69">#</a>
						
              <code id="69">                       ^</code><br />
						
            
            <a class="navhash" href="#70">#</a>
						
              <code id="70">../common/common.h:83:25: error: no include path in which to search for sys/socket.h</code><br />
						
            
            <a class="navhash" href="#71">#</a>
						
              <code id="71">  #include <sys/socket.h></code><br />
						
            
            <a class="navhash" href="#72">#</a>
						
              <code id="72">                         ^</code><br />
						
            
            <a class="navhash" href="#73">#</a>
						
              <code id="73">../common/common.h:84:25: error: no include path in which to search for netinet/in.h</code><br />
						
            
            <a class="navhash" href="#74">#</a>
						
              <code id="74">  #include <netinet/in.h></code><br />
						
            
            <a class="navhash" href="#75">#</a>
						
              <code id="75">                         ^</code><br />
						
            
            <a class="navhash" href="#76">#</a>
						
              <code id="76">../common/common.h:85:20: error: no include path in which to search for netdb.h</code><br />
						
            
            <a class="navhash" href="#77">#</a>
						
              <code id="77">  #include <netdb.h></code><br />
						
            
            <a class="navhash" href="#78">#</a>
						
              <code id="78">                    ^</code><br />
						
            
            <a class="navhash" href="#79">#</a>
						
              <code id="79">../common/common.h:86:21: error: no include path in which to search for unistd.h</code><br />
						
            
            <a class="navhash" href="#80">#</a>
						
              <code id="80">  #include <unistd.h></code><br />
						
            
            <a class="navhash" href="#81">#</a>
						
              <code id="81">                     ^</code><br />
						
            
            <a class="navhash" href="#82">#</a>
						
              <code id="82">../common/common.h:87:22: error: no include path in which to search for strings.h</code><br />
						
            
            <a class="navhash" href="#83">#</a>
						
              <code id="83">  #include <strings.h></code><br />
						
            
            <a class="navhash" href="#84">#</a>
						
              <code id="84">                      ^</code><br />
						
            
            <a class="navhash" href="#85">#</a>
						
              <code id="85">../common/common.h:88:21: error: no include path in which to search for syslog.h</code><br />
						
            
            <a class="navhash" href="#86">#</a>
						
              <code id="86">  #include <syslog.h></code><br />
						
            
            <a class="navhash" href="#87">#</a>
						
              <code id="87">                     ^</code><br />
						
            
            <a class="navhash" href="#88">#</a>
						
              <code id="88">cc1: error: no include path in which to search for stdc-predef.h</code><br />
						
            
            <a class="navhash" href="#89">#</a>
						
              <code id="89">../common/common.h:89:24: error: no include path in which to search for arpa/inet.h</code><br />
						
            
            <a class="navhash" href="#90">#</a>
						
              <code id="90">  #include <arpa/inet.h></code><br />
						
            
            <a class="navhash" href="#91">#</a>
						
              <code id="91">                        ^</code><br />
						
            
            <a class="navhash" href="#92">#</a>
						
              <code id="92">../common/common.h:90:24: error: no include path in which to search for sys/ioctl.h</code><br />
						
            
            <a class="navhash" href="#93">#</a>
						
              <code id="93">  #include <sys/ioctl.h></code><br />
						
            
            <a class="navhash" href="#94">#</a>
						
              <code id="94">                        ^</code><br />
						
            
            <a class="navhash" href="#95">#</a>
						
              <code id="95">../common/common.h:91:25: error: no include path in which to search for sys/select.h</code><br />
						
            
            <a class="navhash" href="#96">#</a>
						
              <code id="96">  #include <sys/select.h></code><br />
						
            
            <a class="navhash" href="#97">#</a>
						
              <code id="97">                         ^</code><br />
						
            
            <a class="navhash" href="#98">#</a>
						
              <code id="98">../common/common.h:93:21: error: no include path in which to search for net/if.h</code><br />
						
            
            <a class="navhash" href="#99">#</a>
						
              <code id="99">  #include <net/if.h></code><br />
						
            
            <a class="navhash" href="#100">#</a>
						
              <code id="100">                     ^</code><br />
						
            
            <a class="navhash" href="#101">#</a>
						
              <code id="101">../common/common.h:94:31: error: no include path in which to search for netinet/if_ether.h</code><br />
						
            
            <a class="navhash" href="#102">#</a>
						
              <code id="102">  #include <netinet/if_ether.h></code><br />
						
            
            <a class="navhash" href="#103">#</a>
						
              <code id="103">                               ^</code><br />
						
            
            <a class="navhash" href="#104">#</a>
						
              <code id="104">../common/common.h:96:31: error: no include path in which to search for netpacket/packet.h</code><br />
						
            
            <a class="navhash" href="#105">#</a>
						
              <code id="105">  #include <netpacket/packet.h></code><br />
						
            
            <a class="navhash" href="#106">#</a>
						
              <code id="106">                               ^</code><br />
						
            
            <a class="navhash" href="#107">#</a>
						
              <code id="107">../common/common.h:97:27: error: no include path in which to search for linux/if_tun.h</code><br />
						
            
            <a class="navhash" href="#108">#</a>
						
              <code id="108">  #include <linux/if_tun.h></code><br />
						
            
            <a class="navhash" href="#109">#</a>
						
              <code id="109">                           ^</code><br />
						
            
            <a class="navhash" href="#110">#</a>
						
              <code id="110">../common/common.h:122:25: error: no include path in which to search for netinet/ip.h</code><br />
						
            
            <a class="navhash" href="#111">#</a>
						
              <code id="111">  #include <netinet/ip.h></code><br />
						
            
            <a class="navhash" href="#112">#</a>
						
              <code id="112">                         ^</code><br />
						
            
            <a class="navhash" href="#113">#</a>
						
              <code id="113">../common/common.h:123:26: error: no include path in which to search for netinet/ip6.h</code><br />
						
            
            <a class="navhash" href="#114">#</a>
						
              <code id="114">  #include <netinet/ip6.h></code><br />
						
            
            <a class="navhash" href="#115">#</a>
						
              <code id="115">                          ^</code><br />
						
            
            <a class="navhash" href="#116">#</a>
						
              <code id="116">In file included from ../common/tun.h:16:0,</code><br />
						
            
            <a class="navhash" href="#117">#</a>
						
              <code id="117">                 from ../common/tun.c:13:</code><br />
						
            
            <a class="navhash" href="#118">#</a>
						
              <code id="118">../common/common.h:43:19: error: no include path in which to search for stdio.h</code><br />
						
            
            <a class="navhash" href="#119">#</a>
						
              <code id="119"> #include <stdio.h></code><br />
						
            
            <a class="navhash" href="#120">#</a>
						
              <code id="120">                   ^</code><br />
						
            
            <a class="navhash" href="#121">#</a>
						
              <code id="121">../common/common.h:124:28: error: no include path in which to search for netinet/icmp6.h</code><br />
						
            
            <a class="navhash" href="#122">#</a>
						
              <code id="122">  #include <netinet/icmp6.h></code><br />
						
            
            <a class="navhash" href="#123">#</a>
						
              <code id="123">                            ^</code><br />
						
            
            <a class="navhash" href="#124">#</a>
						
              <code id="124">../common/common.h:44:19: error: no include path in which to search for errno.h</code><br />
						
            
            <a class="navhash" href="#125">#</a>
						
              <code id="125"> #include <errno.h></code><br />
						
            
            <a class="navhash" href="#126">#</a>
						
              <code id="126">                   ^</code><br />
						
            
            <a class="navhash" href="#127">#</a>
						
              <code id="127">../common/common.h:45:20: error: no include path in which to search for stdarg.h</code><br />
						
            
            <a class="navhash" href="#128">#</a>
						
              <code id="128"> #include <stdarg.h></code><br />
						
            
            <a class="navhash" href="#129">#</a>
						
              <code id="129">                    ^</code><br />
						
            
            <a class="navhash" href="#130">#</a>
						
              <code id="130">../common/common.h:125:26: error: no include path in which to search for netinet/tcp.h</code><br />
						
            
            <a class="navhash" href="#131">#</a>
						
              <code id="131">  #include <netinet/tcp.h></code><br />
						
            
            <a class="navhash" href="#132">#</a>
						
              <code id="132">                          ^</code><br />
						
            
            <a class="navhash" href="#133">#</a>
						
              <code id="133">../common/common.h:46:20: error: no include path in which to search for stdlib.h</code><br />
						
            
            <a class="navhash" href="#134">#</a>
						
              <code id="134"> #include <stdlib.h></code><br />
						
            
            <a class="navhash" href="#135">#</a>
						
              <code id="135">                    ^</code><br />
						
            
            <a class="navhash" href="#136">#</a>
						
              <code id="136">../common/common.h:126:26: error: no include path in which to search for netinet/udp.h</code><br />
						
            
            <a class="navhash" href="#137">#</a>
						
              <code id="137">  #include <netinet/udp.h></code><br />
						
            
            <a class="navhash" href="#138">#</a>
						
              <code id="138">                          ^</code><br />
						
            
            <a class="navhash" href="#139">#</a>
						
              <code id="139">../common/common.h:47:20: error: no include path in which to search for string.h</code><br />
						
            
            <a class="navhash" href="#140">#</a>
						
              <code id="140"> #include <string.h></code><br />
						
            
            <a class="navhash" href="#141">#</a>
						
              <code id="141">                    ^</code><br />
						
            
            <a class="navhash" href="#142">#</a>
						
              <code id="142">../common/common.h:48:19: error: no include path in which to search for ctype.h</code><br />
						
            
            <a class="navhash" href="#143">#</a>
						
              <code id="143"> #include <ctype.h></code><br />
						
            
            <a class="navhash" href="#144">#</a>
						
              <code id="144">                   ^</code><br />
						
            
            <a class="navhash" href="#145">#</a>
						
              <code id="145">../common/common.h:49:18: error: no include path in which to search for time.h</code><br />
						
            
            <a class="navhash" href="#146">#</a>
						
              <code id="146"> #include <time.h></code><br />
						
            
            <a class="navhash" href="#147">#</a>
						
              <code id="147">                  ^</code><br />
						
            
            <a class="navhash" href="#148">#</a>
						
              <code id="148">../common/common.h:127:30: error: no include path in which to search for netinet/ip_icmp.h</code><br />
						
            
            <a class="navhash" href="#149">#</a>
						
              <code id="149">  #include <netinet/ip_icmp.h></code><br />
						
            
            <a class="navhash" href="#150">#</a>
						
              <code id="150">                              ^</code><br />
						
            
            <a class="navhash" href="#151">#</a>
						
              <code id="151">../common/common.h:50:20: error: no include path in which to search for signal.h</code><br />
						
            
            <a class="navhash" href="#152">#</a>
						
              <code id="152"> #include <signal.h></code><br />
						
            
            <a class="navhash" href="#153">#</a>
						
              <code id="153">                    ^</code><br />
						
            
            <a class="navhash" href="#154">#</a>
						
              <code id="154">../common/common.h:51:23: error: no include path in which to search for sys/types.h</code><br />
						
            
            <a class="navhash" href="#155">#</a>
						
              <code id="155"> #include <sys/types.h></code><br />
						
            
            <a class="navhash" href="#156">#</a>
						
              <code id="156">                       ^</code><br />
						
            
            <a class="navhash" href="#157">#</a>
						
              <code id="157">../common/common.h:128:24: error: no include path in which to search for sys/ioctl.h</code><br />
						
            
            <a class="navhash" href="#158">#</a>
						
              <code id="158">  #include <sys/ioctl.h></code><br />
						
            
            <a class="navhash" href="#159">#</a>
						
              <code id="159">                        ^</code><br />
						
            
            <a class="navhash" href="#160">#</a>
						
              <code id="160">../common/common.h:52:22: error: no include path in which to search for sys/stat.h</code><br />
						
            
            <a class="navhash" href="#161">#</a>
						
              <code id="161"> #include <sys/stat.h></code><br />
						
            
            <a class="navhash" href="#162">#</a>
						
              <code id="162">                      ^</code><br />
						
            
            <a class="navhash" href="#163">#</a>
						
              <code id="163">../common/common.h:53:19: error: no include path in which to search for fcntl.h</code><br />
						
            
            <a class="navhash" href="#164">#</a>
						
              <code id="164"> #include <fcntl.h></code><br />
						
            
            <a class="navhash" href="#165">#</a>
						
              <code id="165">                   ^</code><br />
						
            
            <a class="navhash" href="#166">#</a>
						
              <code id="166">../common/common.h:134:22: error: no include path in which to search for pthread.h</code><br />
						
            
            <a class="navhash" href="#167">#</a>
						
              <code id="167">  #include <pthread.h></code><br />
						
            
            <a class="navhash" href="#168">#</a>
						
              <code id="168">                      ^</code><br />
						
            
            <a class="navhash" href="#169">#</a>
						
              <code id="169">../common/common.h:63:20: error: no include path in which to search for endian.h</code><br />
						
            
            <a class="navhash" href="#170">#</a>
						
              <code id="170"> #include <endian.h></code><br />
						
            
            <a class="navhash" href="#171">#</a>
						
              <code id="171">                    ^</code><br />
						
            
            <a class="navhash" href="#172">#</a>
						
              <code id="172">../common/common.h:70:23: error: no include path in which to search for sys/types.h</code><br />
						
            
            <a class="navhash" href="#173">#</a>
						
              <code id="173"> #include <sys/types.h></code><br />
						
            
            <a class="navhash" href="#174">#</a>
						
              <code id="174">                       ^</code><br />
						
            
            <a class="navhash" href="#175">#</a>
						
              <code id="175">../common/common.h:83:25: error: no include path in which to search for sys/socket.h</code><br />
						
            
            <a class="navhash" href="#176">#</a>
						
              <code id="176">  #include <sys/socket.h></code><br />
						
            
            <a class="navhash" href="#177">#</a>
						
              <code id="177">                         ^</code><br />
						
            
            <a class="navhash" href="#178">#</a>
						
              <code id="178">../common/common.h:84:25: error: no include path in which to search for netinet/in.h</code><br />
						
            
            <a class="navhash" href="#179">#</a>
						
              <code id="179">  #include <netinet/in.h></code><br />
						
            
            <a class="navhash" href="#180">#</a>
						
              <code id="180">                         ^</code><br />
						
            
            <a class="navhash" href="#181">#</a>
						
              <code id="181">../common/common.h:85:20: error: no include path in which to search for netdb.h</code><br />
						
            
            <a class="navhash" href="#182">#</a>
						
              <code id="182">  #include <netdb.h></code><br />
						
            
            <a class="navhash" href="#183">#</a>
						
              <code id="183">                    ^</code><br />
						
            
            <a class="navhash" href="#184">#</a>
						
              <code id="184">../common/common.h:86:21: error: no include path in which to search for unistd.h</code><br />
						
            
            <a class="navhash" href="#185">#</a>
						
              <code id="185">  #include <unistd.h></code><br />
						
            
            <a class="navhash" href="#186">#</a>
						
              <code id="186">                     ^</code><br />
						
            
            <a class="navhash" href="#187">#</a>
						
              <code id="187">../common/common.h:87:22: error: no include path in which to search for strings.h</code><br />
						
            
            <a class="navhash" href="#188">#</a>
						
              <code id="188">  #include <strings.h></code><br />
						
            
            <a class="navhash" href="#189">#</a>
						
              <code id="189">                      ^</code><br />
						
            
            <a class="navhash" href="#190">#</a>
						
              <code id="190">../common/common.h:88:21: error: no include path in which to search for syslog.h</code><br />
						
            
            <a class="navhash" href="#191">#</a>
						
              <code id="191">  #include <syslog.h></code><br />
						
            
            <a class="navhash" href="#192">#</a>
						
              <code id="192">                     ^</code><br />
						
            
            <a class="navhash" href="#193">#</a>
						
              <code id="193">../common/common.h:89:24: error: no include path in which to search for arpa/inet.h</code><br />
						
            
            <a class="navhash" href="#194">#</a>
						
              <code id="194">  #include <arpa/inet.h></code><br />
						
            
            <a class="navhash" href="#195">#</a>
						
              <code id="195">                        ^</code><br />
						
            
            <a class="navhash" href="#196">#</a>
						
              <code id="196">../common/common.h:90:24: error: no include path in which to search for sys/ioctl.h</code><br />
						
            
            <a class="navhash" href="#197">#</a>
						
              <code id="197">  #include <sys/ioctl.h></code><br />
						
            
            <a class="navhash" href="#198">#</a>
						
              <code id="198">                        ^</code><br />
						
            
            <a class="navhash" href="#199">#</a>
						
              <code id="199">../common/common.h:91:25: error: no include path in which to search for sys/select.h</code><br />
						
            
            <a class="navhash" href="#200">#</a>
						
              <code id="200">  #include <sys/select.h></code><br />
						
            
            <a class="navhash" href="#201">#</a>
						
              <code id="201">                         ^</code><br />
						
            
            <a class="navhash" href="#202">#</a>
						
              <code id="202">../common/common.h:93:21: error: no include path in which to search for net/if.h</code><br />
						
            
            <a class="navhash" href="#203">#</a>
						
              <code id="203">  #include <net/if.h></code><br />
						
            
            <a class="navhash" href="#204">#</a>
						
              <code id="204">                     ^</code><br />
						
            
            <a class="navhash" href="#205">#</a>
						
              <code id="205">../common/common.h:94:31: error: no include path in which to search for netinet/if_ether.h</code><br />
						
            
            <a class="navhash" href="#206">#</a>
						
              <code id="206">  #include <netinet/if_ether.h></code><br />
						
            
            <a class="navhash" href="#207">#</a>
						
              <code id="207">                               ^</code><br />
						
            
            <a class="navhash" href="#208">#</a>
						
              <code id="208">../common/common.h:96:31: error: no include path in which to search for netpacket/packet.h</code><br />
						
            
            <a class="navhash" href="#209">#</a>
						
              <code id="209">  #include <netpacket/packet.h></code><br />
						
            
            <a class="navhash" href="#210">#</a>
						
              <code id="210">                               ^</code><br />
						
            
            <a class="navhash" href="#211">#</a>
						
              <code id="211">../common/common.h:97:27: error: no include path in which to search for linux/if_tun.h</code><br />
						
            
            <a class="navhash" href="#212">#</a>
						
              <code id="212">  #include <linux/if_tun.h></code><br />
						
            
            <a class="navhash" href="#213">#</a>
						
              <code id="213">                           ^</code><br />
						
            
            <a class="navhash" href="#214">#</a>
						
              <code id="214">../common/common.h:122:25: error: no include path in which to search for netinet/ip.h</code><br />
						
            
            <a class="navhash" href="#215">#</a>
						
              <code id="215">  #include <netinet/ip.h></code><br />
						
            
            <a class="navhash" href="#216">#</a>
						
              <code id="216">                         ^</code><br />
						
            
            <a class="navhash" href="#217">#</a>
						
              <code id="217">../common/common.h:123:26: error: no include path in which to search for netinet/ip6.h</code><br />
						
            
            <a class="navhash" href="#218">#</a>
						
              <code id="218">  #include <netinet/ip6.h></code><br />
						
            
            <a class="navhash" href="#219">#</a>
						
              <code id="219">                          ^</code><br />
						
            
            <a class="navhash" href="#220">#</a>
						
              <code id="220">../common/common.h:124:28: error: no include path in which to search for netinet/icmp6.h</code><br />
						
            
            <a class="navhash" href="#221">#</a>
						
              <code id="221">  #include <netinet/icmp6.h></code><br />
						
            
            <a class="navhash" href="#222">#</a>
						
              <code id="222">                            ^</code><br />
						
            
            <a class="navhash" href="#223">#</a>
						
              <code id="223">../common/common.h:125:26: error: no include path in which to search for netinet/tcp.h</code><br />
						
            
            <a class="navhash" href="#224">#</a>
						
              <code id="224">  #include <netinet/tcp.h></code><br />
						
            
            <a class="navhash" href="#225">#</a>
						
              <code id="225">                          ^</code><br />
						
            
            <a class="navhash" href="#226">#</a>
						
              <code id="226">../common/common.h:126:26: error: no include path in which to search for netinet/udp.h</code><br />
						
            
            <a class="navhash" href="#227">#</a>
						
              <code id="227">  #include <netinet/udp.h></code><br />
						
            
            <a class="navhash" href="#228">#</a>
						
              <code id="228">                          ^</code><br />
						
            
            <a class="navhash" href="#229">#</a>
						
              <code id="229">../common/common.h:127:30: error: no include path in which to search for netinet/ip_icmp.h</code><br />
						
            
            <a class="navhash" href="#230">#</a>
						
              <code id="230">  #include <netinet/ip_icmp.h></code><br />
						
            
            <a class="navhash" href="#231">#</a>
						
              <code id="231">                              ^</code><br />
						
            
            <a class="navhash" href="#232">#</a>
						
              <code id="232">../common/common.h:128:24: error: no include path in which to search for sys/ioctl.h</code><br />
						
            
            <a class="navhash" href="#233">#</a>
						
              <code id="233">  #include <sys/ioctl.h></code><br />
						
            
            <a class="navhash" href="#234">#</a>
						
              <code id="234">                        ^</code><br />
						
            
            <a class="navhash" href="#235">#</a>
						
              <code id="235">../common/common.h:134:22: error: no include path in which to search for pthread.h</code><br />
						
            
            <a class="navhash" href="#236">#</a>
						
              <code id="236">  #include <pthread.h></code><br />
						
            
            <a class="navhash" href="#237">#</a>
						
              <code id="237">                      ^</code><br />
						
            
            <a class="navhash" href="#238">#</a>
						
              <code id="238">In file included from ../common/common.h:314:0,</code><br />
						
            
            <a class="navhash" href="#239">#</a>
						
              <code id="239">                 from ../common/aiccu.h:17,</code><br />
						
            
            <a class="navhash" href="#240">#</a>
						
              <code id="240">                 from main.c:13:</code><br />
						
            
            <a class="navhash" href="#241">#</a>
						<span class="error">
              <code id="241">../common/hash_md5.h:59:2: error: unknown type name 'u_int32_t'</code><br />
						</span>
            
            <a class="navhash" href="#242">#</a>
						
              <code id="242">  UWORD32 buf[4];</code><br />
						
            
            <a class="navhash" href="#243">#</a>
						
              <code id="243">  ^</code><br />
						
            
            <a class="navhash" href="#244">#</a>
						<span class="error">
              <code id="244">../common/hash_md5.h:60:2: error: unknown type name 'u_int32_t'</code><br />
						</span>
            
            <a class="navhash" href="#245">#</a>
						
              <code id="245">  UWORD32 bytes[2];</code><br />
						
            
            <a class="navhash" href="#246">#</a>
						
              <code id="246">  ^</code><br />
						
            
            <a class="navhash" href="#247">#</a>
						<span class="error">
              <code id="247">../common/hash_md5.h:61:2: error: unknown type name 'u_int32_t'</code><br />
						</span>
            
            <a class="navhash" href="#248">#</a>
						
              <code id="248">  UWORD32 in[16];</code><br />
						
            
            <a class="navhash" href="#249">#</a>
						
              <code id="249">  ^</code><br />
						
            
            <a class="navhash" href="#250">#</a>
						<span class="error">
              <code id="250">../common/hash_md5.h:38:17: error: unknown type name 'u_int32_t'</code><br />
						</span>
            
            <a class="navhash" href="#251">#</a>
						
              <code id="251"> #define UWORD32 u_int32_t</code><br />
						
            
            <a class="navhash" href="#252">#</a>
						
              <code id="252">                 ^</code><br />
						
            
            <a class="navhash" href="#253">#</a>
						
              <code id="253">../common/hash_md5.h:67:19: note: in expansion of macro 'UWORD32'</code><br />
						
            
            <a class="navhash" href="#254">#</a>
						
              <code id="254"> void MD5Transform(UWORD32 buf[4], UWORD32 const in[16]);</code><br />
						
            
            <a class="navhash" href="#255">#</a>
						
              <code id="255">                   ^</code><br />
						
            
            <a class="navhash" href="#256">#</a>
						<span class="error">
              <code id="256">../common/hash_md5.h:38:17: error: unknown type name 'u_int32_t'</code><br />
						</span>
            
            <a class="navhash" href="#257">#</a>
						
              <code id="257"> #define UWORD32 u_int32_t</code><br />
						
            
            <a class="navhash" href="#258">#</a>
						
              <code id="258">                 ^</code><br />
						
            
            <a class="navhash" href="#259">#</a>
						
              <code id="259">../common/hash_md5.h:67:35: note: in expansion of macro 'UWORD32'</code><br />
						
            
            <a class="navhash" href="#260">#</a>
						
              <code id="260"> void MD5Transform(UWORD32 buf[4], UWORD32 const in[16]);</code><br />
						
            
            <a class="navhash" href="#261">#</a>
						
              <code id="261">                                   ^</code><br />
						
            
            <a class="navhash" href="#262">#</a>
						
              <code id="262">In file included from ../common/common.h:315:0,</code><br />
						
            
            <a class="navhash" href="#263">#</a>
						
              <code id="263">                 from ../common/aiccu.h:17,</code><br />
						
            
            <a class="navhash" href="#264">#</a>
						
              <code id="264">                 from main.c:13:</code><br />
						
            
            <a class="navhash" href="#265">#</a>
						<span class="error">
              <code id="265">../common/hash_sha1.h:39:1: error: unknown type name 'uint32_t'</code><br />
						</span>
            
            <a class="navhash" href="#266">#</a>
						
              <code id="266"> typedef uint32_t sha1_quadbyte; /* 4 byte type */</code><br />
						
            
            <a class="navhash" href="#267">#</a>
						
              <code id="267"> ^</code><br />
						
            
            <a class="navhash" href="#268">#</a>
						<span class="error">
              <code id="268">../common/hash_sha1.h:40:1: error: unknown type name 'uint8_t'</code><br />
						</span>
            
            <a class="navhash" href="#269">#</a>
						
              <code id="269"> typedef uint8_t  sha1_byte; /* single byte type */</code><br />
						
            
            <a class="navhash" href="#270">#</a>
						
              <code id="270"> ^</code><br />
						
            
            <a class="navhash" href="#271">#</a>
						
              <code id="271">In file included from ../common/common.h:314:0,</code><br />
						
            
            <a class="navhash" href="#272">#</a>
						
              <code id="272">                 from ../common/tun.h:16,</code><br />
						
            
            <a class="navhash" href="#273">#</a>
						
              <code id="273">                 from ../common/tun.c:13:</code><br />
						
            
            <a class="navhash" href="#274">#</a>
						<span class="error">
              <code id="274">../common/hash_md5.h:59:2: error: unknown type name 'u_int32_t'</code><br />
						</span>
            
            <a class="navhash" href="#275">#</a>
						
              <code id="275">  UWORD32 buf[4];</code><br />
						
            
            <a class="navhash" href="#276">#</a>
						
              <code id="276">  ^</code><br />
						
            
            <a class="navhash" href="#277">#</a>
						
              <code id="277">In file included from ../common/aiccu.h:17:0,</code><br />
						
            
            <a class="navhash" href="#278">#</a>
						
              <code id="278">                 from main.c:13:</code><br />
						
            
            <a class="navhash" href="#279">#</a>
						
              <code id="279">../common/common.h:319:24: error: no include path in which to search for netinet/in.h</code><br />
						
            
            <a class="navhash" href="#280">#</a>
						
              <code id="280"> #include <netinet/in.h></code><br />
						
            
            <a class="navhash" href="#281">#</a>
						
              <code id="281">                        ^</code><br />
						
            
            <a class="navhash" href="#282">#</a>
						<span class="error">
              <code id="282">../common/hash_md5.h:60:2: error: unknown type name 'u_int32_t'</code><br />
						</span>
            
            <a class="navhash" href="#283">#</a>
						
              <code id="283">  UWORD32 bytes[2];</code><br />
						
            
            <a class="navhash" href="#284">#</a>
						
              <code id="284">  ^</code><br />
						
            
            <a class="navhash" href="#285">#</a>
						
              <code id="285">../common/common.h:320:26: error: no include path in which to search for arpa/nameser.h</code><br />
						
            
            <a class="navhash" href="#286">#</a>
						
              <code id="286"> #include <arpa/nameser.h></code><br />
						
            
            <a class="navhash" href="#287">#</a>
						
              <code id="287">                          ^</code><br />
						
            
            <a class="navhash" href="#288">#</a>
						<span class="error">
              <code id="288">../common/hash_md5.h:61:2: error: unknown type name 'u_int32_t'</code><br />
						</span>
            
            <a class="navhash" href="#289">#</a>
						
              <code id="289">  UWORD32 in[16];</code><br />
						
            
            <a class="navhash" href="#290">#</a>
						
              <code id="290">  ^</code><br />
						
            
            <a class="navhash" href="#291">#</a>
						
              <code id="291">../common/common.h:321:20: error: no include path in which to search for resolv.h</code><br />
						
            
            <a class="navhash" href="#292">#</a>
						
              <code id="292"> #include <resolv.h></code><br />
						
            
            <a class="navhash" href="#293">#</a>
						
              <code id="293">                    ^</code><br />
						
            
            <a class="navhash" href="#294">#</a>
						
              <code id="294">../common/common.h:322:19: error: no include path in which to search for netdb.h</code><br />
						
            
            <a class="navhash" href="#295">#</a>
						
              <code id="295"> #include <netdb.h></code><br />
						
            
            <a class="navhash" href="#296">#</a>
						
              <code id="296">                   ^</code><br />
						
            
            <a class="navhash" href="#297">#</a>
						
              <code id="297">../common/common.h:326:27: error: no include path in which to search for gnutls/gnutls.h</code><br />
						
            
            <a class="navhash" href="#298">#</a>
						
              <code id="298"> #include <gnutls/gnutls.h></code><br />
						
            
            <a class="navhash" href="#299">#</a>
						
              <code id="299">                           ^</code><br />
						
            
            <a class="navhash" href="#300">#</a>
						<span class="error">
              <code id="300">../common/hash_md5.h:38:17: error: unknown type name 'u_int32_t'</code><br />
						</span>
            
            <a class="navhash" href="#301">#</a>
						
              <code id="301"> #define UWORD32 u_int32_t</code><br />
						
            
            <a class="navhash" href="#302">#</a>
						
              <code id="302">                 ^</code><br />
						
            
            <a class="navhash" href="#303">#</a>
						
              <code id="303">../common/hash_md5.h:67:19: note: in expansion of macro 'UWORD32'</code><br />
						
            
            <a class="navhash" href="#304">#</a>
						
              <code id="304"> void MD5Transform(UWORD32 buf[4], UWORD32 const in[16]);</code><br />
						
            
            <a class="navhash" href="#305">#</a>
						
              <code id="305">                   ^</code><br />
						
            
            <a class="navhash" href="#306">#</a>
						<span class="error">
              <code id="306">../common/hash_md5.h:38:17: error: unknown type name 'u_int32_t'</code><br />
						</span>
            
            <a class="navhash" href="#307">#</a>
						
              <code id="307"> #define UWORD32 u_int32_t</code><br />
						
            
            <a class="navhash" href="#308">#</a>
						
              <code id="308">                 ^</code><br />
						
            
            <a class="navhash" href="#309">#</a>
						
              <code id="309">../common/hash_md5.h:67:35: note: in expansion of macro 'UWORD32'</code><br />
						
            
            <a class="navhash" href="#310">#</a>
						
              <code id="310"> void MD5Transform(UWORD32 buf[4], UWORD32 const in[16]);</code><br />
						
            
            <a class="navhash" href="#311">#</a>
						
              <code id="311">                                   ^</code><br />
						
            
            <a class="navhash" href="#312">#</a>
						<span class="error">
              <code id="312">../common/common.h:383:2: error: unknown type name 'uint32_t'</code><br />
						</span>
            
            <a class="navhash" href="#313">#</a>
						
              <code id="313">  bool   tls_active; /* TLS active? */</code><br />
						
            
            <a class="navhash" href="#314">#</a>
						
              <code id="314">  ^</code><br />
						
            
            <a class="navhash" href="#315">#</a>
						
              <code id="315">In file included from ../common/common.h:315:0,</code><br />
						
            
            <a class="navhash" href="#316">#</a>
						
              <code id="316">                 from ../common/tun.h:16,</code><br />
						
            
            <a class="navhash" href="#317">#</a>
						
              <code id="317">                 from ../common/tun.c:13:</code><br />
						
            
            <a class="navhash" href="#318">#</a>
						<span class="error">
              <code id="318">../common/hash_sha1.h:39:1: error: unknown type name 'uint32_t'</code><br />
						</span>
            
            <a class="navhash" href="#319">#</a>
						
              <code id="319"> typedef uint32_t sha1_quadbyte; /* 4 byte type */</code><br />
						
            
            <a class="navhash" href="#320">#</a>
						
              <code id="320"> ^</code><br />
						
            
            <a class="navhash" href="#321">#</a>
						<span class="error">
              <code id="321">../common/common.h:384:2: error: unknown type name 'gnutls_session'</code><br />
						</span>
            
            <a class="navhash" href="#322">#</a>
						
              <code id="322">  gnutls_session  session; /* The GnuTLS sesision */</code><br />
						
            
            <a class="navhash" href="#323">#</a>
						
              <code id="323">  ^</code><br />
						
            
            <a class="navhash" href="#324">#</a>
						<span class="error">
              <code id="324">../common/hash_sha1.h:40:1: error: unknown type name 'uint8_t'</code><br />
						</span>
            
            <a class="navhash" href="#325">#</a>
						
              <code id="325"> typedef uint8_t  sha1_byte; /* single byte type */</code><br />
						
            
            <a class="navhash" href="#326">#</a>
						
              <code id="326"> ^</code><br />
						
            
            <a class="navhash" href="#327">#</a>
						<span class="error">
              <code id="327">../common/common.h:391:41: error: unknown type name 'va_list'</code><br />
						</span>
            
            <a class="navhash" href="#328">#</a>
						
              <code id="328"> void dologA(int level, const char *fmt, va_list ap);</code><br />
						
            
            <a class="navhash" href="#329">#</a>
						
              <code id="329">                                         ^</code><br />
						
            
            <a class="navhash" href="#330">#</a>
						
              <code id="330">In file included from ../common/aiccu.h:17:0,</code><br />
						
            
            <a class="navhash" href="#331">#</a>
						
              <code id="331">                 from main.c:13:</code><br />
						
            
            <a class="navhash" href="#332">#</a>
						<span class="error">
              <code id="332">../common/common.h:300:14: error: unknown type name 'uint32_t'</code><br />
						</span>
            
            <a class="navhash" href="#333">#</a>
						
              <code id="333"> #define bool uint32_t</code><br />
						
            
            <a class="navhash" href="#334">#</a>
						
              <code id="334">              ^</code><br />
						
            
            <a class="navhash" href="#335">#</a>
						
              <code id="335">../common/common.h:405:1: note: in expansion of macro 'bool'</code><br />
						
            
            <a class="navhash" href="#336">#</a>
						
              <code id="336"> bool sock_gotls(TLSSOCKET sock);</code><br />
						
            
            <a class="navhash" href="#337">#</a>
						
              <code id="337"> ^</code><br />
						
            
            <a class="navhash" href="#338">#</a>
						
              <code id="338">In file included from ../common/tun.h:16:0,</code><br />
						
            
            <a class="navhash" href="#339">#</a>
						
              <code id="339">                 from ../common/tun.c:13:</code><br />
						
            
            <a class="navhash" href="#340">#</a>
						
              <code id="340">../common/common.h:319:24: error: no include path in which to search for netinet/in.h</code><br />
						
            
            <a class="navhash" href="#341">#</a>
						
              <code id="341"> #include <netinet/in.h></code><br />
						
            
            <a class="navhash" href="#342">#</a>
						
              <code id="342">                        ^</code><br />
						
            
            <a class="navhash" href="#343">#</a>
						<span class="error">
              <code id="343">../common/common.h:300:14: error: unknown type name 'uint32_t'</code><br />
						</span>
            
            <a class="navhash" href="#344">#</a>
						
              <code id="344"> #define bool uint32_t</code><br />
						
            
            <a class="navhash" href="#345">#</a>
						
              <code id="345">              ^</code><br />
						
            
            <a class="navhash" href="#346">#</a>
						
              <code id="346">../common/common.h:410:1: note: in expansion of macro 'bool'</code><br />
						
            
            <a class="navhash" href="#347">#</a>
						
              <code id="347"> bool copyfield(char *s, unsigned int n, char *buf, unsigned int buflen);</code><br />
						
            
            <a class="navhash" href="#348">#</a>
						
              <code id="348"> ^</code><br />
						
            
            <a class="navhash" href="#349">#</a>
						
              <code id="349">../common/common.h:320:26: error: no include path in which to search for arpa/nameser.h</code><br />
						
            
            <a class="navhash" href="#350">#</a>
						
              <code id="350"> #include <arpa/nameser.h></code><br />
						
            
            <a class="navhash" href="#351">#</a>
						
              <code id="351">                          ^</code><br />
						
            
            <a class="navhash" href="#352">#</a>
						
              <code id="352">../common/common.h:321:20: error: no include path in which to search for resolv.h</code><br />
						
            
            <a class="navhash" href="#353">#</a>
						
              <code id="353"> #include <resolv.h></code><br />
						
            
            <a class="navhash" href="#354">#</a>
						
              <code id="354">                    ^</code><br />
						
            
            <a class="navhash" href="#355">#</a>
						<span class="error">
              <code id="355">../common/common.h:300:14: error: unknown type name 'uint32_t'</code><br />
						</span>
            
            <a class="navhash" href="#356">#</a>
						
              <code id="356"> #define bool uint32_t</code><br />
						
            
            <a class="navhash" href="#357">#</a>
						
              <code id="357">              ^</code><br />
						
            
            <a class="navhash" href="#358">#</a>
						
              <code id="358">../common/common.h:411:1: note: in expansion of macro 'bool'</code><br />
						
            
            <a class="navhash" href="#359">#</a>
						
              <code id="359"> bool parseline(char *line, const char *split, struct pl_rule *rules, void *data);</code><br />
						
            
            <a class="navhash" href="#360">#</a>
						
              <code id="360"> ^</code><br />
						
            
            <a class="navhash" href="#361">#</a>
						
              <code id="361">../common/common.h:322:19: error: no include path in which to search for netdb.h</code><br />
						
            
            <a class="navhash" href="#362">#</a>
						
              <code id="362"> #include <netdb.h></code><br />
						
            
            <a class="navhash" href="#363">#</a>
						
              <code id="363">                   ^</code><br />
						
            
            <a class="navhash" href="#364">#</a>
						
              <code id="364">../common/common.h:326:27: error: no include path in which to search for gnutls/gnutls.h</code><br />
						
            
            <a class="navhash" href="#365">#</a>
						
              <code id="365"> #include <gnutls/gnutls.h></code><br />
						
            
            <a class="navhash" href="#366">#</a>
						
              <code id="366">                           ^</code><br />
						
            
            <a class="navhash" href="#367">#</a>
						<span class="error">
              <code id="367">../common/common.h:300:14: error: unknown type name 'uint32_t'</code><br />
						</span>
            
            <a class="navhash" href="#368">#</a>
						
              <code id="368"> #define bool uint32_t</code><br />
						
            
            <a class="navhash" href="#369">#</a>
						
              <code id="369">              ^</code><br />
						
            
            <a class="navhash" href="#370">#</a>
						
              <code id="370">../common/common.h:415:1: note: in expansion of macro 'bool'</code><br />
						
            
            <a class="navhash" href="#371">#</a>
						
              <code id="371"> bool is_rfc1918(char *ipv4);</code><br />
						
            
            <a class="navhash" href="#372">#</a>
						
              <code id="372"> ^</code><br />
						
            
            <a class="navhash" href="#373">#</a>
						
              <code id="373">In file included from ../common/aiccu.h:18:0,</code><br />
						
            
            <a class="navhash" href="#374">#</a>
						
              <code id="374">                 from main.c:13:</code><br />
						
            
            <a class="navhash" href="#375">#</a>
						<span class="error">
              <code id="375">../common/tic.h:60:2: error: unknown type name 'uint32_t'</code><br />
						</span>
            
            <a class="navhash" href="#376">#</a>
						
              <code id="376">  uint32_t  nHeartbeat_Interval; /* Heartbeat interval */</code><br />
						
            
            <a class="navhash" href="#377">#</a>
						
              <code id="377">  ^</code><br />
						
            
            <a class="navhash" href="#378">#</a>
						<span class="error">
              <code id="378">../common/tic.h:63:2: error: unknown type name 'uint32_t'</code><br />
						</span>
            
            <a class="navhash" href="#379">#</a>
						
              <code id="379">  uint32_t  uses_tundev;  /* Uses Tunnel (tun/tap) device? */</code><br />
						
            
            <a class="navhash" href="#380">#</a>
						
              <code id="380">  ^</code><br />
						
            
            <a class="navhash" href="#381">#</a>
						<span class="error">
              <code id="381">../common/common.h:383:2: error: unknown type name 'uint32_t'</code><br />
						</span>
            
            <a class="navhash" href="#382">#</a>
						
              <code id="382">  bool   tls_active; /* TLS active? */</code><br />
						
            
            <a class="navhash" href="#383">#</a>
						
              <code id="383">  ^</code><br />
						
            
            <a class="navhash" href="#384">#</a>
						<span class="error">
              <code id="384">../common/tic.h:64:2: error: unknown type name 'uint32_t'</code><br />
						</span>
            
            <a class="navhash" href="#385">#</a>
						
              <code id="385">  uint32_t  nIPv6_PrefixLength; /* Length of the prefix's */</code><br />
						
            
            <a class="navhash" href="#386">#</a>
						
              <code id="386">  ^</code><br />
						
            
            <a class="navhash" href="#387">#</a>
						<span class="error">
              <code id="387">../common/tic.h:65:2: error: unknown type name 'uint32_t'</code><br />
						</span>
            
            <a class="navhash" href="#388">#</a>
						
              <code id="388">  uint32_t  nMTU;   /* MTU size */</code><br />
						
            
            <a class="navhash" href="#389">#</a>
						
              <code id="389">  ^</code><br />
						
            
            <a class="navhash" href="#390">#</a>
						<span class="error">
              <code id="390">../common/common.h:384:2: error: unknown type name 'gnutls_session'</code><br />
						</span>
            
            <a class="navhash" href="#391">#</a>
						
              <code id="391">  gnutls_session  session; /* The GnuTLS sesision */</code><br />
						
            
            <a class="navhash" href="#392">#</a>
						
              <code id="392">  ^</code><br />
						
            
            <a class="navhash" href="#393">#</a>
						
              <code id="393">../common/tic.h:82:19: error: field 'xIPv6' has incomplete type</code><br />
						
            
            <a class="navhash" href="#394">#</a>
						
              <code id="394">  struct in6_addr  xIPv6;   /* Prefix */</code><br />
						
            
            <a class="navhash" href="#395">#</a>
						
              <code id="395">                   ^</code><br />
						
            
            <a class="navhash" href="#396">#</a>
						<span class="error">
              <code id="396">../common/tic.h:83:2: error: unknown type name 'uint32_t'</code><br />
						</span>
            
            <a class="navhash" href="#397">#</a>
						
              <code id="397">  uint32_t  nPrefixLength;  /* Length of the prefix */</code><br />
						
            
            <a class="navhash" href="#398">#</a>
						
              <code id="398">  ^</code><br />
						
            
            <a class="navhash" href="#399">#</a>
						<span class="error">
              <code id="399">../common/tic.h:84:2: error: unknown type name 'uint32_t'</code><br />
						</span>
            
            <a class="navhash" href="#400">#</a>
						
              <code id="400">  uint32_t  __pad;</code><br />
						
            
            <a class="navhash" href="#401">#</a>
						
              <code id="401">  ^</code><br />
						
            
            <a class="navhash" href="#402">#</a>
						<span class="error">
              <code id="402">../common/common.h:391:41: error: unknown type name 'va_list'</code><br />
						</span>
            
            <a class="navhash" href="#403">#</a>
						
              <code id="403"> void dologA(int level, const char *fmt, va_list ap);</code><br />
						
            
            <a class="navhash" href="#404">#</a>
						
              <code id="404">                                         ^</code><br />
						
            
            <a class="navhash" href="#405">#</a>
						
              <code id="405">In file included from ../common/aiccu.h:17:0,</code><br />
						
            
            <a class="navhash" href="#406">#</a>
						
              <code id="406">                 from main.c:13:</code><br />
						
            
            <a class="navhash" href="#407">#</a>
						<span class="error">
              <code id="407">../common/common.h:300:14: error: unknown type name 'uint32_t'</code><br />
						</span>
            
            <a class="navhash" href="#408">#</a>
						
              <code id="408"> #define bool uint32_t</code><br />
						
            
            <a class="navhash" href="#409">#</a>
						
              <code id="409">              ^</code><br />
						
            
            <a class="navhash" href="#410">#</a>
						
              <code id="410">../common/tic.h:123:1: note: in expansion of macro 'bool'</code><br />
						
            
            <a class="navhash" href="#411">#</a>
						
              <code id="411"> bool tic_Login(struct TIC_conf *tic, const char *username, const char *password, const char *server);</code><br />
						
            
            <a class="navhash" href="#412">#</a>
						
              <code id="412"> ^</code><br />
						
            
            <a class="navhash" href="#413">#</a>
						
              <code id="413">In file included from ../common/aiccu.h:18:0,</code><br />
						
            
            <a class="navhash" href="#414">#</a>
						
              <code id="414">                 from main.c:13:</code><br />
						
            
            <a class="navhash" href="#415">#</a>
						<span class="error">
              <code id="415">../common/tic.h:127:19: error: unknown type name 'time_t'</code><br />
						</span>
            
            <a class="navhash" href="#416">#</a>
						
              <code id="416"> int tic_checktime(time_t epochtime);</code><br />
						
            
            <a class="navhash" href="#417">#</a>
						
              <code id="417">                   ^</code><br />
						
            
            <a class="navhash" href="#418">#</a>
						
              <code id="418">In file included from ../common/tun.h:16:0,</code><br />
						
            
            <a class="navhash" href="#419">#</a>
						
              <code id="419">                 from ../common/tun.c:13:</code><br />
						
            
            <a class="navhash" href="#420">#</a>
						<span class="error">
              <code id="420">../common/common.h:300:14: error: unknown type name 'uint32_t'</code><br />
						</span>
            
            <a class="navhash" href="#421">#</a>
						
              <code id="421"> #define bool uint32_t</code><br />
						
            
            <a class="navhash" href="#422">#</a>
						
              <code id="422">              ^</code><br />
						
            
            <a class="navhash" href="#423">#</a>
						
              <code id="423">../common/common.h:405:1: note: in expansion of macro 'bool'</code><br />
						
            
            <a class="navhash" href="#424">#</a>
						
              <code id="424"> bool sock_gotls(TLSSOCKET sock);</code><br />
						
            
            <a class="navhash" href="#425">#</a>
						
              <code id="425"> ^</code><br />
						
            
            <a class="navhash" href="#426">#</a>
						<span class="error">
              <code id="426">../common/common.h:300:14: error: unknown type name 'uint32_t'</code><br />
						</span>
            
            <a class="navhash" href="#427">#</a>
						
              <code id="427"> #define bool uint32_t</code><br />
						
            
            <a class="navhash" href="#428">#</a>
						
              <code id="428">              ^</code><br />
						
            
            <a class="navhash" href="#429">#</a>
						
              <code id="429">../common/common.h:410:1: note: in expansion of macro 'bool'</code><br />
						
            
            <a class="navhash" href="#430">#</a>
						
              <code id="430"> bool copyfield(char *s, unsigned int n, char *buf, unsigned int buflen);</code><br />
						
            
            <a class="navhash" href="#431">#</a>
						
              <code id="431"> ^</code><br />
						
            
            <a class="navhash" href="#432">#</a>
						
              <code id="432">In file included from ../common/aiccu.h:19:0,</code><br />
						
            
            <a class="navhash" href="#433">#</a>
						
              <code id="433">                 from main.c:13:</code><br />
						
            
            <a class="navhash" href="#434">#</a>
						<span class="error">
              <code id="434">../common/heartbeat.h:26:2: error: unknown type name 'uint32_t'</code><br />
						</span>
            
            <a class="navhash" href="#435">#</a>
						
              <code id="435">  uint32_t *address_changed,</code><br />
						
            
            <a class="navhash" href="#436">#</a>
						
              <code id="436">  ^</code><br />
						
            
            <a class="navhash" href="#437">#</a>
						
              <code id="437">In file included from ../common/aiccu.h:17:0,</code><br />
						
            
            <a class="navhash" href="#438">#</a>
						
              <code id="438">                 from main.c:13:</code><br />
						
            
            <a class="navhash" href="#439">#</a>
						<span class="error">
              <code id="439">../common/common.h:300:14: error: unknown type name 'uint32_t'</code><br />
						</span>
            
            <a class="navhash" href="#440">#</a>
						
              <code id="440"> #define bool uint32_t</code><br />
						
            
            <a class="navhash" href="#441">#</a>
						
              <code id="441">              ^</code><br />
						
            
            <a class="navhash" href="#442">#</a>
						
              <code id="442">../common/heartbeat.h:33:88: note: in expansion of macro 'bool'</code><br />
						
            
            <a class="navhash" href="#443">#</a>
						
              <code id="443"> int heartbeat_send(SOCKET sockfd, char *sIPv4Local, char *sIPv6Local, char *sPassword, bool bBehindNAT);</code><br />
						
            
            <a class="navhash" href="#444">#</a>
						
              <code id="444">                                                                                        ^</code><br />
						
            
            <a class="navhash" href="#445">#</a>
						<span class="error">
              <code id="445">../common/common.h:300:14: error: unknown type name 'uint32_t'</code><br />
						</span>
            
            <a class="navhash" href="#446">#</a>
						
              <code id="446"> #define bool uint32_t</code><br />
						
            
            <a class="navhash" href="#447">#</a>
						
              <code id="447">              ^</code><br />
						
            
            <a class="navhash" href="#448">#</a>
						
              <code id="448">../common/common.h:411:1: note: in expansion of macro 'bool'</code><br />
						
            
            <a class="navhash" href="#449">#</a>
						
              <code id="449"> bool parseline(char *line, const char *split, struct pl_rule *rules, void *data);</code><br />
						
            
            <a class="navhash" href="#450">#</a>
						
              <code id="450"> ^</code><br />
						
            
            <a class="navhash" href="#451">#</a>
						
              <code id="451">In file included from ../common/aiccu.h:20:0,</code><br />
						
            
            <a class="navhash" href="#452">#</a>
						
              <code id="452">                 from main.c:13:</code><br />
						
            
            <a class="navhash" href="#453">#</a>
						<span class="error">
              <code id="453">../common/ayiya.h:66:2: error: unknown type name 'uint32_t'</code><br />
						</span>
            
            <a class="navhash" href="#454">#</a>
						
              <code id="454">  uint32_t ayh_idlen:  4;  /* Identity Length */</code><br />
						
            
            <a class="navhash" href="#455">#</a>
						
              <code id="455">  ^</code><br />
						
            
            <a class="navhash" href="#456">#</a>
						<span class="error">
              <code id="456">../common/common.h:300:14: error: unknown type name 'uint32_t'</code><br />
						</span>
            
            <a class="navhash" href="#457">#</a>
						
              <code id="457"> #define bool uint32_t</code><br />
						
            
            <a class="navhash" href="#458">#</a>
						
              <code id="458">              ^</code><br />
						
            
            <a class="navhash" href="#459">#</a>
						
              <code id="459">../common/common.h:415:1: note: in expansion of macro 'bool'</code><br />
						
            
            <a class="navhash" href="#460">#</a>
						
              <code id="460"> bool is_rfc1918(char *ipv4);</code><br />
						
            
            <a class="navhash" href="#461">#</a>
						
              <code id="461"> ^</code><br />
						
            
            <a class="navhash" href="#462">#</a>
						<span class="error">
              <code id="462">../common/ayiya.h:67:2: error: unknown type name 'uint32_t'</code><br />
						</span>
            
            <a class="navhash" href="#463">#</a>
						
              <code id="463">  uint32_t ayh_idtype: 4;  /* Identity Type */</code><br />
						
            
            <a class="navhash" href="#464">#</a>
						
              <code id="464">  ^</code><br />
						
            
            <a class="navhash" href="#465">#</a>
						<span class="error">
              <code id="465">../common/ayiya.h:68:2: error: unknown type name 'uint32_t'</code><br />
						</span>
            
            <a class="navhash" href="#466">#</a>
						
              <code id="466">  uint32_t ayh_siglen: 4;  /* Signature Length */</code><br />
						
            
            <a class="navhash" href="#467">#</a>
						
              <code id="467">  ^</code><br />
						
            
            <a class="navhash" href="#468">#</a>
						<span class="error">
              <code id="468">../common/ayiya.h:69:2: error: unknown type name 'uint32_t'</code><br />
						</span>
            
            <a class="navhash" href="#469">#</a>
						
              <code id="469">  uint32_t ayh_hshmeth:4;  /* Hashing Method */</code><br />
						
            
            <a class="navhash" href="#470">#</a>
						
              <code id="470">  ^</code><br />
						
            
            <a class="navhash" href="#471">#</a>
						<span class="error">
              <code id="471">../common/ayiya.h:70:2: error: unknown type name 'uint32_t'</code><br />
						</span>
            
            <a class="navhash" href="#472">#</a>
						
              <code id="472">  uint32_t ayh_autmeth:4;  /* Authentication Method */</code><br />
						
            
            <a class="navhash" href="#473">#</a>
						
              <code id="473">  ^</code><br />
						
            
            <a class="navhash" href="#474">#</a>
						<span class="error">
              <code id="474">../common/ayiya.h:71:2: error: unknown type name 'uint32_t'</code><br />
						</span>
            
            <a class="navhash" href="#475">#</a>
						
              <code id="475">  uint32_t ayh_opcode: 4;  /* Operation Code */</code><br />
						
            
            <a class="navhash" href="#476">#</a>
						
              <code id="476">  ^</code><br />
						
            
            <a class="navhash" href="#477">#</a>
						<span class="error">
              <code id="477">../common/ayiya.h:72:2: error: unknown type name 'uint32_t'</code><br />
						</span>
            
            <a class="navhash" href="#478">#</a>
						
              <code id="478">  uint32_t ayh_nextheader:8; /* Next Header (PROTO_*) */</code><br />
						
            
            <a class="navhash" href="#479">#</a>
						
              <code id="479">  ^</code><br />
						
            
            <a class="navhash" href="#480">#</a>
						<span class="error">
              <code id="480">../common/ayiya.h:84:2: error: unknown type name 'uint32_t'</code><br />
						</span>
            
            <a class="navhash" href="#481">#</a>
						
              <code id="481">  uint32_t ayh_epochtime;  /* Time in seconds since "00:00:00 1970-01-01 UTC" */</code><br />
						
            
            <a class="navhash" href="#482">#</a>
						
              <code id="482">  ^</code><br />
						
            
            <a class="navhash" href="#483">#</a>
						<span class="error">
              <code id="483">../common/common.h:300:14: error: unknown type name 'uint32_t'</code><br />
						</span>
            
            <a class="navhash" href="#484">#</a>
						
              <code id="484"> #define bool uint32_t</code><br />
						
            
            <a class="navhash" href="#485">#</a>
						
              <code id="485">              ^</code><br />
						
            
            <a class="navhash" href="#486">#</a>
						
              <code id="486">../common/tun.h:42:1: note: in expansion of macro 'bool'</code><br />
						
            
            <a class="navhash" href="#487">#</a>
						
              <code id="487"> bool tun_start(struct tun_reader *tun);</code><br />
						
            
            <a class="navhash" href="#488">#</a>
						
              <code id="488"> ^</code><br />
						
            
            <a class="navhash" href="#489">#</a>
						
              <code id="489">In file included from ../common/aiccu.h:17:0,</code><br />
						
            
            <a class="navhash" href="#490">#</a>
						
              <code id="490">                 from main.c:13:</code><br />
						
            
            <a class="navhash" href="#491">#</a>
						<span class="error">
              <code id="491">../common/common.h:300:14: error: unknown type name 'uint32_t'</code><br />
						</span>
            
            <a class="navhash" href="#492">#</a>
						
              <code id="492"> #define bool uint32_t</code><br />
						
            
            <a class="navhash" href="#493">#</a>
						
              <code id="493">              ^</code><br />
						
            
            <a class="navhash" href="#494">#</a>
						
              <code id="494">../common/ayiya.h:88:1: note: in expansion of macro 'bool'</code><br />
						
            
            <a class="navhash" href="#495">#</a>
						
              <code id="495"> bool ayiya(struct TIC_Tunnel *hTunnel);</code><br />
						
            
            <a class="navhash" href="#496">#</a>
						
              <code id="496"> ^</code><br />
						
            
            <a class="navhash" href="#497">#</a>
						
              <code id="497">In file included from ../common/aiccu.h:18:0,</code><br />
						
            
            <a class="navhash" href="#498">#</a>
						
              <code id="498">                 from ../common/tun.c:14:</code><br />
						
            
            <a class="navhash" href="#499">#</a>
						<span class="error">
              <code id="499">../common/tic.h:60:2: error: unknown type name 'uint32_t'</code><br />
						</span>
            
            <a class="navhash" href="#500">#</a>
						
              <code id="500">  uint32_t  nHeartbeat_Interval; /* Heartbeat interval */</code><br />
						
            
            <a class="navhash" href="#501">#</a>
						
              <code id="501">  ^</code><br />
						
            
            <a class="navhash" href="#502">#</a>
						<span class="error">
              <code id="502">../common/tic.h:63:2: error: unknown type name 'uint32_t'</code><br />
						</span>
            
            <a class="navhash" href="#503">#</a>
						
              <code id="503">  uint32_t  uses_tundev;  /* Uses Tunnel (tun/tap) device? */</code><br />
						
            
            <a class="navhash" href="#504">#</a>
						
              <code id="504">  ^</code><br />
						
            
            <a class="navhash" href="#505">#</a>
						<span class="error">
              <code id="505">../common/tic.h:64:2: error: unknown type name 'uint32_t'</code><br />
						</span>
            
            <a class="navhash" href="#506">#</a>
						
              <code id="506">  uint32_t  nIPv6_PrefixLength; /* Length of the prefix's */</code><br />
						
            
            <a class="navhash" href="#507">#</a>
						
              <code id="507">  ^</code><br />
						
            
            <a class="navhash" href="#508">#</a>
						<span class="error">
              <code id="508">../common/tic.h:65:2: error: unknown type name 'uint32_t'</code><br />
						</span>
            
            <a class="navhash" href="#509">#</a>
						
              <code id="509">  uint32_t  nMTU;   /* MTU size */</code><br />
						
            
            <a class="navhash" href="#510">#</a>
						
              <code id="510">  ^</code><br />
						
            
            <a class="navhash" href="#511">#</a>
						
              <code id="511">In file included from main.c:13:0:</code><br />
						
            
            <a class="navhash" href="#512">#</a>
						<span class="error">
              <code id="512">../common/aiccu.h:114:2: error: unknown type name 'gnutls_certificate_credentials'</code><br />
						</span>
            
            <a class="navhash" href="#513">#</a>
						
              <code id="513">  gnutls_certificate_credentials tls_cred; /* GNUTLS credentials */</code><br />
						
            
            <a class="navhash" href="#514">#</a>
						
              <code id="514">  ^</code><br />
						
            
            <a class="navhash" href="#515">#</a>
						<span class="error">
              <code id="515">../common/aiccu.h:117:2: error: unknown type name 'uint32_t'</code><br />
						</span>
            
            <a class="navhash" href="#516">#</a>
						
              <code id="516">  bool  daemonize;  /* Daemonize? */</code><br />
						
            
            <a class="navhash" href="#517">#</a>
						
              <code id="517">  ^</code><br />
						
            
            <a class="navhash" href="#518">#</a>
						
              <code id="518">../common/tic.h:82:19: error: field 'xIPv6' has incomplete type</code><br />
						
            
            <a class="navhash" href="#519">#</a>
						
              <code id="519">  struct in6_addr  xIPv6;   /* Prefix */</code><br />
						
            
            <a class="navhash" href="#520">#</a>
						
              <code id="520">                   ^</code><br />
						
            
            <a class="navhash" href="#521">#</a>
						<span class="error">
              <code id="521">../common/aiccu.h:118:2: error: unknown type name 'uint32_t'</code><br />
						</span>
            
            <a class="navhash" href="#522">#</a>
						
              <code id="522">  bool  verbose;  /* Verbosity */</code><br />
						
            
            <a class="navhash" href="#523">#</a>
						
              <code id="523">  ^</code><br />
						
            
            <a class="navhash" href="#524">#</a>
						<span class="error">
              <code id="524">../common/aiccu.h:119:2: error: unknown type name 'uint32_t'</code><br />
						</span>
            
            <a class="navhash" href="#525">#</a>
						
              <code id="525">  bool  running;  /* Still running? */</code><br />
						
            
            <a class="navhash" href="#526">#</a>
						
              <code id="526">  ^</code><br />
						
            
            <a class="navhash" href="#527">#</a>
						<span class="error">
              <code id="527">../common/tic.h:83:2: error: unknown type name 'uint32_t'</code><br />
						</span>
            
            <a class="navhash" href="#528">#</a>
						
              <code id="528">  uint32_t  nPrefixLength;  /* Length of the prefix */</code><br />
						
            
            <a class="navhash" href="#529">#</a>
						
              <code id="529">  ^</code><br />
						
            
            <a class="navhash" href="#530">#</a>
						<span class="error">
              <code id="530">../common/aiccu.h:120:2: error: unknown type name 'uint32_t'</code><br />
						</span>
            
            <a class="navhash" href="#531">#</a>
						
              <code id="531">  bool  tunrunning;  /* Is the tundev running? */</code><br />
						
            
            <a class="navhash" href="#532">#</a>
						
              <code id="532">  ^</code><br />
						
            
            <a class="navhash" href="#533">#</a>
						<span class="error">
              <code id="533">../common/tic.h:84:2: error: unknown type name 'uint32_t'</code><br />
						</span>
            
            <a class="navhash" href="#534">#</a>
						
              <code id="534">  uint32_t  __pad;</code><br />
						
            
            <a class="navhash" href="#535">#</a>
						
              <code id="535">  ^</code><br />
						
            
            <a class="navhash" href="#536">#</a>
						<span class="error">
              <code id="536">../common/aiccu.h:122:2: error: unknown type name 'uint32_t'</code><br />
						</span>
            
            <a class="navhash" href="#537">#</a>
						
              <code id="537">  bool  automatic;  /* Try to be totally automatic? */</code><br />
						
            
            <a class="navhash" href="#538">#</a>
						
              <code id="538">  ^</code><br />
						
            
            <a class="navhash" href="#539">#</a>
						<span class="error">
              <code id="539">../common/aiccu.h:123:2: error: unknown type name 'uint32_t'</code><br />
						</span>
            
            <a class="navhash" href="#540">#</a>
						
              <code id="540">  bool  behindnat;  /* Behind a NAT */</code><br />
						
            
            <a class="navhash" href="#541">#</a>
						
              <code id="541">  ^</code><br />
						
            
            <a class="navhash" href="#542">#</a>
						<span class="error">
              <code id="542">../common/aiccu.h:124:2: error: unknown type name 'uint32_t'</code><br />
						</span>
            
            <a class="navhash" href="#543">#</a>
						
              <code id="543">  bool  requiretls;  /* Require TLS for TIC? */</code><br />
						
            
            <a class="navhash" href="#544">#</a>
						
              <code id="544">  ^</code><br />
						
            
            <a class="navhash" href="#545">#</a>
						<span class="error">
              <code id="545">../common/aiccu.h:125:2: error: unknown type name 'uint32_t'</code><br />
						</span>
            
            <a class="navhash" href="#546">#</a>
						
              <code id="546">  bool  makebeats;  /* Make heartbeats? */</code><br />
						
            
            <a class="navhash" href="#547">#</a>
						
              <code id="547">  ^</code><br />
						
            
            <a class="navhash" href="#548">#</a>
						<span class="error">
              <code id="548">../common/aiccu.h:126:2: error: unknown type name 'uint32_t'</code><br />
						</span>
            
            <a class="navhash" href="#549">#</a>
						
              <code id="549">  bool  noconfigure;  /* No configuration (used to only send heartbeats) */</code><br />
						
            
            <a class="navhash" href="#550">#</a>
						
              <code id="550">  ^</code><br />
						
            
            <a class="navhash" href="#551">#</a>
						<span class="error">
              <code id="551">../common/aiccu.h:127:2: error: unknown type name 'uint32_t'</code><br />
						</span>
            
            <a class="navhash" href="#552">#</a>
						
              <code id="552">  bool  defaultroute;  /* Configure a default route */</code><br />
						
            
            <a class="navhash" href="#553">#</a>
						
              <code id="553">  ^</code><br />
						
            
            <a class="navhash" href="#554">#</a>
						
              <code id="554">In file included from ../common/tun.h:16:0,</code><br />
						
            
            <a class="navhash" href="#555">#</a>
						
              <code id="555">                 from ../common/tun.c:13:</code><br />
						
            
            <a class="navhash" href="#556">#</a>
						<span class="error">
              <code id="556">../common/common.h:300:14: error: unknown type name 'uint32_t'</code><br />
						</span>
            
            <a class="navhash" href="#557">#</a>
						
              <code id="557"> #define bool uint32_t</code><br />
						
            
            <a class="navhash" href="#558">#</a>
						
              <code id="558">              ^</code><br />
						
            
            <a class="navhash" href="#559">#</a>
						
              <code id="559">../common/tic.h:123:1: note: in expansion of macro 'bool'</code><br />
						
            
            <a class="navhash" href="#560">#</a>
						
              <code id="560"> bool tic_Login(struct TIC_conf *tic, const char *username, const char *password, const char *server);</code><br />
						
            
            <a class="navhash" href="#561">#</a>
						
              <code id="561"> ^</code><br />
						
            
            <a class="navhash" href="#562">#</a>
						
              <code id="562">In file included from ../common/aiccu.h:17:0,</code><br />
						
            
            <a class="navhash" href="#563">#</a>
						
              <code id="563">                 from main.c:13:</code><br />
						
            
            <a class="navhash" href="#564">#</a>
						<span class="error">
              <code id="564">../common/common.h:300:14: error: unknown type name 'uint32_t'</code><br />
						</span>
            
            <a class="navhash" href="#565">#</a>
						
              <code id="565"> #define bool uint32_t</code><br />
						
            
            <a class="navhash" href="#566">#</a>
						
              <code id="566">              ^</code><br />
						
            
            <a class="navhash" href="#567">#</a>
						
              <code id="567">../common/aiccu.h:134:1: note: in expansion of macro 'bool'</code><br />
						
            
            <a class="navhash" href="#568">#</a>
						
              <code id="568"> bool aiccu_InitConfig(void);</code><br />
						
            
            <a class="navhash" href="#569">#</a>
						
              <code id="569"> ^</code><br />
						
            
            <a class="navhash" href="#570">#</a>
						
              <code id="570">In file included from ../common/aiccu.h:18:0,</code><br />
						
            
            <a class="navhash" href="#571">#</a>
						
              <code id="571">                 from ../common/tun.c:14:</code><br />
						
            
            <a class="navhash" href="#572">#</a>
						<span class="error">
              <code id="572">../common/tic.h:127:19: error: unknown type name 'time_t'</code><br />
						</span>
            
            <a class="navhash" href="#573">#</a>
						
              <code id="573"> int tic_checktime(time_t epochtime);</code><br />
						
            
            <a class="navhash" href="#574">#</a>
						
              <code id="574">                   ^</code><br />
						
            
            <a class="navhash" href="#575">#</a>
						<span class="error">
              <code id="575">../common/common.h:300:14: error: unknown type name 'uint32_t'</code><br />
						</span>
            
            <a class="navhash" href="#576">#</a>
						
              <code id="576"> #define bool uint32_t</code><br />
						
            
            <a class="navhash" href="#577">#</a>
						
              <code id="577">              ^</code><br />
						
            
            <a class="navhash" href="#578">#</a>
						
              <code id="578">../common/aiccu.h:135:1: note: in expansion of macro 'bool'</code><br />
						
            
            <a class="navhash" href="#579">#</a>
						
              <code id="579"> bool aiccu_LoadConfig(const char *filename);</code><br />
						
            
            <a class="navhash" href="#580">#</a>
						
              <code id="580"> ^</code><br />
						
            
            <a class="navhash" href="#581">#</a>
						<span class="error">
              <code id="581">../common/common.h:300:14: error: unknown type name 'uint32_t'</code><br />
						</span>
            
            <a class="navhash" href="#582">#</a>
						
              <code id="582"> #define bool uint32_t</code><br />
						
            
            <a class="navhash" href="#583">#</a>
						
              <code id="583">              ^</code><br />
						
            
            <a class="navhash" href="#584">#</a>
						
              <code id="584">../common/aiccu.h:136:1: note: in expansion of macro 'bool'</code><br />
						
            
            <a class="navhash" href="#585">#</a>
						
              <code id="585"> bool aiccu_SaveConfig(const char *filename);</code><br />
						
            
            <a class="navhash" href="#586">#</a>
						
              <code id="586"> ^</code><br />
						
            
            <a class="navhash" href="#587">#</a>
						
              <code id="587">In file included from ../common/aiccu.h:19:0,</code><br />
						
            
            <a class="navhash" href="#588">#</a>
						
              <code id="588">                 from ../common/tun.c:14:</code><br />
						
            
            <a class="navhash" href="#589">#</a>
						<span class="error">
              <code id="589">../common/heartbeat.h:26:2: error: unknown type name 'uint32_t'</code><br />
						</span>
            
            <a class="navhash" href="#590">#</a>
						
              <code id="590">  uint32_t *address_changed,</code><br />
						
            
            <a class="navhash" href="#591">#</a>
						
              <code id="591">  ^</code><br />
						
            
            <a class="navhash" href="#592">#</a>
						<span class="error">
              <code id="592">../common/common.h:300:14: error: unknown type name 'uint32_t'</code><br />
						</span>
            
            <a class="navhash" href="#593">#</a>
						
              <code id="593"> #define bool uint32_t</code><br />
						
            
            <a class="navhash" href="#594">#</a>
						
              <code id="594">              ^</code><br />
						
            
            <a class="navhash" href="#595">#</a>
						
              <code id="595">../common/aiccu.h:140:1: note: in expansion of macro 'bool'</code><br />
						
            
            <a class="navhash" href="#596">#</a>
						
              <code id="596"> bool aiccu_setup(struct TIC_Tunnel *hTunnel, bool firstrun);</code><br />
						
            
            <a class="navhash" href="#597">#</a>
						
              <code id="597"> ^</code><br />
						
            
            <a class="navhash" href="#598">#</a>
						<span class="error">
              <code id="598">../common/common.h:300:14: error: unknown type name 'uint32_t'</code><br />
						</span>
            
            <a class="navhash" href="#599">#</a>
						
              <code id="599"> #define bool uint32_t</code><br />
						
            
            <a class="navhash" href="#600">#</a>
						
              <code id="600">              ^</code><br />
						
            
            <a class="navhash" href="#601">#</a>
						
              <code id="601">../common/aiccu.h:140:46: note: in expansion of macro 'bool'</code><br />
						
            
            <a class="navhash" href="#602">#</a>
						
              <code id="602"> bool aiccu_setup(struct TIC_Tunnel *hTunnel, bool firstrun);</code><br />
						
            
            <a class="navhash" href="#603">#</a>
						
              <code id="603">                                              ^</code><br />
						
            
            <a class="navhash" href="#604">#</a>
						
              <code id="604">In file included from ../common/tun.h:16:0,</code><br />
						
            
            <a class="navhash" href="#605">#</a>
						
              <code id="605">                 from ../common/tun.c:13:</code><br />
						
            
            <a class="navhash" href="#606">#</a>
						<span class="error">
              <code id="606">../common/common.h:300:14: error: unknown type name 'uint32_t'</code><br />
						</span>
            
            <a class="navhash" href="#607">#</a>
						
              <code id="607"> #define bool uint32_t</code><br />
						
            
            <a class="navhash" href="#608">#</a>
						
              <code id="608">              ^</code><br />
						
            
            <a class="navhash" href="#609">#</a>
						
              <code id="609">../common/heartbeat.h:33:88: note: in expansion of macro 'bool'</code><br />
						
            
            <a class="navhash" href="#610">#</a>
						
              <code id="610"> int heartbeat_send(SOCKET sockfd, char *sIPv4Local, char *sIPv6Local, char *sPassword, bool bBehindNAT);</code><br />
						
            
            <a class="navhash" href="#611">#</a>
						
              <code id="611">                                                                                        ^</code><br />
						
            
            <a class="navhash" href="#612">#</a>
						<span class="error">
              <code id="612">../common/common.h:300:14: error: unknown type name 'uint32_t'</code><br />
						</span>
            
            <a class="navhash" href="#613">#</a>
						
              <code id="613"> #define bool uint32_t</code><br />
						
            
            <a class="navhash" href="#614">#</a>
						
              <code id="614">              ^</code><br />
						
            
            <a class="navhash" href="#615">#</a>
						
              <code id="615">../common/aiccu.h:144:45: note: in expansion of macro 'bool'</code><br />
						
            
            <a class="navhash" href="#616">#</a>
						
              <code id="616"> void aiccu_test(struct TIC_Tunnel *hTunnel, bool automatic);</code><br />
						
            
            <a class="navhash" href="#617">#</a>
						
              <code id="617">                                             ^</code><br />
						
            
            <a class="navhash" href="#618">#</a>
						<span class="error">
              <code id="618">../common/common.h:300:14: error: unknown type name 'uint32_t'</code><br />
						</span>
            
            <a class="navhash" href="#619">#</a>
						
              <code id="619"> #define bool uint32_t</code><br />
						
            
            <a class="navhash" href="#620">#</a>
						
              <code id="620">              ^</code><br />
						
            
            <a class="navhash" href="#621">#</a>
						
              <code id="621">../common/aiccu.h:145:1: note: in expansion of macro 'bool'</code><br />
						
            
            <a class="navhash" href="#622">#</a>
						
              <code id="622"> bool aiccu_exec(const char *fmt, ...);</code><br />
						
            
            <a class="navhash" href="#623">#</a>
						
              <code id="623"> ^</code><br />
						
            
            <a class="navhash" href="#624">#</a>
						
              <code id="624">In file included from ../common/aiccu.h:20:0,</code><br />
						
            
            <a class="navhash" href="#625">#</a>
						
              <code id="625">                 from ../common/tun.c:14:</code><br />
						
            
            <a class="navhash" href="#626">#</a>
						<span class="error">
              <code id="626">../common/ayiya.h:66:2: error: unknown type name 'uint32_t'</code><br />
						</span>
            
            <a class="navhash" href="#627">#</a>
						
              <code id="627">  uint32_t ayh_idlen:  4;  /* Identity Length */</code><br />
						
            
            <a class="navhash" href="#628">#</a>
						
              <code id="628">  ^</code><br />
						
            
            <a class="navhash" href="#629">#</a>
						<span class="error">
              <code id="629">../common/ayiya.h:67:2: error: unknown type name 'uint32_t'</code><br />
						</span>
            
            <a class="navhash" href="#630">#</a>
						
              <code id="630">  uint32_t ayh_idtype: 4;  /* Identity Type */</code><br />
						
            
            <a class="navhash" href="#631">#</a>
						
              <code id="631">  ^</code><br />
						
            
            <a class="navhash" href="#632">#</a>
						<span class="error">
              <code id="632">../common/common.h:300:14: error: unknown type name 'uint32_t'</code><br />
						</span>
            
            <a class="navhash" href="#633">#</a>
						
              <code id="633"> #define bool uint32_t</code><br />
						
            
            <a class="navhash" href="#634">#</a>
						
              <code id="634">              ^</code><br />
						
            
            <a class="navhash" href="#635">#</a>
						
              <code id="635">../common/aiccu.h:149:1: note: in expansion of macro 'bool'</code><br />
						
            
            <a class="navhash" href="#636">#</a>
						
              <code id="636"> bool aiccu_os_install(void);</code><br />
						
            
            <a class="navhash" href="#637">#</a>
						
              <code id="637"> ^</code><br />
						
            
            <a class="navhash" href="#638">#</a>
						<span class="error">
              <code id="638">../common/ayiya.h:68:2: error: unknown type name 'uint32_t'</code><br />
						</span>
            
            <a class="navhash" href="#639">#</a>
						
              <code id="639">  uint32_t ayh_siglen: 4;  /* Signature Length */</code><br />
						
            
            <a class="navhash" href="#640">#</a>
						
              <code id="640">  ^</code><br />
						
            
            <a class="navhash" href="#641">#</a>
						<span class="error">
              <code id="641">../common/ayiya.h:69:2: error: unknown type name 'uint32_t'</code><br />
						</span>
            
            <a class="navhash" href="#642">#</a>
						
              <code id="642">  uint32_t ayh_hshmeth:4;  /* Hashing Method */</code><br />
						
            
            <a class="navhash" href="#643">#</a>
						
              <code id="643">  ^</code><br />
						
            
            <a class="navhash" href="#644">#</a>
						<span class="error">
              <code id="644">../common/common.h:300:14: error: unknown type name 'uint32_t'</code><br />
						</span>
            
            <a class="navhash" href="#645">#</a>
						
              <code id="645"> #define bool uint32_t</code><br />
						
            
            <a class="navhash" href="#646">#</a>
						
              <code id="646">              ^</code><br />
						
            
            <a class="navhash" href="#647">#</a>
						
              <code id="647">../common/aiccu.h:150:1: note: in expansion of macro 'bool'</code><br />
						
            
            <a class="navhash" href="#648">#</a>
						
              <code id="648"> bool aiccu_os_setup(struct TIC_Tunnel *hTunnel);</code><br />
						
            
            <a class="navhash" href="#649">#</a>
						
              <code id="649"> ^</code><br />
						
            
            <a class="navhash" href="#650">#</a>
						<span class="error">
              <code id="650">../common/ayiya.h:70:2: error: unknown type name 'uint32_t'</code><br />
						</span>
            
            <a class="navhash" href="#651">#</a>
						
              <code id="651">  uint32_t ayh_autmeth:4;  /* Authentication Method */</code><br />
						
            
            <a class="navhash" href="#652">#</a>
						
              <code id="652">  ^</code><br />
						
            
            <a class="navhash" href="#653">#</a>
						<span class="error">
              <code id="653">../common/ayiya.h:71:2: error: unknown type name 'uint32_t'</code><br />
						</span>
            
            <a class="navhash" href="#654">#</a>
						
              <code id="654">  uint32_t ayh_opcode: 4;  /* Operation Code */</code><br />
						
            
            <a class="navhash" href="#655">#</a>
						
              <code id="655">  ^</code><br />
						
            
            <a class="navhash" href="#656">#</a>
						<span class="error">
              <code id="656">../common/ayiya.h:72:2: error: unknown type name 'uint32_t'</code><br />
						</span>
            
            <a class="navhash" href="#657">#</a>
						
              <code id="657">  uint32_t ayh_nextheader:8; /* Next Header (PROTO_*) */</code><br />
						
            
            <a class="navhash" href="#658">#</a>
						
              <code id="658">  ^</code><br />
						
            
            <a class="navhash" href="#659">#</a>
						<span class="error">
              <code id="659">../common/common.h:300:14: error: unknown type name 'uint32_t'</code><br />
						</span>
            
            <a class="navhash" href="#660">#</a>
						
              <code id="660"> #define bool uint32_t</code><br />
						
            
            <a class="navhash" href="#661">#</a>
						
              <code id="661">              ^</code><br />
						
            
            <a class="navhash" href="#662">#</a>
						
              <code id="662">../common/aiccu.h:153:48: note: in expansion of macro 'bool'</code><br />
						
            
            <a class="navhash" href="#663">#</a>
						
              <code id="663"> void aiccu_os_test(struct TIC_Tunnel *hTunnel, bool automatic);</code><br />
						
            
            <a class="navhash" href="#664">#</a>
						
              <code id="664">                                                ^</code><br />
						
            
            <a class="navhash" href="#665">#</a>
						<span class="error">
              <code id="665">../common/ayiya.h:84:2: error: unknown type name 'uint32_t'</code><br />
						</span>
            
            <a class="navhash" href="#666">#</a>
						
              <code id="666">  uint32_t ayh_epochtime;  /* Time in seconds since "00:00:00 1970-01-01 UTC" */</code><br />
						
            
            <a class="navhash" href="#667">#</a>
						
              <code id="667">  ^</code><br />
						
            
            <a class="navhash" href="#668">#</a>
						<span class="error">
              <code id="668">../common/common.h:300:14: error: unknown type name 'uint32_t'</code><br />
						</span>
            
            <a class="navhash" href="#669">#</a>
						
              <code id="669"> #define bool uint32_t</code><br />
						
            
            <a class="navhash" href="#670">#</a>
						
              <code id="670">              ^</code><br />
						
            
            <a class="navhash" href="#671">#</a>
						
              <code id="671">../common/tun.h:42:1: note: in expansion of macro 'bool'</code><br />
						
            
            <a class="navhash" href="#672">#</a>
						
              <code id="672"> bool tun_start(struct tun_reader *tun);</code><br />
						
            
            <a class="navhash" href="#673">#</a>
						
              <code id="673"> ^</code><br />
						
            
            <a class="navhash" href="#674">#</a>
						
              <code id="674">In file included from ../common/tun.h:16:0,</code><br />
						
            
            <a class="navhash" href="#675">#</a>
						
              <code id="675">                 from ../common/tun.c:13:</code><br />
						
            
            <a class="navhash" href="#676">#</a>
						<span class="error">
              <code id="676">../common/common.h:300:14: error: unknown type name 'uint32_t'</code><br />
						</span>
            
            <a class="navhash" href="#677">#</a>
						
              <code id="677"> #define bool uint32_t</code><br />
						
            
            <a class="navhash" href="#678">#</a>
						
              <code id="678">              ^</code><br />
						
            
            <a class="navhash" href="#679">#</a>
						
              <code id="679">../common/ayiya.h:88:1: note: in expansion of macro 'bool'</code><br />
						
            
            <a class="navhash" href="#680">#</a>
						
              <code id="680"> bool ayiya(struct TIC_Tunnel *hTunnel);</code><br />
						
            
            <a class="navhash" href="#681">#</a>
						
              <code id="681"> ^</code><br />
						
            
            <a class="navhash" href="#682">#</a>
						
              <code id="682">main.c: In function 'sigusr1':</code><br />
						
            
            <a class="navhash" href="#683">#</a>
						
              <code id="683">main.c:25:2: warning: implicit declaration of function 'signal' [-Wimplicit-function-declaration]</code><br />
						
            
            <a class="navhash" href="#684">#</a>
						
              <code id="684">  signal(i, &sigusr1);</code><br />
						
            
            <a class="navhash" href="#685">#</a>
						
              <code id="685">  ^</code><br />
						
            
            <a class="navhash" href="#686">#</a>
						
              <code id="686">main.c:25:2: warning: nested extern declaration of 'signal' [-Wnested-externs]</code><br />
						
            
            <a class="navhash" href="#687">#</a>
						
              <code id="687">main.c: In function 'sigterm':</code><br />
						
            
            <a class="navhash" href="#688">#</a>
						
              <code id="688">main.c:32:12: error: 'SIG_IGN' undeclared (first use in this function)</code><br />
						
            
            <a class="navhash" href="#689">#</a>
						
              <code id="689">  signal(i, SIG_IGN);</code><br />
						
            
            <a class="navhash" href="#690">#</a>
						
              <code id="690">            ^</code><br />
						
            
            <a class="navhash" href="#691">#</a>
						
              <code id="691">main.c:32:12: note: each undeclared identifier is reported only once for each function it appears in</code><br />
						
            
            <a class="navhash" href="#692">#</a>
						
              <code id="692">main.c: In function 'sigrunning':</code><br />
						
            
            <a class="navhash" href="#693">#</a>
						
              <code id="693">In file included from ../common/tun.c:14:0:</code><br />
						
            
            <a class="navhash" href="#694">#</a>
						<span class="error">
              <code id="694">../common/aiccu.h:114:2: error: unknown type name 'gnutls_certificate_credentials'</code><br />
						</span>
            
            <a class="navhash" href="#695">#</a>
						
              <code id="695">  gnutls_certificate_credentials tls_cred; /* GNUTLS credentials */</code><br />
						
            
            <a class="navhash" href="#696">#</a>
						
              <code id="696">  ^</code><br />
						
            
            <a class="navhash" href="#697">#</a>
						<span class="error">
              <code id="697">main.c:39:2: error: unknown type name 'FILE'</code><br />
						</span>
            
            <a class="navhash" href="#698">#</a>
						
              <code id="698">  FILE *f;</code><br />
						
            
            <a class="navhash" href="#699">#</a>
						
              <code id="699">  ^</code><br />
						
            
            <a class="navhash" href="#700">#</a>
						<span class="error">
              <code id="700">../common/aiccu.h:117:2: error: unknown type name 'uint32_t'</code><br />
						</span>
            
            <a class="navhash" href="#701">#</a>
						
              <code id="701">  bool  daemonize;  /* Daemonize? */</code><br />
						
            
            <a class="navhash" href="#702">#</a>
						
              <code id="702">  ^</code><br />
						
            
            <a class="navhash" href="#703">#</a>
						
              <code id="703">main.c:44:2: warning: implicit declaration of function 'fopen' [-Wimplicit-function-declaration]</code><br />
						
            
            <a class="navhash" href="#704">#</a>
						
              <code id="704">  f = fopen(g_aiccu->pidfile, "r");</code><br />
						
            
            <a class="navhash" href="#705">#</a>
						
              <code id="705">  ^</code><br />
						
            
            <a class="navhash" href="#706">#</a>
						
              <code id="706">main.c:44:2: warning: nested extern declaration of 'fopen' [-Wnested-externs]</code><br />
						
            
            <a class="navhash" href="#707">#</a>
						<span class="error">
              <code id="707">../common/aiccu.h:118:2: error: unknown type name 'uint32_t'</code><br />
						</span>
            
            <a class="navhash" href="#708">#</a>
						
              <code id="708">  bool  verbose;  /* Verbosity */</code><br />
						
            
            <a class="navhash" href="#709">#</a>
						
              <code id="709">  ^</code><br />
						
            
            <a class="navhash" href="#710">#</a>
						<span class="error">
              <code id="710">../common/aiccu.h:119:2: error: unknown type name 'uint32_t'</code><br />
						</span>
            
            <a class="navhash" href="#711">#</a>
						
              <code id="711">  bool  running;  /* Still running? */</code><br />
						
            
            <a class="navhash" href="#712">#</a>
						
              <code id="712">  ^</code><br />
						
            
            <a class="navhash" href="#713">#</a>
						
              <code id="713">main.c:44:4: warning: assignment makes pointer from integer without a cast [enabled by default]</code><br />
						
            
            <a class="navhash" href="#714">#</a>
						
              <code id="714">  f = fopen(g_aiccu->pidfile, "r");</code><br />
						
            
            <a class="navhash" href="#715">#</a>
						
              <code id="715">    ^</code><br />
						
            
            <a class="navhash" href="#716">#</a>
						<span class="error">
              <code id="716">../common/aiccu.h:120:2: error: unknown type name 'uint32_t'</code><br />
						</span>
            
            <a class="navhash" href="#717">#</a>
						
              <code id="717">  bool  tunrunning;  /* Is the tundev running? */</code><br />
						
            
            <a class="navhash" href="#718">#</a>
						
              <code id="718">  ^</code><br />
						
            
            <a class="navhash" href="#719">#</a>
						
              <code id="719">main.c:48:2: warning: implicit declaration of function 'fscanf' [-Wimplicit-function-declaration]</code><br />
						
            
            <a class="navhash" href="#720">#</a>
						
              <code id="720">  if (fscanf(f, "%d", &pid) != 1) pid = -1;</code><br />
						
            
            <a class="navhash" href="#721">#</a>
						
              <code id="721">  ^</code><br />
						
            
            <a class="navhash" href="#722">#</a>
						<span class="error">
              <code id="722">../common/aiccu.h:122:2: error: unknown type name 'uint32_t'</code><br />
						</span>
            
            <a class="navhash" href="#723">#</a>
						
              <code id="723">  bool  automatic;  /* Try to be totally automatic? */</code><br />
						
            
            <a class="navhash" href="#724">#</a>
						
              <code id="724">  ^</code><br />
						
            
            <a class="navhash" href="#725">#</a>
						
              <code id="725">main.c:48:6: warning: incompatible implicit declaration of built-in function 'fscanf' [enabled by default]</code><br />
						
            
            <a class="navhash" href="#726">#</a>
						
              <code id="726">  if (fscanf(f, "%d", &pid) != 1) pid = -1;</code><br />
						
            
            <a class="navhash" href="#727">#</a>
						
              <code id="727">      ^</code><br />
						
            
            <a class="navhash" href="#728">#</a>
						<span class="error">
              <code id="728">../common/aiccu.h:123:2: error: unknown type name 'uint32_t'</code><br />
						</span>
            
            <a class="navhash" href="#729">#</a>
						
              <code id="729">  bool  behindnat;  /* Behind a NAT */</code><br />
						
            
            <a class="navhash" href="#730">#</a>
						
              <code id="730">  ^</code><br />
						
            
            <a class="navhash" href="#731">#</a>
						<span class="error">
              <code id="731">../common/aiccu.h:124:2: error: unknown type name 'uint32_t'</code><br />
						</span>
            
            <a class="navhash" href="#732">#</a>
						
              <code id="732">  bool  requiretls;  /* Require TLS for TIC? */</code><br />
						
            
            <a class="navhash" href="#733">#</a>
						
              <code id="733">  ^</code><br />
						
            
            <a class="navhash" href="#734">#</a>
						
              <code id="734">main.c:51:2: warning: implicit declaration of function 'fclose' [-Wimplicit-function-declaration]</code><br />
						
            
            <a class="navhash" href="#735">#</a>
						
              <code id="735">  fclose(f);</code><br />
						
            
            <a class="navhash" href="#736">#</a>
						
              <code id="736">  ^</code><br />
						
            
            <a class="navhash" href="#737">#</a>
						<span class="error">
              <code id="737">../common/aiccu.h:125:2: error: unknown type name 'uint32_t'</code><br />
						</span>
            
            <a class="navhash" href="#738">#</a>
						
              <code id="738">  bool  makebeats;  /* Make heartbeats? */</code><br />
						
            
            <a class="navhash" href="#739">#</a>
						
              <code id="739">  ^</code><br />
						
            
            <a class="navhash" href="#740">#</a>
						
              <code id="740">main.c:51:2: warning: nested extern declaration of 'fclose' [-Wnested-externs]</code><br />
						
            
            <a class="navhash" href="#741">#</a>
						<span class="error">
              <code id="741">../common/aiccu.h:126:2: error: unknown type name 'uint32_t'</code><br />
						</span>
            
            <a class="navhash" href="#742">#</a>
						
              <code id="742">  bool  noconfigure;  /* No configuration (used to only send heartbeats) */</code><br />
						
            
            <a class="navhash" href="#743">#</a>
						
              <code id="743">  ^</code><br />
						
            
            <a class="navhash" href="#744">#</a>
						
              <code id="744">main.c:54:2: warning: implicit declaration of function 'kill' [-Wimplicit-function-declaration]</code><br />
						
            
            <a class="navhash" href="#745">#</a>
						
              <code id="745">  return (pid > 0 && kill(pid, sig) == 0 ? 1 : 0);</code><br />
						
            
            <a class="navhash" href="#746">#</a>
						
              <code id="746">  ^</code><br />
						
            
            <a class="navhash" href="#747">#</a>
						
              <code id="747">main.c:54:2: warning: nested extern declaration of 'kill' [-Wnested-externs]</code><br />
						
            
            <a class="navhash" href="#748">#</a>
						<span class="error">
              <code id="748">../common/aiccu.h:127:2: error: unknown type name 'uint32_t'</code><br />
						</span>
            
            <a class="navhash" href="#749">#</a>
						
              <code id="749">  bool  defaultroute;  /* Configure a default route */</code><br />
						
            
            <a class="navhash" href="#750">#</a>
						
              <code id="750">  ^</code><br />
						
            
            <a class="navhash" href="#751">#</a>
						
              <code id="751">In file included from ../common/tun.h:16:0,</code><br />
						
            
            <a class="navhash" href="#752">#</a>
						
              <code id="752">                 from ../common/tun.c:13:</code><br />
						
            
            <a class="navhash" href="#753">#</a>
						<span class="error">
              <code id="753">../common/common.h:300:14: error: unknown type name 'uint32_t'</code><br />
						</span>
            
            <a class="navhash" href="#754">#</a>
						
              <code id="754"> #define bool uint32_t</code><br />
						
            
            <a class="navhash" href="#755">#</a>
						
              <code id="755">              ^</code><br />
						
            
            <a class="navhash" href="#756">#</a>
						
              <code id="756">../common/aiccu.h:134:1: note: in expansion of macro 'bool'</code><br />
						
            
            <a class="navhash" href="#757">#</a>
						
              <code id="757"> bool aiccu_InitConfig(void);</code><br />
						
            
            <a class="navhash" href="#758">#</a>
						
              <code id="758"> ^</code><br />
						
            
            <a class="navhash" href="#759">#</a>
						
              <code id="759">main.c: In function 'list_tunnels':</code><br />
						
            
            <a class="navhash" href="#760">#</a>
						
              <code id="760">main.c:92:3: warning: implicit declaration of function 'printf' [-Wimplicit-function-declaration]</code><br />
						
            
            <a class="navhash" href="#761">#</a>
						
              <code id="761">   printf("%s %s %s %s\n", t->sId, t->sIPv6, t->sIPv4, t->sPOPId);</code><br />
						
            
            <a class="navhash" href="#762">#</a>
						
              <code id="762">   ^</code><br />
						
            
            <a class="navhash" href="#763">#</a>
						
              <code id="763">main.c:92:3: warning: incompatible implicit declaration of built-in function 'printf' [enabled by default]</code><br />
						
            
            <a class="navhash" href="#764">#</a>
						<span class="error">
              <code id="764">../common/common.h:300:14: error: unknown type name 'uint32_t'</code><br />
						</span>
            
            <a class="navhash" href="#765">#</a>
						
              <code id="765"> #define bool uint32_t</code><br />
						
            
            <a class="navhash" href="#766">#</a>
						
              <code id="766">              ^</code><br />
						
            
            <a class="navhash" href="#767">#</a>
						
              <code id="767">../common/aiccu.h:135:1: note: in expansion of macro 'bool'</code><br />
						
            
            <a class="navhash" href="#768">#</a>
						
              <code id="768"> bool aiccu_LoadConfig(const char *filename);</code><br />
						
            
            <a class="navhash" href="#769">#</a>
						
              <code id="769"> ^</code><br />
						
            
            <a class="navhash" href="#770">#</a>
						
              <code id="770">main.c: At top level:</code><br />
						
            
            <a class="navhash" href="#771">#</a>
						<span class="error">
              <code id="771">../common/common.h:300:14: error: unknown type name 'uint32_t'</code><br />
						</span>
            
            <a class="navhash" href="#772">#</a>
						
              <code id="772"> #define bool uint32_t</code><br />
						
            
            <a class="navhash" href="#773">#</a>
						
              <code id="773">              ^</code><br />
						
            
            <a class="navhash" href="#774">#</a>
						
              <code id="774">../common/aiccu.h:136:1: note: in expansion of macro 'bool'</code><br />
						
            
            <a class="navhash" href="#775">#</a>
						
              <code id="775"> bool aiccu_SaveConfig(const char *filename);</code><br />
						
            
            <a class="navhash" href="#776">#</a>
						
              <code id="776"> ^</code><br />
						
            
            <a class="navhash" href="#777">#</a>
						<span class="error">
              <code id="777">main.c:103:1: error: unknown type name 'uint32_t'</code><br />
						</span>
            
            <a class="navhash" href="#778">#</a>
						
              <code id="778"> static bool foundsixxs = false;</code><br />
						
            
            <a class="navhash" href="#779">#</a>
						
              <code id="779"> ^</code><br />
						
            
            <a class="navhash" href="#780">#</a>
						
              <code id="780">main.c: In function 'gotrr':</code><br />
						
            
            <a class="navhash" href="#781">#</a>
						
              <code id="781">main.c:109:14: error: 'T_TXT' undeclared (first use in this function)</code><br />
						
            
            <a class="navhash" href="#782">#</a>
						
              <code id="782">  if (type != T_TXT || record[0] == '#') return;</code><br />
						
            
            <a class="navhash" href="#783">#</a>
						
              <code id="783">              ^</code><br />
						
            
            <a class="navhash" href="#784">#</a>
						<span class="error">
              <code id="784">../common/common.h:300:14: error: unknown type name 'uint32_t'</code><br />
						</span>
            
            <a class="navhash" href="#785">#</a>
						
              <code id="785"> #define bool uint32_t</code><br />
						
            
            <a class="navhash" href="#786">#</a>
						
              <code id="786">              ^</code><br />
						
            
            <a class="navhash" href="#787">#</a>
						
              <code id="787">../common/aiccu.h:140:1: note: in expansion of macro 'bool'</code><br />
						
            
            <a class="navhash" href="#788">#</a>
						
              <code id="788"> bool aiccu_setup(struct TIC_Tunnel *hTunnel, bool firstrun);</code><br />
						
            
            <a class="navhash" href="#789">#</a>
						
              <code id="789"> ^</code><br />
						
            
            <a class="navhash" href="#790">#</a>
						
              <code id="790">main.c:111:42: warning: incompatible implicit declaration of built-in function 'printf' [enabled by default]</code><br />
						
            
            <a class="navhash" href="#791">#</a>
						
              <code id="791">  if (num != prevnum && prevnum != 54321) printf("\n");</code><br />
						
            
            <a class="navhash" href="#792">#</a>
						
              <code id="792">                                          ^</code><br />
						
            
            <a class="navhash" href="#793">#</a>
						<span class="error">
              <code id="793">../common/common.h:300:14: error: unknown type name 'uint32_t'</code><br />
						</span>
            
            <a class="navhash" href="#794">#</a>
						
              <code id="794"> #define bool uint32_t</code><br />
						
            
            <a class="navhash" href="#795">#</a>
						
              <code id="795">              ^</code><br />
						
            
            <a class="navhash" href="#796">#</a>
						
              <code id="796">../common/aiccu.h:140:46: note: in expansion of macro 'bool'</code><br />
						
            
            <a class="navhash" href="#797">#</a>
						
              <code id="797"> bool aiccu_setup(struct TIC_Tunnel *hTunnel, bool firstrun);</code><br />
						
            
            <a class="navhash" href="#798">#</a>
						
              <code id="798">                                              ^</code><br />
						
            
            <a class="navhash" href="#799">#</a>
						
              <code id="799">main.c:120:2: warning: implicit declaration of function 'strcmp' [-Wimplicit-function-declaration]</code><br />
						
            
            <a class="navhash" href="#800">#</a>
						
              <code id="800">  if (strcmp(record, "SixXS") == 0) foundsixxs = true;</code><br />
						
            
            <a class="navhash" href="#801">#</a>
						
              <code id="801">  ^</code><br />
						
            
            <a class="navhash" href="#802">#</a>
						<span class="error">
              <code id="802">../common/common.h:300:14: error: unknown type name 'uint32_t'</code><br />
						</span>
            
            <a class="navhash" href="#803">#</a>
						
              <code id="803"> #define bool uint32_t</code><br />
						
            
            <a class="navhash" href="#804">#</a>
						
              <code id="804">              ^</code><br />
						
            
            <a class="navhash" href="#805">#</a>
						
              <code id="805">../common/aiccu.h:144:45: note: in expansion of macro 'bool'</code><br />
						
            
            <a class="navhash" href="#806">#</a>
						
              <code id="806"> void aiccu_test(struct TIC_Tunnel *hTunnel, bool automatic);</code><br />
						
            
            <a class="navhash" href="#807">#</a>
						
              <code id="807">                                             ^</code><br />
						
            
            <a class="navhash" href="#808">#</a>
						
              <code id="808">main.c: In function 'list_brokers':</code><br />
						
            
            <a class="navhash" href="#809">#</a>
						
              <code id="809">main.c:129:19: error: 'T_TXT' undeclared (first use in this function)</code><br />
						
            
            <a class="navhash" href="#810">#</a>
						
              <code id="810">  getrrs("_aiccu", T_TXT, gotrr);</code><br />
						
            
            <a class="navhash" href="#811">#</a>
						
              <code id="811">                   ^</code><br />
						
            
            <a class="navhash" href="#812">#</a>
						<span class="error">
              <code id="812">../common/common.h:300:14: error: unknown type name 'uint32_t'</code><br />
						</span>
            
            <a class="navhash" href="#813">#</a>
						
              <code id="813"> #define bool uint32_t</code><br />
						
            
            <a class="navhash" href="#814">#</a>
						
              <code id="814">              ^</code><br />
						
            
            <a class="navhash" href="#815">#</a>
						
              <code id="815">../common/aiccu.h:145:1: note: in expansion of macro 'bool'</code><br />
						
            
            <a class="navhash" href="#816">#</a>
						
              <code id="816"> bool aiccu_exec(const char *fmt, ...);</code><br />
						
            
            <a class="navhash" href="#817">#</a>
						
              <code id="817"> ^</code><br />
						
            
            <a class="navhash" href="#818">#</a>
						
              <code id="818">main.c:132:2: warning: incompatible implicit declaration of built-in function 'printf' [enabled by default]</code><br />
						
            
            <a class="navhash" href="#819">#</a>
						
              <code id="819">  printf("\n");</code><br />
						
            
            <a class="navhash" href="#820">#</a>
						
              <code id="820">  ^</code><br />
						
            
            <a class="navhash" href="#821">#</a>
						
              <code id="821">main.c:139:3: warning: implicit declaration of function 'fprintf' [-Wimplicit-function-declaration]</code><br />
						
            
            <a class="navhash" href="#822">#</a>
						
              <code id="822">   fprintf(stderr, "Warning: Couldn't find global Tunnel Brokers List, please check your DNS settings and read the FAQ.\n");</code><br />
						
            
            <a class="navhash" href="#823">#</a>
						
              <code id="823">   ^</code><br />
						
            
            <a class="navhash" href="#824">#</a>
						<span class="error">
              <code id="824">../common/common.h:300:14: error: unknown type name 'uint32_t'</code><br />
						</span>
            
            <a class="navhash" href="#825">#</a>
						
              <code id="825"> #define bool uint32_t</code><br />
						
            
            <a class="navhash" href="#826">#</a>
						
              <code id="826">              ^</code><br />
						
            
            <a class="navhash" href="#827">#</a>
						
              <code id="827">../common/aiccu.h:149:1: note: in expansion of macro 'bool'</code><br />
						
            
            <a class="navhash" href="#828">#</a>
						
              <code id="828"> bool aiccu_os_install(void);</code><br />
						
            
            <a class="navhash" href="#829">#</a>
						
              <code id="829"> ^</code><br />
						
            
            <a class="navhash" href="#830">#</a>
						
              <code id="830">main.c:139:3: warning: incompatible implicit declaration of built-in function 'fprintf' [enabled by default]</code><br />
						
            
            <a class="navhash" href="#831">#</a>
						
              <code id="831">main.c:139:11: error: 'stderr' undeclared (first use in this function)</code><br />
						
            
            <a class="navhash" href="#832">#</a>
						
              <code id="832">   fprintf(stderr, "Warning: Couldn't find global Tunnel Brokers List, please check your DNS settings and read the FAQ.\n");</code><br />
						
            
            <a class="navhash" href="#833">#</a>
						
              <code id="833">           ^</code><br />
						
            
            <a class="navhash" href="#834">#</a>
						<span class="error">
              <code id="834">../common/common.h:300:14: error: unknown type name 'uint32_t'</code><br />
						</span>
            
            <a class="navhash" href="#835">#</a>
						
              <code id="835"> #define bool uint32_t</code><br />
						
            
            <a class="navhash" href="#836">#</a>
						
              <code id="836">              ^</code><br />
						
            
            <a class="navhash" href="#837">#</a>
						
              <code id="837">../common/aiccu.h:150:1: note: in expansion of macro 'bool'</code><br />
						
            
            <a class="navhash" href="#838">#</a>
						
              <code id="838"> bool aiccu_os_setup(struct TIC_Tunnel *hTunnel);</code><br />
						
            
            <a class="navhash" href="#839">#</a>
						
              <code id="839"> ^</code><br />
						
            
            <a class="navhash" href="#840">#</a>
						
              <code id="840">main.c: In function 'get_tunnel':</code><br />
						
            
            <a class="navhash" href="#841">#</a>
						
              <code id="841">main.c:158:94: error: 'NULL' undeclared (first use in this function)</code><br />
						
            
            <a class="navhash" href="#842">#</a>
						
              <code id="842">  if (!tic_Login(g_aiccu->tic, g_aiccu->username, g_aiccu->password, g_aiccu->server)) return NULL;</code><br />
						
            
            <a class="navhash" href="#843">#</a>
						
              <code id="843">                                                                                              ^</code><br />
						
            
            <a class="navhash" href="#844">#</a>
						<span class="error">
              <code id="844">../common/common.h:300:14: error: unknown type name 'uint32_t'</code><br />
						</span>
            
            <a class="navhash" href="#845">#</a>
						
              <code id="845"> #define bool uint32_t</code><br />
						
            
            <a class="navhash" href="#846">#</a>
						
              <code id="846">              ^</code><br />
						
            
            <a class="navhash" href="#847">#</a>
						
              <code id="847">../common/aiccu.h:153:48: note: in expansion of macro 'bool'</code><br />
						
            
            <a class="navhash" href="#848">#</a>
						
              <code id="848"> void aiccu_os_test(struct TIC_Tunnel *hTunnel, bool automatic);</code><br />
						
            
            <a class="navhash" href="#849">#</a>
						
              <code id="849">                                                ^</code><br />
						
            
            <a class="navhash" href="#850">#</a>
						
              <code id="850">main.c:169:10: error: 'LOG_ERR' undeclared (first use in this function)</code><br />
						
            
            <a class="navhash" href="#851">#</a>
						
              <code id="851">    dolog(LOG_ERR, "No tunnel available, request one first\n");</code><br />
						
            
            <a class="navhash" href="#852">#</a>
						
              <code id="852">          ^</code><br />
						
            
            <a class="navhash" href="#853">#</a>
						
              <code id="853">../common/tun.c: In function 'tun_log':</code><br />
						
            
            <a class="navhash" href="#854">#</a>
						
              <code id="854">main.c:186:3: warning: implicit declaration of function 'strdup' [-Wimplicit-function-declaration]</code><br />
						
            
            <a class="navhash" href="#855">#</a>
						
              <code id="855">   g_aiccu->tunnel_id = strdup(hsTunnel->sId);</code><br />
						
            
            <a class="navhash" href="#856">#</a>
						
              <code id="856">   ^</code><br />
						
            
            <a class="navhash" href="#857">#</a>
						<span class="error">
              <code id="857">../common/tun.c:55:2: error: unknown type name 'va_list'</code><br />
						</span>
            
            <a class="navhash" href="#858">#</a>
						
              <code id="858">  va_list ap;</code><br />
						
            
            <a class="navhash" href="#859">#</a>
						
              <code id="859">  ^</code><br />
						
            
            <a class="navhash" href="#860">#</a>
						
              <code id="860">main.c:186:24: warning: incompatible implicit declaration of built-in function 'strdup' [enabled by default]</code><br />
						
            
            <a class="navhash" href="#861">#</a>
						
              <code id="861">   g_aiccu->tunnel_id = strdup(hsTunnel->sId);</code><br />
						
            
            <a class="navhash" href="#862">#</a>
						
              <code id="862">                        ^</code><br />
						
            
            <a class="navhash" href="#863">#</a>
						
              <code id="863">../common/tun.c:58:9: warning: implicit declaration of function 'memset' [-Wimplicit-function-declaration]</code><br />
						
            
            <a class="navhash" href="#864">#</a>
						
              <code id="864">         memset(buf, 0, sizeof(buf));</code><br />
						
            
            <a class="navhash" href="#865">#</a>
						
              <code id="865">         ^</code><br />
						
            
            <a class="navhash" href="#866">#</a>
						
              <code id="866">../common/tun.c:58:9: warning: incompatible implicit declaration of built-in function 'memset' [enabled by default]</code><br />
						
            
            <a class="navhash" href="#867">#</a>
						
              <code id="867">../common/tun.c:60:2: warning: implicit declaration of function 'snprintf' [-Wimplicit-function-declaration]</code><br />
						
            
            <a class="navhash" href="#868">#</a>
						
              <code id="868">  snprintf(buf, sizeof(buf), "[tun-%s] ", what);</code><br />
						
            
            <a class="navhash" href="#869">#</a>
						
              <code id="869">  ^</code><br />
						
            
            <a class="navhash" href="#870">#</a>
						
              <code id="870">../common/tun.c:60:2: warning: incompatible implicit declaration of built-in function 'snprintf' [enabled by default]</code><br />
						
            
            <a class="navhash" href="#871">#</a>
						
              <code id="871">main.c: In function 'main':</code><br />
						
            
            <a class="navhash" href="#872">#</a>
						
              <code id="872">../common/tun.c:63:2: warning: implicit declaration of function 'va_start' [-Wimplicit-function-declaration]</code><br />
						
            
            <a class="navhash" href="#873">#</a>
						
              <code id="873">  va_start(ap, fmt);</code><br />
						
            
            <a class="navhash" href="#874">#</a>
						
              <code id="874">  ^</code><br />
						
            
            <a class="navhash" href="#875">#</a>
						
              <code id="875">../common/tun.c:63:2: warning: nested extern declaration of 'va_start' [-Wnested-externs]</code><br />
						
            
            <a class="navhash" href="#876">#</a>
						
              <code id="876">main.c:251:8: warning: implicit declaration of function 'strcasecmp' [-Wimplicit-function-declaration]</code><br />
						
            
            <a class="navhash" href="#877">#</a>
						
              <code id="877">        if (strcasecmp(argv[1], "start") == 0) mode = A_START;</code><br />
						
            
            <a class="navhash" href="#878">#</a>
						
              <code id="878">        ^</code><br />
						
            
            <a class="navhash" href="#879">#</a>
						
              <code id="879">../common/tun.c:64:2: warning: implicit declaration of function 'vsnprintf' [-Wimplicit-function-declaration]</code><br />
						
            
            <a class="navhash" href="#880">#</a>
						
              <code id="880">  vsnprintf(buf+strlen(buf), sizeof(buf)-strlen(buf), fmt, ap);</code><br />
						
            
            <a class="navhash" href="#881">#</a>
						
              <code id="881">  ^</code><br />
						
            
            <a class="navhash" href="#882">#</a>
						
              <code id="882">../common/tun.c:64:2: warning: implicit declaration of function 'strlen' [-Wimplicit-function-declaration]</code><br />
						
            
            <a class="navhash" href="#883">#</a>
						
              <code id="883">../common/tun.c:64:16: warning: incompatible implicit declaration of built-in function 'strlen' [enabled by default]</code><br />
						
            
            <a class="navhash" href="#884">#</a>
						
              <code id="884">  vsnprintf(buf+strlen(buf), sizeof(buf)-strlen(buf), fmt, ap);</code><br />
						
            
            <a class="navhash" href="#885">#</a>
						
              <code id="885">                ^</code><br />
						
            
            <a class="navhash" href="#886">#</a>
						
              <code id="886">../common/tun.c:65:2: warning: implicit declaration of function 'va_end' [-Wimplicit-function-declaration]</code><br />
						
            
            <a class="navhash" href="#887">#</a>
						
              <code id="887">  va_end(ap);</code><br />
						
            
            <a class="navhash" href="#888">#</a>
						
              <code id="888">  ^</code><br />
						
            
            <a class="navhash" href="#889">#</a>
						
              <code id="889">../common/tun.c:65:2: warning: nested extern declaration of 'va_end' [-Wnested-externs]</code><br />
						
            
            <a class="navhash" href="#890">#</a>
						
              <code id="890">main.c:269:9: error: 'LOG_ERR' undeclared (first use in this function)</code><br />
						
            
            <a class="navhash" href="#891">#</a>
						
              <code id="891">   dolog(LOG_ERR, "%s", options);</code><br />
						
            
            <a class="navhash" href="#892">#</a>
						
              <code id="892">         ^</code><br />
						
            
            <a class="navhash" href="#893">#</a>
						
              <code id="893">main.c:275:3: warning: incompatible implicit declaration of built-in function 'printf' [enabled by default]</code><br />
						
            
            <a class="navhash" href="#894">#</a>
						
              <code id="894">   printf("%s\n", aiccu_license());</code><br />
						
            
            <a class="navhash" href="#895">#</a>
						
              <code id="895">   ^</code><br />
						
            
            <a class="navhash" href="#896">#</a>
						
              <code id="896">../common/tun.c: In function 'tun_reader':</code><br />
						
            
            <a class="navhash" href="#897">#</a>
						<span class="error">
              <code id="897">../common/tun.c:178:2: error: unknown type name 'ssize_t'</code><br />
						</span>
            
            <a class="navhash" href="#898">#</a>
						
              <code id="898">  ssize_t   n;</code><br />
						
            
            <a class="navhash" href="#899">#</a>
						
              <code id="899">  ^</code><br />
						
            
            <a class="navhash" href="#900">#</a>
						
              <code id="900">main.c:281:3: warning: incompatible implicit declaration of built-in function 'printf' [enabled by default]</code><br />
						
            
            <a class="navhash" href="#901">#</a>
						
              <code id="901">   printf("AICCU %s by Jeroen Massar\n", AICCU_VERSION);</code><br />
						
            
            <a class="navhash" href="#902">#</a>
						
              <code id="902">   ^</code><br />
						
            
            <a class="navhash" href="#903">#</a>
						
              <code id="903">../common/tun.c:185:3: warning: implicit declaration of function 'read' [-Wimplicit-function-declaration]</code><br />
						
            
            <a class="navhash" href="#904">#</a>
						
              <code id="904">   n = read(tun_fd, buf, sizeof(buf));</code><br />
						
            
            <a class="navhash" href="#905">#</a>
						
              <code id="905">   ^</code><br />
						
            
            <a class="navhash" href="#906">#</a>
						
              <code id="906">../common/tun.c:185:3: warning: nested extern declaration of 'read' [-Wnested-externs]</code><br />
						
            
            <a class="navhash" href="#907">#</a>
						
              <code id="907">../common/tun.c:189:37: error: 'LOG_ERR' undeclared (first use in this function)</code><br />
						
            
            <a class="navhash" href="#908">#</a>
						
              <code id="908">    if (g_aiccu->tunrunning) tun_log(LOG_ERR, reader_name, "Read error on Tun Device: %s (%d)\n", strerror(errno), errno);</code><br />
						
            
            <a class="navhash" href="#909">#</a>
						
              <code id="909">                                     ^</code><br />
						
            
            <a class="navhash" href="#910">#</a>
						
              <code id="910">../common/tun.c:189:37: note: each undeclared identifier is reported only once for each function it appears in</code><br />
						
            
            <a class="navhash" href="#911">#</a>
						
              <code id="911">main.c:300:36: error: 'NULL' undeclared (first use in this function)</code><br />
						
            
            <a class="navhash" href="#912">#</a>
						
              <code id="912">  if (!aiccu_LoadConfig(argc <= 2 ? NULL : argv[2]))</code><br />
						
            
            <a class="navhash" href="#913">#</a>
						
              <code id="913">                                    ^</code><br />
						
            
            <a class="navhash" href="#914">#</a>
						
              <code id="914">../common/tun.c:189:4: warning: implicit declaration of function 'strerror' [-Wimplicit-function-declaration]</code><br />
						
            
            <a class="navhash" href="#915">#</a>
						
              <code id="915">    if (g_aiccu->tunrunning) tun_log(LOG_ERR, reader_name, "Read error on Tun Device: %s (%d)\n", strerror(errno), errno);</code><br />
						
            
            <a class="navhash" href="#916">#</a>
						
              <code id="916">    ^</code><br />
						
            
            <a class="navhash" href="#917">#</a>
						
              <code id="917">../common/tun.c:189:4: warning: nested extern declaration of 'strerror' [-Wnested-externs]</code><br />
						
            
            <a class="navhash" href="#918">#</a>
						
              <code id="918">../common/tun.c:189:107: error: 'errno' undeclared (first use in this function)</code><br />
						
            
            <a class="navhash" href="#919">#</a>
						
              <code id="919">    if (g_aiccu->tunrunning) tun_log(LOG_ERR, reader_name, "Read error on Tun Device: %s (%d)\n", strerror(errno), errno);</code><br />
						
            
            <a class="navhash" href="#920">#</a>
						
              <code id="920">                                                                                                           ^</code><br />
						
            
            <a class="navhash" href="#921">#</a>
						
              <code id="921">../common/tun.c:195:3: warning: implicit declaration of function 'memmove' [-Wimplicit-function-declaration]</code><br />
						
            
            <a class="navhash" href="#922">#</a>
						
              <code id="922">   memmove(&buf, &buf[4], n-4);</code><br />
						
            
            <a class="navhash" href="#923">#</a>
						
              <code id="923">   ^</code><br />
						
            
            <a class="navhash" href="#924">#</a>
						
              <code id="924">main.c:311:35: error: 'SIGTERM' undeclared (first use in this function)</code><br />
						
            
            <a class="navhash" href="#925">#</a>
						
              <code id="925">   if (sigrunning(mode == A_STOP ? SIGTERM : 0) == 1)</code><br />
						
            
            <a class="navhash" href="#926">#</a>
						
              <code id="926">                                   ^</code><br />
						
            
            <a class="navhash" href="#927">#</a>
						
              <code id="927">../common/tun.c:195:3: warning: incompatible implicit declaration of built-in function 'memmove' [enabled by default]</code><br />
						
            
            <a class="navhash" href="#928">#</a>
						
              <code id="928">../common/tun.c:275:9: error: 'NULL' undeclared (first use in this function)</code><br />
						
            
            <a class="navhash" href="#929">#</a>
						
              <code id="929">  return NULL;</code><br />
						
            
            <a class="navhash" href="#930">#</a>
						
              <code id="930">         ^</code><br />
						
            
            <a class="navhash" href="#931">#</a>
						
              <code id="931">../common/tun.c: In function 'tun_write':</code><br />
						
            
            <a class="navhash" href="#932">#</a>
						
              <code id="932">main.c:353:3: warning: incompatible implicit declaration of built-in function 'printf' [enabled by default]</code><br />
						
            
            <a class="navhash" href="#933">#</a>
						
              <code id="933">   printf("Tunnel Information for %s:\n",hTunnel->sId);</code><br />
						
            
            <a class="navhash" href="#934">#</a>
						
              <code id="934">   ^</code><br />
						
            
            <a class="navhash" href="#935">#</a>
						
              <code id="935">../common/tun.c:287:15: error: array type has incomplete element type</code><br />
						
            
            <a class="navhash" href="#936">#</a>
						
              <code id="936">  struct iovec dat[2];</code><br />
						
            
            <a class="navhash" href="#937">#</a>
						
              <code id="937">               ^</code><br />
						
            
            <a class="navhash" href="#938">#</a>
						
              <code id="938">../common/tun.c:288:18: error: storage size of 'pi' isn't known</code><br />
						
            
            <a class="navhash" href="#939">#</a>
						
              <code id="939">  struct tun_pi   pi;</code><br />
						
            
            <a class="navhash" href="#940">#</a>
						
              <code id="940">                  ^</code><br />
						
            
            <a class="navhash" href="#941">#</a>
						
              <code id="941">../common/tun.c:289:2: warning: incompatible implicit declaration of built-in function 'memset' [enabled by default]</code><br />
						
            
            <a class="navhash" href="#942">#</a>
						
              <code id="942">  memset(&pi, 0, sizeof(pi));</code><br />
						
            
            <a class="navhash" href="#943">#</a>
						
              <code id="943">  ^</code><br />
						
            
            <a class="navhash" href="#944">#</a>
						
              <code id="944">../common/tun.c:291:2: warning: implicit declaration of function 'htons' [-Wimplicit-function-declaration]</code><br />
						
            
            <a class="navhash" href="#945">#</a>
						
              <code id="945">  pi.proto = htons(ETH_P_IPV6);</code><br />
						
            
            <a class="navhash" href="#946">#</a>
						
              <code id="946">  ^</code><br />
						
            
            <a class="navhash" href="#947">#</a>
						
              <code id="947">../common/tun.c:291:2: warning: nested extern declaration of 'htons' [-Wnested-externs]</code><br />
						
            
            <a class="navhash" href="#948">#</a>
						
              <code id="948">../common/tun.c:291:19: error: 'ETH_P_IPV6' undeclared (first use in this function)</code><br />
						
            
            <a class="navhash" href="#949">#</a>
						
              <code id="949">  pi.proto = htons(ETH_P_IPV6);</code><br />
						
            
            <a class="navhash" href="#950">#</a>
						
              <code id="950">                   ^</code><br />
						
            
            <a class="navhash" href="#951">#</a>
						
              <code id="951">../common/tun.c:301:2: warning: implicit declaration of function 'writev' [-Wimplicit-function-declaration]</code><br />
						
            
            <a class="navhash" href="#952">#</a>
						
              <code id="952">  c = writev(tun_fd, dat, 2);</code><br />
						
            
            <a class="navhash" href="#953">#</a>
						
              <code id="953">  ^</code><br />
						
            
            <a class="navhash" href="#954">#</a>
						
              <code id="954">../common/tun.c:301:2: warning: nested extern declaration of 'writev' [-Wnested-externs]</code><br />
						
            
            <a class="navhash" href="#955">#</a>
						
              <code id="955">main.c:388:3: warning: implicit declaration of function 'aiccu_setup' [-Wimplicit-function-declaration]</code><br />
						
            
            <a class="navhash" href="#956">#</a>
						
              <code id="956">   if (aiccu_setup(hTunnel, true))</code><br />
						
            
            <a class="navhash" href="#957">#</a>
						
              <code id="957">   ^</code><br />
						
            
            <a class="navhash" href="#958">#</a>
						
              <code id="958">../common/tun.c:322:11: error: 'LOG_ERR' undeclared (first use in this function)</code><br />
						
            
            <a class="navhash" href="#959">#</a>
						
              <code id="959">   tun_log(LOG_ERR, writer_name, "Error while writing to TUN: %u != %u\n", c, length);</code><br />
						
            
            <a class="navhash" href="#960">#</a>
						
              <code id="960">           ^</code><br />
						
            
            <a class="navhash" href="#961">#</a>
						
              <code id="961">main.c:388:3: warning: nested extern declaration of 'aiccu_setup' [-Wnested-externs]</code><br />
						
            
            <a class="navhash" href="#962">#</a>
						
              <code id="962">../common/tun.c:288:18: warning: unused variable 'pi' [-Wunused-variable]</code><br />
						
            
            <a class="navhash" href="#963">#</a>
						
              <code id="963">  struct tun_pi   pi;</code><br />
						
            
            <a class="navhash" href="#964">#</a>
						
              <code id="964">                  ^</code><br />
						
            
            <a class="navhash" href="#965">#</a>
						
              <code id="965">main.c:390:4: warning: implicit declaration of function 'aiccu_test' [-Wimplicit-function-declaration]</code><br />
						
            
            <a class="navhash" href="#966">#</a>
						
              <code id="966">    aiccu_test(hTunnel, strcasecmp(argv[1], "autotest") == 0 ? true : false);</code><br />
						
            
            <a class="navhash" href="#967">#</a>
						
              <code id="967">    ^</code><br />
						
            
            <a class="navhash" href="#968">#</a>
						
              <code id="968">main.c:390:4: warning: nested extern declaration of 'aiccu_test' [-Wnested-externs]</code><br />
						
            
            <a class="navhash" href="#969">#</a>
						
              <code id="969">../common/tun.c:287:15: warning: unused variable 'dat' [-Wunused-variable]</code><br />
						
            
            <a class="navhash" href="#970">#</a>
						
              <code id="970">  struct iovec dat[2];</code><br />
						
            
            <a class="navhash" href="#971">#</a>
						
              <code id="971">               ^</code><br />
						
            
            <a class="navhash" href="#972">#</a>
						<span class="error">
              <code id="972">main.c:410:3: error: unknown type name 'FILE'</code><br />
						</span>
            
            <a class="navhash" href="#973">#</a>
						
              <code id="973">   FILE *f;</code><br />
						
            
            <a class="navhash" href="#974">#</a>
						
              <code id="974">   ^</code><br />
						
            
            <a class="navhash" href="#975">#</a>
						
              <code id="975">In file included from ../common/tun.h:16:0,</code><br />
						
            
            <a class="navhash" href="#976">#</a>
						
              <code id="976">                 from ../common/tun.c:13:</code><br />
						
            
            <a class="navhash" href="#977">#</a>
						
              <code id="977">../common/tun.c: At top level:</code><br />
						
            
            <a class="navhash" href="#978">#</a>
						
              <code id="978">main.c:413:3: warning: implicit declaration of function 'fork' [-Wimplicit-function-declaration]</code><br />
						
            
            <a class="navhash" href="#979">#</a>
						
              <code id="979">   int i = fork();</code><br />
						
            
            <a class="navhash" href="#980">#</a>
						
              <code id="980">   ^</code><br />
						
            
            <a class="navhash" href="#981">#</a>
						<span class="error">
              <code id="981">../common/common.h:300:14: error: unknown type name 'uint32_t'</code><br />
						</span>
            
            <a class="navhash" href="#982">#</a>
						
              <code id="982"> #define bool uint32_t</code><br />
						
            
            <a class="navhash" href="#983">#</a>
						
              <code id="983">              ^</code><br />
						
            
            <a class="navhash" href="#984">#</a>
						
              <code id="984">../common/tun.c:690:1: note: in expansion of macro 'bool'</code><br />
						
            
            <a class="navhash" href="#985">#</a>
						
              <code id="985"> bool tun_start(struct tun_reader *tun)</code><br />
						
            
            <a class="navhash" href="#986">#</a>
						
              <code id="986"> ^</code><br />
						
            
            <a class="navhash" href="#987">#</a>
						
              <code id="987">main.c:416:4: warning: incompatible implicit declaration of built-in function 'fprintf' [enabled by default]</code><br />
						
            
            <a class="navhash" href="#988">#</a>
						
              <code id="988">    fprintf(stderr, "Couldn't fork\n");</code><br />
						
            
            <a class="navhash" href="#989">#</a>
						
              <code id="989">    ^</code><br />
						
            
            <a class="navhash" href="#990">#</a>
						
              <code id="990">../common/tun.c: In function 'tun_start':</code><br />
						
            
            <a class="navhash" href="#991">#</a>
						
              <code id="991">main.c:416:12: error: 'stderr' undeclared (first use in this function)</code><br />
						
            
            <a class="navhash" href="#992">#</a>
						
              <code id="992">    fprintf(stderr, "Couldn't fork\n");</code><br />
						
            
            <a class="navhash" href="#993">#</a>
						
              <code id="993">            ^</code><br />
						
            
            <a class="navhash" href="#994">#</a>
						<span class="error">
              <code id="994">../common/tun.c:693:2: error: unknown type name 'pthread_t'</code><br />
						</span>
            
            <a class="navhash" href="#995">#</a>
						
              <code id="995">  pthread_t  thread;</code><br />
						
            
            <a class="navhash" href="#996">#</a>
						
              <code id="996">  ^</code><br />
						
            
            <a class="navhash" href="#997">#</a>
						
              <code id="997">main.c:423:3: warning: implicit declaration of function 'setsid' [-Wimplicit-function-declaration]</code><br />
						
            
            <a class="navhash" href="#998">#</a>
						
              <code id="998">   setsid();</code><br />
						
            
            <a class="navhash" href="#999">#</a>
						
              <code id="999">   ^</code><br />
						
            
            <a class="navhash" href="#1000">#</a>
						
              <code id="1000">main.c:423:3: warning: nested extern declaration of 'setsid' [-Wnested-externs]</code><br />
						
            
            <a class="navhash" href="#1001">#</a>
						
              <code id="1001">../common/tun.c:695:16: error: storage size of 'ifr' isn't known</code><br />
						
            
            <a class="navhash" href="#1002">#</a>
						
              <code id="1002">  struct ifreq  ifr;</code><br />
						
            
            <a class="navhash" href="#1003">#</a>
						
              <code id="1003">                ^</code><br />
						
            
            <a class="navhash" href="#1004">#</a>
						
              <code id="1004">main.c:426:3: warning: implicit declaration of function 'chdir' [-Wimplicit-function-declaration]</code><br />
						
            
            <a class="navhash" href="#1005">#</a>
						
              <code id="1005">   (void)chdir("/");</code><br />
						
            
            <a class="navhash" href="#1006">#</a>
						
              <code id="1006">   ^</code><br />
						
            
            <a class="navhash" href="#1007">#</a>
						
              <code id="1007">main.c:426:3: warning: nested extern declaration of 'chdir' [-Wnested-externs]</code><br />
						
            
            <a class="navhash" href="#1008">#</a>
						
              <code id="1008">../common/tun.c:698:2: warning: implicit declaration of function 'open' [-Wimplicit-function-declaration]</code><br />
						
            
            <a class="navhash" href="#1009">#</a>
						
              <code id="1009">  tun_fd = open("/dev/net/tun", O_RDWR);</code><br />
						
            
            <a class="navhash" href="#1010">#</a>
						
              <code id="1010">  ^</code><br />
						
            
            <a class="navhash" href="#1011">#</a>
						
              <code id="1011">../common/tun.c:698:2: warning: nested extern declaration of 'open' [-Wnested-externs]</code><br />
						
            
            <a class="navhash" href="#1012">#</a>
						
              <code id="1012">main.c:429:3: warning: implicit declaration of function 'freopen' [-Wimplicit-function-declaration]</code><br />
						
            
            <a class="navhash" href="#1013">#</a>
						
              <code id="1013">   freopen("/dev/null","r",stdin);</code><br />
						
            
            <a class="navhash" href="#1014">#</a>
						
              <code id="1014">   ^</code><br />
						
            
            <a class="navhash" href="#1015">#</a>
						
              <code id="1015">main.c:429:3: warning: nested extern declaration of 'freopen' [-Wnested-externs]</code><br />
						
            
            <a class="navhash" href="#1016">#</a>
						
              <code id="1016">../common/tun.c:698:32: error: 'O_RDWR' undeclared (first use in this function)</code><br />
						
            
            <a class="navhash" href="#1017">#</a>
						
              <code id="1017">  tun_fd = open("/dev/net/tun", O_RDWR);</code><br />
						
            
            <a class="navhash" href="#1018">#</a>
						
              <code id="1018">                                ^</code><br />
						
            
            <a class="navhash" href="#1019">#</a>
						
              <code id="1019">main.c:429:27: error: 'stdin' undeclared (first use in this function)</code><br />
						
            
            <a class="navhash" href="#1020">#</a>
						
              <code id="1020">   freopen("/dev/null","r",stdin);</code><br />
						
            
            <a class="navhash" href="#1021">#</a>
						
              <code id="1021">                           ^</code><br />
						
            
            <a class="navhash" href="#1022">#</a>
						
              <code id="1022">../common/tun.c:701:11: error: 'LOG_ERR' undeclared (first use in this function)</code><br />
						
            
            <a class="navhash" href="#1023">#</a>
						
              <code id="1023">   tun_log(LOG_ERR, "start", "Couldn't open device %s: %s (%d)\n", "/dev/net/tun", strerror(errno), errno);</code><br />
						
            
            <a class="navhash" href="#1024">#</a>
						
              <code id="1024">           ^</code><br />
						
            
            <a class="navhash" href="#1025">#</a>
						
              <code id="1025">main.c:430:27: error: 'stdout' undeclared (first use in this function)</code><br />
						
            
            <a class="navhash" href="#1026">#</a>
						
              <code id="1026">   freopen("/dev/null","w",stdout);</code><br />
						
            
            <a class="navhash" href="#1027">#</a>
						
              <code id="1027">                           ^</code><br />
						
            
            <a class="navhash" href="#1028">#</a>
						
              <code id="1028">../common/tun.c:701:92: error: 'errno' undeclared (first use in this function)</code><br />
						
            
            <a class="navhash" href="#1029">#</a>
						
              <code id="1029">   tun_log(LOG_ERR, "start", "Couldn't open device %s: %s (%d)\n", "/dev/net/tun", strerror(errno), errno);</code><br />
						
            
            <a class="navhash" href="#1030">#</a>
						
              <code id="1030">                                                                                            ^</code><br />
						
            
            <a class="navhash" href="#1031">#</a>
						
              <code id="1031">main.c:434:5: warning: assignment makes pointer from integer without a cast [enabled by default]</code><br />
						
            
            <a class="navhash" href="#1032">#</a>
						
              <code id="1032">   f = fopen(g_aiccu->pidfile, "w");</code><br />
						
            
            <a class="navhash" href="#1033">#</a>
						
              <code id="1033">     ^</code><br />
						
            
            <a class="navhash" href="#1034">#</a>
						
              <code id="1034">../common/tun.c:705:2: warning: incompatible implicit declaration of built-in function 'memset' [enabled by default]</code><br />
						
            
            <a class="navhash" href="#1035">#</a>
						
              <code id="1035">  memset(&ifr, 0, sizeof(ifr));</code><br />
						
            
            <a class="navhash" href="#1036">#</a>
						
              <code id="1036">  ^</code><br />
						
            
            <a class="navhash" href="#1037">#</a>
						
              <code id="1037">main.c:441:3: warning: incompatible implicit declaration of built-in function 'fprintf' [enabled by default]</code><br />
						
            
            <a class="navhash" href="#1038">#</a>
						
              <code id="1038">   fprintf(f, "%d", getpid());</code><br />
						
            
            <a class="navhash" href="#1039">#</a>
						
              <code id="1039">   ^</code><br />
						
            
            <a class="navhash" href="#1040">#</a>
						
              <code id="1040">main.c:441:3: warning: implicit declaration of function 'getpid' [-Wimplicit-function-declaration]</code><br />
						
            
            <a class="navhash" href="#1041">#</a>
						
              <code id="1041">main.c:441:3: warning: nested extern declaration of 'getpid' [-Wnested-externs]</code><br />
						
            
            <a class="navhash" href="#1042">#</a>
						
              <code id="1042">../common/tun.c:707:18: error: 'IFF_TUN' undeclared (first use in this function)</code><br />
						
            
            <a class="navhash" href="#1043">#</a>
						
              <code id="1043">  ifr.ifr_flags = IFF_TUN;</code><br />
						
            
            <a class="navhash" href="#1044">#</a>
						
              <code id="1044">                  ^</code><br />
						
            
            <a class="navhash" href="#1045">#</a>
						
              <code id="1045">main.c:444:9: error: 'LOG_INFO' undeclared (first use in this function)</code><br />
						
            
            <a class="navhash" href="#1046">#</a>
						
              <code id="1046">   dolog(LOG_INFO, "AICCU running as PID %d\n", getpid());</code><br />
						
            
            <a class="navhash" href="#1047">#</a>
						
              <code id="1047">         ^</code><br />
						
            
            <a class="navhash" href="#1048">#</a>
						
              <code id="1048">../common/tun.c:709:2: warning: implicit declaration of function 'strncpy' [-Wimplicit-function-declaration]</code><br />
						
            
            <a class="navhash" href="#1049">#</a>
						
              <code id="1049">  strncpy(ifr.ifr_name, g_aiccu->ipv6_interface, sizeof(ifr.ifr_name));</code><br />
						
            
            <a class="navhash" href="#1050">#</a>
						
              <code id="1050">  ^</code><br />
						
            
            <a class="navhash" href="#1051">#</a>
						
              <code id="1051">../common/tun.c:709:2: warning: incompatible implicit declaration of built-in function 'strncpy' [enabled by default]</code><br />
						
            
            <a class="navhash" href="#1052">#</a>
						
              <code id="1052">main.c:456:9: error: 'SIGUSR1' undeclared (first use in this function)</code><br />
						
            
            <a class="navhash" href="#1053">#</a>
						
              <code id="1053">  signal(SIGUSR1, &sigusr1);</code><br />
						
            
            <a class="navhash" href="#1054">#</a>
						
              <code id="1054">         ^</code><br />
						
            
            <a class="navhash" href="#1055">#</a>
						
              <code id="1055">../common/tun.c:711:2: warning: implicit declaration of function 'ioctl' [-Wimplicit-function-declaration]</code><br />
						
            
            <a class="navhash" href="#1056">#</a>
						
              <code id="1056">  if (ioctl(tun_fd, TUNSETIFF, &ifr))</code><br />
						
            
            <a class="navhash" href="#1057">#</a>
						
              <code id="1057">  ^</code><br />
						
            
            <a class="navhash" href="#1058">#</a>
						
              <code id="1058">../common/tun.c:711:2: warning: nested extern declaration of 'ioctl' [-Wnested-externs]</code><br />
						
            
            <a class="navhash" href="#1059">#</a>
						
              <code id="1059">main.c:463:9: error: 'SIGINT' undeclared (first use in this function)</code><br />
						
            
            <a class="navhash" href="#1060">#</a>
						
              <code id="1060">  signal(SIGINT, &sigterm);</code><br />
						
            
            <a class="navhash" href="#1061">#</a>
						
              <code id="1061">         ^</code><br />
						
            
            <a class="navhash" href="#1062">#</a>
						
              <code id="1062">../common/tun.c:711:20: error: 'TUNSETIFF' undeclared (first use in this function)</code><br />
						
            
            <a class="navhash" href="#1063">#</a>
						
              <code id="1063">  if (ioctl(tun_fd, TUNSETIFF, &ifr))</code><br />
						
            
            <a class="navhash" href="#1064">#</a>
						
              <code id="1064">                    ^</code><br />
						
            
            <a class="navhash" href="#1065">#</a>
						
              <code id="1065">main.c:483:5: warning: implicit declaration of function 'sleep' [-Wimplicit-function-declaration]</code><br />
						
            
            <a class="navhash" href="#1066">#</a>
						
              <code id="1066">     sleep(hTunnel->nHeartbeat_Interval);</code><br />
						
            
            <a class="navhash" href="#1067">#</a>
						
              <code id="1067">     ^</code><br />
						
            
            <a class="navhash" href="#1068">#</a>
						
              <code id="1068">main.c:483:5: warning: nested extern declaration of 'sleep' [-Wnested-externs]</code><br />
						
            
            <a class="navhash" href="#1069">#</a>
						
              <code id="1069">../common/tun.c:858:2: warning: implicit declaration of function 'pthread_create' [-Wimplicit-function-declaration]</code><br />
						
            
            <a class="navhash" href="#1070">#</a>
						
              <code id="1070">  pthread_create(&thread, NULL, tun_reader, (void *)tun);</code><br />
						
            
            <a class="navhash" href="#1071">#</a>
						
              <code id="1071">  ^</code><br />
						
            
            <a class="navhash" href="#1072">#</a>
						
              <code id="1072">../common/tun.c:858:2: warning: nested extern declaration of 'pthread_create' [-Wnested-externs]</code><br />
						
            
            <a class="navhash" href="#1073">#</a>
						
              <code id="1073">main.c:495:3: warning: implicit declaration of function 'unlink' [-Wimplicit-function-declaration]</code><br />
						
            
            <a class="navhash" href="#1074">#</a>
						
              <code id="1074">   if (g_aiccu) unlink(g_aiccu->pidfile);</code><br />
						
            
            <a class="navhash" href="#1075">#</a>
						
              <code id="1075">   ^</code><br />
						
            
            <a class="navhash" href="#1076">#</a>
						
              <code id="1076">main.c:495:3: warning: nested extern declaration of 'unlink' [-Wnested-externs]</code><br />
						
            
            <a class="navhash" href="#1077">#</a>
						
              <code id="1077">../common/tun.c:858:26: error: 'NULL' undeclared (first use in this function)</code><br />
						
            
            <a class="navhash" href="#1078">#</a>
						
              <code id="1078">  pthread_create(&thread, NULL, tun_reader, (void *)tun);</code><br />
						
            
            <a class="navhash" href="#1079">#</a>
						
              <code id="1079">                          ^</code><br />
						
            
            <a class="navhash" href="#1080">#</a>
						
              <code id="1080">../common/tun.c:695:16: warning: unused variable 'ifr' [-Wunused-variable]</code><br />
						
            
            <a class="navhash" href="#1081">#</a>
						
              <code id="1081">  struct ifreq  ifr;</code><br />
						
            
            <a class="navhash" href="#1082">#</a>
						
              <code id="1082">                ^</code><br />
						
            
            <a class="navhash" href="#1083">#</a>
						
              <code id="1083">make[1]: *** [<builtin>: ../common/tun.o] Error 1</code><br />
						
            
            <a class="navhash" href="#1084">#</a>
						
              <code id="1084">make[1]: *** Waiting for unfinished jobs....</code><br />
						
            
            <a class="navhash" href="#1085">#</a>
						
              <code id="1085">make[1]: *** [<builtin>: main.o] Error 1</code><br />
						
            
            <a class="navhash" href="#1086">#</a>
						
              <code id="1086">make[1]: Leaving directory '/tmp/aiccu/src/aiccu/unix-console'</code><br />
						
            
            <a class="navhash" href="#1087">#</a>
						
              <code id="1087">make: *** [Makefile:70: all] Error 2</code><br />
						
            
            <a class="navhash" href="#1088">#</a>
						
              <code id="1088">==> ERROR: A failure occurred in build().</code><br />
						
            
            <a class="navhash" href="#1089">#</a>
						
              <code id="1089">    Aborting...</code><br />
						
            
          </div>
        
      </div>
      <br />
    
  </body>
</html>