<!DOCTYPE html>
<html>
<!-- Jinja template for reports of individual builds

  Copyright 2016 Kareem Khazem. All Rights Reserved.
  Licensed under the Apache License, Version 2.0 (the "License");
  you may not use this file except in compliance with the License.
  You may obtain a copy of the License at

 		 http://www.apache.org/licenses/LICENSE-2.0

  Unless required by applicable law or agreed to in writing, software
  distributed under the License is distributed on an "AS IS" BASIS,
  WITHOUT WARRANTIES OR CONDITIONS OF ANY KIND, either express or
  implied.
  See the License for the specific language governing permissions and
  limitations under the License.
-->
  <head>
    <meta charset="UTF-8">
    <title>clang_glibc/tdb</title>
    <link href='https://fonts.googleapis.com/css?family=Roboto:400,900'
          rel='stylesheet' type='text/css'>
    <link
    href='https://fonts.googleapis.com/css?family=Source+Code+Pro:400,700'
          rel='stylesheet' type='text/css'>
    <link href="../style.css" type="text/css" rel="stylesheet">
  </head>
  <body>
    <h1>Build of tdb
        with <a href="../index.html">clang_glibc</a>
        toolchain</h1>
    <p>The build took 00h 01m 21s and was
    NOT successful.</p>
    <p>
    The program in this build is written in the following languages,
    according to <a
    href="http://www.dwheeler.com/sloccount/">sloccount</a>:
    </p>
    <table>
      <tr><th>SLOC</th><th>Language</th></tr>
      
      <tr><td class="loc"><code>21,378</code></td>
          <td class="lang">python</td></tr>
      <tr><td class="loc"><code>20,271</code></td>
          <td class="lang">ansic</td></tr>
      <tr><td class="loc"><code>169</code></td>
          <td class="lang">sh</td></tr>
      <tr><td class="loc"><code>80</code></td>
          <td class="lang">makefile</td></tr>
      <tr><td><code>41,898</code></td>
          <td><em>total</em></td></tr>
    </table>
    <p>
      The process tree of the build process is <a
      href="tdb-tree.html">here</a>.
    </p>
    
    
    
    
    <p>
    Due to the failure of this package to build, we did not attempt to
    build several packages that depend on this one. Those packages are:
    </p>
    <ul>
      
      <li><a href="fdm.html">fdm</a></li>
      
      <li><a href="ldb.html">ldb</a></li>
      
    </ul>
    
    
    
    <h2>Log</h2>
    <p>
    To avoid scrolling, you may jump to the <a
    href="#35">last line</a> of the
    invocation of <code>makepkg</code> that was used to build this
    package.
    </p>
    
    
      <div class="block">
        <div class="info">
          <code>Removed vanilla repositories from pacman.conf and added:</code>
        </div>
        
          <div class="output">
            
            <a class="navhash" href="#1">#</a>
						
              <code id="1">[tuscan]</code><br />
						
            
            <a class="navhash" href="#2">#</a>
						
              <code id="2">Server = file:///var/cache/pacman/pkg/</code><br />
						
            
          </div>
        
      </div>
      <br />
    
      <div class="block">
        <div class="command">
          <code><span class="prompt">CMD: </span>pacman -Syy --noconfirm</code>
        </div>
        
          <div class="output">
            
            <a class="navhash" href="#3">#</a>
						
              <code id="3">:: Synchronizing package databases...</code><br />
						
            
            <a class="navhash" href="#4">#</a>
						
              <code id="4">downloading tuscan.db...</code><br />
						
            
          </div>
        
      </div>
      <br />
    
      <div class="block">
        <div class="info">
          <code>Copied permanent toolchain into container-local sysroot</code>
        </div>
        
          <div class="output">
            
            <a class="navhash" href="#5">#</a>
						
              <code id="5">/toolchain_root/sysroot  -->  /sysroot/sysroot</code><br />
						
            
            <a class="navhash" href="#6">#</a>
						
              <code id="6">/toolchain_root/usr  -->  /sysroot/usr</code><br />
						
            
          </div>
        
      </div>
      <br />
    
      <div class="block">
        <div class="info">
          <code>There were existing files in /sysroot, using those</code>
        </div>
        
          <div class="output">
            
            <a class="navhash" href="#7">#</a>
						
              <code id="7">/sysroot/lib</code><br />
						
            
            <a class="navhash" href="#8">#</a>
						
              <code id="8">/sysroot/share</code><br />
						
            
            <a class="navhash" href="#9">#</a>
						
              <code id="9">/sysroot/bin</code><br />
						
            
            <a class="navhash" href="#10">#</a>
						
              <code id="10">/sysroot/x86_64-pc-linux-gnu</code><br />
						
            
            <a class="navhash" href="#11">#</a>
						
              <code id="11">/sysroot/include</code><br />
						
            
            <a class="navhash" href="#12">#</a>
						
              <code id="12">/sysroot/libexec</code><br />
						
            
          </div>
        
      </div>
      <br />
    
      <div class="block">
        <div class="command">
          <code><span class="prompt">CMD: </span>sudo -u tuscan PATH=/sysroot/bin:/usr/local/sbin:/usr/local/bin:/usr/sbin:/usr/bin:/sbin:/bin CC=clang CXX=clang++ red makepkg --noextract --syncdeps --skipinteg --skippgpcheck --skipchecksums --noconfirm --nocolor --log --noprogressbar --nocheck</code>
        </div>
        
          <div class="output">
            
            <a class="navhash" href="#13">#</a>
						
              <code id="13">==> Making package: tdb 1.3.8-1 (Mon Feb 27 21:56:41 UTC 2017)</code><br />
						
            
            <a class="navhash" href="#14">#</a>
						
              <code id="14">==> Checking runtime dependencies...</code><br />
						
            
            <a class="navhash" href="#15">#</a>
						
              <code id="15">==> Checking buildtime dependencies...</code><br />
						
            
            <a class="navhash" href="#16">#</a>
						
              <code id="16">==> WARNING: Using existing $srcdir/ tree</code><br />
						
            
            <a class="navhash" href="#17">#</a>
						
              <code id="17">==> Starting build()...</code><br />
						
            
            <a class="navhash" href="#18">#</a>
						
              <code id="18">Checking for program gcc or cc           : clang </code><br />
						
            
            <a class="navhash" href="#19">#</a>
						
              <code id="19">Checking for program cpp                 : /usr/sbin/cpp </code><br />
						
            
            <a class="navhash" href="#20">#</a>
						
              <code id="20">Checking for program ar                  : /sysroot/bin/ar </code><br />
						
            
            <a class="navhash" href="#21">#</a>
						
              <code id="21">Checking for program ranlib              : /sysroot/bin/ranlib </code><br />
						
            
            <a class="navhash" href="#22">#</a>
						
              <code id="22">Checking for gcc                         : ok  </code><br />
						
            
            <a class="navhash" href="#23">#</a>
						
              <code id="23">Checking for program git                 : /usr/sbin/git </code><br />
						
            
            <a class="navhash" href="#24">#</a>
						
              <code id="24">Check for -MD                            : yes </code><br />
						
            
            <a class="navhash" href="#25">#</a>
						
              <code id="25">Checking for program gdb                 : not found </code><br />
						
            
            <a class="navhash" href="#26">#</a>
						
              <code id="26">Checking build system                    : Linux 8b4ed23c8f20 4.7.2-1-ARCH #1 SMP PREEMPT Sat Aug 20 23:02:56 CEST 2016 x86_64 GNU/Linux </code><br />
						
            
            <a class="navhash" href="#27">#</a>
						
              <code id="27">Checking for header sys/utsname.h        : no </code><br />
						
            
            <a class="navhash" href="#28">#</a>
						
              <code id="28">Checking uname sysname type              : not found </code><br />
						
            
            <a class="navhash" href="#29">#</a>
						
              <code id="29">Checking uname machine type              : not found </code><br />
						
            
            <a class="navhash" href="#30">#</a>
						
              <code id="30">Checking uname release type              : not found </code><br />
						
            
            <a class="navhash" href="#31">#</a>
						
              <code id="31">Checking uname version type              : not found </code><br />
						
            
            <a class="navhash" href="#32">#</a>
						
              <code id="32">Checking for header stdio.h              : no </code><br />
						
            
            <a class="navhash" href="#33">#</a>
						
              <code id="33">Checking simple C program                : /tmp/tdb/src/tdb-1.3.8/lib/replace/../../buildtools/wafsamba/wscript:310: error: the configuration failed (see '/tmp/tdb/src/tdb-1.3.8/bin/config.log')</code><br />
						
            
            <a class="navhash" href="#34">#</a>
						
              <code id="34">==> ERROR: A failure occurred in build().</code><br />
						
            
            <a class="navhash" href="#35">#</a>
						
              <code id="35">    Aborting...</code><br />
						
            
          </div>
        
      </div>
      <br />
    
      <div class="block">
        <div class="info">
          <code>Printing config logfiles</code>
        </div>
        
      </div>
      <br />
    
      <div class="block">
        <div class="command">
          <code><span class="prompt">CMD: </span>config logfiles '/tmp/tdb/src/tdb-1.3.8/bin/config.log'</code>
        </div>
        
          <div class="output">
            
            <a class="navhash" href="#36">#</a>
						
              <code id="36"># project tdb (1.3.8) configured on Mon Feb 27 21:56:42 2017 by</code><br />
						
            
            <a class="navhash" href="#37">#</a>
						
              <code id="37"># waf 1.5.19 (abi 7, python 2070cf0 on linux2)</code><br />
						
            
            <a class="navhash" href="#38">#</a>
						
              <code id="38"># using ./buildtools/bin/waf configure --host=x86_64-unknown-linux --prefix=/usr --localstatedir=/var --sysconfdir=/etc/samba</code><br />
						
            
            <a class="navhash" href="#39">#</a>
						
              <code id="39">#</code><br />
						
            
            <a class="navhash" href="#40">#</a>
						
              <code id="40"></code><br />
						
            
            <a class="navhash" href="#41">#</a>
						
              <code id="41">----------------------------------------</code><br />
						
            
            <a class="navhash" href="#42">#</a>
						
              <code id="42">Checking for program gcc or cc</code><br />
						
            
            <a class="navhash" href="#43">#</a>
						
              <code id="43">find program=['gcc', 'cc'] paths=[] var='CC'</code><br />
						
            
            <a class="navhash" href="#44">#</a>
						
              <code id="44">-> 'clang'</code><br />
						
            
            <a class="navhash" href="#45">#</a>
						
              <code id="45"></code><br />
						
            
            <a class="navhash" href="#46">#</a>
						
              <code id="46">----------------------------------------</code><br />
						
            
            <a class="navhash" href="#47">#</a>
						
              <code id="47">Checking for program cpp</code><br />
						
            
            <a class="navhash" href="#48">#</a>
						
              <code id="48">find program=['cpp'] paths=[] var='CPP'</code><br />
						
            
            <a class="navhash" href="#49">#</a>
						
              <code id="49">-> '/usr/sbin/cpp'</code><br />
						
            
            <a class="navhash" href="#50">#</a>
						
              <code id="50"></code><br />
						
            
            <a class="navhash" href="#51">#</a>
						
              <code id="51">----------------------------------------</code><br />
						
            
            <a class="navhash" href="#52">#</a>
						
              <code id="52">Checking for program ar</code><br />
						
            
            <a class="navhash" href="#53">#</a>
						
              <code id="53">find program=['ar'] paths=[] var='AR'</code><br />
						
            
            <a class="navhash" href="#54">#</a>
						
              <code id="54">-> '/sysroot/bin/ar'</code><br />
						
            
            <a class="navhash" href="#55">#</a>
						
              <code id="55"></code><br />
						
            
            <a class="navhash" href="#56">#</a>
						
              <code id="56">----------------------------------------</code><br />
						
            
            <a class="navhash" href="#57">#</a>
						
              <code id="57">Checking for program ranlib</code><br />
						
            
            <a class="navhash" href="#58">#</a>
						
              <code id="58">find program=['ranlib'] paths=[] var='RANLIB'</code><br />
						
            
            <a class="navhash" href="#59">#</a>
						
              <code id="59">-> '/sysroot/bin/ranlib'</code><br />
						
            
            <a class="navhash" href="#60">#</a>
						
              <code id="60"></code><br />
						
            
            <a class="navhash" href="#61">#</a>
						
              <code id="61">----------------------------------------</code><br />
						
            
            <a class="navhash" href="#62">#</a>
						
              <code id="62">Checking for gcc</code><br />
						
            
            <a class="navhash" href="#63">#</a>
						
              <code id="63">ok</code><br />
						
            
            <a class="navhash" href="#64">#</a>
						
              <code id="64"></code><br />
						
            
            <a class="navhash" href="#65">#</a>
						
              <code id="65">----------------------------------------</code><br />
						
            
            <a class="navhash" href="#66">#</a>
						
              <code id="66">Checking for program git</code><br />
						
            
            <a class="navhash" href="#67">#</a>
						
              <code id="67">find program=['git'] paths=[] var='GIT'</code><br />
						
            
            <a class="navhash" href="#68">#</a>
						
              <code id="68">-> '/usr/sbin/git'</code><br />
						
            
            <a class="navhash" href="#69">#</a>
						
              <code id="69"></code><br />
						
            
            <a class="navhash" href="#70">#</a>
						
              <code id="70">----------------------------------------</code><br />
						
            
            <a class="navhash" href="#71">#</a>
						
              <code id="71">Check for -MD</code><br />
						
            
            <a class="navhash" href="#72">#</a>
						
              <code id="72">==></code><br />
						
            
            <a class="navhash" href="#73">#</a>
						
              <code id="73">int main() {return 0;}</code><br />
						
            
            <a class="navhash" href="#74">#</a>
						
              <code id="74"></code><br />
						
            
            <a class="navhash" href="#75">#</a>
						
              <code id="75"><==</code><br />
						
            
            <a class="navhash" href="#76">#</a>
						
              <code id="76">[1/1] Compiling test.c</code><br />
						
            
            <a class="navhash" href="#77">#</a>
						
              <code id="77">['clang', '-MD', '../test.c', '-c', '-o', '/tmp/tdb/src/tdb-1.3.8/bin/.conf_check_0/testbuild/default/test_1.o']</code><br />
						
            
            <a class="navhash" href="#78">#</a>
						
              <code id="78">yes</code><br />
						
            
            <a class="navhash" href="#79">#</a>
						
              <code id="79"></code><br />
						
            
            <a class="navhash" href="#80">#</a>
						
              <code id="80">----------------------------------------</code><br />
						
            
            <a class="navhash" href="#81">#</a>
						
              <code id="81">Checking for program gdb</code><br />
						
            
            <a class="navhash" href="#82">#</a>
						
              <code id="82">find program=['gdb'] paths=[] var=None</code><br />
						
            
            <a class="navhash" href="#83">#</a>
						
              <code id="83">-> ''</code><br />
						
            
            <a class="navhash" href="#84">#</a>
						
              <code id="84"></code><br />
						
            
            <a class="navhash" href="#85">#</a>
						
              <code id="85">----------------------------------------</code><br />
						
            
            <a class="navhash" href="#86">#</a>
						
              <code id="86">Checking build system</code><br />
						
            
            <a class="navhash" href="#87">#</a>
						
              <code id="87">Linux 8b4ed23c8f20 4.7.2-1-ARCH #1 SMP PREEMPT Sat Aug 20 23:02:56 CEST 2016 x86_64 GNU/Linux</code><br />
						
            
            <a class="navhash" href="#88">#</a>
						
              <code id="88"></code><br />
						
            
            <a class="navhash" href="#89">#</a>
						
              <code id="89">----------------------------------------</code><br />
						
            
            <a class="navhash" href="#90">#</a>
						
              <code id="90">Checking for header sys/utsname.h</code><br />
						
            
            <a class="navhash" href="#91">#</a>
						
              <code id="91">==></code><br />
						
            
            <a class="navhash" href="#92">#</a>
						
              <code id="92">#include <sys/utsname.h></code><br />
						
            
            <a class="navhash" href="#93">#</a>
						
              <code id="93"></code><br />
						
            
            <a class="navhash" href="#94">#</a>
						
              <code id="94">int main(void) { return 0; }</code><br />
						
            
            <a class="navhash" href="#95">#</a>
						
              <code id="95"><==</code><br />
						
            
            <a class="navhash" href="#96">#</a>
						
              <code id="96">[1/1] Compiling test.c</code><br />
						
            
            <a class="navhash" href="#97">#</a>
						
              <code id="97">../test.c:1:10: fatal error: 'sys/utsname.h' file not found</code><br />
						
            
            <a class="navhash" href="#98">#</a>
						
              <code id="98">#include <sys/utsname.h></code><br />
						
            
            <a class="navhash" href="#99">#</a>
						
              <code id="99">^</code><br />
						
            
            <a class="navhash" href="#100">#</a>
						
              <code id="100">1 error generated.</code><br />
						
            
            <a class="navhash" href="#101">#</a>
						
              <code id="101">['clang', '-MD', '../test.c', '-c', '-o', 'default/test_1.o']</code><br />
						
            
            <a class="navhash" href="#102">#</a>
						
              <code id="102">command returned 'Build failed:  -> task failed (err #1): \n\t{task: cc test.c -> test_1.o}'no</code><br />
						
            
            <a class="navhash" href="#103">#</a>
						
              <code id="103"></code><br />
						
            
            <a class="navhash" href="#104">#</a>
						
              <code id="104">----------------------------------------</code><br />
						
            
            <a class="navhash" href="#105">#</a>
						
              <code id="105">Checking uname sysname type</code><br />
						
            
            <a class="navhash" href="#106">#</a>
						
              <code id="106">==></code><br />
						
            
            <a class="navhash" href="#107">#</a>
						
              <code id="107">#define BUILD_SYSTEM "Linux 8b4ed23c8f20 4.7.2-1-ARCH #1 SMP PREEMPT Sat Aug 20 23:02:56 CEST 2016 x86_64 GNU/Linux"</code><br />
						
            
            <a class="navhash" href="#108">#</a>
						
              <code id="108"></code><br />
						
            
            <a class="navhash" href="#109">#</a>
						
              <code id="109">int main(void) {</code><br />
						
            
            <a class="navhash" href="#110">#</a>
						
              <code id="110">struct utsname n;</code><br />
						
            
            <a class="navhash" href="#111">#</a>
						
              <code id="111">if (uname(&n) == -1) return -1;</code><br />
						
            
            <a class="navhash" href="#112">#</a>
						
              <code id="112">printf("%s", n.sysname);</code><br />
						
            
            <a class="navhash" href="#113">#</a>
						
              <code id="113">; return 0; }</code><br />
						
            
            <a class="navhash" href="#114">#</a>
						
              <code id="114"></code><br />
						
            
            <a class="navhash" href="#115">#</a>
						
              <code id="115"><==</code><br />
						
            
            <a class="navhash" href="#116">#</a>
						
              <code id="116">[1/2] Compiling test.c</code><br />
						
            
            <a class="navhash" href="#117">#</a>
						
              <code id="117">../test.c:4:47: error: variable has incomplete type 'struct utsname'</code><br />
						
            
            <a class="navhash" href="#118">#</a>
						
              <code id="118">struct utsname n;</code><br />
						
            
            <a class="navhash" href="#119">#</a>
						
              <code id="119">^</code><br />
						
            
            <a class="navhash" href="#120">#</a>
						
              <code id="120">../test.c:4:39: note: forward declaration of 'struct utsname'</code><br />
						
            
            <a class="navhash" href="#121">#</a>
						
              <code id="121">struct utsname n;</code><br />
						
            
            <a class="navhash" href="#122">#</a>
						
              <code id="122">^</code><br />
						
            
            <a class="navhash" href="#123">#</a>
						
              <code id="123">../test.c:5:36: warning: implicit declaration of function 'uname' is invalid in C99 [-Wimplicit-function-declaration]</code><br />
						
            
            <a class="navhash" href="#124">#</a>
						
              <code id="124">if (uname(&n) == -1) return -1;</code><br />
						
            
            <a class="navhash" href="#125">#</a>
						
              <code id="125">^</code><br />
						
            
            <a class="navhash" href="#126">#</a>
						
              <code id="126">../test.c:6:32: warning: implicitly declaring library function 'printf' with type 'int (const char *, ...)' [-Wimplicit-function-declaration]</code><br />
						
            
            <a class="navhash" href="#127">#</a>
						
              <code id="127">printf("%s", n.sysname);</code><br />
						
            
            <a class="navhash" href="#128">#</a>
						
              <code id="128">^</code><br />
						
            
            <a class="navhash" href="#129">#</a>
						
              <code id="129">../test.c:6:32: note: include the header <stdio.h> or explicitly provide a declaration for 'printf'</code><br />
						
            
            <a class="navhash" href="#130">#</a>
						
              <code id="130">2 warnings and 1 error generated.</code><br />
						
            
            <a class="navhash" href="#131">#</a>
						
              <code id="131">['clang', '-MD', '-Idefault', '-I..', '-Idefault', '-I..', '../test.c', '-c', '-o', 'default/test_1.o']</code><br />
						
            
            <a class="navhash" href="#132">#</a>
						
              <code id="132">command returned 'Build failed:  -> task failed (err #1): \n\t{task: cc test.c -> test_1.o}'not found</code><br />
						
            
            <a class="navhash" href="#133">#</a>
						
              <code id="133"></code><br />
						
            
            <a class="navhash" href="#134">#</a>
						
              <code id="134">----------------------------------------</code><br />
						
            
            <a class="navhash" href="#135">#</a>
						
              <code id="135">Checking uname machine type</code><br />
						
            
            <a class="navhash" href="#136">#</a>
						
              <code id="136">==></code><br />
						
            
            <a class="navhash" href="#137">#</a>
						
              <code id="137">#define BUILD_SYSTEM "Linux 8b4ed23c8f20 4.7.2-1-ARCH #1 SMP PREEMPT Sat Aug 20 23:02:56 CEST 2016 x86_64 GNU/Linux"</code><br />
						
            
            <a class="navhash" href="#138">#</a>
						
              <code id="138">/* #undef SYSTEM_UNAME_SYSNAME */</code><br />
						
            
            <a class="navhash" href="#139">#</a>
						
              <code id="139"></code><br />
						
            
            <a class="navhash" href="#140">#</a>
						
              <code id="140">int main(void) {</code><br />
						
            
            <a class="navhash" href="#141">#</a>
						
              <code id="141">struct utsname n;</code><br />
						
            
            <a class="navhash" href="#142">#</a>
						
              <code id="142">if (uname(&n) == -1) return -1;</code><br />
						
            
            <a class="navhash" href="#143">#</a>
						
              <code id="143">printf("%s", n.machine);</code><br />
						
            
            <a class="navhash" href="#144">#</a>
						
              <code id="144">; return 0; }</code><br />
						
            
            <a class="navhash" href="#145">#</a>
						
              <code id="145"></code><br />
						
            
            <a class="navhash" href="#146">#</a>
						
              <code id="146"><==</code><br />
						
            
            <a class="navhash" href="#147">#</a>
						
              <code id="147">[1/2] Compiling test.c</code><br />
						
            
            <a class="navhash" href="#148">#</a>
						
              <code id="148">../test.c:5:47: error: variable has incomplete type 'struct utsname'</code><br />
						
            
            <a class="navhash" href="#149">#</a>
						
              <code id="149">struct utsname n;</code><br />
						
            
            <a class="navhash" href="#150">#</a>
						
              <code id="150">^</code><br />
						
            
            <a class="navhash" href="#151">#</a>
						
              <code id="151">../test.c:5:39: note: forward declaration of 'struct utsname'</code><br />
						
            
            <a class="navhash" href="#152">#</a>
						
              <code id="152">struct utsname n;</code><br />
						
            
            <a class="navhash" href="#153">#</a>
						
              <code id="153">^</code><br />
						
            
            <a class="navhash" href="#154">#</a>
						
              <code id="154">../test.c:6:36: warning: implicit declaration of function 'uname' is invalid in C99 [-Wimplicit-function-declaration]</code><br />
						
            
            <a class="navhash" href="#155">#</a>
						
              <code id="155">if (uname(&n) == -1) return -1;</code><br />
						
            
            <a class="navhash" href="#156">#</a>
						
              <code id="156">^</code><br />
						
            
            <a class="navhash" href="#157">#</a>
						
              <code id="157">../test.c:7:32: warning: implicitly declaring library function 'printf' with type 'int (const char *, ...)' [-Wimplicit-function-declaration]</code><br />
						
            
            <a class="navhash" href="#158">#</a>
						
              <code id="158">printf("%s", n.machine);</code><br />
						
            
            <a class="navhash" href="#159">#</a>
						
              <code id="159">^</code><br />
						
            
            <a class="navhash" href="#160">#</a>
						
              <code id="160">../test.c:7:32: note: include the header <stdio.h> or explicitly provide a declaration for 'printf'</code><br />
						
            
            <a class="navhash" href="#161">#</a>
						
              <code id="161">2 warnings and 1 error generated.</code><br />
						
            
            <a class="navhash" href="#162">#</a>
						
              <code id="162">['clang', '-MD', '-Idefault', '-I..', '-Idefault', '-I..', '../test.c', '-c', '-o', 'default/test_1.o']</code><br />
						
            
            <a class="navhash" href="#163">#</a>
						
              <code id="163">command returned 'Build failed:  -> task failed (err #1): \n\t{task: cc test.c -> test_1.o}'not found</code><br />
						
            
            <a class="navhash" href="#164">#</a>
						
              <code id="164"></code><br />
						
            
            <a class="navhash" href="#165">#</a>
						
              <code id="165">----------------------------------------</code><br />
						
            
            <a class="navhash" href="#166">#</a>
						
              <code id="166">Checking uname release type</code><br />
						
            
            <a class="navhash" href="#167">#</a>
						
              <code id="167">==></code><br />
						
            
            <a class="navhash" href="#168">#</a>
						
              <code id="168">#define BUILD_SYSTEM "Linux 8b4ed23c8f20 4.7.2-1-ARCH #1 SMP PREEMPT Sat Aug 20 23:02:56 CEST 2016 x86_64 GNU/Linux"</code><br />
						
            
            <a class="navhash" href="#169">#</a>
						
              <code id="169">/* #undef SYSTEM_UNAME_SYSNAME */</code><br />
						
            
            <a class="navhash" href="#170">#</a>
						
              <code id="170">/* #undef SYSTEM_UNAME_MACHINE */</code><br />
						
            
            <a class="navhash" href="#171">#</a>
						
              <code id="171"></code><br />
						
            
            <a class="navhash" href="#172">#</a>
						
              <code id="172">int main(void) {</code><br />
						
            
            <a class="navhash" href="#173">#</a>
						
              <code id="173">struct utsname n;</code><br />
						
            
            <a class="navhash" href="#174">#</a>
						
              <code id="174">if (uname(&n) == -1) return -1;</code><br />
						
            
            <a class="navhash" href="#175">#</a>
						
              <code id="175">printf("%s", n.release);</code><br />
						
            
            <a class="navhash" href="#176">#</a>
						
              <code id="176">; return 0; }</code><br />
						
            
            <a class="navhash" href="#177">#</a>
						
              <code id="177"></code><br />
						
            
            <a class="navhash" href="#178">#</a>
						
              <code id="178"><==</code><br />
						
            
            <a class="navhash" href="#179">#</a>
						
              <code id="179">[1/2] Compiling test.c</code><br />
						
            
            <a class="navhash" href="#180">#</a>
						
              <code id="180">../test.c:6:47: error: variable has incomplete type 'struct utsname'</code><br />
						
            
            <a class="navhash" href="#181">#</a>
						
              <code id="181">struct utsname n;</code><br />
						
            
            <a class="navhash" href="#182">#</a>
						
              <code id="182">^</code><br />
						
            
            <a class="navhash" href="#183">#</a>
						
              <code id="183">../test.c:6:39: note: forward declaration of 'struct utsname'</code><br />
						
            
            <a class="navhash" href="#184">#</a>
						
              <code id="184">struct utsname n;</code><br />
						
            
            <a class="navhash" href="#185">#</a>
						
              <code id="185">^</code><br />
						
            
            <a class="navhash" href="#186">#</a>
						
              <code id="186">../test.c:7:36: warning: implicit declaration of function 'uname' is invalid in C99 [-Wimplicit-function-declaration]</code><br />
						
            
            <a class="navhash" href="#187">#</a>
						
              <code id="187">if (uname(&n) == -1) return -1;</code><br />
						
            
            <a class="navhash" href="#188">#</a>
						
              <code id="188">^</code><br />
						
            
            <a class="navhash" href="#189">#</a>
						
              <code id="189">../test.c:8:32: warning: implicitly declaring library function 'printf' with type 'int (const char *, ...)' [-Wimplicit-function-declaration]</code><br />
						
            
            <a class="navhash" href="#190">#</a>
						
              <code id="190">printf("%s", n.release);</code><br />
						
            
            <a class="navhash" href="#191">#</a>
						
              <code id="191">^</code><br />
						
            
            <a class="navhash" href="#192">#</a>
						
              <code id="192">../test.c:8:32: note: include the header <stdio.h> or explicitly provide a declaration for 'printf'</code><br />
						
            
            <a class="navhash" href="#193">#</a>
						
              <code id="193">2 warnings and 1 error generated.</code><br />
						
            
            <a class="navhash" href="#194">#</a>
						
              <code id="194">['clang', '-MD', '-Idefault', '-I..', '-Idefault', '-I..', '../test.c', '-c', '-o', 'default/test_1.o']</code><br />
						
            
            <a class="navhash" href="#195">#</a>
						
              <code id="195">command returned 'Build failed:  -> task failed (err #1): \n\t{task: cc test.c -> test_1.o}'not found</code><br />
						
            
            <a class="navhash" href="#196">#</a>
						
              <code id="196"></code><br />
						
            
            <a class="navhash" href="#197">#</a>
						
              <code id="197">----------------------------------------</code><br />
						
            
            <a class="navhash" href="#198">#</a>
						
              <code id="198">Checking uname version type</code><br />
						
            
            <a class="navhash" href="#199">#</a>
						
              <code id="199">==></code><br />
						
            
            <a class="navhash" href="#200">#</a>
						
              <code id="200">#define BUILD_SYSTEM "Linux 8b4ed23c8f20 4.7.2-1-ARCH #1 SMP PREEMPT Sat Aug 20 23:02:56 CEST 2016 x86_64 GNU/Linux"</code><br />
						
            
            <a class="navhash" href="#201">#</a>
						
              <code id="201">/* #undef SYSTEM_UNAME_SYSNAME */</code><br />
						
            
            <a class="navhash" href="#202">#</a>
						
              <code id="202">/* #undef SYSTEM_UNAME_MACHINE */</code><br />
						
            
            <a class="navhash" href="#203">#</a>
						
              <code id="203">/* #undef SYSTEM_UNAME_RELEASE */</code><br />
						
            
            <a class="navhash" href="#204">#</a>
						
              <code id="204"></code><br />
						
            
            <a class="navhash" href="#205">#</a>
						
              <code id="205">int main(void) {</code><br />
						
            
            <a class="navhash" href="#206">#</a>
						
              <code id="206">struct utsname n;</code><br />
						
            
            <a class="navhash" href="#207">#</a>
						
              <code id="207">if (uname(&n) == -1) return -1;</code><br />
						
            
            <a class="navhash" href="#208">#</a>
						
              <code id="208">printf("%s", n.version);</code><br />
						
            
            <a class="navhash" href="#209">#</a>
						
              <code id="209">; return 0; }</code><br />
						
            
            <a class="navhash" href="#210">#</a>
						
              <code id="210"></code><br />
						
            
            <a class="navhash" href="#211">#</a>
						
              <code id="211"><==</code><br />
						
            
            <a class="navhash" href="#212">#</a>
						
              <code id="212">[1/2] Compiling test.c</code><br />
						
            
            <a class="navhash" href="#213">#</a>
						
              <code id="213">../test.c:7:47: error: variable has incomplete type 'struct utsname'</code><br />
						
            
            <a class="navhash" href="#214">#</a>
						
              <code id="214">struct utsname n;</code><br />
						
            
            <a class="navhash" href="#215">#</a>
						
              <code id="215">^</code><br />
						
            
            <a class="navhash" href="#216">#</a>
						
              <code id="216">../test.c:7:39: note: forward declaration of 'struct utsname'</code><br />
						
            
            <a class="navhash" href="#217">#</a>
						
              <code id="217">struct utsname n;</code><br />
						
            
            <a class="navhash" href="#218">#</a>
						
              <code id="218">^</code><br />
						
            
            <a class="navhash" href="#219">#</a>
						
              <code id="219">../test.c:8:36: warning: implicit declaration of function 'uname' is invalid in C99 [-Wimplicit-function-declaration]</code><br />
						
            
            <a class="navhash" href="#220">#</a>
						
              <code id="220">if (uname(&n) == -1) return -1;</code><br />
						
            
            <a class="navhash" href="#221">#</a>
						
              <code id="221">^</code><br />
						
            
            <a class="navhash" href="#222">#</a>
						
              <code id="222">../test.c:9:32: warning: implicitly declaring library function 'printf' with type 'int (const char *, ...)' [-Wimplicit-function-declaration]</code><br />
						
            
            <a class="navhash" href="#223">#</a>
						
              <code id="223">printf("%s", n.version);</code><br />
						
            
            <a class="navhash" href="#224">#</a>
						
              <code id="224">^</code><br />
						
            
            <a class="navhash" href="#225">#</a>
						
              <code id="225">../test.c:9:32: note: include the header <stdio.h> or explicitly provide a declaration for 'printf'</code><br />
						
            
            <a class="navhash" href="#226">#</a>
						
              <code id="226">2 warnings and 1 error generated.</code><br />
						
            
            <a class="navhash" href="#227">#</a>
						
              <code id="227">['clang', '-MD', '-Idefault', '-I..', '-Idefault', '-I..', '../test.c', '-c', '-o', 'default/test_1.o']</code><br />
						
            
            <a class="navhash" href="#228">#</a>
						
              <code id="228">command returned 'Build failed:  -> task failed (err #1): \n\t{task: cc test.c -> test_1.o}'not found</code><br />
						
            
            <a class="navhash" href="#229">#</a>
						
              <code id="229"></code><br />
						
            
            <a class="navhash" href="#230">#</a>
						
              <code id="230">----------------------------------------</code><br />
						
            
            <a class="navhash" href="#231">#</a>
						
              <code id="231">Checking for header stdio.h</code><br />
						
            
            <a class="navhash" href="#232">#</a>
						
              <code id="232">==></code><br />
						
            
            <a class="navhash" href="#233">#</a>
						
              <code id="233">#include <stdio.h></code><br />
						
            
            <a class="navhash" href="#234">#</a>
						
              <code id="234"></code><br />
						
            
            <a class="navhash" href="#235">#</a>
						
              <code id="235">int main(void) { return 0; }</code><br />
						
            
            <a class="navhash" href="#236">#</a>
						
              <code id="236"><==</code><br />
						
            
            <a class="navhash" href="#237">#</a>
						
              <code id="237">[1/1] Compiling test.c</code><br />
						
            
            <a class="navhash" href="#238">#</a>
						
              <code id="238">../test.c:1:10: fatal error: 'stdio.h' file not found</code><br />
						
            
            <a class="navhash" href="#239">#</a>
						
              <code id="239">#include <stdio.h></code><br />
						
            
            <a class="navhash" href="#240">#</a>
						
              <code id="240">^</code><br />
						
            
            <a class="navhash" href="#241">#</a>
						
              <code id="241">1 error generated.</code><br />
						
            
            <a class="navhash" href="#242">#</a>
						
              <code id="242">['clang', '-MD', '../test.c', '-c', '-o', 'default/test_1.o']</code><br />
						
            
            <a class="navhash" href="#243">#</a>
						
              <code id="243">command returned 'Build failed:  -> task failed (err #1): \n\t{task: cc test.c -> test_1.o}'no</code><br />
						
            
            <a class="navhash" href="#244">#</a>
						
              <code id="244"></code><br />
						
            
            <a class="navhash" href="#245">#</a>
						
              <code id="245">----------------------------------------</code><br />
						
            
            <a class="navhash" href="#246">#</a>
						
              <code id="246">Checking simple C program</code><br />
						
            
            <a class="navhash" href="#247">#</a>
						
              <code id="247">==></code><br />
						
            
            <a class="navhash" href="#248">#</a>
						
              <code id="248">#define BUILD_SYSTEM "Linux 8b4ed23c8f20 4.7.2-1-ARCH #1 SMP PREEMPT Sat Aug 20 23:02:56 CEST 2016 x86_64 GNU/Linux"</code><br />
						
            
            <a class="navhash" href="#249">#</a>
						
              <code id="249">/* #undef SYSTEM_UNAME_SYSNAME */</code><br />
						
            
            <a class="navhash" href="#250">#</a>
						
              <code id="250">/* #undef SYSTEM_UNAME_MACHINE */</code><br />
						
            
            <a class="navhash" href="#251">#</a>
						
              <code id="251">/* #undef SYSTEM_UNAME_RELEASE */</code><br />
						
            
            <a class="navhash" href="#252">#</a>
						
              <code id="252">/* #undef SYSTEM_UNAME_VERSION */</code><br />
						
            
            <a class="navhash" href="#253">#</a>
						
              <code id="253"></code><br />
						
            
            <a class="navhash" href="#254">#</a>
						
              <code id="254">int main(void) { printf("hello world"); return 0; }</code><br />
						
            
            <a class="navhash" href="#255">#</a>
						
              <code id="255"></code><br />
						
            
            <a class="navhash" href="#256">#</a>
						
              <code id="256"><==</code><br />
						
            
            <a class="navhash" href="#257">#</a>
						
              <code id="257">[1/2] Compiling test.c</code><br />
						
            
            <a class="navhash" href="#258">#</a>
						
              <code id="258">../test.c:7:19: warning: implicitly declaring library function 'printf' with type 'int (const char *, ...)' [-Wimplicit-function-declaration]</code><br />
						
            
            <a class="navhash" href="#259">#</a>
						
              <code id="259">int main(void) { printf("hello world"); return 0; }</code><br />
						
            
            <a class="navhash" href="#260">#</a>
						
              <code id="260">^</code><br />
						
            
            <a class="navhash" href="#261">#</a>
						
              <code id="261">../test.c:7:19: note: include the header <stdio.h> or explicitly provide a declaration for 'printf'</code><br />
						
            
            <a class="navhash" href="#262">#</a>
						
              <code id="262">1 warning generated.</code><br />
						
            
            <a class="navhash" href="#263">#</a>
						
              <code id="263">['clang', '-I/tmp/tdb/src/tdb-1.3.8/lib/replace/../../buildtools/wafsamba', '-MD', '-Idefault', '-I..', '-Idefault', '-I..', '../test.c', '-c', '-o', 'default/test_1.o']</code><br />
						
            
            <a class="navhash" href="#264">#</a>
						
              <code id="264">[2/2] Linking default/testprog</code><br />
						
            
            <a class="navhash" href="#265">#</a>
						
              <code id="265">/sysroot/bin/ld: error: cannot open crt1.o: No such file or directory</code><br />
						
            
            <a class="navhash" href="#266">#</a>
						
              <code id="266">/sysroot/bin/ld: error: cannot open crti.o: No such file or directory</code><br />
						
            
            <a class="navhash" href="#267">#</a>
						
              <code id="267">/sysroot/bin/ld: error: cannot open crtn.o: No such file or directory</code><br />
						
            
            <a class="navhash" href="#268">#</a>
						
              <code id="268">/sysroot/bin/ld: error: cannot find -lgcc</code><br />
						
            
            <a class="navhash" href="#269">#</a>
						
              <code id="269">/sysroot/bin/ld: error: cannot find -lgcc_s</code><br />
						
            
            <a class="navhash" href="#270">#</a>
						
              <code id="270">/sysroot/bin/ld: error: cannot find -lc</code><br />
						
            
            <a class="navhash" href="#271">#</a>
						
              <code id="271">/sysroot/bin/ld: error: cannot find -lgcc</code><br />
						
            
            <a class="navhash" href="#272">#</a>
						
              <code id="272">/sysroot/bin/ld: error: cannot find -lgcc_s</code><br />
						
            
            <a class="navhash" href="#273">#</a>
						
              <code id="273">default/test_1.o:../test.c:function main: error: undefined reference to 'printf'</code><br />
						
            
            <a class="navhash" href="#274">#</a>
						
              <code id="274">clang-3.9: error: linker command failed with exit code 1 (use -v to see invocation)</code><br />
						
            
            <a class="navhash" href="#275">#</a>
						
              <code id="275">['clang', 'default/test_1.o', '-o', '/tmp/tdb/src/tdb-1.3.8/bin/.conf_check_0/testbuild/default/testprog']</code><br />
						
            
            <a class="navhash" href="#276">#</a>
						
              <code id="276">command returned 'Build failed:  -> task failed (err #1): \n\t{task: cc_link test_1.o -> testprog}'</code><br />
						
            
          </div>
        
      </div>
      <br />
    
  </body>
</html>